<?xml version="1.0" encoding="UTF-8"?>
<testsuite xmlns:xsi="http://www.w3.org/2001/XMLSchema-instance" xsi:noNamespaceSchemaLocation="https://maven.apache.org/surefire/maven-surefire-plugin/xsd/surefire-test-report-3.0.xsd" version="3.0" name="TestSuite" time="261.546" tests="5" errors="0" skipped="1" failures="2">
  <properties>
    <property name="java.specification.version" value="21"/>
    <property name="sun.cpu.isalist" value="amd64"/>
    <property name="sun.jnu.encoding" value="Cp1252"/>
    <property name="java.class.path" value="C:\Users\Kvp\eclipse-workspace\KVP_FMCG_Industry_Product\target\test-classes;C:\Users\Kvp\eclipse-workspace\KVP_FMCG_Industry_Product\target\classes;C:\Users\Kvp\.m2\repository\org\testng\testng\7.9.0\testng-7.9.0.jar;C:\Users\Kvp\.m2\repository\org\slf4j\slf4j-api\1.7.36\slf4j-api-1.7.36.jar;C:\Users\Kvp\.m2\repository\com\beust\jcommander\1.82\jcommander-1.82.jar;C:\Users\Kvp\.m2\repository\org\webjars\jquery\3.7.1\jquery-3.7.1.jar;C:\Users\Kvp\.m2\repository\io\appium\java-client\9.0.0\java-client-9.0.0.jar;C:\Users\Kvp\.m2\repository\org\seleniumhq\selenium\selenium-api\4.18.1\selenium-api-4.18.1.jar;C:\Users\Kvp\.m2\repository\org\seleniumhq\selenium\selenium-remote-driver\4.18.1\selenium-remote-driver-4.18.1.jar;C:\Users\Kvp\.m2\repository\com\google\auto\service\auto-service-annotations\1.1.1\auto-service-annotations-1.1.1.jar;C:\Users\Kvp\.m2\repository\com\google\guava\guava\33.0.0-jre\guava-33.0.0-jre.jar;C:\Users\Kvp\.m2\repository\com\google\guava\failureaccess\1.0.2\failureaccess-1.0.2.jar;C:\Users\Kvp\.m2\repository\com\google\guava\listenablefuture\9999.0-empty-to-avoid-conflict-with-guava\listenablefuture-9999.0-empty-to-avoid-conflict-with-guava.jar;C:\Users\Kvp\.m2\repository\com\google\code\findbugs\jsr305\3.0.2\jsr305-3.0.2.jar;C:\Users\Kvp\.m2\repository\org\checkerframework\checker-qual\3.41.0\checker-qual-3.41.0.jar;C:\Users\Kvp\.m2\repository\com\google\errorprone\error_prone_annotations\2.23.0\error_prone_annotations-2.23.0.jar;C:\Users\Kvp\.m2\repository\com\google\j2objc\j2objc-annotations\2.8\j2objc-annotations-2.8.jar;C:\Users\Kvp\.m2\repository\io\opentelemetry\semconv\opentelemetry-semconv\1.23.1-alpha\opentelemetry-semconv-1.23.1-alpha.jar;C:\Users\Kvp\.m2\repository\io\opentelemetry\opentelemetry-api\1.35.0\opentelemetry-api-1.35.0.jar;C:\Users\Kvp\.m2\repository\io\opentelemetry\opentelemetry-context\1.35.0\opentelemetry-context-1.35.0.jar;C:\Users\Kvp\.m2\repository\io\opentelemetry\opentelemetry-exporter-logging\1.35.0\opentelemetry-exporter-logging-1.35.0.jar;C:\Users\Kvp\.m2\repository\io\opentelemetry\opentelemetry-sdk-common\1.35.0\opentelemetry-sdk-common-1.35.0.jar;C:\Users\Kvp\.m2\repository\io\opentelemetry\opentelemetry-sdk-extension-autoconfigure-spi\1.35.0\opentelemetry-sdk-extension-autoconfigure-spi-1.35.0.jar;C:\Users\Kvp\.m2\repository\io\opentelemetry\opentelemetry-sdk-extension-autoconfigure\1.35.0\opentelemetry-sdk-extension-autoconfigure-1.35.0.jar;C:\Users\Kvp\.m2\repository\io\opentelemetry\opentelemetry-api-events\1.35.0-alpha\opentelemetry-api-events-1.35.0-alpha.jar;C:\Users\Kvp\.m2\repository\io\opentelemetry\opentelemetry-sdk-trace\1.35.0\opentelemetry-sdk-trace-1.35.0.jar;C:\Users\Kvp\.m2\repository\io\opentelemetry\opentelemetry-extension-incubator\1.35.0-alpha\opentelemetry-extension-incubator-1.35.0-alpha.jar;C:\Users\Kvp\.m2\repository\io\opentelemetry\opentelemetry-sdk\1.35.0\opentelemetry-sdk-1.35.0.jar;C:\Users\Kvp\.m2\repository\io\opentelemetry\opentelemetry-sdk-metrics\1.35.0\opentelemetry-sdk-metrics-1.35.0.jar;C:\Users\Kvp\.m2\repository\io\opentelemetry\opentelemetry-sdk-logs\1.35.0\opentelemetry-sdk-logs-1.35.0.jar;C:\Users\Kvp\.m2\repository\net\bytebuddy\byte-buddy\1.14.12\byte-buddy-1.14.12.jar;C:\Users\Kvp\.m2\repository\org\seleniumhq\selenium\selenium-http\4.18.1\selenium-http-4.18.1.jar;C:\Users\Kvp\.m2\repository\dev\failsafe\failsafe\3.3.2\failsafe-3.3.2.jar;C:\Users\Kvp\.m2\repository\org\seleniumhq\selenium\selenium-json\4.18.1\selenium-json-4.18.1.jar;C:\Users\Kvp\.m2\repository\org\seleniumhq\selenium\selenium-manager\4.18.1\selenium-manager-4.18.1.jar;C:\Users\Kvp\.m2\repository\org\seleniumhq\selenium\selenium-os\4.18.1\selenium-os-4.18.1.jar;C:\Users\Kvp\.m2\repository\org\apache\commons\commons-exec\1.3\commons-exec-1.3.jar;C:\Users\Kvp\.m2\repository\org\seleniumhq\selenium\selenium-support\4.18.1\selenium-support-4.18.1.jar;C:\Users\Kvp\.m2\repository\com\google\code\gson\gson\2.10.1\gson-2.10.1.jar;C:\Users\Kvp\.m2\repository\org\seleniumhq\selenium\selenium-java\4.16.1\selenium-java-4.16.1.jar;C:\Users\Kvp\.m2\repository\org\seleniumhq\selenium\selenium-chrome-driver\4.16.1\selenium-chrome-driver-4.16.1.jar;C:\Users\Kvp\.m2\repository\org\seleniumhq\selenium\selenium-chromium-driver\4.16.1\selenium-chromium-driver-4.16.1.jar;C:\Users\Kvp\.m2\repository\org\seleniumhq\selenium\selenium-devtools-v118\4.16.1\selenium-devtools-v118-4.16.1.jar;C:\Users\Kvp\.m2\repository\org\seleniumhq\selenium\selenium-devtools-v119\4.16.1\selenium-devtools-v119-4.16.1.jar;C:\Users\Kvp\.m2\repository\org\seleniumhq\selenium\selenium-devtools-v120\4.16.1\selenium-devtools-v120-4.16.1.jar;C:\Users\Kvp\.m2\repository\org\seleniumhq\selenium\selenium-devtools-v85\4.16.1\selenium-devtools-v85-4.16.1.jar;C:\Users\Kvp\.m2\repository\org\seleniumhq\selenium\selenium-edge-driver\4.16.1\selenium-edge-driver-4.16.1.jar;C:\Users\Kvp\.m2\repository\org\seleniumhq\selenium\selenium-firefox-driver\4.16.1\selenium-firefox-driver-4.16.1.jar;C:\Users\Kvp\.m2\repository\org\seleniumhq\selenium\selenium-ie-driver\4.16.1\selenium-ie-driver-4.16.1.jar;C:\Users\Kvp\.m2\repository\org\seleniumhq\selenium\selenium-safari-driver\4.16.1\selenium-safari-driver-4.16.1.jar;C:\Users\Kvp\.m2\repository\log4j\log4j\1.2.17\log4j-1.2.17.jar;C:\Users\Kvp\.m2\repository\com\aventstack\extentreports\5.1.0\extentreports-5.1.0.jar;C:\Users\Kvp\.m2\repository\io\reactivex\rxjava3\rxjava\3.1.6\rxjava-3.1.6.jar;C:\Users\Kvp\.m2\repository\org\reactivestreams\reactive-streams\1.0.4\reactive-streams-1.0.4.jar;C:\Users\Kvp\.m2\repository\org\freemarker\freemarker\2.3.32\freemarker-2.3.32.jar;C:\Users\Kvp\.m2\repository\org\projectlombok\lombok\1.18.26\lombok-1.18.26.jar;C:\Users\Kvp\.m2\repository\commons-io\commons-io\2.11.0\commons-io-2.11.0.jar;C:\Users\Kvp\.m2\repository\com\fasterxml\jackson\core\jackson-databind\2.16.0\jackson-databind-2.16.0.jar;C:\Users\Kvp\.m2\repository\com\fasterxml\jackson\core\jackson-annotations\2.16.0\jackson-annotations-2.16.0.jar;C:\Users\Kvp\.m2\repository\com\fasterxml\jackson\core\jackson-core\2.16.0\jackson-core-2.16.0.jar;"/>
    <property name="java.vm.vendor" value="Oracle Corporation"/>
    <property name="sun.arch.data.model" value="64"/>
    <property name="user.variant" value=""/>
    <property name="java.vendor.url" value="https://java.oracle.com/"/>
    <property name="user.timezone" value="Asia/Calcutta"/>
    <property name="os.name" value="Windows 10"/>
    <property name="java.vm.specification.version" value="21"/>
    <property name="sun.java.launcher" value="SUN_STANDARD"/>
    <property name="user.country" value="IN"/>
    <property name="sun.boot.library.path" value="C:\Program Files\Java\jdk-21\bin"/>
    <property name="sun.java.command" value="C:\Users\Kvp\AppData\Local\Temp\surefire9340244669521836662\surefirebooter-20240227130017227_3.jar C:\Users\Kvp\AppData\Local\Temp\surefire9340244669521836662 2024-02-27T13-00-16_665-jvmRun1 surefire-20240227130017227_1tmp surefire_0-20240227130017227_2tmp"/>
    <property name="jdk.debug" value="release"/>
    <property name="surefire.test.class.path" value="C:\Users\Kvp\eclipse-workspace\KVP_FMCG_Industry_Product\target\test-classes;C:\Users\Kvp\eclipse-workspace\KVP_FMCG_Industry_Product\target\classes;C:\Users\Kvp\.m2\repository\org\testng\testng\7.9.0\testng-7.9.0.jar;C:\Users\Kvp\.m2\repository\org\slf4j\slf4j-api\1.7.36\slf4j-api-1.7.36.jar;C:\Users\Kvp\.m2\repository\com\beust\jcommander\1.82\jcommander-1.82.jar;C:\Users\Kvp\.m2\repository\org\webjars\jquery\3.7.1\jquery-3.7.1.jar;C:\Users\Kvp\.m2\repository\io\appium\java-client\9.0.0\java-client-9.0.0.jar;C:\Users\Kvp\.m2\repository\org\seleniumhq\selenium\selenium-api\4.18.1\selenium-api-4.18.1.jar;C:\Users\Kvp\.m2\repository\org\seleniumhq\selenium\selenium-remote-driver\4.18.1\selenium-remote-driver-4.18.1.jar;C:\Users\Kvp\.m2\repository\com\google\auto\service\auto-service-annotations\1.1.1\auto-service-annotations-1.1.1.jar;C:\Users\Kvp\.m2\repository\com\google\guava\guava\33.0.0-jre\guava-33.0.0-jre.jar;C:\Users\Kvp\.m2\repository\com\google\guava\failureaccess\1.0.2\failureaccess-1.0.2.jar;C:\Users\Kvp\.m2\repository\com\google\guava\listenablefuture\9999.0-empty-to-avoid-conflict-with-guava\listenablefuture-9999.0-empty-to-avoid-conflict-with-guava.jar;C:\Users\Kvp\.m2\repository\com\google\code\findbugs\jsr305\3.0.2\jsr305-3.0.2.jar;C:\Users\Kvp\.m2\repository\org\checkerframework\checker-qual\3.41.0\checker-qual-3.41.0.jar;C:\Users\Kvp\.m2\repository\com\google\errorprone\error_prone_annotations\2.23.0\error_prone_annotations-2.23.0.jar;C:\Users\Kvp\.m2\repository\com\google\j2objc\j2objc-annotations\2.8\j2objc-annotations-2.8.jar;C:\Users\Kvp\.m2\repository\io\opentelemetry\semconv\opentelemetry-semconv\1.23.1-alpha\opentelemetry-semconv-1.23.1-alpha.jar;C:\Users\Kvp\.m2\repository\io\opentelemetry\opentelemetry-api\1.35.0\opentelemetry-api-1.35.0.jar;C:\Users\Kvp\.m2\repository\io\opentelemetry\opentelemetry-context\1.35.0\opentelemetry-context-1.35.0.jar;C:\Users\Kvp\.m2\repository\io\opentelemetry\opentelemetry-exporter-logging\1.35.0\opentelemetry-exporter-logging-1.35.0.jar;C:\Users\Kvp\.m2\repository\io\opentelemetry\opentelemetry-sdk-common\1.35.0\opentelemetry-sdk-common-1.35.0.jar;C:\Users\Kvp\.m2\repository\io\opentelemetry\opentelemetry-sdk-extension-autoconfigure-spi\1.35.0\opentelemetry-sdk-extension-autoconfigure-spi-1.35.0.jar;C:\Users\Kvp\.m2\repository\io\opentelemetry\opentelemetry-sdk-extension-autoconfigure\1.35.0\opentelemetry-sdk-extension-autoconfigure-1.35.0.jar;C:\Users\Kvp\.m2\repository\io\opentelemetry\opentelemetry-api-events\1.35.0-alpha\opentelemetry-api-events-1.35.0-alpha.jar;C:\Users\Kvp\.m2\repository\io\opentelemetry\opentelemetry-sdk-trace\1.35.0\opentelemetry-sdk-trace-1.35.0.jar;C:\Users\Kvp\.m2\repository\io\opentelemetry\opentelemetry-extension-incubator\1.35.0-alpha\opentelemetry-extension-incubator-1.35.0-alpha.jar;C:\Users\Kvp\.m2\repository\io\opentelemetry\opentelemetry-sdk\1.35.0\opentelemetry-sdk-1.35.0.jar;C:\Users\Kvp\.m2\repository\io\opentelemetry\opentelemetry-sdk-metrics\1.35.0\opentelemetry-sdk-metrics-1.35.0.jar;C:\Users\Kvp\.m2\repository\io\opentelemetry\opentelemetry-sdk-logs\1.35.0\opentelemetry-sdk-logs-1.35.0.jar;C:\Users\Kvp\.m2\repository\net\bytebuddy\byte-buddy\1.14.12\byte-buddy-1.14.12.jar;C:\Users\Kvp\.m2\repository\org\seleniumhq\selenium\selenium-http\4.18.1\selenium-http-4.18.1.jar;C:\Users\Kvp\.m2\repository\dev\failsafe\failsafe\3.3.2\failsafe-3.3.2.jar;C:\Users\Kvp\.m2\repository\org\seleniumhq\selenium\selenium-json\4.18.1\selenium-json-4.18.1.jar;C:\Users\Kvp\.m2\repository\org\seleniumhq\selenium\selenium-manager\4.18.1\selenium-manager-4.18.1.jar;C:\Users\Kvp\.m2\repository\org\seleniumhq\selenium\selenium-os\4.18.1\selenium-os-4.18.1.jar;C:\Users\Kvp\.m2\repository\org\apache\commons\commons-exec\1.3\commons-exec-1.3.jar;C:\Users\Kvp\.m2\repository\org\seleniumhq\selenium\selenium-support\4.18.1\selenium-support-4.18.1.jar;C:\Users\Kvp\.m2\repository\com\google\code\gson\gson\2.10.1\gson-2.10.1.jar;C:\Users\Kvp\.m2\repository\org\seleniumhq\selenium\selenium-java\4.16.1\selenium-java-4.16.1.jar;C:\Users\Kvp\.m2\repository\org\seleniumhq\selenium\selenium-chrome-driver\4.16.1\selenium-chrome-driver-4.16.1.jar;C:\Users\Kvp\.m2\repository\org\seleniumhq\selenium\selenium-chromium-driver\4.16.1\selenium-chromium-driver-4.16.1.jar;C:\Users\Kvp\.m2\repository\org\seleniumhq\selenium\selenium-devtools-v118\4.16.1\selenium-devtools-v118-4.16.1.jar;C:\Users\Kvp\.m2\repository\org\seleniumhq\selenium\selenium-devtools-v119\4.16.1\selenium-devtools-v119-4.16.1.jar;C:\Users\Kvp\.m2\repository\org\seleniumhq\selenium\selenium-devtools-v120\4.16.1\selenium-devtools-v120-4.16.1.jar;C:\Users\Kvp\.m2\repository\org\seleniumhq\selenium\selenium-devtools-v85\4.16.1\selenium-devtools-v85-4.16.1.jar;C:\Users\Kvp\.m2\repository\org\seleniumhq\selenium\selenium-edge-driver\4.16.1\selenium-edge-driver-4.16.1.jar;C:\Users\Kvp\.m2\repository\org\seleniumhq\selenium\selenium-firefox-driver\4.16.1\selenium-firefox-driver-4.16.1.jar;C:\Users\Kvp\.m2\repository\org\seleniumhq\selenium\selenium-ie-driver\4.16.1\selenium-ie-driver-4.16.1.jar;C:\Users\Kvp\.m2\repository\org\seleniumhq\selenium\selenium-safari-driver\4.16.1\selenium-safari-driver-4.16.1.jar;C:\Users\Kvp\.m2\repository\log4j\log4j\1.2.17\log4j-1.2.17.jar;C:\Users\Kvp\.m2\repository\com\aventstack\extentreports\5.1.0\extentreports-5.1.0.jar;C:\Users\Kvp\.m2\repository\io\reactivex\rxjava3\rxjava\3.1.6\rxjava-3.1.6.jar;C:\Users\Kvp\.m2\repository\org\reactivestreams\reactive-streams\1.0.4\reactive-streams-1.0.4.jar;C:\Users\Kvp\.m2\repository\org\freemarker\freemarker\2.3.32\freemarker-2.3.32.jar;C:\Users\Kvp\.m2\repository\org\projectlombok\lombok\1.18.26\lombok-1.18.26.jar;C:\Users\Kvp\.m2\repository\commons-io\commons-io\2.11.0\commons-io-2.11.0.jar;C:\Users\Kvp\.m2\repository\com\fasterxml\jackson\core\jackson-databind\2.16.0\jackson-databind-2.16.0.jar;C:\Users\Kvp\.m2\repository\com\fasterxml\jackson\core\jackson-annotations\2.16.0\jackson-annotations-2.16.0.jar;C:\Users\Kvp\.m2\repository\com\fasterxml\jackson\core\jackson-core\2.16.0\jackson-core-2.16.0.jar;"/>
    <property name="sun.cpu.endian" value="little"/>
    <property name="user.home" value="C:\Users\Kvp"/>
    <property name="user.language" value="en"/>
    <property name="java.specification.vendor" value="Oracle Corporation"/>
    <property name="java.version.date" value="2024-01-16"/>
    <property name="java.home" value="C:\Program Files\Java\jdk-21"/>
    <property name="file.separator" value="\"/>
    <property name="basedir" value="C:\Users\Kvp\eclipse-workspace\KVP_FMCG_Industry_Product"/>
    <property name="java.vm.compressedOopsMode" value="Zero based"/>
    <property name="line.separator" value="&#10;"/>
    <property name="java.vm.specification.vendor" value="Oracle Corporation"/>
    <property name="java.specification.name" value="Java Platform API Specification"/>
    <property name="surefire.real.class.path" value="C:\Users\Kvp\AppData\Local\Temp\surefire9340244669521836662\surefirebooter-20240227130017227_3.jar"/>
    <property name="user.script" value=""/>
    <property name="sun.management.compiler" value="HotSpot 64-Bit Tiered Compilers"/>
    <property name="java.runtime.version" value="21.0.2+13-LTS-58"/>
    <property name="user.name" value="Prasad"/>
    <property name="stdout.encoding" value="Cp1252"/>
    <property name="path.separator" value=";"/>
    <property name="os.version" value="10.0"/>
    <property name="java.runtime.name" value="Java(TM) SE Runtime Environment"/>
    <property name="file.encoding" value="UTF-8"/>
    <property name="java.vm.name" value="Java HotSpot(TM) 64-Bit Server VM"/>
    <property name="localRepository" value="C:\Users\Kvp\.m2\repository"/>
    <property name="java.vendor.url.bug" value="https://bugreport.java.com/bugreport/"/>
    <property name="java.io.tmpdir" value="C:\Users\Kvp\AppData\Local\Temp\"/>
    <property name="java.version" value="21.0.2"/>
    <property name="user.dir" value="C:\Users\Kvp\eclipse-workspace\KVP_FMCG_Industry_Product"/>
    <property name="os.arch" value="amd64"/>
    <property name="java.vm.specification.name" value="Java Virtual Machine Specification"/>
    <property name="sun.os.patch.level" value=""/>
    <property name="native.encoding" value="Cp1252"/>
    <property name="java.library.path" value="C:\Program Files\Java\jdk-21\bin;C:\Windows\Sun\Java\bin;C:\Windows\system32;C:\Windows;C:\Program Files\Common Files\Oracle\Java\javapath;C:\Python312\Scripts\;C:\Python312\;C:\Windows\system32;C:\Windows;C:\Windows\System32\Wbem;C:\Windows\System32\WindowsPowerShell\v1.0\;C:\Windows\System32\OpenSSH\;C:\Program Files\Java\jre-1.8\bin;C:\Program Files\sfdx\bin;D:\Selenium Java\apache-maven-3.9.3\bin;C:\ProgramData\chocolatey\bin;C:\Program Files\Android\Android Studio\bin;C:\Program Files\nodejs\node_modules\npm\bin;C:\Users\Kvp\AppData\Roaming\npm;D:\sdk\tools\bin;D:\sdk\tools;D:\sdk\platform-tools;C:\Program Files\Java\jdk-21\bin;C:\Program Files\nodejs\;C:\Users\Kvp\AppData\Local\Microsoft\WindowsApps;C:\Program Files\Microsoft VS Code\bin;C:\Users\Kvp\AppData\Local\Programs\Git\cmd;."/>
    <property name="java.vm.info" value="mixed mode, sharing"/>
    <property name="stderr.encoding" value="Cp1252"/>
    <property name="java.vendor" value="Oracle Corporation"/>
    <property name="java.vm.version" value="21.0.2+13-LTS-58"/>
    <property name="sun.io.unicode.encoding" value="UnicodeLittle"/>
    <property name="java.class.version" value="65.0"/>
  </properties>
  <testcase name="endToEnd" classname="com.kvp.testcases.Android.TC1_EndToEnd" time="97.768">
    <system-out><![CDATA[&amp#27;[35m[Appium]&amp#27;[39m Welcome to Appium v2.4.1
&amp#27;[35m[Appium]&amp#27;[39m Non-default server args:
&amp#27;[35m[Appium]&amp#27;[39m { address: &amp#27;[32m'127.0.0.1'&amp#27;[39m }
&amp#27;[35m[Appium]&amp#27;[39m The autodetected Appium home path: C:\Users\Kvp\.appium
&amp#27;[35m[Appium]&amp#27;[39m Attempting to load driver uiautomator2...
&amp#27;[35m[Appium]&amp#27;[39m Requiring driver at C:\Users\Kvp\.appium\node_modules\appium-uiautomator2-driver\build\index.js
&amp#27;[35m[Appium]&amp#27;[39m AndroidUiautomator2Driver has been successfully loaded in 1.277s
&amp#27;[35m[Appium]&amp#27;[39m Appium REST http interface listener started on http://127.0.0.1:4723
&amp#27;[35m[Appium]&amp#27;[39m Available drivers:
&amp#27;[35m[Appium]&amp#27;[39m   - uiautomator2@2.40.0 (automationName 'UiAutomator2')
&amp#27;[35m[Appium]&amp#27;[39m Available plugins:
&amp#27;[35m[Appium]&amp#27;[39m   - execute-driver@3.0.23
&amp#27;[35m[Appium]&amp#27;[39m   - images@3.0.1
&amp#27;[35m[Appium]&amp#27;[39m   - relaxed-caps@1.0.6
&amp#27;[35m[Appium]&amp#27;[39m   - universal-xml@1.0.16
&amp#27;[35m[Appium]&amp#27;[39m No plugins activated. Use the --use-plugins flag with names of plugins to activate
&amp#27;[38;5;0m[HTTP]&amp#27;[0m &amp#27;[37m-->&amp#27;[39m &amp#27;[37mGET&amp#27;[39m &amp#27;[37m/status&amp#27;[39m
&amp#27;[38;5;0m[HTTP]&amp#27;[0m &amp#27;[90m{}&amp#27;[39m
&amp#27;[38;5;16m[AppiumDriver@b18f]&amp#27;[0m Calling AppiumDriver.getStatus() with args: []
&amp#27;[38;5;16m[AppiumDriver@b18f]&amp#27;[0m Responding to client with driver.getStatus() result: {"ready":true,"message":"The server is ready to accept new connections","build":{"version":"2.4.1"}}
&amp#27;[38;5;0m[HTTP]&amp#27;[0m &amp#27;[37m<-- GET /status &amp#27;[39m&amp#27;[32m200&amp#27;[39m &amp#27;[90m5 ms - 110&amp#27;[39m
&amp#27;[38;5;0m[HTTP]&amp#27;[0m &amp#27;[90m&amp#27;[39m
&amp#27;[38;5;0m[HTTP]&amp#27;[0m &amp#27;[37m-->&amp#27;[39m &amp#27;[37mGET&amp#27;[39m &amp#27;[37m/session/fe1e5e56-571c-4eb6-898d-5d5d3bd3a4b3/timeouts&amp#27;[39m
&amp#27;[38;5;0m[HTTP]&amp#27;[0m &amp#27;[90m{}&amp#27;[39m
&amp#27;[38;5;16m[AppiumDriver@b18f]&amp#27;[0m Encountered internal error running command: NoSuchDriverError: A session is either terminated or not started
&amp#27;[38;5;16m[AppiumDriver@b18f]&amp#27;[0m     at asyncHandler (C:\Users\Kvp\AppData\Roaming\npm\node_modules\appium\node_modules\@appium\base-driver\lib\protocol\protocol.js:315:15)
&amp#27;[38;5;16m[AppiumDriver@b18f]&amp#27;[0m     at C:\Users\Kvp\AppData\Roaming\npm\node_modules\appium\node_modules\@appium\base-driver\lib\protocol\protocol.js:518:15
&amp#27;[38;5;16m[AppiumDriver@b18f]&amp#27;[0m     at Layer.handle [as handle_request] (C:\Users\Kvp\AppData\Roaming\npm\node_modules\appium\node_modules\express\lib\router\layer.js:95:5)
&amp#27;[38;5;16m[AppiumDriver@b18f]&amp#27;[0m     at next (C:\Users\Kvp\AppData\Roaming\npm\node_modules\appium\node_modules\express\lib\router\route.js:144:13)
&amp#27;[38;5;16m[AppiumDriver@b18f]&amp#27;[0m     at Route.dispatch (C:\Users\Kvp\AppData\Roaming\npm\node_modules\appium\node_modules\express\lib\router\route.js:114:3)
&amp#27;[38;5;16m[AppiumDriver@b18f]&amp#27;[0m     at Layer.handle [as handle_request] (C:\Users\Kvp\AppData\Roaming\npm\node_modules\appium\node_modules\express\lib\router\layer.js:95:5)
&amp#27;[38;5;16m[AppiumDriver@b18f]&amp#27;[0m     at C:\Users\Kvp\AppData\Roaming\npm\node_modules\appium\node_modules\express\lib\router\index.js:284:15
&amp#27;[38;5;16m[AppiumDriver@b18f]&amp#27;[0m     at param (C:\Users\Kvp\AppData\Roaming\npm\node_modules\appium\node_modules\express\lib\router\index.js:365:14)
&amp#27;[38;5;16m[AppiumDriver@b18f]&amp#27;[0m     at param (C:\Users\Kvp\AppData\Roaming\npm\node_modules\appium\node_modules\express\lib\router\index.js:376:14)
&amp#27;[38;5;16m[AppiumDriver@b18f]&amp#27;[0m     at Function.process_params (C:\Users\Kvp\AppData\Roaming\npm\node_modules\appium\node_modules\express\lib\router\index.js:421:3)
&amp#27;[38;5;16m[AppiumDriver@b18f]&amp#27;[0m     at next (C:\Users\Kvp\AppData\Roaming\npm\node_modules\appium\node_modules\express\lib\router\index.js:280:10)
&amp#27;[38;5;16m[AppiumDriver@b18f]&amp#27;[0m     at logger (C:\Users\Kvp\AppData\Roaming\npm\node_modules\appium\node_modules\morgan\index.js:144:5)
&amp#27;[38;5;16m[AppiumDriver@b18f]&amp#27;[0m     at Layer.handle [as handle_request] (C:\Users\Kvp\AppData\Roaming\npm\node_modules\appium\node_modules\express\lib\router\layer.js:95:5)
&amp#27;[38;5;16m[AppiumDriver@b18f]&amp#27;[0m     at trim_prefix (C:\Users\Kvp\AppData\Roaming\npm\node_modules\appium\node_modules\express\lib\router\index.js:328:13)
&amp#27;[38;5;16m[AppiumDriver@b18f]&amp#27;[0m     at C:\Users\Kvp\AppData\Roaming\npm\node_modules\appium\node_modules\express\lib\router\index.js:286:9
&amp#27;[38;5;16m[AppiumDriver@b18f]&amp#27;[0m     at Function.process_params (C:\Users\Kvp\AppData\Roaming\npm\node_modules\appium\node_modules\express\lib\router\index.js:346:12)
&amp#27;[38;5;16m[AppiumDriver@b18f]&amp#27;[0m     at next (C:\Users\Kvp\AppData\Roaming\npm\node_modules\appium\node_modules\express\lib\router\index.js:280:10)
&amp#27;[38;5;16m[AppiumDriver@b18f]&amp#27;[0m     at jsonParser (C:\Users\Kvp\AppData\Roaming\npm\node_modules\appium\node_modules\body-parser\lib\types\json.js:113:7)
&amp#27;[38;5;16m[AppiumDriver@b18f]&amp#27;[0m     at Layer.handle [as handle_request] (C:\Users\Kvp\AppData\Roaming\npm\node_modules\appium\node_modules\express\lib\router\layer.js:95:5)
&amp#27;[38;5;16m[AppiumDriver@b18f]&amp#27;[0m     at trim_prefix (C:\Users\Kvp\AppData\Roaming\npm\node_modules\appium\node_modules\express\lib\router\index.js:328:13)
&amp#27;[38;5;16m[AppiumDriver@b18f]&amp#27;[0m     at C:\Users\Kvp\AppData\Roaming\npm\node_modules\appium\node_modules\express\lib\router\index.js:286:9
&amp#27;[38;5;16m[AppiumDriver@b18f]&amp#27;[0m     at Function.process_params (C:\Users\Kvp\AppData\Roaming\npm\node_modules\appium\node_modules\express\lib\router\index.js:346:12)
&amp#27;[38;5;0m[HTTP]&amp#27;[0m &amp#27;[37m<-- GET /session/fe1e5e56-571c-4eb6-898d-5d5d3bd3a4b3/timeouts &amp#27;[39m&amp#27;[33m404&amp#27;[39m &amp#27;[90m20 ms - 3187&amp#27;[39m
&amp#27;[38;5;0m[HTTP]&amp#27;[0m &amp#27;[90m&amp#27;[39m
&amp#27;[38;5;0m[HTTP]&amp#27;[0m Request idempotency key: 935cc6ef-1b40-47aa-927f-3b4d36394876
&amp#27;[38;5;0m[HTTP]&amp#27;[0m &amp#27;[37m-->&amp#27;[39m &amp#27;[37mPOST&amp#27;[39m &amp#27;[37m/session&amp#27;[39m
&amp#27;[38;5;0m[HTTP]&amp#27;[0m &amp#27;[90m{"capabilities":{"firstMatch":[{}],"alwaysMatch":{"appium:deviceName":"Pixel 7 API 30","appium:platformVersion":"11.0","appium:app":"Project_Resources/app-release 22.apk","platformName":"ANDROID","appium:automationName":"UiAutomator2"}}}&amp#27;[39m
&amp#27;[38;5;16m[AppiumDriver@b18f]&amp#27;[0m Calling AppiumDriver.createSession() with args: [null,null,{"firstMatch":[{}],"alwaysMatch":{"appium:deviceName":"Pixel 7 API 30","appium:platformVersion":"11.0","appium:app":"Project_Resources/app-release 22.apk","platformName":"ANDROID","appium:automationName":"UiAutomator2"}}]
&amp#27;[38;5;16m[AppiumDriver@b18f]&amp#27;[0m Event 'newSessionRequested' logged at 1709019023080 (13:00:23 GMT+0530 (India Standard Time))
&amp#27;[35m[Appium]&amp#27;[39m Attempting to find matching driver for automationName 'UiAutomator2' and platformName 'ANDROID'
&amp#27;[35m[Appium]&amp#27;[39m The 'uiautomator2' driver was installed and matched caps.
&amp#27;[35m[Appium]&amp#27;[39m Will require it at C:\Users\Kvp\.appium\node_modules\appium-uiautomator2-driver
&amp#27;[35m[Appium]&amp#27;[39m Requiring driver at C:\Users\Kvp\.appium\node_modules\appium-uiautomator2-driver\build\index.js
&amp#27;[38;5;16m[AppiumDriver@b18f]&amp#27;[0m Appium v2.4.1 creating new AndroidUiautomator2Driver (v2.40.0) session
&amp#27;[38;5;16m[AppiumDriver@b18f]&amp#27;[0m Checking BaseDriver versions for Appium and AndroidUiautomator2Driver
&amp#27;[38;5;16m[AppiumDriver@b18f]&amp#27;[0m Appium's BaseDriver version is 9.5.0
&amp#27;[38;5;16m[AppiumDriver@b18f]&amp#27;[0m AndroidUiautomator2Driver's BaseDriver version is 9.5.0
&amp#27;[38;5;32m[AndroidUiautomator2Driver@f6fc]&amp#27;[0m Creating session with W3C capabilities: {
&amp#27;[38;5;32m[AndroidUiautomator2Driver@f6fc]&amp#27;[0m   "alwaysMatch": {
&amp#27;[38;5;32m[AndroidUiautomator2Driver@f6fc]&amp#27;[0m     "platformName": "ANDROID",
&amp#27;[38;5;32m[AndroidUiautomator2Driver@f6fc]&amp#27;[0m     "appium:deviceName": "Pixel 7 API 30",
&amp#27;[38;5;32m[AndroidUiautomator2Driver@f6fc]&amp#27;[0m     "appium:platformVersion": "11.0",
&amp#27;[38;5;32m[AndroidUiautomator2Driver@f6fc]&amp#27;[0m     "appium:app": "Project_Resources/app-release 22.apk",
&amp#27;[38;5;32m[AndroidUiautomator2Driver@f6fc]&amp#27;[0m     "appium:automationName": "UiAutomator2"
&amp#27;[38;5;32m[AndroidUiautomator2Driver@f6fc]&amp#27;[0m   },
&amp#27;[38;5;32m[AndroidUiautomator2Driver@f6fc]&amp#27;[0m   "firstMatch": [
&amp#27;[38;5;32m[AndroidUiautomator2Driver@f6fc]&amp#27;[0m     {}
&amp#27;[38;5;32m[AndroidUiautomator2Driver@f6fc]&amp#27;[0m   ]
&amp#27;[38;5;32m[AndroidUiautomator2Driver@f6fc]&amp#27;[0m }
&amp#27;[38;5;32m[AndroidUiautomator2Driver@f6fc (8a4c5d39)]&amp#27;[0m Session created with session id: 8a4c5d39-9059-4535-92f2-b9cd751f3967
&amp#27;[38;5;48m[BaseDriver]&amp#27;[0m Using local app 'Project_Resources/app-release 22.apk'
&amp#27;[38;5;48m[BaseDriver]&amp#27;[0m The current application path 'Project_Resources/app-release 22.apk' is not absolute and has been rewritten to 'C:\Users\Kvp\eclipse-workspace\KVP_FMCG_Industry_Product\Project_Resources\app-release 22.apk'. Consider using absolute paths rather than relative
&amp#27;[38;5;32m[AndroidUiautomator2Driver@f6fc (8a4c5d39)]&amp#27;[0m Checking whether app is actually present
&amp#27;[38;5;64m[ADB]&amp#27;[0m Found 1 'build-tools' folders under 'C:\Users\Kvp\AppData\Local\Android\Sdk' (newest first):
&amp#27;[38;5;64m[ADB]&amp#27;[0m     C:\Users\Kvp\AppData\Local\Android\Sdk\build-tools\34.0.0
&amp#27;[38;5;64m[ADB]&amp#27;[0m Using 'adb.exe' from 'C:\Users\Kvp\AppData\Local\Android\Sdk\platform-tools\adb.exe'
&amp#27;[38;5;64m[ADB]&amp#27;[0m Running 'C:\Users\Kvp\AppData\Local\Android\Sdk\platform-tools\adb.exe -P 5037 start-server'
&amp#27;[38;5;80m[AndroidDriver]&amp#27;[0m Retrieving device list
&amp#27;[38;5;64m[ADB]&amp#27;[0m Trying to find connected Android devices
&amp#27;[38;5;64m[ADB]&amp#27;[0m Getting connected devices
&amp#27;[38;5;64m[ADB]&amp#27;[0m Connected devices: [{"udid":"emulator-5554","state":"device"}]
&amp#27;[38;5;80m[AndroidDriver]&amp#27;[0m Looking for a device with Android '11.0.0'
&amp#27;[38;5;64m[ADB]&amp#27;[0m Setting device id to emulator-5554
&amp#27;[38;5;64m[ADB]&amp#27;[0m Getting device platform version
&amp#27;[38;5;64m[ADB]&amp#27;[0m Running 'C:\Users\Kvp\AppData\Local\Android\Sdk\platform-tools\adb.exe -P 5037 -s emulator-5554 shell getprop ro.build.version.release'
&amp#27;[38;5;64m[ADB]&amp#27;[0m Current device property 'ro.build.version.release': 11
&amp#27;[38;5;80m[AndroidDriver]&amp#27;[0m Using device: emulator-5554
&amp#27;[38;5;64m[ADB]&amp#27;[0m Using 'adb.exe' from 'C:\Users\Kvp\AppData\Local\Android\Sdk\platform-tools\adb.exe'
&amp#27;[38;5;64m[ADB]&amp#27;[0m Running 'C:\Users\Kvp\AppData\Local\Android\Sdk\platform-tools\adb.exe -P 5037 start-server'
&amp#27;[38;5;64m[ADB]&amp#27;[0m Setting device id to emulator-5554
&amp#27;[38;5;64m[ADB]&amp#27;[0m Running 'C:\Users\Kvp\AppData\Local\Android\Sdk\platform-tools\adb.exe -P 5037 -s emulator-5554 shell getprop ro.build.version.sdk'
&amp#27;[38;5;64m[ADB]&amp#27;[0m Current device property 'ro.build.version.sdk': 30
&amp#27;[38;5;64m[ADB]&amp#27;[0m Getting device platform version
&amp#27;[38;5;64m[ADB]&amp#27;[0m Running 'C:\Users\Kvp\AppData\Local\Android\Sdk\platform-tools\adb.exe -P 5037 -s emulator-5554 shell getprop ro.build.version.release'
&amp#27;[38;5;64m[ADB]&amp#27;[0m Current device property 'ro.build.version.release': 11
&amp#27;[38;5;64m[ADB]&amp#27;[0m Device API level: 30
&amp#27;[38;5;32m[AndroidUiautomator2Driver@f6fc (8a4c5d39)]&amp#27;[0m Relaxing hidden api policy
&amp#27;[38;5;64m[ADB]&amp#27;[0m Running 'C:\Users\Kvp\AppData\Local\Android\Sdk\platform-tools\adb.exe -P 5037 -s emulator-5554 shell 'settings put global hidden_api_policy_pre_p_apps 1;settings put global hidden_api_policy_p_apps 1;settings put global hidden_api_policy 1''
&amp#27;[38;5;80m[AndroidDriver]&amp#27;[0m Parsing package and activity from app manifest
&amp#27;[38;5;64m[ADB]&amp#27;[0m Package name: 'com.example.field_sales_app'
&amp#27;[38;5;64m[ADB]&amp#27;[0m Main activity name: 'com.example.field_sales_app.MainActivity'
&amp#27;[38;5;80m[AndroidDriver]&amp#27;[0m Parsed package and activity are: com.example.field_sales_app/com.example.field_sales_app.MainActivity
&amp#27;[38;5;64m[ADB]&amp#27;[0m Running 'C:\Users\Kvp\AppData\Local\Android\Sdk\platform-tools\adb.exe -P 5037 -s emulator-5554 wait-for-device'
&amp#27;[38;5;64m[ADB]&amp#27;[0m Running 'C:\Users\Kvp\AppData\Local\Android\Sdk\platform-tools\adb.exe -P 5037 -s emulator-5554 shell echo ping'
&amp#27;[38;5;80m[AndroidDriver]&amp#27;[0m Pushing settings apk to device...
&amp#27;[38;5;64m[ADB]&amp#27;[0m Getting package info for 'io.appium.settings'
&amp#27;[38;5;64m[ADB]&amp#27;[0m Running 'C:\Users\Kvp\AppData\Local\Android\Sdk\platform-tools\adb.exe -P 5037 -s emulator-5554 shell dumpsys package io.appium.settings'
&amp#27;[38;5;64m[ADB]&amp#27;[0m The version name of the installed 'io.appium.settings' is greater or equal to the application version name ('5.3.1' >= '5.3.1')
&amp#27;[38;5;64m[ADB]&amp#27;[0m There is no need to install/upgrade 'C:\Users\Kvp\.appium\node_modules\appium-uiautomator2-driver\node_modules\io.appium.settings\apks\settings_apk-debug.apk'
&amp#27;[38;5;64m[ADB]&amp#27;[0m Getting IDs of all 'io.appium.settings' processes
&amp#27;[38;5;64m[ADB]&amp#27;[0m Running 'C:\Users\Kvp\AppData\Local\Android\Sdk\platform-tools\adb.exe -P 5037 -s emulator-5554 shell 'pgrep --help; echo $?''
&amp#27;[38;5;64m[ADB]&amp#27;[0m Running 'C:\Users\Kvp\AppData\Local\Android\Sdk\platform-tools\adb.exe -P 5037 -s emulator-5554 shell pgrep -f \(\[\[:blank:\]\]\|\^\)io\.appium\.settings\(\[\[:blank:\]\]\|\$\)'
&amp#27;[38;5;80m[AndroidDriver]&amp#27;[0m io.appium.settings is already running. There is no need to reset its permissions.
&amp#27;[38;5;96m[Logcat]&amp#27;[0m Starting logs capture with command: C:\\Users\\Kvp\\AppData\\Local\\Android\\Sdk\\platform-tools\\adb.exe -P 5037 -s emulator-5554 logcat -v threadtime
&amp#27;[38;5;32m[AndroidUiautomator2Driver@f6fc (8a4c5d39)]&amp#27;[0m Forwarding UiAutomator2 Server port 6790 to local port 8201
&amp#27;[38;5;64m[ADB]&amp#27;[0m Forwarding system: 8201 to device: 6790
&amp#27;[38;5;64m[ADB]&amp#27;[0m Running 'C:\Users\Kvp\AppData\Local\Android\Sdk\platform-tools\adb.exe -P 5037 -s emulator-5554 forward tcp:8201 tcp:6790'
&amp#27;[38;5;64m[ADB]&amp#27;[0m Checking app cert for C:\Users\Kvp\.appium\node_modules\appium-uiautomator2-driver\node_modules\appium-uiautomator2-server\apks\appium-uiautomator2-server-v6.0.1.apk
&amp#27;[38;5;64m[ADB]&amp#27;[0m Checking app cert for C:\Users\Kvp\.appium\node_modules\appium-uiautomator2-driver\node_modules\appium-uiautomator2-server\apks\appium-uiautomator2-server-debug-androidTest.apk
&amp#27;[38;5;64m[ADB]&amp#27;[0m Using 'apksigner.jar' from 'C:\Users\Kvp\AppData\Local\Android\Sdk\build-tools\34.0.0\lib\apksigner.jar'
&amp#27;[38;5;64m[ADB]&amp#27;[0m Starting apksigner: 'C:\\Program Files\\Common Files\\Oracle\\Java\\javapath\\java.exe' -Xmx1024M -Xss1m -jar C:\\Users\\Kvp\\AppData\\Local\\Android\\Sdk\\build-tools\\34.0.0\\lib\\apksigner.jar verify --print-certs C:\\Users\\Kvp\\.appium\\node_modules\\appium-uiautomator2-driver\\node_modules\\appium-uiautomator2-server\\apks\\appium-uiautomator2-server-debug-androidTest.apk
&amp#27;[38;5;64m[ADB]&amp#27;[0m Starting apksigner: 'C:\\Program Files\\Common Files\\Oracle\\Java\\javapath\\java.exe' -Xmx1024M -Xss1m -jar C:\\Users\\Kvp\\AppData\\Local\\Android\\Sdk\\build-tools\\34.0.0\\lib\\apksigner.jar verify --print-certs C:\\Users\\Kvp\\.appium\\node_modules\\appium-uiautomator2-driver\\node_modules\\appium-uiautomator2-server\\apks\\appium-uiautomator2-server-v6.0.1.apk
&amp#27;[38;5;64m[ADB]&amp#27;[0m apksigner stdout: Signer #1 certificate DN: EMAILADDRESS=android@android.com, CN=Android, OU=Android, O=Android, L=Mountain View, ST=California, C=US
&amp#27;[38;5;64m[ADB]&amp#27;[0m Signer #1 certificate SHA-256 digest: a40da80a59d170caa950cf15c18c454d47a39b26989d8b640ecd745ba71bf5dc
&amp#27;[38;5;64m[ADB]&amp#27;[0m Signer #1 certificate SHA-1 digest: 61ed377e85d386a8dfee6b864bd85b0bfaa5af81
&amp#27;[38;5;64m[ADB]&amp#27;[0m Signer #1 certificate MD5 digest: e89b158e4bcf988ebd09eb83f5378e87
&amp#27;[38;5;64m[ADB]&amp#27;[0m 
&amp#27;[38;5;64m[ADB]&amp#27;[0m sha256 hash did match for 'appium-uiautomator2-server-debug-androidTest.apk'
&amp#27;[38;5;64m[ADB]&amp#27;[0m 'C:\Users\Kvp\.appium\node_modules\appium-uiautomator2-driver\node_modules\appium-uiautomator2-server\apks\appium-uiautomator2-server-debug-androidTest.apk' is signed with the default certificate
&amp#27;[38;5;64m[ADB]&amp#27;[0m Getting install status for io.appium.uiautomator2.server.test
&amp#27;[38;5;64m[ADB]&amp#27;[0m Running 'C:\Users\Kvp\AppData\Local\Android\Sdk\platform-tools\adb.exe -P 5037 -s emulator-5554 shell pm path io.appium.uiautomator2.server.test'
&amp#27;[38;5;64m[ADB]&amp#27;[0m 'io.appium.uiautomator2.server.test' is installed
&amp#27;[38;5;64m[ADB]&amp#27;[0m apksigner stdout: Signer #1 certificate DN: EMAILADDRESS=android@android.com, CN=Android, OU=Android, O=Android, L=Mountain View, ST=California, C=US
&amp#27;[38;5;64m[ADB]&amp#27;[0m Signer #1 certificate SHA-256 digest: a40da80a59d170caa950cf15c18c454d47a39b26989d8b640ecd745ba71bf5dc
&amp#27;[38;5;64m[ADB]&amp#27;[0m Signer #1 certificate SHA-1 digest: 61ed377e85d386a8dfee6b864bd85b0bfaa5af81
&amp#27;[38;5;64m[ADB]&amp#27;[0m Signer #1 certificate MD5 digest: e89b158e4bcf988ebd09eb83f5378e87
&amp#27;[38;5;64m[ADB]&amp#27;[0m 
&amp#27;[38;5;64m[ADB]&amp#27;[0m sha256 hash did match for 'appium-uiautomator2-server-v6.0.1.apk'
&amp#27;[38;5;64m[ADB]&amp#27;[0m 'C:\Users\Kvp\.appium\node_modules\appium-uiautomator2-driver\node_modules\appium-uiautomator2-server\apks\appium-uiautomator2-server-v6.0.1.apk' is signed with the default certificate
&amp#27;[38;5;64m[ADB]&amp#27;[0m Getting package info for 'io.appium.uiautomator2.server'
&amp#27;[38;5;64m[ADB]&amp#27;[0m Running 'C:\Users\Kvp\AppData\Local\Android\Sdk\platform-tools\adb.exe -P 5037 -s emulator-5554 shell dumpsys package io.appium.uiautomator2.server'
&amp#27;[38;5;64m[ADB]&amp#27;[0m The version name of the installed 'io.appium.uiautomator2.server' is greater or equal to the application version name ('6.0.1' >= '6.0.1')
&amp#27;[38;5;32m[AndroidUiautomator2Driver@f6fc (8a4c5d39)]&amp#27;[0m Server packages status: [{"wasSigned":true,"installState":"sameVersionInstalled","appPath":"C:\\Users\\Kvp\\.appium\\node_modules\\appium-uiautomator2-driver\\node_modules\\appium-uiautomator2-server\\apks\\appium-uiautomator2-server-v6.0.1.apk","appId":"io.appium.uiautomator2.server"},{"wasSigned":true,"installState":"sameVersionInstalled","appPath":"C:\\Users\\Kvp\\.appium\\node_modules\\appium-uiautomator2-driver\\node_modules\\appium-uiautomator2-server\\apks\\appium-uiautomator2-server-debug-androidTest.apk","appId":"io.appium.uiautomator2.server.test"}]
&amp#27;[38;5;32m[AndroidUiautomator2Driver@f6fc (8a4c5d39)]&amp#27;[0m Server packages are not going to be (re)installed
&amp#27;[38;5;32m[AndroidUiautomator2Driver@f6fc (8a4c5d39)]&amp#27;[0m Waiting up to 30000ms for services to be available
&amp#27;[38;5;64m[ADB]&amp#27;[0m Running 'C:\Users\Kvp\AppData\Local\Android\Sdk\platform-tools\adb.exe -P 5037 -s emulator-5554 shell pm list instrumentation'
&amp#27;[38;5;32m[AndroidUiautomator2Driver@f6fc (8a4c5d39)]&amp#27;[0m Instrumentation target 'io.appium.uiautomator2.server.test/androidx.test.runner.AndroidJUnitRunner' is available
&amp#27;[38;5;64m[ADB]&amp#27;[0m Adding packages ["io.appium.settings","io.appium.uiautomator2.server","io.appium.uiautomator2.server.test"] to Doze whitelist
&amp#27;[38;5;64m[ADB]&amp#27;[0m Got the following command chunks to execute: [["dumpsys","deviceidle","whitelist","+io.appium.settings",";","dumpsys","deviceidle","whitelist","+io.appium.uiautomator2.server",";","dumpsys","deviceidle","whitelist","+io.appium.uiautomator2.server.test",";"]]
&amp#27;[38;5;64m[ADB]&amp#27;[0m Running 'C:\Users\Kvp\AppData\Local\Android\Sdk\platform-tools\adb.exe -P 5037 -s emulator-5554 shell dumpsys deviceidle whitelist +io.appium.settings ; dumpsys deviceidle whitelist +io.appium.uiautomator2.server ; dumpsys deviceidle whitelist +io.appium.uiautomator2.server.test ;'
&amp#27;[38;5;64m[ADB]&amp#27;[0m Checking app cert for C:\Users\Kvp\eclipse-workspace\KVP_FMCG_Industry_Product\Project_Resources\app-release 22.apk
&amp#27;[38;5;64m[ADB]&amp#27;[0m Starting apksigner: 'C:\\Program Files\\Common Files\\Oracle\\Java\\javapath\\java.exe' -Xmx1024M -Xss1m -jar C:\\Users\\Kvp\\AppData\\Local\\Android\\Sdk\\build-tools\\34.0.0\\lib\\apksigner.jar verify --print-certs 'C:\\Users\\Kvp\\eclipse-workspace\\KVP_FMCG_Industry_Product\\Project_Resources\\app-release 22.apk'
&amp#27;[38;5;64m[ADB]&amp#27;[0m apksigner stdout: Signer #1 certificate DN: C=US, O=Android, CN=Android Debug
&amp#27;[38;5;64m[ADB]&amp#27;[0m Signer #1 certificate SHA-256 digest: e27a3749fc58afd1c2410cfeb7b161675ac4324ff1eb3ae8fa1d3fe802400fab
&amp#27;[38;5;64m[ADB]&amp#27;[0m Signer #1 certificate SHA-1 digest: 8f54a7c2114ec2046b77110d894f5cf7b04add50
&amp#27;[38;5;64m[ADB]&amp#27;[0m Signer #1 certificate MD5 digest: 3f87c7eb2c4c3d1f14bae7270990a635
&amp#27;[38;5;64m[ADB]&amp#27;[0m 
&amp#27;[38;5;64m[ADB]&amp#27;[0m 'C:\Users\Kvp\eclipse-workspace\KVP_FMCG_Industry_Product\Project_Resources\app-release 22.apk' is signed with a non-default certificate
&amp#27;[38;5;64m[ADB]&amp#27;[0m Getting package info for 'com.example.field_sales_app'
&amp#27;[38;5;64m[ADB]&amp#27;[0m Running 'C:\Users\Kvp\AppData\Local\Android\Sdk\platform-tools\adb.exe -P 5037 -s emulator-5554 shell dumpsys package com.example.field_sales_app'
&amp#27;[38;5;64m[ADB]&amp#27;[0m The version name of the installed 'com.example.field_sales_app' is greater or equal to the application version name ('1.0.0' >= '1.0.0')
&amp#27;[38;5;64m[ADB]&amp#27;[0m There is no need to install/upgrade 'C:\Users\Kvp\eclipse-workspace\KVP_FMCG_Industry_Product\Project_Resources\app-release 22.apk'
&amp#27;[38;5;80m[AndroidDriver]&amp#27;[0m Performing fast reset on 'com.example.field_sales_app'
&amp#27;[38;5;64m[ADB]&amp#27;[0m Getting install status for com.example.field_sales_app
&amp#27;[38;5;64m[ADB]&amp#27;[0m Running 'C:\Users\Kvp\AppData\Local\Android\Sdk\platform-tools\adb.exe -P 5037 -s emulator-5554 shell pm path com.example.field_sales_app'
&amp#27;[38;5;64m[ADB]&amp#27;[0m 'com.example.field_sales_app' is installed
&amp#27;[38;5;64m[ADB]&amp#27;[0m Running 'C:\Users\Kvp\AppData\Local\Android\Sdk\platform-tools\adb.exe -P 5037 -s emulator-5554 shell am force-stop com.example.field_sales_app'
&amp#27;[38;5;64m[ADB]&amp#27;[0m Running 'C:\Users\Kvp\AppData\Local\Android\Sdk\platform-tools\adb.exe -P 5037 -s emulator-5554 shell pm clear com.example.field_sales_app'
&amp#27;[38;5;80m[AndroidDriver]&amp#27;[0m Performed fast reset on the installed 'com.example.field_sales_app' application (stop and clear)
&amp#27;[38;5;32m[AndroidUiautomator2Driver@f6fc (8a4c5d39)]&amp#27;[0m Performing shallow cleanup of automation leftovers
&amp#27;[38;5;32m[AndroidUiautomator2Driver@f6fc (8a4c5d39)]&amp#27;[0m No obsolete sessions have been detected (socket hang up)
&amp#27;[38;5;64m[ADB]&amp#27;[0m Running 'C:\Users\Kvp\AppData\Local\Android\Sdk\platform-tools\adb.exe -P 5037 -s emulator-5554 shell am force-stop io.appium.uiautomator2.server.test'
&amp#27;[38;5;32m[AndroidUiautomator2Driver@f6fc (8a4c5d39)]&amp#27;[0m Starting UIAutomator2 server 6.0.1
&amp#27;[38;5;32m[AndroidUiautomator2Driver@f6fc (8a4c5d39)]&amp#27;[0m Using UIAutomator2 server from 'C:\Users\Kvp\.appium\node_modules\appium-uiautomator2-driver\node_modules\appium-uiautomator2-server\apks\appium-uiautomator2-server-v6.0.1.apk' and test from 'C:\Users\Kvp\.appium\node_modules\appium-uiautomator2-driver\node_modules\appium-uiautomator2-server\apks\appium-uiautomator2-server-debug-androidTest.apk'
&amp#27;[38;5;32m[AndroidUiautomator2Driver@f6fc (8a4c5d39)]&amp#27;[0m Waiting up to 30000ms for UiAutomator2 to be online...
&amp#27;[38;5;64m[ADB]&amp#27;[0m Creating ADB subprocess with args: ["-P","5037","-s","emulator-5554","shell","am","instrument","-w","-e","disableAnalytics","true","io.appium.uiautomator2.server.test/androidx.test.runner.AndroidJUnitRunner"]
&amp#27;[38;5;32m[AndroidUiautomator2Driver@f6fc (8a4c5d39)]&amp#27;[0m Matched '/status' to command name 'getStatus'
&amp#27;[38;5;32m[AndroidUiautomator2Driver@f6fc (8a4c5d39)]&amp#27;[0m Proxying [GET /status] to [GET http://127.0.0.1:8201/status] with no body
&amp#27;[38;5;32m[AndroidUiautomator2Driver@f6fc (8a4c5d39)]&amp#27;[0m socket hang up
&amp#27;[38;5;112m[Instrumentation]&amp#27;[0m io.appium.uiautomator2.server.test.AppiumUiAutomator2Server:
&amp#27;[38;5;32m[AndroidUiautomator2Driver@f6fc (8a4c5d39)]&amp#27;[0m Matched '/status' to command name 'getStatus'
&amp#27;[38;5;32m[AndroidUiautomator2Driver@f6fc (8a4c5d39)]&amp#27;[0m Proxying [GET /status] to [GET http://127.0.0.1:8201/status] with no body
&amp#27;[38;5;32m[AndroidUiautomator2Driver@f6fc (8a4c5d39)]&amp#27;[0m socket hang up
&amp#27;[38;5;32m[AndroidUiautomator2Driver@f6fc (8a4c5d39)]&amp#27;[0m Matched '/status' to command name 'getStatus'
&amp#27;[38;5;32m[AndroidUiautomator2Driver@f6fc (8a4c5d39)]&amp#27;[0m Proxying [GET /status] to [GET http://127.0.0.1:8201/status] with no body
&amp#27;[38;5;32m[AndroidUiautomator2Driver@f6fc (8a4c5d39)]&amp#27;[0m Got response with status 200: {"sessionId":"None","value":{"message":"UiAutomator2 Server is ready to accept commands","ready":true}}
&amp#27;[38;5;32m[AndroidUiautomator2Driver@f6fc (8a4c5d39)]&amp#27;[0m The initialization of the instrumentation process took 2229ms
&amp#27;[38;5;32m[AndroidUiautomator2Driver@f6fc (8a4c5d39)]&amp#27;[0m Matched '/session' to command name 'createSession'
&amp#27;[38;5;32m[AndroidUiautomator2Driver@f6fc (8a4c5d39)]&amp#27;[0m Proxying [POST /session] to [POST http://127.0.0.1:8201/session] with body: {"capabilities":{"firstMatch":[{"platformName":"ANDROID","deviceName":"emulator-5554","platformVersion":"11.0","app":"Project_Resources/app-release 22.apk","automationName":"UiAutomator2","platform":"LINUX","webStorageEnabled":false,"takesScreenshot":true,"javascriptEnabled":true,"databaseEnabled":false,"networkConnectionEnabled":true,"locationContextEnabled":false,"warnings":{},"desired":{"platformName":"ANDROID","deviceName":"Pixel 7 API 30","platformVersion":"11.0","app":"Project_Resources/app-release 22.apk","automationName":"UiAutomator2"},"deviceUDID":"emulator-5554","appPackage":"com.example.field_sales_app"}],"alwaysMatch":{}}}
&amp#27;[38;5;32m[AndroidUiautomator2Driver@f6fc (8a4c5d39)]&amp#27;[0m Got response with status 200: {"sessionId":"2033ac06-ca71-4f8f-9ae6-f068b15350dc","value":{"capabilities":{"firstMatch":[{"platformName":"ANDROID","deviceName":"emulator-5554","platformVersion":"11.0","app":"Project_Resources/app-release 22.apk","automationName":"UiAutomator2","platform":"LINUX","webStorageEnabled":false,"takesScreenshot":true,"javascriptEnabled":true,"databaseEnabled":false,"networkConnectionEnabled":true,"locationContextEnabled":false,"warnings":{},"desired":{"platformName":"ANDROID","deviceName":"Pixel 7 API 30","platformVersion":"11.0","app":"Project_Resources/app-release 22.apk","automationName":"UiAutomator2"},"deviceUDID":"emulator-5554","appPackage":"com.example.field_sales_app"}],"alwaysMatch":{}},"sessionId":"2033ac06-ca71-4f8f-9ae6-f068b15350dc"}}
&amp#27;[38;5;32m[AndroidUiautomator2Driver@f6fc (8a4c5d39)]&amp#27;[0m Determined the downstream protocol as 'W3C'
&amp#27;[38;5;32m[AndroidUiautomator2Driver@f6fc (8a4c5d39)]&amp#27;[0m Proxying [GET /appium/device/pixel_ratio] to [GET http://127.0.0.1:8201/session/2033ac06-ca71-4f8f-9ae6-f068b15350dc/appium/device/pixel_ratio] with no body
&amp#27;[38;5;32m[AndroidUiautomator2Driver@f6fc (8a4c5d39)]&amp#27;[0m Matched '/appium/device/system_bars' to command name 'getSystemBars'
&amp#27;[38;5;32m[AndroidUiautomator2Driver@f6fc (8a4c5d39)]&amp#27;[0m Proxying [GET /appium/device/system_bars] to [GET http://127.0.0.1:8201/session/2033ac06-ca71-4f8f-9ae6-f068b15350dc/appium/device/system_bars] with no body
&amp#27;[38;5;32m[AndroidUiautomator2Driver@f6fc (8a4c5d39)]&amp#27;[0m Matched '/window/current/size' to command name 'getWindowSize'
&amp#27;[38;5;32m[AndroidUiautomator2Driver@f6fc (8a4c5d39)]&amp#27;[0m Proxying [GET /window/current/size] to [GET http://127.0.0.1:8201/session/2033ac06-ca71-4f8f-9ae6-f068b15350dc/window/current/size] with no body
&amp#27;[38;5;32m[AndroidUiautomator2Driver@f6fc (8a4c5d39)]&amp#27;[0m Proxying [GET /appium/device/info] to [GET http://127.0.0.1:8201/session/2033ac06-ca71-4f8f-9ae6-f068b15350dc/appium/device/info] with no body
&amp#27;[38;5;64m[ADB]&amp#27;[0m Running 'C:\Users\Kvp\AppData\Local\Android\Sdk\platform-tools\adb.exe -P 5037 -s emulator-5554 shell dumpsys window'
&amp#27;[38;5;32m[AndroidUiautomator2Driver@f6fc (8a4c5d39)]&amp#27;[0m Got response with status 200: {"sessionId":"2033ac06-ca71-4f8f-9ae6-f068b15350dc","value":2.625}
&amp#27;[38;5;32m[AndroidUiautomator2Driver@f6fc (8a4c5d39)]&amp#27;[0m Got response with status 200: {"sessionId":"2033ac06-ca71-4f8f-9ae6-f068b15350dc","value":{"statusBar":136}}
&amp#27;[38;5;32m[AndroidUiautomator2Driver@f6fc (8a4c5d39)]&amp#27;[0m Got response with status 200: {"sessionId":"2033ac06-ca71-4f8f-9ae6-f068b15350dc","value":{"height":2400,"width":1080}}
&amp#27;[38;5;32m[AndroidUiautomator2Driver@f6fc (8a4c5d39)]&amp#27;[0m Got response with status 200: {"sessionId":"2033ac06-ca71-4f8f-9ae6-f068b15350dc","value":{"androidId":"edb8ac92f336e9f5","apiVersion":"30","bluetooth":{"state":"OFF"},"brand":"google","carrierName":"Android","displayDensity":420,"locale":"en_US","manufacturer":"Google","model":"sdk_gphone_x86","networks":[{"capabilities":{"SSID":null,"linkDownBandwidthKbps":30000,"linkUpstreamBandwidthKbps":15000,"networkCapabilities":"NET_CAPABILITY_MMS,NET_CAPABILITY_SUPL,NET_CAPABILITY_DUN,NET_CAPABILITY_FOTA,NET_CAPABILITY_IMS,NET_CAPABILITY_CBS,NET_CAPABILITY_INTERNET,NET_CAPABILITY_NOT_RESTRICTED,NET_CAPABILITY_TRUSTED,NET_CAPABILITY_NOT_VPN,NET_CAPABILITY_VALIDATED,NET_CAPABILITY_NOT_ROAMING,NET_CAPABILITY_NOT_CONGESTED,NET_CAPABILITY_NOT_SUSPENDED","signalStrength":-2147483648,"transportTypes":"TRANSPORT_CELLULAR"},"detailedState":"CONNECTED","extraInfo":"epc.tmobile.com","isAvailable":true,"isConnected":true,"isFailover":false,"isRoaming":false,"state":"CONNECTED","subtype":13,"subtypeName":"LTE","type":0,"typeName":"MOBILE"},{"capabilities":...
&amp#27;[38;5;80m[AndroidDriver]&amp#27;[0m Screen already unlocked, doing nothing
&amp#27;[38;5;32m[AndroidUiautomator2Driver@f6fc (8a4c5d39)]&amp#27;[0m Starting 'com.example.field_sales_app/com.example.field_sales_app.MainActivity and waiting for 'com.example.field_sales_app/com.example.field_sales_app.MainActivity'
&amp#27;[38;5;64m[ADB]&amp#27;[0m Running 'C:\Users\Kvp\AppData\Local\Android\Sdk\platform-tools\adb.exe -P 5037 -s emulator-5554 shell am start -W -n com.example.field_sales_app/com.example.field_sales_app.MainActivity -S -a android.intent.action.MAIN -c android.intent.category.LAUNCHER -f 0x10200000'
&amp#27;[38;5;64m[ADB]&amp#27;[0m Waiting up to 20000ms for activity matching pkg: 'com.example.field_sales_app' and activity: 'com.example.field_sales_app.MainActivity' to be focused
&amp#27;[38;5;64m[ADB]&amp#27;[0m Possible activities, to be checked: 'com.example.field_sales_app.MainActivity', 'com.example.field_sales_app.com.example.field_sales_app.MainActivity'
&amp#27;[38;5;64m[ADB]&amp#27;[0m Getting focused package and activity
&amp#27;[38;5;64m[ADB]&amp#27;[0m Running 'C:\Users\Kvp\AppData\Local\Android\Sdk\platform-tools\adb.exe -P 5037 -s emulator-5554 shell dumpsys window displays'
&amp#27;[38;5;64m[ADB]&amp#27;[0m Found package: 'com.example.field_sales_app' and fully qualified activity name : 'com.example.field_sales_app.MainActivity'
&amp#27;[38;5;16m[AppiumDriver@b18f]&amp#27;[0m New AndroidUiautomator2Driver session created successfully, session 8a4c5d39-9059-4535-92f2-b9cd751f3967 added to master session list
&amp#27;[38;5;16m[AppiumDriver@b18f]&amp#27;[0m Event 'newSessionStarted' logged at 1709019035106 (13:00:35 GMT+0530 (India Standard Time))
&amp#27;[38;5;32m[AndroidUiautomator2Driver@f6fc (8a4c5d39)]&amp#27;[0m Cached the protocol value 'W3C' for the new session 8a4c5d39-9059-4535-92f2-b9cd751f3967
&amp#27;[38;5;32m[AndroidUiautomator2Driver@f6fc (8a4c5d39)]&amp#27;[0m Responding to client with driver.createSession() result: {"capabilities":{"platformName":"ANDROID","deviceName":"emulator-5554","platformVersion":"11","app":"Project_Resources/app-release 22.apk","automationName":"UiAutomator2","platform":"LINUX","webStorageEnabled":false,"takesScreenshot":true,"javascriptEnabled":true,"databaseEnabled":false,"networkConnectionEnabled":true,"locationContextEnabled":false,"warnings":{},"desired":{"platformName":"ANDROID","deviceName":"Pixel 7 API 30","platformVersion":"11.0","app":"Project_Resources/app-release 22.apk","automationName":"UiAutomator2"},"deviceUDID":"emulator-5554","appPackage":"com.example.field_sales_app","pixelRatio":"2.625","statBarHeight":136,"viewportRect":{"left":0,"top":136,"width":1080,"height":2264},"deviceApiLevel":30,"deviceManufacturer":"Google","deviceModel":"sdk_gphone_x86","deviceScreenSize":"1080x2400","deviceScreenDensity":420}}
&amp#27;[38;5;0m[HTTP]&amp#27;[0m &amp#27;[37m<-- POST /session &amp#27;[39m&amp#27;[32m200&amp#27;[39m &amp#27;[90m12028 ms - 910&amp#27;[39m
&amp#27;[38;5;0m[HTTP]&amp#27;[0m &amp#27;[90m&amp#27;[39m
&amp#27;[38;5;0m[HTTP]&amp#27;[0m &amp#27;[37m-->&amp#27;[39m &amp#27;[37mPOST&amp#27;[39m &amp#27;[37m/session/8a4c5d39-9059-4535-92f2-b9cd751f3967/timeouts&amp#27;[39m
&amp#27;[38;5;0m[HTTP]&amp#27;[0m &amp#27;[90m{"implicit":10000}&amp#27;[39m
&amp#27;[38;5;32m[AndroidUiautomator2Driver@f6fc (8a4c5d39)]&amp#27;[0m Calling AppiumDriver.timeouts() with args: [null,null,null,null,10000,"8a4c5d39-9059-4535-92f2-b9cd751f3967"]
&amp#27;[38;5;32m[AndroidUiautomator2Driver@f6fc (8a4c5d39)]&amp#27;[0m W3C timeout argument: {"implicit":10000}}
&amp#27;[38;5;32m[AndroidUiautomator2Driver@f6fc (8a4c5d39)]&amp#27;[0m Set implicit wait to 10000ms
&amp#27;[38;5;32m[AndroidUiautomator2Driver@f6fc (8a4c5d39)]&amp#27;[0m Responding to client with driver.timeouts() result: null
&amp#27;[38;5;0m[HTTP]&amp#27;[0m &amp#27;[37m<-- POST /session/8a4c5d39-9059-4535-92f2-b9cd751f3967/timeouts &amp#27;[39m&amp#27;[32m200&amp#27;[39m &amp#27;[90m4 ms - 14&amp#27;[39m
&amp#27;[38;5;0m[HTTP]&amp#27;[0m &amp#27;[90m&amp#27;[39m
1 [main] DEBUG devpinoyLogger  - -------------------Test Started-------------------
&amp#27;[38;5;0m[HTTP]&amp#27;[0m &amp#27;[37m-->&amp#27;[39m &amp#27;[37mPOST&amp#27;[39m &amp#27;[37m/session/8a4c5d39-9059-4535-92f2-b9cd751f3967/elements&amp#27;[39m
&amp#27;[38;5;0m[HTTP]&amp#27;[0m &amp#27;[90m{"value":"//android.view.View[3]","using":"xpath"}&amp#27;[39m
&amp#27;[38;5;32m[AndroidUiautomator2Driver@f6fc (8a4c5d39)]&amp#27;[0m Calling AppiumDriver.findElements() with args: ["xpath","//android.view.View[3]","8a4c5d39-9059-4535-92f2-b9cd751f3967"]
&amp#27;[38;5;32m[AndroidUiautomator2Driver@f6fc (8a4c5d39)]&amp#27;[0m Valid locator strategies for this request: xpath, id, class name, accessibility id, css selector, -android uiautomator
&amp#27;[38;5;32m[AndroidUiautomator2Driver@f6fc (8a4c5d39)]&amp#27;[0m Waiting up to 10000 ms for condition
&amp#27;[38;5;32m[AndroidUiautomator2Driver@f6fc (8a4c5d39)]&amp#27;[0m Matched '/elements' to command name 'findElements'
&amp#27;[38;5;32m[AndroidUiautomator2Driver@f6fc (8a4c5d39)]&amp#27;[0m Proxying [POST /elements] to [POST http://127.0.0.1:8201/session/2033ac06-ca71-4f8f-9ae6-f068b15350dc/elements] with body: {"strategy":"xpath","selector":"//android.view.View[3]","context":"","multiple":true}
&amp#27;[38;5;32m[AndroidUiautomator2Driver@f6fc (8a4c5d39)]&amp#27;[0m Got response with status 200: {"sessionId":"2033ac06-ca71-4f8f-9ae6-f068b15350dc","value":[]}
&amp#27;[38;5;32m[AndroidUiautomator2Driver@f6fc (8a4c5d39)]&amp#27;[0m Waited for 406 ms so far
&amp#27;[38;5;32m[AndroidUiautomator2Driver@f6fc (8a4c5d39)]&amp#27;[0m Matched '/elements' to command name 'findElements'
&amp#27;[38;5;32m[AndroidUiautomator2Driver@f6fc (8a4c5d39)]&amp#27;[0m Proxying [POST /elements] to [POST http://127.0.0.1:8201/session/2033ac06-ca71-4f8f-9ae6-f068b15350dc/elements] with body: {"strategy":"xpath","selector":"//android.view.View[3]","context":"","multiple":true}
&amp#27;[38;5;32m[AndroidUiautomator2Driver@f6fc (8a4c5d39)]&amp#27;[0m Got response with status 200: {"sessionId":"2033ac06-ca71-4f8f-9ae6-f068b15350dc","value":[]}
&amp#27;[38;5;32m[AndroidUiautomator2Driver@f6fc (8a4c5d39)]&amp#27;[0m Waited for 962 ms so far
&amp#27;[38;5;32m[AndroidUiautomator2Driver@f6fc (8a4c5d39)]&amp#27;[0m Matched '/elements' to command name 'findElements'
&amp#27;[38;5;32m[AndroidUiautomator2Driver@f6fc (8a4c5d39)]&amp#27;[0m Proxying [POST /elements] to [POST http://127.0.0.1:8201/session/2033ac06-ca71-4f8f-9ae6-f068b15350dc/elements] with body: {"strategy":"xpath","selector":"//android.view.View[3]","context":"","multiple":true}
&amp#27;[38;5;32m[AndroidUiautomator2Driver@f6fc (8a4c5d39)]&amp#27;[0m Got response with status 200: {"sessionId":"2033ac06-ca71-4f8f-9ae6-f068b15350dc","value":[]}
&amp#27;[38;5;32m[AndroidUiautomator2Driver@f6fc (8a4c5d39)]&amp#27;[0m Waited for 1514 ms so far
&amp#27;[38;5;32m[AndroidUiautomator2Driver@f6fc (8a4c5d39)]&amp#27;[0m Matched '/elements' to command name 'findElements'
&amp#27;[38;5;32m[AndroidUiautomator2Driver@f6fc (8a4c5d39)]&amp#27;[0m Proxying [POST /elements] to [POST http://127.0.0.1:8201/session/2033ac06-ca71-4f8f-9ae6-f068b15350dc/elements] with body: {"strategy":"xpath","selector":"//android.view.View[3]","context":"","multiple":true}
&amp#27;[38;5;32m[AndroidUiautomator2Driver@f6fc (8a4c5d39)]&amp#27;[0m Got response with status 200: {"sessionId":"2033ac06-ca71-4f8f-9ae6-f068b15350dc","value":[]}
&amp#27;[38;5;32m[AndroidUiautomator2Driver@f6fc (8a4c5d39)]&amp#27;[0m Waited for 2070 ms so far
&amp#27;[38;5;32m[AndroidUiautomator2Driver@f6fc (8a4c5d39)]&amp#27;[0m Matched '/elements' to command name 'findElements'
&amp#27;[38;5;32m[AndroidUiautomator2Driver@f6fc (8a4c5d39)]&amp#27;[0m Proxying [POST /elements] to [POST http://127.0.0.1:8201/session/2033ac06-ca71-4f8f-9ae6-f068b15350dc/elements] with body: {"strategy":"xpath","selector":"//android.view.View[3]","context":"","multiple":true}
&amp#27;[38;5;32m[AndroidUiautomator2Driver@f6fc (8a4c5d39)]&amp#27;[0m Got response with status 200: {"sessionId":"2033ac06-ca71-4f8f-9ae6-f068b15350dc","value":[]}
&amp#27;[38;5;32m[AndroidUiautomator2Driver@f6fc (8a4c5d39)]&amp#27;[0m Waited for 2861 ms so far
&amp#27;[38;5;32m[AndroidUiautomator2Driver@f6fc (8a4c5d39)]&amp#27;[0m Matched '/elements' to command name 'findElements'
&amp#27;[38;5;32m[AndroidUiautomator2Driver@f6fc (8a4c5d39)]&amp#27;[0m Proxying [POST /elements] to [POST http://127.0.0.1:8201/session/2033ac06-ca71-4f8f-9ae6-f068b15350dc/elements] with body: {"strategy":"xpath","selector":"//android.view.View[3]","context":"","multiple":true}
&amp#27;[38;5;32m[AndroidUiautomator2Driver@f6fc (8a4c5d39)]&amp#27;[0m Got response with status 200: {"sessionId":"2033ac06-ca71-4f8f-9ae6-f068b15350dc","value":[]}
&amp#27;[38;5;32m[AndroidUiautomator2Driver@f6fc (8a4c5d39)]&amp#27;[0m Waited for 3508 ms so far
&amp#27;[38;5;32m[AndroidUiautomator2Driver@f6fc (8a4c5d39)]&amp#27;[0m Matched '/elements' to command name 'findElements'
&amp#27;[38;5;32m[AndroidUiautomator2Driver@f6fc (8a4c5d39)]&amp#27;[0m Proxying [POST /elements] to [POST http://127.0.0.1:8201/session/2033ac06-ca71-4f8f-9ae6-f068b15350dc/elements] with body: {"strategy":"xpath","selector":"//android.view.View[3]","context":"","multiple":true}
&amp#27;[38;5;32m[AndroidUiautomator2Driver@f6fc (8a4c5d39)]&amp#27;[0m Got response with status 200: {"sessionId":"2033ac06-ca71-4f8f-9ae6-f068b15350dc","value":[{"ELEMENT":"00000000-0000-00b4-0000-000c00000003","element-6066-11e4-a52e-4f735466cecf":"00000000-0000-00b4-0000-000c00000003"},{"ELEMENT":"00000000-0000-00b4-0000-001200000003","element-6066-11e4-a52e-4f735466cecf":"00000000-0000-00b4-0000-001200000003"}]}
&amp#27;[38;5;32m[AndroidUiautomator2Driver@f6fc (8a4c5d39)]&amp#27;[0m Responding to client with driver.findElements() result: [{"element-6066-11e4-a52e-4f735466cecf":"00000000-0000-00b4-0000-000c00000003","ELEMENT":"00000000-0000-00b4-0000-000c00000003"},{"element-6066-11e4-a52e-4f735466cecf":"00000000-0000-00b4-0000-001200000003","ELEMENT":"00000000-0000-00b4-0000-001200000003"}]
&amp#27;[38;5;0m[HTTP]&amp#27;[0m &amp#27;[37m<-- POST /session/8a4c5d39-9059-4535-92f2-b9cd751f3967/elements &amp#27;[39m&amp#27;[32m200&amp#27;[39m &amp#27;[90m4274 ms - 267&amp#27;[39m
&amp#27;[38;5;0m[HTTP]&amp#27;[0m &amp#27;[90m&amp#27;[39m
&amp#27;[38;5;0m[HTTP]&amp#27;[0m &amp#27;[37m-->&amp#27;[39m &amp#27;[37mGET&amp#27;[39m &amp#27;[37m/session/8a4c5d39-9059-4535-92f2-b9cd751f3967/element/00000000-0000-00b4-0000-000c00000003/attribute/content-desc&amp#27;[39m
&amp#27;[38;5;0m[HTTP]&amp#27;[0m &amp#27;[90m{}&amp#27;[39m
&amp#27;[38;5;32m[AndroidUiautomator2Driver@f6fc (8a4c5d39)]&amp#27;[0m Calling AppiumDriver.getAttribute() with args: ["content-desc","00000000-0000-00b4-0000-000c00000003","8a4c5d39-9059-4535-92f2-b9cd751f3967"]
&amp#27;[38;5;32m[AndroidUiautomator2Driver@f6fc (8a4c5d39)]&amp#27;[0m Matched '/element/00000000-0000-00b4-0000-000c00000003/attribute/content-desc' to command name 'getAttribute'
&amp#27;[38;5;32m[AndroidUiautomator2Driver@f6fc (8a4c5d39)]&amp#27;[0m Proxying [GET /element/00000000-0000-00b4-0000-000c00000003/attribute/content-desc] to [GET http://127.0.0.1:8201/session/2033ac06-ca71-4f8f-9ae6-f068b15350dc/element/00000000-0000-00b4-0000-000c00000003/attribute/content-desc] with no body
&amp#27;[38;5;32m[AndroidUiautomator2Driver@f6fc (8a4c5d39)]&amp#27;[0m Got response with status 200: {"sessionId":"2033ac06-ca71-4f8f-9ae6-f068b15350dc","value":"February 2024"}
&amp#27;[38;5;32m[AndroidUiautomator2Driver@f6fc (8a4c5d39)]&amp#27;[0m Responding to client with driver.getAttribute() result: "February 2024"
&amp#27;[38;5;0m[HTTP]&amp#27;[0m &amp#27;[37m<-- GET /session/8a4c5d39-9059-4535-92f2-b9cd751f3967/element/00000000-0000-00b4-0000-000c00000003/attribute/content-desc &amp#27;[39m&amp#27;[32m200&amp#27;[39m &amp#27;[90m20 ms - 25&amp#27;[39m
&amp#27;[38;5;0m[HTTP]&amp#27;[0m &amp#27;[90m&amp#27;[39m
&amp#27;[38;5;0m[HTTP]&amp#27;[0m &amp#27;[37m-->&amp#27;[39m &amp#27;[37mGET&amp#27;[39m &amp#27;[37m/session/fe1e5e56-571c-4eb6-898d-5d5d3bd3a4b3/timeouts&amp#27;[39m
&amp#27;[38;5;0m[HTTP]&amp#27;[0m &amp#27;[90m{}&amp#27;[39m
&amp#27;[38;5;16m[AppiumDriver@b18f]&amp#27;[0m Encountered internal error running command: NoSuchDriverError: A session is either terminated or not started
&amp#27;[38;5;16m[AppiumDriver@b18f]&amp#27;[0m     at asyncHandler (C:\Users\Kvp\AppData\Roaming\npm\node_modules\appium\node_modules\@appium\base-driver\lib\protocol\protocol.js:315:15)
&amp#27;[38;5;16m[AppiumDriver@b18f]&amp#27;[0m     at C:\Users\Kvp\AppData\Roaming\npm\node_modules\appium\node_modules\@appium\base-driver\lib\protocol\protocol.js:518:15
&amp#27;[38;5;16m[AppiumDriver@b18f]&amp#27;[0m     at Layer.handle [as handle_request] (C:\Users\Kvp\AppData\Roaming\npm\node_modules\appium\node_modules\express\lib\router\layer.js:95:5)
&amp#27;[38;5;16m[AppiumDriver@b18f]&amp#27;[0m     at next (C:\Users\Kvp\AppData\Roaming\npm\node_modules\appium\node_modules\express\lib\router\route.js:144:13)
&amp#27;[38;5;16m[AppiumDriver@b18f]&amp#27;[0m     at Route.dispatch (C:\Users\Kvp\AppData\Roaming\npm\node_modules\appium\node_modules\express\lib\router\route.js:114:3)
&amp#27;[38;5;16m[AppiumDriver@b18f]&amp#27;[0m     at Layer.handle [as handle_request] (C:\Users\Kvp\AppData\Roaming\npm\node_modules\appium\node_modules\express\lib\router\layer.js:95:5)
&amp#27;[38;5;16m[AppiumDriver@b18f]&amp#27;[0m     at C:\Users\Kvp\AppData\Roaming\npm\node_modules\appium\node_modules\express\lib\router\index.js:284:15
&amp#27;[38;5;16m[AppiumDriver@b18f]&amp#27;[0m     at param (C:\Users\Kvp\AppData\Roaming\npm\node_modules\appium\node_modules\express\lib\router\index.js:365:14)
&amp#27;[38;5;16m[AppiumDriver@b18f]&amp#27;[0m     at param (C:\Users\Kvp\AppData\Roaming\npm\node_modules\appium\node_modules\express\lib\router\index.js:376:14)
&amp#27;[38;5;16m[AppiumDriver@b18f]&amp#27;[0m     at Function.process_params (C:\Users\Kvp\AppData\Roaming\npm\node_modules\appium\node_modules\express\lib\router\index.js:421:3)
&amp#27;[38;5;16m[AppiumDriver@b18f]&amp#27;[0m     at next (C:\Users\Kvp\AppData\Roaming\npm\node_modules\appium\node_modules\express\lib\router\index.js:280:10)
&amp#27;[38;5;16m[AppiumDriver@b18f]&amp#27;[0m     at logger (C:\Users\Kvp\AppData\Roaming\npm\node_modules\appium\node_modules\morgan\index.js:144:5)
&amp#27;[38;5;16m[AppiumDriver@b18f]&amp#27;[0m     at Layer.handle [as handle_request] (C:\Users\Kvp\AppData\Roaming\npm\node_modules\appium\node_modules\express\lib\router\layer.js:95:5)
&amp#27;[38;5;16m[AppiumDriver@b18f]&amp#27;[0m     at trim_prefix (C:\Users\Kvp\AppData\Roaming\npm\node_modules\appium\node_modules\express\lib\router\index.js:328:13)
&amp#27;[38;5;16m[AppiumDriver@b18f]&amp#27;[0m     at C:\Users\Kvp\AppData\Roaming\npm\node_modules\appium\node_modules\express\lib\router\index.js:286:9
&amp#27;[38;5;16m[AppiumDriver@b18f]&amp#27;[0m     at Function.process_params (C:\Users\Kvp\AppData\Roaming\npm\node_modules\appium\node_modules\express\lib\router\index.js:346:12)
&amp#27;[38;5;16m[AppiumDriver@b18f]&amp#27;[0m     at next (C:\Users\Kvp\AppData\Roaming\npm\node_modules\appium\node_modules\express\lib\router\index.js:280:10)
&amp#27;[38;5;16m[AppiumDriver@b18f]&amp#27;[0m     at jsonParser (C:\Users\Kvp\AppData\Roaming\npm\node_modules\appium\node_modules\body-parser\lib\types\json.js:113:7)
&amp#27;[38;5;16m[AppiumDriver@b18f]&amp#27;[0m     at Layer.handle [as handle_request] (C:\Users\Kvp\AppData\Roaming\npm\node_modules\appium\node_modules\express\lib\router\layer.js:95:5)
&amp#27;[38;5;16m[AppiumDriver@b18f]&amp#27;[0m     at trim_prefix (C:\Users\Kvp\AppData\Roaming\npm\node_modules\appium\node_modules\express\lib\router\index.js:328:13)
&amp#27;[38;5;16m[AppiumDriver@b18f]&amp#27;[0m     at C:\Users\Kvp\AppData\Roaming\npm\node_modules\appium\node_modules\express\lib\router\index.js:286:9
&amp#27;[38;5;16m[AppiumDriver@b18f]&amp#27;[0m     at Function.process_params (C:\Users\Kvp\AppData\Roaming\npm\node_modules\appium\node_modules\express\lib\router\index.js:346:12)
&amp#27;[38;5;0m[HTTP]&amp#27;[0m &amp#27;[37m<-- GET /session/fe1e5e56-571c-4eb6-898d-5d5d3bd3a4b3/timeouts &amp#27;[39m&amp#27;[33m404&amp#27;[39m &amp#27;[90m4 ms - 3187&amp#27;[39m
&amp#27;[38;5;0m[HTTP]&amp#27;[0m &amp#27;[90m&amp#27;[39m
&amp#27;[38;5;0m[HTTP]&amp#27;[0m &amp#27;[37m-->&amp#27;[39m &amp#27;[37mPOST&amp#27;[39m &amp#27;[37m/session/8a4c5d39-9059-4535-92f2-b9cd751f3967/elements&amp#27;[39m
&amp#27;[38;5;0m[HTTP]&amp#27;[0m &amp#27;[90m{"value":"//android.view.View[3]","using":"xpath"}&amp#27;[39m
&amp#27;[38;5;32m[AndroidUiautomator2Driver@f6fc (8a4c5d39)]&amp#27;[0m Calling AppiumDriver.findElements() with args: ["xpath","//android.view.View[3]","8a4c5d39-9059-4535-92f2-b9cd751f3967"]
&amp#27;[38;5;32m[AndroidUiautomator2Driver@f6fc (8a4c5d39)]&amp#27;[0m Valid locator strategies for this request: xpath, id, class name, accessibility id, css selector, -android uiautomator
&amp#27;[38;5;32m[AndroidUiautomator2Driver@f6fc (8a4c5d39)]&amp#27;[0m Waiting up to 10000 ms for condition
&amp#27;[38;5;32m[AndroidUiautomator2Driver@f6fc (8a4c5d39)]&amp#27;[0m Matched '/elements' to command name 'findElements'
&amp#27;[38;5;32m[AndroidUiautomator2Driver@f6fc (8a4c5d39)]&amp#27;[0m Proxying [POST /elements] to [POST http://127.0.0.1:8201/session/2033ac06-ca71-4f8f-9ae6-f068b15350dc/elements] with body: {"strategy":"xpath","selector":"//android.view.View[3]","context":"","multiple":true}
&amp#27;[38;5;32m[AndroidUiautomator2Driver@f6fc (8a4c5d39)]&amp#27;[0m Got response with status 200: {"sessionId":"2033ac06-ca71-4f8f-9ae6-f068b15350dc","value":[{"ELEMENT":"00000000-0000-00b4-0000-000c00000003","element-6066-11e4-a52e-4f735466cecf":"00000000-0000-00b4-0000-000c00000003"},{"ELEMENT":"00000000-0000-00b4-0000-001200000003","element-6066-11e4-a52e-4f735466cecf":"00000000-0000-00b4-0000-001200000003"}]}
&amp#27;[38;5;32m[AndroidUiautomator2Driver@f6fc (8a4c5d39)]&amp#27;[0m Responding to client with driver.findElements() result: [{"element-6066-11e4-a52e-4f735466cecf":"00000000-0000-00b4-0000-000c00000003","ELEMENT":"00000000-0000-00b4-0000-000c00000003"},{"element-6066-11e4-a52e-4f735466cecf":"00000000-0000-00b4-0000-001200000003","ELEMENT":"00000000-0000-00b4-0000-001200000003"}]
&amp#27;[38;5;0m[HTTP]&amp#27;[0m &amp#27;[37m<-- POST /session/8a4c5d39-9059-4535-92f2-b9cd751f3967/elements &amp#27;[39m&amp#27;[32m200&amp#27;[39m &amp#27;[90m68 ms - 267&amp#27;[39m
&amp#27;[38;5;0m[HTTP]&amp#27;[0m &amp#27;[90m&amp#27;[39m
&amp#27;[38;5;0m[HTTP]&amp#27;[0m &amp#27;[37m-->&amp#27;[39m &amp#27;[37mGET&amp#27;[39m &amp#27;[37m/session/8a4c5d39-9059-4535-92f2-b9cd751f3967/element/00000000-0000-00b4-0000-000c00000003/attribute/content-desc&amp#27;[39m
&amp#27;[38;5;0m[HTTP]&amp#27;[0m &amp#27;[90m{}&amp#27;[39m
&amp#27;[38;5;32m[AndroidUiautomator2Driver@f6fc (8a4c5d39)]&amp#27;[0m Calling AppiumDriver.getAttribute() with args: ["content-desc","00000000-0000-00b4-0000-000c00000003","8a4c5d39-9059-4535-92f2-b9cd751f3967"]
&amp#27;[38;5;32m[AndroidUiautomator2Driver@f6fc (8a4c5d39)]&amp#27;[0m Matched '/element/00000000-0000-00b4-0000-000c00000003/attribute/content-desc' to command name 'getAttribute'
&amp#27;[38;5;32m[AndroidUiautomator2Driver@f6fc (8a4c5d39)]&amp#27;[0m Proxying [GET /element/00000000-0000-00b4-0000-000c00000003/attribute/content-desc] to [GET http://127.0.0.1:8201/session/2033ac06-ca71-4f8f-9ae6-f068b15350dc/element/00000000-0000-00b4-0000-000c00000003/attribute/content-desc] with no body
&amp#27;[38;5;32m[AndroidUiautomator2Driver@f6fc (8a4c5d39)]&amp#27;[0m Got response with status 200: {"sessionId":"2033ac06-ca71-4f8f-9ae6-f068b15350dc","value":"February 2024"}
&amp#27;[38;5;32m[AndroidUiautomator2Driver@f6fc (8a4c5d39)]&amp#27;[0m Responding to client with driver.getAttribute() result: "February 2024"
&amp#27;[38;5;0m[HTTP]&amp#27;[0m &amp#27;[37m<-- GET /session/8a4c5d39-9059-4535-92f2-b9cd751f3967/element/00000000-0000-00b4-0000-000c00000003/attribute/content-desc &amp#27;[39m&amp#27;[32m200&amp#27;[39m &amp#27;[90m19 ms - 25&amp#27;[39m
&amp#27;[38;5;0m[HTTP]&amp#27;[0m &amp#27;[90m&amp#27;[39m
&amp#27;[38;5;0m[HTTP]&amp#27;[0m &amp#27;[37m-->&amp#27;[39m &amp#27;[37mPOST&amp#27;[39m &amp#27;[37m/session/8a4c5d39-9059-4535-92f2-b9cd751f3967/elements&amp#27;[39m
&amp#27;[38;5;0m[HTTP]&amp#27;[0m &amp#27;[90m{"value":"//android.view.View[3]","using":"xpath"}&amp#27;[39m
&amp#27;[38;5;32m[AndroidUiautomator2Driver@f6fc (8a4c5d39)]&amp#27;[0m Calling AppiumDriver.findElements() with args: ["xpath","//android.view.View[3]","8a4c5d39-9059-4535-92f2-b9cd751f3967"]
&amp#27;[38;5;32m[AndroidUiautomator2Driver@f6fc (8a4c5d39)]&amp#27;[0m Valid locator strategies for this request: xpath, id, class name, accessibility id, css selector, -android uiautomator
&amp#27;[38;5;32m[AndroidUiautomator2Driver@f6fc (8a4c5d39)]&amp#27;[0m Waiting up to 10000 ms for condition
&amp#27;[38;5;32m[AndroidUiautomator2Driver@f6fc (8a4c5d39)]&amp#27;[0m Matched '/elements' to command name 'findElements'
&amp#27;[38;5;32m[AndroidUiautomator2Driver@f6fc (8a4c5d39)]&amp#27;[0m Proxying [POST /elements] to [POST http://127.0.0.1:8201/session/2033ac06-ca71-4f8f-9ae6-f068b15350dc/elements] with body: {"strategy":"xpath","selector":"//android.view.View[3]","context":"","multiple":true}
&amp#27;[38;5;32m[AndroidUiautomator2Driver@f6fc (8a4c5d39)]&amp#27;[0m Got response with status 200: {"sessionId":"2033ac06-ca71-4f8f-9ae6-f068b15350dc","value":[{"ELEMENT":"00000000-0000-00b4-0000-000c00000003","element-6066-11e4-a52e-4f735466cecf":"00000000-0000-00b4-0000-000c00000003"},{"ELEMENT":"00000000-0000-00b4-0000-001200000003","element-6066-11e4-a52e-4f735466cecf":"00000000-0000-00b4-0000-001200000003"}]}
&amp#27;[38;5;32m[AndroidUiautomator2Driver@f6fc (8a4c5d39)]&amp#27;[0m Responding to client with driver.findElements() result: [{"element-6066-11e4-a52e-4f735466cecf":"00000000-0000-00b4-0000-000c00000003","ELEMENT":"00000000-0000-00b4-0000-000c00000003"},{"element-6066-11e4-a52e-4f735466cecf":"00000000-0000-00b4-0000-001200000003","ELEMENT":"00000000-0000-00b4-0000-001200000003"}]
&amp#27;[38;5;0m[HTTP]&amp#27;[0m &amp#27;[37m<-- POST /session/8a4c5d39-9059-4535-92f2-b9cd751f3967/elements &amp#27;[39m&amp#27;[32m200&amp#27;[39m &amp#27;[90m68 ms - 267&amp#27;[39m
&amp#27;[38;5;0m[HTTP]&amp#27;[0m &amp#27;[90m&amp#27;[39m
&amp#27;[38;5;0m[HTTP]&amp#27;[0m &amp#27;[37m-->&amp#27;[39m &amp#27;[37mGET&amp#27;[39m &amp#27;[37m/session/8a4c5d39-9059-4535-92f2-b9cd751f3967/element/00000000-0000-00b4-0000-000c00000003/attribute/content-desc&amp#27;[39m
&amp#27;[38;5;0m[HTTP]&amp#27;[0m &amp#27;[90m{}&amp#27;[39m
&amp#27;[38;5;32m[AndroidUiautomator2Driver@f6fc (8a4c5d39)]&amp#27;[0m Calling AppiumDriver.getAttribute() with args: ["content-desc","00000000-0000-00b4-0000-000c00000003","8a4c5d39-9059-4535-92f2-b9cd751f3967"]
&amp#27;[38;5;32m[AndroidUiautomator2Driver@f6fc (8a4c5d39)]&amp#27;[0m Matched '/element/00000000-0000-00b4-0000-000c00000003/attribute/content-desc' to command name 'getAttribute'
&amp#27;[38;5;32m[AndroidUiautomator2Driver@f6fc (8a4c5d39)]&amp#27;[0m Proxying [GET /element/00000000-0000-00b4-0000-000c00000003/attribute/content-desc] to [GET http://127.0.0.1:8201/session/2033ac06-ca71-4f8f-9ae6-f068b15350dc/element/00000000-0000-00b4-0000-000c00000003/attribute/content-desc] with no body
&amp#27;[38;5;32m[AndroidUiautomator2Driver@f6fc (8a4c5d39)]&amp#27;[0m Got response with status 200: {"sessionId":"2033ac06-ca71-4f8f-9ae6-f068b15350dc","value":"February 2024"}
&amp#27;[38;5;32m[AndroidUiautomator2Driver@f6fc (8a4c5d39)]&amp#27;[0m Responding to client with driver.getAttribute() result: "February 2024"
&amp#27;[38;5;0m[HTTP]&amp#27;[0m &amp#27;[37m<-- GET /session/8a4c5d39-9059-4535-92f2-b9cd751f3967/element/00000000-0000-00b4-0000-000c00000003/attribute/content-desc &amp#27;[39m&amp#27;[32m200&amp#27;[39m &amp#27;[90m20 ms - 25&amp#27;[39m
&amp#27;[38;5;0m[HTTP]&amp#27;[0m &amp#27;[90m&amp#27;[39m
&amp#27;[38;5;0m[HTTP]&amp#27;[0m &amp#27;[37m-->&amp#27;[39m &amp#27;[37mPOST&amp#27;[39m &amp#27;[37m/session/8a4c5d39-9059-4535-92f2-b9cd751f3967/elements&amp#27;[39m
&amp#27;[38;5;0m[HTTP]&amp#27;[0m &amp#27;[90m{"value":"//android.view.View[3]","using":"xpath"}&amp#27;[39m
&amp#27;[38;5;32m[AndroidUiautomator2Driver@f6fc (8a4c5d39)]&amp#27;[0m Calling AppiumDriver.findElements() with args: ["xpath","//android.view.View[3]","8a4c5d39-9059-4535-92f2-b9cd751f3967"]
&amp#27;[38;5;32m[AndroidUiautomator2Driver@f6fc (8a4c5d39)]&amp#27;[0m Valid locator strategies for this request: xpath, id, class name, accessibility id, css selector, -android uiautomator
&amp#27;[38;5;32m[AndroidUiautomator2Driver@f6fc (8a4c5d39)]&amp#27;[0m Waiting up to 10000 ms for condition
&amp#27;[38;5;32m[AndroidUiautomator2Driver@f6fc (8a4c5d39)]&amp#27;[0m Matched '/elements' to command name 'findElements'
&amp#27;[38;5;32m[AndroidUiautomator2Driver@f6fc (8a4c5d39)]&amp#27;[0m Proxying [POST /elements] to [POST http://127.0.0.1:8201/session/2033ac06-ca71-4f8f-9ae6-f068b15350dc/elements] with body: {"strategy":"xpath","selector":"//android.view.View[3]","context":"","multiple":true}
&amp#27;[38;5;32m[AndroidUiautomator2Driver@f6fc (8a4c5d39)]&amp#27;[0m Got response with status 200: {"sessionId":"2033ac06-ca71-4f8f-9ae6-f068b15350dc","value":[{"ELEMENT":"00000000-0000-00b4-0000-000c00000003","element-6066-11e4-a52e-4f735466cecf":"00000000-0000-00b4-0000-000c00000003"},{"ELEMENT":"00000000-0000-00b4-0000-001200000003","element-6066-11e4-a52e-4f735466cecf":"00000000-0000-00b4-0000-001200000003"}]}
&amp#27;[38;5;32m[AndroidUiautomator2Driver@f6fc (8a4c5d39)]&amp#27;[0m Responding to client with driver.findElements() result: [{"element-6066-11e4-a52e-4f735466cecf":"00000000-0000-00b4-0000-000c00000003","ELEMENT":"00000000-0000-00b4-0000-000c00000003"},{"element-6066-11e4-a52e-4f735466cecf":"00000000-0000-00b4-0000-001200000003","ELEMENT":"00000000-0000-00b4-0000-001200000003"}]
&amp#27;[38;5;0m[HTTP]&amp#27;[0m &amp#27;[37m<-- POST /session/8a4c5d39-9059-4535-92f2-b9cd751f3967/elements &amp#27;[39m&amp#27;[32m200&amp#27;[39m &amp#27;[90m81 ms - 267&amp#27;[39m
&amp#27;[38;5;0m[HTTP]&amp#27;[0m &amp#27;[90m&amp#27;[39m
&amp#27;[38;5;0m[HTTP]&amp#27;[0m &amp#27;[37m-->&amp#27;[39m &amp#27;[37mGET&amp#27;[39m &amp#27;[37m/session/8a4c5d39-9059-4535-92f2-b9cd751f3967/element/00000000-0000-00b4-0000-000c00000003/attribute/content-desc&amp#27;[39m
&amp#27;[38;5;0m[HTTP]&amp#27;[0m &amp#27;[90m{}&amp#27;[39m
&amp#27;[38;5;32m[AndroidUiautomator2Driver@f6fc (8a4c5d39)]&amp#27;[0m Calling AppiumDriver.getAttribute() with args: ["content-desc","00000000-0000-00b4-0000-000c00000003","8a4c5d39-9059-4535-92f2-b9cd751f3967"]
&amp#27;[38;5;32m[AndroidUiautomator2Driver@f6fc (8a4c5d39)]&amp#27;[0m Matched '/element/00000000-0000-00b4-0000-000c00000003/attribute/content-desc' to command name 'getAttribute'
&amp#27;[38;5;32m[AndroidUiautomator2Driver@f6fc (8a4c5d39)]&amp#27;[0m Proxying [GET /element/00000000-0000-00b4-0000-000c00000003/attribute/content-desc] to [GET http://127.0.0.1:8201/session/2033ac06-ca71-4f8f-9ae6-f068b15350dc/element/00000000-0000-00b4-0000-000c00000003/attribute/content-desc] with no body
&amp#27;[38;5;32m[AndroidUiautomator2Driver@f6fc (8a4c5d39)]&amp#27;[0m Got response with status 200: {"sessionId":"2033ac06-ca71-4f8f-9ae6-f068b15350dc","value":"February 2024"}
&amp#27;[38;5;32m[AndroidUiautomator2Driver@f6fc (8a4c5d39)]&amp#27;[0m Responding to client with driver.getAttribute() result: "February 2024"
&amp#27;[38;5;0m[HTTP]&amp#27;[0m &amp#27;[37m<-- GET /session/8a4c5d39-9059-4535-92f2-b9cd751f3967/element/00000000-0000-00b4-0000-000c00000003/attribute/content-desc &amp#27;[39m&amp#27;[32m200&amp#27;[39m &amp#27;[90m24 ms - 25&amp#27;[39m
&amp#27;[38;5;0m[HTTP]&amp#27;[0m &amp#27;[90m&amp#27;[39m
&amp#27;[38;5;0m[HTTP]&amp#27;[0m &amp#27;[37m-->&amp#27;[39m &amp#27;[37mPOST&amp#27;[39m &amp#27;[37m/session/8a4c5d39-9059-4535-92f2-b9cd751f3967/element&amp#27;[39m
&amp#27;[38;5;0m[HTTP]&amp#27;[0m &amp#27;[90m{"value":"//android.view.View[5]/android.view.View/android.view.View/android.view.View[5]","using":"xpath"}&amp#27;[39m
&amp#27;[38;5;32m[AndroidUiautomator2Driver@f6fc (8a4c5d39)]&amp#27;[0m Calling AppiumDriver.findElement() with args: ["xpath","//android.view.View[5]/android.view.View/android.view.View/android.view.View[5]","8a4c5d39-9059-4535-92f2-b9cd751f3967"]
&amp#27;[38;5;32m[AndroidUiautomator2Driver@f6fc (8a4c5d39)]&amp#27;[0m Valid locator strategies for this request: xpath, id, class name, accessibility id, css selector, -android uiautomator
&amp#27;[38;5;32m[AndroidUiautomator2Driver@f6fc (8a4c5d39)]&amp#27;[0m Waiting up to 10000 ms for condition
&amp#27;[38;5;32m[AndroidUiautomator2Driver@f6fc (8a4c5d39)]&amp#27;[0m Matched '/element' to command name 'findElement'
&amp#27;[38;5;32m[AndroidUiautomator2Driver@f6fc (8a4c5d39)]&amp#27;[0m Proxying [POST /element] to [POST http://127.0.0.1:8201/session/2033ac06-ca71-4f8f-9ae6-f068b15350dc/element] with body: {"strategy":"xpath","selector":"//android.view.View[5]/android.view.View/android.view.View/android.view.View[5]","context":"","multiple":false}
&amp#27;[38;5;32m[AndroidUiautomator2Driver@f6fc (8a4c5d39)]&amp#27;[0m Got response with status 200: {"sessionId":"2033ac06-ca71-4f8f-9ae6-f068b15350dc","value":{"ELEMENT":"00000000-0000-00b4-0000-001400000003","element-6066-11e4-a52e-4f735466cecf":"00000000-0000-00b4-0000-001400000003"}}
&amp#27;[38;5;32m[AndroidUiautomator2Driver@f6fc (8a4c5d39)]&amp#27;[0m Responding to client with driver.findElement() result: {"element-6066-11e4-a52e-4f735466cecf":"00000000-0000-00b4-0000-001400000003","ELEMENT":"00000000-0000-00b4-0000-001400000003"}
&amp#27;[38;5;0m[HTTP]&amp#27;[0m &amp#27;[37m<-- POST /session/8a4c5d39-9059-4535-92f2-b9cd751f3967/element &amp#27;[39m&amp#27;[32m200&amp#27;[39m &amp#27;[90m61 ms - 137&amp#27;[39m
&amp#27;[38;5;0m[HTTP]&amp#27;[0m &amp#27;[90m&amp#27;[39m
&amp#27;[38;5;0m[HTTP]&amp#27;[0m &amp#27;[37m-->&amp#27;[39m &amp#27;[37mGET&amp#27;[39m &amp#27;[37m/session/8a4c5d39-9059-4535-92f2-b9cd751f3967/element/00000000-0000-00b4-0000-001400000003/attribute/content-desc&amp#27;[39m
&amp#27;[38;5;0m[HTTP]&amp#27;[0m &amp#27;[90m{}&amp#27;[39m
&amp#27;[38;5;32m[AndroidUiautomator2Driver@f6fc (8a4c5d39)]&amp#27;[0m Calling AppiumDriver.getAttribute() with args: ["content-desc","00000000-0000-00b4-0000-001400000003","8a4c5d39-9059-4535-92f2-b9cd751f3967"]
&amp#27;[38;5;32m[AndroidUiautomator2Driver@f6fc (8a4c5d39)]&amp#27;[0m Matched '/element/00000000-0000-00b4-0000-001400000003/attribute/content-desc' to command name 'getAttribute'
&amp#27;[38;5;32m[AndroidUiautomator2Driver@f6fc (8a4c5d39)]&amp#27;[0m Proxying [GET /element/00000000-0000-00b4-0000-001400000003/attribute/content-desc] to [GET http://127.0.0.1:8201/session/2033ac06-ca71-4f8f-9ae6-f068b15350dc/element/00000000-0000-00b4-0000-001400000003/attribute/content-desc] with no body
&amp#27;[38;5;32m[AndroidUiautomator2Driver@f6fc (8a4c5d39)]&amp#27;[0m Got response with status 200: {"sessionId":"2033ac06-ca71-4f8f-9ae6-f068b15350dc","value":"Thursday, February 29, 2024"}
&amp#27;[38;5;32m[AndroidUiautomator2Driver@f6fc (8a4c5d39)]&amp#27;[0m Responding to client with driver.getAttribute() result: "Thursday, February 29, 2024"
&amp#27;[38;5;0m[HTTP]&amp#27;[0m &amp#27;[37m<-- GET /session/8a4c5d39-9059-4535-92f2-b9cd751f3967/element/00000000-0000-00b4-0000-001400000003/attribute/content-desc &amp#27;[39m&amp#27;[32m200&amp#27;[39m &amp#27;[90m19 ms - 39&amp#27;[39m
&amp#27;[38;5;0m[HTTP]&amp#27;[0m &amp#27;[90m&amp#27;[39m
&amp#27;[38;5;0m[HTTP]&amp#27;[0m &amp#27;[37m-->&amp#27;[39m &amp#27;[37mPOST&amp#27;[39m &amp#27;[37m/session/8a4c5d39-9059-4535-92f2-b9cd751f3967/element&amp#27;[39m
&amp#27;[38;5;0m[HTTP]&amp#27;[0m &amp#27;[90m{"value":"//android.view.View[5]/android.view.View/android.view.View/android.view.View[5]","using":"xpath"}&amp#27;[39m
&amp#27;[38;5;32m[AndroidUiautomator2Driver@f6fc (8a4c5d39)]&amp#27;[0m Calling AppiumDriver.findElement() with args: ["xpath","//android.view.View[5]/android.view.View/android.view.View/android.view.View[5]","8a4c5d39-9059-4535-92f2-b9cd751f3967"]
&amp#27;[38;5;32m[AndroidUiautomator2Driver@f6fc (8a4c5d39)]&amp#27;[0m Valid locator strategies for this request: xpath, id, class name, accessibility id, css selector, -android uiautomator
&amp#27;[38;5;32m[AndroidUiautomator2Driver@f6fc (8a4c5d39)]&amp#27;[0m Waiting up to 10000 ms for condition
&amp#27;[38;5;32m[AndroidUiautomator2Driver@f6fc (8a4c5d39)]&amp#27;[0m Matched '/element' to command name 'findElement'
&amp#27;[38;5;32m[AndroidUiautomator2Driver@f6fc (8a4c5d39)]&amp#27;[0m Proxying [POST /element] to [POST http://127.0.0.1:8201/session/2033ac06-ca71-4f8f-9ae6-f068b15350dc/element] with body: {"strategy":"xpath","selector":"//android.view.View[5]/android.view.View/android.view.View/android.view.View[5]","context":"","multiple":false}
&amp#27;[38;5;32m[AndroidUiautomator2Driver@f6fc (8a4c5d39)]&amp#27;[0m Got response with status 200: {"sessionId":"2033ac06-ca71-4f8f-9ae6-f068b15350dc","value":{"ELEMENT":"00000000-0000-00b4-0000-001400000003","element-6066-11e4-a52e-4f735466cecf":"00000000-0000-00b4-0000-001400000003"}}
&amp#27;[38;5;32m[AndroidUiautomator2Driver@f6fc (8a4c5d39)]&amp#27;[0m Responding to client with driver.findElement() result: {"element-6066-11e4-a52e-4f735466cecf":"00000000-0000-00b4-0000-001400000003","ELEMENT":"00000000-0000-00b4-0000-001400000003"}
&amp#27;[38;5;0m[HTTP]&amp#27;[0m &amp#27;[37m<-- POST /session/8a4c5d39-9059-4535-92f2-b9cd751f3967/element &amp#27;[39m&amp#27;[32m200&amp#27;[39m &amp#27;[90m57 ms - 137&amp#27;[39m
&amp#27;[38;5;0m[HTTP]&amp#27;[0m &amp#27;[90m&amp#27;[39m
&amp#27;[38;5;0m[HTTP]&amp#27;[0m &amp#27;[37m-->&amp#27;[39m &amp#27;[37mGET&amp#27;[39m &amp#27;[37m/session/8a4c5d39-9059-4535-92f2-b9cd751f3967/element/00000000-0000-00b4-0000-001400000003/attribute/content-desc&amp#27;[39m
&amp#27;[38;5;0m[HTTP]&amp#27;[0m &amp#27;[90m{}&amp#27;[39m
&amp#27;[38;5;32m[AndroidUiautomator2Driver@f6fc (8a4c5d39)]&amp#27;[0m Calling AppiumDriver.getAttribute() with args: ["content-desc","00000000-0000-00b4-0000-001400000003","8a4c5d39-9059-4535-92f2-b9cd751f3967"]
&amp#27;[38;5;32m[AndroidUiautomator2Driver@f6fc (8a4c5d39)]&amp#27;[0m Matched '/element/00000000-0000-00b4-0000-001400000003/attribute/content-desc' to command name 'getAttribute'
&amp#27;[38;5;32m[AndroidUiautomator2Driver@f6fc (8a4c5d39)]&amp#27;[0m Proxying [GET /element/00000000-0000-00b4-0000-001400000003/attribute/content-desc] to [GET http://127.0.0.1:8201/session/2033ac06-ca71-4f8f-9ae6-f068b15350dc/element/00000000-0000-00b4-0000-001400000003/attribute/content-desc] with no body
&amp#27;[38;5;32m[AndroidUiautomator2Driver@f6fc (8a4c5d39)]&amp#27;[0m Got response with status 200: {"sessionId":"2033ac06-ca71-4f8f-9ae6-f068b15350dc","value":"Thursday, February 29, 2024"}
&amp#27;[38;5;32m[AndroidUiautomator2Driver@f6fc (8a4c5d39)]&amp#27;[0m Responding to client with driver.getAttribute() result: "Thursday, February 29, 2024"
&amp#27;[38;5;0m[HTTP]&amp#27;[0m &amp#27;[37m<-- GET /session/8a4c5d39-9059-4535-92f2-b9cd751f3967/element/00000000-0000-00b4-0000-001400000003/attribute/content-desc &amp#27;[39m&amp#27;[32m200&amp#27;[39m &amp#27;[90m16 ms - 39&amp#27;[39m
&amp#27;[38;5;0m[HTTP]&amp#27;[0m &amp#27;[90m&amp#27;[39m
&amp#27;[38;5;0m[HTTP]&amp#27;[0m &amp#27;[37m-->&amp#27;[39m &amp#27;[37mPOST&amp#27;[39m &amp#27;[37m/session/8a4c5d39-9059-4535-92f2-b9cd751f3967/touch/perform&amp#27;[39m
&amp#27;[38;5;0m[HTTP]&amp#27;[0m &amp#27;[90m{"actions":[{"action":"press","options":{"x":100,"y":474}},{"action":"moveTo","options":{"x":936,"y":474}},{"action":"release","options":{}}]}&amp#27;[39m
&amp#27;[38;5;32m[AndroidUiautomator2Driver@f6fc (8a4c5d39)]&amp#27;[0m Calling AppiumDriver.performTouch() with args: [[{"action":"press","options":{"x":100,"y":474}},{"action":"moveTo","options":{"x":936,"y":474}},{"action":"release","options":{}}],"8a4c5d39-9059-4535-92f2-b9cd751f3967"]
&amp#27;[38;5;32m[AndroidUiautomator2Driver@f6fc (8a4c5d39)]&amp#27;[0m Matched '/touch/down' to command name 'touchDown'
&amp#27;[38;5;32m[AndroidUiautomator2Driver@f6fc (8a4c5d39)]&amp#27;[0m Proxying [POST /touch/down] to [POST http://127.0.0.1:8201/session/2033ac06-ca71-4f8f-9ae6-f068b15350dc/touch/down] with body: {"params":{"element":"","x":100,"y":474}}
&amp#27;[38;5;32m[AndroidUiautomator2Driver@f6fc (8a4c5d39)]&amp#27;[0m Got response with status 200: {"sessionId":"2033ac06-ca71-4f8f-9ae6-f068b15350dc","value":null}
&amp#27;[38;5;32m[AndroidUiautomator2Driver@f6fc (8a4c5d39)]&amp#27;[0m Matched '/touch/move' to command name 'touchMove'
&amp#27;[38;5;32m[AndroidUiautomator2Driver@f6fc (8a4c5d39)]&amp#27;[0m Proxying [POST /touch/move] to [POST http://127.0.0.1:8201/session/2033ac06-ca71-4f8f-9ae6-f068b15350dc/touch/move] with body: {"params":{"element":"","x":936,"y":474}}
&amp#27;[38;5;32m[AndroidUiautomator2Driver@f6fc (8a4c5d39)]&amp#27;[0m Got response with status 200: {"sessionId":"2033ac06-ca71-4f8f-9ae6-f068b15350dc","value":null}
&amp#27;[38;5;32m[AndroidUiautomator2Driver@f6fc (8a4c5d39)]&amp#27;[0m Matched '/touch/up' to command name 'touchUp'
&amp#27;[38;5;32m[AndroidUiautomator2Driver@f6fc (8a4c5d39)]&amp#27;[0m Proxying [POST /touch/up] to [POST http://127.0.0.1:8201/session/2033ac06-ca71-4f8f-9ae6-f068b15350dc/touch/up] with body: {"params":{"element":"undefined","x":936,"y":474}}
&amp#27;[38;5;32m[AndroidUiautomator2Driver@f6fc (8a4c5d39)]&amp#27;[0m Got response with status 200: {"sessionId":"2033ac06-ca71-4f8f-9ae6-f068b15350dc","value":null}
&amp#27;[38;5;32m[AndroidUiautomator2Driver@f6fc (8a4c5d39)]&amp#27;[0m Responding to client with driver.performTouch() result: null
&amp#27;[38;5;0m[HTTP]&amp#27;[0m &amp#27;[37m<-- POST /session/8a4c5d39-9059-4535-92f2-b9cd751f3967/touch/perform &amp#27;[39m&amp#27;[32m200&amp#27;[39m &amp#27;[90m2374 ms - 14&amp#27;[39m
&amp#27;[38;5;0m[HTTP]&amp#27;[0m &amp#27;[90m&amp#27;[39m
&amp#27;[38;5;0m[HTTP]&amp#27;[0m &amp#27;[37m-->&amp#27;[39m &amp#27;[37mPOST&amp#27;[39m &amp#27;[37m/session/8a4c5d39-9059-4535-92f2-b9cd751f3967/element&amp#27;[39m
&amp#27;[38;5;0m[HTTP]&amp#27;[0m &amp#27;[90m{"value":"//android.view.View[5]/android.view.View/android.view.View/android.view.View[5]","using":"xpath"}&amp#27;[39m
&amp#27;[38;5;32m[AndroidUiautomator2Driver@f6fc (8a4c5d39)]&amp#27;[0m Calling AppiumDriver.findElement() with args: ["xpath","//android.view.View[5]/android.view.View/android.view.View/android.view.View[5]","8a4c5d39-9059-4535-92f2-b9cd751f3967"]
&amp#27;[38;5;32m[AndroidUiautomator2Driver@f6fc (8a4c5d39)]&amp#27;[0m Valid locator strategies for this request: xpath, id, class name, accessibility id, css selector, -android uiautomator
&amp#27;[38;5;32m[AndroidUiautomator2Driver@f6fc (8a4c5d39)]&amp#27;[0m Waiting up to 10000 ms for condition
&amp#27;[38;5;32m[AndroidUiautomator2Driver@f6fc (8a4c5d39)]&amp#27;[0m Matched '/element' to command name 'findElement'
&amp#27;[38;5;32m[AndroidUiautomator2Driver@f6fc (8a4c5d39)]&amp#27;[0m Proxying [POST /element] to [POST http://127.0.0.1:8201/session/2033ac06-ca71-4f8f-9ae6-f068b15350dc/element] with body: {"strategy":"xpath","selector":"//android.view.View[5]/android.view.View/android.view.View/android.view.View[5]","context":"","multiple":false}
&amp#27;[38;5;32m[AndroidUiautomator2Driver@f6fc (8a4c5d39)]&amp#27;[0m Got response with status 200: {"sessionId":"2033ac06-ca71-4f8f-9ae6-f068b15350dc","value":{"ELEMENT":"00000000-0000-00b4-0000-002300000003","element-6066-11e4-a52e-4f735466cecf":"00000000-0000-00b4-0000-002300000003"}}
&amp#27;[38;5;32m[AndroidUiautomator2Driver@f6fc (8a4c5d39)]&amp#27;[0m Responding to client with driver.findElement() result: {"element-6066-11e4-a52e-4f735466cecf":"00000000-0000-00b4-0000-002300000003","ELEMENT":"00000000-0000-00b4-0000-002300000003"}
&amp#27;[38;5;0m[HTTP]&amp#27;[0m &amp#27;[37m<-- POST /session/8a4c5d39-9059-4535-92f2-b9cd751f3967/element &amp#27;[39m&amp#27;[32m200&amp#27;[39m &amp#27;[90m58 ms - 137&amp#27;[39m
&amp#27;[38;5;0m[HTTP]&amp#27;[0m &amp#27;[90m&amp#27;[39m
&amp#27;[38;5;0m[HTTP]&amp#27;[0m &amp#27;[37m-->&amp#27;[39m &amp#27;[37mGET&amp#27;[39m &amp#27;[37m/session/8a4c5d39-9059-4535-92f2-b9cd751f3967/element/00000000-0000-00b4-0000-002300000003/attribute/content-desc&amp#27;[39m
&amp#27;[38;5;0m[HTTP]&amp#27;[0m &amp#27;[90m{}&amp#27;[39m
&amp#27;[38;5;32m[AndroidUiautomator2Driver@f6fc (8a4c5d39)]&amp#27;[0m Calling AppiumDriver.getAttribute() with args: ["content-desc","00000000-0000-00b4-0000-002300000003","8a4c5d39-9059-4535-92f2-b9cd751f3967"]
&amp#27;[38;5;32m[AndroidUiautomator2Driver@f6fc (8a4c5d39)]&amp#27;[0m Matched '/element/00000000-0000-00b4-0000-002300000003/attribute/content-desc' to command name 'getAttribute'
&amp#27;[38;5;32m[AndroidUiautomator2Driver@f6fc (8a4c5d39)]&amp#27;[0m Proxying [GET /element/00000000-0000-00b4-0000-002300000003/attribute/content-desc] to [GET http://127.0.0.1:8201/session/2033ac06-ca71-4f8f-9ae6-f068b15350dc/element/00000000-0000-00b4-0000-002300000003/attribute/content-desc] with no body
&amp#27;[38;5;32m[AndroidUiautomator2Driver@f6fc (8a4c5d39)]&amp#27;[0m Got response with status 200: {"sessionId":"2033ac06-ca71-4f8f-9ae6-f068b15350dc","value":"Thursday, February 22, 2024"}
&amp#27;[38;5;32m[AndroidUiautomator2Driver@f6fc (8a4c5d39)]&amp#27;[0m Responding to client with driver.getAttribute() result: "Thursday, February 22, 2024"
&amp#27;[38;5;0m[HTTP]&amp#27;[0m &amp#27;[37m<-- GET /session/8a4c5d39-9059-4535-92f2-b9cd751f3967/element/00000000-0000-00b4-0000-002300000003/attribute/content-desc &amp#27;[39m&amp#27;[32m200&amp#27;[39m &amp#27;[90m19 ms - 39&amp#27;[39m
&amp#27;[38;5;0m[HTTP]&amp#27;[0m &amp#27;[90m&amp#27;[39m
&amp#27;[38;5;0m[HTTP]&amp#27;[0m &amp#27;[37m-->&amp#27;[39m &amp#27;[37mPOST&amp#27;[39m &amp#27;[37m/session/8a4c5d39-9059-4535-92f2-b9cd751f3967/element&amp#27;[39m
&amp#27;[38;5;0m[HTTP]&amp#27;[0m &amp#27;[90m{"value":"//android.view.View[5]/android.view.View/android.view.View/android.view.View[5]","using":"xpath"}&amp#27;[39m
&amp#27;[38;5;32m[AndroidUiautomator2Driver@f6fc (8a4c5d39)]&amp#27;[0m Calling AppiumDriver.findElement() with args: ["xpath","//android.view.View[5]/android.view.View/android.view.View/android.view.View[5]","8a4c5d39-9059-4535-92f2-b9cd751f3967"]
&amp#27;[38;5;32m[AndroidUiautomator2Driver@f6fc (8a4c5d39)]&amp#27;[0m Valid locator strategies for this request: xpath, id, class name, accessibility id, css selector, -android uiautomator
&amp#27;[38;5;32m[AndroidUiautomator2Driver@f6fc (8a4c5d39)]&amp#27;[0m Waiting up to 10000 ms for condition
&amp#27;[38;5;32m[AndroidUiautomator2Driver@f6fc (8a4c5d39)]&amp#27;[0m Matched '/element' to command name 'findElement'
&amp#27;[38;5;32m[AndroidUiautomator2Driver@f6fc (8a4c5d39)]&amp#27;[0m Proxying [POST /element] to [POST http://127.0.0.1:8201/session/2033ac06-ca71-4f8f-9ae6-f068b15350dc/element] with body: {"strategy":"xpath","selector":"//android.view.View[5]/android.view.View/android.view.View/android.view.View[5]","context":"","multiple":false}
&amp#27;[38;5;32m[AndroidUiautomator2Driver@f6fc (8a4c5d39)]&amp#27;[0m Got response with status 200: {"sessionId":"2033ac06-ca71-4f8f-9ae6-f068b15350dc","value":{"ELEMENT":"00000000-0000-00b4-0000-002300000003","element-6066-11e4-a52e-4f735466cecf":"00000000-0000-00b4-0000-002300000003"}}
&amp#27;[38;5;32m[AndroidUiautomator2Driver@f6fc (8a4c5d39)]&amp#27;[0m Responding to client with driver.findElement() result: {"element-6066-11e4-a52e-4f735466cecf":"00000000-0000-00b4-0000-002300000003","ELEMENT":"00000000-0000-00b4-0000-002300000003"}
&amp#27;[38;5;0m[HTTP]&amp#27;[0m &amp#27;[37m<-- POST /session/8a4c5d39-9059-4535-92f2-b9cd751f3967/element &amp#27;[39m&amp#27;[32m200&amp#27;[39m &amp#27;[90m57 ms - 137&amp#27;[39m
&amp#27;[38;5;0m[HTTP]&amp#27;[0m &amp#27;[90m&amp#27;[39m
&amp#27;[38;5;0m[HTTP]&amp#27;[0m &amp#27;[37m-->&amp#27;[39m &amp#27;[37mGET&amp#27;[39m &amp#27;[37m/session/8a4c5d39-9059-4535-92f2-b9cd751f3967/element/00000000-0000-00b4-0000-002300000003/attribute/content-desc&amp#27;[39m
&amp#27;[38;5;0m[HTTP]&amp#27;[0m &amp#27;[90m{}&amp#27;[39m
&amp#27;[38;5;32m[AndroidUiautomator2Driver@f6fc (8a4c5d39)]&amp#27;[0m Calling AppiumDriver.getAttribute() with args: ["content-desc","00000000-0000-00b4-0000-002300000003","8a4c5d39-9059-4535-92f2-b9cd751f3967"]
&amp#27;[38;5;32m[AndroidUiautomator2Driver@f6fc (8a4c5d39)]&amp#27;[0m Matched '/element/00000000-0000-00b4-0000-002300000003/attribute/content-desc' to command name 'getAttribute'
&amp#27;[38;5;32m[AndroidUiautomator2Driver@f6fc (8a4c5d39)]&amp#27;[0m Proxying [GET /element/00000000-0000-00b4-0000-002300000003/attribute/content-desc] to [GET http://127.0.0.1:8201/session/2033ac06-ca71-4f8f-9ae6-f068b15350dc/element/00000000-0000-00b4-0000-002300000003/attribute/content-desc] with no body
&amp#27;[38;5;32m[AndroidUiautomator2Driver@f6fc (8a4c5d39)]&amp#27;[0m Got response with status 200: {"sessionId":"2033ac06-ca71-4f8f-9ae6-f068b15350dc","value":"Thursday, February 22, 2024"}
&amp#27;[38;5;32m[AndroidUiautomator2Driver@f6fc (8a4c5d39)]&amp#27;[0m Responding to client with driver.getAttribute() result: "Thursday, February 22, 2024"
&amp#27;[38;5;0m[HTTP]&amp#27;[0m &amp#27;[37m<-- GET /session/8a4c5d39-9059-4535-92f2-b9cd751f3967/element/00000000-0000-00b4-0000-002300000003/attribute/content-desc &amp#27;[39m&amp#27;[32m200&amp#27;[39m &amp#27;[90m16 ms - 39&amp#27;[39m
&amp#27;[38;5;0m[HTTP]&amp#27;[0m &amp#27;[90m&amp#27;[39m
&amp#27;[38;5;0m[HTTP]&amp#27;[0m &amp#27;[37m-->&amp#27;[39m &amp#27;[37mPOST&amp#27;[39m &amp#27;[37m/session/8a4c5d39-9059-4535-92f2-b9cd751f3967/touch/perform&amp#27;[39m
&amp#27;[38;5;0m[HTTP]&amp#27;[0m &amp#27;[90m{"actions":[{"action":"press","options":{"x":100,"y":474}},{"action":"moveTo","options":{"x":936,"y":474}},{"action":"release","options":{}}]}&amp#27;[39m
&amp#27;[38;5;32m[AndroidUiautomator2Driver@f6fc (8a4c5d39)]&amp#27;[0m Calling AppiumDriver.performTouch() with args: [[{"action":"press","options":{"x":100,"y":474}},{"action":"moveTo","options":{"x":936,"y":474}},{"action":"release","options":{}}],"8a4c5d39-9059-4535-92f2-b9cd751f3967"]
&amp#27;[38;5;32m[AndroidUiautomator2Driver@f6fc (8a4c5d39)]&amp#27;[0m Matched '/touch/down' to command name 'touchDown'
&amp#27;[38;5;32m[AndroidUiautomator2Driver@f6fc (8a4c5d39)]&amp#27;[0m Proxying [POST /touch/down] to [POST http://127.0.0.1:8201/session/2033ac06-ca71-4f8f-9ae6-f068b15350dc/touch/down] with body: {"params":{"element":"","x":100,"y":474}}
&amp#27;[38;5;32m[AndroidUiautomator2Driver@f6fc (8a4c5d39)]&amp#27;[0m Got response with status 200: {"sessionId":"2033ac06-ca71-4f8f-9ae6-f068b15350dc","value":null}
&amp#27;[38;5;32m[AndroidUiautomator2Driver@f6fc (8a4c5d39)]&amp#27;[0m Matched '/touch/move' to command name 'touchMove'
&amp#27;[38;5;32m[AndroidUiautomator2Driver@f6fc (8a4c5d39)]&amp#27;[0m Proxying [POST /touch/move] to [POST http://127.0.0.1:8201/session/2033ac06-ca71-4f8f-9ae6-f068b15350dc/touch/move] with body: {"params":{"element":"","x":936,"y":474}}
&amp#27;[38;5;32m[AndroidUiautomator2Driver@f6fc (8a4c5d39)]&amp#27;[0m Got response with status 200: {"sessionId":"2033ac06-ca71-4f8f-9ae6-f068b15350dc","value":null}
&amp#27;[38;5;32m[AndroidUiautomator2Driver@f6fc (8a4c5d39)]&amp#27;[0m Matched '/touch/up' to command name 'touchUp'
&amp#27;[38;5;32m[AndroidUiautomator2Driver@f6fc (8a4c5d39)]&amp#27;[0m Proxying [POST /touch/up] to [POST http://127.0.0.1:8201/session/2033ac06-ca71-4f8f-9ae6-f068b15350dc/touch/up] with body: {"params":{"element":"undefined","x":936,"y":474}}
&amp#27;[38;5;32m[AndroidUiautomator2Driver@f6fc (8a4c5d39)]&amp#27;[0m Got response with status 200: {"sessionId":"2033ac06-ca71-4f8f-9ae6-f068b15350dc","value":null}
&amp#27;[38;5;32m[AndroidUiautomator2Driver@f6fc (8a4c5d39)]&amp#27;[0m Responding to client with driver.performTouch() result: null
&amp#27;[38;5;0m[HTTP]&amp#27;[0m &amp#27;[37m<-- POST /session/8a4c5d39-9059-4535-92f2-b9cd751f3967/touch/perform &amp#27;[39m&amp#27;[32m200&amp#27;[39m &amp#27;[90m2330 ms - 14&amp#27;[39m
&amp#27;[38;5;0m[HTTP]&amp#27;[0m &amp#27;[90m&amp#27;[39m
&amp#27;[38;5;0m[HTTP]&amp#27;[0m &amp#27;[37m-->&amp#27;[39m &amp#27;[37mPOST&amp#27;[39m &amp#27;[37m/session/8a4c5d39-9059-4535-92f2-b9cd751f3967/element&amp#27;[39m
&amp#27;[38;5;0m[HTTP]&amp#27;[0m &amp#27;[90m{"value":"//android.view.View[5]/android.view.View/android.view.View/android.view.View[5]","using":"xpath"}&amp#27;[39m
&amp#27;[38;5;32m[AndroidUiautomator2Driver@f6fc (8a4c5d39)]&amp#27;[0m Calling AppiumDriver.findElement() with args: ["xpath","//android.view.View[5]/android.view.View/android.view.View/android.view.View[5]","8a4c5d39-9059-4535-92f2-b9cd751f3967"]
&amp#27;[38;5;32m[AndroidUiautomator2Driver@f6fc (8a4c5d39)]&amp#27;[0m Valid locator strategies for this request: xpath, id, class name, accessibility id, css selector, -android uiautomator
&amp#27;[38;5;32m[AndroidUiautomator2Driver@f6fc (8a4c5d39)]&amp#27;[0m Waiting up to 10000 ms for condition
&amp#27;[38;5;32m[AndroidUiautomator2Driver@f6fc (8a4c5d39)]&amp#27;[0m Matched '/element' to command name 'findElement'
&amp#27;[38;5;32m[AndroidUiautomator2Driver@f6fc (8a4c5d39)]&amp#27;[0m Proxying [POST /element] to [POST http://127.0.0.1:8201/session/2033ac06-ca71-4f8f-9ae6-f068b15350dc/element] with body: {"strategy":"xpath","selector":"//android.view.View[5]/android.view.View/android.view.View/android.view.View[5]","context":"","multiple":false}
&amp#27;[38;5;32m[AndroidUiautomator2Driver@f6fc (8a4c5d39)]&amp#27;[0m Got response with status 200: {"sessionId":"2033ac06-ca71-4f8f-9ae6-f068b15350dc","value":{"ELEMENT":"00000000-0000-00b4-0000-002b00000003","element-6066-11e4-a52e-4f735466cecf":"00000000-0000-00b4-0000-002b00000003"}}
&amp#27;[38;5;32m[AndroidUiautomator2Driver@f6fc (8a4c5d39)]&amp#27;[0m Responding to client with driver.findElement() result: {"element-6066-11e4-a52e-4f735466cecf":"00000000-0000-00b4-0000-002b00000003","ELEMENT":"00000000-0000-00b4-0000-002b00000003"}
&amp#27;[38;5;0m[HTTP]&amp#27;[0m &amp#27;[37m<-- POST /session/8a4c5d39-9059-4535-92f2-b9cd751f3967/element &amp#27;[39m&amp#27;[32m200&amp#27;[39m &amp#27;[90m52 ms - 137&amp#27;[39m
&amp#27;[38;5;0m[HTTP]&amp#27;[0m &amp#27;[90m&amp#27;[39m
&amp#27;[38;5;0m[HTTP]&amp#27;[0m &amp#27;[37m-->&amp#27;[39m &amp#27;[37mGET&amp#27;[39m &amp#27;[37m/session/8a4c5d39-9059-4535-92f2-b9cd751f3967/element/00000000-0000-00b4-0000-002b00000003/attribute/content-desc&amp#27;[39m
&amp#27;[38;5;0m[HTTP]&amp#27;[0m &amp#27;[90m{}&amp#27;[39m
&amp#27;[38;5;32m[AndroidUiautomator2Driver@f6fc (8a4c5d39)]&amp#27;[0m Calling AppiumDriver.getAttribute() with args: ["content-desc","00000000-0000-00b4-0000-002b00000003","8a4c5d39-9059-4535-92f2-b9cd751f3967"]
&amp#27;[38;5;32m[AndroidUiautomator2Driver@f6fc (8a4c5d39)]&amp#27;[0m Matched '/element/00000000-0000-00b4-0000-002b00000003/attribute/content-desc' to command name 'getAttribute'
&amp#27;[38;5;32m[AndroidUiautomator2Driver@f6fc (8a4c5d39)]&amp#27;[0m Proxying [GET /element/00000000-0000-00b4-0000-002b00000003/attribute/content-desc] to [GET http://127.0.0.1:8201/session/2033ac06-ca71-4f8f-9ae6-f068b15350dc/element/00000000-0000-00b4-0000-002b00000003/attribute/content-desc] with no body
&amp#27;[38;5;32m[AndroidUiautomator2Driver@f6fc (8a4c5d39)]&amp#27;[0m Got response with status 200: {"sessionId":"2033ac06-ca71-4f8f-9ae6-f068b15350dc","value":"Thursday, February 15, 2024"}
&amp#27;[38;5;32m[AndroidUiautomator2Driver@f6fc (8a4c5d39)]&amp#27;[0m Responding to client with driver.getAttribute() result: "Thursday, February 15, 2024"
&amp#27;[38;5;0m[HTTP]&amp#27;[0m &amp#27;[37m<-- GET /session/8a4c5d39-9059-4535-92f2-b9cd751f3967/element/00000000-0000-00b4-0000-002b00000003/attribute/content-desc &amp#27;[39m&amp#27;[32m200&amp#27;[39m &amp#27;[90m18 ms - 39&amp#27;[39m
&amp#27;[38;5;0m[HTTP]&amp#27;[0m &amp#27;[90m&amp#27;[39m
&amp#27;[38;5;0m[HTTP]&amp#27;[0m &amp#27;[37m-->&amp#27;[39m &amp#27;[37mPOST&amp#27;[39m &amp#27;[37m/session/8a4c5d39-9059-4535-92f2-b9cd751f3967/element&amp#27;[39m
&amp#27;[38;5;0m[HTTP]&amp#27;[0m &amp#27;[90m{"value":"//android.view.View[5]/android.view.View/android.view.View/android.view.View[5]","using":"xpath"}&amp#27;[39m
&amp#27;[38;5;32m[AndroidUiautomator2Driver@f6fc (8a4c5d39)]&amp#27;[0m Calling AppiumDriver.findElement() with args: ["xpath","//android.view.View[5]/android.view.View/android.view.View/android.view.View[5]","8a4c5d39-9059-4535-92f2-b9cd751f3967"]
&amp#27;[38;5;32m[AndroidUiautomator2Driver@f6fc (8a4c5d39)]&amp#27;[0m Valid locator strategies for this request: xpath, id, class name, accessibility id, css selector, -android uiautomator
&amp#27;[38;5;32m[AndroidUiautomator2Driver@f6fc (8a4c5d39)]&amp#27;[0m Waiting up to 10000 ms for condition
&amp#27;[38;5;32m[AndroidUiautomator2Driver@f6fc (8a4c5d39)]&amp#27;[0m Matched '/element' to command name 'findElement'
&amp#27;[38;5;32m[AndroidUiautomator2Driver@f6fc (8a4c5d39)]&amp#27;[0m Proxying [POST /element] to [POST http://127.0.0.1:8201/session/2033ac06-ca71-4f8f-9ae6-f068b15350dc/element] with body: {"strategy":"xpath","selector":"//android.view.View[5]/android.view.View/android.view.View/android.view.View[5]","context":"","multiple":false}
&amp#27;[38;5;32m[AndroidUiautomator2Driver@f6fc (8a4c5d39)]&amp#27;[0m Got response with status 200: {"sessionId":"2033ac06-ca71-4f8f-9ae6-f068b15350dc","value":{"ELEMENT":"00000000-0000-00b4-0000-002b00000003","element-6066-11e4-a52e-4f735466cecf":"00000000-0000-00b4-0000-002b00000003"}}
&amp#27;[38;5;32m[AndroidUiautomator2Driver@f6fc (8a4c5d39)]&amp#27;[0m Responding to client with driver.findElement() result: {"element-6066-11e4-a52e-4f735466cecf":"00000000-0000-00b4-0000-002b00000003","ELEMENT":"00000000-0000-00b4-0000-002b00000003"}
&amp#27;[38;5;0m[HTTP]&amp#27;[0m &amp#27;[37m<-- POST /session/8a4c5d39-9059-4535-92f2-b9cd751f3967/element &amp#27;[39m&amp#27;[32m200&amp#27;[39m &amp#27;[90m51 ms - 137&amp#27;[39m
&amp#27;[38;5;0m[HTTP]&amp#27;[0m &amp#27;[90m&amp#27;[39m
&amp#27;[38;5;0m[HTTP]&amp#27;[0m &amp#27;[37m-->&amp#27;[39m &amp#27;[37mPOST&amp#27;[39m &amp#27;[37m/session/8a4c5d39-9059-4535-92f2-b9cd751f3967/element/00000000-0000-00b4-0000-002b00000003/click&amp#27;[39m
&amp#27;[38;5;0m[HTTP]&amp#27;[0m &amp#27;[90m{"id":"00000000-0000-00b4-0000-002b00000003"}&amp#27;[39m
&amp#27;[38;5;32m[AndroidUiautomator2Driver@f6fc (8a4c5d39)]&amp#27;[0m Calling AppiumDriver.click() with args: ["00000000-0000-00b4-0000-002b00000003","8a4c5d39-9059-4535-92f2-b9cd751f3967"]
&amp#27;[38;5;32m[AndroidUiautomator2Driver@f6fc (8a4c5d39)]&amp#27;[0m Matched '/element/00000000-0000-00b4-0000-002b00000003/click' to command name 'click'
&amp#27;[38;5;32m[AndroidUiautomator2Driver@f6fc (8a4c5d39)]&amp#27;[0m Proxying [POST /element/00000000-0000-00b4-0000-002b00000003/click] to [POST http://127.0.0.1:8201/session/2033ac06-ca71-4f8f-9ae6-f068b15350dc/element/00000000-0000-00b4-0000-002b00000003/click] with body: {"element":"00000000-0000-00b4-0000-002b00000003"}
&amp#27;[38;5;32m[AndroidUiautomator2Driver@f6fc (8a4c5d39)]&amp#27;[0m Got response with status 200: {"sessionId":"2033ac06-ca71-4f8f-9ae6-f068b15350dc","value":null}
&amp#27;[38;5;32m[AndroidUiautomator2Driver@f6fc (8a4c5d39)]&amp#27;[0m Responding to client with driver.click() result: null
&amp#27;[38;5;0m[HTTP]&amp#27;[0m &amp#27;[37m<-- POST /session/8a4c5d39-9059-4535-92f2-b9cd751f3967/element/00000000-0000-00b4-0000-002b00000003/click &amp#27;[39m&amp#27;[32m200&amp#27;[39m &amp#27;[90m62 ms - 14&amp#27;[39m
&amp#27;[38;5;0m[HTTP]&amp#27;[0m &amp#27;[90m&amp#27;[39m
22880 [main] DEBUG devpinoyLogger  - Selected the particular date provided by User
22880 [main] DEBUG devpinoyLogger  - Selected the particular date provided by User
&amp#27;[38;5;0m[HTTP]&amp#27;[0m &amp#27;[37m-->&amp#27;[39m &amp#27;[37mPOST&amp#27;[39m &amp#27;[37m/session/8a4c5d39-9059-4535-92f2-b9cd751f3967/elements&amp#27;[39m
&amp#27;[38;5;0m[HTTP]&amp#27;[0m &amp#27;[90m{"value":"//android.view.View/android.view.View[6]","using":"xpath"}&amp#27;[39m
&amp#27;[38;5;32m[AndroidUiautomator2Driver@f6fc (8a4c5d39)]&amp#27;[0m Calling AppiumDriver.findElements() with args: ["xpath","//android.view.View/android.view.View[6]","8a4c5d39-9059-4535-92f2-b9cd751f3967"]
&amp#27;[38;5;32m[AndroidUiautomator2Driver@f6fc (8a4c5d39)]&amp#27;[0m Valid locator strategies for this request: xpath, id, class name, accessibility id, css selector, -android uiautomator
&amp#27;[38;5;32m[AndroidUiautomator2Driver@f6fc (8a4c5d39)]&amp#27;[0m Waiting up to 10000 ms for condition
&amp#27;[38;5;32m[AndroidUiautomator2Driver@f6fc (8a4c5d39)]&amp#27;[0m Matched '/elements' to command name 'findElements'
&amp#27;[38;5;32m[AndroidUiautomator2Driver@f6fc (8a4c5d39)]&amp#27;[0m Proxying [POST /elements] to [POST http://127.0.0.1:8201/session/2033ac06-ca71-4f8f-9ae6-f068b15350dc/elements] with body: {"strategy":"xpath","selector":"//android.view.View/android.view.View[6]","context":"","multiple":true}
&amp#27;[38;5;32m[AndroidUiautomator2Driver@f6fc (8a4c5d39)]&amp#27;[0m Got response with status 200: {"sessionId":"2033ac06-ca71-4f8f-9ae6-f068b15350dc","value":[{"ELEMENT":"00000000-0000-00b4-0000-002c00000003","element-6066-11e4-a52e-4f735466cecf":"00000000-0000-00b4-0000-002c00000003"},{"ELEMENT":"00000000-0000-00b4-0000-001900000003","element-6066-11e4-a52e-4f735466cecf":"00000000-0000-00b4-0000-001900000003"}]}
&amp#27;[38;5;32m[AndroidUiautomator2Driver@f6fc (8a4c5d39)]&amp#27;[0m Responding to client with driver.findElements() result: [{"element-6066-11e4-a52e-4f735466cecf":"00000000-0000-00b4-0000-002c00000003","ELEMENT":"00000000-0000-00b4-0000-002c00000003"},{"element-6066-11e4-a52e-4f735466cecf":"00000000-0000-00b4-0000-001900000003","ELEMENT":"00000000-0000-00b4-0000-001900000003"}]
&amp#27;[38;5;0m[HTTP]&amp#27;[0m &amp#27;[37m<-- POST /session/8a4c5d39-9059-4535-92f2-b9cd751f3967/elements &amp#27;[39m&amp#27;[32m200&amp#27;[39m &amp#27;[90m58 ms - 267&amp#27;[39m
&amp#27;[38;5;0m[HTTP]&amp#27;[0m &amp#27;[90m&amp#27;[39m
&amp#27;[38;5;0m[HTTP]&amp#27;[0m &amp#27;[37m-->&amp#27;[39m &amp#27;[37mPOST&amp#27;[39m &amp#27;[37m/session/8a4c5d39-9059-4535-92f2-b9cd751f3967/element/00000000-0000-00b4-0000-001900000003/click&amp#27;[39m
&amp#27;[38;5;0m[HTTP]&amp#27;[0m &amp#27;[90m{"id":"00000000-0000-00b4-0000-001900000003"}&amp#27;[39m
&amp#27;[38;5;32m[AndroidUiautomator2Driver@f6fc (8a4c5d39)]&amp#27;[0m Calling AppiumDriver.click() with args: ["00000000-0000-00b4-0000-001900000003","8a4c5d39-9059-4535-92f2-b9cd751f3967"]
&amp#27;[38;5;32m[AndroidUiautomator2Driver@f6fc (8a4c5d39)]&amp#27;[0m Matched '/element/00000000-0000-00b4-0000-001900000003/click' to command name 'click'
&amp#27;[38;5;32m[AndroidUiautomator2Driver@f6fc (8a4c5d39)]&amp#27;[0m Proxying [POST /element/00000000-0000-00b4-0000-001900000003/click] to [POST http://127.0.0.1:8201/session/2033ac06-ca71-4f8f-9ae6-f068b15350dc/element/00000000-0000-00b4-0000-001900000003/click] with body: {"element":"00000000-0000-00b4-0000-001900000003"}
&amp#27;[38;5;32m[AndroidUiautomator2Driver@f6fc (8a4c5d39)]&amp#27;[0m Got response with status 200: {"sessionId":"2033ac06-ca71-4f8f-9ae6-f068b15350dc","value":null}
&amp#27;[38;5;32m[AndroidUiautomator2Driver@f6fc (8a4c5d39)]&amp#27;[0m Responding to client with driver.click() result: null
&amp#27;[38;5;0m[HTTP]&amp#27;[0m &amp#27;[37m<-- POST /session/8a4c5d39-9059-4535-92f2-b9cd751f3967/element/00000000-0000-00b4-0000-001900000003/click &amp#27;[39m&amp#27;[32m200&amp#27;[39m &amp#27;[90m77 ms - 14&amp#27;[39m
&amp#27;[38;5;0m[HTTP]&amp#27;[0m &amp#27;[90m&amp#27;[39m
24047 [main] DEBUG devpinoyLogger  - Journey started for the provided calendar date
24047 [main] DEBUG devpinoyLogger  - Journey started for the provided calendar date
24047 [main] DEBUG devpinoyLogger  - Journey started for the provided calendar date
&amp#27;[38;5;0m[HTTP]&amp#27;[0m &amp#27;[37m-->&amp#27;[39m &amp#27;[37mPOST&amp#27;[39m &amp#27;[37m/session/8a4c5d39-9059-4535-92f2-b9cd751f3967/element&amp#27;[39m
&amp#27;[38;5;0m[HTTP]&amp#27;[0m &amp#27;[90m{"value":"//android.widget.LinearLayout/android.widget.LinearLayout/android.widget.LinearLayout[2]/android.widget.Button[1]","using":"xpath"}&amp#27;[39m
&amp#27;[38;5;32m[AndroidUiautomator2Driver@f6fc (8a4c5d39)]&amp#27;[0m Calling AppiumDriver.findElement() with args: ["xpath","//android.widget.LinearLayout/android.widget.LinearLayout/android.widget.LinearLayout[2]/android.widget.Button[1]","8a4c5d39-9059-4535-92f2-b9cd751f3967"]
&amp#27;[38;5;32m[AndroidUiautomator2Driver@f6fc (8a4c5d39)]&amp#27;[0m Valid locator strategies for this request: xpath, id, class name, accessibility id, css selector, -android uiautomator
&amp#27;[38;5;32m[AndroidUiautomator2Driver@f6fc (8a4c5d39)]&amp#27;[0m Waiting up to 10000 ms for condition
&amp#27;[38;5;32m[AndroidUiautomator2Driver@f6fc (8a4c5d39)]&amp#27;[0m Matched '/element' to command name 'findElement'
&amp#27;[38;5;32m[AndroidUiautomator2Driver@f6fc (8a4c5d39)]&amp#27;[0m Proxying [POST /element] to [POST http://127.0.0.1:8201/session/2033ac06-ca71-4f8f-9ae6-f068b15350dc/element] with body: {"strategy":"xpath","selector":"//android.widget.LinearLayout/android.widget.LinearLayout/android.widget.LinearLayout[2]/android.widget.Button[1]","context":"","multiple":false}
&amp#27;[38;5;32m[AndroidUiautomator2Driver@f6fc (8a4c5d39)]&amp#27;[0m Got response with status 200: {"sessionId":"2033ac06-ca71-4f8f-9ae6-f068b15350dc","value":{"ELEMENT":"00000000-0000-00b5-ffff-ffff0000010b","element-6066-11e4-a52e-4f735466cecf":"00000000-0000-00b5-ffff-ffff0000010b"}}
&amp#27;[38;5;32m[AndroidUiautomator2Driver@f6fc (8a4c5d39)]&amp#27;[0m Responding to client with driver.findElement() result: {"element-6066-11e4-a52e-4f735466cecf":"00000000-0000-00b5-ffff-ffff0000010b","ELEMENT":"00000000-0000-00b5-ffff-ffff0000010b"}
&amp#27;[38;5;0m[HTTP]&amp#27;[0m &amp#27;[37m<-- POST /session/8a4c5d39-9059-4535-92f2-b9cd751f3967/element &amp#27;[39m&amp#27;[32m200&amp#27;[39m &amp#27;[90m44 ms - 137&amp#27;[39m
&amp#27;[38;5;0m[HTTP]&amp#27;[0m &amp#27;[90m&amp#27;[39m
&amp#27;[38;5;0m[HTTP]&amp#27;[0m &amp#27;[37m-->&amp#27;[39m &amp#27;[37mGET&amp#27;[39m &amp#27;[37m/session/8a4c5d39-9059-4535-92f2-b9cd751f3967/element/00000000-0000-00b5-ffff-ffff0000010b/displayed&amp#27;[39m
&amp#27;[38;5;0m[HTTP]&amp#27;[0m &amp#27;[90m{}&amp#27;[39m
&amp#27;[38;5;32m[AndroidUiautomator2Driver@f6fc (8a4c5d39)]&amp#27;[0m Calling AppiumDriver.elementDisplayed() with args: ["00000000-0000-00b5-ffff-ffff0000010b","8a4c5d39-9059-4535-92f2-b9cd751f3967"]
&amp#27;[38;5;32m[AndroidUiautomator2Driver@f6fc (8a4c5d39)]&amp#27;[0m Matched '/element/00000000-0000-00b5-ffff-ffff0000010b/attribute/displayed' to command name 'getAttribute'
&amp#27;[38;5;32m[AndroidUiautomator2Driver@f6fc (8a4c5d39)]&amp#27;[0m Proxying [GET /element/00000000-0000-00b5-ffff-ffff0000010b/attribute/displayed] to [GET http://127.0.0.1:8201/session/2033ac06-ca71-4f8f-9ae6-f068b15350dc/element/00000000-0000-00b5-ffff-ffff0000010b/attribute/displayed] with no body
&amp#27;[38;5;32m[AndroidUiautomator2Driver@f6fc (8a4c5d39)]&amp#27;[0m Got response with status 200: {"sessionId":"2033ac06-ca71-4f8f-9ae6-f068b15350dc","value":"true"}
&amp#27;[38;5;32m[AndroidUiautomator2Driver@f6fc (8a4c5d39)]&amp#27;[0m Responding to client with driver.elementDisplayed() result: true
&amp#27;[38;5;0m[HTTP]&amp#27;[0m &amp#27;[37m<-- GET /session/8a4c5d39-9059-4535-92f2-b9cd751f3967/element/00000000-0000-00b5-ffff-ffff0000010b/displayed &amp#27;[39m&amp#27;[32m200&amp#27;[39m &amp#27;[90m14 ms - 14&amp#27;[39m
&amp#27;[38;5;0m[HTTP]&amp#27;[0m &amp#27;[90m&amp#27;[39m
&amp#27;[38;5;0m[HTTP]&amp#27;[0m &amp#27;[37m-->&amp#27;[39m &amp#27;[37mPOST&amp#27;[39m &amp#27;[37m/session/8a4c5d39-9059-4535-92f2-b9cd751f3967/element&amp#27;[39m
&amp#27;[38;5;0m[HTTP]&amp#27;[0m &amp#27;[90m{"value":"//android.widget.LinearLayout/android.widget.LinearLayout/android.widget.LinearLayout[2]/android.widget.Button[1]","using":"xpath"}&amp#27;[39m
&amp#27;[38;5;32m[AndroidUiautomator2Driver@f6fc (8a4c5d39)]&amp#27;[0m Calling AppiumDriver.findElement() with args: ["xpath","//android.widget.LinearLayout/android.widget.LinearLayout/android.widget.LinearLayout[2]/android.widget.Button[1]","8a4c5d39-9059-4535-92f2-b9cd751f3967"]
&amp#27;[38;5;32m[AndroidUiautomator2Driver@f6fc (8a4c5d39)]&amp#27;[0m Valid locator strategies for this request: xpath, id, class name, accessibility id, css selector, -android uiautomator
&amp#27;[38;5;32m[AndroidUiautomator2Driver@f6fc (8a4c5d39)]&amp#27;[0m Waiting up to 10000 ms for condition
&amp#27;[38;5;32m[AndroidUiautomator2Driver@f6fc (8a4c5d39)]&amp#27;[0m Matched '/element' to command name 'findElement'
&amp#27;[38;5;32m[AndroidUiautomator2Driver@f6fc (8a4c5d39)]&amp#27;[0m Proxying [POST /element] to [POST http://127.0.0.1:8201/session/2033ac06-ca71-4f8f-9ae6-f068b15350dc/element] with body: {"strategy":"xpath","selector":"//android.widget.LinearLayout/android.widget.LinearLayout/android.widget.LinearLayout[2]/android.widget.Button[1]","context":"","multiple":false}
&amp#27;[38;5;32m[AndroidUiautomator2Driver@f6fc (8a4c5d39)]&amp#27;[0m Got response with status 200: {"sessionId":"2033ac06-ca71-4f8f-9ae6-f068b15350dc","value":{"ELEMENT":"00000000-0000-00b5-ffff-ffff0000010b","element-6066-11e4-a52e-4f735466cecf":"00000000-0000-00b5-ffff-ffff0000010b"}}
&amp#27;[38;5;32m[AndroidUiautomator2Driver@f6fc (8a4c5d39)]&amp#27;[0m Responding to client with driver.findElement() result: {"element-6066-11e4-a52e-4f735466cecf":"00000000-0000-00b5-ffff-ffff0000010b","ELEMENT":"00000000-0000-00b5-ffff-ffff0000010b"}
&amp#27;[38;5;0m[HTTP]&amp#27;[0m &amp#27;[37m<-- POST /session/8a4c5d39-9059-4535-92f2-b9cd751f3967/element &amp#27;[39m&amp#27;[32m200&amp#27;[39m &amp#27;[90m39 ms - 137&amp#27;[39m
&amp#27;[38;5;0m[HTTP]&amp#27;[0m &amp#27;[90m&amp#27;[39m
&amp#27;[38;5;0m[HTTP]&amp#27;[0m &amp#27;[37m-->&amp#27;[39m &amp#27;[37mPOST&amp#27;[39m &amp#27;[37m/session/8a4c5d39-9059-4535-92f2-b9cd751f3967/element/00000000-0000-00b5-ffff-ffff0000010b/click&amp#27;[39m
&amp#27;[38;5;0m[HTTP]&amp#27;[0m &amp#27;[90m{"id":"00000000-0000-00b5-ffff-ffff0000010b"}&amp#27;[39m
&amp#27;[38;5;32m[AndroidUiautomator2Driver@f6fc (8a4c5d39)]&amp#27;[0m Calling AppiumDriver.click() with args: ["00000000-0000-00b5-ffff-ffff0000010b","8a4c5d39-9059-4535-92f2-b9cd751f3967"]
&amp#27;[38;5;32m[AndroidUiautomator2Driver@f6fc (8a4c5d39)]&amp#27;[0m Matched '/element/00000000-0000-00b5-ffff-ffff0000010b/click' to command name 'click'
&amp#27;[38;5;32m[AndroidUiautomator2Driver@f6fc (8a4c5d39)]&amp#27;[0m Proxying [POST /element/00000000-0000-00b5-ffff-ffff0000010b/click] to [POST http://127.0.0.1:8201/session/2033ac06-ca71-4f8f-9ae6-f068b15350dc/element/00000000-0000-00b5-ffff-ffff0000010b/click] with body: {"element":"00000000-0000-00b5-ffff-ffff0000010b"}
&amp#27;[38;5;32m[AndroidUiautomator2Driver@f6fc (8a4c5d39)]&amp#27;[0m Got response with status 200: {"sessionId":"2033ac06-ca71-4f8f-9ae6-f068b15350dc","value":null}
&amp#27;[38;5;32m[AndroidUiautomator2Driver@f6fc (8a4c5d39)]&amp#27;[0m Responding to client with driver.click() result: null
&amp#27;[38;5;0m[HTTP]&amp#27;[0m &amp#27;[37m<-- POST /session/8a4c5d39-9059-4535-92f2-b9cd751f3967/element/00000000-0000-00b5-ffff-ffff0000010b/click &amp#27;[39m&amp#27;[32m200&amp#27;[39m &amp#27;[90m71 ms - 14&amp#27;[39m
&amp#27;[38;5;0m[HTTP]&amp#27;[0m &amp#27;[90m&amp#27;[39m
&amp#27;[38;5;0m[HTTP]&amp#27;[0m &amp#27;[37m-->&amp#27;[39m &amp#27;[37mPOST&amp#27;[39m &amp#27;[37m/session/8a4c5d39-9059-4535-92f2-b9cd751f3967/element&amp#27;[39m
&amp#27;[38;5;0m[HTTP]&amp#27;[0m &amp#27;[90m{"value":"//android.widget.ScrollView/android.view.View[1]","using":"xpath"}&amp#27;[39m
&amp#27;[38;5;32m[AndroidUiautomator2Driver@f6fc (8a4c5d39)]&amp#27;[0m Calling AppiumDriver.findElement() with args: ["xpath","//android.widget.ScrollView/android.view.View[1]","8a4c5d39-9059-4535-92f2-b9cd751f3967"]
&amp#27;[38;5;32m[AndroidUiautomator2Driver@f6fc (8a4c5d39)]&amp#27;[0m Valid locator strategies for this request: xpath, id, class name, accessibility id, css selector, -android uiautomator
&amp#27;[38;5;32m[AndroidUiautomator2Driver@f6fc (8a4c5d39)]&amp#27;[0m Waiting up to 10000 ms for condition
&amp#27;[38;5;32m[AndroidUiautomator2Driver@f6fc (8a4c5d39)]&amp#27;[0m Matched '/element' to command name 'findElement'
&amp#27;[38;5;32m[AndroidUiautomator2Driver@f6fc (8a4c5d39)]&amp#27;[0m Proxying [POST /element] to [POST http://127.0.0.1:8201/session/2033ac06-ca71-4f8f-9ae6-f068b15350dc/element] with body: {"strategy":"xpath","selector":"//android.widget.ScrollView/android.view.View[1]","context":"","multiple":false}
&amp#27;[38;5;32m[AndroidUiautomator2Driver@f6fc (8a4c5d39)]&amp#27;[0m Got response with status 200: {"sessionId":"2033ac06-ca71-4f8f-9ae6-f068b15350dc","value":{"ELEMENT":"00000000-0000-00b4-0000-003a00000003","element-6066-11e4-a52e-4f735466cecf":"00000000-0000-00b4-0000-003a00000003"}}
&amp#27;[38;5;32m[AndroidUiautomator2Driver@f6fc (8a4c5d39)]&amp#27;[0m Responding to client with driver.findElement() result: {"element-6066-11e4-a52e-4f735466cecf":"00000000-0000-00b4-0000-003a00000003","ELEMENT":"00000000-0000-00b4-0000-003a00000003"}
&amp#27;[38;5;0m[HTTP]&amp#27;[0m &amp#27;[37m<-- POST /session/8a4c5d39-9059-4535-92f2-b9cd751f3967/element &amp#27;[39m&amp#27;[32m200&amp#27;[39m &amp#27;[90m69 ms - 137&amp#27;[39m
&amp#27;[38;5;0m[HTTP]&amp#27;[0m &amp#27;[90m&amp#27;[39m
&amp#27;[38;5;0m[HTTP]&amp#27;[0m &amp#27;[37m-->&amp#27;[39m &amp#27;[37mPOST&amp#27;[39m &amp#27;[37m/session/8a4c5d39-9059-4535-92f2-b9cd751f3967/element/00000000-0000-00b4-0000-003a00000003/click&amp#27;[39m
&amp#27;[38;5;0m[HTTP]&amp#27;[0m &amp#27;[90m{"id":"00000000-0000-00b4-0000-003a00000003"}&amp#27;[39m
&amp#27;[38;5;32m[AndroidUiautomator2Driver@f6fc (8a4c5d39)]&amp#27;[0m Calling AppiumDriver.click() with args: ["00000000-0000-00b4-0000-003a00000003","8a4c5d39-9059-4535-92f2-b9cd751f3967"]
&amp#27;[38;5;32m[AndroidUiautomator2Driver@f6fc (8a4c5d39)]&amp#27;[0m Matched '/element/00000000-0000-00b4-0000-003a00000003/click' to command name 'click'
&amp#27;[38;5;32m[AndroidUiautomator2Driver@f6fc (8a4c5d39)]&amp#27;[0m Proxying [POST /element/00000000-0000-00b4-0000-003a00000003/click] to [POST http://127.0.0.1:8201/session/2033ac06-ca71-4f8f-9ae6-f068b15350dc/element/00000000-0000-00b4-0000-003a00000003/click] with body: {"element":"00000000-0000-00b4-0000-003a00000003"}
&amp#27;[38;5;32m[AndroidUiautomator2Driver@f6fc (8a4c5d39)]&amp#27;[0m Got response with status 200: {"sessionId":"2033ac06-ca71-4f8f-9ae6-f068b15350dc","value":null}
&amp#27;[38;5;32m[AndroidUiautomator2Driver@f6fc (8a4c5d39)]&amp#27;[0m Responding to client with driver.click() result: null
&amp#27;[38;5;0m[HTTP]&amp#27;[0m &amp#27;[37m<-- POST /session/8a4c5d39-9059-4535-92f2-b9cd751f3967/element/00000000-0000-00b4-0000-003a00000003/click &amp#27;[39m&amp#27;[32m200&amp#27;[39m &amp#27;[90m62 ms - 14&amp#27;[39m
&amp#27;[38;5;0m[HTTP]&amp#27;[0m &amp#27;[90m&amp#27;[39m
&amp#27;[38;5;0m[HTTP]&amp#27;[0m &amp#27;[37m-->&amp#27;[39m &amp#27;[37mGET&amp#27;[39m &amp#27;[37m/session/fe1e5e56-571c-4eb6-898d-5d5d3bd3a4b3/timeouts&amp#27;[39m
&amp#27;[38;5;0m[HTTP]&amp#27;[0m &amp#27;[90m{}&amp#27;[39m
&amp#27;[38;5;16m[AppiumDriver@b18f]&amp#27;[0m Encountered internal error running command: NoSuchDriverError: A session is either terminated or not started
&amp#27;[38;5;16m[AppiumDriver@b18f]&amp#27;[0m     at asyncHandler (C:\Users\Kvp\AppData\Roaming\npm\node_modules\appium\node_modules\@appium\base-driver\lib\protocol\protocol.js:315:15)
&amp#27;[38;5;16m[AppiumDriver@b18f]&amp#27;[0m     at C:\Users\Kvp\AppData\Roaming\npm\node_modules\appium\node_modules\@appium\base-driver\lib\protocol\protocol.js:518:15
&amp#27;[38;5;16m[AppiumDriver@b18f]&amp#27;[0m     at Layer.handle [as handle_request] (C:\Users\Kvp\AppData\Roaming\npm\node_modules\appium\node_modules\express\lib\router\layer.js:95:5)
&amp#27;[38;5;16m[AppiumDriver@b18f]&amp#27;[0m     at next (C:\Users\Kvp\AppData\Roaming\npm\node_modules\appium\node_modules\express\lib\router\route.js:144:13)
&amp#27;[38;5;16m[AppiumDriver@b18f]&amp#27;[0m     at Route.dispatch (C:\Users\Kvp\AppData\Roaming\npm\node_modules\appium\node_modules\express\lib\router\route.js:114:3)
&amp#27;[38;5;16m[AppiumDriver@b18f]&amp#27;[0m     at Layer.handle [as handle_request] (C:\Users\Kvp\AppData\Roaming\npm\node_modules\appium\node_modules\express\lib\router\layer.js:95:5)
&amp#27;[38;5;16m[AppiumDriver@b18f]&amp#27;[0m     at C:\Users\Kvp\AppData\Roaming\npm\node_modules\appium\node_modules\express\lib\router\index.js:284:15
&amp#27;[38;5;16m[AppiumDriver@b18f]&amp#27;[0m     at param (C:\Users\Kvp\AppData\Roaming\npm\node_modules\appium\node_modules\express\lib\router\index.js:365:14)
&amp#27;[38;5;16m[AppiumDriver@b18f]&amp#27;[0m     at param (C:\Users\Kvp\AppData\Roaming\npm\node_modules\appium\node_modules\express\lib\router\index.js:376:14)
&amp#27;[38;5;16m[AppiumDriver@b18f]&amp#27;[0m     at Function.process_params (C:\Users\Kvp\AppData\Roaming\npm\node_modules\appium\node_modules\express\lib\router\index.js:421:3)
&amp#27;[38;5;16m[AppiumDriver@b18f]&amp#27;[0m     at next (C:\Users\Kvp\AppData\Roaming\npm\node_modules\appium\node_modules\express\lib\router\index.js:280:10)
&amp#27;[38;5;16m[AppiumDriver@b18f]&amp#27;[0m     at logger (C:\Users\Kvp\AppData\Roaming\npm\node_modules\appium\node_modules\morgan\index.js:144:5)
&amp#27;[38;5;16m[AppiumDriver@b18f]&amp#27;[0m     at Layer.handle [as handle_request] (C:\Users\Kvp\AppData\Roaming\npm\node_modules\appium\node_modules\express\lib\router\layer.js:95:5)
&amp#27;[38;5;16m[AppiumDriver@b18f]&amp#27;[0m     at trim_prefix (C:\Users\Kvp\AppData\Roaming\npm\node_modules\appium\node_modules\express\lib\router\index.js:328:13)
&amp#27;[38;5;16m[AppiumDriver@b18f]&amp#27;[0m     at C:\Users\Kvp\AppData\Roaming\npm\node_modules\appium\node_modules\express\lib\router\index.js:286:9
&amp#27;[38;5;16m[AppiumDriver@b18f]&amp#27;[0m     at Function.process_params (C:\Users\Kvp\AppData\Roaming\npm\node_modules\appium\node_modules\express\lib\router\index.js:346:12)
&amp#27;[38;5;16m[AppiumDriver@b18f]&amp#27;[0m     at next (C:\Users\Kvp\AppData\Roaming\npm\node_modules\appium\node_modules\express\lib\router\index.js:280:10)
&amp#27;[38;5;16m[AppiumDriver@b18f]&amp#27;[0m     at jsonParser (C:\Users\Kvp\AppData\Roaming\npm\node_modules\appium\node_modules\body-parser\lib\types\json.js:113:7)
&amp#27;[38;5;16m[AppiumDriver@b18f]&amp#27;[0m     at Layer.handle [as handle_request] (C:\Users\Kvp\AppData\Roaming\npm\node_modules\appium\node_modules\express\lib\router\layer.js:95:5)
&amp#27;[38;5;16m[AppiumDriver@b18f]&amp#27;[0m     at trim_prefix (C:\Users\Kvp\AppData\Roaming\npm\node_modules\appium\node_modules\express\lib\router\index.js:328:13)
&amp#27;[38;5;16m[AppiumDriver@b18f]&amp#27;[0m     at C:\Users\Kvp\AppData\Roaming\npm\node_modules\appium\node_modules\express\lib\router\index.js:286:9
&amp#27;[38;5;16m[AppiumDriver@b18f]&amp#27;[0m     at Function.process_params (C:\Users\Kvp\AppData\Roaming\npm\node_modules\appium\node_modules\express\lib\router\index.js:346:12)
&amp#27;[38;5;0m[HTTP]&amp#27;[0m &amp#27;[37m<-- GET /session/fe1e5e56-571c-4eb6-898d-5d5d3bd3a4b3/timeouts &amp#27;[39m&amp#27;[33m404&amp#27;[39m &amp#27;[90m4 ms - 3187&amp#27;[39m
&amp#27;[38;5;0m[HTTP]&amp#27;[0m &amp#27;[90m&amp#27;[39m
&amp#27;[38;5;0m[HTTP]&amp#27;[0m &amp#27;[37m-->&amp#27;[39m &amp#27;[37mPOST&amp#27;[39m &amp#27;[37m/session/8a4c5d39-9059-4535-92f2-b9cd751f3967/element&amp#27;[39m
&amp#27;[38;5;0m[HTTP]&amp#27;[0m &amp#27;[90m{"value":"//android.widget.ScrollView/android.view.View[1]","using":"xpath"}&amp#27;[39m
&amp#27;[38;5;32m[AndroidUiautomator2Driver@f6fc (8a4c5d39)]&amp#27;[0m Calling AppiumDriver.findElement() with args: ["xpath","//android.widget.ScrollView/android.view.View[1]","8a4c5d39-9059-4535-92f2-b9cd751f3967"]
&amp#27;[38;5;32m[AndroidUiautomator2Driver@f6fc (8a4c5d39)]&amp#27;[0m Valid locator strategies for this request: xpath, id, class name, accessibility id, css selector, -android uiautomator
&amp#27;[38;5;32m[AndroidUiautomator2Driver@f6fc (8a4c5d39)]&amp#27;[0m Waiting up to 10000 ms for condition
&amp#27;[38;5;32m[AndroidUiautomator2Driver@f6fc (8a4c5d39)]&amp#27;[0m Matched '/element' to command name 'findElement'
&amp#27;[38;5;32m[AndroidUiautomator2Driver@f6fc (8a4c5d39)]&amp#27;[0m Proxying [POST /element] to [POST http://127.0.0.1:8201/session/2033ac06-ca71-4f8f-9ae6-f068b15350dc/element] with body: {"strategy":"xpath","selector":"//android.widget.ScrollView/android.view.View[1]","context":"","multiple":false}
&amp#27;[38;5;32m[AndroidUiautomator2Driver@f6fc (8a4c5d39)]&amp#27;[0m Got response with status 200: {"sessionId":"2033ac06-ca71-4f8f-9ae6-f068b15350dc","value":{"ELEMENT":"00000000-0000-00b4-0000-003a00000003","element-6066-11e4-a52e-4f735466cecf":"00000000-0000-00b4-0000-003a00000003"}}
&amp#27;[38;5;32m[AndroidUiautomator2Driver@f6fc (8a4c5d39)]&amp#27;[0m Responding to client with driver.findElement() result: {"element-6066-11e4-a52e-4f735466cecf":"00000000-0000-00b4-0000-003a00000003","ELEMENT":"00000000-0000-00b4-0000-003a00000003"}
&amp#27;[38;5;0m[HTTP]&amp#27;[0m &amp#27;[37m<-- POST /session/8a4c5d39-9059-4535-92f2-b9cd751f3967/element &amp#27;[39m&amp#27;[32m200&amp#27;[39m &amp#27;[90m71 ms - 137&amp#27;[39m
&amp#27;[38;5;0m[HTTP]&amp#27;[0m &amp#27;[90m&amp#27;[39m
&amp#27;[38;5;0m[HTTP]&amp#27;[0m &amp#27;[37m-->&amp#27;[39m &amp#27;[37mPOST&amp#27;[39m &amp#27;[37m/session/8a4c5d39-9059-4535-92f2-b9cd751f3967/execute/sync&amp#27;[39m
&amp#27;[38;5;0m[HTTP]&amp#27;[0m &amp#27;[90m{"args":[{"elementId":"00000000-0000-00b4-0000-003a00000003"}],"script":"mobile: doubleClickGesture"}&amp#27;[39m
&amp#27;[38;5;32m[AndroidUiautomator2Driver@f6fc (8a4c5d39)]&amp#27;[0m Calling AppiumDriver.execute() with args: ["mobile: doubleClickGesture",[{"elementId":"00000000-0000-00b4-0000-003a00000003"}],"8a4c5d39-9059-4535-92f2-b9cd751f3967"]
&amp#27;[38;5;32m[AndroidUiautomator2Driver@f6fc (8a4c5d39)]&amp#27;[0m Executing method 'mobile: doubleClickGesture'
&amp#27;[38;5;32m[AndroidUiautomator2Driver@f6fc (8a4c5d39)]&amp#27;[0m Proxying [POST /appium/gestures/double_click] to [POST http://127.0.0.1:8201/session/2033ac06-ca71-4f8f-9ae6-f068b15350dc/appium/gestures/double_click] with body: {"origin":{"ELEMENT":"00000000-0000-00b4-0000-003a00000003","element-6066-11e4-a52e-4f735466cecf":"00000000-0000-00b4-0000-003a00000003"}}
&amp#27;[38;5;32m[AndroidUiautomator2Driver@f6fc (8a4c5d39)]&amp#27;[0m Got response with status 200: {"sessionId":"2033ac06-ca71-4f8f-9ae6-f068b15350dc","value":null}
&amp#27;[38;5;32m[AndroidUiautomator2Driver@f6fc (8a4c5d39)]&amp#27;[0m Responding to client with driver.execute() result: null
&amp#27;[38;5;0m[HTTP]&amp#27;[0m &amp#27;[37m<-- POST /session/8a4c5d39-9059-4535-92f2-b9cd751f3967/execute/sync &amp#27;[39m&amp#27;[32m200&amp#27;[39m &amp#27;[90m1797 ms - 14&amp#27;[39m
&amp#27;[38;5;0m[HTTP]&amp#27;[0m &amp#27;[90m&amp#27;[39m
&amp#27;[38;5;0m[HTTP]&amp#27;[0m &amp#27;[37m-->&amp#27;[39m &amp#27;[37mPOST&amp#27;[39m &amp#27;[37m/session/8a4c5d39-9059-4535-92f2-b9cd751f3967/element&amp#27;[39m
&amp#27;[38;5;0m[HTTP]&amp#27;[0m &amp#27;[90m{"value":"//android.widget.ScrollView/android.view.View[8]","using":"xpath"}&amp#27;[39m
&amp#27;[38;5;32m[AndroidUiautomator2Driver@f6fc (8a4c5d39)]&amp#27;[0m Calling AppiumDriver.findElement() with args: ["xpath","//android.widget.ScrollView/android.view.View[8]","8a4c5d39-9059-4535-92f2-b9cd751f3967"]
&amp#27;[38;5;32m[AndroidUiautomator2Driver@f6fc (8a4c5d39)]&amp#27;[0m Valid locator strategies for this request: xpath, id, class name, accessibility id, css selector, -android uiautomator
&amp#27;[38;5;32m[AndroidUiautomator2Driver@f6fc (8a4c5d39)]&amp#27;[0m Waiting up to 10000 ms for condition
&amp#27;[38;5;32m[AndroidUiautomator2Driver@f6fc (8a4c5d39)]&amp#27;[0m Matched '/element' to command name 'findElement'
&amp#27;[38;5;32m[AndroidUiautomator2Driver@f6fc (8a4c5d39)]&amp#27;[0m Proxying [POST /element] to [POST http://127.0.0.1:8201/session/2033ac06-ca71-4f8f-9ae6-f068b15350dc/element] with body: {"strategy":"xpath","selector":"//android.widget.ScrollView/android.view.View[8]","context":"","multiple":false}
&amp#27;[38;5;32m[AndroidUiautomator2Driver@f6fc (8a4c5d39)]&amp#27;[0m Got response with status 200: {"sessionId":"2033ac06-ca71-4f8f-9ae6-f068b15350dc","value":{"ELEMENT":"00000000-0000-00b4-0000-004100000003","element-6066-11e4-a52e-4f735466cecf":"00000000-0000-00b4-0000-004100000003"}}
&amp#27;[38;5;32m[AndroidUiautomator2Driver@f6fc (8a4c5d39)]&amp#27;[0m Responding to client with driver.findElement() result: {"element-6066-11e4-a52e-4f735466cecf":"00000000-0000-00b4-0000-004100000003","ELEMENT":"00000000-0000-00b4-0000-004100000003"}
&amp#27;[38;5;0m[HTTP]&amp#27;[0m &amp#27;[37m<-- POST /session/8a4c5d39-9059-4535-92f2-b9cd751f3967/element &amp#27;[39m&amp#27;[32m200&amp#27;[39m &amp#27;[90m58 ms - 137&amp#27;[39m
&amp#27;[38;5;0m[HTTP]&amp#27;[0m &amp#27;[90m&amp#27;[39m
&amp#27;[38;5;0m[HTTP]&amp#27;[0m &amp#27;[37m-->&amp#27;[39m &amp#27;[37mPOST&amp#27;[39m &amp#27;[37m/session/8a4c5d39-9059-4535-92f2-b9cd751f3967/element/00000000-0000-00b4-0000-004100000003/click&amp#27;[39m
&amp#27;[38;5;0m[HTTP]&amp#27;[0m &amp#27;[90m{"id":"00000000-0000-00b4-0000-004100000003"}&amp#27;[39m
&amp#27;[38;5;32m[AndroidUiautomator2Driver@f6fc (8a4c5d39)]&amp#27;[0m Calling AppiumDriver.click() with args: ["00000000-0000-00b4-0000-004100000003","8a4c5d39-9059-4535-92f2-b9cd751f3967"]
&amp#27;[38;5;32m[AndroidUiautomator2Driver@f6fc (8a4c5d39)]&amp#27;[0m Matched '/element/00000000-0000-00b4-0000-004100000003/click' to command name 'click'
&amp#27;[38;5;32m[AndroidUiautomator2Driver@f6fc (8a4c5d39)]&amp#27;[0m Proxying [POST /element/00000000-0000-00b4-0000-004100000003/click] to [POST http://127.0.0.1:8201/session/2033ac06-ca71-4f8f-9ae6-f068b15350dc/element/00000000-0000-00b4-0000-004100000003/click] with body: {"element":"00000000-0000-00b4-0000-004100000003"}
&amp#27;[38;5;32m[AndroidUiautomator2Driver@f6fc (8a4c5d39)]&amp#27;[0m Got response with status 200: {"sessionId":"2033ac06-ca71-4f8f-9ae6-f068b15350dc","value":null}
&amp#27;[38;5;32m[AndroidUiautomator2Driver@f6fc (8a4c5d39)]&amp#27;[0m Responding to client with driver.click() result: null
&amp#27;[38;5;0m[HTTP]&amp#27;[0m &amp#27;[37m<-- POST /session/8a4c5d39-9059-4535-92f2-b9cd751f3967/element/00000000-0000-00b4-0000-004100000003/click &amp#27;[39m&amp#27;[32m200&amp#27;[39m &amp#27;[90m69 ms - 14&amp#27;[39m
&amp#27;[38;5;0m[HTTP]&amp#27;[0m &amp#27;[90m&amp#27;[39m
&amp#27;[38;5;0m[HTTP]&amp#27;[0m &amp#27;[37m-->&amp#27;[39m &amp#27;[37mPOST&amp#27;[39m &amp#27;[37m/session/8a4c5d39-9059-4535-92f2-b9cd751f3967/element&amp#27;[39m
&amp#27;[38;5;0m[HTTP]&amp#27;[0m &amp#27;[90m{"value":"//android.widget.ScrollView/android.view.View[9]","using":"xpath"}&amp#27;[39m
&amp#27;[38;5;32m[AndroidUiautomator2Driver@f6fc (8a4c5d39)]&amp#27;[0m Calling AppiumDriver.findElement() with args: ["xpath","//android.widget.ScrollView/android.view.View[9]","8a4c5d39-9059-4535-92f2-b9cd751f3967"]
&amp#27;[38;5;32m[AndroidUiautomator2Driver@f6fc (8a4c5d39)]&amp#27;[0m Valid locator strategies for this request: xpath, id, class name, accessibility id, css selector, -android uiautomator
&amp#27;[38;5;32m[AndroidUiautomator2Driver@f6fc (8a4c5d39)]&amp#27;[0m Waiting up to 10000 ms for condition
&amp#27;[38;5;32m[AndroidUiautomator2Driver@f6fc (8a4c5d39)]&amp#27;[0m Matched '/element' to command name 'findElement'
&amp#27;[38;5;32m[AndroidUiautomator2Driver@f6fc (8a4c5d39)]&amp#27;[0m Proxying [POST /element] to [POST http://127.0.0.1:8201/session/2033ac06-ca71-4f8f-9ae6-f068b15350dc/element] with body: {"strategy":"xpath","selector":"//android.widget.ScrollView/android.view.View[9]","context":"","multiple":false}
&amp#27;[38;5;32m[AndroidUiautomator2Driver@f6fc (8a4c5d39)]&amp#27;[0m Got response with status 200: {"sessionId":"2033ac06-ca71-4f8f-9ae6-f068b15350dc","value":{"ELEMENT":"00000000-0000-00b4-0000-004200000003","element-6066-11e4-a52e-4f735466cecf":"00000000-0000-00b4-0000-004200000003"}}
&amp#27;[38;5;32m[AndroidUiautomator2Driver@f6fc (8a4c5d39)]&amp#27;[0m Responding to client with driver.findElement() result: {"element-6066-11e4-a52e-4f735466cecf":"00000000-0000-00b4-0000-004200000003","ELEMENT":"00000000-0000-00b4-0000-004200000003"}
&amp#27;[38;5;0m[HTTP]&amp#27;[0m &amp#27;[37m<-- POST /session/8a4c5d39-9059-4535-92f2-b9cd751f3967/element &amp#27;[39m&amp#27;[32m200&amp#27;[39m &amp#27;[90m60 ms - 137&amp#27;[39m
&amp#27;[38;5;0m[HTTP]&amp#27;[0m &amp#27;[90m&amp#27;[39m
&amp#27;[38;5;0m[HTTP]&amp#27;[0m &amp#27;[37m-->&amp#27;[39m &amp#27;[37mPOST&amp#27;[39m &amp#27;[37m/session/8a4c5d39-9059-4535-92f2-b9cd751f3967/element/00000000-0000-00b4-0000-004200000003/click&amp#27;[39m
&amp#27;[38;5;0m[HTTP]&amp#27;[0m &amp#27;[90m{"id":"00000000-0000-00b4-0000-004200000003"}&amp#27;[39m
&amp#27;[38;5;32m[AndroidUiautomator2Driver@f6fc (8a4c5d39)]&amp#27;[0m Calling AppiumDriver.click() with args: ["00000000-0000-00b4-0000-004200000003","8a4c5d39-9059-4535-92f2-b9cd751f3967"]
&amp#27;[38;5;32m[AndroidUiautomator2Driver@f6fc (8a4c5d39)]&amp#27;[0m Matched '/element/00000000-0000-00b4-0000-004200000003/click' to command name 'click'
&amp#27;[38;5;32m[AndroidUiautomator2Driver@f6fc (8a4c5d39)]&amp#27;[0m Proxying [POST /element/00000000-0000-00b4-0000-004200000003/click] to [POST http://127.0.0.1:8201/session/2033ac06-ca71-4f8f-9ae6-f068b15350dc/element/00000000-0000-00b4-0000-004200000003/click] with body: {"element":"00000000-0000-00b4-0000-004200000003"}
&amp#27;[38;5;32m[AndroidUiautomator2Driver@f6fc (8a4c5d39)]&amp#27;[0m Got response with status 200: {"sessionId":"2033ac06-ca71-4f8f-9ae6-f068b15350dc","value":null}
&amp#27;[38;5;32m[AndroidUiautomator2Driver@f6fc (8a4c5d39)]&amp#27;[0m Responding to client with driver.click() result: null
&amp#27;[38;5;0m[HTTP]&amp#27;[0m &amp#27;[37m<-- POST /session/8a4c5d39-9059-4535-92f2-b9cd751f3967/element/00000000-0000-00b4-0000-004200000003/click &amp#27;[39m&amp#27;[32m200&amp#27;[39m &amp#27;[90m582 ms - 14&amp#27;[39m
&amp#27;[38;5;0m[HTTP]&amp#27;[0m &amp#27;[90m&amp#27;[39m
&amp#27;[38;5;0m[HTTP]&amp#27;[0m &amp#27;[37m-->&amp#27;[39m &amp#27;[37mPOST&amp#27;[39m &amp#27;[37m/session/8a4c5d39-9059-4535-92f2-b9cd751f3967/element&amp#27;[39m
&amp#27;[38;5;0m[HTTP]&amp#27;[0m &amp#27;[90m{"value":"//android.widget.ScrollView/android.view.View[10]","using":"xpath"}&amp#27;[39m
&amp#27;[38;5;32m[AndroidUiautomator2Driver@f6fc (8a4c5d39)]&amp#27;[0m Calling AppiumDriver.findElement() with args: ["xpath","//android.widget.ScrollView/android.view.View[10]","8a4c5d39-9059-4535-92f2-b9cd751f3967"]
&amp#27;[38;5;32m[AndroidUiautomator2Driver@f6fc (8a4c5d39)]&amp#27;[0m Valid locator strategies for this request: xpath, id, class name, accessibility id, css selector, -android uiautomator
&amp#27;[38;5;32m[AndroidUiautomator2Driver@f6fc (8a4c5d39)]&amp#27;[0m Waiting up to 10000 ms for condition
&amp#27;[38;5;32m[AndroidUiautomator2Driver@f6fc (8a4c5d39)]&amp#27;[0m Matched '/element' to command name 'findElement'
&amp#27;[38;5;32m[AndroidUiautomator2Driver@f6fc (8a4c5d39)]&amp#27;[0m Proxying [POST /element] to [POST http://127.0.0.1:8201/session/2033ac06-ca71-4f8f-9ae6-f068b15350dc/element] with body: {"strategy":"xpath","selector":"//android.widget.ScrollView/android.view.View[10]","context":"","multiple":false}
&amp#27;[38;5;32m[AndroidUiautomator2Driver@f6fc (8a4c5d39)]&amp#27;[0m Got response with status 200: {"sessionId":"2033ac06-ca71-4f8f-9ae6-f068b15350dc","value":{"ELEMENT":"00000000-0000-00b4-0000-004300000003","element-6066-11e4-a52e-4f735466cecf":"00000000-0000-00b4-0000-004300000003"}}
&amp#27;[38;5;32m[AndroidUiautomator2Driver@f6fc (8a4c5d39)]&amp#27;[0m Responding to client with driver.findElement() result: {"element-6066-11e4-a52e-4f735466cecf":"00000000-0000-00b4-0000-004300000003","ELEMENT":"00000000-0000-00b4-0000-004300000003"}
&amp#27;[38;5;0m[HTTP]&amp#27;[0m &amp#27;[37m<-- POST /session/8a4c5d39-9059-4535-92f2-b9cd751f3967/element &amp#27;[39m&amp#27;[32m200&amp#27;[39m &amp#27;[90m66 ms - 137&amp#27;[39m
&amp#27;[38;5;0m[HTTP]&amp#27;[0m &amp#27;[90m&amp#27;[39m
&amp#27;[38;5;0m[HTTP]&amp#27;[0m &amp#27;[37m-->&amp#27;[39m &amp#27;[37mPOST&amp#27;[39m &amp#27;[37m/session/8a4c5d39-9059-4535-92f2-b9cd751f3967/element/00000000-0000-00b4-0000-004300000003/click&amp#27;[39m
&amp#27;[38;5;0m[HTTP]&amp#27;[0m &amp#27;[90m{"id":"00000000-0000-00b4-0000-004300000003"}&amp#27;[39m
&amp#27;[38;5;32m[AndroidUiautomator2Driver@f6fc (8a4c5d39)]&amp#27;[0m Calling AppiumDriver.click() with args: ["00000000-0000-00b4-0000-004300000003","8a4c5d39-9059-4535-92f2-b9cd751f3967"]
&amp#27;[38;5;32m[AndroidUiautomator2Driver@f6fc (8a4c5d39)]&amp#27;[0m Matched '/element/00000000-0000-00b4-0000-004300000003/click' to command name 'click'
&amp#27;[38;5;32m[AndroidUiautomator2Driver@f6fc (8a4c5d39)]&amp#27;[0m Proxying [POST /element/00000000-0000-00b4-0000-004300000003/click] to [POST http://127.0.0.1:8201/session/2033ac06-ca71-4f8f-9ae6-f068b15350dc/element/00000000-0000-00b4-0000-004300000003/click] with body: {"element":"00000000-0000-00b4-0000-004300000003"}
&amp#27;[38;5;32m[AndroidUiautomator2Driver@f6fc (8a4c5d39)]&amp#27;[0m Got response with status 200: {"sessionId":"2033ac06-ca71-4f8f-9ae6-f068b15350dc","value":null}
&amp#27;[38;5;32m[AndroidUiautomator2Driver@f6fc (8a4c5d39)]&amp#27;[0m Responding to client with driver.click() result: null
&amp#27;[38;5;0m[HTTP]&amp#27;[0m &amp#27;[37m<-- POST /session/8a4c5d39-9059-4535-92f2-b9cd751f3967/element/00000000-0000-00b4-0000-004300000003/click &amp#27;[39m&amp#27;[32m200&amp#27;[39m &amp#27;[90m588 ms - 14&amp#27;[39m
&amp#27;[38;5;0m[HTTP]&amp#27;[0m &amp#27;[90m&amp#27;[39m
&amp#27;[38;5;0m[HTTP]&amp#27;[0m &amp#27;[37m-->&amp#27;[39m &amp#27;[37mPOST&amp#27;[39m &amp#27;[37m/session/8a4c5d39-9059-4535-92f2-b9cd751f3967/elements&amp#27;[39m
&amp#27;[38;5;0m[HTTP]&amp#27;[0m &amp#27;[90m{"value":"//android.view.View[1]/android.widget.Button","using":"xpath"}&amp#27;[39m
&amp#27;[38;5;32m[AndroidUiautomator2Driver@f6fc (8a4c5d39)]&amp#27;[0m Calling AppiumDriver.findElements() with args: ["xpath","//android.view.View[1]/android.widget.Button","8a4c5d39-9059-4535-92f2-b9cd751f3967"]
&amp#27;[38;5;32m[AndroidUiautomator2Driver@f6fc (8a4c5d39)]&amp#27;[0m Valid locator strategies for this request: xpath, id, class name, accessibility id, css selector, -android uiautomator
&amp#27;[38;5;32m[AndroidUiautomator2Driver@f6fc (8a4c5d39)]&amp#27;[0m Waiting up to 10000 ms for condition
&amp#27;[38;5;32m[AndroidUiautomator2Driver@f6fc (8a4c5d39)]&amp#27;[0m Matched '/elements' to command name 'findElements'
&amp#27;[38;5;32m[AndroidUiautomator2Driver@f6fc (8a4c5d39)]&amp#27;[0m Proxying [POST /elements] to [POST http://127.0.0.1:8201/session/2033ac06-ca71-4f8f-9ae6-f068b15350dc/elements] with body: {"strategy":"xpath","selector":"//android.view.View[1]/android.widget.Button","context":"","multiple":true}
&amp#27;[38;5;32m[AndroidUiautomator2Driver@f6fc (8a4c5d39)]&amp#27;[0m Got response with status 200: {"sessionId":"2033ac06-ca71-4f8f-9ae6-f068b15350dc","value":[{"ELEMENT":"00000000-0000-00b4-0000-005100000003","element-6066-11e4-a52e-4f735466cecf":"00000000-0000-00b4-0000-005100000003"},{"ELEMENT":"00000000-0000-00b4-0000-004d00000003","element-6066-11e4-a52e-4f735466cecf":"00000000-0000-00b4-0000-004d00000003"},{"ELEMENT":"00000000-0000-00b4-0000-004e00000003","element-6066-11e4-a52e-4f735466cecf":"00000000-0000-00b4-0000-004e00000003"}]}
&amp#27;[38;5;32m[AndroidUiautomator2Driver@f6fc (8a4c5d39)]&amp#27;[0m Responding to client with driver.findElements() result: [{"element-6066-11e4-a52e-4f735466cecf":"00000000-0000-00b4-0000-005100000003","ELEMENT":"00000000-0000-00b4-0000-005100000003"},{"element-6066-11e4-a52e-4f735466cecf":"00000000-0000-00b4-0000-004d00000003","ELEMENT":"00000000-0000-00b4-0000-004d00000003"},{"element-6066-11e4-a52e-4f735466cecf":"00000000-0000-00b4-0000-004e00000003","ELEMENT":"00000000-0000-00b4-0000-004e00000003"}]
&amp#27;[38;5;0m[HTTP]&amp#27;[0m &amp#27;[37m<-- POST /session/8a4c5d39-9059-4535-92f2-b9cd751f3967/elements &amp#27;[39m&amp#27;[32m200&amp#27;[39m &amp#27;[90m74 ms - 395&amp#27;[39m
&amp#27;[38;5;0m[HTTP]&amp#27;[0m &amp#27;[90m&amp#27;[39m
&amp#27;[38;5;0m[HTTP]&amp#27;[0m &amp#27;[37m-->&amp#27;[39m &amp#27;[37mPOST&amp#27;[39m &amp#27;[37m/session/8a4c5d39-9059-4535-92f2-b9cd751f3967/element/00000000-0000-00b4-0000-004e00000003/click&amp#27;[39m
&amp#27;[38;5;0m[HTTP]&amp#27;[0m &amp#27;[90m{"id":"00000000-0000-00b4-0000-004e00000003"}&amp#27;[39m
&amp#27;[38;5;32m[AndroidUiautomator2Driver@f6fc (8a4c5d39)]&amp#27;[0m Calling AppiumDriver.click() with args: ["00000000-0000-00b4-0000-004e00000003","8a4c5d39-9059-4535-92f2-b9cd751f3967"]
&amp#27;[38;5;32m[AndroidUiautomator2Driver@f6fc (8a4c5d39)]&amp#27;[0m Matched '/element/00000000-0000-00b4-0000-004e00000003/click' to command name 'click'
&amp#27;[38;5;32m[AndroidUiautomator2Driver@f6fc (8a4c5d39)]&amp#27;[0m Proxying [POST /element/00000000-0000-00b4-0000-004e00000003/click] to [POST http://127.0.0.1:8201/session/2033ac06-ca71-4f8f-9ae6-f068b15350dc/element/00000000-0000-00b4-0000-004e00000003/click] with body: {"element":"00000000-0000-00b4-0000-004e00000003"}
&amp#27;[38;5;32m[AndroidUiautomator2Driver@f6fc (8a4c5d39)]&amp#27;[0m Got response with status 200: {"sessionId":"2033ac06-ca71-4f8f-9ae6-f068b15350dc","value":null}
&amp#27;[38;5;32m[AndroidUiautomator2Driver@f6fc (8a4c5d39)]&amp#27;[0m Responding to client with driver.click() result: null
&amp#27;[38;5;0m[HTTP]&amp#27;[0m &amp#27;[37m<-- POST /session/8a4c5d39-9059-4535-92f2-b9cd751f3967/element/00000000-0000-00b4-0000-004e00000003/click &amp#27;[39m&amp#27;[32m200&amp#27;[39m &amp#27;[90m49 ms - 14&amp#27;[39m
&amp#27;[38;5;0m[HTTP]&amp#27;[0m &amp#27;[90m&amp#27;[39m
36388 [main] DEBUG devpinoyLogger  - Check-In done and navigated to Product list
36388 [main] DEBUG devpinoyLogger  - Check-In done and navigated to Product list
36388 [main] DEBUG devpinoyLogger  - Check-In done and navigated to Product list
36388 [main] DEBUG devpinoyLogger  - Check-In done and navigated to Product list
&amp#27;[38;5;0m[HTTP]&amp#27;[0m &amp#27;[37m-->&amp#27;[39m &amp#27;[37mPOST&amp#27;[39m &amp#27;[37m/session/8a4c5d39-9059-4535-92f2-b9cd751f3967/elements&amp#27;[39m
&amp#27;[38;5;0m[HTTP]&amp#27;[0m &amp#27;[90m{"value":"//android.view.View/android.widget.ImageView[1]","using":"xpath"}&amp#27;[39m
&amp#27;[38;5;32m[AndroidUiautomator2Driver@f6fc (8a4c5d39)]&amp#27;[0m Calling AppiumDriver.findElements() with args: ["xpath","//android.view.View/android.widget.ImageView[1]","8a4c5d39-9059-4535-92f2-b9cd751f3967"]
&amp#27;[38;5;32m[AndroidUiautomator2Driver@f6fc (8a4c5d39)]&amp#27;[0m Valid locator strategies for this request: xpath, id, class name, accessibility id, css selector, -android uiautomator
&amp#27;[38;5;32m[AndroidUiautomator2Driver@f6fc (8a4c5d39)]&amp#27;[0m Waiting up to 10000 ms for condition
&amp#27;[38;5;32m[AndroidUiautomator2Driver@f6fc (8a4c5d39)]&amp#27;[0m Matched '/elements' to command name 'findElements'
&amp#27;[38;5;32m[AndroidUiautomator2Driver@f6fc (8a4c5d39)]&amp#27;[0m Proxying [POST /elements] to [POST http://127.0.0.1:8201/session/2033ac06-ca71-4f8f-9ae6-f068b15350dc/elements] with body: {"strategy":"xpath","selector":"//android.view.View/android.widget.ImageView[1]","context":"","multiple":true}
&amp#27;[38;5;32m[AndroidUiautomator2Driver@f6fc (8a4c5d39)]&amp#27;[0m Got response with status 200: {"sessionId":"2033ac06-ca71-4f8f-9ae6-f068b15350dc","value":[{"ELEMENT":"00000000-0000-00b4-0000-005700000003","element-6066-11e4-a52e-4f735466cecf":"00000000-0000-00b4-0000-005700000003"},{"ELEMENT":"00000000-0000-00b4-0000-005900000003","element-6066-11e4-a52e-4f735466cecf":"00000000-0000-00b4-0000-005900000003"}]}
&amp#27;[38;5;32m[AndroidUiautomator2Driver@f6fc (8a4c5d39)]&amp#27;[0m Responding to client with driver.findElements() result: [{"element-6066-11e4-a52e-4f735466cecf":"00000000-0000-00b4-0000-005700000003","ELEMENT":"00000000-0000-00b4-0000-005700000003"},{"element-6066-11e4-a52e-4f735466cecf":"00000000-0000-00b4-0000-005900000003","ELEMENT":"00000000-0000-00b4-0000-005900000003"}]
&amp#27;[38;5;0m[HTTP]&amp#27;[0m &amp#27;[37m<-- POST /session/8a4c5d39-9059-4535-92f2-b9cd751f3967/elements &amp#27;[39m&amp#27;[32m200&amp#27;[39m &amp#27;[90m44 ms - 267&amp#27;[39m
&amp#27;[38;5;0m[HTTP]&amp#27;[0m &amp#27;[90m&amp#27;[39m
&amp#27;[38;5;0m[HTTP]&amp#27;[0m &amp#27;[37m-->&amp#27;[39m &amp#27;[37mPOST&amp#27;[39m &amp#27;[37m/session/8a4c5d39-9059-4535-92f2-b9cd751f3967/element/00000000-0000-00b4-0000-005700000003/click&amp#27;[39m
&amp#27;[38;5;0m[HTTP]&amp#27;[0m &amp#27;[90m{"id":"00000000-0000-00b4-0000-005700000003"}&amp#27;[39m
&amp#27;[38;5;32m[AndroidUiautomator2Driver@f6fc (8a4c5d39)]&amp#27;[0m Calling AppiumDriver.click() with args: ["00000000-0000-00b4-0000-005700000003","8a4c5d39-9059-4535-92f2-b9cd751f3967"]
&amp#27;[38;5;32m[AndroidUiautomator2Driver@f6fc (8a4c5d39)]&amp#27;[0m Matched '/element/00000000-0000-00b4-0000-005700000003/click' to command name 'click'
&amp#27;[38;5;32m[AndroidUiautomator2Driver@f6fc (8a4c5d39)]&amp#27;[0m Proxying [POST /element/00000000-0000-00b4-0000-005700000003/click] to [POST http://127.0.0.1:8201/session/2033ac06-ca71-4f8f-9ae6-f068b15350dc/element/00000000-0000-00b4-0000-005700000003/click] with body: {"element":"00000000-0000-00b4-0000-005700000003"}
&amp#27;[38;5;32m[AndroidUiautomator2Driver@f6fc (8a4c5d39)]&amp#27;[0m Got response with status 200: {"sessionId":"2033ac06-ca71-4f8f-9ae6-f068b15350dc","value":null}
&amp#27;[38;5;32m[AndroidUiautomator2Driver@f6fc (8a4c5d39)]&amp#27;[0m Responding to client with driver.click() result: null
&amp#27;[38;5;0m[HTTP]&amp#27;[0m &amp#27;[37m<-- POST /session/8a4c5d39-9059-4535-92f2-b9cd751f3967/element/00000000-0000-00b4-0000-005700000003/click &amp#27;[39m&amp#27;[32m200&amp#27;[39m &amp#27;[90m62 ms - 14&amp#27;[39m
&amp#27;[38;5;0m[HTTP]&amp#27;[0m &amp#27;[90m&amp#27;[39m
&amp#27;[38;5;0m[HTTP]&amp#27;[0m &amp#27;[37m-->&amp#27;[39m &amp#27;[37mPOST&amp#27;[39m &amp#27;[37m/session/8a4c5d39-9059-4535-92f2-b9cd751f3967/elements&amp#27;[39m
&amp#27;[38;5;0m[HTTP]&amp#27;[0m &amp#27;[90m{"value":"//android.view.View/android.widget.ImageView[1]","using":"xpath"}&amp#27;[39m
&amp#27;[38;5;32m[AndroidUiautomator2Driver@f6fc (8a4c5d39)]&amp#27;[0m Calling AppiumDriver.findElements() with args: ["xpath","//android.view.View/android.widget.ImageView[1]","8a4c5d39-9059-4535-92f2-b9cd751f3967"]
&amp#27;[38;5;32m[AndroidUiautomator2Driver@f6fc (8a4c5d39)]&amp#27;[0m Valid locator strategies for this request: xpath, id, class name, accessibility id, css selector, -android uiautomator
&amp#27;[38;5;32m[AndroidUiautomator2Driver@f6fc (8a4c5d39)]&amp#27;[0m Waiting up to 10000 ms for condition
&amp#27;[38;5;32m[AndroidUiautomator2Driver@f6fc (8a4c5d39)]&amp#27;[0m Matched '/elements' to command name 'findElements'
&amp#27;[38;5;32m[AndroidUiautomator2Driver@f6fc (8a4c5d39)]&amp#27;[0m Proxying [POST /elements] to [POST http://127.0.0.1:8201/session/2033ac06-ca71-4f8f-9ae6-f068b15350dc/elements] with body: {"strategy":"xpath","selector":"//android.view.View/android.widget.ImageView[1]","context":"","multiple":true}
&amp#27;[38;5;32m[AndroidUiautomator2Driver@f6fc (8a4c5d39)]&amp#27;[0m Got response with status 200: {"sessionId":"2033ac06-ca71-4f8f-9ae6-f068b15350dc","value":[{"ELEMENT":"00000000-0000-00b4-0000-005700000003","element-6066-11e4-a52e-4f735466cecf":"00000000-0000-00b4-0000-005700000003"},{"ELEMENT":"00000000-0000-00b4-0000-005900000003","element-6066-11e4-a52e-4f735466cecf":"00000000-0000-00b4-0000-005900000003"}]}
&amp#27;[38;5;32m[AndroidUiautomator2Driver@f6fc (8a4c5d39)]&amp#27;[0m Responding to client with driver.findElements() result: [{"element-6066-11e4-a52e-4f735466cecf":"00000000-0000-00b4-0000-005700000003","ELEMENT":"00000000-0000-00b4-0000-005700000003"},{"element-6066-11e4-a52e-4f735466cecf":"00000000-0000-00b4-0000-005900000003","ELEMENT":"00000000-0000-00b4-0000-005900000003"}]
&amp#27;[38;5;0m[HTTP]&amp#27;[0m &amp#27;[37m<-- POST /session/8a4c5d39-9059-4535-92f2-b9cd751f3967/elements &amp#27;[39m&amp#27;[32m200&amp#27;[39m &amp#27;[90m58 ms - 267&amp#27;[39m
&amp#27;[38;5;0m[HTTP]&amp#27;[0m &amp#27;[90m&amp#27;[39m
&amp#27;[38;5;0m[HTTP]&amp#27;[0m &amp#27;[37m-->&amp#27;[39m &amp#27;[37mPOST&amp#27;[39m &amp#27;[37m/session/8a4c5d39-9059-4535-92f2-b9cd751f3967/element/00000000-0000-00b4-0000-005700000003/clear&amp#27;[39m
&amp#27;[38;5;0m[HTTP]&amp#27;[0m &amp#27;[90m{"id":"00000000-0000-00b4-0000-005700000003"}&amp#27;[39m
&amp#27;[38;5;32m[AndroidUiautomator2Driver@f6fc (8a4c5d39)]&amp#27;[0m Calling AppiumDriver.clear() with args: ["00000000-0000-00b4-0000-005700000003","8a4c5d39-9059-4535-92f2-b9cd751f3967"]
&amp#27;[38;5;32m[AndroidUiautomator2Driver@f6fc (8a4c5d39)]&amp#27;[0m Matched '/element/00000000-0000-00b4-0000-005700000003/clear' to command name 'clear'
&amp#27;[38;5;32m[AndroidUiautomator2Driver@f6fc (8a4c5d39)]&amp#27;[0m Proxying [POST /element/00000000-0000-00b4-0000-005700000003/clear] to [POST http://127.0.0.1:8201/session/2033ac06-ca71-4f8f-9ae6-f068b15350dc/element/00000000-0000-00b4-0000-005700000003/clear] with body: {"elementId":"00000000-0000-00b4-0000-005700000003"}
&amp#27;[38;5;32m[AndroidUiautomator2Driver@f6fc (8a4c5d39)]&amp#27;[0m Got response with status 200: {"sessionId":"2033ac06-ca71-4f8f-9ae6-f068b15350dc","value":null}
&amp#27;[38;5;32m[AndroidUiautomator2Driver@f6fc (8a4c5d39)]&amp#27;[0m Responding to client with driver.clear() result: null
&amp#27;[38;5;0m[HTTP]&amp#27;[0m &amp#27;[37m<-- POST /session/8a4c5d39-9059-4535-92f2-b9cd751f3967/element/00000000-0000-00b4-0000-005700000003/clear &amp#27;[39m&amp#27;[32m200&amp#27;[39m &amp#27;[90m1457 ms - 14&amp#27;[39m
&amp#27;[38;5;0m[HTTP]&amp#27;[0m &amp#27;[90m&amp#27;[39m
&amp#27;[38;5;0m[HTTP]&amp#27;[0m &amp#27;[37m-->&amp#27;[39m &amp#27;[37mPOST&amp#27;[39m &amp#27;[37m/session/8a4c5d39-9059-4535-92f2-b9cd751f3967/elements&amp#27;[39m
&amp#27;[38;5;0m[HTTP]&amp#27;[0m &amp#27;[90m{"value":"//android.view.View/android.widget.ImageView[1]","using":"xpath"}&amp#27;[39m
&amp#27;[38;5;32m[AndroidUiautomator2Driver@f6fc (8a4c5d39)]&amp#27;[0m Calling AppiumDriver.findElements() with args: ["xpath","//android.view.View/android.widget.ImageView[1]","8a4c5d39-9059-4535-92f2-b9cd751f3967"]
&amp#27;[38;5;32m[AndroidUiautomator2Driver@f6fc (8a4c5d39)]&amp#27;[0m Valid locator strategies for this request: xpath, id, class name, accessibility id, css selector, -android uiautomator
&amp#27;[38;5;32m[AndroidUiautomator2Driver@f6fc (8a4c5d39)]&amp#27;[0m Waiting up to 10000 ms for condition
&amp#27;[38;5;32m[AndroidUiautomator2Driver@f6fc (8a4c5d39)]&amp#27;[0m Matched '/elements' to command name 'findElements'
&amp#27;[38;5;32m[AndroidUiautomator2Driver@f6fc (8a4c5d39)]&amp#27;[0m Proxying [POST /elements] to [POST http://127.0.0.1:8201/session/2033ac06-ca71-4f8f-9ae6-f068b15350dc/elements] with body: {"strategy":"xpath","selector":"//android.view.View/android.widget.ImageView[1]","context":"","multiple":true}
&amp#27;[38;5;32m[AndroidUiautomator2Driver@f6fc (8a4c5d39)]&amp#27;[0m Got response with status 200: {"sessionId":"2033ac06-ca71-4f8f-9ae6-f068b15350dc","value":[{"ELEMENT":"00000000-0000-00b4-0000-005700000003","element-6066-11e4-a52e-4f735466cecf":"00000000-0000-00b4-0000-005700000003"},{"ELEMENT":"00000000-0000-00b4-0000-005900000003","element-6066-11e4-a52e-4f735466cecf":"00000000-0000-00b4-0000-005900000003"}]}
&amp#27;[38;5;32m[AndroidUiautomator2Driver@f6fc (8a4c5d39)]&amp#27;[0m Responding to client with driver.findElements() result: [{"element-6066-11e4-a52e-4f735466cecf":"00000000-0000-00b4-0000-005700000003","ELEMENT":"00000000-0000-00b4-0000-005700000003"},{"element-6066-11e4-a52e-4f735466cecf":"00000000-0000-00b4-0000-005900000003","ELEMENT":"00000000-0000-00b4-0000-005900000003"}]
&amp#27;[38;5;0m[HTTP]&amp#27;[0m &amp#27;[37m<-- POST /session/8a4c5d39-9059-4535-92f2-b9cd751f3967/elements &amp#27;[39m&amp#27;[32m200&amp#27;[39m &amp#27;[90m43 ms - 267&amp#27;[39m
&amp#27;[38;5;0m[HTTP]&amp#27;[0m &amp#27;[90m&amp#27;[39m
&amp#27;[38;5;0m[HTTP]&amp#27;[0m &amp#27;[37m-->&amp#27;[39m &amp#27;[37mPOST&amp#27;[39m &amp#27;[37m/session/8a4c5d39-9059-4535-92f2-b9cd751f3967/element/00000000-0000-00b4-0000-005700000003/value&amp#27;[39m
&amp#27;[38;5;0m[HTTP]&amp#27;[0m &amp#27;[90m{"text":"Product Name","value":["P","r","o","d","u","c","t"," ","N","a","m","e"],"id":"00000000-0000-00b4-0000-005700000003"}&amp#27;[39m
&amp#27;[38;5;32m[AndroidUiautomator2Driver@f6fc (8a4c5d39)]&amp#27;[0m Calling AppiumDriver.setValue() with args: [["P","r","o","d","u","c","t"," ","N","a","m","e"],"00000000-0000-00b4-0000-005700000003","8a4c5d39-9059-4535-92f2-b9cd751f3967"]
&amp#27;[38;5;32m[AndroidUiautomator2Driver@f6fc (8a4c5d39)]&amp#27;[0m Matched '/element/00000000-0000-00b4-0000-005700000003/value' to command name 'setValue'
&amp#27;[38;5;32m[AndroidUiautomator2Driver@f6fc (8a4c5d39)]&amp#27;[0m Added 'value' property ["P","r","o","d","u","c","t"," ","N","a","m","e"] to 'setValue' request body
&amp#27;[38;5;32m[AndroidUiautomator2Driver@f6fc (8a4c5d39)]&amp#27;[0m Proxying [POST /element/00000000-0000-00b4-0000-005700000003/value] to [POST http://127.0.0.1:8201/session/2033ac06-ca71-4f8f-9ae6-f068b15350dc/element/00000000-0000-00b4-0000-005700000003/value] with body: {"elementId":"00000000-0000-00b4-0000-005700000003","text":"Product Name","replace":false,"value":["P","r","o","d","u","c","t"," ","N","a","m","e"]}
&amp#27;[38;5;32m[AndroidUiautomator2Driver@f6fc (8a4c5d39)]&amp#27;[0m Got response with status 200: {"sessionId":"2033ac06-ca71-4f8f-9ae6-f068b15350dc","value":null}
&amp#27;[38;5;32m[AndroidUiautomator2Driver@f6fc (8a4c5d39)]&amp#27;[0m Responding to client with driver.setValue() result: null
&amp#27;[38;5;0m[HTTP]&amp#27;[0m &amp#27;[37m<-- POST /session/8a4c5d39-9059-4535-92f2-b9cd751f3967/element/00000000-0000-00b4-0000-005700000003/value &amp#27;[39m&amp#27;[32m200&amp#27;[39m &amp#27;[90m26 ms - 14&amp#27;[39m
&amp#27;[38;5;0m[HTTP]&amp#27;[0m &amp#27;[90m&amp#27;[39m
&amp#27;[38;5;0m[HTTP]&amp#27;[0m &amp#27;[37m-->&amp#27;[39m &amp#27;[37mPOST&amp#27;[39m &amp#27;[37m/session/8a4c5d39-9059-4535-92f2-b9cd751f3967/elements&amp#27;[39m
&amp#27;[38;5;0m[HTTP]&amp#27;[0m &amp#27;[90m{"value":"//android.view.View[2]/android.view.View/android.widget.ImageView","using":"xpath"}&amp#27;[39m
&amp#27;[38;5;32m[AndroidUiautomator2Driver@f6fc (8a4c5d39)]&amp#27;[0m Calling AppiumDriver.findElements() with args: ["xpath","//android.view.View[2]/android.view.View/android.widget.ImageView","8a4c5d39-9059-4535-92f2-b9cd751f3967"]
&amp#27;[38;5;32m[AndroidUiautomator2Driver@f6fc (8a4c5d39)]&amp#27;[0m Valid locator strategies for this request: xpath, id, class name, accessibility id, css selector, -android uiautomator
&amp#27;[38;5;32m[AndroidUiautomator2Driver@f6fc (8a4c5d39)]&amp#27;[0m Waiting up to 10000 ms for condition
&amp#27;[38;5;32m[AndroidUiautomator2Driver@f6fc (8a4c5d39)]&amp#27;[0m Matched '/elements' to command name 'findElements'
&amp#27;[38;5;32m[AndroidUiautomator2Driver@f6fc (8a4c5d39)]&amp#27;[0m Proxying [POST /elements] to [POST http://127.0.0.1:8201/session/2033ac06-ca71-4f8f-9ae6-f068b15350dc/elements] with body: {"strategy":"xpath","selector":"//android.view.View[2]/android.view.View/android.widget.ImageView","context":"","multiple":true}
&amp#27;[38;5;32m[AndroidUiautomator2Driver@f6fc (8a4c5d39)]&amp#27;[0m Got response with status 200: {"sessionId":"2033ac06-ca71-4f8f-9ae6-f068b15350dc","value":[{"ELEMENT":"00000000-0000-00b4-0000-005900000003","element-6066-11e4-a52e-4f735466cecf":"00000000-0000-00b4-0000-005900000003"},{"ELEMENT":"00000000-0000-00b4-0000-005a00000003","element-6066-11e4-a52e-4f735466cecf":"00000000-0000-00b4-0000-005a00000003"},{"ELEMENT":"00000000-0000-00b4-0000-005b00000003","element-6066-11e4-a52e-4f735466cecf":"00000000-0000-00b4-0000-005b00000003"}]}
&amp#27;[38;5;32m[AndroidUiautomator2Driver@f6fc (8a4c5d39)]&amp#27;[0m Responding to client with driver.findElements() result: [{"element-6066-11e4-a52e-4f735466cecf":"00000000-0000-00b4-0000-005900000003","ELEMENT":"00000000-0000-00b4-0000-005900000003"},{"element-6066-11e4-a52e-4f735466cecf":"00000000-0000-00b4-0000-005a00000003","ELEMENT":"00000000-0000-00b4-0000-005a00000003"},{"element-6066-11e4-a52e-4f735466cecf":"00000000-0000-00b4-0000-005b00000003","ELEMENT":"00000000-0000-00b4-0000-005b00000003"}]
&amp#27;[38;5;0m[HTTP]&amp#27;[0m &amp#27;[37m<-- POST /session/8a4c5d39-9059-4535-92f2-b9cd751f3967/elements &amp#27;[39m&amp#27;[32m200&amp#27;[39m &amp#27;[90m114 ms - 395&amp#27;[39m
&amp#27;[38;5;0m[HTTP]&amp#27;[0m &amp#27;[90m&amp#27;[39m
&amp#27;[38;5;0m[HTTP]&amp#27;[0m &amp#27;[37m-->&amp#27;[39m &amp#27;[37mGET&amp#27;[39m &amp#27;[37m/session/8a4c5d39-9059-4535-92f2-b9cd751f3967/element/00000000-0000-00b4-0000-005900000003/attribute/content-desc&amp#27;[39m
&amp#27;[38;5;0m[HTTP]&amp#27;[0m &amp#27;[90m{}&amp#27;[39m
&amp#27;[38;5;32m[AndroidUiautomator2Driver@f6fc (8a4c5d39)]&amp#27;[0m Calling AppiumDriver.getAttribute() with args: ["content-desc","00000000-0000-00b4-0000-005900000003","8a4c5d39-9059-4535-92f2-b9cd751f3967"]
&amp#27;[38;5;32m[AndroidUiautomator2Driver@f6fc (8a4c5d39)]&amp#27;[0m Matched '/element/00000000-0000-00b4-0000-005900000003/attribute/content-desc' to command name 'getAttribute'
&amp#27;[38;5;32m[AndroidUiautomator2Driver@f6fc (8a4c5d39)]&amp#27;[0m Proxying [GET /element/00000000-0000-00b4-0000-005900000003/attribute/content-desc] to [GET http://127.0.0.1:8201/session/2033ac06-ca71-4f8f-9ae6-f068b15350dc/element/00000000-0000-00b4-0000-005900000003/attribute/content-desc] with no body
&amp#27;[38;5;32m[AndroidUiautomator2Driver@f6fc (8a4c5d39)]&amp#27;[0m Got response with status 200: {"sessionId":"2033ac06-ca71-4f8f-9ae6-f068b15350dc","value":"Product Name\nCategory Name"}
&amp#27;[38;5;32m[AndroidUiautomator2Driver@f6fc (8a4c5d39)]&amp#27;[0m Responding to client with driver.getAttribute() result: "Product Name\nCategory Name"
&amp#27;[38;5;0m[HTTP]&amp#27;[0m &amp#27;[37m<-- GET /session/8a4c5d39-9059-4535-92f2-b9cd751f3967/element/00000000-0000-00b4-0000-005900000003/attribute/content-desc &amp#27;[39m&amp#27;[32m200&amp#27;[39m &amp#27;[90m570 ms - 39&amp#27;[39m
&amp#27;[38;5;0m[HTTP]&amp#27;[0m &amp#27;[90m&amp#27;[39m
&amp#27;[38;5;0m[HTTP]&amp#27;[0m &amp#27;[37m-->&amp#27;[39m &amp#27;[37mPOST&amp#27;[39m &amp#27;[37m/session/8a4c5d39-9059-4535-92f2-b9cd751f3967/elements&amp#27;[39m
&amp#27;[38;5;0m[HTTP]&amp#27;[0m &amp#27;[90m{"value":"//android.view.View[2]/android.view.View/android.widget.ImageView","using":"xpath"}&amp#27;[39m
&amp#27;[38;5;32m[AndroidUiautomator2Driver@f6fc (8a4c5d39)]&amp#27;[0m Calling AppiumDriver.findElements() with args: ["xpath","//android.view.View[2]/android.view.View/android.widget.ImageView","8a4c5d39-9059-4535-92f2-b9cd751f3967"]
&amp#27;[38;5;32m[AndroidUiautomator2Driver@f6fc (8a4c5d39)]&amp#27;[0m Valid locator strategies for this request: xpath, id, class name, accessibility id, css selector, -android uiautomator
&amp#27;[38;5;32m[AndroidUiautomator2Driver@f6fc (8a4c5d39)]&amp#27;[0m Waiting up to 10000 ms for condition
&amp#27;[38;5;32m[AndroidUiautomator2Driver@f6fc (8a4c5d39)]&amp#27;[0m Matched '/elements' to command name 'findElements'
&amp#27;[38;5;32m[AndroidUiautomator2Driver@f6fc (8a4c5d39)]&amp#27;[0m Proxying [POST /elements] to [POST http://127.0.0.1:8201/session/2033ac06-ca71-4f8f-9ae6-f068b15350dc/elements] with body: {"strategy":"xpath","selector":"//android.view.View[2]/android.view.View/android.widget.ImageView","context":"","multiple":true}
&amp#27;[38;5;32m[AndroidUiautomator2Driver@f6fc (8a4c5d39)]&amp#27;[0m Got response with status 200: {"sessionId":"2033ac06-ca71-4f8f-9ae6-f068b15350dc","value":[{"ELEMENT":"00000000-0000-00b4-0000-005900000003","element-6066-11e4-a52e-4f735466cecf":"00000000-0000-00b4-0000-005900000003"},{"ELEMENT":"00000000-0000-00b4-0000-005a00000003","element-6066-11e4-a52e-4f735466cecf":"00000000-0000-00b4-0000-005a00000003"},{"ELEMENT":"00000000-0000-00b4-0000-005b00000003","element-6066-11e4-a52e-4f735466cecf":"00000000-0000-00b4-0000-005b00000003"}]}
&amp#27;[38;5;32m[AndroidUiautomator2Driver@f6fc (8a4c5d39)]&amp#27;[0m Responding to client with driver.findElements() result: [{"element-6066-11e4-a52e-4f735466cecf":"00000000-0000-00b4-0000-005900000003","ELEMENT":"00000000-0000-00b4-0000-005900000003"},{"element-6066-11e4-a52e-4f735466cecf":"00000000-0000-00b4-0000-005a00000003","ELEMENT":"00000000-0000-00b4-0000-005a00000003"},{"element-6066-11e4-a52e-4f735466cecf":"00000000-0000-00b4-0000-005b00000003","ELEMENT":"00000000-0000-00b4-0000-005b00000003"}]
&amp#27;[38;5;0m[HTTP]&amp#27;[0m &amp#27;[37m<-- POST /session/8a4c5d39-9059-4535-92f2-b9cd751f3967/elements &amp#27;[39m&amp#27;[32m200&amp#27;[39m &amp#27;[90m47 ms - 395&amp#27;[39m
&amp#27;[38;5;0m[HTTP]&amp#27;[0m &amp#27;[90m&amp#27;[39m
&amp#27;[38;5;0m[HTTP]&amp#27;[0m &amp#27;[37m-->&amp#27;[39m &amp#27;[37mPOST&amp#27;[39m &amp#27;[37m/session/8a4c5d39-9059-4535-92f2-b9cd751f3967/element/00000000-0000-00b4-0000-005900000003/click&amp#27;[39m
&amp#27;[38;5;0m[HTTP]&amp#27;[0m &amp#27;[90m{"id":"00000000-0000-00b4-0000-005900000003"}&amp#27;[39m
&amp#27;[38;5;32m[AndroidUiautomator2Driver@f6fc (8a4c5d39)]&amp#27;[0m Calling AppiumDriver.click() with args: ["00000000-0000-00b4-0000-005900000003","8a4c5d39-9059-4535-92f2-b9cd751f3967"]
&amp#27;[38;5;32m[AndroidUiautomator2Driver@f6fc (8a4c5d39)]&amp#27;[0m Matched '/element/00000000-0000-00b4-0000-005900000003/click' to command name 'click'
&amp#27;[38;5;32m[AndroidUiautomator2Driver@f6fc (8a4c5d39)]&amp#27;[0m Proxying [POST /element/00000000-0000-00b4-0000-005900000003/click] to [POST http://127.0.0.1:8201/session/2033ac06-ca71-4f8f-9ae6-f068b15350dc/element/00000000-0000-00b4-0000-005900000003/click] with body: {"element":"00000000-0000-00b4-0000-005900000003"}
&amp#27;[38;5;32m[AndroidUiautomator2Driver@f6fc (8a4c5d39)]&amp#27;[0m Got response with status 200: {"sessionId":"2033ac06-ca71-4f8f-9ae6-f068b15350dc","value":null}
&amp#27;[38;5;32m[AndroidUiautomator2Driver@f6fc (8a4c5d39)]&amp#27;[0m Responding to client with driver.click() result: null
&amp#27;[38;5;0m[HTTP]&amp#27;[0m &amp#27;[37m<-- POST /session/8a4c5d39-9059-4535-92f2-b9cd751f3967/element/00000000-0000-00b4-0000-005900000003/click &amp#27;[39m&amp#27;[32m200&amp#27;[39m &amp#27;[90m1680 ms - 14&amp#27;[39m
&amp#27;[38;5;0m[HTTP]&amp#27;[0m &amp#27;[90m&amp#27;[39m
43612 [main] DEBUG devpinoyLogger  - User provided product is searched and selected
43612 [main] DEBUG devpinoyLogger  - User provided product is searched and selected
43612 [main] DEBUG devpinoyLogger  - User provided product is searched and selected
43612 [main] DEBUG devpinoyLogger  - User provided product is searched and selected
43612 [main] DEBUG devpinoyLogger  - User provided product is searched and selected
&amp#27;[38;5;0m[HTTP]&amp#27;[0m &amp#27;[37m-->&amp#27;[39m &amp#27;[37mPOST&amp#27;[39m &amp#27;[37m/session/8a4c5d39-9059-4535-92f2-b9cd751f3967/elements&amp#27;[39m
&amp#27;[38;5;0m[HTTP]&amp#27;[0m &amp#27;[90m{"value":"//android.view.View/android.widget.ScrollView/android.view.View[1]/android.view.View/android.widget.ImageView","using":"xpath"}&amp#27;[39m
&amp#27;[38;5;32m[AndroidUiautomator2Driver@f6fc (8a4c5d39)]&amp#27;[0m Calling AppiumDriver.findElements() with args: ["xpath","//android.view.View/android.widget.ScrollView/android.view.View[1]/android.view.View/android.widget.ImageView","8a4c5d39-9059-4535-92f2-b9cd751f3967"]
&amp#27;[38;5;32m[AndroidUiautomator2Driver@f6fc (8a4c5d39)]&amp#27;[0m Valid locator strategies for this request: xpath, id, class name, accessibility id, css selector, -android uiautomator
&amp#27;[38;5;32m[AndroidUiautomator2Driver@f6fc (8a4c5d39)]&amp#27;[0m Waiting up to 10000 ms for condition
&amp#27;[38;5;32m[AndroidUiautomator2Driver@f6fc (8a4c5d39)]&amp#27;[0m Matched '/elements' to command name 'findElements'
&amp#27;[38;5;32m[AndroidUiautomator2Driver@f6fc (8a4c5d39)]&amp#27;[0m Proxying [POST /elements] to [POST http://127.0.0.1:8201/session/2033ac06-ca71-4f8f-9ae6-f068b15350dc/elements] with body: {"strategy":"xpath","selector":"//android.view.View/android.widget.ScrollView/android.view.View[1]/android.view.View/android.widget.ImageView","context":"","multiple":true}
&amp#27;[38;5;32m[AndroidUiautomator2Driver@f6fc (8a4c5d39)]&amp#27;[0m Got response with status 200: {"sessionId":"2033ac06-ca71-4f8f-9ae6-f068b15350dc","value":[{"ELEMENT":"00000000-0000-00b4-0000-006700000003","element-6066-11e4-a52e-4f735466cecf":"00000000-0000-00b4-0000-006700000003"},{"ELEMENT":"00000000-0000-00b4-0000-006800000003","element-6066-11e4-a52e-4f735466cecf":"00000000-0000-00b4-0000-006800000003"}]}
&amp#27;[38;5;32m[AndroidUiautomator2Driver@f6fc (8a4c5d39)]&amp#27;[0m Responding to client with driver.findElements() result: [{"element-6066-11e4-a52e-4f735466cecf":"00000000-0000-00b4-0000-006700000003","ELEMENT":"00000000-0000-00b4-0000-006700000003"},{"element-6066-11e4-a52e-4f735466cecf":"00000000-0000-00b4-0000-006800000003","ELEMENT":"00000000-0000-00b4-0000-006800000003"}]
&amp#27;[38;5;0m[HTTP]&amp#27;[0m &amp#27;[37m<-- POST /session/8a4c5d39-9059-4535-92f2-b9cd751f3967/elements &amp#27;[39m&amp#27;[32m200&amp#27;[39m &amp#27;[90m519 ms - 267&amp#27;[39m
&amp#27;[38;5;0m[HTTP]&amp#27;[0m &amp#27;[90m&amp#27;[39m
&amp#27;[38;5;0m[HTTP]&amp#27;[0m &amp#27;[37m-->&amp#27;[39m &amp#27;[37mPOST&amp#27;[39m &amp#27;[37m/session/8a4c5d39-9059-4535-92f2-b9cd751f3967/element/00000000-0000-00b4-0000-006700000003/click&amp#27;[39m
&amp#27;[38;5;0m[HTTP]&amp#27;[0m &amp#27;[90m{"id":"00000000-0000-00b4-0000-006700000003"}&amp#27;[39m
&amp#27;[38;5;32m[AndroidUiautomator2Driver@f6fc (8a4c5d39)]&amp#27;[0m Calling AppiumDriver.click() with args: ["00000000-0000-00b4-0000-006700000003","8a4c5d39-9059-4535-92f2-b9cd751f3967"]
&amp#27;[38;5;32m[AndroidUiautomator2Driver@f6fc (8a4c5d39)]&amp#27;[0m Matched '/element/00000000-0000-00b4-0000-006700000003/click' to command name 'click'
&amp#27;[38;5;32m[AndroidUiautomator2Driver@f6fc (8a4c5d39)]&amp#27;[0m Proxying [POST /element/00000000-0000-00b4-0000-006700000003/click] to [POST http://127.0.0.1:8201/session/2033ac06-ca71-4f8f-9ae6-f068b15350dc/element/00000000-0000-00b4-0000-006700000003/click] with body: {"element":"00000000-0000-00b4-0000-006700000003"}
&amp#27;[38;5;32m[AndroidUiautomator2Driver@f6fc (8a4c5d39)]&amp#27;[0m Got response with status 200: {"sessionId":"2033ac06-ca71-4f8f-9ae6-f068b15350dc","value":null}
&amp#27;[38;5;32m[AndroidUiautomator2Driver@f6fc (8a4c5d39)]&amp#27;[0m Responding to client with driver.click() result: null
&amp#27;[38;5;0m[HTTP]&amp#27;[0m &amp#27;[37m<-- POST /session/8a4c5d39-9059-4535-92f2-b9cd751f3967/element/00000000-0000-00b4-0000-006700000003/click &amp#27;[39m&amp#27;[32m200&amp#27;[39m &amp#27;[90m664 ms - 14&amp#27;[39m
&amp#27;[38;5;0m[HTTP]&amp#27;[0m &amp#27;[90m&amp#27;[39m
&amp#27;[38;5;0m[HTTP]&amp#27;[0m &amp#27;[37m-->&amp#27;[39m &amp#27;[37mPOST&amp#27;[39m &amp#27;[37m/session/8a4c5d39-9059-4535-92f2-b9cd751f3967/execute/sync&amp#27;[39m
&amp#27;[38;5;0m[HTTP]&amp#27;[0m &amp#27;[90m{"script":"mobile: pressKey","args":[{"keycode":4}]}&amp#27;[39m
&amp#27;[38;5;32m[AndroidUiautomator2Driver@f6fc (8a4c5d39)]&amp#27;[0m Calling AppiumDriver.execute() with args: ["mobile: pressKey",[{"keycode":4}],"8a4c5d39-9059-4535-92f2-b9cd751f3967"]
&amp#27;[38;5;32m[AndroidUiautomator2Driver@f6fc (8a4c5d39)]&amp#27;[0m Executing method 'mobile: pressKey'
&amp#27;[38;5;32m[AndroidUiautomator2Driver@f6fc (8a4c5d39)]&amp#27;[0m Matched '/appium/device/press_keycode' to command name 'pressKeyCode'
&amp#27;[38;5;32m[AndroidUiautomator2Driver@f6fc (8a4c5d39)]&amp#27;[0m Proxying [POST /appium/device/press_keycode] to [POST http://127.0.0.1:8201/session/2033ac06-ca71-4f8f-9ae6-f068b15350dc/appium/device/press_keycode] with body: {"keycode":4}
&amp#27;[38;5;32m[AndroidUiautomator2Driver@f6fc (8a4c5d39)]&amp#27;[0m Got response with status 200: {"sessionId":"2033ac06-ca71-4f8f-9ae6-f068b15350dc","value":null}
&amp#27;[38;5;32m[AndroidUiautomator2Driver@f6fc (8a4c5d39)]&amp#27;[0m Responding to client with driver.execute() result: null
&amp#27;[38;5;0m[HTTP]&amp#27;[0m &amp#27;[37m<-- POST /session/8a4c5d39-9059-4535-92f2-b9cd751f3967/execute/sync &amp#27;[39m&amp#27;[32m200&amp#27;[39m &amp#27;[90m81 ms - 14&amp#27;[39m
&amp#27;[38;5;0m[HTTP]&amp#27;[0m &amp#27;[90m&amp#27;[39m
&amp#27;[38;5;0m[HTTP]&amp#27;[0m &amp#27;[37m-->&amp#27;[39m &amp#27;[37mPOST&amp#27;[39m &amp#27;[37m/session/8a4c5d39-9059-4535-92f2-b9cd751f3967/elements&amp#27;[39m
&amp#27;[38;5;0m[HTTP]&amp#27;[0m &amp#27;[90m{"value":"//android.view.View/android.widget.ScrollView/android.view.View[1]/android.view.View/android.widget.ImageView","using":"xpath"}&amp#27;[39m
&amp#27;[38;5;32m[AndroidUiautomator2Driver@f6fc (8a4c5d39)]&amp#27;[0m Calling AppiumDriver.findElements() with args: ["xpath","//android.view.View/android.widget.ScrollView/android.view.View[1]/android.view.View/android.widget.ImageView","8a4c5d39-9059-4535-92f2-b9cd751f3967"]
&amp#27;[38;5;32m[AndroidUiautomator2Driver@f6fc (8a4c5d39)]&amp#27;[0m Valid locator strategies for this request: xpath, id, class name, accessibility id, css selector, -android uiautomator
&amp#27;[38;5;32m[AndroidUiautomator2Driver@f6fc (8a4c5d39)]&amp#27;[0m Waiting up to 10000 ms for condition
&amp#27;[38;5;32m[AndroidUiautomator2Driver@f6fc (8a4c5d39)]&amp#27;[0m Matched '/elements' to command name 'findElements'
&amp#27;[38;5;32m[AndroidUiautomator2Driver@f6fc (8a4c5d39)]&amp#27;[0m Proxying [POST /elements] to [POST http://127.0.0.1:8201/session/2033ac06-ca71-4f8f-9ae6-f068b15350dc/elements] with body: {"strategy":"xpath","selector":"//android.view.View/android.widget.ScrollView/android.view.View[1]/android.view.View/android.widget.ImageView","context":"","multiple":true}
&amp#27;[38;5;32m[AndroidUiautomator2Driver@f6fc (8a4c5d39)]&amp#27;[0m Got response with status 200: {"sessionId":"2033ac06-ca71-4f8f-9ae6-f068b15350dc","value":[]}
&amp#27;[38;5;32m[AndroidUiautomator2Driver@f6fc (8a4c5d39)]&amp#27;[0m Waited for 41 ms so far
&amp#27;[38;5;32m[AndroidUiautomator2Driver@f6fc (8a4c5d39)]&amp#27;[0m Matched '/elements' to command name 'findElements'
&amp#27;[38;5;32m[AndroidUiautomator2Driver@f6fc (8a4c5d39)]&amp#27;[0m Proxying [POST /elements] to [POST http://127.0.0.1:8201/session/2033ac06-ca71-4f8f-9ae6-f068b15350dc/elements] with body: {"strategy":"xpath","selector":"//android.view.View/android.widget.ScrollView/android.view.View[1]/android.view.View/android.widget.ImageView","context":"","multiple":true}
&amp#27;[38;5;32m[AndroidUiautomator2Driver@f6fc (8a4c5d39)]&amp#27;[0m Got response with status 200: {"sessionId":"2033ac06-ca71-4f8f-9ae6-f068b15350dc","value":[{"ELEMENT":"00000000-0000-00b4-0000-006700000003","element-6066-11e4-a52e-4f735466cecf":"00000000-0000-00b4-0000-006700000003"},{"ELEMENT":"00000000-0000-00b4-0000-006800000003","element-6066-11e4-a52e-4f735466cecf":"00000000-0000-00b4-0000-006800000003"}]}
&amp#27;[38;5;32m[AndroidUiautomator2Driver@f6fc (8a4c5d39)]&amp#27;[0m Responding to client with driver.findElements() result: [{"element-6066-11e4-a52e-4f735466cecf":"00000000-0000-00b4-0000-006700000003","ELEMENT":"00000000-0000-00b4-0000-006700000003"},{"element-6066-11e4-a52e-4f735466cecf":"00000000-0000-00b4-0000-006800000003","ELEMENT":"00000000-0000-00b4-0000-006800000003"}]
&amp#27;[38;5;0m[HTTP]&amp#27;[0m &amp#27;[37m<-- POST /session/8a4c5d39-9059-4535-92f2-b9cd751f3967/elements &amp#27;[39m&amp#27;[32m200&amp#27;[39m &amp#27;[90m974 ms - 267&amp#27;[39m
&amp#27;[38;5;0m[HTTP]&amp#27;[0m &amp#27;[90m&amp#27;[39m
&amp#27;[38;5;0m[HTTP]&amp#27;[0m &amp#27;[37m-->&amp#27;[39m &amp#27;[37mPOST&amp#27;[39m &amp#27;[37m/session/8a4c5d39-9059-4535-92f2-b9cd751f3967/element/00000000-0000-00b4-0000-006800000003/click&amp#27;[39m
&amp#27;[38;5;0m[HTTP]&amp#27;[0m &amp#27;[90m{"id":"00000000-0000-00b4-0000-006800000003"}&amp#27;[39m
&amp#27;[38;5;32m[AndroidUiautomator2Driver@f6fc (8a4c5d39)]&amp#27;[0m Calling AppiumDriver.click() with args: ["00000000-0000-00b4-0000-006800000003","8a4c5d39-9059-4535-92f2-b9cd751f3967"]
&amp#27;[38;5;32m[AndroidUiautomator2Driver@f6fc (8a4c5d39)]&amp#27;[0m Matched '/element/00000000-0000-00b4-0000-006800000003/click' to command name 'click'
&amp#27;[38;5;32m[AndroidUiautomator2Driver@f6fc (8a4c5d39)]&amp#27;[0m Proxying [POST /element/00000000-0000-00b4-0000-006800000003/click] to [POST http://127.0.0.1:8201/session/2033ac06-ca71-4f8f-9ae6-f068b15350dc/element/00000000-0000-00b4-0000-006800000003/click] with body: {"element":"00000000-0000-00b4-0000-006800000003"}
&amp#27;[38;5;32m[AndroidUiautomator2Driver@f6fc (8a4c5d39)]&amp#27;[0m Got response with status 200: {"sessionId":"2033ac06-ca71-4f8f-9ae6-f068b15350dc","value":null}
&amp#27;[38;5;32m[AndroidUiautomator2Driver@f6fc (8a4c5d39)]&amp#27;[0m Responding to client with driver.click() result: null
&amp#27;[38;5;0m[HTTP]&amp#27;[0m &amp#27;[37m<-- POST /session/8a4c5d39-9059-4535-92f2-b9cd751f3967/element/00000000-0000-00b4-0000-006800000003/click &amp#27;[39m&amp#27;[32m200&amp#27;[39m &amp#27;[90m655 ms - 14&amp#27;[39m
&amp#27;[38;5;0m[HTTP]&amp#27;[0m &amp#27;[90m&amp#27;[39m
&amp#27;[38;5;0m[HTTP]&amp#27;[0m &amp#27;[37m-->&amp#27;[39m &amp#27;[37mGET&amp#27;[39m &amp#27;[37m/session/fe1e5e56-571c-4eb6-898d-5d5d3bd3a4b3/timeouts&amp#27;[39m
&amp#27;[38;5;0m[HTTP]&amp#27;[0m &amp#27;[90m{}&amp#27;[39m
&amp#27;[38;5;16m[AppiumDriver@b18f]&amp#27;[0m Encountered internal error running command: NoSuchDriverError: A session is either terminated or not started
&amp#27;[38;5;16m[AppiumDriver@b18f]&amp#27;[0m     at asyncHandler (C:\Users\Kvp\AppData\Roaming\npm\node_modules\appium\node_modules\@appium\base-driver\lib\protocol\protocol.js:315:15)
&amp#27;[38;5;16m[AppiumDriver@b18f]&amp#27;[0m     at C:\Users\Kvp\AppData\Roaming\npm\node_modules\appium\node_modules\@appium\base-driver\lib\protocol\protocol.js:518:15
&amp#27;[38;5;16m[AppiumDriver@b18f]&amp#27;[0m     at Layer.handle [as handle_request] (C:\Users\Kvp\AppData\Roaming\npm\node_modules\appium\node_modules\express\lib\router\layer.js:95:5)
&amp#27;[38;5;16m[AppiumDriver@b18f]&amp#27;[0m     at next (C:\Users\Kvp\AppData\Roaming\npm\node_modules\appium\node_modules\express\lib\router\route.js:144:13)
&amp#27;[38;5;16m[AppiumDriver@b18f]&amp#27;[0m     at Route.dispatch (C:\Users\Kvp\AppData\Roaming\npm\node_modules\appium\node_modules\express\lib\router\route.js:114:3)
&amp#27;[38;5;16m[AppiumDriver@b18f]&amp#27;[0m     at Layer.handle [as handle_request] (C:\Users\Kvp\AppData\Roaming\npm\node_modules\appium\node_modules\express\lib\router\layer.js:95:5)
&amp#27;[38;5;16m[AppiumDriver@b18f]&amp#27;[0m     at C:\Users\Kvp\AppData\Roaming\npm\node_modules\appium\node_modules\express\lib\router\index.js:284:15
&amp#27;[38;5;16m[AppiumDriver@b18f]&amp#27;[0m     at param (C:\Users\Kvp\AppData\Roaming\npm\node_modules\appium\node_modules\express\lib\router\index.js:365:14)
&amp#27;[38;5;16m[AppiumDriver@b18f]&amp#27;[0m     at param (C:\Users\Kvp\AppData\Roaming\npm\node_modules\appium\node_modules\express\lib\router\index.js:376:14)
&amp#27;[38;5;16m[AppiumDriver@b18f]&amp#27;[0m     at Function.process_params (C:\Users\Kvp\AppData\Roaming\npm\node_modules\appium\node_modules\express\lib\router\index.js:421:3)
&amp#27;[38;5;16m[AppiumDriver@b18f]&amp#27;[0m     at next (C:\Users\Kvp\AppData\Roaming\npm\node_modules\appium\node_modules\express\lib\router\index.js:280:10)
&amp#27;[38;5;16m[AppiumDriver@b18f]&amp#27;[0m     at logger (C:\Users\Kvp\AppData\Roaming\npm\node_modules\appium\node_modules\morgan\index.js:144:5)
&amp#27;[38;5;16m[AppiumDriver@b18f]&amp#27;[0m     at Layer.handle [as handle_request] (C:\Users\Kvp\AppData\Roaming\npm\node_modules\appium\node_modules\express\lib\router\layer.js:95:5)
&amp#27;[38;5;16m[AppiumDriver@b18f]&amp#27;[0m     at trim_prefix (C:\Users\Kvp\AppData\Roaming\npm\node_modules\appium\node_modules\express\lib\router\index.js:328:13)
&amp#27;[38;5;16m[AppiumDriver@b18f]&amp#27;[0m     at C:\Users\Kvp\AppData\Roaming\npm\node_modules\appium\node_modules\express\lib\router\index.js:286:9
&amp#27;[38;5;16m[AppiumDriver@b18f]&amp#27;[0m     at Function.process_params (C:\Users\Kvp\AppData\Roaming\npm\node_modules\appium\node_modules\express\lib\router\index.js:346:12)
&amp#27;[38;5;16m[AppiumDriver@b18f]&amp#27;[0m     at next (C:\Users\Kvp\AppData\Roaming\npm\node_modules\appium\node_modules\express\lib\router\index.js:280:10)
&amp#27;[38;5;16m[AppiumDriver@b18f]&amp#27;[0m     at jsonParser (C:\Users\Kvp\AppData\Roaming\npm\node_modules\appium\node_modules\body-parser\lib\types\json.js:113:7)
&amp#27;[38;5;16m[AppiumDriver@b18f]&amp#27;[0m     at Layer.handle [as handle_request] (C:\Users\Kvp\AppData\Roaming\npm\node_modules\appium\node_modules\express\lib\router\layer.js:95:5)
&amp#27;[38;5;16m[AppiumDriver@b18f]&amp#27;[0m     at trim_prefix (C:\Users\Kvp\AppData\Roaming\npm\node_modules\appium\node_modules\express\lib\router\index.js:328:13)
&amp#27;[38;5;16m[AppiumDriver@b18f]&amp#27;[0m     at C:\Users\Kvp\AppData\Roaming\npm\node_modules\appium\node_modules\express\lib\router\index.js:286:9
&amp#27;[38;5;16m[AppiumDriver@b18f]&amp#27;[0m     at Function.process_params (C:\Users\Kvp\AppData\Roaming\npm\node_modules\appium\node_modules\express\lib\router\index.js:346:12)
&amp#27;[38;5;0m[HTTP]&amp#27;[0m &amp#27;[37m<-- GET /session/fe1e5e56-571c-4eb6-898d-5d5d3bd3a4b3/timeouts &amp#27;[39m&amp#27;[33m404&amp#27;[39m &amp#27;[90m5 ms - 3187&amp#27;[39m
&amp#27;[38;5;0m[HTTP]&amp#27;[0m &amp#27;[90m&amp#27;[39m
&amp#27;[38;5;0m[HTTP]&amp#27;[0m &amp#27;[37m-->&amp#27;[39m &amp#27;[37mPOST&amp#27;[39m &amp#27;[37m/session/8a4c5d39-9059-4535-92f2-b9cd751f3967/execute/sync&amp#27;[39m
&amp#27;[38;5;0m[HTTP]&amp#27;[0m &amp#27;[90m{"script":"mobile: pressKey","args":[{"keycode":4}]}&amp#27;[39m
&amp#27;[38;5;32m[AndroidUiautomator2Driver@f6fc (8a4c5d39)]&amp#27;[0m Calling AppiumDriver.execute() with args: ["mobile: pressKey",[{"keycode":4}],"8a4c5d39-9059-4535-92f2-b9cd751f3967"]
&amp#27;[38;5;32m[AndroidUiautomator2Driver@f6fc (8a4c5d39)]&amp#27;[0m Executing method 'mobile: pressKey'
&amp#27;[38;5;32m[AndroidUiautomator2Driver@f6fc (8a4c5d39)]&amp#27;[0m Matched '/appium/device/press_keycode' to command name 'pressKeyCode'
&amp#27;[38;5;32m[AndroidUiautomator2Driver@f6fc (8a4c5d39)]&amp#27;[0m Proxying [POST /appium/device/press_keycode] to [POST http://127.0.0.1:8201/session/2033ac06-ca71-4f8f-9ae6-f068b15350dc/appium/device/press_keycode] with body: {"keycode":4}
&amp#27;[38;5;32m[AndroidUiautomator2Driver@f6fc (8a4c5d39)]&amp#27;[0m Got response with status 200: {"sessionId":"2033ac06-ca71-4f8f-9ae6-f068b15350dc","value":null}
&amp#27;[38;5;32m[AndroidUiautomator2Driver@f6fc (8a4c5d39)]&amp#27;[0m Responding to client with driver.execute() result: null
&amp#27;[38;5;0m[HTTP]&amp#27;[0m &amp#27;[37m<-- POST /session/8a4c5d39-9059-4535-92f2-b9cd751f3967/execute/sync &amp#27;[39m&amp#27;[32m200&amp#27;[39m &amp#27;[90m45 ms - 14&amp#27;[39m
&amp#27;[38;5;0m[HTTP]&amp#27;[0m &amp#27;[90m&amp#27;[39m
&amp#27;[38;5;0m[HTTP]&amp#27;[0m &amp#27;[37m-->&amp#27;[39m &amp#27;[37mPOST&amp#27;[39m &amp#27;[37m/session/8a4c5d39-9059-4535-92f2-b9cd751f3967/element&amp#27;[39m
&amp#27;[38;5;0m[HTTP]&amp#27;[0m &amp#27;[90m{"value":"//android.view.View/android.widget.ScrollView/android.widget.Button[1]","using":"xpath"}&amp#27;[39m
&amp#27;[38;5;32m[AndroidUiautomator2Driver@f6fc (8a4c5d39)]&amp#27;[0m Calling AppiumDriver.findElement() with args: ["xpath","//android.view.View/android.widget.ScrollView/android.widget.Button[1]","8a4c5d39-9059-4535-92f2-b9cd751f3967"]
&amp#27;[38;5;32m[AndroidUiautomator2Driver@f6fc (8a4c5d39)]&amp#27;[0m Valid locator strategies for this request: xpath, id, class name, accessibility id, css selector, -android uiautomator
&amp#27;[38;5;32m[AndroidUiautomator2Driver@f6fc (8a4c5d39)]&amp#27;[0m Waiting up to 10000 ms for condition
&amp#27;[38;5;32m[AndroidUiautomator2Driver@f6fc (8a4c5d39)]&amp#27;[0m Matched '/element' to command name 'findElement'
&amp#27;[38;5;32m[AndroidUiautomator2Driver@f6fc (8a4c5d39)]&amp#27;[0m Proxying [POST /element] to [POST http://127.0.0.1:8201/session/2033ac06-ca71-4f8f-9ae6-f068b15350dc/element] with body: {"strategy":"xpath","selector":"//android.view.View/android.widget.ScrollView/android.widget.Button[1]","context":"","multiple":false}
&amp#27;[38;5;32m[AndroidUiautomator2Driver@f6fc (8a4c5d39)]&amp#27;[0m Got response with status 404: {"sessionId":"2033ac06-ca71-4f8f-9ae6-f068b15350dc","value":{"error":"no such element","message":"An element could not be located on the page using the given search parameters","stacktrace":"io.appium.uiautomator2.common.exceptions.ElementNotFoundException: An element could not be located on the page using the given search parameters\n\tat io.appium.uiautomator2.utils.ElementLocationHelpers.findElement(ElementLocationHelpers.java:156)\n\tat io.appium.uiautomator2.handler.FindElement.safeHandle(FindElement.java:60)\n\tat io.appium.uiautomator2.handler.request.SafeRequestHandler.handle(SafeRequestHandler.java:59)\n\tat io.appium.uiautomator2.server.AppiumServlet.handleRequest(AppiumServlet.java:277)\n\tat io.appium.uiautomator2.server.AppiumServlet.handleHttpRequest(AppiumServlet.java:271)\n\tat io.appium.uiautomator2.http.ServerHandler.channelRead(ServerHandler.java:77)\n\tat io.netty.channel.AbstractChannelHandlerContext.invokeChannelRead(AbstractChannelHandlerContext.java:366)\n\tat io.netty.channel.Abstr...
&amp#27;[38;5;128m[W3C]&amp#27;[0m Matched W3C error code 'no such element' to NoSuchElementError
&amp#27;[38;5;32m[AndroidUiautomator2Driver@f6fc (8a4c5d39)]&amp#27;[0m Waited for 64 ms so far
&amp#27;[38;5;32m[AndroidUiautomator2Driver@f6fc (8a4c5d39)]&amp#27;[0m Matched '/element' to command name 'findElement'
&amp#27;[38;5;32m[AndroidUiautomator2Driver@f6fc (8a4c5d39)]&amp#27;[0m Proxying [POST /element] to [POST http://127.0.0.1:8201/session/2033ac06-ca71-4f8f-9ae6-f068b15350dc/element] with body: {"strategy":"xpath","selector":"//android.view.View/android.widget.ScrollView/android.widget.Button[1]","context":"","multiple":false}
&amp#27;[38;5;32m[AndroidUiautomator2Driver@f6fc (8a4c5d39)]&amp#27;[0m Got response with status 200: {"sessionId":"2033ac06-ca71-4f8f-9ae6-f068b15350dc","value":{"ELEMENT":"00000000-0000-00b4-0000-007300000003","element-6066-11e4-a52e-4f735466cecf":"00000000-0000-00b4-0000-007300000003"}}
&amp#27;[38;5;32m[AndroidUiautomator2Driver@f6fc (8a4c5d39)]&amp#27;[0m Responding to client with driver.findElement() result: {"element-6066-11e4-a52e-4f735466cecf":"00000000-0000-00b4-0000-007300000003","ELEMENT":"00000000-0000-00b4-0000-007300000003"}
&amp#27;[38;5;0m[HTTP]&amp#27;[0m &amp#27;[37m<-- POST /session/8a4c5d39-9059-4535-92f2-b9cd751f3967/element &amp#27;[39m&amp#27;[32m200&amp#27;[39m &amp#27;[90m967 ms - 137&amp#27;[39m
&amp#27;[38;5;0m[HTTP]&amp#27;[0m &amp#27;[90m&amp#27;[39m
&amp#27;[38;5;0m[HTTP]&amp#27;[0m &amp#27;[37m-->&amp#27;[39m &amp#27;[37mPOST&amp#27;[39m &amp#27;[37m/session/8a4c5d39-9059-4535-92f2-b9cd751f3967/element/00000000-0000-00b4-0000-007300000003/click&amp#27;[39m
&amp#27;[38;5;0m[HTTP]&amp#27;[0m &amp#27;[90m{"id":"00000000-0000-00b4-0000-007300000003"}&amp#27;[39m
&amp#27;[38;5;32m[AndroidUiautomator2Driver@f6fc (8a4c5d39)]&amp#27;[0m Calling AppiumDriver.click() with args: ["00000000-0000-00b4-0000-007300000003","8a4c5d39-9059-4535-92f2-b9cd751f3967"]
&amp#27;[38;5;32m[AndroidUiautomator2Driver@f6fc (8a4c5d39)]&amp#27;[0m Matched '/element/00000000-0000-00b4-0000-007300000003/click' to command name 'click'
&amp#27;[38;5;32m[AndroidUiautomator2Driver@f6fc (8a4c5d39)]&amp#27;[0m Proxying [POST /element/00000000-0000-00b4-0000-007300000003/click] to [POST http://127.0.0.1:8201/session/2033ac06-ca71-4f8f-9ae6-f068b15350dc/element/00000000-0000-00b4-0000-007300000003/click] with body: {"element":"00000000-0000-00b4-0000-007300000003"}
&amp#27;[38;5;32m[AndroidUiautomator2Driver@f6fc (8a4c5d39)]&amp#27;[0m Got response with status 200: {"sessionId":"2033ac06-ca71-4f8f-9ae6-f068b15350dc","value":null}
&amp#27;[38;5;32m[AndroidUiautomator2Driver@f6fc (8a4c5d39)]&amp#27;[0m Responding to client with driver.click() result: null
&amp#27;[38;5;0m[HTTP]&amp#27;[0m &amp#27;[37m<-- POST /session/8a4c5d39-9059-4535-92f2-b9cd751f3967/element/00000000-0000-00b4-0000-007300000003/click &amp#27;[39m&amp#27;[32m200&amp#27;[39m &amp#27;[90m66 ms - 14&amp#27;[39m
&amp#27;[38;5;0m[HTTP]&amp#27;[0m &amp#27;[90m&amp#27;[39m
&amp#27;[38;5;0m[HTTP]&amp#27;[0m &amp#27;[37m-->&amp#27;[39m &amp#27;[37mPOST&amp#27;[39m &amp#27;[37m/session/8a4c5d39-9059-4535-92f2-b9cd751f3967/element&amp#27;[39m
&amp#27;[38;5;0m[HTTP]&amp#27;[0m &amp#27;[90m{"value":"//android.view.View[@content-desc=\"B\"]","using":"xpath"}&amp#27;[39m
&amp#27;[38;5;32m[AndroidUiautomator2Driver@f6fc (8a4c5d39)]&amp#27;[0m Calling AppiumDriver.findElement() with args: ["xpath","//android.view.View[@content-desc=\"B\"]","8a4c5d39-9059-4535-92f2-b9cd751f3967"]
&amp#27;[38;5;32m[AndroidUiautomator2Driver@f6fc (8a4c5d39)]&amp#27;[0m Valid locator strategies for this request: xpath, id, class name, accessibility id, css selector, -android uiautomator
&amp#27;[38;5;32m[AndroidUiautomator2Driver@f6fc (8a4c5d39)]&amp#27;[0m Waiting up to 10000 ms for condition
&amp#27;[38;5;32m[AndroidUiautomator2Driver@f6fc (8a4c5d39)]&amp#27;[0m Matched '/element' to command name 'findElement'
&amp#27;[38;5;32m[AndroidUiautomator2Driver@f6fc (8a4c5d39)]&amp#27;[0m Proxying [POST /element] to [POST http://127.0.0.1:8201/session/2033ac06-ca71-4f8f-9ae6-f068b15350dc/element] with body: {"strategy":"xpath","selector":"//android.view.View[@content-desc=\"B\"]","context":"","multiple":false}
&amp#27;[38;5;32m[AndroidUiautomator2Driver@f6fc (8a4c5d39)]&amp#27;[0m Got response with status 404: {"sessionId":"2033ac06-ca71-4f8f-9ae6-f068b15350dc","value":{"error":"no such element","message":"An element could not be located on the page using the given search parameters","stacktrace":"io.appium.uiautomator2.common.exceptions.ElementNotFoundException: An element could not be located on the page using the given search parameters\n\tat io.appium.uiautomator2.utils.ElementLocationHelpers.findElement(ElementLocationHelpers.java:156)\n\tat io.appium.uiautomator2.handler.FindElement.safeHandle(FindElement.java:60)\n\tat io.appium.uiautomator2.handler.request.SafeRequestHandler.handle(SafeRequestHandler.java:59)\n\tat io.appium.uiautomator2.server.AppiumServlet.handleRequest(AppiumServlet.java:277)\n\tat io.appium.uiautomator2.server.AppiumServlet.handleHttpRequest(AppiumServlet.java:271)\n\tat io.appium.uiautomator2.http.ServerHandler.channelRead(ServerHandler.java:77)\n\tat io.netty.channel.AbstractChannelHandlerContext.invokeChannelRead(AbstractChannelHandlerContext.java:366)\n\tat io.netty.channel.Abstr...
&amp#27;[38;5;128m[W3C]&amp#27;[0m Matched W3C error code 'no such element' to NoSuchElementError
&amp#27;[38;5;32m[AndroidUiautomator2Driver@f6fc (8a4c5d39)]&amp#27;[0m Waited for 60 ms so far
&amp#27;[38;5;32m[AndroidUiautomator2Driver@f6fc (8a4c5d39)]&amp#27;[0m Matched '/element' to command name 'findElement'
&amp#27;[38;5;32m[AndroidUiautomator2Driver@f6fc (8a4c5d39)]&amp#27;[0m Proxying [POST /element] to [POST http://127.0.0.1:8201/session/2033ac06-ca71-4f8f-9ae6-f068b15350dc/element] with body: {"strategy":"xpath","selector":"//android.view.View[@content-desc=\"B\"]","context":"","multiple":false}
&amp#27;[38;5;32m[AndroidUiautomator2Driver@f6fc (8a4c5d39)]&amp#27;[0m Got response with status 200: {"sessionId":"2033ac06-ca71-4f8f-9ae6-f068b15350dc","value":{"ELEMENT":"00000000-0000-00b4-0000-009000000003","element-6066-11e4-a52e-4f735466cecf":"00000000-0000-00b4-0000-009000000003"}}
&amp#27;[38;5;32m[AndroidUiautomator2Driver@f6fc (8a4c5d39)]&amp#27;[0m Responding to client with driver.findElement() result: {"element-6066-11e4-a52e-4f735466cecf":"00000000-0000-00b4-0000-009000000003","ELEMENT":"00000000-0000-00b4-0000-009000000003"}
&amp#27;[38;5;0m[HTTP]&amp#27;[0m &amp#27;[37m<-- POST /session/8a4c5d39-9059-4535-92f2-b9cd751f3967/element &amp#27;[39m&amp#27;[32m200&amp#27;[39m &amp#27;[90m794 ms - 137&amp#27;[39m
&amp#27;[38;5;0m[HTTP]&amp#27;[0m &amp#27;[90m&amp#27;[39m
&amp#27;[38;5;0m[HTTP]&amp#27;[0m &amp#27;[37m-->&amp#27;[39m &amp#27;[37mPOST&amp#27;[39m &amp#27;[37m/session/8a4c5d39-9059-4535-92f2-b9cd751f3967/element/00000000-0000-00b4-0000-009000000003/click&amp#27;[39m
&amp#27;[38;5;0m[HTTP]&amp#27;[0m &amp#27;[90m{"id":"00000000-0000-00b4-0000-009000000003"}&amp#27;[39m
&amp#27;[38;5;32m[AndroidUiautomator2Driver@f6fc (8a4c5d39)]&amp#27;[0m Calling AppiumDriver.click() with args: ["00000000-0000-00b4-0000-009000000003","8a4c5d39-9059-4535-92f2-b9cd751f3967"]
&amp#27;[38;5;32m[AndroidUiautomator2Driver@f6fc (8a4c5d39)]&amp#27;[0m Matched '/element/00000000-0000-00b4-0000-009000000003/click' to command name 'click'
&amp#27;[38;5;32m[AndroidUiautomator2Driver@f6fc (8a4c5d39)]&amp#27;[0m Proxying [POST /element/00000000-0000-00b4-0000-009000000003/click] to [POST http://127.0.0.1:8201/session/2033ac06-ca71-4f8f-9ae6-f068b15350dc/element/00000000-0000-00b4-0000-009000000003/click] with body: {"element":"00000000-0000-00b4-0000-009000000003"}
&amp#27;[38;5;32m[AndroidUiautomator2Driver@f6fc (8a4c5d39)]&amp#27;[0m Got response with status 200: {"sessionId":"2033ac06-ca71-4f8f-9ae6-f068b15350dc","value":null}
&amp#27;[38;5;32m[AndroidUiautomator2Driver@f6fc (8a4c5d39)]&amp#27;[0m Responding to client with driver.click() result: null
&amp#27;[38;5;0m[HTTP]&amp#27;[0m &amp#27;[37m<-- POST /session/8a4c5d39-9059-4535-92f2-b9cd751f3967/element/00000000-0000-00b4-0000-009000000003/click &amp#27;[39m&amp#27;[32m200&amp#27;[39m &amp#27;[90m70 ms - 14&amp#27;[39m
&amp#27;[38;5;0m[HTTP]&amp#27;[0m &amp#27;[90m&amp#27;[39m
&amp#27;[38;5;0m[HTTP]&amp#27;[0m &amp#27;[37m-->&amp#27;[39m &amp#27;[37mPOST&amp#27;[39m &amp#27;[37m/session/8a4c5d39-9059-4535-92f2-b9cd751f3967/element&amp#27;[39m
&amp#27;[38;5;0m[HTTP]&amp#27;[0m &amp#27;[90m{"value":"//android.view.View/android.widget.ScrollView/android.widget.Button[2]","using":"xpath"}&amp#27;[39m
&amp#27;[38;5;32m[AndroidUiautomator2Driver@f6fc (8a4c5d39)]&amp#27;[0m Calling AppiumDriver.findElement() with args: ["xpath","//android.view.View/android.widget.ScrollView/android.widget.Button[2]","8a4c5d39-9059-4535-92f2-b9cd751f3967"]
&amp#27;[38;5;32m[AndroidUiautomator2Driver@f6fc (8a4c5d39)]&amp#27;[0m Valid locator strategies for this request: xpath, id, class name, accessibility id, css selector, -android uiautomator
&amp#27;[38;5;32m[AndroidUiautomator2Driver@f6fc (8a4c5d39)]&amp#27;[0m Waiting up to 10000 ms for condition
&amp#27;[38;5;32m[AndroidUiautomator2Driver@f6fc (8a4c5d39)]&amp#27;[0m Matched '/element' to command name 'findElement'
&amp#27;[38;5;32m[AndroidUiautomator2Driver@f6fc (8a4c5d39)]&amp#27;[0m Proxying [POST /element] to [POST http://127.0.0.1:8201/session/2033ac06-ca71-4f8f-9ae6-f068b15350dc/element] with body: {"strategy":"xpath","selector":"//android.view.View/android.widget.ScrollView/android.widget.Button[2]","context":"","multiple":false}
&amp#27;[38;5;32m[AndroidUiautomator2Driver@f6fc (8a4c5d39)]&amp#27;[0m Got response with status 200: {"sessionId":"2033ac06-ca71-4f8f-9ae6-f068b15350dc","value":{"ELEMENT":"00000000-0000-00b4-0000-007500000003","element-6066-11e4-a52e-4f735466cecf":"00000000-0000-00b4-0000-007500000003"}}
&amp#27;[38;5;32m[AndroidUiautomator2Driver@f6fc (8a4c5d39)]&amp#27;[0m Responding to client with driver.findElement() result: {"element-6066-11e4-a52e-4f735466cecf":"00000000-0000-00b4-0000-007500000003","ELEMENT":"00000000-0000-00b4-0000-007500000003"}
&amp#27;[38;5;0m[HTTP]&amp#27;[0m &amp#27;[37m<-- POST /session/8a4c5d39-9059-4535-92f2-b9cd751f3967/element &amp#27;[39m&amp#27;[32m200&amp#27;[39m &amp#27;[90m895 ms - 137&amp#27;[39m
&amp#27;[38;5;0m[HTTP]&amp#27;[0m &amp#27;[90m&amp#27;[39m
&amp#27;[38;5;0m[HTTP]&amp#27;[0m &amp#27;[37m-->&amp#27;[39m &amp#27;[37mPOST&amp#27;[39m &amp#27;[37m/session/8a4c5d39-9059-4535-92f2-b9cd751f3967/element/00000000-0000-00b4-0000-007500000003/click&amp#27;[39m
&amp#27;[38;5;0m[HTTP]&amp#27;[0m &amp#27;[90m{"id":"00000000-0000-00b4-0000-007500000003"}&amp#27;[39m
&amp#27;[38;5;32m[AndroidUiautomator2Driver@f6fc (8a4c5d39)]&amp#27;[0m Calling AppiumDriver.click() with args: ["00000000-0000-00b4-0000-007500000003","8a4c5d39-9059-4535-92f2-b9cd751f3967"]
&amp#27;[38;5;32m[AndroidUiautomator2Driver@f6fc (8a4c5d39)]&amp#27;[0m Matched '/element/00000000-0000-00b4-0000-007500000003/click' to command name 'click'
&amp#27;[38;5;32m[AndroidUiautomator2Driver@f6fc (8a4c5d39)]&amp#27;[0m Proxying [POST /element/00000000-0000-00b4-0000-007500000003/click] to [POST http://127.0.0.1:8201/session/2033ac06-ca71-4f8f-9ae6-f068b15350dc/element/00000000-0000-00b4-0000-007500000003/click] with body: {"element":"00000000-0000-00b4-0000-007500000003"}
&amp#27;[38;5;32m[AndroidUiautomator2Driver@f6fc (8a4c5d39)]&amp#27;[0m Got response with status 200: {"sessionId":"2033ac06-ca71-4f8f-9ae6-f068b15350dc","value":null}
&amp#27;[38;5;32m[AndroidUiautomator2Driver@f6fc (8a4c5d39)]&amp#27;[0m Responding to client with driver.click() result: null
&amp#27;[38;5;0m[HTTP]&amp#27;[0m &amp#27;[37m<-- POST /session/8a4c5d39-9059-4535-92f2-b9cd751f3967/element/00000000-0000-00b4-0000-007500000003/click &amp#27;[39m&amp#27;[32m200&amp#27;[39m &amp#27;[90m81 ms - 14&amp#27;[39m
&amp#27;[38;5;0m[HTTP]&amp#27;[0m &amp#27;[90m&amp#27;[39m
&amp#27;[38;5;0m[HTTP]&amp#27;[0m &amp#27;[37m-->&amp#27;[39m &amp#27;[37mPOST&amp#27;[39m &amp#27;[37m/session/8a4c5d39-9059-4535-92f2-b9cd751f3967/element&amp#27;[39m
&amp#27;[38;5;0m[HTTP]&amp#27;[0m &amp#27;[90m{"value":"//android.view.View[@content-desc=\"C\"]","using":"xpath"}&amp#27;[39m
&amp#27;[38;5;32m[AndroidUiautomator2Driver@f6fc (8a4c5d39)]&amp#27;[0m Calling AppiumDriver.findElement() with args: ["xpath","//android.view.View[@content-desc=\"C\"]","8a4c5d39-9059-4535-92f2-b9cd751f3967"]
&amp#27;[38;5;32m[AndroidUiautomator2Driver@f6fc (8a4c5d39)]&amp#27;[0m Valid locator strategies for this request: xpath, id, class name, accessibility id, css selector, -android uiautomator
&amp#27;[38;5;32m[AndroidUiautomator2Driver@f6fc (8a4c5d39)]&amp#27;[0m Waiting up to 10000 ms for condition
&amp#27;[38;5;32m[AndroidUiautomator2Driver@f6fc (8a4c5d39)]&amp#27;[0m Matched '/element' to command name 'findElement'
&amp#27;[38;5;32m[AndroidUiautomator2Driver@f6fc (8a4c5d39)]&amp#27;[0m Proxying [POST /element] to [POST http://127.0.0.1:8201/session/2033ac06-ca71-4f8f-9ae6-f068b15350dc/element] with body: {"strategy":"xpath","selector":"//android.view.View[@content-desc=\"C\"]","context":"","multiple":false}
&amp#27;[38;5;32m[AndroidUiautomator2Driver@f6fc (8a4c5d39)]&amp#27;[0m Got response with status 404: {"sessionId":"2033ac06-ca71-4f8f-9ae6-f068b15350dc","value":{"error":"no such element","message":"An element could not be located on the page using the given search parameters","stacktrace":"io.appium.uiautomator2.common.exceptions.ElementNotFoundException: An element could not be located on the page using the given search parameters\n\tat io.appium.uiautomator2.utils.ElementLocationHelpers.findElement(ElementLocationHelpers.java:156)\n\tat io.appium.uiautomator2.handler.FindElement.safeHandle(FindElement.java:60)\n\tat io.appium.uiautomator2.handler.request.SafeRequestHandler.handle(SafeRequestHandler.java:59)\n\tat io.appium.uiautomator2.server.AppiumServlet.handleRequest(AppiumServlet.java:277)\n\tat io.appium.uiautomator2.server.AppiumServlet.handleHttpRequest(AppiumServlet.java:271)\n\tat io.appium.uiautomator2.http.ServerHandler.channelRead(ServerHandler.java:77)\n\tat io.netty.channel.AbstractChannelHandlerContext.invokeChannelRead(AbstractChannelHandlerContext.java:366)\n\tat io.netty.channel.Abstr...
&amp#27;[38;5;128m[W3C]&amp#27;[0m Matched W3C error code 'no such element' to NoSuchElementError
&amp#27;[38;5;32m[AndroidUiautomator2Driver@f6fc (8a4c5d39)]&amp#27;[0m Waited for 47 ms so far
&amp#27;[38;5;32m[AndroidUiautomator2Driver@f6fc (8a4c5d39)]&amp#27;[0m Matched '/element' to command name 'findElement'
&amp#27;[38;5;32m[AndroidUiautomator2Driver@f6fc (8a4c5d39)]&amp#27;[0m Proxying [POST /element] to [POST http://127.0.0.1:8201/session/2033ac06-ca71-4f8f-9ae6-f068b15350dc/element] with body: {"strategy":"xpath","selector":"//android.view.View[@content-desc=\"C\"]","context":"","multiple":false}
&amp#27;[38;5;32m[AndroidUiautomator2Driver@f6fc (8a4c5d39)]&amp#27;[0m Got response with status 200: {"sessionId":"2033ac06-ca71-4f8f-9ae6-f068b15350dc","value":{"ELEMENT":"00000000-0000-00b4-0000-009900000003","element-6066-11e4-a52e-4f735466cecf":"00000000-0000-00b4-0000-009900000003"}}
&amp#27;[38;5;32m[AndroidUiautomator2Driver@f6fc (8a4c5d39)]&amp#27;[0m Responding to client with driver.findElement() result: {"element-6066-11e4-a52e-4f735466cecf":"00000000-0000-00b4-0000-009900000003","ELEMENT":"00000000-0000-00b4-0000-009900000003"}
&amp#27;[38;5;0m[HTTP]&amp#27;[0m &amp#27;[37m<-- POST /session/8a4c5d39-9059-4535-92f2-b9cd751f3967/element &amp#27;[39m&amp#27;[32m200&amp#27;[39m &amp#27;[90m771 ms - 137&amp#27;[39m
&amp#27;[38;5;0m[HTTP]&amp#27;[0m &amp#27;[90m&amp#27;[39m
&amp#27;[38;5;0m[HTTP]&amp#27;[0m &amp#27;[37m-->&amp#27;[39m &amp#27;[37mPOST&amp#27;[39m &amp#27;[37m/session/8a4c5d39-9059-4535-92f2-b9cd751f3967/element/00000000-0000-00b4-0000-009900000003/click&amp#27;[39m
&amp#27;[38;5;0m[HTTP]&amp#27;[0m &amp#27;[90m{"id":"00000000-0000-00b4-0000-009900000003"}&amp#27;[39m
&amp#27;[38;5;32m[AndroidUiautomator2Driver@f6fc (8a4c5d39)]&amp#27;[0m Calling AppiumDriver.click() with args: ["00000000-0000-00b4-0000-009900000003","8a4c5d39-9059-4535-92f2-b9cd751f3967"]
&amp#27;[38;5;32m[AndroidUiautomator2Driver@f6fc (8a4c5d39)]&amp#27;[0m Matched '/element/00000000-0000-00b4-0000-009900000003/click' to command name 'click'
&amp#27;[38;5;32m[AndroidUiautomator2Driver@f6fc (8a4c5d39)]&amp#27;[0m Proxying [POST /element/00000000-0000-00b4-0000-009900000003/click] to [POST http://127.0.0.1:8201/session/2033ac06-ca71-4f8f-9ae6-f068b15350dc/element/00000000-0000-00b4-0000-009900000003/click] with body: {"element":"00000000-0000-00b4-0000-009900000003"}
&amp#27;[38;5;32m[AndroidUiautomator2Driver@f6fc (8a4c5d39)]&amp#27;[0m Got response with status 200: {"sessionId":"2033ac06-ca71-4f8f-9ae6-f068b15350dc","value":null}
&amp#27;[38;5;32m[AndroidUiautomator2Driver@f6fc (8a4c5d39)]&amp#27;[0m Responding to client with driver.click() result: null
&amp#27;[38;5;0m[HTTP]&amp#27;[0m &amp#27;[37m<-- POST /session/8a4c5d39-9059-4535-92f2-b9cd751f3967/element/00000000-0000-00b4-0000-009900000003/click &amp#27;[39m&amp#27;[32m200&amp#27;[39m &amp#27;[90m893 ms - 14&amp#27;[39m
&amp#27;[38;5;0m[HTTP]&amp#27;[0m &amp#27;[90m&amp#27;[39m
&amp#27;[38;5;0m[HTTP]&amp#27;[0m &amp#27;[37m-->&amp#27;[39m &amp#27;[37mPOST&amp#27;[39m &amp#27;[37m/session/8a4c5d39-9059-4535-92f2-b9cd751f3967/element&amp#27;[39m
&amp#27;[38;5;0m[HTTP]&amp#27;[0m &amp#27;[90m{"value":"//android.view.View/android.widget.ScrollView/android.widget.Button[4]","using":"xpath"}&amp#27;[39m
&amp#27;[38;5;32m[AndroidUiautomator2Driver@f6fc (8a4c5d39)]&amp#27;[0m Calling AppiumDriver.findElement() with args: ["xpath","//android.view.View/android.widget.ScrollView/android.widget.Button[4]","8a4c5d39-9059-4535-92f2-b9cd751f3967"]
&amp#27;[38;5;32m[AndroidUiautomator2Driver@f6fc (8a4c5d39)]&amp#27;[0m Valid locator strategies for this request: xpath, id, class name, accessibility id, css selector, -android uiautomator
&amp#27;[38;5;32m[AndroidUiautomator2Driver@f6fc (8a4c5d39)]&amp#27;[0m Waiting up to 10000 ms for condition
&amp#27;[38;5;32m[AndroidUiautomator2Driver@f6fc (8a4c5d39)]&amp#27;[0m Matched '/element' to command name 'findElement'
&amp#27;[38;5;32m[AndroidUiautomator2Driver@f6fc (8a4c5d39)]&amp#27;[0m Proxying [POST /element] to [POST http://127.0.0.1:8201/session/2033ac06-ca71-4f8f-9ae6-f068b15350dc/element] with body: {"strategy":"xpath","selector":"//android.view.View/android.widget.ScrollView/android.widget.Button[4]","context":"","multiple":false}
&amp#27;[38;5;32m[AndroidUiautomator2Driver@f6fc (8a4c5d39)]&amp#27;[0m Got response with status 200: {"sessionId":"2033ac06-ca71-4f8f-9ae6-f068b15350dc","value":{"ELEMENT":"00000000-0000-00b4-0000-007900000003","element-6066-11e4-a52e-4f735466cecf":"00000000-0000-00b4-0000-007900000003"}}
&amp#27;[38;5;32m[AndroidUiautomator2Driver@f6fc (8a4c5d39)]&amp#27;[0m Responding to client with driver.findElement() result: {"element-6066-11e4-a52e-4f735466cecf":"00000000-0000-00b4-0000-007900000003","ELEMENT":"00000000-0000-00b4-0000-007900000003"}
&amp#27;[38;5;0m[HTTP]&amp#27;[0m &amp#27;[37m<-- POST /session/8a4c5d39-9059-4535-92f2-b9cd751f3967/element &amp#27;[39m&amp#27;[32m200&amp#27;[39m &amp#27;[90m38 ms - 137&amp#27;[39m
&amp#27;[38;5;0m[HTTP]&amp#27;[0m &amp#27;[90m&amp#27;[39m
&amp#27;[38;5;0m[HTTP]&amp#27;[0m &amp#27;[37m-->&amp#27;[39m &amp#27;[37mPOST&amp#27;[39m &amp#27;[37m/session/8a4c5d39-9059-4535-92f2-b9cd751f3967/element/00000000-0000-00b4-0000-007900000003/click&amp#27;[39m
&amp#27;[38;5;0m[HTTP]&amp#27;[0m &amp#27;[90m{"id":"00000000-0000-00b4-0000-007900000003"}&amp#27;[39m
&amp#27;[38;5;32m[AndroidUiautomator2Driver@f6fc (8a4c5d39)]&amp#27;[0m Calling AppiumDriver.click() with args: ["00000000-0000-00b4-0000-007900000003","8a4c5d39-9059-4535-92f2-b9cd751f3967"]
&amp#27;[38;5;32m[AndroidUiautomator2Driver@f6fc (8a4c5d39)]&amp#27;[0m Matched '/element/00000000-0000-00b4-0000-007900000003/click' to command name 'click'
&amp#27;[38;5;32m[AndroidUiautomator2Driver@f6fc (8a4c5d39)]&amp#27;[0m Proxying [POST /element/00000000-0000-00b4-0000-007900000003/click] to [POST http://127.0.0.1:8201/session/2033ac06-ca71-4f8f-9ae6-f068b15350dc/element/00000000-0000-00b4-0000-007900000003/click] with body: {"element":"00000000-0000-00b4-0000-007900000003"}
&amp#27;[38;5;32m[AndroidUiautomator2Driver@f6fc (8a4c5d39)]&amp#27;[0m Got response with status 200: {"sessionId":"2033ac06-ca71-4f8f-9ae6-f068b15350dc","value":null}
&amp#27;[38;5;32m[AndroidUiautomator2Driver@f6fc (8a4c5d39)]&amp#27;[0m Responding to client with driver.click() result: null
&amp#27;[38;5;0m[HTTP]&amp#27;[0m &amp#27;[37m<-- POST /session/8a4c5d39-9059-4535-92f2-b9cd751f3967/element/00000000-0000-00b4-0000-007900000003/click &amp#27;[39m&amp#27;[32m200&amp#27;[39m &amp#27;[90m585 ms - 14&amp#27;[39m
&amp#27;[38;5;0m[HTTP]&amp#27;[0m &amp#27;[90m&amp#27;[39m
&amp#27;[38;5;0m[HTTP]&amp#27;[0m &amp#27;[37m-->&amp#27;[39m &amp#27;[37mPOST&amp#27;[39m &amp#27;[37m/session/8a4c5d39-9059-4535-92f2-b9cd751f3967/element&amp#27;[39m
&amp#27;[38;5;0m[HTTP]&amp#27;[0m &amp#27;[90m{"value":"//android.view.View/android.widget.ScrollView/android.widget.Button[4]","using":"xpath"}&amp#27;[39m
&amp#27;[38;5;32m[AndroidUiautomator2Driver@f6fc (8a4c5d39)]&amp#27;[0m Calling AppiumDriver.findElement() with args: ["xpath","//android.view.View/android.widget.ScrollView/android.widget.Button[4]","8a4c5d39-9059-4535-92f2-b9cd751f3967"]
&amp#27;[38;5;32m[AndroidUiautomator2Driver@f6fc (8a4c5d39)]&amp#27;[0m Valid locator strategies for this request: xpath, id, class name, accessibility id, css selector, -android uiautomator
&amp#27;[38;5;32m[AndroidUiautomator2Driver@f6fc (8a4c5d39)]&amp#27;[0m Waiting up to 10000 ms for condition
&amp#27;[38;5;32m[AndroidUiautomator2Driver@f6fc (8a4c5d39)]&amp#27;[0m Matched '/element' to command name 'findElement'
&amp#27;[38;5;32m[AndroidUiautomator2Driver@f6fc (8a4c5d39)]&amp#27;[0m Proxying [POST /element] to [POST http://127.0.0.1:8201/session/2033ac06-ca71-4f8f-9ae6-f068b15350dc/element] with body: {"strategy":"xpath","selector":"//android.view.View/android.widget.ScrollView/android.widget.Button[4]","context":"","multiple":false}
&amp#27;[38;5;32m[AndroidUiautomator2Driver@f6fc (8a4c5d39)]&amp#27;[0m Got response with status 200: {"sessionId":"2033ac06-ca71-4f8f-9ae6-f068b15350dc","value":{"ELEMENT":"00000000-0000-00b4-0000-007900000003","element-6066-11e4-a52e-4f735466cecf":"00000000-0000-00b4-0000-007900000003"}}
&amp#27;[38;5;32m[AndroidUiautomator2Driver@f6fc (8a4c5d39)]&amp#27;[0m Responding to client with driver.findElement() result: {"element-6066-11e4-a52e-4f735466cecf":"00000000-0000-00b4-0000-007900000003","ELEMENT":"00000000-0000-00b4-0000-007900000003"}
&amp#27;[38;5;0m[HTTP]&amp#27;[0m &amp#27;[37m<-- POST /session/8a4c5d39-9059-4535-92f2-b9cd751f3967/element &amp#27;[39m&amp#27;[32m200&amp#27;[39m &amp#27;[90m59 ms - 137&amp#27;[39m
&amp#27;[38;5;0m[HTTP]&amp#27;[0m &amp#27;[90m&amp#27;[39m
&amp#27;[38;5;0m[HTTP]&amp#27;[0m &amp#27;[37m-->&amp#27;[39m &amp#27;[37mPOST&amp#27;[39m &amp#27;[37m/session/8a4c5d39-9059-4535-92f2-b9cd751f3967/element/00000000-0000-00b4-0000-007900000003/click&amp#27;[39m
&amp#27;[38;5;0m[HTTP]&amp#27;[0m &amp#27;[90m{"id":"00000000-0000-00b4-0000-007900000003"}&amp#27;[39m
&amp#27;[38;5;32m[AndroidUiautomator2Driver@f6fc (8a4c5d39)]&amp#27;[0m Calling AppiumDriver.click() with args: ["00000000-0000-00b4-0000-007900000003","8a4c5d39-9059-4535-92f2-b9cd751f3967"]
&amp#27;[38;5;32m[AndroidUiautomator2Driver@f6fc (8a4c5d39)]&amp#27;[0m Matched '/element/00000000-0000-00b4-0000-007900000003/click' to command name 'click'
&amp#27;[38;5;32m[AndroidUiautomator2Driver@f6fc (8a4c5d39)]&amp#27;[0m Proxying [POST /element/00000000-0000-00b4-0000-007900000003/click] to [POST http://127.0.0.1:8201/session/2033ac06-ca71-4f8f-9ae6-f068b15350dc/element/00000000-0000-00b4-0000-007900000003/click] with body: {"element":"00000000-0000-00b4-0000-007900000003"}
&amp#27;[38;5;32m[AndroidUiautomator2Driver@f6fc (8a4c5d39)]&amp#27;[0m Got response with status 200: {"sessionId":"2033ac06-ca71-4f8f-9ae6-f068b15350dc","value":null}
&amp#27;[38;5;32m[AndroidUiautomator2Driver@f6fc (8a4c5d39)]&amp#27;[0m Responding to client with driver.click() result: null
&amp#27;[38;5;0m[HTTP]&amp#27;[0m &amp#27;[37m<-- POST /session/8a4c5d39-9059-4535-92f2-b9cd751f3967/element/00000000-0000-00b4-0000-007900000003/click &amp#27;[39m&amp#27;[32m200&amp#27;[39m &amp#27;[90m589 ms - 14&amp#27;[39m
&amp#27;[38;5;0m[HTTP]&amp#27;[0m &amp#27;[90m&amp#27;[39m
&amp#27;[38;5;0m[HTTP]&amp#27;[0m &amp#27;[37m-->&amp#27;[39m &amp#27;[37mPOST&amp#27;[39m &amp#27;[37m/session/8a4c5d39-9059-4535-92f2-b9cd751f3967/element&amp#27;[39m
&amp#27;[38;5;0m[HTTP]&amp#27;[0m &amp#27;[90m{"value":"//android.view.View/android.widget.ScrollView/android.widget.Button[3]","using":"xpath"}&amp#27;[39m
&amp#27;[38;5;32m[AndroidUiautomator2Driver@f6fc (8a4c5d39)]&amp#27;[0m Calling AppiumDriver.findElement() with args: ["xpath","//android.view.View/android.widget.ScrollView/android.widget.Button[3]","8a4c5d39-9059-4535-92f2-b9cd751f3967"]
&amp#27;[38;5;32m[AndroidUiautomator2Driver@f6fc (8a4c5d39)]&amp#27;[0m Valid locator strategies for this request: xpath, id, class name, accessibility id, css selector, -android uiautomator
&amp#27;[38;5;32m[AndroidUiautomator2Driver@f6fc (8a4c5d39)]&amp#27;[0m Waiting up to 10000 ms for condition
&amp#27;[38;5;32m[AndroidUiautomator2Driver@f6fc (8a4c5d39)]&amp#27;[0m Matched '/element' to command name 'findElement'
&amp#27;[38;5;32m[AndroidUiautomator2Driver@f6fc (8a4c5d39)]&amp#27;[0m Proxying [POST /element] to [POST http://127.0.0.1:8201/session/2033ac06-ca71-4f8f-9ae6-f068b15350dc/element] with body: {"strategy":"xpath","selector":"//android.view.View/android.widget.ScrollView/android.widget.Button[3]","context":"","multiple":false}
&amp#27;[38;5;32m[AndroidUiautomator2Driver@f6fc (8a4c5d39)]&amp#27;[0m Got response with status 200: {"sessionId":"2033ac06-ca71-4f8f-9ae6-f068b15350dc","value":{"ELEMENT":"00000000-0000-00b4-0000-007700000003","element-6066-11e4-a52e-4f735466cecf":"00000000-0000-00b4-0000-007700000003"}}
&amp#27;[38;5;32m[AndroidUiautomator2Driver@f6fc (8a4c5d39)]&amp#27;[0m Responding to client with driver.findElement() result: {"element-6066-11e4-a52e-4f735466cecf":"00000000-0000-00b4-0000-007700000003","ELEMENT":"00000000-0000-00b4-0000-007700000003"}
&amp#27;[38;5;0m[HTTP]&amp#27;[0m &amp#27;[37m<-- POST /session/8a4c5d39-9059-4535-92f2-b9cd751f3967/element &amp#27;[39m&amp#27;[32m200&amp#27;[39m &amp#27;[90m72 ms - 137&amp#27;[39m
&amp#27;[38;5;0m[HTTP]&amp#27;[0m &amp#27;[90m&amp#27;[39m
&amp#27;[38;5;0m[HTTP]&amp#27;[0m &amp#27;[37m-->&amp#27;[39m &amp#27;[37mPOST&amp#27;[39m &amp#27;[37m/session/8a4c5d39-9059-4535-92f2-b9cd751f3967/element/00000000-0000-00b4-0000-007700000003/click&amp#27;[39m
&amp#27;[38;5;0m[HTTP]&amp#27;[0m &amp#27;[90m{"id":"00000000-0000-00b4-0000-007700000003"}&amp#27;[39m
&amp#27;[38;5;32m[AndroidUiautomator2Driver@f6fc (8a4c5d39)]&amp#27;[0m Calling AppiumDriver.click() with args: ["00000000-0000-00b4-0000-007700000003","8a4c5d39-9059-4535-92f2-b9cd751f3967"]
&amp#27;[38;5;32m[AndroidUiautomator2Driver@f6fc (8a4c5d39)]&amp#27;[0m Matched '/element/00000000-0000-00b4-0000-007700000003/click' to command name 'click'
&amp#27;[38;5;32m[AndroidUiautomator2Driver@f6fc (8a4c5d39)]&amp#27;[0m Proxying [POST /element/00000000-0000-00b4-0000-007700000003/click] to [POST http://127.0.0.1:8201/session/2033ac06-ca71-4f8f-9ae6-f068b15350dc/element/00000000-0000-00b4-0000-007700000003/click] with body: {"element":"00000000-0000-00b4-0000-007700000003"}
&amp#27;[38;5;32m[AndroidUiautomator2Driver@f6fc (8a4c5d39)]&amp#27;[0m Got response with status 200: {"sessionId":"2033ac06-ca71-4f8f-9ae6-f068b15350dc","value":null}
&amp#27;[38;5;32m[AndroidUiautomator2Driver@f6fc (8a4c5d39)]&amp#27;[0m Responding to client with driver.click() result: null
&amp#27;[38;5;0m[HTTP]&amp#27;[0m &amp#27;[37m<-- POST /session/8a4c5d39-9059-4535-92f2-b9cd751f3967/element/00000000-0000-00b4-0000-007700000003/click &amp#27;[39m&amp#27;[32m200&amp#27;[39m &amp#27;[90m57 ms - 14&amp#27;[39m
&amp#27;[38;5;0m[HTTP]&amp#27;[0m &amp#27;[90m&amp#27;[39m
&amp#27;[38;5;0m[HTTP]&amp#27;[0m &amp#27;[37m-->&amp#27;[39m &amp#27;[37mPOST&amp#27;[39m &amp#27;[37m/session/8a4c5d39-9059-4535-92f2-b9cd751f3967/execute/sync&amp#27;[39m
&amp#27;[38;5;0m[HTTP]&amp#27;[0m &amp#27;[90m{"args":[{"width":200,"top":100,"left":100,"percent":3,"height":200,"direction":"down"}],"script":"mobile: scrollGesture"}&amp#27;[39m
&amp#27;[38;5;32m[AndroidUiautomator2Driver@f6fc (8a4c5d39)]&amp#27;[0m Calling AppiumDriver.execute() with args: ["mobile: scrollGesture",[{"width":200,"top":100,"left":100,"percent":3,"height":200,"direction":"down"}],"8a4c5d39-9059-4535-92f2-b9cd751f3967"]
&amp#27;[38;5;32m[AndroidUiautomator2Driver@f6fc (8a4c5d39)]&amp#27;[0m Executing method 'mobile: scrollGesture'
&amp#27;[38;5;32m[AndroidUiautomator2Driver@f6fc (8a4c5d39)]&amp#27;[0m Proxying [POST /appium/gestures/scroll] to [POST http://127.0.0.1:8201/session/2033ac06-ca71-4f8f-9ae6-f068b15350dc/appium/gestures/scroll] with body: {"area":{"left":100,"top":100,"width":200,"height":200},"direction":"down","percent":3}
&amp#27;[38;5;32m[AndroidUiautomator2Driver@f6fc (8a4c5d39)]&amp#27;[0m Got response with status 200: {"sessionId":"2033ac06-ca71-4f8f-9ae6-f068b15350dc","value":true}
&amp#27;[38;5;32m[AndroidUiautomator2Driver@f6fc (8a4c5d39)]&amp#27;[0m Responding to client with driver.execute() result: true
&amp#27;[38;5;0m[HTTP]&amp#27;[0m &amp#27;[37m<-- POST /session/8a4c5d39-9059-4535-92f2-b9cd751f3967/execute/sync &amp#27;[39m&amp#27;[32m200&amp#27;[39m &amp#27;[90m4468 ms - 14&amp#27;[39m
&amp#27;[38;5;0m[HTTP]&amp#27;[0m &amp#27;[90m&amp#27;[39m
&amp#27;[38;5;0m[HTTP]&amp#27;[0m &amp#27;[37m-->&amp#27;[39m &amp#27;[37mPOST&amp#27;[39m &amp#27;[37m/session/8a4c5d39-9059-4535-92f2-b9cd751f3967/element&amp#27;[39m
&amp#27;[38;5;0m[HTTP]&amp#27;[0m &amp#27;[90m{"value":"//android.view.View/android.widget.ScrollView/android.widget.Button[5]","using":"xpath"}&amp#27;[39m
&amp#27;[38;5;32m[AndroidUiautomator2Driver@f6fc (8a4c5d39)]&amp#27;[0m Calling AppiumDriver.findElement() with args: ["xpath","//android.view.View/android.widget.ScrollView/android.widget.Button[5]","8a4c5d39-9059-4535-92f2-b9cd751f3967"]
&amp#27;[38;5;32m[AndroidUiautomator2Driver@f6fc (8a4c5d39)]&amp#27;[0m Valid locator strategies for this request: xpath, id, class name, accessibility id, css selector, -android uiautomator
&amp#27;[38;5;32m[AndroidUiautomator2Driver@f6fc (8a4c5d39)]&amp#27;[0m Waiting up to 10000 ms for condition
&amp#27;[38;5;32m[AndroidUiautomator2Driver@f6fc (8a4c5d39)]&amp#27;[0m Matched '/element' to command name 'findElement'
&amp#27;[38;5;32m[AndroidUiautomator2Driver@f6fc (8a4c5d39)]&amp#27;[0m Proxying [POST /element] to [POST http://127.0.0.1:8201/session/2033ac06-ca71-4f8f-9ae6-f068b15350dc/element] with body: {"strategy":"xpath","selector":"//android.view.View/android.widget.ScrollView/android.widget.Button[5]","context":"","multiple":false}
&amp#27;[38;5;32m[AndroidUiautomator2Driver@f6fc (8a4c5d39)]&amp#27;[0m Got response with status 200: {"sessionId":"2033ac06-ca71-4f8f-9ae6-f068b15350dc","value":{"ELEMENT":"00000000-0000-00b4-0000-007b00000003","element-6066-11e4-a52e-4f735466cecf":"00000000-0000-00b4-0000-007b00000003"}}
&amp#27;[38;5;32m[AndroidUiautomator2Driver@f6fc (8a4c5d39)]&amp#27;[0m Responding to client with driver.findElement() result: {"element-6066-11e4-a52e-4f735466cecf":"00000000-0000-00b4-0000-007b00000003","ELEMENT":"00000000-0000-00b4-0000-007b00000003"}
&amp#27;[38;5;0m[HTTP]&amp#27;[0m &amp#27;[37m<-- POST /session/8a4c5d39-9059-4535-92f2-b9cd751f3967/element &amp#27;[39m&amp#27;[32m200&amp#27;[39m &amp#27;[90m44 ms - 137&amp#27;[39m
&amp#27;[38;5;0m[HTTP]&amp#27;[0m &amp#27;[90m&amp#27;[39m
&amp#27;[38;5;0m[HTTP]&amp#27;[0m &amp#27;[37m-->&amp#27;[39m &amp#27;[37mPOST&amp#27;[39m &amp#27;[37m/session/8a4c5d39-9059-4535-92f2-b9cd751f3967/element/00000000-0000-00b4-0000-007b00000003/click&amp#27;[39m
&amp#27;[38;5;0m[HTTP]&amp#27;[0m &amp#27;[90m{"id":"00000000-0000-00b4-0000-007b00000003"}&amp#27;[39m
&amp#27;[38;5;32m[AndroidUiautomator2Driver@f6fc (8a4c5d39)]&amp#27;[0m Calling AppiumDriver.click() with args: ["00000000-0000-00b4-0000-007b00000003","8a4c5d39-9059-4535-92f2-b9cd751f3967"]
&amp#27;[38;5;32m[AndroidUiautomator2Driver@f6fc (8a4c5d39)]&amp#27;[0m Matched '/element/00000000-0000-00b4-0000-007b00000003/click' to command name 'click'
&amp#27;[38;5;32m[AndroidUiautomator2Driver@f6fc (8a4c5d39)]&amp#27;[0m Proxying [POST /element/00000000-0000-00b4-0000-007b00000003/click] to [POST http://127.0.0.1:8201/session/2033ac06-ca71-4f8f-9ae6-f068b15350dc/element/00000000-0000-00b4-0000-007b00000003/click] with body: {"element":"00000000-0000-00b4-0000-007b00000003"}
&amp#27;[38;5;32m[AndroidUiautomator2Driver@f6fc (8a4c5d39)]&amp#27;[0m Got response with status 200: {"sessionId":"2033ac06-ca71-4f8f-9ae6-f068b15350dc","value":null}
&amp#27;[38;5;32m[AndroidUiautomator2Driver@f6fc (8a4c5d39)]&amp#27;[0m Responding to client with driver.click() result: null
&amp#27;[38;5;0m[HTTP]&amp#27;[0m &amp#27;[37m<-- POST /session/8a4c5d39-9059-4535-92f2-b9cd751f3967/element/00000000-0000-00b4-0000-007b00000003/click &amp#27;[39m&amp#27;[32m200&amp#27;[39m &amp#27;[90m70 ms - 14&amp#27;[39m
&amp#27;[38;5;0m[HTTP]&amp#27;[0m &amp#27;[90m&amp#27;[39m
&amp#27;[38;5;0m[HTTP]&amp#27;[0m &amp#27;[37m-->&amp#27;[39m &amp#27;[37mPOST&amp#27;[39m &amp#27;[37m/session/8a4c5d39-9059-4535-92f2-b9cd751f3967/element&amp#27;[39m
&amp#27;[38;5;0m[HTTP]&amp#27;[0m &amp#27;[90m{"value":"//android.view.View[@content-desc=\"A\"]","using":"xpath"}&amp#27;[39m
&amp#27;[38;5;32m[AndroidUiautomator2Driver@f6fc (8a4c5d39)]&amp#27;[0m Calling AppiumDriver.findElement() with args: ["xpath","//android.view.View[@content-desc=\"A\"]","8a4c5d39-9059-4535-92f2-b9cd751f3967"]
&amp#27;[38;5;32m[AndroidUiautomator2Driver@f6fc (8a4c5d39)]&amp#27;[0m Valid locator strategies for this request: xpath, id, class name, accessibility id, css selector, -android uiautomator
&amp#27;[38;5;32m[AndroidUiautomator2Driver@f6fc (8a4c5d39)]&amp#27;[0m Waiting up to 10000 ms for condition
&amp#27;[38;5;32m[AndroidUiautomator2Driver@f6fc (8a4c5d39)]&amp#27;[0m Matched '/element' to command name 'findElement'
&amp#27;[38;5;32m[AndroidUiautomator2Driver@f6fc (8a4c5d39)]&amp#27;[0m Proxying [POST /element] to [POST http://127.0.0.1:8201/session/2033ac06-ca71-4f8f-9ae6-f068b15350dc/element] with body: {"strategy":"xpath","selector":"//android.view.View[@content-desc=\"A\"]","context":"","multiple":false}
&amp#27;[38;5;32m[AndroidUiautomator2Driver@f6fc (8a4c5d39)]&amp#27;[0m Got response with status 404: {"sessionId":"2033ac06-ca71-4f8f-9ae6-f068b15350dc","value":{"error":"no such element","message":"An element could not be located on the page using the given search parameters","stacktrace":"io.appium.uiautomator2.common.exceptions.ElementNotFoundException: An element could not be located on the page using the given search parameters\n\tat io.appium.uiautomator2.utils.ElementLocationHelpers.findElement(ElementLocationHelpers.java:156)\n\tat io.appium.uiautomator2.handler.FindElement.safeHandle(FindElement.java:60)\n\tat io.appium.uiautomator2.handler.request.SafeRequestHandler.handle(SafeRequestHandler.java:59)\n\tat io.appium.uiautomator2.server.AppiumServlet.handleRequest(AppiumServlet.java:277)\n\tat io.appium.uiautomator2.server.AppiumServlet.handleHttpRequest(AppiumServlet.java:271)\n\tat io.appium.uiautomator2.http.ServerHandler.channelRead(ServerHandler.java:77)\n\tat io.netty.channel.AbstractChannelHandlerContext.invokeChannelRead(AbstractChannelHandlerContext.java:366)\n\tat io.netty.channel.Abstr...
&amp#27;[38;5;128m[W3C]&amp#27;[0m Matched W3C error code 'no such element' to NoSuchElementError
&amp#27;[38;5;32m[AndroidUiautomator2Driver@f6fc (8a4c5d39)]&amp#27;[0m Waited for 57 ms so far
&amp#27;[38;5;32m[AndroidUiautomator2Driver@f6fc (8a4c5d39)]&amp#27;[0m Matched '/element' to command name 'findElement'
&amp#27;[38;5;32m[AndroidUiautomator2Driver@f6fc (8a4c5d39)]&amp#27;[0m Proxying [POST /element] to [POST http://127.0.0.1:8201/session/2033ac06-ca71-4f8f-9ae6-f068b15350dc/element] with body: {"strategy":"xpath","selector":"//android.view.View[@content-desc=\"A\"]","context":"","multiple":false}
&amp#27;[38;5;32m[AndroidUiautomator2Driver@f6fc (8a4c5d39)]&amp#27;[0m Got response with status 200: {"sessionId":"2033ac06-ca71-4f8f-9ae6-f068b15350dc","value":{"ELEMENT":"00000000-0000-00b4-0000-009f00000003","element-6066-11e4-a52e-4f735466cecf":"00000000-0000-00b4-0000-009f00000003"}}
&amp#27;[38;5;32m[AndroidUiautomator2Driver@f6fc (8a4c5d39)]&amp#27;[0m Responding to client with driver.findElement() result: {"element-6066-11e4-a52e-4f735466cecf":"00000000-0000-00b4-0000-009f00000003","ELEMENT":"00000000-0000-00b4-0000-009f00000003"}
&amp#27;[38;5;0m[HTTP]&amp#27;[0m &amp#27;[37m<-- POST /session/8a4c5d39-9059-4535-92f2-b9cd751f3967/element &amp#27;[39m&amp#27;[32m200&amp#27;[39m &amp#27;[90m788 ms - 137&amp#27;[39m
&amp#27;[38;5;0m[HTTP]&amp#27;[0m &amp#27;[90m&amp#27;[39m
&amp#27;[38;5;0m[HTTP]&amp#27;[0m &amp#27;[37m-->&amp#27;[39m &amp#27;[37mPOST&amp#27;[39m &amp#27;[37m/session/8a4c5d39-9059-4535-92f2-b9cd751f3967/element/00000000-0000-00b4-0000-009f00000003/click&amp#27;[39m
&amp#27;[38;5;0m[HTTP]&amp#27;[0m &amp#27;[90m{"id":"00000000-0000-00b4-0000-009f00000003"}&amp#27;[39m
&amp#27;[38;5;32m[AndroidUiautomator2Driver@f6fc (8a4c5d39)]&amp#27;[0m Calling AppiumDriver.click() with args: ["00000000-0000-00b4-0000-009f00000003","8a4c5d39-9059-4535-92f2-b9cd751f3967"]
&amp#27;[38;5;32m[AndroidUiautomator2Driver@f6fc (8a4c5d39)]&amp#27;[0m Matched '/element/00000000-0000-00b4-0000-009f00000003/click' to command name 'click'
&amp#27;[38;5;32m[AndroidUiautomator2Driver@f6fc (8a4c5d39)]&amp#27;[0m Proxying [POST /element/00000000-0000-00b4-0000-009f00000003/click] to [POST http://127.0.0.1:8201/session/2033ac06-ca71-4f8f-9ae6-f068b15350dc/element/00000000-0000-00b4-0000-009f00000003/click] with body: {"element":"00000000-0000-00b4-0000-009f00000003"}
&amp#27;[38;5;32m[AndroidUiautomator2Driver@f6fc (8a4c5d39)]&amp#27;[0m Got response with status 200: {"sessionId":"2033ac06-ca71-4f8f-9ae6-f068b15350dc","value":null}
&amp#27;[38;5;32m[AndroidUiautomator2Driver@f6fc (8a4c5d39)]&amp#27;[0m Responding to client with driver.click() result: null
&amp#27;[38;5;0m[HTTP]&amp#27;[0m &amp#27;[37m<-- POST /session/8a4c5d39-9059-4535-92f2-b9cd751f3967/element/00000000-0000-00b4-0000-009f00000003/click &amp#27;[39m&amp#27;[32m200&amp#27;[39m &amp#27;[90m67 ms - 14&amp#27;[39m
&amp#27;[38;5;0m[HTTP]&amp#27;[0m &amp#27;[90m&amp#27;[39m
&amp#27;[38;5;0m[HTTP]&amp#27;[0m &amp#27;[37m-->&amp#27;[39m &amp#27;[37mPOST&amp#27;[39m &amp#27;[37m/session/8a4c5d39-9059-4535-92f2-b9cd751f3967/elements&amp#27;[39m
&amp#27;[38;5;0m[HTTP]&amp#27;[0m &amp#27;[90m{"value":"//android.view.View/android.widget.Button","using":"xpath"}&amp#27;[39m
&amp#27;[38;5;32m[AndroidUiautomator2Driver@f6fc (8a4c5d39)]&amp#27;[0m Calling AppiumDriver.findElements() with args: ["xpath","//android.view.View/android.widget.Button","8a4c5d39-9059-4535-92f2-b9cd751f3967"]
&amp#27;[38;5;32m[AndroidUiautomator2Driver@f6fc (8a4c5d39)]&amp#27;[0m Valid locator strategies for this request: xpath, id, class name, accessibility id, css selector, -android uiautomator
&amp#27;[38;5;32m[AndroidUiautomator2Driver@f6fc (8a4c5d39)]&amp#27;[0m Waiting up to 10000 ms for condition
&amp#27;[38;5;32m[AndroidUiautomator2Driver@f6fc (8a4c5d39)]&amp#27;[0m Matched '/elements' to command name 'findElements'
&amp#27;[38;5;32m[AndroidUiautomator2Driver@f6fc (8a4c5d39)]&amp#27;[0m Proxying [POST /elements] to [POST http://127.0.0.1:8201/session/2033ac06-ca71-4f8f-9ae6-f068b15350dc/elements] with body: {"strategy":"xpath","selector":"//android.view.View/android.widget.Button","context":"","multiple":true}
&amp#27;[38;5;32m[AndroidUiautomator2Driver@f6fc (8a4c5d39)]&amp#27;[0m Got response with status 200: {"sessionId":"2033ac06-ca71-4f8f-9ae6-f068b15350dc","value":[{"ELEMENT":"00000000-0000-00b4-0000-008200000003","element-6066-11e4-a52e-4f735466cecf":"00000000-0000-00b4-0000-008200000003"},{"ELEMENT":"00000000-0000-00b4-0000-007000000003","element-6066-11e4-a52e-4f735466cecf":"00000000-0000-00b4-0000-007000000003"},{"ELEMENT":"00000000-0000-00b4-0000-007100000003","element-6066-11e4-a52e-4f735466cecf":"00000000-0000-00b4-0000-007100000003"},{"ELEMENT":"00000000-0000-00b4-0000-008400000003","element-6066-11e4-a52e-4f735466cecf":"00000000-0000-00b4-0000-008400000003"}]}
&amp#27;[38;5;32m[AndroidUiautomator2Driver@f6fc (8a4c5d39)]&amp#27;[0m Responding to client with driver.findElements() result: [{"element-6066-11e4-a52e-4f735466cecf":"00000000-0000-00b4-0000-008200000003","ELEMENT":"00000000-0000-00b4-0000-008200000003"},{"element-6066-11e4-a52e-4f735466cecf":"00000000-0000-00b4-0000-007000000003","ELEMENT":"00000000-0000-00b4-0000-007000000003"},{"element-6066-11e4-a52e-4f735466cecf":"00000000-0000-00b4-0000-007100000003","ELEMENT":"00000000-0000-00b4-0000-007100000003"},{"element-6066-11e4-a52e-4f735466cecf":"00000000-0000-00b4-0000-008400000003","ELEMENT":"00000000-0000-00b4-0000-008400000003"}]
&amp#27;[38;5;0m[HTTP]&amp#27;[0m &amp#27;[37m<-- POST /session/8a4c5d39-9059-4535-92f2-b9cd751f3967/elements &amp#27;[39m&amp#27;[32m200&amp#27;[39m &amp#27;[90m862 ms - 523&amp#27;[39m
&amp#27;[38;5;0m[HTTP]&amp#27;[0m &amp#27;[90m&amp#27;[39m
&amp#27;[38;5;0m[HTTP]&amp#27;[0m &amp#27;[37m-->&amp#27;[39m &amp#27;[37mPOST&amp#27;[39m &amp#27;[37m/session/8a4c5d39-9059-4535-92f2-b9cd751f3967/element/00000000-0000-00b4-0000-008400000003/click&amp#27;[39m
&amp#27;[38;5;0m[HTTP]&amp#27;[0m &amp#27;[90m{"id":"00000000-0000-00b4-0000-008400000003"}&amp#27;[39m
&amp#27;[38;5;32m[AndroidUiautomator2Driver@f6fc (8a4c5d39)]&amp#27;[0m Calling AppiumDriver.click() with args: ["00000000-0000-00b4-0000-008400000003","8a4c5d39-9059-4535-92f2-b9cd751f3967"]
&amp#27;[38;5;32m[AndroidUiautomator2Driver@f6fc (8a4c5d39)]&amp#27;[0m Matched '/element/00000000-0000-00b4-0000-008400000003/click' to command name 'click'
&amp#27;[38;5;32m[AndroidUiautomator2Driver@f6fc (8a4c5d39)]&amp#27;[0m Proxying [POST /element/00000000-0000-00b4-0000-008400000003/click] to [POST http://127.0.0.1:8201/session/2033ac06-ca71-4f8f-9ae6-f068b15350dc/element/00000000-0000-00b4-0000-008400000003/click] with body: {"element":"00000000-0000-00b4-0000-008400000003"}
&amp#27;[38;5;32m[AndroidUiautomator2Driver@f6fc (8a4c5d39)]&amp#27;[0m Got response with status 200: {"sessionId":"2033ac06-ca71-4f8f-9ae6-f068b15350dc","value":null}
&amp#27;[38;5;32m[AndroidUiautomator2Driver@f6fc (8a4c5d39)]&amp#27;[0m Responding to client with driver.click() result: null
&amp#27;[38;5;0m[HTTP]&amp#27;[0m &amp#27;[37m<-- POST /session/8a4c5d39-9059-4535-92f2-b9cd751f3967/element/00000000-0000-00b4-0000-008400000003/click &amp#27;[39m&amp#27;[32m200&amp#27;[39m &amp#27;[90m776 ms - 14&amp#27;[39m
&amp#27;[38;5;0m[HTTP]&amp#27;[0m &amp#27;[90m&amp#27;[39m
62782 [main] DEBUG devpinoyLogger  - Required product selected and added to the cart
62782 [main] DEBUG devpinoyLogger  - Required product selected and added to the cart
62782 [main] DEBUG devpinoyLogger  - Required product selected and added to the cart
62782 [main] DEBUG devpinoyLogger  - Required product selected and added to the cart
62782 [main] DEBUG devpinoyLogger  - Required product selected and added to the cart
62782 [main] DEBUG devpinoyLogger  - Required product selected and added to the cart
&amp#27;[38;5;0m[HTTP]&amp#27;[0m &amp#27;[37m-->&amp#27;[39m &amp#27;[37mPOST&amp#27;[39m &amp#27;[37m/session/8a4c5d39-9059-4535-92f2-b9cd751f3967/elements&amp#27;[39m
&amp#27;[38;5;0m[HTTP]&amp#27;[0m &amp#27;[90m{"value":"//android.view.View/android.widget.Button","using":"xpath"}&amp#27;[39m
&amp#27;[38;5;32m[AndroidUiautomator2Driver@f6fc (8a4c5d39)]&amp#27;[0m Calling AppiumDriver.findElements() with args: ["xpath","//android.view.View/android.widget.Button","8a4c5d39-9059-4535-92f2-b9cd751f3967"]
&amp#27;[38;5;32m[AndroidUiautomator2Driver@f6fc (8a4c5d39)]&amp#27;[0m Valid locator strategies for this request: xpath, id, class name, accessibility id, css selector, -android uiautomator
&amp#27;[38;5;32m[AndroidUiautomator2Driver@f6fc (8a4c5d39)]&amp#27;[0m Waiting up to 10000 ms for condition
&amp#27;[38;5;32m[AndroidUiautomator2Driver@f6fc (8a4c5d39)]&amp#27;[0m Matched '/elements' to command name 'findElements'
&amp#27;[38;5;32m[AndroidUiautomator2Driver@f6fc (8a4c5d39)]&amp#27;[0m Proxying [POST /elements] to [POST http://127.0.0.1:8201/session/2033ac06-ca71-4f8f-9ae6-f068b15350dc/elements] with body: {"strategy":"xpath","selector":"//android.view.View/android.widget.Button","context":"","multiple":true}
&amp#27;[38;5;32m[AndroidUiautomator2Driver@f6fc (8a4c5d39)]&amp#27;[0m Got response with status 200: {"sessionId":"2033ac06-ca71-4f8f-9ae6-f068b15350dc","value":[{"ELEMENT":"00000000-0000-00b4-0000-00b000000003","element-6066-11e4-a52e-4f735466cecf":"00000000-0000-00b4-0000-00b000000003"},{"ELEMENT":"00000000-0000-00b4-0000-00b900000003","element-6066-11e4-a52e-4f735466cecf":"00000000-0000-00b4-0000-00b900000003"}]}
&amp#27;[38;5;32m[AndroidUiautomator2Driver@f6fc (8a4c5d39)]&amp#27;[0m Responding to client with driver.findElements() result: [{"element-6066-11e4-a52e-4f735466cecf":"00000000-0000-00b4-0000-00b000000003","ELEMENT":"00000000-0000-00b4-0000-00b000000003"},{"element-6066-11e4-a52e-4f735466cecf":"00000000-0000-00b4-0000-00b900000003","ELEMENT":"00000000-0000-00b4-0000-00b900000003"}]
&amp#27;[38;5;0m[HTTP]&amp#27;[0m &amp#27;[37m<-- POST /session/8a4c5d39-9059-4535-92f2-b9cd751f3967/elements &amp#27;[39m&amp#27;[32m200&amp#27;[39m &amp#27;[90m44 ms - 267&amp#27;[39m
&amp#27;[38;5;0m[HTTP]&amp#27;[0m &amp#27;[90m&amp#27;[39m
&amp#27;[38;5;0m[HTTP]&amp#27;[0m &amp#27;[37m-->&amp#27;[39m &amp#27;[37mPOST&amp#27;[39m &amp#27;[37m/session/8a4c5d39-9059-4535-92f2-b9cd751f3967/element/00000000-0000-00b4-0000-00b000000003/click&amp#27;[39m
&amp#27;[38;5;0m[HTTP]&amp#27;[0m &amp#27;[90m{"id":"00000000-0000-00b4-0000-00b000000003"}&amp#27;[39m
&amp#27;[38;5;32m[AndroidUiautomator2Driver@f6fc (8a4c5d39)]&amp#27;[0m Calling AppiumDriver.click() with args: ["00000000-0000-00b4-0000-00b000000003","8a4c5d39-9059-4535-92f2-b9cd751f3967"]
&amp#27;[38;5;32m[AndroidUiautomator2Driver@f6fc (8a4c5d39)]&amp#27;[0m Matched '/element/00000000-0000-00b4-0000-00b000000003/click' to command name 'click'
&amp#27;[38;5;32m[AndroidUiautomator2Driver@f6fc (8a4c5d39)]&amp#27;[0m Proxying [POST /element/00000000-0000-00b4-0000-00b000000003/click] to [POST http://127.0.0.1:8201/session/2033ac06-ca71-4f8f-9ae6-f068b15350dc/element/00000000-0000-00b4-0000-00b000000003/click] with body: {"element":"00000000-0000-00b4-0000-00b000000003"}
&amp#27;[38;5;32m[AndroidUiautomator2Driver@f6fc (8a4c5d39)]&amp#27;[0m Got response with status 200: {"sessionId":"2033ac06-ca71-4f8f-9ae6-f068b15350dc","value":null}
&amp#27;[38;5;32m[AndroidUiautomator2Driver@f6fc (8a4c5d39)]&amp#27;[0m Responding to client with driver.click() result: null
&amp#27;[38;5;0m[HTTP]&amp#27;[0m &amp#27;[37m<-- POST /session/8a4c5d39-9059-4535-92f2-b9cd751f3967/element/00000000-0000-00b4-0000-00b000000003/click &amp#27;[39m&amp#27;[32m200&amp#27;[39m &amp#27;[90m910 ms - 14&amp#27;[39m
&amp#27;[38;5;0m[HTTP]&amp#27;[0m &amp#27;[90m&amp#27;[39m
&amp#27;[38;5;0m[HTTP]&amp#27;[0m &amp#27;[37m-->&amp#27;[39m &amp#27;[37mGET&amp#27;[39m &amp#27;[37m/session/fe1e5e56-571c-4eb6-898d-5d5d3bd3a4b3/timeouts&amp#27;[39m
&amp#27;[38;5;0m[HTTP]&amp#27;[0m &amp#27;[90m{}&amp#27;[39m
&amp#27;[38;5;16m[AppiumDriver@b18f]&amp#27;[0m Encountered internal error running command: NoSuchDriverError: A session is either terminated or not started
&amp#27;[38;5;16m[AppiumDriver@b18f]&amp#27;[0m     at asyncHandler (C:\Users\Kvp\AppData\Roaming\npm\node_modules\appium\node_modules\@appium\base-driver\lib\protocol\protocol.js:315:15)
&amp#27;[38;5;16m[AppiumDriver@b18f]&amp#27;[0m     at C:\Users\Kvp\AppData\Roaming\npm\node_modules\appium\node_modules\@appium\base-driver\lib\protocol\protocol.js:518:15
&amp#27;[38;5;16m[AppiumDriver@b18f]&amp#27;[0m     at Layer.handle [as handle_request] (C:\Users\Kvp\AppData\Roaming\npm\node_modules\appium\node_modules\express\lib\router\layer.js:95:5)
&amp#27;[38;5;16m[AppiumDriver@b18f]&amp#27;[0m     at next (C:\Users\Kvp\AppData\Roaming\npm\node_modules\appium\node_modules\express\lib\router\route.js:144:13)
&amp#27;[38;5;16m[AppiumDriver@b18f]&amp#27;[0m     at Route.dispatch (C:\Users\Kvp\AppData\Roaming\npm\node_modules\appium\node_modules\express\lib\router\route.js:114:3)
&amp#27;[38;5;16m[AppiumDriver@b18f]&amp#27;[0m     at Layer.handle [as handle_request] (C:\Users\Kvp\AppData\Roaming\npm\node_modules\appium\node_modules\express\lib\router\layer.js:95:5)
&amp#27;[38;5;16m[AppiumDriver@b18f]&amp#27;[0m     at C:\Users\Kvp\AppData\Roaming\npm\node_modules\appium\node_modules\express\lib\router\index.js:284:15
&amp#27;[38;5;16m[AppiumDriver@b18f]&amp#27;[0m     at param (C:\Users\Kvp\AppData\Roaming\npm\node_modules\appium\node_modules\express\lib\router\index.js:365:14)
&amp#27;[38;5;16m[AppiumDriver@b18f]&amp#27;[0m     at param (C:\Users\Kvp\AppData\Roaming\npm\node_modules\appium\node_modules\express\lib\router\index.js:376:14)
&amp#27;[38;5;16m[AppiumDriver@b18f]&amp#27;[0m     at Function.process_params (C:\Users\Kvp\AppData\Roaming\npm\node_modules\appium\node_modules\express\lib\router\index.js:421:3)
&amp#27;[38;5;16m[AppiumDriver@b18f]&amp#27;[0m     at next (C:\Users\Kvp\AppData\Roaming\npm\node_modules\appium\node_modules\express\lib\router\index.js:280:10)
&amp#27;[38;5;16m[AppiumDriver@b18f]&amp#27;[0m     at logger (C:\Users\Kvp\AppData\Roaming\npm\node_modules\appium\node_modules\morgan\index.js:144:5)
&amp#27;[38;5;16m[AppiumDriver@b18f]&amp#27;[0m     at Layer.handle [as handle_request] (C:\Users\Kvp\AppData\Roaming\npm\node_modules\appium\node_modules\express\lib\router\layer.js:95:5)
&amp#27;[38;5;16m[AppiumDriver@b18f]&amp#27;[0m     at trim_prefix (C:\Users\Kvp\AppData\Roaming\npm\node_modules\appium\node_modules\express\lib\router\index.js:328:13)
&amp#27;[38;5;16m[AppiumDriver@b18f]&amp#27;[0m     at C:\Users\Kvp\AppData\Roaming\npm\node_modules\appium\node_modules\express\lib\router\index.js:286:9
&amp#27;[38;5;16m[AppiumDriver@b18f]&amp#27;[0m     at Function.process_params (C:\Users\Kvp\AppData\Roaming\npm\node_modules\appium\node_modules\express\lib\router\index.js:346:12)
&amp#27;[38;5;16m[AppiumDriver@b18f]&amp#27;[0m     at next (C:\Users\Kvp\AppData\Roaming\npm\node_modules\appium\node_modules\express\lib\router\index.js:280:10)
&amp#27;[38;5;16m[AppiumDriver@b18f]&amp#27;[0m     at jsonParser (C:\Users\Kvp\AppData\Roaming\npm\node_modules\appium\node_modules\body-parser\lib\types\json.js:113:7)
&amp#27;[38;5;16m[AppiumDriver@b18f]&amp#27;[0m     at Layer.handle [as handle_request] (C:\Users\Kvp\AppData\Roaming\npm\node_modules\appium\node_modules\express\lib\router\layer.js:95:5)
&amp#27;[38;5;16m[AppiumDriver@b18f]&amp#27;[0m     at trim_prefix (C:\Users\Kvp\AppData\Roaming\npm\node_modules\appium\node_modules\express\lib\router\index.js:328:13)
&amp#27;[38;5;16m[AppiumDriver@b18f]&amp#27;[0m     at C:\Users\Kvp\AppData\Roaming\npm\node_modules\appium\node_modules\express\lib\router\index.js:286:9
&amp#27;[38;5;16m[AppiumDriver@b18f]&amp#27;[0m     at Function.process_params (C:\Users\Kvp\AppData\Roaming\npm\node_modules\appium\node_modules\express\lib\router\index.js:346:12)
&amp#27;[38;5;0m[HTTP]&amp#27;[0m &amp#27;[37m<-- GET /session/fe1e5e56-571c-4eb6-898d-5d5d3bd3a4b3/timeouts &amp#27;[39m&amp#27;[33m404&amp#27;[39m &amp#27;[90m8 ms - 3187&amp#27;[39m
&amp#27;[38;5;0m[HTTP]&amp#27;[0m &amp#27;[90m&amp#27;[39m
&amp#27;[38;5;0m[HTTP]&amp#27;[0m &amp#27;[37m-->&amp#27;[39m &amp#27;[37mPOST&amp#27;[39m &amp#27;[37m/session/8a4c5d39-9059-4535-92f2-b9cd751f3967/elements&amp#27;[39m
&amp#27;[38;5;0m[HTTP]&amp#27;[0m &amp#27;[90m{"value":"//android.view.View/android.widget.Button","using":"xpath"}&amp#27;[39m
&amp#27;[38;5;32m[AndroidUiautomator2Driver@f6fc (8a4c5d39)]&amp#27;[0m Calling AppiumDriver.findElements() with args: ["xpath","//android.view.View/android.widget.Button","8a4c5d39-9059-4535-92f2-b9cd751f3967"]
&amp#27;[38;5;32m[AndroidUiautomator2Driver@f6fc (8a4c5d39)]&amp#27;[0m Valid locator strategies for this request: xpath, id, class name, accessibility id, css selector, -android uiautomator
&amp#27;[38;5;32m[AndroidUiautomator2Driver@f6fc (8a4c5d39)]&amp#27;[0m Waiting up to 10000 ms for condition
&amp#27;[38;5;32m[AndroidUiautomator2Driver@f6fc (8a4c5d39)]&amp#27;[0m Matched '/elements' to command name 'findElements'
&amp#27;[38;5;32m[AndroidUiautomator2Driver@f6fc (8a4c5d39)]&amp#27;[0m Proxying [POST /elements] to [POST http://127.0.0.1:8201/session/2033ac06-ca71-4f8f-9ae6-f068b15350dc/elements] with body: {"strategy":"xpath","selector":"//android.view.View/android.widget.Button","context":"","multiple":true}
&amp#27;[38;5;32m[AndroidUiautomator2Driver@f6fc (8a4c5d39)]&amp#27;[0m Got response with status 200: {"sessionId":"2033ac06-ca71-4f8f-9ae6-f068b15350dc","value":[{"ELEMENT":"00000000-0000-00b4-0000-008200000003","element-6066-11e4-a52e-4f735466cecf":"00000000-0000-00b4-0000-008200000003"},{"ELEMENT":"00000000-0000-00b4-0000-007000000003","element-6066-11e4-a52e-4f735466cecf":"00000000-0000-00b4-0000-007000000003"},{"ELEMENT":"00000000-0000-00b4-0000-007100000003","element-6066-11e4-a52e-4f735466cecf":"00000000-0000-00b4-0000-007100000003"},{"ELEMENT":"00000000-0000-00b4-0000-008400000003","element-6066-11e4-a52e-4f735466cecf":"00000000-0000-00b4-0000-008400000003"}]}
&amp#27;[38;5;32m[AndroidUiautomator2Driver@f6fc (8a4c5d39)]&amp#27;[0m Responding to client with driver.findElements() result: [{"element-6066-11e4-a52e-4f735466cecf":"00000000-0000-00b4-0000-008200000003","ELEMENT":"00000000-0000-00b4-0000-008200000003"},{"element-6066-11e4-a52e-4f735466cecf":"00000000-0000-00b4-0000-007000000003","ELEMENT":"00000000-0000-00b4-0000-007000000003"},{"element-6066-11e4-a52e-4f735466cecf":"00000000-0000-00b4-0000-007100000003","ELEMENT":"00000000-0000-00b4-0000-007100000003"},{"element-6066-11e4-a52e-4f735466cecf":"00000000-0000-00b4-0000-008400000003","ELEMENT":"00000000-0000-00b4-0000-008400000003"}]
&amp#27;[38;5;0m[HTTP]&amp#27;[0m &amp#27;[37m<-- POST /session/8a4c5d39-9059-4535-92f2-b9cd751f3967/elements &amp#27;[39m&amp#27;[32m200&amp#27;[39m &amp#27;[90m63 ms - 523&amp#27;[39m
&amp#27;[38;5;0m[HTTP]&amp#27;[0m &amp#27;[90m&amp#27;[39m
&amp#27;[38;5;0m[HTTP]&amp#27;[0m &amp#27;[37m-->&amp#27;[39m &amp#27;[37mPOST&amp#27;[39m &amp#27;[37m/session/8a4c5d39-9059-4535-92f2-b9cd751f3967/element/00000000-0000-00b4-0000-008200000003/click&amp#27;[39m
&amp#27;[38;5;0m[HTTP]&amp#27;[0m &amp#27;[90m{"id":"00000000-0000-00b4-0000-008200000003"}&amp#27;[39m
&amp#27;[38;5;32m[AndroidUiautomator2Driver@f6fc (8a4c5d39)]&amp#27;[0m Calling AppiumDriver.click() with args: ["00000000-0000-00b4-0000-008200000003","8a4c5d39-9059-4535-92f2-b9cd751f3967"]
&amp#27;[38;5;32m[AndroidUiautomator2Driver@f6fc (8a4c5d39)]&amp#27;[0m Matched '/element/00000000-0000-00b4-0000-008200000003/click' to command name 'click'
&amp#27;[38;5;32m[AndroidUiautomator2Driver@f6fc (8a4c5d39)]&amp#27;[0m Proxying [POST /element/00000000-0000-00b4-0000-008200000003/click] to [POST http://127.0.0.1:8201/session/2033ac06-ca71-4f8f-9ae6-f068b15350dc/element/00000000-0000-00b4-0000-008200000003/click] with body: {"element":"00000000-0000-00b4-0000-008200000003"}
&amp#27;[38;5;32m[AndroidUiautomator2Driver@f6fc (8a4c5d39)]&amp#27;[0m Got response with status 200: {"sessionId":"2033ac06-ca71-4f8f-9ae6-f068b15350dc","value":null}
&amp#27;[38;5;32m[AndroidUiautomator2Driver@f6fc (8a4c5d39)]&amp#27;[0m Responding to client with driver.click() result: null
&amp#27;[38;5;0m[HTTP]&amp#27;[0m &amp#27;[37m<-- POST /session/8a4c5d39-9059-4535-92f2-b9cd751f3967/element/00000000-0000-00b4-0000-008200000003/click &amp#27;[39m&amp#27;[32m200&amp#27;[39m &amp#27;[90m1374 ms - 14&amp#27;[39m
&amp#27;[38;5;0m[HTTP]&amp#27;[0m &amp#27;[90m&amp#27;[39m
&amp#27;[38;5;0m[HTTP]&amp#27;[0m &amp#27;[37m-->&amp#27;[39m &amp#27;[37mPOST&amp#27;[39m &amp#27;[37m/session/8a4c5d39-9059-4535-92f2-b9cd751f3967/elements&amp#27;[39m
&amp#27;[38;5;0m[HTTP]&amp#27;[0m &amp#27;[90m{"value":"//android.view.View/android.widget.ImageView[1]","using":"xpath"}&amp#27;[39m
&amp#27;[38;5;32m[AndroidUiautomator2Driver@f6fc (8a4c5d39)]&amp#27;[0m Calling AppiumDriver.findElements() with args: ["xpath","//android.view.View/android.widget.ImageView[1]","8a4c5d39-9059-4535-92f2-b9cd751f3967"]
&amp#27;[38;5;32m[AndroidUiautomator2Driver@f6fc (8a4c5d39)]&amp#27;[0m Valid locator strategies for this request: xpath, id, class name, accessibility id, css selector, -android uiautomator
&amp#27;[38;5;32m[AndroidUiautomator2Driver@f6fc (8a4c5d39)]&amp#27;[0m Waiting up to 10000 ms for condition
&amp#27;[38;5;32m[AndroidUiautomator2Driver@f6fc (8a4c5d39)]&amp#27;[0m Matched '/elements' to command name 'findElements'
&amp#27;[38;5;32m[AndroidUiautomator2Driver@f6fc (8a4c5d39)]&amp#27;[0m Proxying [POST /elements] to [POST http://127.0.0.1:8201/session/2033ac06-ca71-4f8f-9ae6-f068b15350dc/elements] with body: {"strategy":"xpath","selector":"//android.view.View/android.widget.ImageView[1]","context":"","multiple":true}
&amp#27;[38;5;32m[AndroidUiautomator2Driver@f6fc (8a4c5d39)]&amp#27;[0m Got response with status 200: {"sessionId":"2033ac06-ca71-4f8f-9ae6-f068b15350dc","value":[{"ELEMENT":"00000000-0000-00b4-0000-005700000003","element-6066-11e4-a52e-4f735466cecf":"00000000-0000-00b4-0000-005700000003"},{"ELEMENT":"00000000-0000-00b4-0000-005900000003","element-6066-11e4-a52e-4f735466cecf":"00000000-0000-00b4-0000-005900000003"}]}
&amp#27;[38;5;32m[AndroidUiautomator2Driver@f6fc (8a4c5d39)]&amp#27;[0m Responding to client with driver.findElements() result: [{"element-6066-11e4-a52e-4f735466cecf":"00000000-0000-00b4-0000-005700000003","ELEMENT":"00000000-0000-00b4-0000-005700000003"},{"element-6066-11e4-a52e-4f735466cecf":"00000000-0000-00b4-0000-005900000003","ELEMENT":"00000000-0000-00b4-0000-005900000003"}]
&amp#27;[38;5;0m[HTTP]&amp#27;[0m &amp#27;[37m<-- POST /session/8a4c5d39-9059-4535-92f2-b9cd751f3967/elements &amp#27;[39m&amp#27;[32m200&amp#27;[39m &amp#27;[90m49 ms - 267&amp#27;[39m
&amp#27;[38;5;0m[HTTP]&amp#27;[0m &amp#27;[90m&amp#27;[39m
&amp#27;[38;5;0m[HTTP]&amp#27;[0m &amp#27;[37m-->&amp#27;[39m &amp#27;[37mPOST&amp#27;[39m &amp#27;[37m/session/8a4c5d39-9059-4535-92f2-b9cd751f3967/element/00000000-0000-00b4-0000-005700000003/click&amp#27;[39m
&amp#27;[38;5;0m[HTTP]&amp#27;[0m &amp#27;[90m{"id":"00000000-0000-00b4-0000-005700000003"}&amp#27;[39m
&amp#27;[38;5;32m[AndroidUiautomator2Driver@f6fc (8a4c5d39)]&amp#27;[0m Calling AppiumDriver.click() with args: ["00000000-0000-00b4-0000-005700000003","8a4c5d39-9059-4535-92f2-b9cd751f3967"]
&amp#27;[38;5;32m[AndroidUiautomator2Driver@f6fc (8a4c5d39)]&amp#27;[0m Matched '/element/00000000-0000-00b4-0000-005700000003/click' to command name 'click'
&amp#27;[38;5;32m[AndroidUiautomator2Driver@f6fc (8a4c5d39)]&amp#27;[0m Proxying [POST /element/00000000-0000-00b4-0000-005700000003/click] to [POST http://127.0.0.1:8201/session/2033ac06-ca71-4f8f-9ae6-f068b15350dc/element/00000000-0000-00b4-0000-005700000003/click] with body: {"element":"00000000-0000-00b4-0000-005700000003"}
&amp#27;[38;5;32m[AndroidUiautomator2Driver@f6fc (8a4c5d39)]&amp#27;[0m Got response with status 200: {"sessionId":"2033ac06-ca71-4f8f-9ae6-f068b15350dc","value":null}
&amp#27;[38;5;32m[AndroidUiautomator2Driver@f6fc (8a4c5d39)]&amp#27;[0m Responding to client with driver.click() result: null
&amp#27;[38;5;0m[HTTP]&amp#27;[0m &amp#27;[37m<-- POST /session/8a4c5d39-9059-4535-92f2-b9cd751f3967/element/00000000-0000-00b4-0000-005700000003/click &amp#27;[39m&amp#27;[32m200&amp#27;[39m &amp#27;[90m106 ms - 14&amp#27;[39m
&amp#27;[38;5;0m[HTTP]&amp#27;[0m &amp#27;[90m&amp#27;[39m
&amp#27;[38;5;0m[HTTP]&amp#27;[0m &amp#27;[37m-->&amp#27;[39m &amp#27;[37mPOST&amp#27;[39m &amp#27;[37m/session/8a4c5d39-9059-4535-92f2-b9cd751f3967/elements&amp#27;[39m
&amp#27;[38;5;0m[HTTP]&amp#27;[0m &amp#27;[90m{"value":"//android.view.View/android.widget.ImageView[1]","using":"xpath"}&amp#27;[39m
&amp#27;[38;5;32m[AndroidUiautomator2Driver@f6fc (8a4c5d39)]&amp#27;[0m Calling AppiumDriver.findElements() with args: ["xpath","//android.view.View/android.widget.ImageView[1]","8a4c5d39-9059-4535-92f2-b9cd751f3967"]
&amp#27;[38;5;32m[AndroidUiautomator2Driver@f6fc (8a4c5d39)]&amp#27;[0m Valid locator strategies for this request: xpath, id, class name, accessibility id, css selector, -android uiautomator
&amp#27;[38;5;32m[AndroidUiautomator2Driver@f6fc (8a4c5d39)]&amp#27;[0m Waiting up to 10000 ms for condition
&amp#27;[38;5;32m[AndroidUiautomator2Driver@f6fc (8a4c5d39)]&amp#27;[0m Matched '/elements' to command name 'findElements'
&amp#27;[38;5;32m[AndroidUiautomator2Driver@f6fc (8a4c5d39)]&amp#27;[0m Proxying [POST /elements] to [POST http://127.0.0.1:8201/session/2033ac06-ca71-4f8f-9ae6-f068b15350dc/elements] with body: {"strategy":"xpath","selector":"//android.view.View/android.widget.ImageView[1]","context":"","multiple":true}
&amp#27;[38;5;32m[AndroidUiautomator2Driver@f6fc (8a4c5d39)]&amp#27;[0m Got response with status 200: {"sessionId":"2033ac06-ca71-4f8f-9ae6-f068b15350dc","value":[{"ELEMENT":"00000000-0000-00b4-0000-005700000003","element-6066-11e4-a52e-4f735466cecf":"00000000-0000-00b4-0000-005700000003"},{"ELEMENT":"00000000-0000-00b4-0000-005900000003","element-6066-11e4-a52e-4f735466cecf":"00000000-0000-00b4-0000-005900000003"}]}
&amp#27;[38;5;32m[AndroidUiautomator2Driver@f6fc (8a4c5d39)]&amp#27;[0m Responding to client with driver.findElements() result: [{"element-6066-11e4-a52e-4f735466cecf":"00000000-0000-00b4-0000-005700000003","ELEMENT":"00000000-0000-00b4-0000-005700000003"},{"element-6066-11e4-a52e-4f735466cecf":"00000000-0000-00b4-0000-005900000003","ELEMENT":"00000000-0000-00b4-0000-005900000003"}]
&amp#27;[38;5;0m[HTTP]&amp#27;[0m &amp#27;[37m<-- POST /session/8a4c5d39-9059-4535-92f2-b9cd751f3967/elements &amp#27;[39m&amp#27;[32m200&amp#27;[39m &amp#27;[90m49 ms - 267&amp#27;[39m
&amp#27;[38;5;0m[HTTP]&amp#27;[0m &amp#27;[90m&amp#27;[39m
&amp#27;[38;5;0m[HTTP]&amp#27;[0m &amp#27;[37m-->&amp#27;[39m &amp#27;[37mPOST&amp#27;[39m &amp#27;[37m/session/8a4c5d39-9059-4535-92f2-b9cd751f3967/element/00000000-0000-00b4-0000-005700000003/clear&amp#27;[39m
&amp#27;[38;5;0m[HTTP]&amp#27;[0m &amp#27;[90m{"id":"00000000-0000-00b4-0000-005700000003"}&amp#27;[39m
&amp#27;[38;5;32m[AndroidUiautomator2Driver@f6fc (8a4c5d39)]&amp#27;[0m Calling AppiumDriver.clear() with args: ["00000000-0000-00b4-0000-005700000003","8a4c5d39-9059-4535-92f2-b9cd751f3967"]
&amp#27;[38;5;32m[AndroidUiautomator2Driver@f6fc (8a4c5d39)]&amp#27;[0m Matched '/element/00000000-0000-00b4-0000-005700000003/clear' to command name 'clear'
&amp#27;[38;5;32m[AndroidUiautomator2Driver@f6fc (8a4c5d39)]&amp#27;[0m Proxying [POST /element/00000000-0000-00b4-0000-005700000003/clear] to [POST http://127.0.0.1:8201/session/2033ac06-ca71-4f8f-9ae6-f068b15350dc/element/00000000-0000-00b4-0000-005700000003/clear] with body: {"elementId":"00000000-0000-00b4-0000-005700000003"}
&amp#27;[38;5;32m[AndroidUiautomator2Driver@f6fc (8a4c5d39)]&amp#27;[0m Got response with status 200: {"sessionId":"2033ac06-ca71-4f8f-9ae6-f068b15350dc","value":null}
&amp#27;[38;5;32m[AndroidUiautomator2Driver@f6fc (8a4c5d39)]&amp#27;[0m Responding to client with driver.clear() result: null
&amp#27;[38;5;0m[HTTP]&amp#27;[0m &amp#27;[37m<-- POST /session/8a4c5d39-9059-4535-92f2-b9cd751f3967/element/00000000-0000-00b4-0000-005700000003/clear &amp#27;[39m&amp#27;[32m200&amp#27;[39m &amp#27;[90m18 ms - 14&amp#27;[39m
&amp#27;[38;5;0m[HTTP]&amp#27;[0m &amp#27;[90m&amp#27;[39m
&amp#27;[38;5;0m[HTTP]&amp#27;[0m &amp#27;[37m-->&amp#27;[39m &amp#27;[37mPOST&amp#27;[39m &amp#27;[37m/session/8a4c5d39-9059-4535-92f2-b9cd751f3967/elements&amp#27;[39m
&amp#27;[38;5;0m[HTTP]&amp#27;[0m &amp#27;[90m{"value":"//android.view.View/android.widget.ImageView[1]","using":"xpath"}&amp#27;[39m
&amp#27;[38;5;32m[AndroidUiautomator2Driver@f6fc (8a4c5d39)]&amp#27;[0m Calling AppiumDriver.findElements() with args: ["xpath","//android.view.View/android.widget.ImageView[1]","8a4c5d39-9059-4535-92f2-b9cd751f3967"]
&amp#27;[38;5;32m[AndroidUiautomator2Driver@f6fc (8a4c5d39)]&amp#27;[0m Valid locator strategies for this request: xpath, id, class name, accessibility id, css selector, -android uiautomator
&amp#27;[38;5;32m[AndroidUiautomator2Driver@f6fc (8a4c5d39)]&amp#27;[0m Waiting up to 10000 ms for condition
&amp#27;[38;5;32m[AndroidUiautomator2Driver@f6fc (8a4c5d39)]&amp#27;[0m Matched '/elements' to command name 'findElements'
&amp#27;[38;5;32m[AndroidUiautomator2Driver@f6fc (8a4c5d39)]&amp#27;[0m Proxying [POST /elements] to [POST http://127.0.0.1:8201/session/2033ac06-ca71-4f8f-9ae6-f068b15350dc/elements] with body: {"strategy":"xpath","selector":"//android.view.View/android.widget.ImageView[1]","context":"","multiple":true}
&amp#27;[38;5;32m[AndroidUiautomator2Driver@f6fc (8a4c5d39)]&amp#27;[0m Got response with status 200: {"sessionId":"2033ac06-ca71-4f8f-9ae6-f068b15350dc","value":[{"ELEMENT":"00000000-0000-00b4-0000-005700000003","element-6066-11e4-a52e-4f735466cecf":"00000000-0000-00b4-0000-005700000003"},{"ELEMENT":"00000000-0000-00b4-0000-005900000003","element-6066-11e4-a52e-4f735466cecf":"00000000-0000-00b4-0000-005900000003"}]}
&amp#27;[38;5;32m[AndroidUiautomator2Driver@f6fc (8a4c5d39)]&amp#27;[0m Responding to client with driver.findElements() result: [{"element-6066-11e4-a52e-4f735466cecf":"00000000-0000-00b4-0000-005700000003","ELEMENT":"00000000-0000-00b4-0000-005700000003"},{"element-6066-11e4-a52e-4f735466cecf":"00000000-0000-00b4-0000-005900000003","ELEMENT":"00000000-0000-00b4-0000-005900000003"}]
&amp#27;[38;5;0m[HTTP]&amp#27;[0m &amp#27;[37m<-- POST /session/8a4c5d39-9059-4535-92f2-b9cd751f3967/elements &amp#27;[39m&amp#27;[32m200&amp#27;[39m &amp#27;[90m47 ms - 267&amp#27;[39m
&amp#27;[38;5;0m[HTTP]&amp#27;[0m &amp#27;[90m&amp#27;[39m
&amp#27;[38;5;0m[HTTP]&amp#27;[0m &amp#27;[37m-->&amp#27;[39m &amp#27;[37mPOST&amp#27;[39m &amp#27;[37m/session/8a4c5d39-9059-4535-92f2-b9cd751f3967/element/00000000-0000-00b4-0000-005700000003/value&amp#27;[39m
&amp#27;[38;5;0m[HTTP]&amp#27;[0m &amp#27;[90m{"text":"Product Name","value":["P","r","o","d","u","c","t"," ","N","a","m","e"],"id":"00000000-0000-00b4-0000-005700000003"}&amp#27;[39m
&amp#27;[38;5;32m[AndroidUiautomator2Driver@f6fc (8a4c5d39)]&amp#27;[0m Calling AppiumDriver.setValue() with args: [["P","r","o","d","u","c","t"," ","N","a","m","e"],"00000000-0000-00b4-0000-005700000003","8a4c5d39-9059-4535-92f2-b9cd751f3967"]
&amp#27;[38;5;32m[AndroidUiautomator2Driver@f6fc (8a4c5d39)]&amp#27;[0m Matched '/element/00000000-0000-00b4-0000-005700000003/value' to command name 'setValue'
&amp#27;[38;5;32m[AndroidUiautomator2Driver@f6fc (8a4c5d39)]&amp#27;[0m Added 'value' property ["P","r","o","d","u","c","t"," ","N","a","m","e"] to 'setValue' request body
&amp#27;[38;5;32m[AndroidUiautomator2Driver@f6fc (8a4c5d39)]&amp#27;[0m Proxying [POST /element/00000000-0000-00b4-0000-005700000003/value] to [POST http://127.0.0.1:8201/session/2033ac06-ca71-4f8f-9ae6-f068b15350dc/element/00000000-0000-00b4-0000-005700000003/value] with body: {"elementId":"00000000-0000-00b4-0000-005700000003","text":"Product Name","replace":false,"value":["P","r","o","d","u","c","t"," ","N","a","m","e"]}
&amp#27;[38;5;32m[AndroidUiautomator2Driver@f6fc (8a4c5d39)]&amp#27;[0m Got response with status 200: {"sessionId":"2033ac06-ca71-4f8f-9ae6-f068b15350dc","value":null}
&amp#27;[38;5;32m[AndroidUiautomator2Driver@f6fc (8a4c5d39)]&amp#27;[0m Responding to client with driver.setValue() result: null
&amp#27;[38;5;0m[HTTP]&amp#27;[0m &amp#27;[37m<-- POST /session/8a4c5d39-9059-4535-92f2-b9cd751f3967/element/00000000-0000-00b4-0000-005700000003/value &amp#27;[39m&amp#27;[32m200&amp#27;[39m &amp#27;[90m23 ms - 14&amp#27;[39m
&amp#27;[38;5;0m[HTTP]&amp#27;[0m &amp#27;[90m&amp#27;[39m
&amp#27;[38;5;0m[HTTP]&amp#27;[0m &amp#27;[37m-->&amp#27;[39m &amp#27;[37mPOST&amp#27;[39m &amp#27;[37m/session/8a4c5d39-9059-4535-92f2-b9cd751f3967/elements&amp#27;[39m
&amp#27;[38;5;0m[HTTP]&amp#27;[0m &amp#27;[90m{"value":"//android.view.View[2]/android.view.View/android.widget.ImageView","using":"xpath"}&amp#27;[39m
&amp#27;[38;5;32m[AndroidUiautomator2Driver@f6fc (8a4c5d39)]&amp#27;[0m Calling AppiumDriver.findElements() with args: ["xpath","//android.view.View[2]/android.view.View/android.widget.ImageView","8a4c5d39-9059-4535-92f2-b9cd751f3967"]
&amp#27;[38;5;32m[AndroidUiautomator2Driver@f6fc (8a4c5d39)]&amp#27;[0m Valid locator strategies for this request: xpath, id, class name, accessibility id, css selector, -android uiautomator
&amp#27;[38;5;32m[AndroidUiautomator2Driver@f6fc (8a4c5d39)]&amp#27;[0m Waiting up to 10000 ms for condition
&amp#27;[38;5;32m[AndroidUiautomator2Driver@f6fc (8a4c5d39)]&amp#27;[0m Matched '/elements' to command name 'findElements'
&amp#27;[38;5;32m[AndroidUiautomator2Driver@f6fc (8a4c5d39)]&amp#27;[0m Proxying [POST /elements] to [POST http://127.0.0.1:8201/session/2033ac06-ca71-4f8f-9ae6-f068b15350dc/elements] with body: {"strategy":"xpath","selector":"//android.view.View[2]/android.view.View/android.widget.ImageView","context":"","multiple":true}
&amp#27;[38;5;32m[AndroidUiautomator2Driver@f6fc (8a4c5d39)]&amp#27;[0m Got response with status 200: {"sessionId":"2033ac06-ca71-4f8f-9ae6-f068b15350dc","value":[{"ELEMENT":"00000000-0000-00b4-0000-005900000003","element-6066-11e4-a52e-4f735466cecf":"00000000-0000-00b4-0000-005900000003"},{"ELEMENT":"00000000-0000-00b4-0000-005a00000003","element-6066-11e4-a52e-4f735466cecf":"00000000-0000-00b4-0000-005a00000003"},{"ELEMENT":"00000000-0000-00b4-0000-005b00000003","element-6066-11e4-a52e-4f735466cecf":"00000000-0000-00b4-0000-005b00000003"}]}
&amp#27;[38;5;32m[AndroidUiautomator2Driver@f6fc (8a4c5d39)]&amp#27;[0m Responding to client with driver.findElements() result: [{"element-6066-11e4-a52e-4f735466cecf":"00000000-0000-00b4-0000-005900000003","ELEMENT":"00000000-0000-00b4-0000-005900000003"},{"element-6066-11e4-a52e-4f735466cecf":"00000000-0000-00b4-0000-005a00000003","ELEMENT":"00000000-0000-00b4-0000-005a00000003"},{"element-6066-11e4-a52e-4f735466cecf":"00000000-0000-00b4-0000-005b00000003","ELEMENT":"00000000-0000-00b4-0000-005b00000003"}]
&amp#27;[38;5;0m[HTTP]&amp#27;[0m &amp#27;[37m<-- POST /session/8a4c5d39-9059-4535-92f2-b9cd751f3967/elements &amp#27;[39m&amp#27;[32m200&amp#27;[39m &amp#27;[90m611 ms - 395&amp#27;[39m
&amp#27;[38;5;0m[HTTP]&amp#27;[0m &amp#27;[90m&amp#27;[39m
&amp#27;[38;5;0m[HTTP]&amp#27;[0m &amp#27;[37m-->&amp#27;[39m &amp#27;[37mGET&amp#27;[39m &amp#27;[37m/session/8a4c5d39-9059-4535-92f2-b9cd751f3967/element/00000000-0000-00b4-0000-005a00000003/attribute/content-desc&amp#27;[39m
&amp#27;[38;5;0m[HTTP]&amp#27;[0m &amp#27;[90m{}&amp#27;[39m
&amp#27;[38;5;32m[AndroidUiautomator2Driver@f6fc (8a4c5d39)]&amp#27;[0m Calling AppiumDriver.getAttribute() with args: ["content-desc","00000000-0000-00b4-0000-005a00000003","8a4c5d39-9059-4535-92f2-b9cd751f3967"]
&amp#27;[38;5;32m[AndroidUiautomator2Driver@f6fc (8a4c5d39)]&amp#27;[0m Matched '/element/00000000-0000-00b4-0000-005a00000003/attribute/content-desc' to command name 'getAttribute'
&amp#27;[38;5;32m[AndroidUiautomator2Driver@f6fc (8a4c5d39)]&amp#27;[0m Proxying [GET /element/00000000-0000-00b4-0000-005a00000003/attribute/content-desc] to [GET http://127.0.0.1:8201/session/2033ac06-ca71-4f8f-9ae6-f068b15350dc/element/00000000-0000-00b4-0000-005a00000003/attribute/content-desc] with no body
&amp#27;[38;5;32m[AndroidUiautomator2Driver@f6fc (8a4c5d39)]&amp#27;[0m Got response with status 200: {"sessionId":"2033ac06-ca71-4f8f-9ae6-f068b15350dc","value":"Product Name\nCategory Name"}
&amp#27;[38;5;32m[AndroidUiautomator2Driver@f6fc (8a4c5d39)]&amp#27;[0m Responding to client with driver.getAttribute() result: "Product Name\nCategory Name"
&amp#27;[38;5;0m[HTTP]&amp#27;[0m &amp#27;[37m<-- GET /session/8a4c5d39-9059-4535-92f2-b9cd751f3967/element/00000000-0000-00b4-0000-005a00000003/attribute/content-desc &amp#27;[39m&amp#27;[32m200&amp#27;[39m &amp#27;[90m19 ms - 39&amp#27;[39m
&amp#27;[38;5;0m[HTTP]&amp#27;[0m &amp#27;[90m&amp#27;[39m
&amp#27;[38;5;0m[HTTP]&amp#27;[0m &amp#27;[37m-->&amp#27;[39m &amp#27;[37mPOST&amp#27;[39m &amp#27;[37m/session/8a4c5d39-9059-4535-92f2-b9cd751f3967/elements&amp#27;[39m
&amp#27;[38;5;0m[HTTP]&amp#27;[0m &amp#27;[90m{"value":"//android.view.View[2]/android.view.View/android.widget.ImageView","using":"xpath"}&amp#27;[39m
&amp#27;[38;5;32m[AndroidUiautomator2Driver@f6fc (8a4c5d39)]&amp#27;[0m Calling AppiumDriver.findElements() with args: ["xpath","//android.view.View[2]/android.view.View/android.widget.ImageView","8a4c5d39-9059-4535-92f2-b9cd751f3967"]
&amp#27;[38;5;32m[AndroidUiautomator2Driver@f6fc (8a4c5d39)]&amp#27;[0m Valid locator strategies for this request: xpath, id, class name, accessibility id, css selector, -android uiautomator
&amp#27;[38;5;32m[AndroidUiautomator2Driver@f6fc (8a4c5d39)]&amp#27;[0m Waiting up to 10000 ms for condition
&amp#27;[38;5;32m[AndroidUiautomator2Driver@f6fc (8a4c5d39)]&amp#27;[0m Matched '/elements' to command name 'findElements'
&amp#27;[38;5;32m[AndroidUiautomator2Driver@f6fc (8a4c5d39)]&amp#27;[0m Proxying [POST /elements] to [POST http://127.0.0.1:8201/session/2033ac06-ca71-4f8f-9ae6-f068b15350dc/elements] with body: {"strategy":"xpath","selector":"//android.view.View[2]/android.view.View/android.widget.ImageView","context":"","multiple":true}
&amp#27;[38;5;32m[AndroidUiautomator2Driver@f6fc (8a4c5d39)]&amp#27;[0m Got response with status 200: {"sessionId":"2033ac06-ca71-4f8f-9ae6-f068b15350dc","value":[{"ELEMENT":"00000000-0000-00b4-0000-005900000003","element-6066-11e4-a52e-4f735466cecf":"00000000-0000-00b4-0000-005900000003"},{"ELEMENT":"00000000-0000-00b4-0000-005a00000003","element-6066-11e4-a52e-4f735466cecf":"00000000-0000-00b4-0000-005a00000003"},{"ELEMENT":"00000000-0000-00b4-0000-005b00000003","element-6066-11e4-a52e-4f735466cecf":"00000000-0000-00b4-0000-005b00000003"}]}
&amp#27;[38;5;32m[AndroidUiautomator2Driver@f6fc (8a4c5d39)]&amp#27;[0m Responding to client with driver.findElements() result: [{"element-6066-11e4-a52e-4f735466cecf":"00000000-0000-00b4-0000-005900000003","ELEMENT":"00000000-0000-00b4-0000-005900000003"},{"element-6066-11e4-a52e-4f735466cecf":"00000000-0000-00b4-0000-005a00000003","ELEMENT":"00000000-0000-00b4-0000-005a00000003"},{"element-6066-11e4-a52e-4f735466cecf":"00000000-0000-00b4-0000-005b00000003","ELEMENT":"00000000-0000-00b4-0000-005b00000003"}]
&amp#27;[38;5;0m[HTTP]&amp#27;[0m &amp#27;[37m<-- POST /session/8a4c5d39-9059-4535-92f2-b9cd751f3967/elements &amp#27;[39m&amp#27;[32m200&amp#27;[39m &amp#27;[90m45 ms - 395&amp#27;[39m
&amp#27;[38;5;0m[HTTP]&amp#27;[0m &amp#27;[90m&amp#27;[39m
&amp#27;[38;5;0m[HTTP]&amp#27;[0m &amp#27;[37m-->&amp#27;[39m &amp#27;[37mPOST&amp#27;[39m &amp#27;[37m/session/8a4c5d39-9059-4535-92f2-b9cd751f3967/element/00000000-0000-00b4-0000-005a00000003/click&amp#27;[39m
&amp#27;[38;5;0m[HTTP]&amp#27;[0m &amp#27;[90m{"id":"00000000-0000-00b4-0000-005a00000003"}&amp#27;[39m
&amp#27;[38;5;32m[AndroidUiautomator2Driver@f6fc (8a4c5d39)]&amp#27;[0m Calling AppiumDriver.click() with args: ["00000000-0000-00b4-0000-005a00000003","8a4c5d39-9059-4535-92f2-b9cd751f3967"]
&amp#27;[38;5;32m[AndroidUiautomator2Driver@f6fc (8a4c5d39)]&amp#27;[0m Matched '/element/00000000-0000-00b4-0000-005a00000003/click' to command name 'click'
&amp#27;[38;5;32m[AndroidUiautomator2Driver@f6fc (8a4c5d39)]&amp#27;[0m Proxying [POST /element/00000000-0000-00b4-0000-005a00000003/click] to [POST http://127.0.0.1:8201/session/2033ac06-ca71-4f8f-9ae6-f068b15350dc/element/00000000-0000-00b4-0000-005a00000003/click] with body: {"element":"00000000-0000-00b4-0000-005a00000003"}
&amp#27;[38;5;32m[AndroidUiautomator2Driver@f6fc (8a4c5d39)]&amp#27;[0m Got response with status 200: {"sessionId":"2033ac06-ca71-4f8f-9ae6-f068b15350dc","value":null}
&amp#27;[38;5;32m[AndroidUiautomator2Driver@f6fc (8a4c5d39)]&amp#27;[0m Responding to client with driver.click() result: null
&amp#27;[38;5;0m[HTTP]&amp#27;[0m &amp#27;[37m<-- POST /session/8a4c5d39-9059-4535-92f2-b9cd751f3967/element/00000000-0000-00b4-0000-005a00000003/click &amp#27;[39m&amp#27;[32m200&amp#27;[39m &amp#27;[90m1053 ms - 14&amp#27;[39m
&amp#27;[38;5;0m[HTTP]&amp#27;[0m &amp#27;[90m&amp#27;[39m
73316 [main] DEBUG devpinoyLogger  - User provided product is searched and selected
73316 [main] DEBUG devpinoyLogger  - User provided product is searched and selected
73316 [main] DEBUG devpinoyLogger  - User provided product is searched and selected
73316 [main] DEBUG devpinoyLogger  - User provided product is searched and selected
73316 [main] DEBUG devpinoyLogger  - User provided product is searched and selected
73316 [main] DEBUG devpinoyLogger  - User provided product is searched and selected
73316 [main] DEBUG devpinoyLogger  - User provided product is searched and selected
&amp#27;[38;5;0m[HTTP]&amp#27;[0m &amp#27;[37m-->&amp#27;[39m &amp#27;[37mPOST&amp#27;[39m &amp#27;[37m/session/8a4c5d39-9059-4535-92f2-b9cd751f3967/elements&amp#27;[39m
&amp#27;[38;5;0m[HTTP]&amp#27;[0m &amp#27;[90m{"value":"//android.view.View/android.widget.ScrollView/android.view.View[1]/android.view.View/android.widget.ImageView","using":"xpath"}&amp#27;[39m
&amp#27;[38;5;32m[AndroidUiautomator2Driver@f6fc (8a4c5d39)]&amp#27;[0m Calling AppiumDriver.findElements() with args: ["xpath","//android.view.View/android.widget.ScrollView/android.view.View[1]/android.view.View/android.widget.ImageView","8a4c5d39-9059-4535-92f2-b9cd751f3967"]
&amp#27;[38;5;32m[AndroidUiautomator2Driver@f6fc (8a4c5d39)]&amp#27;[0m Valid locator strategies for this request: xpath, id, class name, accessibility id, css selector, -android uiautomator
&amp#27;[38;5;32m[AndroidUiautomator2Driver@f6fc (8a4c5d39)]&amp#27;[0m Waiting up to 10000 ms for condition
&amp#27;[38;5;32m[AndroidUiautomator2Driver@f6fc (8a4c5d39)]&amp#27;[0m Matched '/elements' to command name 'findElements'
&amp#27;[38;5;32m[AndroidUiautomator2Driver@f6fc (8a4c5d39)]&amp#27;[0m Proxying [POST /elements] to [POST http://127.0.0.1:8201/session/2033ac06-ca71-4f8f-9ae6-f068b15350dc/elements] with body: {"strategy":"xpath","selector":"//android.view.View/android.widget.ScrollView/android.view.View[1]/android.view.View/android.widget.ImageView","context":"","multiple":true}
&amp#27;[38;5;32m[AndroidUiautomator2Driver@f6fc (8a4c5d39)]&amp#27;[0m Got response with status 200: {"sessionId":"2033ac06-ca71-4f8f-9ae6-f068b15350dc","value":[{"ELEMENT":"00000000-0000-00b4-0000-00be00000003","element-6066-11e4-a52e-4f735466cecf":"00000000-0000-00b4-0000-00be00000003"},{"ELEMENT":"00000000-0000-00b4-0000-00bf00000003","element-6066-11e4-a52e-4f735466cecf":"00000000-0000-00b4-0000-00bf00000003"}]}
&amp#27;[38;5;32m[AndroidUiautomator2Driver@f6fc (8a4c5d39)]&amp#27;[0m Responding to client with driver.findElements() result: [{"element-6066-11e4-a52e-4f735466cecf":"00000000-0000-00b4-0000-00be00000003","ELEMENT":"00000000-0000-00b4-0000-00be00000003"},{"element-6066-11e4-a52e-4f735466cecf":"00000000-0000-00b4-0000-00bf00000003","ELEMENT":"00000000-0000-00b4-0000-00bf00000003"}]
&amp#27;[38;5;0m[HTTP]&amp#27;[0m &amp#27;[37m<-- POST /session/8a4c5d39-9059-4535-92f2-b9cd751f3967/elements &amp#27;[39m&amp#27;[32m200&amp#27;[39m &amp#27;[90m51 ms - 267&amp#27;[39m
&amp#27;[38;5;0m[HTTP]&amp#27;[0m &amp#27;[90m&amp#27;[39m
&amp#27;[38;5;0m[HTTP]&amp#27;[0m &amp#27;[37m-->&amp#27;[39m &amp#27;[37mPOST&amp#27;[39m &amp#27;[37m/session/8a4c5d39-9059-4535-92f2-b9cd751f3967/element/00000000-0000-00b4-0000-00be00000003/click&amp#27;[39m
&amp#27;[38;5;0m[HTTP]&amp#27;[0m &amp#27;[90m{"id":"00000000-0000-00b4-0000-00be00000003"}&amp#27;[39m
&amp#27;[38;5;32m[AndroidUiautomator2Driver@f6fc (8a4c5d39)]&amp#27;[0m Calling AppiumDriver.click() with args: ["00000000-0000-00b4-0000-00be00000003","8a4c5d39-9059-4535-92f2-b9cd751f3967"]
&amp#27;[38;5;32m[AndroidUiautomator2Driver@f6fc (8a4c5d39)]&amp#27;[0m Matched '/element/00000000-0000-00b4-0000-00be00000003/click' to command name 'click'
&amp#27;[38;5;32m[AndroidUiautomator2Driver@f6fc (8a4c5d39)]&amp#27;[0m Proxying [POST /element/00000000-0000-00b4-0000-00be00000003/click] to [POST http://127.0.0.1:8201/session/2033ac06-ca71-4f8f-9ae6-f068b15350dc/element/00000000-0000-00b4-0000-00be00000003/click] with body: {"element":"00000000-0000-00b4-0000-00be00000003"}
&amp#27;[38;5;32m[AndroidUiautomator2Driver@f6fc (8a4c5d39)]&amp#27;[0m Got response with status 200: {"sessionId":"2033ac06-ca71-4f8f-9ae6-f068b15350dc","value":null}
&amp#27;[38;5;32m[AndroidUiautomator2Driver@f6fc (8a4c5d39)]&amp#27;[0m Responding to client with driver.click() result: null
&amp#27;[38;5;0m[HTTP]&amp#27;[0m &amp#27;[37m<-- POST /session/8a4c5d39-9059-4535-92f2-b9cd751f3967/element/00000000-0000-00b4-0000-00be00000003/click &amp#27;[39m&amp#27;[32m200&amp#27;[39m &amp#27;[90m69 ms - 14&amp#27;[39m
&amp#27;[38;5;0m[HTTP]&amp#27;[0m &amp#27;[90m&amp#27;[39m
&amp#27;[38;5;0m[HTTP]&amp#27;[0m &amp#27;[37m-->&amp#27;[39m &amp#27;[37mPOST&amp#27;[39m &amp#27;[37m/session/8a4c5d39-9059-4535-92f2-b9cd751f3967/execute/sync&amp#27;[39m
&amp#27;[38;5;0m[HTTP]&amp#27;[0m &amp#27;[90m{"script":"mobile: pressKey","args":[{"keycode":4}]}&amp#27;[39m
&amp#27;[38;5;32m[AndroidUiautomator2Driver@f6fc (8a4c5d39)]&amp#27;[0m Calling AppiumDriver.execute() with args: ["mobile: pressKey",[{"keycode":4}],"8a4c5d39-9059-4535-92f2-b9cd751f3967"]
&amp#27;[38;5;32m[AndroidUiautomator2Driver@f6fc (8a4c5d39)]&amp#27;[0m Executing method 'mobile: pressKey'
&amp#27;[38;5;32m[AndroidUiautomator2Driver@f6fc (8a4c5d39)]&amp#27;[0m Matched '/appium/device/press_keycode' to command name 'pressKeyCode'
&amp#27;[38;5;32m[AndroidUiautomator2Driver@f6fc (8a4c5d39)]&amp#27;[0m Proxying [POST /appium/device/press_keycode] to [POST http://127.0.0.1:8201/session/2033ac06-ca71-4f8f-9ae6-f068b15350dc/appium/device/press_keycode] with body: {"keycode":4}
&amp#27;[38;5;32m[AndroidUiautomator2Driver@f6fc (8a4c5d39)]&amp#27;[0m Got response with status 200: {"sessionId":"2033ac06-ca71-4f8f-9ae6-f068b15350dc","value":null}
&amp#27;[38;5;32m[AndroidUiautomator2Driver@f6fc (8a4c5d39)]&amp#27;[0m Responding to client with driver.execute() result: null
&amp#27;[38;5;0m[HTTP]&amp#27;[0m &amp#27;[37m<-- POST /session/8a4c5d39-9059-4535-92f2-b9cd751f3967/execute/sync &amp#27;[39m&amp#27;[32m200&amp#27;[39m &amp#27;[90m62 ms - 14&amp#27;[39m
&amp#27;[38;5;0m[HTTP]&amp#27;[0m &amp#27;[90m&amp#27;[39m
&amp#27;[38;5;0m[HTTP]&amp#27;[0m &amp#27;[37m-->&amp#27;[39m &amp#27;[37mPOST&amp#27;[39m &amp#27;[37m/session/8a4c5d39-9059-4535-92f2-b9cd751f3967/elements&amp#27;[39m
&amp#27;[38;5;0m[HTTP]&amp#27;[0m &amp#27;[90m{"value":"//android.view.View/android.widget.ScrollView/android.view.View[1]/android.view.View/android.widget.ImageView","using":"xpath"}&amp#27;[39m
&amp#27;[38;5;32m[AndroidUiautomator2Driver@f6fc (8a4c5d39)]&amp#27;[0m Calling AppiumDriver.findElements() with args: ["xpath","//android.view.View/android.widget.ScrollView/android.view.View[1]/android.view.View/android.widget.ImageView","8a4c5d39-9059-4535-92f2-b9cd751f3967"]
&amp#27;[38;5;32m[AndroidUiautomator2Driver@f6fc (8a4c5d39)]&amp#27;[0m Valid locator strategies for this request: xpath, id, class name, accessibility id, css selector, -android uiautomator
&amp#27;[38;5;32m[AndroidUiautomator2Driver@f6fc (8a4c5d39)]&amp#27;[0m Waiting up to 10000 ms for condition
&amp#27;[38;5;32m[AndroidUiautomator2Driver@f6fc (8a4c5d39)]&amp#27;[0m Matched '/elements' to command name 'findElements'
&amp#27;[38;5;32m[AndroidUiautomator2Driver@f6fc (8a4c5d39)]&amp#27;[0m Proxying [POST /elements] to [POST http://127.0.0.1:8201/session/2033ac06-ca71-4f8f-9ae6-f068b15350dc/elements] with body: {"strategy":"xpath","selector":"//android.view.View/android.widget.ScrollView/android.view.View[1]/android.view.View/android.widget.ImageView","context":"","multiple":true}
&amp#27;[38;5;32m[AndroidUiautomator2Driver@f6fc (8a4c5d39)]&amp#27;[0m Got response with status 200: {"sessionId":"2033ac06-ca71-4f8f-9ae6-f068b15350dc","value":[]}
&amp#27;[38;5;32m[AndroidUiautomator2Driver@f6fc (8a4c5d39)]&amp#27;[0m Waited for 39 ms so far
&amp#27;[38;5;32m[AndroidUiautomator2Driver@f6fc (8a4c5d39)]&amp#27;[0m Matched '/elements' to command name 'findElements'
&amp#27;[38;5;32m[AndroidUiautomator2Driver@f6fc (8a4c5d39)]&amp#27;[0m Proxying [POST /elements] to [POST http://127.0.0.1:8201/session/2033ac06-ca71-4f8f-9ae6-f068b15350dc/elements] with body: {"strategy":"xpath","selector":"//android.view.View/android.widget.ScrollView/android.view.View[1]/android.view.View/android.widget.ImageView","context":"","multiple":true}
&amp#27;[38;5;32m[AndroidUiautomator2Driver@f6fc (8a4c5d39)]&amp#27;[0m Got response with status 200: {"sessionId":"2033ac06-ca71-4f8f-9ae6-f068b15350dc","value":[{"ELEMENT":"00000000-0000-00b4-0000-00be00000003","element-6066-11e4-a52e-4f735466cecf":"00000000-0000-00b4-0000-00be00000003"},{"ELEMENT":"00000000-0000-00b4-0000-00bf00000003","element-6066-11e4-a52e-4f735466cecf":"00000000-0000-00b4-0000-00bf00000003"}]}
&amp#27;[38;5;32m[AndroidUiautomator2Driver@f6fc (8a4c5d39)]&amp#27;[0m Responding to client with driver.findElements() result: [{"element-6066-11e4-a52e-4f735466cecf":"00000000-0000-00b4-0000-00be00000003","ELEMENT":"00000000-0000-00b4-0000-00be00000003"},{"element-6066-11e4-a52e-4f735466cecf":"00000000-0000-00b4-0000-00bf00000003","ELEMENT":"00000000-0000-00b4-0000-00bf00000003"}]
&amp#27;[38;5;0m[HTTP]&amp#27;[0m &amp#27;[37m<-- POST /session/8a4c5d39-9059-4535-92f2-b9cd751f3967/elements &amp#27;[39m&amp#27;[32m200&amp#27;[39m &amp#27;[90m886 ms - 267&amp#27;[39m
&amp#27;[38;5;0m[HTTP]&amp#27;[0m &amp#27;[90m&amp#27;[39m
&amp#27;[38;5;0m[HTTP]&amp#27;[0m &amp#27;[37m-->&amp#27;[39m &amp#27;[37mPOST&amp#27;[39m &amp#27;[37m/session/8a4c5d39-9059-4535-92f2-b9cd751f3967/element/00000000-0000-00b4-0000-00bf00000003/click&amp#27;[39m
&amp#27;[38;5;0m[HTTP]&amp#27;[0m &amp#27;[90m{"id":"00000000-0000-00b4-0000-00bf00000003"}&amp#27;[39m
&amp#27;[38;5;32m[AndroidUiautomator2Driver@f6fc (8a4c5d39)]&amp#27;[0m Calling AppiumDriver.click() with args: ["00000000-0000-00b4-0000-00bf00000003","8a4c5d39-9059-4535-92f2-b9cd751f3967"]
&amp#27;[38;5;32m[AndroidUiautomator2Driver@f6fc (8a4c5d39)]&amp#27;[0m Matched '/element/00000000-0000-00b4-0000-00bf00000003/click' to command name 'click'
&amp#27;[38;5;32m[AndroidUiautomator2Driver@f6fc (8a4c5d39)]&amp#27;[0m Proxying [POST /element/00000000-0000-00b4-0000-00bf00000003/click] to [POST http://127.0.0.1:8201/session/2033ac06-ca71-4f8f-9ae6-f068b15350dc/element/00000000-0000-00b4-0000-00bf00000003/click] with body: {"element":"00000000-0000-00b4-0000-00bf00000003"}
&amp#27;[38;5;32m[AndroidUiautomator2Driver@f6fc (8a4c5d39)]&amp#27;[0m Got response with status 200: {"sessionId":"2033ac06-ca71-4f8f-9ae6-f068b15350dc","value":null}
&amp#27;[38;5;32m[AndroidUiautomator2Driver@f6fc (8a4c5d39)]&amp#27;[0m Responding to client with driver.click() result: null
&amp#27;[38;5;0m[HTTP]&amp#27;[0m &amp#27;[37m<-- POST /session/8a4c5d39-9059-4535-92f2-b9cd751f3967/element/00000000-0000-00b4-0000-00bf00000003/click &amp#27;[39m&amp#27;[32m200&amp#27;[39m &amp#27;[90m608 ms - 14&amp#27;[39m
&amp#27;[38;5;0m[HTTP]&amp#27;[0m &amp#27;[90m&amp#27;[39m
&amp#27;[38;5;0m[HTTP]&amp#27;[0m &amp#27;[37m-->&amp#27;[39m &amp#27;[37mPOST&amp#27;[39m &amp#27;[37m/session/8a4c5d39-9059-4535-92f2-b9cd751f3967/execute/sync&amp#27;[39m
&amp#27;[38;5;0m[HTTP]&amp#27;[0m &amp#27;[90m{"script":"mobile: pressKey","args":[{"keycode":4}]}&amp#27;[39m
&amp#27;[38;5;32m[AndroidUiautomator2Driver@f6fc (8a4c5d39)]&amp#27;[0m Calling AppiumDriver.execute() with args: ["mobile: pressKey",[{"keycode":4}],"8a4c5d39-9059-4535-92f2-b9cd751f3967"]
&amp#27;[38;5;32m[AndroidUiautomator2Driver@f6fc (8a4c5d39)]&amp#27;[0m Executing method 'mobile: pressKey'
&amp#27;[38;5;32m[AndroidUiautomator2Driver@f6fc (8a4c5d39)]&amp#27;[0m Matched '/appium/device/press_keycode' to command name 'pressKeyCode'
&amp#27;[38;5;32m[AndroidUiautomator2Driver@f6fc (8a4c5d39)]&amp#27;[0m Proxying [POST /appium/device/press_keycode] to [POST http://127.0.0.1:8201/session/2033ac06-ca71-4f8f-9ae6-f068b15350dc/appium/device/press_keycode] with body: {"keycode":4}
&amp#27;[38;5;32m[AndroidUiautomator2Driver@f6fc (8a4c5d39)]&amp#27;[0m Got response with status 200: {"sessionId":"2033ac06-ca71-4f8f-9ae6-f068b15350dc","value":null}
&amp#27;[38;5;32m[AndroidUiautomator2Driver@f6fc (8a4c5d39)]&amp#27;[0m Responding to client with driver.execute() result: null
&amp#27;[38;5;0m[HTTP]&amp#27;[0m &amp#27;[37m<-- POST /session/8a4c5d39-9059-4535-92f2-b9cd751f3967/execute/sync &amp#27;[39m&amp#27;[32m200&amp#27;[39m &amp#27;[90m62 ms - 14&amp#27;[39m
&amp#27;[38;5;0m[HTTP]&amp#27;[0m &amp#27;[90m&amp#27;[39m
&amp#27;[38;5;0m[HTTP]&amp#27;[0m &amp#27;[37m-->&amp#27;[39m &amp#27;[37mPOST&amp#27;[39m &amp#27;[37m/session/8a4c5d39-9059-4535-92f2-b9cd751f3967/element&amp#27;[39m
&amp#27;[38;5;0m[HTTP]&amp#27;[0m &amp#27;[90m{"value":"//android.view.View/android.widget.ScrollView/android.widget.Button[1]","using":"xpath"}&amp#27;[39m
&amp#27;[38;5;32m[AndroidUiautomator2Driver@f6fc (8a4c5d39)]&amp#27;[0m Calling AppiumDriver.findElement() with args: ["xpath","//android.view.View/android.widget.ScrollView/android.widget.Button[1]","8a4c5d39-9059-4535-92f2-b9cd751f3967"]
&amp#27;[38;5;32m[AndroidUiautomator2Driver@f6fc (8a4c5d39)]&amp#27;[0m Valid locator strategies for this request: xpath, id, class name, accessibility id, css selector, -android uiautomator
&amp#27;[38;5;32m[AndroidUiautomator2Driver@f6fc (8a4c5d39)]&amp#27;[0m Waiting up to 10000 ms for condition
&amp#27;[38;5;32m[AndroidUiautomator2Driver@f6fc (8a4c5d39)]&amp#27;[0m Matched '/element' to command name 'findElement'
&amp#27;[38;5;32m[AndroidUiautomator2Driver@f6fc (8a4c5d39)]&amp#27;[0m Proxying [POST /element] to [POST http://127.0.0.1:8201/session/2033ac06-ca71-4f8f-9ae6-f068b15350dc/element] with body: {"strategy":"xpath","selector":"//android.view.View/android.widget.ScrollView/android.widget.Button[1]","context":"","multiple":false}
&amp#27;[38;5;32m[AndroidUiautomator2Driver@f6fc (8a4c5d39)]&amp#27;[0m Got response with status 404: {"sessionId":"2033ac06-ca71-4f8f-9ae6-f068b15350dc","value":{"error":"no such element","message":"An element could not be located on the page using the given search parameters","stacktrace":"io.appium.uiautomator2.common.exceptions.ElementNotFoundException: An element could not be located on the page using the given search parameters\n\tat io.appium.uiautomator2.utils.ElementLocationHelpers.findElement(ElementLocationHelpers.java:156)\n\tat io.appium.uiautomator2.handler.FindElement.safeHandle(FindElement.java:60)\n\tat io.appium.uiautomator2.handler.request.SafeRequestHandler.handle(SafeRequestHandler.java:59)\n\tat io.appium.uiautomator2.server.AppiumServlet.handleRequest(AppiumServlet.java:277)\n\tat io.appium.uiautomator2.server.AppiumServlet.handleHttpRequest(AppiumServlet.java:271)\n\tat io.appium.uiautomator2.http.ServerHandler.channelRead(ServerHandler.java:77)\n\tat io.netty.channel.AbstractChannelHandlerContext.invokeChannelRead(AbstractChannelHandlerContext.java:366)\n\tat io.netty.channel.Abstr...
&amp#27;[38;5;128m[W3C]&amp#27;[0m Matched W3C error code 'no such element' to NoSuchElementError
&amp#27;[38;5;32m[AndroidUiautomator2Driver@f6fc (8a4c5d39)]&amp#27;[0m Waited for 41 ms so far
&amp#27;[38;5;32m[AndroidUiautomator2Driver@f6fc (8a4c5d39)]&amp#27;[0m Matched '/element' to command name 'findElement'
&amp#27;[38;5;32m[AndroidUiautomator2Driver@f6fc (8a4c5d39)]&amp#27;[0m Proxying [POST /element] to [POST http://127.0.0.1:8201/session/2033ac06-ca71-4f8f-9ae6-f068b15350dc/element] with body: {"strategy":"xpath","selector":"//android.view.View/android.widget.ScrollView/android.widget.Button[1]","context":"","multiple":false}
&amp#27;[38;5;32m[AndroidUiautomator2Driver@f6fc (8a4c5d39)]&amp#27;[0m Got response with status 200: {"sessionId":"2033ac06-ca71-4f8f-9ae6-f068b15350dc","value":{"ELEMENT":"00000000-0000-00b4-0000-00c800000003","element-6066-11e4-a52e-4f735466cecf":"00000000-0000-00b4-0000-00c800000003"}}
&amp#27;[38;5;32m[AndroidUiautomator2Driver@f6fc (8a4c5d39)]&amp#27;[0m Responding to client with driver.findElement() result: {"element-6066-11e4-a52e-4f735466cecf":"00000000-0000-00b4-0000-00c800000003","ELEMENT":"00000000-0000-00b4-0000-00c800000003"}
&amp#27;[38;5;0m[HTTP]&amp#27;[0m &amp#27;[37m<-- POST /session/8a4c5d39-9059-4535-92f2-b9cd751f3967/element &amp#27;[39m&amp#27;[32m200&amp#27;[39m &amp#27;[90m810 ms - 137&amp#27;[39m
&amp#27;[38;5;0m[HTTP]&amp#27;[0m &amp#27;[90m&amp#27;[39m
&amp#27;[38;5;0m[HTTP]&amp#27;[0m &amp#27;[37m-->&amp#27;[39m &amp#27;[37mPOST&amp#27;[39m &amp#27;[37m/session/8a4c5d39-9059-4535-92f2-b9cd751f3967/element/00000000-0000-00b4-0000-00c800000003/click&amp#27;[39m
&amp#27;[38;5;0m[HTTP]&amp#27;[0m &amp#27;[90m{"id":"00000000-0000-00b4-0000-00c800000003"}&amp#27;[39m
&amp#27;[38;5;32m[AndroidUiautomator2Driver@f6fc (8a4c5d39)]&amp#27;[0m Calling AppiumDriver.click() with args: ["00000000-0000-00b4-0000-00c800000003","8a4c5d39-9059-4535-92f2-b9cd751f3967"]
&amp#27;[38;5;32m[AndroidUiautomator2Driver@f6fc (8a4c5d39)]&amp#27;[0m Matched '/element/00000000-0000-00b4-0000-00c800000003/click' to command name 'click'
&amp#27;[38;5;32m[AndroidUiautomator2Driver@f6fc (8a4c5d39)]&amp#27;[0m Proxying [POST /element/00000000-0000-00b4-0000-00c800000003/click] to [POST http://127.0.0.1:8201/session/2033ac06-ca71-4f8f-9ae6-f068b15350dc/element/00000000-0000-00b4-0000-00c800000003/click] with body: {"element":"00000000-0000-00b4-0000-00c800000003"}
&amp#27;[38;5;32m[AndroidUiautomator2Driver@f6fc (8a4c5d39)]&amp#27;[0m Got response with status 200: {"sessionId":"2033ac06-ca71-4f8f-9ae6-f068b15350dc","value":null}
&amp#27;[38;5;32m[AndroidUiautomator2Driver@f6fc (8a4c5d39)]&amp#27;[0m Responding to client with driver.click() result: null
&amp#27;[38;5;0m[HTTP]&amp#27;[0m &amp#27;[37m<-- POST /session/8a4c5d39-9059-4535-92f2-b9cd751f3967/element/00000000-0000-00b4-0000-00c800000003/click &amp#27;[39m&amp#27;[32m200&amp#27;[39m &amp#27;[90m62 ms - 14&amp#27;[39m
&amp#27;[38;5;0m[HTTP]&amp#27;[0m &amp#27;[90m&amp#27;[39m
&amp#27;[38;5;0m[HTTP]&amp#27;[0m &amp#27;[37m-->&amp#27;[39m &amp#27;[37mPOST&amp#27;[39m &amp#27;[37m/session/8a4c5d39-9059-4535-92f2-b9cd751f3967/element&amp#27;[39m
&amp#27;[38;5;0m[HTTP]&amp#27;[0m &amp#27;[90m{"value":"//android.view.View[@content-desc=\"B\"]","using":"xpath"}&amp#27;[39m
&amp#27;[38;5;32m[AndroidUiautomator2Driver@f6fc (8a4c5d39)]&amp#27;[0m Calling AppiumDriver.findElement() with args: ["xpath","//android.view.View[@content-desc=\"B\"]","8a4c5d39-9059-4535-92f2-b9cd751f3967"]
&amp#27;[38;5;32m[AndroidUiautomator2Driver@f6fc (8a4c5d39)]&amp#27;[0m Valid locator strategies for this request: xpath, id, class name, accessibility id, css selector, -android uiautomator
&amp#27;[38;5;32m[AndroidUiautomator2Driver@f6fc (8a4c5d39)]&amp#27;[0m Waiting up to 10000 ms for condition
&amp#27;[38;5;32m[AndroidUiautomator2Driver@f6fc (8a4c5d39)]&amp#27;[0m Matched '/element' to command name 'findElement'
&amp#27;[38;5;32m[AndroidUiautomator2Driver@f6fc (8a4c5d39)]&amp#27;[0m Proxying [POST /element] to [POST http://127.0.0.1:8201/session/2033ac06-ca71-4f8f-9ae6-f068b15350dc/element] with body: {"strategy":"xpath","selector":"//android.view.View[@content-desc=\"B\"]","context":"","multiple":false}
&amp#27;[38;5;32m[AndroidUiautomator2Driver@f6fc (8a4c5d39)]&amp#27;[0m Got response with status 404: {"sessionId":"2033ac06-ca71-4f8f-9ae6-f068b15350dc","value":{"error":"no such element","message":"An element could not be located on the page using the given search parameters","stacktrace":"io.appium.uiautomator2.common.exceptions.ElementNotFoundException: An element could not be located on the page using the given search parameters\n\tat io.appium.uiautomator2.utils.ElementLocationHelpers.findElement(ElementLocationHelpers.java:156)\n\tat io.appium.uiautomator2.handler.FindElement.safeHandle(FindElement.java:60)\n\tat io.appium.uiautomator2.handler.request.SafeRequestHandler.handle(SafeRequestHandler.java:59)\n\tat io.appium.uiautomator2.server.AppiumServlet.handleRequest(AppiumServlet.java:277)\n\tat io.appium.uiautomator2.server.AppiumServlet.handleHttpRequest(AppiumServlet.java:271)\n\tat io.appium.uiautomator2.http.ServerHandler.channelRead(ServerHandler.java:77)\n\tat io.netty.channel.AbstractChannelHandlerContext.invokeChannelRead(AbstractChannelHandlerContext.java:366)\n\tat io.netty.channel.Abstr...
&amp#27;[38;5;128m[W3C]&amp#27;[0m Matched W3C error code 'no such element' to NoSuchElementError
&amp#27;[38;5;32m[AndroidUiautomator2Driver@f6fc (8a4c5d39)]&amp#27;[0m Waited for 38 ms so far
&amp#27;[38;5;32m[AndroidUiautomator2Driver@f6fc (8a4c5d39)]&amp#27;[0m Matched '/element' to command name 'findElement'
&amp#27;[38;5;32m[AndroidUiautomator2Driver@f6fc (8a4c5d39)]&amp#27;[0m Proxying [POST /element] to [POST http://127.0.0.1:8201/session/2033ac06-ca71-4f8f-9ae6-f068b15350dc/element] with body: {"strategy":"xpath","selector":"//android.view.View[@content-desc=\"B\"]","context":"","multiple":false}
&amp#27;[38;5;32m[AndroidUiautomator2Driver@f6fc (8a4c5d39)]&amp#27;[0m Got response with status 200: {"sessionId":"2033ac06-ca71-4f8f-9ae6-f068b15350dc","value":{"ELEMENT":"00000000-0000-00b4-0000-00e500000003","element-6066-11e4-a52e-4f735466cecf":"00000000-0000-00b4-0000-00e500000003"}}
&amp#27;[38;5;32m[AndroidUiautomator2Driver@f6fc (8a4c5d39)]&amp#27;[0m Responding to client with driver.findElement() result: {"element-6066-11e4-a52e-4f735466cecf":"00000000-0000-00b4-0000-00e500000003","ELEMENT":"00000000-0000-00b4-0000-00e500000003"}
&amp#27;[38;5;0m[HTTP]&amp#27;[0m &amp#27;[37m<-- POST /session/8a4c5d39-9059-4535-92f2-b9cd751f3967/element &amp#27;[39m&amp#27;[32m200&amp#27;[39m &amp#27;[90m770 ms - 137&amp#27;[39m
&amp#27;[38;5;0m[HTTP]&amp#27;[0m &amp#27;[90m&amp#27;[39m
&amp#27;[38;5;0m[HTTP]&amp#27;[0m &amp#27;[37m-->&amp#27;[39m &amp#27;[37mPOST&amp#27;[39m &amp#27;[37m/session/8a4c5d39-9059-4535-92f2-b9cd751f3967/element/00000000-0000-00b4-0000-00e500000003/click&amp#27;[39m
&amp#27;[38;5;0m[HTTP]&amp#27;[0m &amp#27;[90m{"id":"00000000-0000-00b4-0000-00e500000003"}&amp#27;[39m
&amp#27;[38;5;32m[AndroidUiautomator2Driver@f6fc (8a4c5d39)]&amp#27;[0m Calling AppiumDriver.click() with args: ["00000000-0000-00b4-0000-00e500000003","8a4c5d39-9059-4535-92f2-b9cd751f3967"]
&amp#27;[38;5;32m[AndroidUiautomator2Driver@f6fc (8a4c5d39)]&amp#27;[0m Matched '/element/00000000-0000-00b4-0000-00e500000003/click' to command name 'click'
&amp#27;[38;5;32m[AndroidUiautomator2Driver@f6fc (8a4c5d39)]&amp#27;[0m Proxying [POST /element/00000000-0000-00b4-0000-00e500000003/click] to [POST http://127.0.0.1:8201/session/2033ac06-ca71-4f8f-9ae6-f068b15350dc/element/00000000-0000-00b4-0000-00e500000003/click] with body: {"element":"00000000-0000-00b4-0000-00e500000003"}
&amp#27;[38;5;32m[AndroidUiautomator2Driver@f6fc (8a4c5d39)]&amp#27;[0m Got response with status 200: {"sessionId":"2033ac06-ca71-4f8f-9ae6-f068b15350dc","value":null}
&amp#27;[38;5;32m[AndroidUiautomator2Driver@f6fc (8a4c5d39)]&amp#27;[0m Responding to client with driver.click() result: null
&amp#27;[38;5;0m[HTTP]&amp#27;[0m &amp#27;[37m<-- POST /session/8a4c5d39-9059-4535-92f2-b9cd751f3967/element/00000000-0000-00b4-0000-00e500000003/click &amp#27;[39m&amp#27;[32m200&amp#27;[39m &amp#27;[90m882 ms - 14&amp#27;[39m
&amp#27;[38;5;0m[HTTP]&amp#27;[0m &amp#27;[90m&amp#27;[39m
&amp#27;[38;5;0m[HTTP]&amp#27;[0m &amp#27;[37m-->&amp#27;[39m &amp#27;[37mPOST&amp#27;[39m &amp#27;[37m/session/8a4c5d39-9059-4535-92f2-b9cd751f3967/element&amp#27;[39m
&amp#27;[38;5;0m[HTTP]&amp#27;[0m &amp#27;[90m{"value":"//android.view.View/android.widget.ScrollView/android.widget.Button[2]","using":"xpath"}&amp#27;[39m
&amp#27;[38;5;32m[AndroidUiautomator2Driver@f6fc (8a4c5d39)]&amp#27;[0m Calling AppiumDriver.findElement() with args: ["xpath","//android.view.View/android.widget.ScrollView/android.widget.Button[2]","8a4c5d39-9059-4535-92f2-b9cd751f3967"]
&amp#27;[38;5;32m[AndroidUiautomator2Driver@f6fc (8a4c5d39)]&amp#27;[0m Valid locator strategies for this request: xpath, id, class name, accessibility id, css selector, -android uiautomator
&amp#27;[38;5;32m[AndroidUiautomator2Driver@f6fc (8a4c5d39)]&amp#27;[0m Waiting up to 10000 ms for condition
&amp#27;[38;5;32m[AndroidUiautomator2Driver@f6fc (8a4c5d39)]&amp#27;[0m Matched '/element' to command name 'findElement'
&amp#27;[38;5;32m[AndroidUiautomator2Driver@f6fc (8a4c5d39)]&amp#27;[0m Proxying [POST /element] to [POST http://127.0.0.1:8201/session/2033ac06-ca71-4f8f-9ae6-f068b15350dc/element] with body: {"strategy":"xpath","selector":"//android.view.View/android.widget.ScrollView/android.widget.Button[2]","context":"","multiple":false}
&amp#27;[38;5;32m[AndroidUiautomator2Driver@f6fc (8a4c5d39)]&amp#27;[0m Got response with status 200: {"sessionId":"2033ac06-ca71-4f8f-9ae6-f068b15350dc","value":{"ELEMENT":"00000000-0000-00b4-0000-00ca00000003","element-6066-11e4-a52e-4f735466cecf":"00000000-0000-00b4-0000-00ca00000003"}}
&amp#27;[38;5;32m[AndroidUiautomator2Driver@f6fc (8a4c5d39)]&amp#27;[0m Responding to client with driver.findElement() result: {"element-6066-11e4-a52e-4f735466cecf":"00000000-0000-00b4-0000-00ca00000003","ELEMENT":"00000000-0000-00b4-0000-00ca00000003"}
&amp#27;[38;5;0m[HTTP]&amp#27;[0m &amp#27;[37m<-- POST /session/8a4c5d39-9059-4535-92f2-b9cd751f3967/element &amp#27;[39m&amp#27;[32m200&amp#27;[39m &amp#27;[90m35 ms - 137&amp#27;[39m
&amp#27;[38;5;0m[HTTP]&amp#27;[0m &amp#27;[90m&amp#27;[39m
&amp#27;[38;5;0m[HTTP]&amp#27;[0m &amp#27;[37m-->&amp#27;[39m &amp#27;[37mPOST&amp#27;[39m &amp#27;[37m/session/8a4c5d39-9059-4535-92f2-b9cd751f3967/element/00000000-0000-00b4-0000-00ca00000003/click&amp#27;[39m
&amp#27;[38;5;0m[HTTP]&amp#27;[0m &amp#27;[90m{"id":"00000000-0000-00b4-0000-00ca00000003"}&amp#27;[39m
&amp#27;[38;5;32m[AndroidUiautomator2Driver@f6fc (8a4c5d39)]&amp#27;[0m Calling AppiumDriver.click() with args: ["00000000-0000-00b4-0000-00ca00000003","8a4c5d39-9059-4535-92f2-b9cd751f3967"]
&amp#27;[38;5;32m[AndroidUiautomator2Driver@f6fc (8a4c5d39)]&amp#27;[0m Matched '/element/00000000-0000-00b4-0000-00ca00000003/click' to command name 'click'
&amp#27;[38;5;32m[AndroidUiautomator2Driver@f6fc (8a4c5d39)]&amp#27;[0m Proxying [POST /element/00000000-0000-00b4-0000-00ca00000003/click] to [POST http://127.0.0.1:8201/session/2033ac06-ca71-4f8f-9ae6-f068b15350dc/element/00000000-0000-00b4-0000-00ca00000003/click] with body: {"element":"00000000-0000-00b4-0000-00ca00000003"}
&amp#27;[38;5;32m[AndroidUiautomator2Driver@f6fc (8a4c5d39)]&amp#27;[0m Got response with status 200: {"sessionId":"2033ac06-ca71-4f8f-9ae6-f068b15350dc","value":null}
&amp#27;[38;5;32m[AndroidUiautomator2Driver@f6fc (8a4c5d39)]&amp#27;[0m Responding to client with driver.click() result: null
&amp#27;[38;5;0m[HTTP]&amp#27;[0m &amp#27;[37m<-- POST /session/8a4c5d39-9059-4535-92f2-b9cd751f3967/element/00000000-0000-00b4-0000-00ca00000003/click &amp#27;[39m&amp#27;[32m200&amp#27;[39m &amp#27;[90m90 ms - 14&amp#27;[39m
&amp#27;[38;5;0m[HTTP]&amp#27;[0m &amp#27;[90m&amp#27;[39m
&amp#27;[38;5;0m[HTTP]&amp#27;[0m &amp#27;[37m-->&amp#27;[39m &amp#27;[37mPOST&amp#27;[39m &amp#27;[37m/session/8a4c5d39-9059-4535-92f2-b9cd751f3967/element&amp#27;[39m
&amp#27;[38;5;0m[HTTP]&amp#27;[0m &amp#27;[90m{"value":"//android.view.View[@content-desc=\"C\"]","using":"xpath"}&amp#27;[39m
&amp#27;[38;5;32m[AndroidUiautomator2Driver@f6fc (8a4c5d39)]&amp#27;[0m Calling AppiumDriver.findElement() with args: ["xpath","//android.view.View[@content-desc=\"C\"]","8a4c5d39-9059-4535-92f2-b9cd751f3967"]
&amp#27;[38;5;32m[AndroidUiautomator2Driver@f6fc (8a4c5d39)]&amp#27;[0m Valid locator strategies for this request: xpath, id, class name, accessibility id, css selector, -android uiautomator
&amp#27;[38;5;32m[AndroidUiautomator2Driver@f6fc (8a4c5d39)]&amp#27;[0m Waiting up to 10000 ms for condition
&amp#27;[38;5;32m[AndroidUiautomator2Driver@f6fc (8a4c5d39)]&amp#27;[0m Matched '/element' to command name 'findElement'
&amp#27;[38;5;32m[AndroidUiautomator2Driver@f6fc (8a4c5d39)]&amp#27;[0m Proxying [POST /element] to [POST http://127.0.0.1:8201/session/2033ac06-ca71-4f8f-9ae6-f068b15350dc/element] with body: {"strategy":"xpath","selector":"//android.view.View[@content-desc=\"C\"]","context":"","multiple":false}
&amp#27;[38;5;32m[AndroidUiautomator2Driver@f6fc (8a4c5d39)]&amp#27;[0m Got response with status 200: {"sessionId":"2033ac06-ca71-4f8f-9ae6-f068b15350dc","value":{"ELEMENT":"00000000-0000-00b4-0000-00ee00000003","element-6066-11e4-a52e-4f735466cecf":"00000000-0000-00b4-0000-00ee00000003"}}
&amp#27;[38;5;32m[AndroidUiautomator2Driver@f6fc (8a4c5d39)]&amp#27;[0m Responding to client with driver.findElement() result: {"element-6066-11e4-a52e-4f735466cecf":"00000000-0000-00b4-0000-00ee00000003","ELEMENT":"00000000-0000-00b4-0000-00ee00000003"}
&amp#27;[38;5;0m[HTTP]&amp#27;[0m &amp#27;[37m<-- POST /session/8a4c5d39-9059-4535-92f2-b9cd751f3967/element &amp#27;[39m&amp#27;[32m200&amp#27;[39m &amp#27;[90m781 ms - 137&amp#27;[39m
&amp#27;[38;5;0m[HTTP]&amp#27;[0m &amp#27;[90m&amp#27;[39m
&amp#27;[38;5;0m[HTTP]&amp#27;[0m &amp#27;[37m-->&amp#27;[39m &amp#27;[37mPOST&amp#27;[39m &amp#27;[37m/session/8a4c5d39-9059-4535-92f2-b9cd751f3967/element/00000000-0000-00b4-0000-00ee00000003/click&amp#27;[39m
&amp#27;[38;5;0m[HTTP]&amp#27;[0m &amp#27;[90m{"id":"00000000-0000-00b4-0000-00ee00000003"}&amp#27;[39m
&amp#27;[38;5;32m[AndroidUiautomator2Driver@f6fc (8a4c5d39)]&amp#27;[0m Calling AppiumDriver.click() with args: ["00000000-0000-00b4-0000-00ee00000003","8a4c5d39-9059-4535-92f2-b9cd751f3967"]
&amp#27;[38;5;32m[AndroidUiautomator2Driver@f6fc (8a4c5d39)]&amp#27;[0m Matched '/element/00000000-0000-00b4-0000-00ee00000003/click' to command name 'click'
&amp#27;[38;5;32m[AndroidUiautomator2Driver@f6fc (8a4c5d39)]&amp#27;[0m Proxying [POST /element/00000000-0000-00b4-0000-00ee00000003/click] to [POST http://127.0.0.1:8201/session/2033ac06-ca71-4f8f-9ae6-f068b15350dc/element/00000000-0000-00b4-0000-00ee00000003/click] with body: {"element":"00000000-0000-00b4-0000-00ee00000003"}
&amp#27;[38;5;32m[AndroidUiautomator2Driver@f6fc (8a4c5d39)]&amp#27;[0m Got response with status 200: {"sessionId":"2033ac06-ca71-4f8f-9ae6-f068b15350dc","value":null}
&amp#27;[38;5;32m[AndroidUiautomator2Driver@f6fc (8a4c5d39)]&amp#27;[0m Responding to client with driver.click() result: null
&amp#27;[38;5;0m[HTTP]&amp#27;[0m &amp#27;[37m<-- POST /session/8a4c5d39-9059-4535-92f2-b9cd751f3967/element/00000000-0000-00b4-0000-00ee00000003/click &amp#27;[39m&amp#27;[32m200&amp#27;[39m &amp#27;[90m912 ms - 14&amp#27;[39m
&amp#27;[38;5;0m[HTTP]&amp#27;[0m &amp#27;[90m&amp#27;[39m
&amp#27;[38;5;0m[HTTP]&amp#27;[0m &amp#27;[37m-->&amp#27;[39m &amp#27;[37mPOST&amp#27;[39m &amp#27;[37m/session/8a4c5d39-9059-4535-92f2-b9cd751f3967/element&amp#27;[39m
&amp#27;[38;5;0m[HTTP]&amp#27;[0m &amp#27;[90m{"value":"//android.view.View/android.widget.ScrollView/android.widget.Button[4]","using":"xpath"}&amp#27;[39m
&amp#27;[38;5;32m[AndroidUiautomator2Driver@f6fc (8a4c5d39)]&amp#27;[0m Calling AppiumDriver.findElement() with args: ["xpath","//android.view.View/android.widget.ScrollView/android.widget.Button[4]","8a4c5d39-9059-4535-92f2-b9cd751f3967"]
&amp#27;[38;5;32m[AndroidUiautomator2Driver@f6fc (8a4c5d39)]&amp#27;[0m Valid locator strategies for this request: xpath, id, class name, accessibility id, css selector, -android uiautomator
&amp#27;[38;5;32m[AndroidUiautomator2Driver@f6fc (8a4c5d39)]&amp#27;[0m Waiting up to 10000 ms for condition
&amp#27;[38;5;32m[AndroidUiautomator2Driver@f6fc (8a4c5d39)]&amp#27;[0m Matched '/element' to command name 'findElement'
&amp#27;[38;5;32m[AndroidUiautomator2Driver@f6fc (8a4c5d39)]&amp#27;[0m Proxying [POST /element] to [POST http://127.0.0.1:8201/session/2033ac06-ca71-4f8f-9ae6-f068b15350dc/element] with body: {"strategy":"xpath","selector":"//android.view.View/android.widget.ScrollView/android.widget.Button[4]","context":"","multiple":false}
&amp#27;[38;5;32m[AndroidUiautomator2Driver@f6fc (8a4c5d39)]&amp#27;[0m Got response with status 200: {"sessionId":"2033ac06-ca71-4f8f-9ae6-f068b15350dc","value":{"ELEMENT":"00000000-0000-00b4-0000-00ce00000003","element-6066-11e4-a52e-4f735466cecf":"00000000-0000-00b4-0000-00ce00000003"}}
&amp#27;[38;5;32m[AndroidUiautomator2Driver@f6fc (8a4c5d39)]&amp#27;[0m Responding to client with driver.findElement() result: {"element-6066-11e4-a52e-4f735466cecf":"00000000-0000-00b4-0000-00ce00000003","ELEMENT":"00000000-0000-00b4-0000-00ce00000003"}
&amp#27;[38;5;0m[HTTP]&amp#27;[0m &amp#27;[37m<-- POST /session/8a4c5d39-9059-4535-92f2-b9cd751f3967/element &amp#27;[39m&amp#27;[32m200&amp#27;[39m &amp#27;[90m41 ms - 137&amp#27;[39m
&amp#27;[38;5;0m[HTTP]&amp#27;[0m &amp#27;[90m&amp#27;[39m
&amp#27;[38;5;0m[HTTP]&amp#27;[0m &amp#27;[37m-->&amp#27;[39m &amp#27;[37mPOST&amp#27;[39m &amp#27;[37m/session/8a4c5d39-9059-4535-92f2-b9cd751f3967/element/00000000-0000-00b4-0000-00ce00000003/click&amp#27;[39m
&amp#27;[38;5;0m[HTTP]&amp#27;[0m &amp#27;[90m{"id":"00000000-0000-00b4-0000-00ce00000003"}&amp#27;[39m
&amp#27;[38;5;32m[AndroidUiautomator2Driver@f6fc (8a4c5d39)]&amp#27;[0m Calling AppiumDriver.click() with args: ["00000000-0000-00b4-0000-00ce00000003","8a4c5d39-9059-4535-92f2-b9cd751f3967"]
&amp#27;[38;5;32m[AndroidUiautomator2Driver@f6fc (8a4c5d39)]&amp#27;[0m Matched '/element/00000000-0000-00b4-0000-00ce00000003/click' to command name 'click'
&amp#27;[38;5;32m[AndroidUiautomator2Driver@f6fc (8a4c5d39)]&amp#27;[0m Proxying [POST /element/00000000-0000-00b4-0000-00ce00000003/click] to [POST http://127.0.0.1:8201/session/2033ac06-ca71-4f8f-9ae6-f068b15350dc/element/00000000-0000-00b4-0000-00ce00000003/click] with body: {"element":"00000000-0000-00b4-0000-00ce00000003"}
&amp#27;[38;5;32m[AndroidUiautomator2Driver@f6fc (8a4c5d39)]&amp#27;[0m Got response with status 200: {"sessionId":"2033ac06-ca71-4f8f-9ae6-f068b15350dc","value":null}
&amp#27;[38;5;32m[AndroidUiautomator2Driver@f6fc (8a4c5d39)]&amp#27;[0m Responding to client with driver.click() result: null
&amp#27;[38;5;0m[HTTP]&amp#27;[0m &amp#27;[37m<-- POST /session/8a4c5d39-9059-4535-92f2-b9cd751f3967/element/00000000-0000-00b4-0000-00ce00000003/click &amp#27;[39m&amp#27;[32m200&amp#27;[39m &amp#27;[90m576 ms - 14&amp#27;[39m
&amp#27;[38;5;0m[HTTP]&amp#27;[0m &amp#27;[90m&amp#27;[39m
&amp#27;[38;5;0m[HTTP]&amp#27;[0m &amp#27;[37m-->&amp#27;[39m &amp#27;[37mPOST&amp#27;[39m &amp#27;[37m/session/8a4c5d39-9059-4535-92f2-b9cd751f3967/element&amp#27;[39m
&amp#27;[38;5;0m[HTTP]&amp#27;[0m &amp#27;[90m{"value":"//android.view.View/android.widget.ScrollView/android.widget.Button[4]","using":"xpath"}&amp#27;[39m
&amp#27;[38;5;32m[AndroidUiautomator2Driver@f6fc (8a4c5d39)]&amp#27;[0m Calling AppiumDriver.findElement() with args: ["xpath","//android.view.View/android.widget.ScrollView/android.widget.Button[4]","8a4c5d39-9059-4535-92f2-b9cd751f3967"]
&amp#27;[38;5;32m[AndroidUiautomator2Driver@f6fc (8a4c5d39)]&amp#27;[0m Valid locator strategies for this request: xpath, id, class name, accessibility id, css selector, -android uiautomator
&amp#27;[38;5;32m[AndroidUiautomator2Driver@f6fc (8a4c5d39)]&amp#27;[0m Waiting up to 10000 ms for condition
&amp#27;[38;5;32m[AndroidUiautomator2Driver@f6fc (8a4c5d39)]&amp#27;[0m Matched '/element' to command name 'findElement'
&amp#27;[38;5;32m[AndroidUiautomator2Driver@f6fc (8a4c5d39)]&amp#27;[0m Proxying [POST /element] to [POST http://127.0.0.1:8201/session/2033ac06-ca71-4f8f-9ae6-f068b15350dc/element] with body: {"strategy":"xpath","selector":"//android.view.View/android.widget.ScrollView/android.widget.Button[4]","context":"","multiple":false}
&amp#27;[38;5;32m[AndroidUiautomator2Driver@f6fc (8a4c5d39)]&amp#27;[0m Got response with status 200: {"sessionId":"2033ac06-ca71-4f8f-9ae6-f068b15350dc","value":{"ELEMENT":"00000000-0000-00b4-0000-00ce00000003","element-6066-11e4-a52e-4f735466cecf":"00000000-0000-00b4-0000-00ce00000003"}}
&amp#27;[38;5;32m[AndroidUiautomator2Driver@f6fc (8a4c5d39)]&amp#27;[0m Responding to client with driver.findElement() result: {"element-6066-11e4-a52e-4f735466cecf":"00000000-0000-00b4-0000-00ce00000003","ELEMENT":"00000000-0000-00b4-0000-00ce00000003"}
&amp#27;[38;5;0m[HTTP]&amp#27;[0m &amp#27;[37m<-- POST /session/8a4c5d39-9059-4535-92f2-b9cd751f3967/element &amp#27;[39m&amp#27;[32m200&amp#27;[39m &amp#27;[90m48 ms - 137&amp#27;[39m
&amp#27;[38;5;0m[HTTP]&amp#27;[0m &amp#27;[90m&amp#27;[39m
&amp#27;[38;5;0m[HTTP]&amp#27;[0m &amp#27;[37m-->&amp#27;[39m &amp#27;[37mPOST&amp#27;[39m &amp#27;[37m/session/8a4c5d39-9059-4535-92f2-b9cd751f3967/element/00000000-0000-00b4-0000-00ce00000003/click&amp#27;[39m
&amp#27;[38;5;0m[HTTP]&amp#27;[0m &amp#27;[90m{"id":"00000000-0000-00b4-0000-00ce00000003"}&amp#27;[39m
&amp#27;[38;5;32m[AndroidUiautomator2Driver@f6fc (8a4c5d39)]&amp#27;[0m Calling AppiumDriver.click() with args: ["00000000-0000-00b4-0000-00ce00000003","8a4c5d39-9059-4535-92f2-b9cd751f3967"]
&amp#27;[38;5;32m[AndroidUiautomator2Driver@f6fc (8a4c5d39)]&amp#27;[0m Matched '/element/00000000-0000-00b4-0000-00ce00000003/click' to command name 'click'
&amp#27;[38;5;32m[AndroidUiautomator2Driver@f6fc (8a4c5d39)]&amp#27;[0m Proxying [POST /element/00000000-0000-00b4-0000-00ce00000003/click] to [POST http://127.0.0.1:8201/session/2033ac06-ca71-4f8f-9ae6-f068b15350dc/element/00000000-0000-00b4-0000-00ce00000003/click] with body: {"element":"00000000-0000-00b4-0000-00ce00000003"}
&amp#27;[38;5;32m[AndroidUiautomator2Driver@f6fc (8a4c5d39)]&amp#27;[0m Got response with status 200: {"sessionId":"2033ac06-ca71-4f8f-9ae6-f068b15350dc","value":null}
&amp#27;[38;5;32m[AndroidUiautomator2Driver@f6fc (8a4c5d39)]&amp#27;[0m Responding to client with driver.click() result: null
&amp#27;[38;5;0m[HTTP]&amp#27;[0m &amp#27;[37m<-- POST /session/8a4c5d39-9059-4535-92f2-b9cd751f3967/element/00000000-0000-00b4-0000-00ce00000003/click &amp#27;[39m&amp#27;[32m200&amp#27;[39m &amp#27;[90m592 ms - 14&amp#27;[39m
&amp#27;[38;5;0m[HTTP]&amp#27;[0m &amp#27;[90m&amp#27;[39m
&amp#27;[38;5;0m[HTTP]&amp#27;[0m &amp#27;[37m-->&amp#27;[39m &amp#27;[37mPOST&amp#27;[39m &amp#27;[37m/session/8a4c5d39-9059-4535-92f2-b9cd751f3967/element&amp#27;[39m
&amp#27;[38;5;0m[HTTP]&amp#27;[0m &amp#27;[90m{"value":"//android.view.View/android.widget.ScrollView/android.widget.Button[3]","using":"xpath"}&amp#27;[39m
&amp#27;[38;5;32m[AndroidUiautomator2Driver@f6fc (8a4c5d39)]&amp#27;[0m Calling AppiumDriver.findElement() with args: ["xpath","//android.view.View/android.widget.ScrollView/android.widget.Button[3]","8a4c5d39-9059-4535-92f2-b9cd751f3967"]
&amp#27;[38;5;32m[AndroidUiautomator2Driver@f6fc (8a4c5d39)]&amp#27;[0m Valid locator strategies for this request: xpath, id, class name, accessibility id, css selector, -android uiautomator
&amp#27;[38;5;32m[AndroidUiautomator2Driver@f6fc (8a4c5d39)]&amp#27;[0m Waiting up to 10000 ms for condition
&amp#27;[38;5;32m[AndroidUiautomator2Driver@f6fc (8a4c5d39)]&amp#27;[0m Matched '/element' to command name 'findElement'
&amp#27;[38;5;32m[AndroidUiautomator2Driver@f6fc (8a4c5d39)]&amp#27;[0m Proxying [POST /element] to [POST http://127.0.0.1:8201/session/2033ac06-ca71-4f8f-9ae6-f068b15350dc/element] with body: {"strategy":"xpath","selector":"//android.view.View/android.widget.ScrollView/android.widget.Button[3]","context":"","multiple":false}
&amp#27;[38;5;32m[AndroidUiautomator2Driver@f6fc (8a4c5d39)]&amp#27;[0m Got response with status 200: {"sessionId":"2033ac06-ca71-4f8f-9ae6-f068b15350dc","value":{"ELEMENT":"00000000-0000-00b4-0000-00cc00000003","element-6066-11e4-a52e-4f735466cecf":"00000000-0000-00b4-0000-00cc00000003"}}
&amp#27;[38;5;32m[AndroidUiautomator2Driver@f6fc (8a4c5d39)]&amp#27;[0m Responding to client with driver.findElement() result: {"element-6066-11e4-a52e-4f735466cecf":"00000000-0000-00b4-0000-00cc00000003","ELEMENT":"00000000-0000-00b4-0000-00cc00000003"}
&amp#27;[38;5;0m[HTTP]&amp#27;[0m &amp#27;[37m<-- POST /session/8a4c5d39-9059-4535-92f2-b9cd751f3967/element &amp#27;[39m&amp#27;[32m200&amp#27;[39m &amp#27;[90m42 ms - 137&amp#27;[39m
&amp#27;[38;5;0m[HTTP]&amp#27;[0m &amp#27;[90m&amp#27;[39m
&amp#27;[38;5;0m[HTTP]&amp#27;[0m &amp#27;[37m-->&amp#27;[39m &amp#27;[37mPOST&amp#27;[39m &amp#27;[37m/session/8a4c5d39-9059-4535-92f2-b9cd751f3967/element/00000000-0000-00b4-0000-00cc00000003/click&amp#27;[39m
&amp#27;[38;5;0m[HTTP]&amp#27;[0m &amp#27;[90m{"id":"00000000-0000-00b4-0000-00cc00000003"}&amp#27;[39m
&amp#27;[38;5;32m[AndroidUiautomator2Driver@f6fc (8a4c5d39)]&amp#27;[0m Calling AppiumDriver.click() with args: ["00000000-0000-00b4-0000-00cc00000003","8a4c5d39-9059-4535-92f2-b9cd751f3967"]
&amp#27;[38;5;32m[AndroidUiautomator2Driver@f6fc (8a4c5d39)]&amp#27;[0m Matched '/element/00000000-0000-00b4-0000-00cc00000003/click' to command name 'click'
&amp#27;[38;5;32m[AndroidUiautomator2Driver@f6fc (8a4c5d39)]&amp#27;[0m Proxying [POST /element/00000000-0000-00b4-0000-00cc00000003/click] to [POST http://127.0.0.1:8201/session/2033ac06-ca71-4f8f-9ae6-f068b15350dc/element/00000000-0000-00b4-0000-00cc00000003/click] with body: {"element":"00000000-0000-00b4-0000-00cc00000003"}
&amp#27;[38;5;32m[AndroidUiautomator2Driver@f6fc (8a4c5d39)]&amp#27;[0m Got response with status 200: {"sessionId":"2033ac06-ca71-4f8f-9ae6-f068b15350dc","value":null}
&amp#27;[38;5;32m[AndroidUiautomator2Driver@f6fc (8a4c5d39)]&amp#27;[0m Responding to client with driver.click() result: null
&amp#27;[38;5;0m[HTTP]&amp#27;[0m &amp#27;[37m<-- POST /session/8a4c5d39-9059-4535-92f2-b9cd751f3967/element/00000000-0000-00b4-0000-00cc00000003/click &amp#27;[39m&amp#27;[32m200&amp#27;[39m &amp#27;[90m580 ms - 14&amp#27;[39m
&amp#27;[38;5;0m[HTTP]&amp#27;[0m &amp#27;[90m&amp#27;[39m
&amp#27;[38;5;0m[HTTP]&amp#27;[0m &amp#27;[37m-->&amp#27;[39m &amp#27;[37mPOST&amp#27;[39m &amp#27;[37m/session/8a4c5d39-9059-4535-92f2-b9cd751f3967/execute/sync&amp#27;[39m
&amp#27;[38;5;0m[HTTP]&amp#27;[0m &amp#27;[90m{"args":[{"width":200,"top":100,"left":100,"percent":3,"height":200,"direction":"down"}],"script":"mobile: scrollGesture"}&amp#27;[39m
&amp#27;[38;5;32m[AndroidUiautomator2Driver@f6fc (8a4c5d39)]&amp#27;[0m Calling AppiumDriver.execute() with args: ["mobile: scrollGesture",[{"width":200,"top":100,"left":100,"percent":3,"height":200,"direction":"down"}],"8a4c5d39-9059-4535-92f2-b9cd751f3967"]
&amp#27;[38;5;32m[AndroidUiautomator2Driver@f6fc (8a4c5d39)]&amp#27;[0m Executing method 'mobile: scrollGesture'
&amp#27;[38;5;32m[AndroidUiautomator2Driver@f6fc (8a4c5d39)]&amp#27;[0m Proxying [POST /appium/gestures/scroll] to [POST http://127.0.0.1:8201/session/2033ac06-ca71-4f8f-9ae6-f068b15350dc/appium/gestures/scroll] with body: {"area":{"left":100,"top":100,"width":200,"height":200},"direction":"down","percent":3}
&amp#27;[38;5;0m[HTTP]&amp#27;[0m &amp#27;[37m-->&amp#27;[39m &amp#27;[37mGET&amp#27;[39m &amp#27;[37m/session/fe1e5e56-571c-4eb6-898d-5d5d3bd3a4b3/timeouts&amp#27;[39m
&amp#27;[38;5;0m[HTTP]&amp#27;[0m &amp#27;[90m{}&amp#27;[39m
&amp#27;[38;5;16m[AppiumDriver@b18f]&amp#27;[0m Encountered internal error running command: NoSuchDriverError: A session is either terminated or not started
&amp#27;[38;5;16m[AppiumDriver@b18f]&amp#27;[0m     at asyncHandler (C:\Users\Kvp\AppData\Roaming\npm\node_modules\appium\node_modules\@appium\base-driver\lib\protocol\protocol.js:315:15)
&amp#27;[38;5;16m[AppiumDriver@b18f]&amp#27;[0m     at C:\Users\Kvp\AppData\Roaming\npm\node_modules\appium\node_modules\@appium\base-driver\lib\protocol\protocol.js:518:15
&amp#27;[38;5;16m[AppiumDriver@b18f]&amp#27;[0m     at Layer.handle [as handle_request] (C:\Users\Kvp\AppData\Roaming\npm\node_modules\appium\node_modules\express\lib\router\layer.js:95:5)
&amp#27;[38;5;16m[AppiumDriver@b18f]&amp#27;[0m     at next (C:\Users\Kvp\AppData\Roaming\npm\node_modules\appium\node_modules\express\lib\router\route.js:144:13)
&amp#27;[38;5;16m[AppiumDriver@b18f]&amp#27;[0m     at Route.dispatch (C:\Users\Kvp\AppData\Roaming\npm\node_modules\appium\node_modules\express\lib\router\route.js:114:3)
&amp#27;[38;5;16m[AppiumDriver@b18f]&amp#27;[0m     at Layer.handle [as handle_request] (C:\Users\Kvp\AppData\Roaming\npm\node_modules\appium\node_modules\express\lib\router\layer.js:95:5)
&amp#27;[38;5;16m[AppiumDriver@b18f]&amp#27;[0m     at C:\Users\Kvp\AppData\Roaming\npm\node_modules\appium\node_modules\express\lib\router\index.js:284:15
&amp#27;[38;5;16m[AppiumDriver@b18f]&amp#27;[0m     at param (C:\Users\Kvp\AppData\Roaming\npm\node_modules\appium\node_modules\express\lib\router\index.js:365:14)
&amp#27;[38;5;16m[AppiumDriver@b18f]&amp#27;[0m     at param (C:\Users\Kvp\AppData\Roaming\npm\node_modules\appium\node_modules\express\lib\router\index.js:376:14)
&amp#27;[38;5;16m[AppiumDriver@b18f]&amp#27;[0m     at Function.process_params (C:\Users\Kvp\AppData\Roaming\npm\node_modules\appium\node_modules\express\lib\router\index.js:421:3)
&amp#27;[38;5;16m[AppiumDriver@b18f]&amp#27;[0m     at next (C:\Users\Kvp\AppData\Roaming\npm\node_modules\appium\node_modules\express\lib\router\index.js:280:10)
&amp#27;[38;5;16m[AppiumDriver@b18f]&amp#27;[0m     at logger (C:\Users\Kvp\AppData\Roaming\npm\node_modules\appium\node_modules\morgan\index.js:144:5)
&amp#27;[38;5;16m[AppiumDriver@b18f]&amp#27;[0m     at Layer.handle [as handle_request] (C:\Users\Kvp\AppData\Roaming\npm\node_modules\appium\node_modules\express\lib\router\layer.js:95:5)
&amp#27;[38;5;16m[AppiumDriver@b18f]&amp#27;[0m     at trim_prefix (C:\Users\Kvp\AppData\Roaming\npm\node_modules\appium\node_modules\express\lib\router\index.js:328:13)
&amp#27;[38;5;16m[AppiumDriver@b18f]&amp#27;[0m     at C:\Users\Kvp\AppData\Roaming\npm\node_modules\appium\node_modules\express\lib\router\index.js:286:9
&amp#27;[38;5;16m[AppiumDriver@b18f]&amp#27;[0m     at Function.process_params (C:\Users\Kvp\AppData\Roaming\npm\node_modules\appium\node_modules\express\lib\router\index.js:346:12)
&amp#27;[38;5;16m[AppiumDriver@b18f]&amp#27;[0m     at next (C:\Users\Kvp\AppData\Roaming\npm\node_modules\appium\node_modules\express\lib\router\index.js:280:10)
&amp#27;[38;5;16m[AppiumDriver@b18f]&amp#27;[0m     at jsonParser (C:\Users\Kvp\AppData\Roaming\npm\node_modules\appium\node_modules\body-parser\lib\types\json.js:113:7)
&amp#27;[38;5;16m[AppiumDriver@b18f]&amp#27;[0m     at Layer.handle [as handle_request] (C:\Users\Kvp\AppData\Roaming\npm\node_modules\appium\node_modules\express\lib\router\layer.js:95:5)
&amp#27;[38;5;16m[AppiumDriver@b18f]&amp#27;[0m     at trim_prefix (C:\Users\Kvp\AppData\Roaming\npm\node_modules\appium\node_modules\express\lib\router\index.js:328:13)
&amp#27;[38;5;16m[AppiumDriver@b18f]&amp#27;[0m     at C:\Users\Kvp\AppData\Roaming\npm\node_modules\appium\node_modules\express\lib\router\index.js:286:9
&amp#27;[38;5;16m[AppiumDriver@b18f]&amp#27;[0m     at Function.process_params (C:\Users\Kvp\AppData\Roaming\npm\node_modules\appium\node_modules\express\lib\router\index.js:346:12)
&amp#27;[38;5;0m[HTTP]&amp#27;[0m &amp#27;[37m<-- GET /session/fe1e5e56-571c-4eb6-898d-5d5d3bd3a4b3/timeouts &amp#27;[39m&amp#27;[33m404&amp#27;[39m &amp#27;[90m5 ms - 3187&amp#27;[39m
&amp#27;[38;5;0m[HTTP]&amp#27;[0m &amp#27;[90m&amp#27;[39m
&amp#27;[38;5;32m[AndroidUiautomator2Driver@f6fc (8a4c5d39)]&amp#27;[0m Got response with status 200: {"sessionId":"2033ac06-ca71-4f8f-9ae6-f068b15350dc","value":true}
&amp#27;[38;5;32m[AndroidUiautomator2Driver@f6fc (8a4c5d39)]&amp#27;[0m Responding to client with driver.execute() result: true
&amp#27;[38;5;0m[HTTP]&amp#27;[0m &amp#27;[37m<-- POST /session/8a4c5d39-9059-4535-92f2-b9cd751f3967/execute/sync &amp#27;[39m&amp#27;[32m200&amp#27;[39m &amp#27;[90m4479 ms - 14&amp#27;[39m
&amp#27;[38;5;0m[HTTP]&amp#27;[0m &amp#27;[90m&amp#27;[39m
&amp#27;[38;5;0m[HTTP]&amp#27;[0m &amp#27;[37m-->&amp#27;[39m &amp#27;[37mPOST&amp#27;[39m &amp#27;[37m/session/8a4c5d39-9059-4535-92f2-b9cd751f3967/element&amp#27;[39m
&amp#27;[38;5;0m[HTTP]&amp#27;[0m &amp#27;[90m{"value":"//android.view.View/android.widget.ScrollView/android.widget.Button[5]","using":"xpath"}&amp#27;[39m
&amp#27;[38;5;32m[AndroidUiautomator2Driver@f6fc (8a4c5d39)]&amp#27;[0m Calling AppiumDriver.findElement() with args: ["xpath","//android.view.View/android.widget.ScrollView/android.widget.Button[5]","8a4c5d39-9059-4535-92f2-b9cd751f3967"]
&amp#27;[38;5;32m[AndroidUiautomator2Driver@f6fc (8a4c5d39)]&amp#27;[0m Valid locator strategies for this request: xpath, id, class name, accessibility id, css selector, -android uiautomator
&amp#27;[38;5;32m[AndroidUiautomator2Driver@f6fc (8a4c5d39)]&amp#27;[0m Waiting up to 10000 ms for condition
&amp#27;[38;5;32m[AndroidUiautomator2Driver@f6fc (8a4c5d39)]&amp#27;[0m Matched '/element' to command name 'findElement'
&amp#27;[38;5;32m[AndroidUiautomator2Driver@f6fc (8a4c5d39)]&amp#27;[0m Proxying [POST /element] to [POST http://127.0.0.1:8201/session/2033ac06-ca71-4f8f-9ae6-f068b15350dc/element] with body: {"strategy":"xpath","selector":"//android.view.View/android.widget.ScrollView/android.widget.Button[5]","context":"","multiple":false}
&amp#27;[38;5;32m[AndroidUiautomator2Driver@f6fc (8a4c5d39)]&amp#27;[0m Got response with status 200: {"sessionId":"2033ac06-ca71-4f8f-9ae6-f068b15350dc","value":{"ELEMENT":"00000000-0000-00b4-0000-00d000000003","element-6066-11e4-a52e-4f735466cecf":"00000000-0000-00b4-0000-00d000000003"}}
&amp#27;[38;5;32m[AndroidUiautomator2Driver@f6fc (8a4c5d39)]&amp#27;[0m Responding to client with driver.findElement() result: {"element-6066-11e4-a52e-4f735466cecf":"00000000-0000-00b4-0000-00d000000003","ELEMENT":"00000000-0000-00b4-0000-00d000000003"}
&amp#27;[38;5;0m[HTTP]&amp#27;[0m &amp#27;[37m<-- POST /session/8a4c5d39-9059-4535-92f2-b9cd751f3967/element &amp#27;[39m&amp#27;[32m200&amp#27;[39m &amp#27;[90m45 ms - 137&amp#27;[39m
&amp#27;[38;5;0m[HTTP]&amp#27;[0m &amp#27;[90m&amp#27;[39m
&amp#27;[38;5;0m[HTTP]&amp#27;[0m &amp#27;[37m-->&amp#27;[39m &amp#27;[37mPOST&amp#27;[39m &amp#27;[37m/session/8a4c5d39-9059-4535-92f2-b9cd751f3967/element/00000000-0000-00b4-0000-00d000000003/click&amp#27;[39m
&amp#27;[38;5;0m[HTTP]&amp#27;[0m &amp#27;[90m{"id":"00000000-0000-00b4-0000-00d000000003"}&amp#27;[39m
&amp#27;[38;5;32m[AndroidUiautomator2Driver@f6fc (8a4c5d39)]&amp#27;[0m Calling AppiumDriver.click() with args: ["00000000-0000-00b4-0000-00d000000003","8a4c5d39-9059-4535-92f2-b9cd751f3967"]
&amp#27;[38;5;32m[AndroidUiautomator2Driver@f6fc (8a4c5d39)]&amp#27;[0m Matched '/element/00000000-0000-00b4-0000-00d000000003/click' to command name 'click'
&amp#27;[38;5;32m[AndroidUiautomator2Driver@f6fc (8a4c5d39)]&amp#27;[0m Proxying [POST /element/00000000-0000-00b4-0000-00d000000003/click] to [POST http://127.0.0.1:8201/session/2033ac06-ca71-4f8f-9ae6-f068b15350dc/element/00000000-0000-00b4-0000-00d000000003/click] with body: {"element":"00000000-0000-00b4-0000-00d000000003"}
&amp#27;[38;5;32m[AndroidUiautomator2Driver@f6fc (8a4c5d39)]&amp#27;[0m Got response with status 200: {"sessionId":"2033ac06-ca71-4f8f-9ae6-f068b15350dc","value":null}
&amp#27;[38;5;32m[AndroidUiautomator2Driver@f6fc (8a4c5d39)]&amp#27;[0m Responding to client with driver.click() result: null
&amp#27;[38;5;0m[HTTP]&amp#27;[0m &amp#27;[37m<-- POST /session/8a4c5d39-9059-4535-92f2-b9cd751f3967/element/00000000-0000-00b4-0000-00d000000003/click &amp#27;[39m&amp#27;[32m200&amp#27;[39m &amp#27;[90m63 ms - 14&amp#27;[39m
&amp#27;[38;5;0m[HTTP]&amp#27;[0m &amp#27;[90m&amp#27;[39m
&amp#27;[38;5;0m[HTTP]&amp#27;[0m &amp#27;[37m-->&amp#27;[39m &amp#27;[37mPOST&amp#27;[39m &amp#27;[37m/session/8a4c5d39-9059-4535-92f2-b9cd751f3967/element&amp#27;[39m
&amp#27;[38;5;0m[HTTP]&amp#27;[0m &amp#27;[90m{"value":"//android.view.View[@content-desc=\"A\"]","using":"xpath"}&amp#27;[39m
&amp#27;[38;5;32m[AndroidUiautomator2Driver@f6fc (8a4c5d39)]&amp#27;[0m Calling AppiumDriver.findElement() with args: ["xpath","//android.view.View[@content-desc=\"A\"]","8a4c5d39-9059-4535-92f2-b9cd751f3967"]
&amp#27;[38;5;32m[AndroidUiautomator2Driver@f6fc (8a4c5d39)]&amp#27;[0m Valid locator strategies for this request: xpath, id, class name, accessibility id, css selector, -android uiautomator
&amp#27;[38;5;32m[AndroidUiautomator2Driver@f6fc (8a4c5d39)]&amp#27;[0m Waiting up to 10000 ms for condition
&amp#27;[38;5;32m[AndroidUiautomator2Driver@f6fc (8a4c5d39)]&amp#27;[0m Matched '/element' to command name 'findElement'
&amp#27;[38;5;32m[AndroidUiautomator2Driver@f6fc (8a4c5d39)]&amp#27;[0m Proxying [POST /element] to [POST http://127.0.0.1:8201/session/2033ac06-ca71-4f8f-9ae6-f068b15350dc/element] with body: {"strategy":"xpath","selector":"//android.view.View[@content-desc=\"A\"]","context":"","multiple":false}
&amp#27;[38;5;32m[AndroidUiautomator2Driver@f6fc (8a4c5d39)]&amp#27;[0m Got response with status 404: {"sessionId":"2033ac06-ca71-4f8f-9ae6-f068b15350dc","value":{"error":"no such element","message":"An element could not be located on the page using the given search parameters","stacktrace":"io.appium.uiautomator2.common.exceptions.ElementNotFoundException: An element could not be located on the page using the given search parameters\n\tat io.appium.uiautomator2.utils.ElementLocationHelpers.findElement(ElementLocationHelpers.java:156)\n\tat io.appium.uiautomator2.handler.FindElement.safeHandle(FindElement.java:60)\n\tat io.appium.uiautomator2.handler.request.SafeRequestHandler.handle(SafeRequestHandler.java:59)\n\tat io.appium.uiautomator2.server.AppiumServlet.handleRequest(AppiumServlet.java:277)\n\tat io.appium.uiautomator2.server.AppiumServlet.handleHttpRequest(AppiumServlet.java:271)\n\tat io.appium.uiautomator2.http.ServerHandler.channelRead(ServerHandler.java:77)\n\tat io.netty.channel.AbstractChannelHandlerContext.invokeChannelRead(AbstractChannelHandlerContext.java:366)\n\tat io.netty.channel.Abstr...
&amp#27;[38;5;128m[W3C]&amp#27;[0m Matched W3C error code 'no such element' to NoSuchElementError
&amp#27;[38;5;32m[AndroidUiautomator2Driver@f6fc (8a4c5d39)]&amp#27;[0m Waited for 43 ms so far
&amp#27;[38;5;32m[AndroidUiautomator2Driver@f6fc (8a4c5d39)]&amp#27;[0m Matched '/element' to command name 'findElement'
&amp#27;[38;5;32m[AndroidUiautomator2Driver@f6fc (8a4c5d39)]&amp#27;[0m Proxying [POST /element] to [POST http://127.0.0.1:8201/session/2033ac06-ca71-4f8f-9ae6-f068b15350dc/element] with body: {"strategy":"xpath","selector":"//android.view.View[@content-desc=\"A\"]","context":"","multiple":false}
&amp#27;[38;5;32m[AndroidUiautomator2Driver@f6fc (8a4c5d39)]&amp#27;[0m Got response with status 200: {"sessionId":"2033ac06-ca71-4f8f-9ae6-f068b15350dc","value":{"ELEMENT":"00000000-0000-00b4-0000-00f400000003","element-6066-11e4-a52e-4f735466cecf":"00000000-0000-00b4-0000-00f400000003"}}
&amp#27;[38;5;32m[AndroidUiautomator2Driver@f6fc (8a4c5d39)]&amp#27;[0m Responding to client with driver.findElement() result: {"element-6066-11e4-a52e-4f735466cecf":"00000000-0000-00b4-0000-00f400000003","ELEMENT":"00000000-0000-00b4-0000-00f400000003"}
&amp#27;[38;5;0m[HTTP]&amp#27;[0m &amp#27;[37m<-- POST /session/8a4c5d39-9059-4535-92f2-b9cd751f3967/element &amp#27;[39m&amp#27;[32m200&amp#27;[39m &amp#27;[90m814 ms - 137&amp#27;[39m
&amp#27;[38;5;0m[HTTP]&amp#27;[0m &amp#27;[90m&amp#27;[39m
&amp#27;[38;5;0m[HTTP]&amp#27;[0m &amp#27;[37m-->&amp#27;[39m &amp#27;[37mPOST&amp#27;[39m &amp#27;[37m/session/8a4c5d39-9059-4535-92f2-b9cd751f3967/element/00000000-0000-00b4-0000-00f400000003/click&amp#27;[39m
&amp#27;[38;5;0m[HTTP]&amp#27;[0m &amp#27;[90m{"id":"00000000-0000-00b4-0000-00f400000003"}&amp#27;[39m
&amp#27;[38;5;32m[AndroidUiautomator2Driver@f6fc (8a4c5d39)]&amp#27;[0m Calling AppiumDriver.click() with args: ["00000000-0000-00b4-0000-00f400000003","8a4c5d39-9059-4535-92f2-b9cd751f3967"]
&amp#27;[38;5;32m[AndroidUiautomator2Driver@f6fc (8a4c5d39)]&amp#27;[0m Matched '/element/00000000-0000-00b4-0000-00f400000003/click' to command name 'click'
&amp#27;[38;5;32m[AndroidUiautomator2Driver@f6fc (8a4c5d39)]&amp#27;[0m Proxying [POST /element/00000000-0000-00b4-0000-00f400000003/click] to [POST http://127.0.0.1:8201/session/2033ac06-ca71-4f8f-9ae6-f068b15350dc/element/00000000-0000-00b4-0000-00f400000003/click] with body: {"element":"00000000-0000-00b4-0000-00f400000003"}
&amp#27;[38;5;32m[AndroidUiautomator2Driver@f6fc (8a4c5d39)]&amp#27;[0m Got response with status 200: {"sessionId":"2033ac06-ca71-4f8f-9ae6-f068b15350dc","value":null}
&amp#27;[38;5;32m[AndroidUiautomator2Driver@f6fc (8a4c5d39)]&amp#27;[0m Responding to client with driver.click() result: null
&amp#27;[38;5;0m[HTTP]&amp#27;[0m &amp#27;[37m<-- POST /session/8a4c5d39-9059-4535-92f2-b9cd751f3967/element/00000000-0000-00b4-0000-00f400000003/click &amp#27;[39m&amp#27;[32m200&amp#27;[39m &amp#27;[90m893 ms - 14&amp#27;[39m
&amp#27;[38;5;0m[HTTP]&amp#27;[0m &amp#27;[90m&amp#27;[39m
&amp#27;[38;5;0m[HTTP]&amp#27;[0m &amp#27;[37m-->&amp#27;[39m &amp#27;[37mPOST&amp#27;[39m &amp#27;[37m/session/8a4c5d39-9059-4535-92f2-b9cd751f3967/elements&amp#27;[39m
&amp#27;[38;5;0m[HTTP]&amp#27;[0m &amp#27;[90m{"value":"//android.view.View/android.widget.Button","using":"xpath"}&amp#27;[39m
&amp#27;[38;5;32m[AndroidUiautomator2Driver@f6fc (8a4c5d39)]&amp#27;[0m Calling AppiumDriver.findElements() with args: ["xpath","//android.view.View/android.widget.Button","8a4c5d39-9059-4535-92f2-b9cd751f3967"]
&amp#27;[38;5;32m[AndroidUiautomator2Driver@f6fc (8a4c5d39)]&amp#27;[0m Valid locator strategies for this request: xpath, id, class name, accessibility id, css selector, -android uiautomator
&amp#27;[38;5;32m[AndroidUiautomator2Driver@f6fc (8a4c5d39)]&amp#27;[0m Waiting up to 10000 ms for condition
&amp#27;[38;5;32m[AndroidUiautomator2Driver@f6fc (8a4c5d39)]&amp#27;[0m Matched '/elements' to command name 'findElements'
&amp#27;[38;5;32m[AndroidUiautomator2Driver@f6fc (8a4c5d39)]&amp#27;[0m Proxying [POST /elements] to [POST http://127.0.0.1:8201/session/2033ac06-ca71-4f8f-9ae6-f068b15350dc/elements] with body: {"strategy":"xpath","selector":"//android.view.View/android.widget.Button","context":"","multiple":true}
&amp#27;[38;5;32m[AndroidUiautomator2Driver@f6fc (8a4c5d39)]&amp#27;[0m Got response with status 200: {"sessionId":"2033ac06-ca71-4f8f-9ae6-f068b15350dc","value":[{"ELEMENT":"00000000-0000-00b4-0000-00d700000003","element-6066-11e4-a52e-4f735466cecf":"00000000-0000-00b4-0000-00d700000003"},{"ELEMENT":"00000000-0000-00b4-0000-00c500000003","element-6066-11e4-a52e-4f735466cecf":"00000000-0000-00b4-0000-00c500000003"},{"ELEMENT":"00000000-0000-00b4-0000-00c600000003","element-6066-11e4-a52e-4f735466cecf":"00000000-0000-00b4-0000-00c600000003"},{"ELEMENT":"00000000-0000-00b4-0000-00d900000003","element-6066-11e4-a52e-4f735466cecf":"00000000-0000-00b4-0000-00d900000003"}]}
&amp#27;[38;5;32m[AndroidUiautomator2Driver@f6fc (8a4c5d39)]&amp#27;[0m Responding to client with driver.findElements() result: [{"element-6066-11e4-a52e-4f735466cecf":"00000000-0000-00b4-0000-00d700000003","ELEMENT":"00000000-0000-00b4-0000-00d700000003"},{"element-6066-11e4-a52e-4f735466cecf":"00000000-0000-00b4-0000-00c500000003","ELEMENT":"00000000-0000-00b4-0000-00c500000003"},{"element-6066-11e4-a52e-4f735466cecf":"00000000-0000-00b4-0000-00c600000003","ELEMENT":"00000000-0000-00b4-0000-00c600000003"},{"element-6066-11e4-a52e-4f735466cecf":"00000000-0000-00b4-0000-00d900000003","ELEMENT":"00000000-0000-00b4-0000-00d900000003"}]
&amp#27;[38;5;0m[HTTP]&amp#27;[0m &amp#27;[37m<-- POST /session/8a4c5d39-9059-4535-92f2-b9cd751f3967/elements &amp#27;[39m&amp#27;[32m200&amp#27;[39m &amp#27;[90m54 ms - 523&amp#27;[39m
&amp#27;[38;5;0m[HTTP]&amp#27;[0m &amp#27;[90m&amp#27;[39m
&amp#27;[38;5;0m[HTTP]&amp#27;[0m &amp#27;[37m-->&amp#27;[39m &amp#27;[37mPOST&amp#27;[39m &amp#27;[37m/session/8a4c5d39-9059-4535-92f2-b9cd751f3967/element/00000000-0000-00b4-0000-00d900000003/click&amp#27;[39m
&amp#27;[38;5;0m[HTTP]&amp#27;[0m &amp#27;[90m{"id":"00000000-0000-00b4-0000-00d900000003"}&amp#27;[39m
&amp#27;[38;5;32m[AndroidUiautomator2Driver@f6fc (8a4c5d39)]&amp#27;[0m Calling AppiumDriver.click() with args: ["00000000-0000-00b4-0000-00d900000003","8a4c5d39-9059-4535-92f2-b9cd751f3967"]
&amp#27;[38;5;32m[AndroidUiautomator2Driver@f6fc (8a4c5d39)]&amp#27;[0m Matched '/element/00000000-0000-00b4-0000-00d900000003/click' to command name 'click'
&amp#27;[38;5;32m[AndroidUiautomator2Driver@f6fc (8a4c5d39)]&amp#27;[0m Proxying [POST /element/00000000-0000-00b4-0000-00d900000003/click] to [POST http://127.0.0.1:8201/session/2033ac06-ca71-4f8f-9ae6-f068b15350dc/element/00000000-0000-00b4-0000-00d900000003/click] with body: {"element":"00000000-0000-00b4-0000-00d900000003"}
&amp#27;[38;5;32m[AndroidUiautomator2Driver@f6fc (8a4c5d39)]&amp#27;[0m Got response with status 200: {"sessionId":"2033ac06-ca71-4f8f-9ae6-f068b15350dc","value":null}
&amp#27;[38;5;32m[AndroidUiautomator2Driver@f6fc (8a4c5d39)]&amp#27;[0m Responding to client with driver.click() result: null
&amp#27;[38;5;0m[HTTP]&amp#27;[0m &amp#27;[37m<-- POST /session/8a4c5d39-9059-4535-92f2-b9cd751f3967/element/00000000-0000-00b4-0000-00d900000003/click &amp#27;[39m&amp#27;[32m200&amp#27;[39m &amp#27;[90m658 ms - 14&amp#27;[39m
&amp#27;[38;5;0m[HTTP]&amp#27;[0m &amp#27;[90m&amp#27;[39m
91470 [main] DEBUG devpinoyLogger  - Required product selected and added to the cart
91470 [main] DEBUG devpinoyLogger  - Required product selected and added to the cart
91470 [main] DEBUG devpinoyLogger  - Required product selected and added to the cart
91470 [main] DEBUG devpinoyLogger  - Required product selected and added to the cart
91470 [main] DEBUG devpinoyLogger  - Required product selected and added to the cart
91470 [main] DEBUG devpinoyLogger  - Required product selected and added to the cart
91470 [main] DEBUG devpinoyLogger  - Required product selected and added to the cart
91470 [main] DEBUG devpinoyLogger  - Required product selected and added to the cart
&amp#27;[38;5;0m[HTTP]&amp#27;[0m &amp#27;[37m-->&amp#27;[39m &amp#27;[37mPOST&amp#27;[39m &amp#27;[37m/session/8a4c5d39-9059-4535-92f2-b9cd751f3967/elements&amp#27;[39m
&amp#27;[38;5;0m[HTTP]&amp#27;[0m &amp#27;[90m{"value":"//android.view.View/android.widget.Button","using":"xpath"}&amp#27;[39m
&amp#27;[38;5;32m[AndroidUiautomator2Driver@f6fc (8a4c5d39)]&amp#27;[0m Calling AppiumDriver.findElements() with args: ["xpath","//android.view.View/android.widget.Button","8a4c5d39-9059-4535-92f2-b9cd751f3967"]
&amp#27;[38;5;32m[AndroidUiautomator2Driver@f6fc (8a4c5d39)]&amp#27;[0m Valid locator strategies for this request: xpath, id, class name, accessibility id, css selector, -android uiautomator
&amp#27;[38;5;32m[AndroidUiautomator2Driver@f6fc (8a4c5d39)]&amp#27;[0m Waiting up to 10000 ms for condition
&amp#27;[38;5;32m[AndroidUiautomator2Driver@f6fc (8a4c5d39)]&amp#27;[0m Matched '/elements' to command name 'findElements'
&amp#27;[38;5;32m[AndroidUiautomator2Driver@f6fc (8a4c5d39)]&amp#27;[0m Proxying [POST /elements] to [POST http://127.0.0.1:8201/session/2033ac06-ca71-4f8f-9ae6-f068b15350dc/elements] with body: {"strategy":"xpath","selector":"//android.view.View/android.widget.Button","context":"","multiple":true}
&amp#27;[38;5;32m[AndroidUiautomator2Driver@f6fc (8a4c5d39)]&amp#27;[0m Got response with status 200: {"sessionId":"2033ac06-ca71-4f8f-9ae6-f068b15350dc","value":[{"ELEMENT":"00000000-0000-00b4-0000-010500000003","element-6066-11e4-a52e-4f735466cecf":"00000000-0000-00b4-0000-010500000003"},{"ELEMENT":"00000000-0000-00b4-0000-010e00000003","element-6066-11e4-a52e-4f735466cecf":"00000000-0000-00b4-0000-010e00000003"}]}
&amp#27;[38;5;32m[AndroidUiautomator2Driver@f6fc (8a4c5d39)]&amp#27;[0m Responding to client with driver.findElements() result: [{"element-6066-11e4-a52e-4f735466cecf":"00000000-0000-00b4-0000-010500000003","ELEMENT":"00000000-0000-00b4-0000-010500000003"},{"element-6066-11e4-a52e-4f735466cecf":"00000000-0000-00b4-0000-010e00000003","ELEMENT":"00000000-0000-00b4-0000-010e00000003"}]
&amp#27;[38;5;0m[HTTP]&amp#27;[0m &amp#27;[37m<-- POST /session/8a4c5d39-9059-4535-92f2-b9cd751f3967/elements &amp#27;[39m&amp#27;[32m200&amp#27;[39m &amp#27;[90m40 ms - 267&amp#27;[39m
&amp#27;[38;5;0m[HTTP]&amp#27;[0m &amp#27;[90m&amp#27;[39m
&amp#27;[38;5;0m[HTTP]&amp#27;[0m &amp#27;[37m-->&amp#27;[39m &amp#27;[37mPOST&amp#27;[39m &amp#27;[37m/session/8a4c5d39-9059-4535-92f2-b9cd751f3967/element/00000000-0000-00b4-0000-010500000003/click&amp#27;[39m
&amp#27;[38;5;0m[HTTP]&amp#27;[0m &amp#27;[90m{"id":"00000000-0000-00b4-0000-010500000003"}&amp#27;[39m
&amp#27;[38;5;32m[AndroidUiautomator2Driver@f6fc (8a4c5d39)]&amp#27;[0m Calling AppiumDriver.click() with args: ["00000000-0000-00b4-0000-010500000003","8a4c5d39-9059-4535-92f2-b9cd751f3967"]
&amp#27;[38;5;32m[AndroidUiautomator2Driver@f6fc (8a4c5d39)]&amp#27;[0m Matched '/element/00000000-0000-00b4-0000-010500000003/click' to command name 'click'
&amp#27;[38;5;32m[AndroidUiautomator2Driver@f6fc (8a4c5d39)]&amp#27;[0m Proxying [POST /element/00000000-0000-00b4-0000-010500000003/click] to [POST http://127.0.0.1:8201/session/2033ac06-ca71-4f8f-9ae6-f068b15350dc/element/00000000-0000-00b4-0000-010500000003/click] with body: {"element":"00000000-0000-00b4-0000-010500000003"}
&amp#27;[38;5;32m[AndroidUiautomator2Driver@f6fc (8a4c5d39)]&amp#27;[0m Got response with status 200: {"sessionId":"2033ac06-ca71-4f8f-9ae6-f068b15350dc","value":null}
&amp#27;[38;5;32m[AndroidUiautomator2Driver@f6fc (8a4c5d39)]&amp#27;[0m Responding to client with driver.click() result: null
&amp#27;[38;5;0m[HTTP]&amp#27;[0m &amp#27;[37m<-- POST /session/8a4c5d39-9059-4535-92f2-b9cd751f3967/element/00000000-0000-00b4-0000-010500000003/click &amp#27;[39m&amp#27;[32m200&amp#27;[39m &amp#27;[90m885 ms - 14&amp#27;[39m
&amp#27;[38;5;0m[HTTP]&amp#27;[0m &amp#27;[90m&amp#27;[39m
&amp#27;[38;5;0m[HTTP]&amp#27;[0m &amp#27;[37m-->&amp#27;[39m &amp#27;[37mPOST&amp#27;[39m &amp#27;[37m/session/8a4c5d39-9059-4535-92f2-b9cd751f3967/elements&amp#27;[39m
&amp#27;[38;5;0m[HTTP]&amp#27;[0m &amp#27;[90m{"value":"//android.view.View/android.widget.Button","using":"xpath"}&amp#27;[39m
&amp#27;[38;5;32m[AndroidUiautomator2Driver@f6fc (8a4c5d39)]&amp#27;[0m Calling AppiumDriver.findElements() with args: ["xpath","//android.view.View/android.widget.Button","8a4c5d39-9059-4535-92f2-b9cd751f3967"]
&amp#27;[38;5;32m[AndroidUiautomator2Driver@f6fc (8a4c5d39)]&amp#27;[0m Valid locator strategies for this request: xpath, id, class name, accessibility id, css selector, -android uiautomator
&amp#27;[38;5;32m[AndroidUiautomator2Driver@f6fc (8a4c5d39)]&amp#27;[0m Waiting up to 10000 ms for condition
&amp#27;[38;5;32m[AndroidUiautomator2Driver@f6fc (8a4c5d39)]&amp#27;[0m Matched '/elements' to command name 'findElements'
&amp#27;[38;5;32m[AndroidUiautomator2Driver@f6fc (8a4c5d39)]&amp#27;[0m Proxying [POST /elements] to [POST http://127.0.0.1:8201/session/2033ac06-ca71-4f8f-9ae6-f068b15350dc/elements] with body: {"strategy":"xpath","selector":"//android.view.View/android.widget.Button","context":"","multiple":true}
&amp#27;[38;5;32m[AndroidUiautomator2Driver@f6fc (8a4c5d39)]&amp#27;[0m Got response with status 200: {"sessionId":"2033ac06-ca71-4f8f-9ae6-f068b15350dc","value":[{"ELEMENT":"00000000-0000-00b4-0000-00d700000003","element-6066-11e4-a52e-4f735466cecf":"00000000-0000-00b4-0000-00d700000003"},{"ELEMENT":"00000000-0000-00b4-0000-00c500000003","element-6066-11e4-a52e-4f735466cecf":"00000000-0000-00b4-0000-00c500000003"},{"ELEMENT":"00000000-0000-00b4-0000-00c600000003","element-6066-11e4-a52e-4f735466cecf":"00000000-0000-00b4-0000-00c600000003"},{"ELEMENT":"00000000-0000-00b4-0000-00d900000003","element-6066-11e4-a52e-4f735466cecf":"00000000-0000-00b4-0000-00d900000003"}]}
&amp#27;[38;5;32m[AndroidUiautomator2Driver@f6fc (8a4c5d39)]&amp#27;[0m Responding to client with driver.findElements() result: [{"element-6066-11e4-a52e-4f735466cecf":"00000000-0000-00b4-0000-00d700000003","ELEMENT":"00000000-0000-00b4-0000-00d700000003"},{"element-6066-11e4-a52e-4f735466cecf":"00000000-0000-00b4-0000-00c500000003","ELEMENT":"00000000-0000-00b4-0000-00c500000003"},{"element-6066-11e4-a52e-4f735466cecf":"00000000-0000-00b4-0000-00c600000003","ELEMENT":"00000000-0000-00b4-0000-00c600000003"},{"element-6066-11e4-a52e-4f735466cecf":"00000000-0000-00b4-0000-00d900000003","ELEMENT":"00000000-0000-00b4-0000-00d900000003"}]
&amp#27;[38;5;0m[HTTP]&amp#27;[0m &amp#27;[37m<-- POST /session/8a4c5d39-9059-4535-92f2-b9cd751f3967/elements &amp#27;[39m&amp#27;[32m200&amp#27;[39m &amp#27;[90m49 ms - 523&amp#27;[39m
&amp#27;[38;5;0m[HTTP]&amp#27;[0m &amp#27;[90m&amp#27;[39m
&amp#27;[38;5;0m[HTTP]&amp#27;[0m &amp#27;[37m-->&amp#27;[39m &amp#27;[37mPOST&amp#27;[39m &amp#27;[37m/session/8a4c5d39-9059-4535-92f2-b9cd751f3967/element/00000000-0000-00b4-0000-00d700000003/click&amp#27;[39m
&amp#27;[38;5;0m[HTTP]&amp#27;[0m &amp#27;[90m{"id":"00000000-0000-00b4-0000-00d700000003"}&amp#27;[39m
&amp#27;[38;5;32m[AndroidUiautomator2Driver@f6fc (8a4c5d39)]&amp#27;[0m Calling AppiumDriver.click() with args: ["00000000-0000-00b4-0000-00d700000003","8a4c5d39-9059-4535-92f2-b9cd751f3967"]
&amp#27;[38;5;32m[AndroidUiautomator2Driver@f6fc (8a4c5d39)]&amp#27;[0m Matched '/element/00000000-0000-00b4-0000-00d700000003/click' to command name 'click'
&amp#27;[38;5;32m[AndroidUiautomator2Driver@f6fc (8a4c5d39)]&amp#27;[0m Proxying [POST /element/00000000-0000-00b4-0000-00d700000003/click] to [POST http://127.0.0.1:8201/session/2033ac06-ca71-4f8f-9ae6-f068b15350dc/element/00000000-0000-00b4-0000-00d700000003/click] with body: {"element":"00000000-0000-00b4-0000-00d700000003"}
&amp#27;[38;5;32m[AndroidUiautomator2Driver@f6fc (8a4c5d39)]&amp#27;[0m Got response with status 200: {"sessionId":"2033ac06-ca71-4f8f-9ae6-f068b15350dc","value":null}
&amp#27;[38;5;32m[AndroidUiautomator2Driver@f6fc (8a4c5d39)]&amp#27;[0m Responding to client with driver.click() result: null
&amp#27;[38;5;0m[HTTP]&amp#27;[0m &amp#27;[37m<-- POST /session/8a4c5d39-9059-4535-92f2-b9cd751f3967/element/00000000-0000-00b4-0000-00d700000003/click &amp#27;[39m&amp#27;[32m200&amp#27;[39m &amp#27;[90m1289 ms - 14&amp#27;[39m
&amp#27;[38;5;0m[HTTP]&amp#27;[0m &amp#27;[90m&amp#27;[39m
]]></system-out>
    <system-err><![CDATA[SLF4J: Failed to load class "org.slf4j.impl.StaticLoggerBinder".
SLF4J: Defaulting to no-operation (NOP) logger implementation
SLF4J: See http://www.slf4j.org/codes.html#StaticLoggerBinder for further details.
]]></system-err>
  </testcase>
  <testcase name="noOrder" classname="com.kvp.testcases.Android.TC3_NoOrder" time="42.338">
    <system-out><![CDATA[&amp#27;[38;5;0m[HTTP]&amp#27;[0m &amp#27;[37m-->&amp#27;[39m &amp#27;[37mDELETE&amp#27;[39m &amp#27;[37m/session/8a4c5d39-9059-4535-92f2-b9cd751f3967&amp#27;[39m
&amp#27;[38;5;0m[HTTP]&amp#27;[0m &amp#27;[90m{}&amp#27;[39m
&amp#27;[38;5;32m[AndroidUiautomator2Driver@f6fc (8a4c5d39)]&amp#27;[0m Calling AppiumDriver.deleteSession() with args: ["8a4c5d39-9059-4535-92f2-b9cd751f3967"]
&amp#27;[38;5;16m[AppiumDriver@b18f]&amp#27;[0m Event 'quitSessionRequested' logged at 1709019133025 (13:02:13 GMT+0530 (India Standard Time))
&amp#27;[38;5;16m[AppiumDriver@b18f]&amp#27;[0m Removing session 8a4c5d39-9059-4535-92f2-b9cd751f3967 from our master session list
&amp#27;[38;5;32m[AndroidUiautomator2Driver@f6fc (8a4c5d39)]&amp#27;[0m Deleting UiAutomator2 session
&amp#27;[38;5;32m[AndroidUiautomator2Driver@f6fc (8a4c5d39)]&amp#27;[0m Deleting UiAutomator2 server session
&amp#27;[38;5;32m[AndroidUiautomator2Driver@f6fc (8a4c5d39)]&amp#27;[0m Matched '/' to command name 'deleteSession'
&amp#27;[38;5;32m[AndroidUiautomator2Driver@f6fc (8a4c5d39)]&amp#27;[0m Proxying [DELETE /] to [DELETE http://127.0.0.1:8201/session/2033ac06-ca71-4f8f-9ae6-f068b15350dc] with no body
&amp#27;[38;5;32m[AndroidUiautomator2Driver@f6fc (8a4c5d39)]&amp#27;[0m Got response with status 200: {"sessionId":"2033ac06-ca71-4f8f-9ae6-f068b15350dc","value":null}
&amp#27;[38;5;64m[ADB]&amp#27;[0m Running 'C:\Users\Kvp\AppData\Local\Android\Sdk\platform-tools\adb.exe -P 5037 -s emulator-5554 shell dumpsys activity services io.appium.settings/.recorder.RecorderService'
&amp#27;[38;5;64m[ADB]&amp#27;[0m Running 'C:\Users\Kvp\AppData\Local\Android\Sdk\platform-tools\adb.exe -P 5037 -s emulator-5554 shell am force-stop com.example.field_sales_app'
&amp#27;[38;5;96m[Logcat]&amp#27;[0m Stopping logcat capture
&amp#27;[38;5;64m[ADB]&amp#27;[0m Removing forwarded port socket connection: 8201 
&amp#27;[38;5;64m[ADB]&amp#27;[0m Running 'C:\Users\Kvp\AppData\Local\Android\Sdk\platform-tools\adb.exe -P 5037 -s emulator-5554 forward --remove tcp:8201'
&amp#27;[38;5;32m[AndroidUiautomator2Driver@f6fc (8a4c5d39)]&amp#27;[0m Restoring hidden api policy to the device default configuration
&amp#27;[38;5;64m[ADB]&amp#27;[0m Running 'C:\Users\Kvp\AppData\Local\Android\Sdk\platform-tools\adb.exe -P 5037 -s emulator-5554 shell 'settings delete global hidden_api_policy_pre_p_apps;settings delete global hidden_api_policy_p_apps;settings delete global hidden_api_policy''
&amp#27;[38;5;16m[AppiumDriver@b18f]&amp#27;[0m Event 'quitSessionFinished' logged at 1709019133557 (13:02:13 GMT+0530 (India Standard Time))
&amp#27;[38;5;16m[AppiumDriver@b18f]&amp#27;[0m Received response: null
&amp#27;[38;5;16m[AppiumDriver@b18f]&amp#27;[0m But deleting session, so not returning
&amp#27;[38;5;16m[AppiumDriver@b18f]&amp#27;[0m Responding to client with driver.deleteSession() result: null
&amp#27;[38;5;0m[HTTP]&amp#27;[0m &amp#27;[37m<-- DELETE /session/8a4c5d39-9059-4535-92f2-b9cd751f3967 &amp#27;[39m&amp#27;[32m200&amp#27;[39m &amp#27;[90m533 ms - 14&amp#27;[39m
&amp#27;[38;5;0m[HTTP]&amp#27;[0m &amp#27;[90m&amp#27;[39m
98325 [main] DEBUG devpinoyLogger  - -------------------Test Ended-------------------
98325 [main] DEBUG devpinoyLogger  - -------------------Test Ended-------------------
98325 [main] DEBUG devpinoyLogger  - -------------------Test Ended-------------------
98325 [main] DEBUG devpinoyLogger  - -------------------Test Ended-------------------
98325 [main] DEBUG devpinoyLogger  - -------------------Test Ended-------------------
98325 [main] DEBUG devpinoyLogger  - -------------------Test Ended-------------------
98325 [main] DEBUG devpinoyLogger  - -------------------Test Ended-------------------
98325 [main] DEBUG devpinoyLogger  - -------------------Test Ended-------------------
98325 [main] DEBUG devpinoyLogger  - -------------------Test Ended-------------------
&amp#27;[38;5;0m[HTTP]&amp#27;[0m &amp#27;[37m-->&amp#27;[39m &amp#27;[37mGET&amp#27;[39m &amp#27;[37m/status&amp#27;[39m
&amp#27;[38;5;0m[HTTP]&amp#27;[0m &amp#27;[90m{}&amp#27;[39m
&amp#27;[38;5;16m[AppiumDriver@b18f]&amp#27;[0m Calling AppiumDriver.getStatus() with args: []
&amp#27;[38;5;16m[AppiumDriver@b18f]&amp#27;[0m Responding to client with driver.getStatus() result: {"ready":true,"message":"The server is ready to accept new connections","build":{"version":"2.4.1"}}
&amp#27;[38;5;0m[HTTP]&amp#27;[0m &amp#27;[37m<-- GET /status &amp#27;[39m&amp#27;[32m200&amp#27;[39m &amp#27;[90m1 ms - 110&amp#27;[39m
&amp#27;[38;5;0m[HTTP]&amp#27;[0m &amp#27;[90m&amp#27;[39m
&amp#27;[38;5;0m[HTTP]&amp#27;[0m Request idempotency key: d1ea7ff5-47c7-4cde-80f5-2c2a2efa659e
&amp#27;[38;5;0m[HTTP]&amp#27;[0m &amp#27;[37m-->&amp#27;[39m &amp#27;[37mPOST&amp#27;[39m &amp#27;[37m/session&amp#27;[39m
&amp#27;[38;5;0m[HTTP]&amp#27;[0m &amp#27;[90m{"capabilities":{"firstMatch":[{}],"alwaysMatch":{"appium:deviceName":"Pixel 7 API 30","appium:platformVersion":"11.0","appium:app":"Project_Resources/app-release 22.apk","platformName":"ANDROID","appium:automationName":"UiAutomator2"}}}&amp#27;[39m
&amp#27;[38;5;16m[AppiumDriver@b18f]&amp#27;[0m Calling AppiumDriver.createSession() with args: [null,null,{"firstMatch":[{}],"alwaysMatch":{"appium:deviceName":"Pixel 7 API 30","appium:platformVersion":"11.0","appium:app":"Project_Resources/app-release 22.apk","platformName":"ANDROID","appium:automationName":"UiAutomator2"}}]
&amp#27;[38;5;16m[AppiumDriver@b18f]&amp#27;[0m Event 'newSessionRequested' logged at 1709019133598 (13:02:13 GMT+0530 (India Standard Time))
&amp#27;[35m[Appium]&amp#27;[39m Attempting to find matching driver for automationName 'UiAutomator2' and platformName 'ANDROID'
&amp#27;[35m[Appium]&amp#27;[39m The 'uiautomator2' driver was installed and matched caps.
&amp#27;[35m[Appium]&amp#27;[39m Will require it at C:\Users\Kvp\.appium\node_modules\appium-uiautomator2-driver
&amp#27;[38;5;112m[Instrumentation]&amp#27;[0m .
&amp#27;[35m[Appium]&amp#27;[39m Requiring driver at C:\Users\Kvp\.appium\node_modules\appium-uiautomator2-driver\build\index.js
&amp#27;[38;5;16m[AppiumDriver@b18f]&amp#27;[0m Appium v2.4.1 creating new AndroidUiautomator2Driver (v2.40.0) session
&amp#27;[38;5;16m[AppiumDriver@b18f]&amp#27;[0m Checking BaseDriver versions for Appium and AndroidUiautomator2Driver
&amp#27;[38;5;16m[AppiumDriver@b18f]&amp#27;[0m Appium's BaseDriver version is 9.5.0
&amp#27;[38;5;16m[AppiumDriver@b18f]&amp#27;[0m AndroidUiautomator2Driver's BaseDriver version is 9.5.0
&amp#27;[38;5;32m[AndroidUiautomator2Driver@394c]&amp#27;[0m Creating session with W3C capabilities: {
&amp#27;[38;5;32m[AndroidUiautomator2Driver@394c]&amp#27;[0m   "alwaysMatch": {
&amp#27;[38;5;32m[AndroidUiautomator2Driver@394c]&amp#27;[0m     "platformName": "ANDROID",
&amp#27;[38;5;32m[AndroidUiautomator2Driver@394c]&amp#27;[0m     "appium:deviceName": "Pixel 7 API 30",
&amp#27;[38;5;32m[AndroidUiautomator2Driver@394c]&amp#27;[0m     "appium:platformVersion": "11.0",
&amp#27;[38;5;32m[AndroidUiautomator2Driver@394c]&amp#27;[0m     "appium:app": "Project_Resources/app-release 22.apk",
&amp#27;[38;5;32m[AndroidUiautomator2Driver@394c]&amp#27;[0m     "appium:automationName": "UiAutomator2"
&amp#27;[38;5;32m[AndroidUiautomator2Driver@394c]&amp#27;[0m   },
&amp#27;[38;5;32m[AndroidUiautomator2Driver@394c]&amp#27;[0m   "firstMatch": [
&amp#27;[38;5;32m[AndroidUiautomator2Driver@394c]&amp#27;[0m     {}
&amp#27;[38;5;32m[AndroidUiautomator2Driver@394c]&amp#27;[0m   ]
&amp#27;[38;5;32m[AndroidUiautomator2Driver@394c]&amp#27;[0m }
&amp#27;[38;5;32m[AndroidUiautomator2Driver@394c (b13f59d4)]&amp#27;[0m Session created with session id: b13f59d4-d919-4432-b0cd-3cd2e3d3b4e7
&amp#27;[38;5;48m[BaseDriver]&amp#27;[0m Using local app 'Project_Resources/app-release 22.apk'
&amp#27;[38;5;112m[Instrumentation]&amp#27;[0m Time: 106.159
&amp#27;[38;5;112m[Instrumentation]&amp#27;[0m 
&amp#27;[38;5;112m[Instrumentation]&amp#27;[0m OK (1 test)
&amp#27;[38;5;48m[BaseDriver]&amp#27;[0m The current application path 'Project_Resources/app-release 22.apk' is not absolute and has been rewritten to 'C:\Users\Kvp\eclipse-workspace\KVP_FMCG_Industry_Product\Project_Resources\app-release 22.apk'. Consider using absolute paths rather than relative
&amp#27;[38;5;32m[AndroidUiautomator2Driver@394c (b13f59d4)]&amp#27;[0m Checking whether app is actually present
&amp#27;[38;5;64m[ADB]&amp#27;[0m Using 'adb.exe' from 'C:\Users\Kvp\AppData\Local\Android\Sdk\platform-tools\adb.exe'
&amp#27;[38;5;64m[ADB]&amp#27;[0m Running 'C:\Users\Kvp\AppData\Local\Android\Sdk\platform-tools\adb.exe -P 5037 start-server'
&amp#27;[38;5;80m[AndroidDriver]&amp#27;[0m Retrieving device list
&amp#27;[38;5;64m[ADB]&amp#27;[0m Trying to find connected Android devices
&amp#27;[38;5;64m[ADB]&amp#27;[0m Getting connected devices
&amp#27;[38;5;64m[ADB]&amp#27;[0m Connected devices: [{"udid":"emulator-5554","state":"device"}]
&amp#27;[38;5;80m[AndroidDriver]&amp#27;[0m Looking for a device with Android '11.0.0'
&amp#27;[38;5;64m[ADB]&amp#27;[0m Setting device id to emulator-5554
&amp#27;[38;5;64m[ADB]&amp#27;[0m Getting device platform version
&amp#27;[38;5;64m[ADB]&amp#27;[0m Running 'C:\Users\Kvp\AppData\Local\Android\Sdk\platform-tools\adb.exe -P 5037 -s emulator-5554 shell getprop ro.build.version.release'
&amp#27;[38;5;64m[ADB]&amp#27;[0m Current device property 'ro.build.version.release': 11
&amp#27;[38;5;80m[AndroidDriver]&amp#27;[0m Using device: emulator-5554
&amp#27;[38;5;64m[ADB]&amp#27;[0m Using 'adb.exe' from 'C:\Users\Kvp\AppData\Local\Android\Sdk\platform-tools\adb.exe'
&amp#27;[38;5;64m[ADB]&amp#27;[0m Running 'C:\Users\Kvp\AppData\Local\Android\Sdk\platform-tools\adb.exe -P 5037 start-server'
&amp#27;[38;5;64m[ADB]&amp#27;[0m Setting device id to emulator-5554
&amp#27;[38;5;64m[ADB]&amp#27;[0m Running 'C:\Users\Kvp\AppData\Local\Android\Sdk\platform-tools\adb.exe -P 5037 -s emulator-5554 shell getprop ro.build.version.sdk'
&amp#27;[38;5;112m[Instrumentation]&amp#27;[0m The process has exited with code 0
&amp#27;[38;5;64m[ADB]&amp#27;[0m Current device property 'ro.build.version.sdk': 30
&amp#27;[38;5;64m[ADB]&amp#27;[0m Getting device platform version
&amp#27;[38;5;64m[ADB]&amp#27;[0m Running 'C:\Users\Kvp\AppData\Local\Android\Sdk\platform-tools\adb.exe -P 5037 -s emulator-5554 shell getprop ro.build.version.release'
&amp#27;[38;5;64m[ADB]&amp#27;[0m Current device property 'ro.build.version.release': 11
&amp#27;[38;5;64m[ADB]&amp#27;[0m Device API level: 30
&amp#27;[38;5;32m[AndroidUiautomator2Driver@394c (b13f59d4)]&amp#27;[0m Relaxing hidden api policy
&amp#27;[38;5;64m[ADB]&amp#27;[0m Running 'C:\Users\Kvp\AppData\Local\Android\Sdk\platform-tools\adb.exe -P 5037 -s emulator-5554 shell 'settings put global hidden_api_policy_pre_p_apps 1;settings put global hidden_api_policy_p_apps 1;settings put global hidden_api_policy 1''
&amp#27;[38;5;80m[AndroidDriver]&amp#27;[0m Parsing package and activity from app manifest
&amp#27;[38;5;64m[ADB]&amp#27;[0m Package name: 'com.example.field_sales_app'
&amp#27;[38;5;64m[ADB]&amp#27;[0m Main activity name: 'com.example.field_sales_app.MainActivity'
&amp#27;[38;5;80m[AndroidDriver]&amp#27;[0m Parsed package and activity are: com.example.field_sales_app/com.example.field_sales_app.MainActivity
&amp#27;[38;5;64m[ADB]&amp#27;[0m Running 'C:\Users\Kvp\AppData\Local\Android\Sdk\platform-tools\adb.exe -P 5037 -s emulator-5554 wait-for-device'
&amp#27;[38;5;64m[ADB]&amp#27;[0m Running 'C:\Users\Kvp\AppData\Local\Android\Sdk\platform-tools\adb.exe -P 5037 -s emulator-5554 shell echo ping'
&amp#27;[38;5;80m[AndroidDriver]&amp#27;[0m Pushing settings apk to device...
&amp#27;[38;5;64m[ADB]&amp#27;[0m Getting package info for 'io.appium.settings'
&amp#27;[38;5;64m[ADB]&amp#27;[0m Running 'C:\Users\Kvp\AppData\Local\Android\Sdk\platform-tools\adb.exe -P 5037 -s emulator-5554 shell dumpsys package io.appium.settings'
&amp#27;[38;5;64m[ADB]&amp#27;[0m The version name of the installed 'io.appium.settings' is greater or equal to the application version name ('5.3.1' >= '5.3.1')
&amp#27;[38;5;64m[ADB]&amp#27;[0m There is no need to install/upgrade 'C:\Users\Kvp\.appium\node_modules\appium-uiautomator2-driver\node_modules\io.appium.settings\apks\settings_apk-debug.apk'
&amp#27;[38;5;64m[ADB]&amp#27;[0m Getting IDs of all 'io.appium.settings' processes
&amp#27;[38;5;64m[ADB]&amp#27;[0m Running 'C:\Users\Kvp\AppData\Local\Android\Sdk\platform-tools\adb.exe -P 5037 -s emulator-5554 shell 'pgrep --help; echo $?''
&amp#27;[38;5;64m[ADB]&amp#27;[0m Running 'C:\Users\Kvp\AppData\Local\Android\Sdk\platform-tools\adb.exe -P 5037 -s emulator-5554 shell pgrep -f \(\[\[:blank:\]\]\|\^\)io\.appium\.settings\(\[\[:blank:\]\]\|\$\)'
&amp#27;[38;5;80m[AndroidDriver]&amp#27;[0m io.appium.settings is already running. There is no need to reset its permissions.
&amp#27;[38;5;96m[Logcat]&amp#27;[0m Starting logs capture with command: C:\\Users\\Kvp\\AppData\\Local\\Android\\Sdk\\platform-tools\\adb.exe -P 5037 -s emulator-5554 logcat -v threadtime
&amp#27;[38;5;32m[AndroidUiautomator2Driver@394c (b13f59d4)]&amp#27;[0m Forwarding UiAutomator2 Server port 6790 to local port 8201
&amp#27;[38;5;64m[ADB]&amp#27;[0m Forwarding system: 8201 to device: 6790
&amp#27;[38;5;64m[ADB]&amp#27;[0m Running 'C:\Users\Kvp\AppData\Local\Android\Sdk\platform-tools\adb.exe -P 5037 -s emulator-5554 forward tcp:8201 tcp:6790'
&amp#27;[38;5;64m[ADB]&amp#27;[0m Checking app cert for C:\Users\Kvp\.appium\node_modules\appium-uiautomator2-driver\node_modules\appium-uiautomator2-server\apks\appium-uiautomator2-server-v6.0.1.apk
&amp#27;[38;5;64m[ADB]&amp#27;[0m Checking app cert for C:\Users\Kvp\.appium\node_modules\appium-uiautomator2-driver\node_modules\appium-uiautomator2-server\apks\appium-uiautomator2-server-debug-androidTest.apk
&amp#27;[38;5;64m[ADB]&amp#27;[0m Using the previously cached signature entry for 'appium-uiautomator2-server-debug-androidTest.apk'
&amp#27;[38;5;64m[ADB]&amp#27;[0m sha256 hash did match for 'appium-uiautomator2-server-debug-androidTest.apk'
&amp#27;[38;5;64m[ADB]&amp#27;[0m Getting install status for io.appium.uiautomator2.server.test
&amp#27;[38;5;64m[ADB]&amp#27;[0m Running 'C:\Users\Kvp\AppData\Local\Android\Sdk\platform-tools\adb.exe -P 5037 -s emulator-5554 shell pm path io.appium.uiautomator2.server.test'
&amp#27;[38;5;64m[ADB]&amp#27;[0m 'io.appium.uiautomator2.server.test' is installed
&amp#27;[38;5;64m[ADB]&amp#27;[0m Using the previously cached signature entry for 'appium-uiautomator2-server-v6.0.1.apk'
&amp#27;[38;5;64m[ADB]&amp#27;[0m sha256 hash did match for 'appium-uiautomator2-server-v6.0.1.apk'
&amp#27;[38;5;64m[ADB]&amp#27;[0m Getting package info for 'io.appium.uiautomator2.server'
&amp#27;[38;5;64m[ADB]&amp#27;[0m Running 'C:\Users\Kvp\AppData\Local\Android\Sdk\platform-tools\adb.exe -P 5037 -s emulator-5554 shell dumpsys package io.appium.uiautomator2.server'
&amp#27;[38;5;64m[ADB]&amp#27;[0m The version name of the installed 'io.appium.uiautomator2.server' is greater or equal to the application version name ('6.0.1' >= '6.0.1')
&amp#27;[38;5;32m[AndroidUiautomator2Driver@394c (b13f59d4)]&amp#27;[0m Server packages status: [{"wasSigned":true,"installState":"sameVersionInstalled","appPath":"C:\\Users\\Kvp\\.appium\\node_modules\\appium-uiautomator2-driver\\node_modules\\appium-uiautomator2-server\\apks\\appium-uiautomator2-server-v6.0.1.apk","appId":"io.appium.uiautomator2.server"},{"wasSigned":true,"installState":"sameVersionInstalled","appPath":"C:\\Users\\Kvp\\.appium\\node_modules\\appium-uiautomator2-driver\\node_modules\\appium-uiautomator2-server\\apks\\appium-uiautomator2-server-debug-androidTest.apk","appId":"io.appium.uiautomator2.server.test"}]
&amp#27;[38;5;32m[AndroidUiautomator2Driver@394c (b13f59d4)]&amp#27;[0m Server packages are not going to be (re)installed
&amp#27;[38;5;32m[AndroidUiautomator2Driver@394c (b13f59d4)]&amp#27;[0m Waiting up to 30000ms for services to be available
&amp#27;[38;5;64m[ADB]&amp#27;[0m Running 'C:\Users\Kvp\AppData\Local\Android\Sdk\platform-tools\adb.exe -P 5037 -s emulator-5554 shell pm list instrumentation'
&amp#27;[38;5;32m[AndroidUiautomator2Driver@394c (b13f59d4)]&amp#27;[0m Instrumentation target 'io.appium.uiautomator2.server.test/androidx.test.runner.AndroidJUnitRunner' is available
&amp#27;[38;5;64m[ADB]&amp#27;[0m Adding packages ["io.appium.settings","io.appium.uiautomator2.server","io.appium.uiautomator2.server.test"] to Doze whitelist
&amp#27;[38;5;64m[ADB]&amp#27;[0m Got the following command chunks to execute: [["dumpsys","deviceidle","whitelist","+io.appium.settings",";","dumpsys","deviceidle","whitelist","+io.appium.uiautomator2.server",";","dumpsys","deviceidle","whitelist","+io.appium.uiautomator2.server.test",";"]]
&amp#27;[38;5;64m[ADB]&amp#27;[0m Running 'C:\Users\Kvp\AppData\Local\Android\Sdk\platform-tools\adb.exe -P 5037 -s emulator-5554 shell dumpsys deviceidle whitelist +io.appium.settings ; dumpsys deviceidle whitelist +io.appium.uiautomator2.server ; dumpsys deviceidle whitelist +io.appium.uiautomator2.server.test ;'
&amp#27;[38;5;64m[ADB]&amp#27;[0m Checking app cert for C:\Users\Kvp\eclipse-workspace\KVP_FMCG_Industry_Product\Project_Resources\app-release 22.apk
&amp#27;[38;5;64m[ADB]&amp#27;[0m Using the previously cached signature entry for 'app-release 22.apk'
&amp#27;[38;5;64m[ADB]&amp#27;[0m Getting package info for 'com.example.field_sales_app'
&amp#27;[38;5;64m[ADB]&amp#27;[0m Running 'C:\Users\Kvp\AppData\Local\Android\Sdk\platform-tools\adb.exe -P 5037 -s emulator-5554 shell dumpsys package com.example.field_sales_app'
&amp#27;[38;5;64m[ADB]&amp#27;[0m The version name of the installed 'com.example.field_sales_app' is greater or equal to the application version name ('1.0.0' >= '1.0.0')
&amp#27;[38;5;64m[ADB]&amp#27;[0m There is no need to install/upgrade 'C:\Users\Kvp\eclipse-workspace\KVP_FMCG_Industry_Product\Project_Resources\app-release 22.apk'
&amp#27;[38;5;80m[AndroidDriver]&amp#27;[0m Performing fast reset on 'com.example.field_sales_app'
&amp#27;[38;5;64m[ADB]&amp#27;[0m Getting install status for com.example.field_sales_app
&amp#27;[38;5;64m[ADB]&amp#27;[0m Running 'C:\Users\Kvp\AppData\Local\Android\Sdk\platform-tools\adb.exe -P 5037 -s emulator-5554 shell pm path com.example.field_sales_app'
&amp#27;[38;5;64m[ADB]&amp#27;[0m 'com.example.field_sales_app' is installed
&amp#27;[38;5;64m[ADB]&amp#27;[0m Running 'C:\Users\Kvp\AppData\Local\Android\Sdk\platform-tools\adb.exe -P 5037 -s emulator-5554 shell am force-stop com.example.field_sales_app'
&amp#27;[38;5;64m[ADB]&amp#27;[0m Running 'C:\Users\Kvp\AppData\Local\Android\Sdk\platform-tools\adb.exe -P 5037 -s emulator-5554 shell pm clear com.example.field_sales_app'
&amp#27;[38;5;80m[AndroidDriver]&amp#27;[0m Performed fast reset on the installed 'com.example.field_sales_app' application (stop and clear)
&amp#27;[38;5;32m[AndroidUiautomator2Driver@394c (b13f59d4)]&amp#27;[0m Performing shallow cleanup of automation leftovers
&amp#27;[38;5;32m[AndroidUiautomator2Driver@394c (b13f59d4)]&amp#27;[0m No obsolete sessions have been detected (socket hang up)
&amp#27;[38;5;64m[ADB]&amp#27;[0m Running 'C:\Users\Kvp\AppData\Local\Android\Sdk\platform-tools\adb.exe -P 5037 -s emulator-5554 shell am force-stop io.appium.uiautomator2.server.test'
&amp#27;[38;5;32m[AndroidUiautomator2Driver@394c (b13f59d4)]&amp#27;[0m Starting UIAutomator2 server 6.0.1
&amp#27;[38;5;32m[AndroidUiautomator2Driver@394c (b13f59d4)]&amp#27;[0m Using UIAutomator2 server from 'C:\Users\Kvp\.appium\node_modules\appium-uiautomator2-driver\node_modules\appium-uiautomator2-server\apks\appium-uiautomator2-server-v6.0.1.apk' and test from 'C:\Users\Kvp\.appium\node_modules\appium-uiautomator2-driver\node_modules\appium-uiautomator2-server\apks\appium-uiautomator2-server-debug-androidTest.apk'
&amp#27;[38;5;32m[AndroidUiautomator2Driver@394c (b13f59d4)]&amp#27;[0m Waiting up to 30000ms for UiAutomator2 to be online...
&amp#27;[38;5;64m[ADB]&amp#27;[0m Creating ADB subprocess with args: ["-P","5037","-s","emulator-5554","shell","am","instrument","-w","-e","disableAnalytics","true","io.appium.uiautomator2.server.test/androidx.test.runner.AndroidJUnitRunner"]
&amp#27;[38;5;32m[AndroidUiautomator2Driver@394c (b13f59d4)]&amp#27;[0m Matched '/status' to command name 'getStatus'
&amp#27;[38;5;32m[AndroidUiautomator2Driver@394c (b13f59d4)]&amp#27;[0m Proxying [GET /status] to [GET http://127.0.0.1:8201/status] with no body
&amp#27;[38;5;32m[AndroidUiautomator2Driver@394c (b13f59d4)]&amp#27;[0m socket hang up
&amp#27;[35m[Appium]&amp#27;[39m Welcome to Appium v2.4.1
&amp#27;[35m[Appium]&amp#27;[39m Non-default server args:
&amp#27;[35m[Appium]&amp#27;[39m { address: &amp#27;[32m'127.0.0.1'&amp#27;[39m }
&amp#27;[35m[Appium]&amp#27;[39m The autodetected Appium home path: C:\Users\Kvp\.appium
&amp#27;[35m[Appium]&amp#27;[39m Attempting to load driver uiautomator2...
&amp#27;[35m[Appium]&amp#27;[39m Requiring driver at C:\Users\Kvp\.appium\node_modules\appium-uiautomator2-driver\build\index.js
&amp#27;[38;5;112m[Instrumentation]&amp#27;[0m io.appium.uiautomator2.server.test.AppiumUiAutomator2Server:
&amp#27;[38;5;32m[AndroidUiautomator2Driver@394c (b13f59d4)]&amp#27;[0m Matched '/status' to command name 'getStatus'
&amp#27;[38;5;32m[AndroidUiautomator2Driver@394c (b13f59d4)]&amp#27;[0m Proxying [GET /status] to [GET http://127.0.0.1:8201/status] with no body
&amp#27;[38;5;32m[AndroidUiautomator2Driver@394c (b13f59d4)]&amp#27;[0m socket hang up
&amp#27;[38;5;32m[AndroidUiautomator2Driver@394c (b13f59d4)]&amp#27;[0m Matched '/status' to command name 'getStatus'
&amp#27;[38;5;32m[AndroidUiautomator2Driver@394c (b13f59d4)]&amp#27;[0m Proxying [GET /status] to [GET http://127.0.0.1:8201/status] with no body
&amp#27;[38;5;32m[AndroidUiautomator2Driver@394c (b13f59d4)]&amp#27;[0m socket hang up
&amp#27;[35m[Appium]&amp#27;[39m AndroidUiautomator2Driver has been successfully loaded in 1.866s
&amp#27;[38;5;0m[HTTP]&amp#27;[0m Could not start REST http interface listener. The requested port may already be in use. Please make sure there is no other instance of this server running already.
&amp#27;[35m[Appium]&amp#27;[39m Could not configure Appium server. It's possible that a driver or plugin tried to update the server and failed. Original error: listen EADDRINUSE: address already in use 127.0.0.1:4723
&amp#27;[35m[Appium]&amp#27;[39m Error: listen EADDRINUSE: address already in use 127.0.0.1:4723
&amp#27;[35m[Appium]&amp#27;[39m     at Server.setupListenHandle [as _listen2] (node:net:1872:16)
&amp#27;[35m[Appium]&amp#27;[39m     at listenInCluster (node:net:1920:12)
&amp#27;[35m[Appium]&amp#27;[39m     at doListen (node:net:2075:7)
&amp#27;[35m[Appium]&amp#27;[39m     at processTicksAndRejections (node:internal/process/task_queues:83:21)
&amp#27;[38;5;32m[AndroidUiautomator2Driver@394c (b13f59d4)]&amp#27;[0m Matched '/status' to command name 'getStatus'
&amp#27;[38;5;32m[AndroidUiautomator2Driver@394c (b13f59d4)]&amp#27;[0m Proxying [GET /status] to [GET http://127.0.0.1:8201/status] with no body
&amp#27;[38;5;32m[AndroidUiautomator2Driver@394c (b13f59d4)]&amp#27;[0m Got response with status 200: {"sessionId":"None","value":{"message":"UiAutomator2 Server is ready to accept commands","ready":true}}
&amp#27;[38;5;32m[AndroidUiautomator2Driver@394c (b13f59d4)]&amp#27;[0m The initialization of the instrumentation process took 3239ms
&amp#27;[38;5;32m[AndroidUiautomator2Driver@394c (b13f59d4)]&amp#27;[0m Matched '/session' to command name 'createSession'
&amp#27;[38;5;32m[AndroidUiautomator2Driver@394c (b13f59d4)]&amp#27;[0m Proxying [POST /session] to [POST http://127.0.0.1:8201/session] with body: {"capabilities":{"firstMatch":[{"platformName":"ANDROID","deviceName":"emulator-5554","platformVersion":"11.0","app":"Project_Resources/app-release 22.apk","automationName":"UiAutomator2","platform":"LINUX","webStorageEnabled":false,"takesScreenshot":true,"javascriptEnabled":true,"databaseEnabled":false,"networkConnectionEnabled":true,"locationContextEnabled":false,"warnings":{},"desired":{"platformName":"ANDROID","deviceName":"Pixel 7 API 30","platformVersion":"11.0","app":"Project_Resources/app-release 22.apk","automationName":"UiAutomator2"},"deviceUDID":"emulator-5554","appPackage":"com.example.field_sales_app"}],"alwaysMatch":{}}}
&amp#27;[38;5;32m[AndroidUiautomator2Driver@394c (b13f59d4)]&amp#27;[0m Got response with status 200: {"sessionId":"19af0dab-d2e5-4bdc-a27c-6af81bb94df4","value":{"capabilities":{"firstMatch":[{"platformName":"ANDROID","deviceName":"emulator-5554","platformVersion":"11.0","app":"Project_Resources/app-release 22.apk","automationName":"UiAutomator2","platform":"LINUX","webStorageEnabled":false,"takesScreenshot":true,"javascriptEnabled":true,"databaseEnabled":false,"networkConnectionEnabled":true,"locationContextEnabled":false,"warnings":{},"desired":{"platformName":"ANDROID","deviceName":"Pixel 7 API 30","platformVersion":"11.0","app":"Project_Resources/app-release 22.apk","automationName":"UiAutomator2"},"deviceUDID":"emulator-5554","appPackage":"com.example.field_sales_app"}],"alwaysMatch":{}},"sessionId":"19af0dab-d2e5-4bdc-a27c-6af81bb94df4"}}
&amp#27;[38;5;32m[AndroidUiautomator2Driver@394c (b13f59d4)]&amp#27;[0m Determined the downstream protocol as 'W3C'
&amp#27;[38;5;32m[AndroidUiautomator2Driver@394c (b13f59d4)]&amp#27;[0m Proxying [GET /appium/device/pixel_ratio] to [GET http://127.0.0.1:8201/session/19af0dab-d2e5-4bdc-a27c-6af81bb94df4/appium/device/pixel_ratio] with no body
&amp#27;[38;5;32m[AndroidUiautomator2Driver@394c (b13f59d4)]&amp#27;[0m Matched '/appium/device/system_bars' to command name 'getSystemBars'
&amp#27;[38;5;32m[AndroidUiautomator2Driver@394c (b13f59d4)]&amp#27;[0m Proxying [GET /appium/device/system_bars] to [GET http://127.0.0.1:8201/session/19af0dab-d2e5-4bdc-a27c-6af81bb94df4/appium/device/system_bars] with no body
&amp#27;[38;5;32m[AndroidUiautomator2Driver@394c (b13f59d4)]&amp#27;[0m Matched '/window/current/size' to command name 'getWindowSize'
&amp#27;[38;5;32m[AndroidUiautomator2Driver@394c (b13f59d4)]&amp#27;[0m Proxying [GET /window/current/size] to [GET http://127.0.0.1:8201/session/19af0dab-d2e5-4bdc-a27c-6af81bb94df4/window/current/size] with no body
&amp#27;[38;5;32m[AndroidUiautomator2Driver@394c (b13f59d4)]&amp#27;[0m Proxying [GET /appium/device/info] to [GET http://127.0.0.1:8201/session/19af0dab-d2e5-4bdc-a27c-6af81bb94df4/appium/device/info] with no body
&amp#27;[38;5;64m[ADB]&amp#27;[0m Running 'C:\Users\Kvp\AppData\Local\Android\Sdk\platform-tools\adb.exe -P 5037 -s emulator-5554 shell dumpsys window'
&amp#27;[38;5;32m[AndroidUiautomator2Driver@394c (b13f59d4)]&amp#27;[0m Got response with status 200: {"sessionId":"19af0dab-d2e5-4bdc-a27c-6af81bb94df4","value":2.625}
&amp#27;[38;5;32m[AndroidUiautomator2Driver@394c (b13f59d4)]&amp#27;[0m Got response with status 200: {"sessionId":"19af0dab-d2e5-4bdc-a27c-6af81bb94df4","value":{"statusBar":136}}
&amp#27;[38;5;32m[AndroidUiautomator2Driver@394c (b13f59d4)]&amp#27;[0m Got response with status 200: {"sessionId":"19af0dab-d2e5-4bdc-a27c-6af81bb94df4","value":{"height":2400,"width":1080}}
&amp#27;[38;5;32m[AndroidUiautomator2Driver@394c (b13f59d4)]&amp#27;[0m Got response with status 200: {"sessionId":"19af0dab-d2e5-4bdc-a27c-6af81bb94df4","value":{"androidId":"edb8ac92f336e9f5","apiVersion":"30","bluetooth":{"state":"OFF"},"brand":"google","carrierName":"Android","displayDensity":420,"locale":"en_US","manufacturer":"Google","model":"sdk_gphone_x86","networks":[{"capabilities":{"SSID":null,"linkDownBandwidthKbps":30000,"linkUpstreamBandwidthKbps":15000,"networkCapabilities":"NET_CAPABILITY_MMS,NET_CAPABILITY_SUPL,NET_CAPABILITY_DUN,NET_CAPABILITY_FOTA,NET_CAPABILITY_IMS,NET_CAPABILITY_CBS,NET_CAPABILITY_INTERNET,NET_CAPABILITY_NOT_RESTRICTED,NET_CAPABILITY_TRUSTED,NET_CAPABILITY_NOT_VPN,NET_CAPABILITY_VALIDATED,NET_CAPABILITY_NOT_ROAMING,NET_CAPABILITY_NOT_CONGESTED,NET_CAPABILITY_NOT_SUSPENDED","signalStrength":-2147483648,"transportTypes":"TRANSPORT_CELLULAR"},"detailedState":"CONNECTED","extraInfo":"epc.tmobile.com","isAvailable":true,"isConnected":true,"isFailover":false,"isRoaming":false,"state":"CONNECTED","subtype":13,"subtypeName":"LTE","type":0,"typeName":"MOBILE"},{"capabilities":...
&amp#27;[38;5;80m[AndroidDriver]&amp#27;[0m Screen already unlocked, doing nothing
&amp#27;[38;5;32m[AndroidUiautomator2Driver@394c (b13f59d4)]&amp#27;[0m Starting 'com.example.field_sales_app/com.example.field_sales_app.MainActivity and waiting for 'com.example.field_sales_app/com.example.field_sales_app.MainActivity'
&amp#27;[38;5;64m[ADB]&amp#27;[0m Running 'C:\Users\Kvp\AppData\Local\Android\Sdk\platform-tools\adb.exe -P 5037 -s emulator-5554 shell am start -W -n com.example.field_sales_app/com.example.field_sales_app.MainActivity -S -a android.intent.action.MAIN -c android.intent.category.LAUNCHER -f 0x10200000'
&amp#27;[38;5;0m[HTTP]&amp#27;[0m &amp#27;[37m-->&amp#27;[39m &amp#27;[37mGET&amp#27;[39m &amp#27;[37m/session/fe1e5e56-571c-4eb6-898d-5d5d3bd3a4b3/timeouts&amp#27;[39m
&amp#27;[38;5;0m[HTTP]&amp#27;[0m &amp#27;[90m{}&amp#27;[39m
&amp#27;[38;5;16m[AppiumDriver@b18f]&amp#27;[0m Encountered internal error running command: NoSuchDriverError: A session is either terminated or not started
&amp#27;[38;5;16m[AppiumDriver@b18f]&amp#27;[0m     at asyncHandler (C:\Users\Kvp\AppData\Roaming\npm\node_modules\appium\node_modules\@appium\base-driver\lib\protocol\protocol.js:315:15)
&amp#27;[38;5;16m[AppiumDriver@b18f]&amp#27;[0m     at C:\Users\Kvp\AppData\Roaming\npm\node_modules\appium\node_modules\@appium\base-driver\lib\protocol\protocol.js:518:15
&amp#27;[38;5;16m[AppiumDriver@b18f]&amp#27;[0m     at Layer.handle [as handle_request] (C:\Users\Kvp\AppData\Roaming\npm\node_modules\appium\node_modules\express\lib\router\layer.js:95:5)
&amp#27;[38;5;16m[AppiumDriver@b18f]&amp#27;[0m     at next (C:\Users\Kvp\AppData\Roaming\npm\node_modules\appium\node_modules\express\lib\router\route.js:144:13)
&amp#27;[38;5;16m[AppiumDriver@b18f]&amp#27;[0m     at Route.dispatch (C:\Users\Kvp\AppData\Roaming\npm\node_modules\appium\node_modules\express\lib\router\route.js:114:3)
&amp#27;[38;5;16m[AppiumDriver@b18f]&amp#27;[0m     at Layer.handle [as handle_request] (C:\Users\Kvp\AppData\Roaming\npm\node_modules\appium\node_modules\express\lib\router\layer.js:95:5)
&amp#27;[38;5;16m[AppiumDriver@b18f]&amp#27;[0m     at C:\Users\Kvp\AppData\Roaming\npm\node_modules\appium\node_modules\express\lib\router\index.js:284:15
&amp#27;[38;5;16m[AppiumDriver@b18f]&amp#27;[0m     at param (C:\Users\Kvp\AppData\Roaming\npm\node_modules\appium\node_modules\express\lib\router\index.js:365:14)
&amp#27;[38;5;16m[AppiumDriver@b18f]&amp#27;[0m     at param (C:\Users\Kvp\AppData\Roaming\npm\node_modules\appium\node_modules\express\lib\router\index.js:376:14)
&amp#27;[38;5;16m[AppiumDriver@b18f]&amp#27;[0m     at Function.process_params (C:\Users\Kvp\AppData\Roaming\npm\node_modules\appium\node_modules\express\lib\router\index.js:421:3)
&amp#27;[38;5;16m[AppiumDriver@b18f]&amp#27;[0m     at next (C:\Users\Kvp\AppData\Roaming\npm\node_modules\appium\node_modules\express\lib\router\index.js:280:10)
&amp#27;[38;5;16m[AppiumDriver@b18f]&amp#27;[0m     at logger (C:\Users\Kvp\AppData\Roaming\npm\node_modules\appium\node_modules\morgan\index.js:144:5)
&amp#27;[38;5;16m[AppiumDriver@b18f]&amp#27;[0m     at Layer.handle [as handle_request] (C:\Users\Kvp\AppData\Roaming\npm\node_modules\appium\node_modules\express\lib\router\layer.js:95:5)
&amp#27;[38;5;16m[AppiumDriver@b18f]&amp#27;[0m     at trim_prefix (C:\Users\Kvp\AppData\Roaming\npm\node_modules\appium\node_modules\express\lib\router\index.js:328:13)
&amp#27;[38;5;16m[AppiumDriver@b18f]&amp#27;[0m     at C:\Users\Kvp\AppData\Roaming\npm\node_modules\appium\node_modules\express\lib\router\index.js:286:9
&amp#27;[38;5;16m[AppiumDriver@b18f]&amp#27;[0m     at Function.process_params (C:\Users\Kvp\AppData\Roaming\npm\node_modules\appium\node_modules\express\lib\router\index.js:346:12)
&amp#27;[38;5;16m[AppiumDriver@b18f]&amp#27;[0m     at next (C:\Users\Kvp\AppData\Roaming\npm\node_modules\appium\node_modules\express\lib\router\index.js:280:10)
&amp#27;[38;5;16m[AppiumDriver@b18f]&amp#27;[0m     at jsonParser (C:\Users\Kvp\AppData\Roaming\npm\node_modules\appium\node_modules\body-parser\lib\types\json.js:113:7)
&amp#27;[38;5;16m[AppiumDriver@b18f]&amp#27;[0m     at Layer.handle [as handle_request] (C:\Users\Kvp\AppData\Roaming\npm\node_modules\appium\node_modules\express\lib\router\layer.js:95:5)
&amp#27;[38;5;16m[AppiumDriver@b18f]&amp#27;[0m     at trim_prefix (C:\Users\Kvp\AppData\Roaming\npm\node_modules\appium\node_modules\express\lib\router\index.js:328:13)
&amp#27;[38;5;16m[AppiumDriver@b18f]&amp#27;[0m     at C:\Users\Kvp\AppData\Roaming\npm\node_modules\appium\node_modules\express\lib\router\index.js:286:9
&amp#27;[38;5;16m[AppiumDriver@b18f]&amp#27;[0m     at Function.process_params (C:\Users\Kvp\AppData\Roaming\npm\node_modules\appium\node_modules\express\lib\router\index.js:346:12)
&amp#27;[38;5;0m[HTTP]&amp#27;[0m &amp#27;[37m<-- GET /session/fe1e5e56-571c-4eb6-898d-5d5d3bd3a4b3/timeouts &amp#27;[39m&amp#27;[33m404&amp#27;[39m &amp#27;[90m4 ms - 3187&amp#27;[39m
&amp#27;[38;5;0m[HTTP]&amp#27;[0m &amp#27;[90m&amp#27;[39m
&amp#27;[38;5;64m[ADB]&amp#27;[0m Waiting up to 20000ms for activity matching pkg: 'com.example.field_sales_app' and activity: 'com.example.field_sales_app.MainActivity' to be focused
&amp#27;[38;5;64m[ADB]&amp#27;[0m Possible activities, to be checked: 'com.example.field_sales_app.MainActivity', 'com.example.field_sales_app.com.example.field_sales_app.MainActivity'
&amp#27;[38;5;64m[ADB]&amp#27;[0m Getting focused package and activity
&amp#27;[38;5;64m[ADB]&amp#27;[0m Running 'C:\Users\Kvp\AppData\Local\Android\Sdk\platform-tools\adb.exe -P 5037 -s emulator-5554 shell dumpsys window displays'
&amp#27;[38;5;64m[ADB]&amp#27;[0m Found package: 'com.example.field_sales_app' and fully qualified activity name : 'com.example.field_sales_app.MainActivity'
&amp#27;[38;5;16m[AppiumDriver@b18f]&amp#27;[0m New AndroidUiautomator2Driver session created successfully, session b13f59d4-d919-4432-b0cd-3cd2e3d3b4e7 added to master session list
&amp#27;[38;5;16m[AppiumDriver@b18f]&amp#27;[0m Event 'newSessionStarted' logged at 1709019145423 (13:02:25 GMT+0530 (India Standard Time))
&amp#27;[38;5;32m[AndroidUiautomator2Driver@394c (b13f59d4)]&amp#27;[0m Cached the protocol value 'W3C' for the new session b13f59d4-d919-4432-b0cd-3cd2e3d3b4e7
&amp#27;[38;5;32m[AndroidUiautomator2Driver@394c (b13f59d4)]&amp#27;[0m Responding to client with driver.createSession() result: {"capabilities":{"platformName":"ANDROID","deviceName":"emulator-5554","platformVersion":"11","app":"Project_Resources/app-release 22.apk","automationName":"UiAutomator2","platform":"LINUX","webStorageEnabled":false,"takesScreenshot":true,"javascriptEnabled":true,"databaseEnabled":false,"networkConnectionEnabled":true,"locationContextEnabled":false,"warnings":{},"desired":{"platformName":"ANDROID","deviceName":"Pixel 7 API 30","platformVersion":"11.0","app":"Project_Resources/app-release 22.apk","automationName":"UiAutomator2"},"deviceUDID":"emulator-5554","appPackage":"com.example.field_sales_app","pixelRatio":"2.625","statBarHeight":136,"viewportRect":{"left":0,"top":136,"width":1080,"height":2264},"deviceApiLevel":30,"deviceManufacturer":"Google","deviceModel":"sdk_gphone_x86","deviceScreenSize":"1080x2400","deviceScreenDensity":420}}
&amp#27;[38;5;0m[HTTP]&amp#27;[0m &amp#27;[37m<-- POST /session &amp#27;[39m&amp#27;[32m200&amp#27;[39m &amp#27;[90m11826 ms - 910&amp#27;[39m
&amp#27;[38;5;0m[HTTP]&amp#27;[0m &amp#27;[90m&amp#27;[39m
&amp#27;[38;5;0m[HTTP]&amp#27;[0m &amp#27;[37m-->&amp#27;[39m &amp#27;[37mPOST&amp#27;[39m &amp#27;[37m/session/b13f59d4-d919-4432-b0cd-3cd2e3d3b4e7/timeouts&amp#27;[39m
&amp#27;[38;5;0m[HTTP]&amp#27;[0m &amp#27;[90m{"implicit":10000}&amp#27;[39m
&amp#27;[38;5;32m[AndroidUiautomator2Driver@394c (b13f59d4)]&amp#27;[0m Calling AppiumDriver.timeouts() with args: [null,null,null,null,10000,"b13f59d4-d919-4432-b0cd-3cd2e3d3b4e7"]
&amp#27;[38;5;32m[AndroidUiautomator2Driver@394c (b13f59d4)]&amp#27;[0m W3C timeout argument: {"implicit":10000}}
&amp#27;[38;5;32m[AndroidUiautomator2Driver@394c (b13f59d4)]&amp#27;[0m Set implicit wait to 10000ms
&amp#27;[38;5;32m[AndroidUiautomator2Driver@394c (b13f59d4)]&amp#27;[0m Responding to client with driver.timeouts() result: null
&amp#27;[38;5;0m[HTTP]&amp#27;[0m &amp#27;[37m<-- POST /session/b13f59d4-d919-4432-b0cd-3cd2e3d3b4e7/timeouts &amp#27;[39m&amp#27;[32m200&amp#27;[39m &amp#27;[90m2 ms - 14&amp#27;[39m
&amp#27;[38;5;0m[HTTP]&amp#27;[0m &amp#27;[90m&amp#27;[39m
110203 [main] DEBUG devpinoyLogger  - -------------------Test Started-------------------
110203 [main] DEBUG devpinoyLogger  - -------------------Test Started-------------------
110203 [main] DEBUG devpinoyLogger  - -------------------Test Started-------------------
110203 [main] DEBUG devpinoyLogger  - -------------------Test Started-------------------
110203 [main] DEBUG devpinoyLogger  - -------------------Test Started-------------------
110203 [main] DEBUG devpinoyLogger  - -------------------Test Started-------------------
110203 [main] DEBUG devpinoyLogger  - -------------------Test Started-------------------
110203 [main] DEBUG devpinoyLogger  - -------------------Test Started-------------------
110203 [main] DEBUG devpinoyLogger  - -------------------Test Started-------------------
110203 [main] DEBUG devpinoyLogger  - -------------------Test Started-------------------
&amp#27;[38;5;0m[HTTP]&amp#27;[0m &amp#27;[37m-->&amp#27;[39m &amp#27;[37mPOST&amp#27;[39m &amp#27;[37m/session/b13f59d4-d919-4432-b0cd-3cd2e3d3b4e7/elements&amp#27;[39m
&amp#27;[38;5;0m[HTTP]&amp#27;[0m &amp#27;[90m{"value":"//android.view.View[3]","using":"xpath"}&amp#27;[39m
&amp#27;[38;5;32m[AndroidUiautomator2Driver@394c (b13f59d4)]&amp#27;[0m Calling AppiumDriver.findElements() with args: ["xpath","//android.view.View[3]","b13f59d4-d919-4432-b0cd-3cd2e3d3b4e7"]
&amp#27;[38;5;32m[AndroidUiautomator2Driver@394c (b13f59d4)]&amp#27;[0m Valid locator strategies for this request: xpath, id, class name, accessibility id, css selector, -android uiautomator
&amp#27;[38;5;32m[AndroidUiautomator2Driver@394c (b13f59d4)]&amp#27;[0m Waiting up to 10000 ms for condition
&amp#27;[38;5;32m[AndroidUiautomator2Driver@394c (b13f59d4)]&amp#27;[0m Matched '/elements' to command name 'findElements'
&amp#27;[38;5;32m[AndroidUiautomator2Driver@394c (b13f59d4)]&amp#27;[0m Proxying [POST /elements] to [POST http://127.0.0.1:8201/session/19af0dab-d2e5-4bdc-a27c-6af81bb94df4/elements] with body: {"strategy":"xpath","selector":"//android.view.View[3]","context":"","multiple":true}
&amp#27;[38;5;32m[AndroidUiautomator2Driver@394c (b13f59d4)]&amp#27;[0m Got response with status 200: {"sessionId":"19af0dab-d2e5-4bdc-a27c-6af81bb94df4","value":[]}
&amp#27;[38;5;32m[AndroidUiautomator2Driver@394c (b13f59d4)]&amp#27;[0m Waited for 974 ms so far
&amp#27;[38;5;32m[AndroidUiautomator2Driver@394c (b13f59d4)]&amp#27;[0m Matched '/elements' to command name 'findElements'
&amp#27;[38;5;32m[AndroidUiautomator2Driver@394c (b13f59d4)]&amp#27;[0m Proxying [POST /elements] to [POST http://127.0.0.1:8201/session/19af0dab-d2e5-4bdc-a27c-6af81bb94df4/elements] with body: {"strategy":"xpath","selector":"//android.view.View[3]","context":"","multiple":true}
&amp#27;[38;5;32m[AndroidUiautomator2Driver@394c (b13f59d4)]&amp#27;[0m Got response with status 200: {"sessionId":"19af0dab-d2e5-4bdc-a27c-6af81bb94df4","value":[]}
&amp#27;[38;5;32m[AndroidUiautomator2Driver@394c (b13f59d4)]&amp#27;[0m Waited for 1534 ms so far
&amp#27;[38;5;32m[AndroidUiautomator2Driver@394c (b13f59d4)]&amp#27;[0m Matched '/elements' to command name 'findElements'
&amp#27;[38;5;32m[AndroidUiautomator2Driver@394c (b13f59d4)]&amp#27;[0m Proxying [POST /elements] to [POST http://127.0.0.1:8201/session/19af0dab-d2e5-4bdc-a27c-6af81bb94df4/elements] with body: {"strategy":"xpath","selector":"//android.view.View[3]","context":"","multiple":true}
&amp#27;[38;5;32m[AndroidUiautomator2Driver@394c (b13f59d4)]&amp#27;[0m Got response with status 200: {"sessionId":"19af0dab-d2e5-4bdc-a27c-6af81bb94df4","value":[]}
&amp#27;[38;5;32m[AndroidUiautomator2Driver@394c (b13f59d4)]&amp#27;[0m Waited for 2097 ms so far
&amp#27;[38;5;32m[AndroidUiautomator2Driver@394c (b13f59d4)]&amp#27;[0m Matched '/elements' to command name 'findElements'
&amp#27;[38;5;32m[AndroidUiautomator2Driver@394c (b13f59d4)]&amp#27;[0m Proxying [POST /elements] to [POST http://127.0.0.1:8201/session/19af0dab-d2e5-4bdc-a27c-6af81bb94df4/elements] with body: {"strategy":"xpath","selector":"//android.view.View[3]","context":"","multiple":true}
&amp#27;[38;5;32m[AndroidUiautomator2Driver@394c (b13f59d4)]&amp#27;[0m Got response with status 200: {"sessionId":"19af0dab-d2e5-4bdc-a27c-6af81bb94df4","value":[]}
&amp#27;[38;5;32m[AndroidUiautomator2Driver@394c (b13f59d4)]&amp#27;[0m Waited for 2653 ms so far
&amp#27;[38;5;32m[AndroidUiautomator2Driver@394c (b13f59d4)]&amp#27;[0m Matched '/elements' to command name 'findElements'
&amp#27;[38;5;32m[AndroidUiautomator2Driver@394c (b13f59d4)]&amp#27;[0m Proxying [POST /elements] to [POST http://127.0.0.1:8201/session/19af0dab-d2e5-4bdc-a27c-6af81bb94df4/elements] with body: {"strategy":"xpath","selector":"//android.view.View[3]","context":"","multiple":true}
&amp#27;[38;5;32m[AndroidUiautomator2Driver@394c (b13f59d4)]&amp#27;[0m Got response with status 200: {"sessionId":"19af0dab-d2e5-4bdc-a27c-6af81bb94df4","value":[]}
&amp#27;[38;5;32m[AndroidUiautomator2Driver@394c (b13f59d4)]&amp#27;[0m Waited for 3200 ms so far
&amp#27;[38;5;32m[AndroidUiautomator2Driver@394c (b13f59d4)]&amp#27;[0m Matched '/elements' to command name 'findElements'
&amp#27;[38;5;32m[AndroidUiautomator2Driver@394c (b13f59d4)]&amp#27;[0m Proxying [POST /elements] to [POST http://127.0.0.1:8201/session/19af0dab-d2e5-4bdc-a27c-6af81bb94df4/elements] with body: {"strategy":"xpath","selector":"//android.view.View[3]","context":"","multiple":true}
&amp#27;[38;5;32m[AndroidUiautomator2Driver@394c (b13f59d4)]&amp#27;[0m Got response with status 200: {"sessionId":"19af0dab-d2e5-4bdc-a27c-6af81bb94df4","value":[]}
&amp#27;[38;5;32m[AndroidUiautomator2Driver@394c (b13f59d4)]&amp#27;[0m Waited for 3891 ms so far
&amp#27;[38;5;32m[AndroidUiautomator2Driver@394c (b13f59d4)]&amp#27;[0m Matched '/elements' to command name 'findElements'
&amp#27;[38;5;32m[AndroidUiautomator2Driver@394c (b13f59d4)]&amp#27;[0m Proxying [POST /elements] to [POST http://127.0.0.1:8201/session/19af0dab-d2e5-4bdc-a27c-6af81bb94df4/elements] with body: {"strategy":"xpath","selector":"//android.view.View[3]","context":"","multiple":true}
&amp#27;[38;5;32m[AndroidUiautomator2Driver@394c (b13f59d4)]&amp#27;[0m Got response with status 200: {"sessionId":"19af0dab-d2e5-4bdc-a27c-6af81bb94df4","value":[{"ELEMENT":"00000000-0000-00c1-0000-000b00000003","element-6066-11e4-a52e-4f735466cecf":"00000000-0000-00c1-0000-000b00000003"},{"ELEMENT":"00000000-0000-00c1-0000-001100000003","element-6066-11e4-a52e-4f735466cecf":"00000000-0000-00c1-0000-001100000003"}]}
&amp#27;[38;5;32m[AndroidUiautomator2Driver@394c (b13f59d4)]&amp#27;[0m Responding to client with driver.findElements() result: [{"element-6066-11e4-a52e-4f735466cecf":"00000000-0000-00c1-0000-000b00000003","ELEMENT":"00000000-0000-00c1-0000-000b00000003"},{"element-6066-11e4-a52e-4f735466cecf":"00000000-0000-00c1-0000-001100000003","ELEMENT":"00000000-0000-00c1-0000-001100000003"}]
&amp#27;[38;5;0m[HTTP]&amp#27;[0m &amp#27;[37m<-- POST /session/b13f59d4-d919-4432-b0cd-3cd2e3d3b4e7/elements &amp#27;[39m&amp#27;[32m200&amp#27;[39m &amp#27;[90m4519 ms - 267&amp#27;[39m
&amp#27;[38;5;0m[HTTP]&amp#27;[0m &amp#27;[90m&amp#27;[39m
&amp#27;[38;5;0m[HTTP]&amp#27;[0m &amp#27;[37m-->&amp#27;[39m &amp#27;[37mGET&amp#27;[39m &amp#27;[37m/session/b13f59d4-d919-4432-b0cd-3cd2e3d3b4e7/element/00000000-0000-00c1-0000-000b00000003/attribute/content-desc&amp#27;[39m
&amp#27;[38;5;0m[HTTP]&amp#27;[0m &amp#27;[90m{}&amp#27;[39m
&amp#27;[38;5;32m[AndroidUiautomator2Driver@394c (b13f59d4)]&amp#27;[0m Calling AppiumDriver.getAttribute() with args: ["content-desc","00000000-0000-00c1-0000-000b00000003","b13f59d4-d919-4432-b0cd-3cd2e3d3b4e7"]
&amp#27;[38;5;32m[AndroidUiautomator2Driver@394c (b13f59d4)]&amp#27;[0m Matched '/element/00000000-0000-00c1-0000-000b00000003/attribute/content-desc' to command name 'getAttribute'
&amp#27;[38;5;32m[AndroidUiautomator2Driver@394c (b13f59d4)]&amp#27;[0m Proxying [GET /element/00000000-0000-00c1-0000-000b00000003/attribute/content-desc] to [GET http://127.0.0.1:8201/session/19af0dab-d2e5-4bdc-a27c-6af81bb94df4/element/00000000-0000-00c1-0000-000b00000003/attribute/content-desc] with no body
&amp#27;[38;5;32m[AndroidUiautomator2Driver@394c (b13f59d4)]&amp#27;[0m Got response with status 200: {"sessionId":"19af0dab-d2e5-4bdc-a27c-6af81bb94df4","value":"February 2024"}
&amp#27;[38;5;32m[AndroidUiautomator2Driver@394c (b13f59d4)]&amp#27;[0m Responding to client with driver.getAttribute() result: "February 2024"
&amp#27;[38;5;0m[HTTP]&amp#27;[0m &amp#27;[37m<-- GET /session/b13f59d4-d919-4432-b0cd-3cd2e3d3b4e7/element/00000000-0000-00c1-0000-000b00000003/attribute/content-desc &amp#27;[39m&amp#27;[32m200&amp#27;[39m &amp#27;[90m16 ms - 25&amp#27;[39m
&amp#27;[38;5;0m[HTTP]&amp#27;[0m &amp#27;[90m&amp#27;[39m
&amp#27;[38;5;0m[HTTP]&amp#27;[0m &amp#27;[37m-->&amp#27;[39m &amp#27;[37mPOST&amp#27;[39m &amp#27;[37m/session/b13f59d4-d919-4432-b0cd-3cd2e3d3b4e7/elements&amp#27;[39m
&amp#27;[38;5;0m[HTTP]&amp#27;[0m &amp#27;[90m{"value":"//android.view.View[3]","using":"xpath"}&amp#27;[39m
&amp#27;[38;5;32m[AndroidUiautomator2Driver@394c (b13f59d4)]&amp#27;[0m Calling AppiumDriver.findElements() with args: ["xpath","//android.view.View[3]","b13f59d4-d919-4432-b0cd-3cd2e3d3b4e7"]
&amp#27;[38;5;32m[AndroidUiautomator2Driver@394c (b13f59d4)]&amp#27;[0m Valid locator strategies for this request: xpath, id, class name, accessibility id, css selector, -android uiautomator
&amp#27;[38;5;32m[AndroidUiautomator2Driver@394c (b13f59d4)]&amp#27;[0m Waiting up to 10000 ms for condition
&amp#27;[38;5;32m[AndroidUiautomator2Driver@394c (b13f59d4)]&amp#27;[0m Matched '/elements' to command name 'findElements'
&amp#27;[38;5;32m[AndroidUiautomator2Driver@394c (b13f59d4)]&amp#27;[0m Proxying [POST /elements] to [POST http://127.0.0.1:8201/session/19af0dab-d2e5-4bdc-a27c-6af81bb94df4/elements] with body: {"strategy":"xpath","selector":"//android.view.View[3]","context":"","multiple":true}
&amp#27;[38;5;32m[AndroidUiautomator2Driver@394c (b13f59d4)]&amp#27;[0m Got response with status 200: {"sessionId":"19af0dab-d2e5-4bdc-a27c-6af81bb94df4","value":[{"ELEMENT":"00000000-0000-00c1-0000-000b00000003","element-6066-11e4-a52e-4f735466cecf":"00000000-0000-00c1-0000-000b00000003"},{"ELEMENT":"00000000-0000-00c1-0000-001100000003","element-6066-11e4-a52e-4f735466cecf":"00000000-0000-00c1-0000-001100000003"}]}
&amp#27;[38;5;32m[AndroidUiautomator2Driver@394c (b13f59d4)]&amp#27;[0m Responding to client with driver.findElements() result: [{"element-6066-11e4-a52e-4f735466cecf":"00000000-0000-00c1-0000-000b00000003","ELEMENT":"00000000-0000-00c1-0000-000b00000003"},{"element-6066-11e4-a52e-4f735466cecf":"00000000-0000-00c1-0000-001100000003","ELEMENT":"00000000-0000-00c1-0000-001100000003"}]
&amp#27;[38;5;0m[HTTP]&amp#27;[0m &amp#27;[37m<-- POST /session/b13f59d4-d919-4432-b0cd-3cd2e3d3b4e7/elements &amp#27;[39m&amp#27;[32m200&amp#27;[39m &amp#27;[90m66 ms - 267&amp#27;[39m
&amp#27;[38;5;0m[HTTP]&amp#27;[0m &amp#27;[90m&amp#27;[39m
&amp#27;[38;5;0m[HTTP]&amp#27;[0m &amp#27;[37m-->&amp#27;[39m &amp#27;[37mGET&amp#27;[39m &amp#27;[37m/session/b13f59d4-d919-4432-b0cd-3cd2e3d3b4e7/element/00000000-0000-00c1-0000-000b00000003/attribute/content-desc&amp#27;[39m
&amp#27;[38;5;0m[HTTP]&amp#27;[0m &amp#27;[90m{}&amp#27;[39m
&amp#27;[38;5;32m[AndroidUiautomator2Driver@394c (b13f59d4)]&amp#27;[0m Calling AppiumDriver.getAttribute() with args: ["content-desc","00000000-0000-00c1-0000-000b00000003","b13f59d4-d919-4432-b0cd-3cd2e3d3b4e7"]
&amp#27;[38;5;32m[AndroidUiautomator2Driver@394c (b13f59d4)]&amp#27;[0m Matched '/element/00000000-0000-00c1-0000-000b00000003/attribute/content-desc' to command name 'getAttribute'
&amp#27;[38;5;32m[AndroidUiautomator2Driver@394c (b13f59d4)]&amp#27;[0m Proxying [GET /element/00000000-0000-00c1-0000-000b00000003/attribute/content-desc] to [GET http://127.0.0.1:8201/session/19af0dab-d2e5-4bdc-a27c-6af81bb94df4/element/00000000-0000-00c1-0000-000b00000003/attribute/content-desc] with no body
&amp#27;[38;5;32m[AndroidUiautomator2Driver@394c (b13f59d4)]&amp#27;[0m Got response with status 200: {"sessionId":"19af0dab-d2e5-4bdc-a27c-6af81bb94df4","value":"February 2024"}
&amp#27;[38;5;32m[AndroidUiautomator2Driver@394c (b13f59d4)]&amp#27;[0m Responding to client with driver.getAttribute() result: "February 2024"
&amp#27;[38;5;0m[HTTP]&amp#27;[0m &amp#27;[37m<-- GET /session/b13f59d4-d919-4432-b0cd-3cd2e3d3b4e7/element/00000000-0000-00c1-0000-000b00000003/attribute/content-desc &amp#27;[39m&amp#27;[32m200&amp#27;[39m &amp#27;[90m16 ms - 25&amp#27;[39m
&amp#27;[38;5;0m[HTTP]&amp#27;[0m &amp#27;[90m&amp#27;[39m
&amp#27;[38;5;0m[HTTP]&amp#27;[0m &amp#27;[37m-->&amp#27;[39m &amp#27;[37mPOST&amp#27;[39m &amp#27;[37m/session/b13f59d4-d919-4432-b0cd-3cd2e3d3b4e7/elements&amp#27;[39m
&amp#27;[38;5;0m[HTTP]&amp#27;[0m &amp#27;[90m{"value":"//android.view.View[3]","using":"xpath"}&amp#27;[39m
&amp#27;[38;5;32m[AndroidUiautomator2Driver@394c (b13f59d4)]&amp#27;[0m Calling AppiumDriver.findElements() with args: ["xpath","//android.view.View[3]","b13f59d4-d919-4432-b0cd-3cd2e3d3b4e7"]
&amp#27;[38;5;32m[AndroidUiautomator2Driver@394c (b13f59d4)]&amp#27;[0m Valid locator strategies for this request: xpath, id, class name, accessibility id, css selector, -android uiautomator
&amp#27;[38;5;32m[AndroidUiautomator2Driver@394c (b13f59d4)]&amp#27;[0m Waiting up to 10000 ms for condition
&amp#27;[38;5;32m[AndroidUiautomator2Driver@394c (b13f59d4)]&amp#27;[0m Matched '/elements' to command name 'findElements'
&amp#27;[38;5;32m[AndroidUiautomator2Driver@394c (b13f59d4)]&amp#27;[0m Proxying [POST /elements] to [POST http://127.0.0.1:8201/session/19af0dab-d2e5-4bdc-a27c-6af81bb94df4/elements] with body: {"strategy":"xpath","selector":"//android.view.View[3]","context":"","multiple":true}
&amp#27;[38;5;32m[AndroidUiautomator2Driver@394c (b13f59d4)]&amp#27;[0m Got response with status 200: {"sessionId":"19af0dab-d2e5-4bdc-a27c-6af81bb94df4","value":[{"ELEMENT":"00000000-0000-00c1-0000-000b00000003","element-6066-11e4-a52e-4f735466cecf":"00000000-0000-00c1-0000-000b00000003"},{"ELEMENT":"00000000-0000-00c1-0000-001100000003","element-6066-11e4-a52e-4f735466cecf":"00000000-0000-00c1-0000-001100000003"}]}
&amp#27;[38;5;32m[AndroidUiautomator2Driver@394c (b13f59d4)]&amp#27;[0m Responding to client with driver.findElements() result: [{"element-6066-11e4-a52e-4f735466cecf":"00000000-0000-00c1-0000-000b00000003","ELEMENT":"00000000-0000-00c1-0000-000b00000003"},{"element-6066-11e4-a52e-4f735466cecf":"00000000-0000-00c1-0000-001100000003","ELEMENT":"00000000-0000-00c1-0000-001100000003"}]
&amp#27;[38;5;0m[HTTP]&amp#27;[0m &amp#27;[37m<-- POST /session/b13f59d4-d919-4432-b0cd-3cd2e3d3b4e7/elements &amp#27;[39m&amp#27;[32m200&amp#27;[39m &amp#27;[90m61 ms - 267&amp#27;[39m
&amp#27;[38;5;0m[HTTP]&amp#27;[0m &amp#27;[90m&amp#27;[39m
&amp#27;[38;5;0m[HTTP]&amp#27;[0m &amp#27;[37m-->&amp#27;[39m &amp#27;[37mGET&amp#27;[39m &amp#27;[37m/session/b13f59d4-d919-4432-b0cd-3cd2e3d3b4e7/element/00000000-0000-00c1-0000-000b00000003/attribute/content-desc&amp#27;[39m
&amp#27;[38;5;0m[HTTP]&amp#27;[0m &amp#27;[90m{}&amp#27;[39m
&amp#27;[38;5;32m[AndroidUiautomator2Driver@394c (b13f59d4)]&amp#27;[0m Calling AppiumDriver.getAttribute() with args: ["content-desc","00000000-0000-00c1-0000-000b00000003","b13f59d4-d919-4432-b0cd-3cd2e3d3b4e7"]
&amp#27;[38;5;32m[AndroidUiautomator2Driver@394c (b13f59d4)]&amp#27;[0m Matched '/element/00000000-0000-00c1-0000-000b00000003/attribute/content-desc' to command name 'getAttribute'
&amp#27;[38;5;32m[AndroidUiautomator2Driver@394c (b13f59d4)]&amp#27;[0m Proxying [GET /element/00000000-0000-00c1-0000-000b00000003/attribute/content-desc] to [GET http://127.0.0.1:8201/session/19af0dab-d2e5-4bdc-a27c-6af81bb94df4/element/00000000-0000-00c1-0000-000b00000003/attribute/content-desc] with no body
&amp#27;[38;5;32m[AndroidUiautomator2Driver@394c (b13f59d4)]&amp#27;[0m Got response with status 200: {"sessionId":"19af0dab-d2e5-4bdc-a27c-6af81bb94df4","value":"February 2024"}
&amp#27;[38;5;32m[AndroidUiautomator2Driver@394c (b13f59d4)]&amp#27;[0m Responding to client with driver.getAttribute() result: "February 2024"
&amp#27;[38;5;0m[HTTP]&amp#27;[0m &amp#27;[37m<-- GET /session/b13f59d4-d919-4432-b0cd-3cd2e3d3b4e7/element/00000000-0000-00c1-0000-000b00000003/attribute/content-desc &amp#27;[39m&amp#27;[32m200&amp#27;[39m &amp#27;[90m22 ms - 25&amp#27;[39m
&amp#27;[38;5;0m[HTTP]&amp#27;[0m &amp#27;[90m&amp#27;[39m
&amp#27;[38;5;0m[HTTP]&amp#27;[0m &amp#27;[37m-->&amp#27;[39m &amp#27;[37mPOST&amp#27;[39m &amp#27;[37m/session/b13f59d4-d919-4432-b0cd-3cd2e3d3b4e7/elements&amp#27;[39m
&amp#27;[38;5;0m[HTTP]&amp#27;[0m &amp#27;[90m{"value":"//android.view.View[3]","using":"xpath"}&amp#27;[39m
&amp#27;[38;5;32m[AndroidUiautomator2Driver@394c (b13f59d4)]&amp#27;[0m Calling AppiumDriver.findElements() with args: ["xpath","//android.view.View[3]","b13f59d4-d919-4432-b0cd-3cd2e3d3b4e7"]
&amp#27;[38;5;32m[AndroidUiautomator2Driver@394c (b13f59d4)]&amp#27;[0m Valid locator strategies for this request: xpath, id, class name, accessibility id, css selector, -android uiautomator
&amp#27;[38;5;32m[AndroidUiautomator2Driver@394c (b13f59d4)]&amp#27;[0m Waiting up to 10000 ms for condition
&amp#27;[38;5;32m[AndroidUiautomator2Driver@394c (b13f59d4)]&amp#27;[0m Matched '/elements' to command name 'findElements'
&amp#27;[38;5;32m[AndroidUiautomator2Driver@394c (b13f59d4)]&amp#27;[0m Proxying [POST /elements] to [POST http://127.0.0.1:8201/session/19af0dab-d2e5-4bdc-a27c-6af81bb94df4/elements] with body: {"strategy":"xpath","selector":"//android.view.View[3]","context":"","multiple":true}
&amp#27;[38;5;32m[AndroidUiautomator2Driver@394c (b13f59d4)]&amp#27;[0m Got response with status 200: {"sessionId":"19af0dab-d2e5-4bdc-a27c-6af81bb94df4","value":[{"ELEMENT":"00000000-0000-00c1-0000-000b00000003","element-6066-11e4-a52e-4f735466cecf":"00000000-0000-00c1-0000-000b00000003"},{"ELEMENT":"00000000-0000-00c1-0000-001100000003","element-6066-11e4-a52e-4f735466cecf":"00000000-0000-00c1-0000-001100000003"}]}
&amp#27;[38;5;32m[AndroidUiautomator2Driver@394c (b13f59d4)]&amp#27;[0m Responding to client with driver.findElements() result: [{"element-6066-11e4-a52e-4f735466cecf":"00000000-0000-00c1-0000-000b00000003","ELEMENT":"00000000-0000-00c1-0000-000b00000003"},{"element-6066-11e4-a52e-4f735466cecf":"00000000-0000-00c1-0000-001100000003","ELEMENT":"00000000-0000-00c1-0000-001100000003"}]
&amp#27;[38;5;0m[HTTP]&amp#27;[0m &amp#27;[37m<-- POST /session/b13f59d4-d919-4432-b0cd-3cd2e3d3b4e7/elements &amp#27;[39m&amp#27;[32m200&amp#27;[39m &amp#27;[90m70 ms - 267&amp#27;[39m
&amp#27;[38;5;0m[HTTP]&amp#27;[0m &amp#27;[90m&amp#27;[39m
&amp#27;[38;5;0m[HTTP]&amp#27;[0m &amp#27;[37m-->&amp#27;[39m &amp#27;[37mGET&amp#27;[39m &amp#27;[37m/session/b13f59d4-d919-4432-b0cd-3cd2e3d3b4e7/element/00000000-0000-00c1-0000-000b00000003/attribute/content-desc&amp#27;[39m
&amp#27;[38;5;0m[HTTP]&amp#27;[0m &amp#27;[90m{}&amp#27;[39m
&amp#27;[38;5;32m[AndroidUiautomator2Driver@394c (b13f59d4)]&amp#27;[0m Calling AppiumDriver.getAttribute() with args: ["content-desc","00000000-0000-00c1-0000-000b00000003","b13f59d4-d919-4432-b0cd-3cd2e3d3b4e7"]
&amp#27;[38;5;32m[AndroidUiautomator2Driver@394c (b13f59d4)]&amp#27;[0m Matched '/element/00000000-0000-00c1-0000-000b00000003/attribute/content-desc' to command name 'getAttribute'
&amp#27;[38;5;32m[AndroidUiautomator2Driver@394c (b13f59d4)]&amp#27;[0m Proxying [GET /element/00000000-0000-00c1-0000-000b00000003/attribute/content-desc] to [GET http://127.0.0.1:8201/session/19af0dab-d2e5-4bdc-a27c-6af81bb94df4/element/00000000-0000-00c1-0000-000b00000003/attribute/content-desc] with no body
&amp#27;[38;5;32m[AndroidUiautomator2Driver@394c (b13f59d4)]&amp#27;[0m Got response with status 200: {"sessionId":"19af0dab-d2e5-4bdc-a27c-6af81bb94df4","value":"February 2024"}
&amp#27;[38;5;32m[AndroidUiautomator2Driver@394c (b13f59d4)]&amp#27;[0m Responding to client with driver.getAttribute() result: "February 2024"
&amp#27;[38;5;0m[HTTP]&amp#27;[0m &amp#27;[37m<-- GET /session/b13f59d4-d919-4432-b0cd-3cd2e3d3b4e7/element/00000000-0000-00c1-0000-000b00000003/attribute/content-desc &amp#27;[39m&amp#27;[32m200&amp#27;[39m &amp#27;[90m31 ms - 25&amp#27;[39m
&amp#27;[38;5;0m[HTTP]&amp#27;[0m &amp#27;[90m&amp#27;[39m
&amp#27;[38;5;0m[HTTP]&amp#27;[0m &amp#27;[37m-->&amp#27;[39m &amp#27;[37mPOST&amp#27;[39m &amp#27;[37m/session/b13f59d4-d919-4432-b0cd-3cd2e3d3b4e7/element&amp#27;[39m
&amp#27;[38;5;0m[HTTP]&amp#27;[0m &amp#27;[90m{"value":"//android.view.View[5]/android.view.View/android.view.View/android.view.View[5]","using":"xpath"}&amp#27;[39m
&amp#27;[38;5;32m[AndroidUiautomator2Driver@394c (b13f59d4)]&amp#27;[0m Calling AppiumDriver.findElement() with args: ["xpath","//android.view.View[5]/android.view.View/android.view.View/android.view.View[5]","b13f59d4-d919-4432-b0cd-3cd2e3d3b4e7"]
&amp#27;[38;5;32m[AndroidUiautomator2Driver@394c (b13f59d4)]&amp#27;[0m Valid locator strategies for this request: xpath, id, class name, accessibility id, css selector, -android uiautomator
&amp#27;[38;5;32m[AndroidUiautomator2Driver@394c (b13f59d4)]&amp#27;[0m Waiting up to 10000 ms for condition
&amp#27;[38;5;32m[AndroidUiautomator2Driver@394c (b13f59d4)]&amp#27;[0m Matched '/element' to command name 'findElement'
&amp#27;[38;5;32m[AndroidUiautomator2Driver@394c (b13f59d4)]&amp#27;[0m Proxying [POST /element] to [POST http://127.0.0.1:8201/session/19af0dab-d2e5-4bdc-a27c-6af81bb94df4/element] with body: {"strategy":"xpath","selector":"//android.view.View[5]/android.view.View/android.view.View/android.view.View[5]","context":"","multiple":false}
&amp#27;[38;5;32m[AndroidUiautomator2Driver@394c (b13f59d4)]&amp#27;[0m Got response with status 200: {"sessionId":"19af0dab-d2e5-4bdc-a27c-6af81bb94df4","value":{"ELEMENT":"00000000-0000-00c1-0000-001300000003","element-6066-11e4-a52e-4f735466cecf":"00000000-0000-00c1-0000-001300000003"}}
&amp#27;[38;5;32m[AndroidUiautomator2Driver@394c (b13f59d4)]&amp#27;[0m Responding to client with driver.findElement() result: {"element-6066-11e4-a52e-4f735466cecf":"00000000-0000-00c1-0000-001300000003","ELEMENT":"00000000-0000-00c1-0000-001300000003"}
&amp#27;[38;5;0m[HTTP]&amp#27;[0m &amp#27;[37m<-- POST /session/b13f59d4-d919-4432-b0cd-3cd2e3d3b4e7/element &amp#27;[39m&amp#27;[32m200&amp#27;[39m &amp#27;[90m58 ms - 137&amp#27;[39m
&amp#27;[38;5;0m[HTTP]&amp#27;[0m &amp#27;[90m&amp#27;[39m
&amp#27;[38;5;0m[HTTP]&amp#27;[0m &amp#27;[37m-->&amp#27;[39m &amp#27;[37mGET&amp#27;[39m &amp#27;[37m/session/b13f59d4-d919-4432-b0cd-3cd2e3d3b4e7/element/00000000-0000-00c1-0000-001300000003/attribute/content-desc&amp#27;[39m
&amp#27;[38;5;0m[HTTP]&amp#27;[0m &amp#27;[90m{}&amp#27;[39m
&amp#27;[38;5;32m[AndroidUiautomator2Driver@394c (b13f59d4)]&amp#27;[0m Calling AppiumDriver.getAttribute() with args: ["content-desc","00000000-0000-00c1-0000-001300000003","b13f59d4-d919-4432-b0cd-3cd2e3d3b4e7"]
&amp#27;[38;5;32m[AndroidUiautomator2Driver@394c (b13f59d4)]&amp#27;[0m Matched '/element/00000000-0000-00c1-0000-001300000003/attribute/content-desc' to command name 'getAttribute'
&amp#27;[38;5;32m[AndroidUiautomator2Driver@394c (b13f59d4)]&amp#27;[0m Proxying [GET /element/00000000-0000-00c1-0000-001300000003/attribute/content-desc] to [GET http://127.0.0.1:8201/session/19af0dab-d2e5-4bdc-a27c-6af81bb94df4/element/00000000-0000-00c1-0000-001300000003/attribute/content-desc] with no body
&amp#27;[38;5;32m[AndroidUiautomator2Driver@394c (b13f59d4)]&amp#27;[0m Got response with status 200: {"sessionId":"19af0dab-d2e5-4bdc-a27c-6af81bb94df4","value":"Thursday, February 29, 2024"}
&amp#27;[38;5;32m[AndroidUiautomator2Driver@394c (b13f59d4)]&amp#27;[0m Responding to client with driver.getAttribute() result: "Thursday, February 29, 2024"
&amp#27;[38;5;0m[HTTP]&amp#27;[0m &amp#27;[37m<-- GET /session/b13f59d4-d919-4432-b0cd-3cd2e3d3b4e7/element/00000000-0000-00c1-0000-001300000003/attribute/content-desc &amp#27;[39m&amp#27;[32m200&amp#27;[39m &amp#27;[90m15 ms - 39&amp#27;[39m
&amp#27;[38;5;0m[HTTP]&amp#27;[0m &amp#27;[90m&amp#27;[39m
&amp#27;[38;5;0m[HTTP]&amp#27;[0m &amp#27;[37m-->&amp#27;[39m &amp#27;[37mPOST&amp#27;[39m &amp#27;[37m/session/b13f59d4-d919-4432-b0cd-3cd2e3d3b4e7/element&amp#27;[39m
&amp#27;[38;5;0m[HTTP]&amp#27;[0m &amp#27;[90m{"value":"//android.view.View[5]/android.view.View/android.view.View/android.view.View[5]","using":"xpath"}&amp#27;[39m
&amp#27;[38;5;32m[AndroidUiautomator2Driver@394c (b13f59d4)]&amp#27;[0m Calling AppiumDriver.findElement() with args: ["xpath","//android.view.View[5]/android.view.View/android.view.View/android.view.View[5]","b13f59d4-d919-4432-b0cd-3cd2e3d3b4e7"]
&amp#27;[38;5;32m[AndroidUiautomator2Driver@394c (b13f59d4)]&amp#27;[0m Valid locator strategies for this request: xpath, id, class name, accessibility id, css selector, -android uiautomator
&amp#27;[38;5;32m[AndroidUiautomator2Driver@394c (b13f59d4)]&amp#27;[0m Waiting up to 10000 ms for condition
&amp#27;[38;5;32m[AndroidUiautomator2Driver@394c (b13f59d4)]&amp#27;[0m Matched '/element' to command name 'findElement'
&amp#27;[38;5;32m[AndroidUiautomator2Driver@394c (b13f59d4)]&amp#27;[0m Proxying [POST /element] to [POST http://127.0.0.1:8201/session/19af0dab-d2e5-4bdc-a27c-6af81bb94df4/element] with body: {"strategy":"xpath","selector":"//android.view.View[5]/android.view.View/android.view.View/android.view.View[5]","context":"","multiple":false}
&amp#27;[38;5;32m[AndroidUiautomator2Driver@394c (b13f59d4)]&amp#27;[0m Got response with status 200: {"sessionId":"19af0dab-d2e5-4bdc-a27c-6af81bb94df4","value":{"ELEMENT":"00000000-0000-00c1-0000-001300000003","element-6066-11e4-a52e-4f735466cecf":"00000000-0000-00c1-0000-001300000003"}}
&amp#27;[38;5;32m[AndroidUiautomator2Driver@394c (b13f59d4)]&amp#27;[0m Responding to client with driver.findElement() result: {"element-6066-11e4-a52e-4f735466cecf":"00000000-0000-00c1-0000-001300000003","ELEMENT":"00000000-0000-00c1-0000-001300000003"}
&amp#27;[38;5;0m[HTTP]&amp#27;[0m &amp#27;[37m<-- POST /session/b13f59d4-d919-4432-b0cd-3cd2e3d3b4e7/element &amp#27;[39m&amp#27;[32m200&amp#27;[39m &amp#27;[90m56 ms - 137&amp#27;[39m
&amp#27;[38;5;0m[HTTP]&amp#27;[0m &amp#27;[90m&amp#27;[39m
&amp#27;[38;5;0m[HTTP]&amp#27;[0m &amp#27;[37m-->&amp#27;[39m &amp#27;[37mGET&amp#27;[39m &amp#27;[37m/session/b13f59d4-d919-4432-b0cd-3cd2e3d3b4e7/element/00000000-0000-00c1-0000-001300000003/attribute/content-desc&amp#27;[39m
&amp#27;[38;5;0m[HTTP]&amp#27;[0m &amp#27;[90m{}&amp#27;[39m
&amp#27;[38;5;32m[AndroidUiautomator2Driver@394c (b13f59d4)]&amp#27;[0m Calling AppiumDriver.getAttribute() with args: ["content-desc","00000000-0000-00c1-0000-001300000003","b13f59d4-d919-4432-b0cd-3cd2e3d3b4e7"]
&amp#27;[38;5;32m[AndroidUiautomator2Driver@394c (b13f59d4)]&amp#27;[0m Matched '/element/00000000-0000-00c1-0000-001300000003/attribute/content-desc' to command name 'getAttribute'
&amp#27;[38;5;32m[AndroidUiautomator2Driver@394c (b13f59d4)]&amp#27;[0m Proxying [GET /element/00000000-0000-00c1-0000-001300000003/attribute/content-desc] to [GET http://127.0.0.1:8201/session/19af0dab-d2e5-4bdc-a27c-6af81bb94df4/element/00000000-0000-00c1-0000-001300000003/attribute/content-desc] with no body
&amp#27;[38;5;32m[AndroidUiautomator2Driver@394c (b13f59d4)]&amp#27;[0m Got response with status 200: {"sessionId":"19af0dab-d2e5-4bdc-a27c-6af81bb94df4","value":"Thursday, February 29, 2024"}
&amp#27;[38;5;32m[AndroidUiautomator2Driver@394c (b13f59d4)]&amp#27;[0m Responding to client with driver.getAttribute() result: "Thursday, February 29, 2024"
&amp#27;[38;5;0m[HTTP]&amp#27;[0m &amp#27;[37m<-- GET /session/b13f59d4-d919-4432-b0cd-3cd2e3d3b4e7/element/00000000-0000-00c1-0000-001300000003/attribute/content-desc &amp#27;[39m&amp#27;[32m200&amp#27;[39m &amp#27;[90m15 ms - 39&amp#27;[39m
&amp#27;[38;5;0m[HTTP]&amp#27;[0m &amp#27;[90m&amp#27;[39m
&amp#27;[38;5;0m[HTTP]&amp#27;[0m &amp#27;[37m-->&amp#27;[39m &amp#27;[37mPOST&amp#27;[39m &amp#27;[37m/session/b13f59d4-d919-4432-b0cd-3cd2e3d3b4e7/touch/perform&amp#27;[39m
&amp#27;[38;5;0m[HTTP]&amp#27;[0m &amp#27;[90m{"actions":[{"action":"press","options":{"x":100,"y":474}},{"action":"moveTo","options":{"x":936,"y":474}},{"action":"release","options":{}}]}&amp#27;[39m
&amp#27;[38;5;32m[AndroidUiautomator2Driver@394c (b13f59d4)]&amp#27;[0m Calling AppiumDriver.performTouch() with args: [[{"action":"press","options":{"x":100,"y":474}},{"action":"moveTo","options":{"x":936,"y":474}},{"action":"release","options":{}}],"b13f59d4-d919-4432-b0cd-3cd2e3d3b4e7"]
&amp#27;[38;5;32m[AndroidUiautomator2Driver@394c (b13f59d4)]&amp#27;[0m Matched '/touch/down' to command name 'touchDown'
&amp#27;[38;5;32m[AndroidUiautomator2Driver@394c (b13f59d4)]&amp#27;[0m Proxying [POST /touch/down] to [POST http://127.0.0.1:8201/session/19af0dab-d2e5-4bdc-a27c-6af81bb94df4/touch/down] with body: {"params":{"element":"","x":100,"y":474}}
&amp#27;[38;5;32m[AndroidUiautomator2Driver@394c (b13f59d4)]&amp#27;[0m Got response with status 200: {"sessionId":"19af0dab-d2e5-4bdc-a27c-6af81bb94df4","value":null}
&amp#27;[38;5;32m[AndroidUiautomator2Driver@394c (b13f59d4)]&amp#27;[0m Matched '/touch/move' to command name 'touchMove'
&amp#27;[38;5;32m[AndroidUiautomator2Driver@394c (b13f59d4)]&amp#27;[0m Proxying [POST /touch/move] to [POST http://127.0.0.1:8201/session/19af0dab-d2e5-4bdc-a27c-6af81bb94df4/touch/move] with body: {"params":{"element":"","x":936,"y":474}}
&amp#27;[38;5;32m[AndroidUiautomator2Driver@394c (b13f59d4)]&amp#27;[0m Got response with status 200: {"sessionId":"19af0dab-d2e5-4bdc-a27c-6af81bb94df4","value":null}
&amp#27;[38;5;32m[AndroidUiautomator2Driver@394c (b13f59d4)]&amp#27;[0m Matched '/touch/up' to command name 'touchUp'
&amp#27;[38;5;32m[AndroidUiautomator2Driver@394c (b13f59d4)]&amp#27;[0m Proxying [POST /touch/up] to [POST http://127.0.0.1:8201/session/19af0dab-d2e5-4bdc-a27c-6af81bb94df4/touch/up] with body: {"params":{"element":"undefined","x":936,"y":474}}
&amp#27;[38;5;32m[AndroidUiautomator2Driver@394c (b13f59d4)]&amp#27;[0m Got response with status 200: {"sessionId":"19af0dab-d2e5-4bdc-a27c-6af81bb94df4","value":null}
&amp#27;[38;5;32m[AndroidUiautomator2Driver@394c (b13f59d4)]&amp#27;[0m Responding to client with driver.performTouch() result: null
&amp#27;[38;5;0m[HTTP]&amp#27;[0m &amp#27;[37m<-- POST /session/b13f59d4-d919-4432-b0cd-3cd2e3d3b4e7/touch/perform &amp#27;[39m&amp#27;[32m200&amp#27;[39m &amp#27;[90m2363 ms - 14&amp#27;[39m
&amp#27;[38;5;0m[HTTP]&amp#27;[0m &amp#27;[90m&amp#27;[39m
&amp#27;[38;5;0m[HTTP]&amp#27;[0m &amp#27;[37m-->&amp#27;[39m &amp#27;[37mPOST&amp#27;[39m &amp#27;[37m/session/b13f59d4-d919-4432-b0cd-3cd2e3d3b4e7/element&amp#27;[39m
&amp#27;[38;5;0m[HTTP]&amp#27;[0m &amp#27;[90m{"value":"//android.view.View[5]/android.view.View/android.view.View/android.view.View[5]","using":"xpath"}&amp#27;[39m
&amp#27;[38;5;32m[AndroidUiautomator2Driver@394c (b13f59d4)]&amp#27;[0m Calling AppiumDriver.findElement() with args: ["xpath","//android.view.View[5]/android.view.View/android.view.View/android.view.View[5]","b13f59d4-d919-4432-b0cd-3cd2e3d3b4e7"]
&amp#27;[38;5;32m[AndroidUiautomator2Driver@394c (b13f59d4)]&amp#27;[0m Valid locator strategies for this request: xpath, id, class name, accessibility id, css selector, -android uiautomator
&amp#27;[38;5;32m[AndroidUiautomator2Driver@394c (b13f59d4)]&amp#27;[0m Waiting up to 10000 ms for condition
&amp#27;[38;5;32m[AndroidUiautomator2Driver@394c (b13f59d4)]&amp#27;[0m Matched '/element' to command name 'findElement'
&amp#27;[38;5;32m[AndroidUiautomator2Driver@394c (b13f59d4)]&amp#27;[0m Proxying [POST /element] to [POST http://127.0.0.1:8201/session/19af0dab-d2e5-4bdc-a27c-6af81bb94df4/element] with body: {"strategy":"xpath","selector":"//android.view.View[5]/android.view.View/android.view.View/android.view.View[5]","context":"","multiple":false}
&amp#27;[38;5;32m[AndroidUiautomator2Driver@394c (b13f59d4)]&amp#27;[0m Got response with status 200: {"sessionId":"19af0dab-d2e5-4bdc-a27c-6af81bb94df4","value":{"ELEMENT":"00000000-0000-00c1-0000-002200000003","element-6066-11e4-a52e-4f735466cecf":"00000000-0000-00c1-0000-002200000003"}}
&amp#27;[38;5;32m[AndroidUiautomator2Driver@394c (b13f59d4)]&amp#27;[0m Responding to client with driver.findElement() result: {"element-6066-11e4-a52e-4f735466cecf":"00000000-0000-00c1-0000-002200000003","ELEMENT":"00000000-0000-00c1-0000-002200000003"}
&amp#27;[38;5;0m[HTTP]&amp#27;[0m &amp#27;[37m<-- POST /session/b13f59d4-d919-4432-b0cd-3cd2e3d3b4e7/element &amp#27;[39m&amp#27;[32m200&amp#27;[39m &amp#27;[90m50 ms - 137&amp#27;[39m
&amp#27;[38;5;0m[HTTP]&amp#27;[0m &amp#27;[90m&amp#27;[39m
&amp#27;[38;5;0m[HTTP]&amp#27;[0m &amp#27;[37m-->&amp#27;[39m &amp#27;[37mGET&amp#27;[39m &amp#27;[37m/session/b13f59d4-d919-4432-b0cd-3cd2e3d3b4e7/element/00000000-0000-00c1-0000-002200000003/attribute/content-desc&amp#27;[39m
&amp#27;[38;5;0m[HTTP]&amp#27;[0m &amp#27;[90m{}&amp#27;[39m
&amp#27;[38;5;32m[AndroidUiautomator2Driver@394c (b13f59d4)]&amp#27;[0m Calling AppiumDriver.getAttribute() with args: ["content-desc","00000000-0000-00c1-0000-002200000003","b13f59d4-d919-4432-b0cd-3cd2e3d3b4e7"]
&amp#27;[38;5;32m[AndroidUiautomator2Driver@394c (b13f59d4)]&amp#27;[0m Matched '/element/00000000-0000-00c1-0000-002200000003/attribute/content-desc' to command name 'getAttribute'
&amp#27;[38;5;32m[AndroidUiautomator2Driver@394c (b13f59d4)]&amp#27;[0m Proxying [GET /element/00000000-0000-00c1-0000-002200000003/attribute/content-desc] to [GET http://127.0.0.1:8201/session/19af0dab-d2e5-4bdc-a27c-6af81bb94df4/element/00000000-0000-00c1-0000-002200000003/attribute/content-desc] with no body
&amp#27;[38;5;32m[AndroidUiautomator2Driver@394c (b13f59d4)]&amp#27;[0m Got response with status 200: {"sessionId":"19af0dab-d2e5-4bdc-a27c-6af81bb94df4","value":"Thursday, February 22, 2024"}
&amp#27;[38;5;32m[AndroidUiautomator2Driver@394c (b13f59d4)]&amp#27;[0m Responding to client with driver.getAttribute() result: "Thursday, February 22, 2024"
&amp#27;[38;5;0m[HTTP]&amp#27;[0m &amp#27;[37m<-- GET /session/b13f59d4-d919-4432-b0cd-3cd2e3d3b4e7/element/00000000-0000-00c1-0000-002200000003/attribute/content-desc &amp#27;[39m&amp#27;[32m200&amp#27;[39m &amp#27;[90m15 ms - 39&amp#27;[39m
&amp#27;[38;5;0m[HTTP]&amp#27;[0m &amp#27;[90m&amp#27;[39m
&amp#27;[38;5;0m[HTTP]&amp#27;[0m &amp#27;[37m-->&amp#27;[39m &amp#27;[37mPOST&amp#27;[39m &amp#27;[37m/session/b13f59d4-d919-4432-b0cd-3cd2e3d3b4e7/element&amp#27;[39m
&amp#27;[38;5;0m[HTTP]&amp#27;[0m &amp#27;[90m{"value":"//android.view.View[5]/android.view.View/android.view.View/android.view.View[5]","using":"xpath"}&amp#27;[39m
&amp#27;[38;5;32m[AndroidUiautomator2Driver@394c (b13f59d4)]&amp#27;[0m Calling AppiumDriver.findElement() with args: ["xpath","//android.view.View[5]/android.view.View/android.view.View/android.view.View[5]","b13f59d4-d919-4432-b0cd-3cd2e3d3b4e7"]
&amp#27;[38;5;32m[AndroidUiautomator2Driver@394c (b13f59d4)]&amp#27;[0m Valid locator strategies for this request: xpath, id, class name, accessibility id, css selector, -android uiautomator
&amp#27;[38;5;32m[AndroidUiautomator2Driver@394c (b13f59d4)]&amp#27;[0m Waiting up to 10000 ms for condition
&amp#27;[38;5;32m[AndroidUiautomator2Driver@394c (b13f59d4)]&amp#27;[0m Matched '/element' to command name 'findElement'
&amp#27;[38;5;32m[AndroidUiautomator2Driver@394c (b13f59d4)]&amp#27;[0m Proxying [POST /element] to [POST http://127.0.0.1:8201/session/19af0dab-d2e5-4bdc-a27c-6af81bb94df4/element] with body: {"strategy":"xpath","selector":"//android.view.View[5]/android.view.View/android.view.View/android.view.View[5]","context":"","multiple":false}
&amp#27;[38;5;32m[AndroidUiautomator2Driver@394c (b13f59d4)]&amp#27;[0m Got response with status 200: {"sessionId":"19af0dab-d2e5-4bdc-a27c-6af81bb94df4","value":{"ELEMENT":"00000000-0000-00c1-0000-002200000003","element-6066-11e4-a52e-4f735466cecf":"00000000-0000-00c1-0000-002200000003"}}
&amp#27;[38;5;32m[AndroidUiautomator2Driver@394c (b13f59d4)]&amp#27;[0m Responding to client with driver.findElement() result: {"element-6066-11e4-a52e-4f735466cecf":"00000000-0000-00c1-0000-002200000003","ELEMENT":"00000000-0000-00c1-0000-002200000003"}
&amp#27;[38;5;0m[HTTP]&amp#27;[0m &amp#27;[37m<-- POST /session/b13f59d4-d919-4432-b0cd-3cd2e3d3b4e7/element &amp#27;[39m&amp#27;[32m200&amp#27;[39m &amp#27;[90m51 ms - 137&amp#27;[39m
&amp#27;[38;5;0m[HTTP]&amp#27;[0m &amp#27;[90m&amp#27;[39m
&amp#27;[38;5;0m[HTTP]&amp#27;[0m &amp#27;[37m-->&amp#27;[39m &amp#27;[37mGET&amp#27;[39m &amp#27;[37m/session/b13f59d4-d919-4432-b0cd-3cd2e3d3b4e7/element/00000000-0000-00c1-0000-002200000003/attribute/content-desc&amp#27;[39m
&amp#27;[38;5;0m[HTTP]&amp#27;[0m &amp#27;[90m{}&amp#27;[39m
&amp#27;[38;5;32m[AndroidUiautomator2Driver@394c (b13f59d4)]&amp#27;[0m Calling AppiumDriver.getAttribute() with args: ["content-desc","00000000-0000-00c1-0000-002200000003","b13f59d4-d919-4432-b0cd-3cd2e3d3b4e7"]
&amp#27;[38;5;32m[AndroidUiautomator2Driver@394c (b13f59d4)]&amp#27;[0m Matched '/element/00000000-0000-00c1-0000-002200000003/attribute/content-desc' to command name 'getAttribute'
&amp#27;[38;5;32m[AndroidUiautomator2Driver@394c (b13f59d4)]&amp#27;[0m Proxying [GET /element/00000000-0000-00c1-0000-002200000003/attribute/content-desc] to [GET http://127.0.0.1:8201/session/19af0dab-d2e5-4bdc-a27c-6af81bb94df4/element/00000000-0000-00c1-0000-002200000003/attribute/content-desc] with no body
&amp#27;[38;5;32m[AndroidUiautomator2Driver@394c (b13f59d4)]&amp#27;[0m Got response with status 200: {"sessionId":"19af0dab-d2e5-4bdc-a27c-6af81bb94df4","value":"Thursday, February 22, 2024"}
&amp#27;[38;5;32m[AndroidUiautomator2Driver@394c (b13f59d4)]&amp#27;[0m Responding to client with driver.getAttribute() result: "Thursday, February 22, 2024"
&amp#27;[38;5;0m[HTTP]&amp#27;[0m &amp#27;[37m<-- GET /session/b13f59d4-d919-4432-b0cd-3cd2e3d3b4e7/element/00000000-0000-00c1-0000-002200000003/attribute/content-desc &amp#27;[39m&amp#27;[32m200&amp#27;[39m &amp#27;[90m17 ms - 39&amp#27;[39m
&amp#27;[38;5;0m[HTTP]&amp#27;[0m &amp#27;[90m&amp#27;[39m
&amp#27;[38;5;0m[HTTP]&amp#27;[0m &amp#27;[37m-->&amp#27;[39m &amp#27;[37mPOST&amp#27;[39m &amp#27;[37m/session/b13f59d4-d919-4432-b0cd-3cd2e3d3b4e7/touch/perform&amp#27;[39m
&amp#27;[38;5;0m[HTTP]&amp#27;[0m &amp#27;[90m{"actions":[{"action":"press","options":{"x":100,"y":474}},{"action":"moveTo","options":{"x":936,"y":474}},{"action":"release","options":{}}]}&amp#27;[39m
&amp#27;[38;5;32m[AndroidUiautomator2Driver@394c (b13f59d4)]&amp#27;[0m Calling AppiumDriver.performTouch() with args: [[{"action":"press","options":{"x":100,"y":474}},{"action":"moveTo","options":{"x":936,"y":474}},{"action":"release","options":{}}],"b13f59d4-d919-4432-b0cd-3cd2e3d3b4e7"]
&amp#27;[38;5;32m[AndroidUiautomator2Driver@394c (b13f59d4)]&amp#27;[0m Matched '/touch/down' to command name 'touchDown'
&amp#27;[38;5;32m[AndroidUiautomator2Driver@394c (b13f59d4)]&amp#27;[0m Proxying [POST /touch/down] to [POST http://127.0.0.1:8201/session/19af0dab-d2e5-4bdc-a27c-6af81bb94df4/touch/down] with body: {"params":{"element":"","x":100,"y":474}}
&amp#27;[38;5;0m[HTTP]&amp#27;[0m &amp#27;[37m-->&amp#27;[39m &amp#27;[37mGET&amp#27;[39m &amp#27;[37m/session/fe1e5e56-571c-4eb6-898d-5d5d3bd3a4b3/timeouts&amp#27;[39m
&amp#27;[38;5;0m[HTTP]&amp#27;[0m &amp#27;[90m{}&amp#27;[39m
&amp#27;[38;5;16m[AppiumDriver@b18f]&amp#27;[0m Encountered internal error running command: NoSuchDriverError: A session is either terminated or not started
&amp#27;[38;5;16m[AppiumDriver@b18f]&amp#27;[0m     at asyncHandler (C:\Users\Kvp\AppData\Roaming\npm\node_modules\appium\node_modules\@appium\base-driver\lib\protocol\protocol.js:315:15)
&amp#27;[38;5;16m[AppiumDriver@b18f]&amp#27;[0m     at C:\Users\Kvp\AppData\Roaming\npm\node_modules\appium\node_modules\@appium\base-driver\lib\protocol\protocol.js:518:15
&amp#27;[38;5;16m[AppiumDriver@b18f]&amp#27;[0m     at Layer.handle [as handle_request] (C:\Users\Kvp\AppData\Roaming\npm\node_modules\appium\node_modules\express\lib\router\layer.js:95:5)
&amp#27;[38;5;16m[AppiumDriver@b18f]&amp#27;[0m     at next (C:\Users\Kvp\AppData\Roaming\npm\node_modules\appium\node_modules\express\lib\router\route.js:144:13)
&amp#27;[38;5;16m[AppiumDriver@b18f]&amp#27;[0m     at Route.dispatch (C:\Users\Kvp\AppData\Roaming\npm\node_modules\appium\node_modules\express\lib\router\route.js:114:3)
&amp#27;[38;5;16m[AppiumDriver@b18f]&amp#27;[0m     at Layer.handle [as handle_request] (C:\Users\Kvp\AppData\Roaming\npm\node_modules\appium\node_modules\express\lib\router\layer.js:95:5)
&amp#27;[38;5;16m[AppiumDriver@b18f]&amp#27;[0m     at C:\Users\Kvp\AppData\Roaming\npm\node_modules\appium\node_modules\express\lib\router\index.js:284:15
&amp#27;[38;5;16m[AppiumDriver@b18f]&amp#27;[0m     at param (C:\Users\Kvp\AppData\Roaming\npm\node_modules\appium\node_modules\express\lib\router\index.js:365:14)
&amp#27;[38;5;16m[AppiumDriver@b18f]&amp#27;[0m     at param (C:\Users\Kvp\AppData\Roaming\npm\node_modules\appium\node_modules\express\lib\router\index.js:376:14)
&amp#27;[38;5;16m[AppiumDriver@b18f]&amp#27;[0m     at Function.process_params (C:\Users\Kvp\AppData\Roaming\npm\node_modules\appium\node_modules\express\lib\router\index.js:421:3)
&amp#27;[38;5;16m[AppiumDriver@b18f]&amp#27;[0m     at next (C:\Users\Kvp\AppData\Roaming\npm\node_modules\appium\node_modules\express\lib\router\index.js:280:10)
&amp#27;[38;5;16m[AppiumDriver@b18f]&amp#27;[0m     at logger (C:\Users\Kvp\AppData\Roaming\npm\node_modules\appium\node_modules\morgan\index.js:144:5)
&amp#27;[38;5;16m[AppiumDriver@b18f]&amp#27;[0m     at Layer.handle [as handle_request] (C:\Users\Kvp\AppData\Roaming\npm\node_modules\appium\node_modules\express\lib\router\layer.js:95:5)
&amp#27;[38;5;16m[AppiumDriver@b18f]&amp#27;[0m     at trim_prefix (C:\Users\Kvp\AppData\Roaming\npm\node_modules\appium\node_modules\express\lib\router\index.js:328:13)
&amp#27;[38;5;16m[AppiumDriver@b18f]&amp#27;[0m     at C:\Users\Kvp\AppData\Roaming\npm\node_modules\appium\node_modules\express\lib\router\index.js:286:9
&amp#27;[38;5;16m[AppiumDriver@b18f]&amp#27;[0m     at Function.process_params (C:\Users\Kvp\AppData\Roaming\npm\node_modules\appium\node_modules\express\lib\router\index.js:346:12)
&amp#27;[38;5;16m[AppiumDriver@b18f]&amp#27;[0m     at next (C:\Users\Kvp\AppData\Roaming\npm\node_modules\appium\node_modules\express\lib\router\index.js:280:10)
&amp#27;[38;5;16m[AppiumDriver@b18f]&amp#27;[0m     at jsonParser (C:\Users\Kvp\AppData\Roaming\npm\node_modules\appium\node_modules\body-parser\lib\types\json.js:113:7)
&amp#27;[38;5;16m[AppiumDriver@b18f]&amp#27;[0m     at Layer.handle [as handle_request] (C:\Users\Kvp\AppData\Roaming\npm\node_modules\appium\node_modules\express\lib\router\layer.js:95:5)
&amp#27;[38;5;16m[AppiumDriver@b18f]&amp#27;[0m     at trim_prefix (C:\Users\Kvp\AppData\Roaming\npm\node_modules\appium\node_modules\express\lib\router\index.js:328:13)
&amp#27;[38;5;16m[AppiumDriver@b18f]&amp#27;[0m     at C:\Users\Kvp\AppData\Roaming\npm\node_modules\appium\node_modules\express\lib\router\index.js:286:9
&amp#27;[38;5;16m[AppiumDriver@b18f]&amp#27;[0m     at Function.process_params (C:\Users\Kvp\AppData\Roaming\npm\node_modules\appium\node_modules\express\lib\router\index.js:346:12)
&amp#27;[38;5;0m[HTTP]&amp#27;[0m &amp#27;[37m<-- GET /session/fe1e5e56-571c-4eb6-898d-5d5d3bd3a4b3/timeouts &amp#27;[39m&amp#27;[33m404&amp#27;[39m &amp#27;[90m5 ms - 3187&amp#27;[39m
&amp#27;[38;5;0m[HTTP]&amp#27;[0m &amp#27;[90m&amp#27;[39m
&amp#27;[38;5;32m[AndroidUiautomator2Driver@394c (b13f59d4)]&amp#27;[0m Got response with status 200: {"sessionId":"19af0dab-d2e5-4bdc-a27c-6af81bb94df4","value":null}
&amp#27;[38;5;32m[AndroidUiautomator2Driver@394c (b13f59d4)]&amp#27;[0m Matched '/touch/move' to command name 'touchMove'
&amp#27;[38;5;32m[AndroidUiautomator2Driver@394c (b13f59d4)]&amp#27;[0m Proxying [POST /touch/move] to [POST http://127.0.0.1:8201/session/19af0dab-d2e5-4bdc-a27c-6af81bb94df4/touch/move] with body: {"params":{"element":"","x":936,"y":474}}
&amp#27;[38;5;32m[AndroidUiautomator2Driver@394c (b13f59d4)]&amp#27;[0m Got response with status 200: {"sessionId":"19af0dab-d2e5-4bdc-a27c-6af81bb94df4","value":null}
&amp#27;[38;5;32m[AndroidUiautomator2Driver@394c (b13f59d4)]&amp#27;[0m Matched '/touch/up' to command name 'touchUp'
&amp#27;[38;5;32m[AndroidUiautomator2Driver@394c (b13f59d4)]&amp#27;[0m Proxying [POST /touch/up] to [POST http://127.0.0.1:8201/session/19af0dab-d2e5-4bdc-a27c-6af81bb94df4/touch/up] with body: {"params":{"element":"undefined","x":936,"y":474}}
&amp#27;[38;5;32m[AndroidUiautomator2Driver@394c (b13f59d4)]&amp#27;[0m Got response with status 200: {"sessionId":"19af0dab-d2e5-4bdc-a27c-6af81bb94df4","value":null}
&amp#27;[38;5;32m[AndroidUiautomator2Driver@394c (b13f59d4)]&amp#27;[0m Responding to client with driver.performTouch() result: null
&amp#27;[38;5;0m[HTTP]&amp#27;[0m &amp#27;[37m<-- POST /session/b13f59d4-d919-4432-b0cd-3cd2e3d3b4e7/touch/perform &amp#27;[39m&amp#27;[32m200&amp#27;[39m &amp#27;[90m2346 ms - 14&amp#27;[39m
&amp#27;[38;5;0m[HTTP]&amp#27;[0m &amp#27;[90m&amp#27;[39m
&amp#27;[38;5;0m[HTTP]&amp#27;[0m &amp#27;[37m-->&amp#27;[39m &amp#27;[37mPOST&amp#27;[39m &amp#27;[37m/session/b13f59d4-d919-4432-b0cd-3cd2e3d3b4e7/element&amp#27;[39m
&amp#27;[38;5;0m[HTTP]&amp#27;[0m &amp#27;[90m{"value":"//android.view.View[5]/android.view.View/android.view.View/android.view.View[5]","using":"xpath"}&amp#27;[39m
&amp#27;[38;5;32m[AndroidUiautomator2Driver@394c (b13f59d4)]&amp#27;[0m Calling AppiumDriver.findElement() with args: ["xpath","//android.view.View[5]/android.view.View/android.view.View/android.view.View[5]","b13f59d4-d919-4432-b0cd-3cd2e3d3b4e7"]
&amp#27;[38;5;32m[AndroidUiautomator2Driver@394c (b13f59d4)]&amp#27;[0m Valid locator strategies for this request: xpath, id, class name, accessibility id, css selector, -android uiautomator
&amp#27;[38;5;32m[AndroidUiautomator2Driver@394c (b13f59d4)]&amp#27;[0m Waiting up to 10000 ms for condition
&amp#27;[38;5;32m[AndroidUiautomator2Driver@394c (b13f59d4)]&amp#27;[0m Matched '/element' to command name 'findElement'
&amp#27;[38;5;32m[AndroidUiautomator2Driver@394c (b13f59d4)]&amp#27;[0m Proxying [POST /element] to [POST http://127.0.0.1:8201/session/19af0dab-d2e5-4bdc-a27c-6af81bb94df4/element] with body: {"strategy":"xpath","selector":"//android.view.View[5]/android.view.View/android.view.View/android.view.View[5]","context":"","multiple":false}
&amp#27;[38;5;32m[AndroidUiautomator2Driver@394c (b13f59d4)]&amp#27;[0m Got response with status 200: {"sessionId":"19af0dab-d2e5-4bdc-a27c-6af81bb94df4","value":{"ELEMENT":"00000000-0000-00c1-0000-002a00000003","element-6066-11e4-a52e-4f735466cecf":"00000000-0000-00c1-0000-002a00000003"}}
&amp#27;[38;5;32m[AndroidUiautomator2Driver@394c (b13f59d4)]&amp#27;[0m Responding to client with driver.findElement() result: {"element-6066-11e4-a52e-4f735466cecf":"00000000-0000-00c1-0000-002a00000003","ELEMENT":"00000000-0000-00c1-0000-002a00000003"}
&amp#27;[38;5;0m[HTTP]&amp#27;[0m &amp#27;[37m<-- POST /session/b13f59d4-d919-4432-b0cd-3cd2e3d3b4e7/element &amp#27;[39m&amp#27;[32m200&amp#27;[39m &amp#27;[90m59 ms - 137&amp#27;[39m
&amp#27;[38;5;0m[HTTP]&amp#27;[0m &amp#27;[90m&amp#27;[39m
&amp#27;[38;5;0m[HTTP]&amp#27;[0m &amp#27;[37m-->&amp#27;[39m &amp#27;[37mGET&amp#27;[39m &amp#27;[37m/session/b13f59d4-d919-4432-b0cd-3cd2e3d3b4e7/element/00000000-0000-00c1-0000-002a00000003/attribute/content-desc&amp#27;[39m
&amp#27;[38;5;0m[HTTP]&amp#27;[0m &amp#27;[90m{}&amp#27;[39m
&amp#27;[38;5;32m[AndroidUiautomator2Driver@394c (b13f59d4)]&amp#27;[0m Calling AppiumDriver.getAttribute() with args: ["content-desc","00000000-0000-00c1-0000-002a00000003","b13f59d4-d919-4432-b0cd-3cd2e3d3b4e7"]
&amp#27;[38;5;32m[AndroidUiautomator2Driver@394c (b13f59d4)]&amp#27;[0m Matched '/element/00000000-0000-00c1-0000-002a00000003/attribute/content-desc' to command name 'getAttribute'
&amp#27;[38;5;32m[AndroidUiautomator2Driver@394c (b13f59d4)]&amp#27;[0m Proxying [GET /element/00000000-0000-00c1-0000-002a00000003/attribute/content-desc] to [GET http://127.0.0.1:8201/session/19af0dab-d2e5-4bdc-a27c-6af81bb94df4/element/00000000-0000-00c1-0000-002a00000003/attribute/content-desc] with no body
&amp#27;[38;5;32m[AndroidUiautomator2Driver@394c (b13f59d4)]&amp#27;[0m Got response with status 200: {"sessionId":"19af0dab-d2e5-4bdc-a27c-6af81bb94df4","value":"Thursday, February 15, 2024"}
&amp#27;[38;5;32m[AndroidUiautomator2Driver@394c (b13f59d4)]&amp#27;[0m Responding to client with driver.getAttribute() result: "Thursday, February 15, 2024"
&amp#27;[38;5;0m[HTTP]&amp#27;[0m &amp#27;[37m<-- GET /session/b13f59d4-d919-4432-b0cd-3cd2e3d3b4e7/element/00000000-0000-00c1-0000-002a00000003/attribute/content-desc &amp#27;[39m&amp#27;[32m200&amp#27;[39m &amp#27;[90m15 ms - 39&amp#27;[39m
&amp#27;[38;5;0m[HTTP]&amp#27;[0m &amp#27;[90m&amp#27;[39m
&amp#27;[38;5;0m[HTTP]&amp#27;[0m &amp#27;[37m-->&amp#27;[39m &amp#27;[37mPOST&amp#27;[39m &amp#27;[37m/session/b13f59d4-d919-4432-b0cd-3cd2e3d3b4e7/element&amp#27;[39m
&amp#27;[38;5;0m[HTTP]&amp#27;[0m &amp#27;[90m{"value":"//android.view.View[5]/android.view.View/android.view.View/android.view.View[5]","using":"xpath"}&amp#27;[39m
&amp#27;[38;5;32m[AndroidUiautomator2Driver@394c (b13f59d4)]&amp#27;[0m Calling AppiumDriver.findElement() with args: ["xpath","//android.view.View[5]/android.view.View/android.view.View/android.view.View[5]","b13f59d4-d919-4432-b0cd-3cd2e3d3b4e7"]
&amp#27;[38;5;32m[AndroidUiautomator2Driver@394c (b13f59d4)]&amp#27;[0m Valid locator strategies for this request: xpath, id, class name, accessibility id, css selector, -android uiautomator
&amp#27;[38;5;32m[AndroidUiautomator2Driver@394c (b13f59d4)]&amp#27;[0m Waiting up to 10000 ms for condition
&amp#27;[38;5;32m[AndroidUiautomator2Driver@394c (b13f59d4)]&amp#27;[0m Matched '/element' to command name 'findElement'
&amp#27;[38;5;32m[AndroidUiautomator2Driver@394c (b13f59d4)]&amp#27;[0m Proxying [POST /element] to [POST http://127.0.0.1:8201/session/19af0dab-d2e5-4bdc-a27c-6af81bb94df4/element] with body: {"strategy":"xpath","selector":"//android.view.View[5]/android.view.View/android.view.View/android.view.View[5]","context":"","multiple":false}
&amp#27;[38;5;32m[AndroidUiautomator2Driver@394c (b13f59d4)]&amp#27;[0m Got response with status 200: {"sessionId":"19af0dab-d2e5-4bdc-a27c-6af81bb94df4","value":{"ELEMENT":"00000000-0000-00c1-0000-002a00000003","element-6066-11e4-a52e-4f735466cecf":"00000000-0000-00c1-0000-002a00000003"}}
&amp#27;[38;5;32m[AndroidUiautomator2Driver@394c (b13f59d4)]&amp#27;[0m Responding to client with driver.findElement() result: {"element-6066-11e4-a52e-4f735466cecf":"00000000-0000-00c1-0000-002a00000003","ELEMENT":"00000000-0000-00c1-0000-002a00000003"}
&amp#27;[38;5;0m[HTTP]&amp#27;[0m &amp#27;[37m<-- POST /session/b13f59d4-d919-4432-b0cd-3cd2e3d3b4e7/element &amp#27;[39m&amp#27;[32m200&amp#27;[39m &amp#27;[90m50 ms - 137&amp#27;[39m
&amp#27;[38;5;0m[HTTP]&amp#27;[0m &amp#27;[90m&amp#27;[39m
&amp#27;[38;5;0m[HTTP]&amp#27;[0m &amp#27;[37m-->&amp#27;[39m &amp#27;[37mPOST&amp#27;[39m &amp#27;[37m/session/b13f59d4-d919-4432-b0cd-3cd2e3d3b4e7/element/00000000-0000-00c1-0000-002a00000003/click&amp#27;[39m
&amp#27;[38;5;0m[HTTP]&amp#27;[0m &amp#27;[90m{"id":"00000000-0000-00c1-0000-002a00000003"}&amp#27;[39m
&amp#27;[38;5;32m[AndroidUiautomator2Driver@394c (b13f59d4)]&amp#27;[0m Calling AppiumDriver.click() with args: ["00000000-0000-00c1-0000-002a00000003","b13f59d4-d919-4432-b0cd-3cd2e3d3b4e7"]
&amp#27;[38;5;32m[AndroidUiautomator2Driver@394c (b13f59d4)]&amp#27;[0m Matched '/element/00000000-0000-00c1-0000-002a00000003/click' to command name 'click'
&amp#27;[38;5;32m[AndroidUiautomator2Driver@394c (b13f59d4)]&amp#27;[0m Proxying [POST /element/00000000-0000-00c1-0000-002a00000003/click] to [POST http://127.0.0.1:8201/session/19af0dab-d2e5-4bdc-a27c-6af81bb94df4/element/00000000-0000-00c1-0000-002a00000003/click] with body: {"element":"00000000-0000-00c1-0000-002a00000003"}
&amp#27;[38;5;32m[AndroidUiautomator2Driver@394c (b13f59d4)]&amp#27;[0m Got response with status 200: {"sessionId":"19af0dab-d2e5-4bdc-a27c-6af81bb94df4","value":null}
&amp#27;[38;5;32m[AndroidUiautomator2Driver@394c (b13f59d4)]&amp#27;[0m Responding to client with driver.click() result: null
&amp#27;[38;5;0m[HTTP]&amp#27;[0m &amp#27;[37m<-- POST /session/b13f59d4-d919-4432-b0cd-3cd2e3d3b4e7/element/00000000-0000-00c1-0000-002a00000003/click &amp#27;[39m&amp#27;[32m200&amp#27;[39m &amp#27;[90m78 ms - 14&amp#27;[39m
&amp#27;[38;5;0m[HTTP]&amp#27;[0m &amp#27;[90m&amp#27;[39m
132479 [main] DEBUG devpinoyLogger  - Selected the particular date provided by User
132479 [main] DEBUG devpinoyLogger  - Selected the particular date provided by User
132479 [main] DEBUG devpinoyLogger  - Selected the particular date provided by User
132479 [main] DEBUG devpinoyLogger  - Selected the particular date provided by User
132479 [main] DEBUG devpinoyLogger  - Selected the particular date provided by User
132479 [main] DEBUG devpinoyLogger  - Selected the particular date provided by User
132479 [main] DEBUG devpinoyLogger  - Selected the particular date provided by User
132479 [main] DEBUG devpinoyLogger  - Selected the particular date provided by User
132479 [main] DEBUG devpinoyLogger  - Selected the particular date provided by User
132479 [main] DEBUG devpinoyLogger  - Selected the particular date provided by User
132479 [main] DEBUG devpinoyLogger  - Selected the particular date provided by User
&amp#27;[38;5;0m[HTTP]&amp#27;[0m &amp#27;[37m-->&amp#27;[39m &amp#27;[37mPOST&amp#27;[39m &amp#27;[37m/session/b13f59d4-d919-4432-b0cd-3cd2e3d3b4e7/elements&amp#27;[39m
&amp#27;[38;5;0m[HTTP]&amp#27;[0m &amp#27;[90m{"value":"//android.view.View/android.view.View[6]","using":"xpath"}&amp#27;[39m
&amp#27;[38;5;32m[AndroidUiautomator2Driver@394c (b13f59d4)]&amp#27;[0m Calling AppiumDriver.findElements() with args: ["xpath","//android.view.View/android.view.View[6]","b13f59d4-d919-4432-b0cd-3cd2e3d3b4e7"]
&amp#27;[38;5;32m[AndroidUiautomator2Driver@394c (b13f59d4)]&amp#27;[0m Valid locator strategies for this request: xpath, id, class name, accessibility id, css selector, -android uiautomator
&amp#27;[38;5;32m[AndroidUiautomator2Driver@394c (b13f59d4)]&amp#27;[0m Waiting up to 10000 ms for condition
&amp#27;[38;5;32m[AndroidUiautomator2Driver@394c (b13f59d4)]&amp#27;[0m Matched '/elements' to command name 'findElements'
&amp#27;[38;5;32m[AndroidUiautomator2Driver@394c (b13f59d4)]&amp#27;[0m Proxying [POST /elements] to [POST http://127.0.0.1:8201/session/19af0dab-d2e5-4bdc-a27c-6af81bb94df4/elements] with body: {"strategy":"xpath","selector":"//android.view.View/android.view.View[6]","context":"","multiple":true}
&amp#27;[38;5;32m[AndroidUiautomator2Driver@394c (b13f59d4)]&amp#27;[0m Got response with status 200: {"sessionId":"19af0dab-d2e5-4bdc-a27c-6af81bb94df4","value":[{"ELEMENT":"00000000-0000-00c1-0000-002b00000003","element-6066-11e4-a52e-4f735466cecf":"00000000-0000-00c1-0000-002b00000003"},{"ELEMENT":"00000000-0000-00c1-0000-001800000003","element-6066-11e4-a52e-4f735466cecf":"00000000-0000-00c1-0000-001800000003"}]}
&amp#27;[38;5;32m[AndroidUiautomator2Driver@394c (b13f59d4)]&amp#27;[0m Responding to client with driver.findElements() result: [{"element-6066-11e4-a52e-4f735466cecf":"00000000-0000-00c1-0000-002b00000003","ELEMENT":"00000000-0000-00c1-0000-002b00000003"},{"element-6066-11e4-a52e-4f735466cecf":"00000000-0000-00c1-0000-001800000003","ELEMENT":"00000000-0000-00c1-0000-001800000003"}]
&amp#27;[38;5;0m[HTTP]&amp#27;[0m &amp#27;[37m<-- POST /session/b13f59d4-d919-4432-b0cd-3cd2e3d3b4e7/elements &amp#27;[39m&amp#27;[32m200&amp#27;[39m &amp#27;[90m57 ms - 267&amp#27;[39m
&amp#27;[38;5;0m[HTTP]&amp#27;[0m &amp#27;[90m&amp#27;[39m
&amp#27;[38;5;0m[HTTP]&amp#27;[0m &amp#27;[37m-->&amp#27;[39m &amp#27;[37mPOST&amp#27;[39m &amp#27;[37m/session/b13f59d4-d919-4432-b0cd-3cd2e3d3b4e7/element/00000000-0000-00c1-0000-001800000003/click&amp#27;[39m
&amp#27;[38;5;0m[HTTP]&amp#27;[0m &amp#27;[90m{"id":"00000000-0000-00c1-0000-001800000003"}&amp#27;[39m
&amp#27;[38;5;32m[AndroidUiautomator2Driver@394c (b13f59d4)]&amp#27;[0m Calling AppiumDriver.click() with args: ["00000000-0000-00c1-0000-001800000003","b13f59d4-d919-4432-b0cd-3cd2e3d3b4e7"]
&amp#27;[38;5;32m[AndroidUiautomator2Driver@394c (b13f59d4)]&amp#27;[0m Matched '/element/00000000-0000-00c1-0000-001800000003/click' to command name 'click'
&amp#27;[38;5;32m[AndroidUiautomator2Driver@394c (b13f59d4)]&amp#27;[0m Proxying [POST /element/00000000-0000-00c1-0000-001800000003/click] to [POST http://127.0.0.1:8201/session/19af0dab-d2e5-4bdc-a27c-6af81bb94df4/element/00000000-0000-00c1-0000-001800000003/click] with body: {"element":"00000000-0000-00c1-0000-001800000003"}
&amp#27;[38;5;32m[AndroidUiautomator2Driver@394c (b13f59d4)]&amp#27;[0m Got response with status 200: {"sessionId":"19af0dab-d2e5-4bdc-a27c-6af81bb94df4","value":null}
&amp#27;[38;5;32m[AndroidUiautomator2Driver@394c (b13f59d4)]&amp#27;[0m Responding to client with driver.click() result: null
&amp#27;[38;5;0m[HTTP]&amp#27;[0m &amp#27;[37m<-- POST /session/b13f59d4-d919-4432-b0cd-3cd2e3d3b4e7/element/00000000-0000-00c1-0000-001800000003/click &amp#27;[39m&amp#27;[32m200&amp#27;[39m &amp#27;[90m90 ms - 14&amp#27;[39m
&amp#27;[38;5;0m[HTTP]&amp#27;[0m &amp#27;[90m&amp#27;[39m
133654 [main] DEBUG devpinoyLogger  - Journey started for the provided calendar date
133654 [main] DEBUG devpinoyLogger  - Journey started for the provided calendar date
133654 [main] DEBUG devpinoyLogger  - Journey started for the provided calendar date
133654 [main] DEBUG devpinoyLogger  - Journey started for the provided calendar date
133654 [main] DEBUG devpinoyLogger  - Journey started for the provided calendar date
133654 [main] DEBUG devpinoyLogger  - Journey started for the provided calendar date
133654 [main] DEBUG devpinoyLogger  - Journey started for the provided calendar date
133654 [main] DEBUG devpinoyLogger  - Journey started for the provided calendar date
133654 [main] DEBUG devpinoyLogger  - Journey started for the provided calendar date
133654 [main] DEBUG devpinoyLogger  - Journey started for the provided calendar date
133654 [main] DEBUG devpinoyLogger  - Journey started for the provided calendar date
133654 [main] DEBUG devpinoyLogger  - Journey started for the provided calendar date
&amp#27;[38;5;0m[HTTP]&amp#27;[0m &amp#27;[37m-->&amp#27;[39m &amp#27;[37mPOST&amp#27;[39m &amp#27;[37m/session/b13f59d4-d919-4432-b0cd-3cd2e3d3b4e7/element&amp#27;[39m
&amp#27;[38;5;0m[HTTP]&amp#27;[0m &amp#27;[90m{"value":"//android.widget.LinearLayout/android.widget.LinearLayout/android.widget.LinearLayout[2]/android.widget.Button[1]","using":"xpath"}&amp#27;[39m
&amp#27;[38;5;32m[AndroidUiautomator2Driver@394c (b13f59d4)]&amp#27;[0m Calling AppiumDriver.findElement() with args: ["xpath","//android.widget.LinearLayout/android.widget.LinearLayout/android.widget.LinearLayout[2]/android.widget.Button[1]","b13f59d4-d919-4432-b0cd-3cd2e3d3b4e7"]
&amp#27;[38;5;32m[AndroidUiautomator2Driver@394c (b13f59d4)]&amp#27;[0m Valid locator strategies for this request: xpath, id, class name, accessibility id, css selector, -android uiautomator
&amp#27;[38;5;32m[AndroidUiautomator2Driver@394c (b13f59d4)]&amp#27;[0m Waiting up to 10000 ms for condition
&amp#27;[38;5;32m[AndroidUiautomator2Driver@394c (b13f59d4)]&amp#27;[0m Matched '/element' to command name 'findElement'
&amp#27;[38;5;32m[AndroidUiautomator2Driver@394c (b13f59d4)]&amp#27;[0m Proxying [POST /element] to [POST http://127.0.0.1:8201/session/19af0dab-d2e5-4bdc-a27c-6af81bb94df4/element] with body: {"strategy":"xpath","selector":"//android.widget.LinearLayout/android.widget.LinearLayout/android.widget.LinearLayout[2]/android.widget.Button[1]","context":"","multiple":false}
&amp#27;[38;5;32m[AndroidUiautomator2Driver@394c (b13f59d4)]&amp#27;[0m Got response with status 200: {"sessionId":"19af0dab-d2e5-4bdc-a27c-6af81bb94df4","value":{"ELEMENT":"00000000-0000-00c2-ffff-ffff00000122","element-6066-11e4-a52e-4f735466cecf":"00000000-0000-00c2-ffff-ffff00000122"}}
&amp#27;[38;5;32m[AndroidUiautomator2Driver@394c (b13f59d4)]&amp#27;[0m Responding to client with driver.findElement() result: {"element-6066-11e4-a52e-4f735466cecf":"00000000-0000-00c2-ffff-ffff00000122","ELEMENT":"00000000-0000-00c2-ffff-ffff00000122"}
&amp#27;[38;5;0m[HTTP]&amp#27;[0m &amp#27;[37m<-- POST /session/b13f59d4-d919-4432-b0cd-3cd2e3d3b4e7/element &amp#27;[39m&amp#27;[32m200&amp#27;[39m &amp#27;[90m45 ms - 137&amp#27;[39m
&amp#27;[38;5;0m[HTTP]&amp#27;[0m &amp#27;[90m&amp#27;[39m
&amp#27;[38;5;0m[HTTP]&amp#27;[0m &amp#27;[37m-->&amp#27;[39m &amp#27;[37mGET&amp#27;[39m &amp#27;[37m/session/b13f59d4-d919-4432-b0cd-3cd2e3d3b4e7/element/00000000-0000-00c2-ffff-ffff00000122/displayed&amp#27;[39m
&amp#27;[38;5;0m[HTTP]&amp#27;[0m &amp#27;[90m{}&amp#27;[39m
&amp#27;[38;5;32m[AndroidUiautomator2Driver@394c (b13f59d4)]&amp#27;[0m Calling AppiumDriver.elementDisplayed() with args: ["00000000-0000-00c2-ffff-ffff00000122","b13f59d4-d919-4432-b0cd-3cd2e3d3b4e7"]
&amp#27;[38;5;32m[AndroidUiautomator2Driver@394c (b13f59d4)]&amp#27;[0m Matched '/element/00000000-0000-00c2-ffff-ffff00000122/attribute/displayed' to command name 'getAttribute'
&amp#27;[38;5;32m[AndroidUiautomator2Driver@394c (b13f59d4)]&amp#27;[0m Proxying [GET /element/00000000-0000-00c2-ffff-ffff00000122/attribute/displayed] to [GET http://127.0.0.1:8201/session/19af0dab-d2e5-4bdc-a27c-6af81bb94df4/element/00000000-0000-00c2-ffff-ffff00000122/attribute/displayed] with no body
&amp#27;[38;5;32m[AndroidUiautomator2Driver@394c (b13f59d4)]&amp#27;[0m Got response with status 200: {"sessionId":"19af0dab-d2e5-4bdc-a27c-6af81bb94df4","value":"true"}
&amp#27;[38;5;32m[AndroidUiautomator2Driver@394c (b13f59d4)]&amp#27;[0m Responding to client with driver.elementDisplayed() result: true
&amp#27;[38;5;0m[HTTP]&amp#27;[0m &amp#27;[37m<-- GET /session/b13f59d4-d919-4432-b0cd-3cd2e3d3b4e7/element/00000000-0000-00c2-ffff-ffff00000122/displayed &amp#27;[39m&amp#27;[32m200&amp#27;[39m &amp#27;[90m13 ms - 14&amp#27;[39m
&amp#27;[38;5;0m[HTTP]&amp#27;[0m &amp#27;[90m&amp#27;[39m
&amp#27;[38;5;0m[HTTP]&amp#27;[0m &amp#27;[37m-->&amp#27;[39m &amp#27;[37mPOST&amp#27;[39m &amp#27;[37m/session/b13f59d4-d919-4432-b0cd-3cd2e3d3b4e7/element&amp#27;[39m
&amp#27;[38;5;0m[HTTP]&amp#27;[0m &amp#27;[90m{"value":"//android.widget.LinearLayout/android.widget.LinearLayout/android.widget.LinearLayout[2]/android.widget.Button[1]","using":"xpath"}&amp#27;[39m
&amp#27;[38;5;32m[AndroidUiautomator2Driver@394c (b13f59d4)]&amp#27;[0m Calling AppiumDriver.findElement() with args: ["xpath","//android.widget.LinearLayout/android.widget.LinearLayout/android.widget.LinearLayout[2]/android.widget.Button[1]","b13f59d4-d919-4432-b0cd-3cd2e3d3b4e7"]
&amp#27;[38;5;32m[AndroidUiautomator2Driver@394c (b13f59d4)]&amp#27;[0m Valid locator strategies for this request: xpath, id, class name, accessibility id, css selector, -android uiautomator
&amp#27;[38;5;32m[AndroidUiautomator2Driver@394c (b13f59d4)]&amp#27;[0m Waiting up to 10000 ms for condition
&amp#27;[38;5;32m[AndroidUiautomator2Driver@394c (b13f59d4)]&amp#27;[0m Matched '/element' to command name 'findElement'
&amp#27;[38;5;32m[AndroidUiautomator2Driver@394c (b13f59d4)]&amp#27;[0m Proxying [POST /element] to [POST http://127.0.0.1:8201/session/19af0dab-d2e5-4bdc-a27c-6af81bb94df4/element] with body: {"strategy":"xpath","selector":"//android.widget.LinearLayout/android.widget.LinearLayout/android.widget.LinearLayout[2]/android.widget.Button[1]","context":"","multiple":false}
&amp#27;[38;5;32m[AndroidUiautomator2Driver@394c (b13f59d4)]&amp#27;[0m Got response with status 200: {"sessionId":"19af0dab-d2e5-4bdc-a27c-6af81bb94df4","value":{"ELEMENT":"00000000-0000-00c2-ffff-ffff00000122","element-6066-11e4-a52e-4f735466cecf":"00000000-0000-00c2-ffff-ffff00000122"}}
&amp#27;[38;5;32m[AndroidUiautomator2Driver@394c (b13f59d4)]&amp#27;[0m Responding to client with driver.findElement() result: {"element-6066-11e4-a52e-4f735466cecf":"00000000-0000-00c2-ffff-ffff00000122","ELEMENT":"00000000-0000-00c2-ffff-ffff00000122"}
&amp#27;[38;5;0m[HTTP]&amp#27;[0m &amp#27;[37m<-- POST /session/b13f59d4-d919-4432-b0cd-3cd2e3d3b4e7/element &amp#27;[39m&amp#27;[32m200&amp#27;[39m &amp#27;[90m42 ms - 137&amp#27;[39m
&amp#27;[38;5;0m[HTTP]&amp#27;[0m &amp#27;[90m&amp#27;[39m
&amp#27;[38;5;0m[HTTP]&amp#27;[0m &amp#27;[37m-->&amp#27;[39m &amp#27;[37mPOST&amp#27;[39m &amp#27;[37m/session/b13f59d4-d919-4432-b0cd-3cd2e3d3b4e7/element/00000000-0000-00c2-ffff-ffff00000122/click&amp#27;[39m
&amp#27;[38;5;0m[HTTP]&amp#27;[0m &amp#27;[90m{"id":"00000000-0000-00c2-ffff-ffff00000122"}&amp#27;[39m
&amp#27;[38;5;32m[AndroidUiautomator2Driver@394c (b13f59d4)]&amp#27;[0m Calling AppiumDriver.click() with args: ["00000000-0000-00c2-ffff-ffff00000122","b13f59d4-d919-4432-b0cd-3cd2e3d3b4e7"]
&amp#27;[38;5;32m[AndroidUiautomator2Driver@394c (b13f59d4)]&amp#27;[0m Matched '/element/00000000-0000-00c2-ffff-ffff00000122/click' to command name 'click'
&amp#27;[38;5;32m[AndroidUiautomator2Driver@394c (b13f59d4)]&amp#27;[0m Proxying [POST /element/00000000-0000-00c2-ffff-ffff00000122/click] to [POST http://127.0.0.1:8201/session/19af0dab-d2e5-4bdc-a27c-6af81bb94df4/element/00000000-0000-00c2-ffff-ffff00000122/click] with body: {"element":"00000000-0000-00c2-ffff-ffff00000122"}
&amp#27;[38;5;32m[AndroidUiautomator2Driver@394c (b13f59d4)]&amp#27;[0m Got response with status 200: {"sessionId":"19af0dab-d2e5-4bdc-a27c-6af81bb94df4","value":null}
&amp#27;[38;5;32m[AndroidUiautomator2Driver@394c (b13f59d4)]&amp#27;[0m Responding to client with driver.click() result: null
&amp#27;[38;5;0m[HTTP]&amp#27;[0m &amp#27;[37m<-- POST /session/b13f59d4-d919-4432-b0cd-3cd2e3d3b4e7/element/00000000-0000-00c2-ffff-ffff00000122/click &amp#27;[39m&amp#27;[32m200&amp#27;[39m &amp#27;[90m63 ms - 14&amp#27;[39m
&amp#27;[38;5;0m[HTTP]&amp#27;[0m &amp#27;[90m&amp#27;[39m
&amp#27;[38;5;0m[HTTP]&amp#27;[0m &amp#27;[37m-->&amp#27;[39m &amp#27;[37mPOST&amp#27;[39m &amp#27;[37m/session/b13f59d4-d919-4432-b0cd-3cd2e3d3b4e7/element&amp#27;[39m
&amp#27;[38;5;0m[HTTP]&amp#27;[0m &amp#27;[90m{"value":"//android.widget.ScrollView/android.view.View[1]","using":"xpath"}&amp#27;[39m
&amp#27;[38;5;32m[AndroidUiautomator2Driver@394c (b13f59d4)]&amp#27;[0m Calling AppiumDriver.findElement() with args: ["xpath","//android.widget.ScrollView/android.view.View[1]","b13f59d4-d919-4432-b0cd-3cd2e3d3b4e7"]
&amp#27;[38;5;32m[AndroidUiautomator2Driver@394c (b13f59d4)]&amp#27;[0m Valid locator strategies for this request: xpath, id, class name, accessibility id, css selector, -android uiautomator
&amp#27;[38;5;32m[AndroidUiautomator2Driver@394c (b13f59d4)]&amp#27;[0m Waiting up to 10000 ms for condition
&amp#27;[38;5;32m[AndroidUiautomator2Driver@394c (b13f59d4)]&amp#27;[0m Matched '/element' to command name 'findElement'
&amp#27;[38;5;32m[AndroidUiautomator2Driver@394c (b13f59d4)]&amp#27;[0m Proxying [POST /element] to [POST http://127.0.0.1:8201/session/19af0dab-d2e5-4bdc-a27c-6af81bb94df4/element] with body: {"strategy":"xpath","selector":"//android.widget.ScrollView/android.view.View[1]","context":"","multiple":false}
&amp#27;[38;5;32m[AndroidUiautomator2Driver@394c (b13f59d4)]&amp#27;[0m Got response with status 200: {"sessionId":"19af0dab-d2e5-4bdc-a27c-6af81bb94df4","value":{"ELEMENT":"00000000-0000-00c1-0000-003900000003","element-6066-11e4-a52e-4f735466cecf":"00000000-0000-00c1-0000-003900000003"}}
&amp#27;[38;5;32m[AndroidUiautomator2Driver@394c (b13f59d4)]&amp#27;[0m Responding to client with driver.findElement() result: {"element-6066-11e4-a52e-4f735466cecf":"00000000-0000-00c1-0000-003900000003","ELEMENT":"00000000-0000-00c1-0000-003900000003"}
&amp#27;[38;5;0m[HTTP]&amp#27;[0m &amp#27;[37m<-- POST /session/b13f59d4-d919-4432-b0cd-3cd2e3d3b4e7/element &amp#27;[39m&amp#27;[32m200&amp#27;[39m &amp#27;[90m66 ms - 137&amp#27;[39m
&amp#27;[38;5;0m[HTTP]&amp#27;[0m &amp#27;[90m&amp#27;[39m
&amp#27;[38;5;0m[HTTP]&amp#27;[0m &amp#27;[37m-->&amp#27;[39m &amp#27;[37mPOST&amp#27;[39m &amp#27;[37m/session/b13f59d4-d919-4432-b0cd-3cd2e3d3b4e7/element/00000000-0000-00c1-0000-003900000003/click&amp#27;[39m
&amp#27;[38;5;0m[HTTP]&amp#27;[0m &amp#27;[90m{"id":"00000000-0000-00c1-0000-003900000003"}&amp#27;[39m
&amp#27;[38;5;32m[AndroidUiautomator2Driver@394c (b13f59d4)]&amp#27;[0m Calling AppiumDriver.click() with args: ["00000000-0000-00c1-0000-003900000003","b13f59d4-d919-4432-b0cd-3cd2e3d3b4e7"]
&amp#27;[38;5;32m[AndroidUiautomator2Driver@394c (b13f59d4)]&amp#27;[0m Matched '/element/00000000-0000-00c1-0000-003900000003/click' to command name 'click'
&amp#27;[38;5;32m[AndroidUiautomator2Driver@394c (b13f59d4)]&amp#27;[0m Proxying [POST /element/00000000-0000-00c1-0000-003900000003/click] to [POST http://127.0.0.1:8201/session/19af0dab-d2e5-4bdc-a27c-6af81bb94df4/element/00000000-0000-00c1-0000-003900000003/click] with body: {"element":"00000000-0000-00c1-0000-003900000003"}
&amp#27;[38;5;32m[AndroidUiautomator2Driver@394c (b13f59d4)]&amp#27;[0m Got response with status 200: {"sessionId":"19af0dab-d2e5-4bdc-a27c-6af81bb94df4","value":null}
&amp#27;[38;5;32m[AndroidUiautomator2Driver@394c (b13f59d4)]&amp#27;[0m Responding to client with driver.click() result: null
&amp#27;[38;5;0m[HTTP]&amp#27;[0m &amp#27;[37m<-- POST /session/b13f59d4-d919-4432-b0cd-3cd2e3d3b4e7/element/00000000-0000-00c1-0000-003900000003/click &amp#27;[39m&amp#27;[32m200&amp#27;[39m &amp#27;[90m51 ms - 14&amp#27;[39m
&amp#27;[38;5;0m[HTTP]&amp#27;[0m &amp#27;[90m&amp#27;[39m
&amp#27;[38;5;0m[HTTP]&amp#27;[0m &amp#27;[37m-->&amp#27;[39m &amp#27;[37mPOST&amp#27;[39m &amp#27;[37m/session/b13f59d4-d919-4432-b0cd-3cd2e3d3b4e7/element&amp#27;[39m
&amp#27;[38;5;0m[HTTP]&amp#27;[0m &amp#27;[90m{"value":"//android.widget.ScrollView/android.view.View[1]","using":"xpath"}&amp#27;[39m
&amp#27;[38;5;32m[AndroidUiautomator2Driver@394c (b13f59d4)]&amp#27;[0m Calling AppiumDriver.findElement() with args: ["xpath","//android.widget.ScrollView/android.view.View[1]","b13f59d4-d919-4432-b0cd-3cd2e3d3b4e7"]
&amp#27;[38;5;32m[AndroidUiautomator2Driver@394c (b13f59d4)]&amp#27;[0m Valid locator strategies for this request: xpath, id, class name, accessibility id, css selector, -android uiautomator
&amp#27;[38;5;32m[AndroidUiautomator2Driver@394c (b13f59d4)]&amp#27;[0m Waiting up to 10000 ms for condition
&amp#27;[38;5;32m[AndroidUiautomator2Driver@394c (b13f59d4)]&amp#27;[0m Matched '/element' to command name 'findElement'
&amp#27;[38;5;32m[AndroidUiautomator2Driver@394c (b13f59d4)]&amp#27;[0m Proxying [POST /element] to [POST http://127.0.0.1:8201/session/19af0dab-d2e5-4bdc-a27c-6af81bb94df4/element] with body: {"strategy":"xpath","selector":"//android.widget.ScrollView/android.view.View[1]","context":"","multiple":false}
&amp#27;[38;5;32m[AndroidUiautomator2Driver@394c (b13f59d4)]&amp#27;[0m Got response with status 200: {"sessionId":"19af0dab-d2e5-4bdc-a27c-6af81bb94df4","value":{"ELEMENT":"00000000-0000-00c1-0000-003900000003","element-6066-11e4-a52e-4f735466cecf":"00000000-0000-00c1-0000-003900000003"}}
&amp#27;[38;5;32m[AndroidUiautomator2Driver@394c (b13f59d4)]&amp#27;[0m Responding to client with driver.findElement() result: {"element-6066-11e4-a52e-4f735466cecf":"00000000-0000-00c1-0000-003900000003","ELEMENT":"00000000-0000-00c1-0000-003900000003"}
&amp#27;[38;5;0m[HTTP]&amp#27;[0m &amp#27;[37m<-- POST /session/b13f59d4-d919-4432-b0cd-3cd2e3d3b4e7/element &amp#27;[39m&amp#27;[32m200&amp#27;[39m &amp#27;[90m1009 ms - 137&amp#27;[39m
&amp#27;[38;5;0m[HTTP]&amp#27;[0m &amp#27;[90m&amp#27;[39m
&amp#27;[38;5;0m[HTTP]&amp#27;[0m &amp#27;[37m-->&amp#27;[39m &amp#27;[37mPOST&amp#27;[39m &amp#27;[37m/session/b13f59d4-d919-4432-b0cd-3cd2e3d3b4e7/execute/sync&amp#27;[39m
&amp#27;[38;5;0m[HTTP]&amp#27;[0m &amp#27;[90m{"args":[{"elementId":"00000000-0000-00c1-0000-003900000003"}],"script":"mobile: doubleClickGesture"}&amp#27;[39m
&amp#27;[38;5;32m[AndroidUiautomator2Driver@394c (b13f59d4)]&amp#27;[0m Calling AppiumDriver.execute() with args: ["mobile: doubleClickGesture",[{"elementId":"00000000-0000-00c1-0000-003900000003"}],"b13f59d4-d919-4432-b0cd-3cd2e3d3b4e7"]
&amp#27;[38;5;32m[AndroidUiautomator2Driver@394c (b13f59d4)]&amp#27;[0m Executing method 'mobile: doubleClickGesture'
&amp#27;[38;5;32m[AndroidUiautomator2Driver@394c (b13f59d4)]&amp#27;[0m Proxying [POST /appium/gestures/double_click] to [POST http://127.0.0.1:8201/session/19af0dab-d2e5-4bdc-a27c-6af81bb94df4/appium/gestures/double_click] with body: {"origin":{"ELEMENT":"00000000-0000-00c1-0000-003900000003","element-6066-11e4-a52e-4f735466cecf":"00000000-0000-00c1-0000-003900000003"}}
&amp#27;[38;5;32m[AndroidUiautomator2Driver@394c (b13f59d4)]&amp#27;[0m Got response with status 200: {"sessionId":"19af0dab-d2e5-4bdc-a27c-6af81bb94df4","value":null}
&amp#27;[38;5;32m[AndroidUiautomator2Driver@394c (b13f59d4)]&amp#27;[0m Responding to client with driver.execute() result: null
&amp#27;[38;5;0m[HTTP]&amp#27;[0m &amp#27;[37m<-- POST /session/b13f59d4-d919-4432-b0cd-3cd2e3d3b4e7/execute/sync &amp#27;[39m&amp#27;[32m200&amp#27;[39m &amp#27;[90m669 ms - 14&amp#27;[39m
&amp#27;[38;5;0m[HTTP]&amp#27;[0m &amp#27;[90m&amp#27;[39m
&amp#27;[38;5;0m[HTTP]&amp#27;[0m &amp#27;[37m-->&amp#27;[39m &amp#27;[37mPOST&amp#27;[39m &amp#27;[37m/session/b13f59d4-d919-4432-b0cd-3cd2e3d3b4e7/element&amp#27;[39m
&amp#27;[38;5;0m[HTTP]&amp#27;[0m &amp#27;[90m{"value":"//android.widget.ScrollView/android.view.View[8]","using":"xpath"}&amp#27;[39m
&amp#27;[38;5;32m[AndroidUiautomator2Driver@394c (b13f59d4)]&amp#27;[0m Calling AppiumDriver.findElement() with args: ["xpath","//android.widget.ScrollView/android.view.View[8]","b13f59d4-d919-4432-b0cd-3cd2e3d3b4e7"]
&amp#27;[38;5;32m[AndroidUiautomator2Driver@394c (b13f59d4)]&amp#27;[0m Valid locator strategies for this request: xpath, id, class name, accessibility id, css selector, -android uiautomator
&amp#27;[38;5;32m[AndroidUiautomator2Driver@394c (b13f59d4)]&amp#27;[0m Waiting up to 10000 ms for condition
&amp#27;[38;5;32m[AndroidUiautomator2Driver@394c (b13f59d4)]&amp#27;[0m Matched '/element' to command name 'findElement'
&amp#27;[38;5;32m[AndroidUiautomator2Driver@394c (b13f59d4)]&amp#27;[0m Proxying [POST /element] to [POST http://127.0.0.1:8201/session/19af0dab-d2e5-4bdc-a27c-6af81bb94df4/element] with body: {"strategy":"xpath","selector":"//android.widget.ScrollView/android.view.View[8]","context":"","multiple":false}
&amp#27;[38;5;32m[AndroidUiautomator2Driver@394c (b13f59d4)]&amp#27;[0m Got response with status 200: {"sessionId":"19af0dab-d2e5-4bdc-a27c-6af81bb94df4","value":{"ELEMENT":"00000000-0000-00c1-0000-004000000003","element-6066-11e4-a52e-4f735466cecf":"00000000-0000-00c1-0000-004000000003"}}
&amp#27;[38;5;32m[AndroidUiautomator2Driver@394c (b13f59d4)]&amp#27;[0m Responding to client with driver.findElement() result: {"element-6066-11e4-a52e-4f735466cecf":"00000000-0000-00c1-0000-004000000003","ELEMENT":"00000000-0000-00c1-0000-004000000003"}
&amp#27;[38;5;0m[HTTP]&amp#27;[0m &amp#27;[37m<-- POST /session/b13f59d4-d919-4432-b0cd-3cd2e3d3b4e7/element &amp#27;[39m&amp#27;[32m200&amp#27;[39m &amp#27;[90m65 ms - 137&amp#27;[39m
&amp#27;[38;5;0m[HTTP]&amp#27;[0m &amp#27;[90m&amp#27;[39m
&amp#27;[38;5;0m[HTTP]&amp#27;[0m &amp#27;[37m-->&amp#27;[39m &amp#27;[37mPOST&amp#27;[39m &amp#27;[37m/session/b13f59d4-d919-4432-b0cd-3cd2e3d3b4e7/element/00000000-0000-00c1-0000-004000000003/click&amp#27;[39m
&amp#27;[38;5;0m[HTTP]&amp#27;[0m &amp#27;[90m{"id":"00000000-0000-00c1-0000-004000000003"}&amp#27;[39m
&amp#27;[38;5;32m[AndroidUiautomator2Driver@394c (b13f59d4)]&amp#27;[0m Calling AppiumDriver.click() with args: ["00000000-0000-00c1-0000-004000000003","b13f59d4-d919-4432-b0cd-3cd2e3d3b4e7"]
&amp#27;[38;5;32m[AndroidUiautomator2Driver@394c (b13f59d4)]&amp#27;[0m Matched '/element/00000000-0000-00c1-0000-004000000003/click' to command name 'click'
&amp#27;[38;5;32m[AndroidUiautomator2Driver@394c (b13f59d4)]&amp#27;[0m Proxying [POST /element/00000000-0000-00c1-0000-004000000003/click] to [POST http://127.0.0.1:8201/session/19af0dab-d2e5-4bdc-a27c-6af81bb94df4/element/00000000-0000-00c1-0000-004000000003/click] with body: {"element":"00000000-0000-00c1-0000-004000000003"}
&amp#27;[38;5;32m[AndroidUiautomator2Driver@394c (b13f59d4)]&amp#27;[0m Got response with status 200: {"sessionId":"19af0dab-d2e5-4bdc-a27c-6af81bb94df4","value":null}
&amp#27;[38;5;32m[AndroidUiautomator2Driver@394c (b13f59d4)]&amp#27;[0m Responding to client with driver.click() result: null
&amp#27;[38;5;0m[HTTP]&amp#27;[0m &amp#27;[37m<-- POST /session/b13f59d4-d919-4432-b0cd-3cd2e3d3b4e7/element/00000000-0000-00c1-0000-004000000003/click &amp#27;[39m&amp#27;[32m200&amp#27;[39m &amp#27;[90m95 ms - 14&amp#27;[39m
&amp#27;[38;5;0m[HTTP]&amp#27;[0m &amp#27;[90m&amp#27;[39m
&amp#27;[38;5;0m[HTTP]&amp#27;[0m &amp#27;[37m-->&amp#27;[39m &amp#27;[37mPOST&amp#27;[39m &amp#27;[37m/session/b13f59d4-d919-4432-b0cd-3cd2e3d3b4e7/element&amp#27;[39m
&amp#27;[38;5;0m[HTTP]&amp#27;[0m &amp#27;[90m{"value":"//android.widget.ScrollView/android.view.View[9]","using":"xpath"}&amp#27;[39m
&amp#27;[38;5;32m[AndroidUiautomator2Driver@394c (b13f59d4)]&amp#27;[0m Calling AppiumDriver.findElement() with args: ["xpath","//android.widget.ScrollView/android.view.View[9]","b13f59d4-d919-4432-b0cd-3cd2e3d3b4e7"]
&amp#27;[38;5;32m[AndroidUiautomator2Driver@394c (b13f59d4)]&amp#27;[0m Valid locator strategies for this request: xpath, id, class name, accessibility id, css selector, -android uiautomator
&amp#27;[38;5;32m[AndroidUiautomator2Driver@394c (b13f59d4)]&amp#27;[0m Waiting up to 10000 ms for condition
&amp#27;[38;5;32m[AndroidUiautomator2Driver@394c (b13f59d4)]&amp#27;[0m Matched '/element' to command name 'findElement'
&amp#27;[38;5;32m[AndroidUiautomator2Driver@394c (b13f59d4)]&amp#27;[0m Proxying [POST /element] to [POST http://127.0.0.1:8201/session/19af0dab-d2e5-4bdc-a27c-6af81bb94df4/element] with body: {"strategy":"xpath","selector":"//android.widget.ScrollView/android.view.View[9]","context":"","multiple":false}
&amp#27;[38;5;32m[AndroidUiautomator2Driver@394c (b13f59d4)]&amp#27;[0m Got response with status 200: {"sessionId":"19af0dab-d2e5-4bdc-a27c-6af81bb94df4","value":{"ELEMENT":"00000000-0000-00c1-0000-004100000003","element-6066-11e4-a52e-4f735466cecf":"00000000-0000-00c1-0000-004100000003"}}
&amp#27;[38;5;32m[AndroidUiautomator2Driver@394c (b13f59d4)]&amp#27;[0m Responding to client with driver.findElement() result: {"element-6066-11e4-a52e-4f735466cecf":"00000000-0000-00c1-0000-004100000003","ELEMENT":"00000000-0000-00c1-0000-004100000003"}
&amp#27;[38;5;0m[HTTP]&amp#27;[0m &amp#27;[37m<-- POST /session/b13f59d4-d919-4432-b0cd-3cd2e3d3b4e7/element &amp#27;[39m&amp#27;[32m200&amp#27;[39m &amp#27;[90m62 ms - 137&amp#27;[39m
&amp#27;[38;5;0m[HTTP]&amp#27;[0m &amp#27;[90m&amp#27;[39m
&amp#27;[38;5;0m[HTTP]&amp#27;[0m &amp#27;[37m-->&amp#27;[39m &amp#27;[37mPOST&amp#27;[39m &amp#27;[37m/session/b13f59d4-d919-4432-b0cd-3cd2e3d3b4e7/element/00000000-0000-00c1-0000-004100000003/click&amp#27;[39m
&amp#27;[38;5;0m[HTTP]&amp#27;[0m &amp#27;[90m{"id":"00000000-0000-00c1-0000-004100000003"}&amp#27;[39m
&amp#27;[38;5;32m[AndroidUiautomator2Driver@394c (b13f59d4)]&amp#27;[0m Calling AppiumDriver.click() with args: ["00000000-0000-00c1-0000-004100000003","b13f59d4-d919-4432-b0cd-3cd2e3d3b4e7"]
&amp#27;[38;5;32m[AndroidUiautomator2Driver@394c (b13f59d4)]&amp#27;[0m Matched '/element/00000000-0000-00c1-0000-004100000003/click' to command name 'click'
&amp#27;[38;5;32m[AndroidUiautomator2Driver@394c (b13f59d4)]&amp#27;[0m Proxying [POST /element/00000000-0000-00c1-0000-004100000003/click] to [POST http://127.0.0.1:8201/session/19af0dab-d2e5-4bdc-a27c-6af81bb94df4/element/00000000-0000-00c1-0000-004100000003/click] with body: {"element":"00000000-0000-00c1-0000-004100000003"}
&amp#27;[38;5;32m[AndroidUiautomator2Driver@394c (b13f59d4)]&amp#27;[0m Got response with status 200: {"sessionId":"19af0dab-d2e5-4bdc-a27c-6af81bb94df4","value":null}
&amp#27;[38;5;32m[AndroidUiautomator2Driver@394c (b13f59d4)]&amp#27;[0m Responding to client with driver.click() result: null
&amp#27;[38;5;0m[HTTP]&amp#27;[0m &amp#27;[37m<-- POST /session/b13f59d4-d919-4432-b0cd-3cd2e3d3b4e7/element/00000000-0000-00c1-0000-004100000003/click &amp#27;[39m&amp#27;[32m200&amp#27;[39m &amp#27;[90m555 ms - 14&amp#27;[39m
&amp#27;[38;5;0m[HTTP]&amp#27;[0m &amp#27;[90m&amp#27;[39m
&amp#27;[38;5;0m[HTTP]&amp#27;[0m &amp#27;[37m-->&amp#27;[39m &amp#27;[37mPOST&amp#27;[39m &amp#27;[37m/session/b13f59d4-d919-4432-b0cd-3cd2e3d3b4e7/element&amp#27;[39m
&amp#27;[38;5;0m[HTTP]&amp#27;[0m &amp#27;[90m{"value":"//android.widget.ScrollView/android.view.View[10]","using":"xpath"}&amp#27;[39m
&amp#27;[38;5;32m[AndroidUiautomator2Driver@394c (b13f59d4)]&amp#27;[0m Calling AppiumDriver.findElement() with args: ["xpath","//android.widget.ScrollView/android.view.View[10]","b13f59d4-d919-4432-b0cd-3cd2e3d3b4e7"]
&amp#27;[38;5;32m[AndroidUiautomator2Driver@394c (b13f59d4)]&amp#27;[0m Valid locator strategies for this request: xpath, id, class name, accessibility id, css selector, -android uiautomator
&amp#27;[38;5;32m[AndroidUiautomator2Driver@394c (b13f59d4)]&amp#27;[0m Waiting up to 10000 ms for condition
&amp#27;[38;5;32m[AndroidUiautomator2Driver@394c (b13f59d4)]&amp#27;[0m Matched '/element' to command name 'findElement'
&amp#27;[38;5;32m[AndroidUiautomator2Driver@394c (b13f59d4)]&amp#27;[0m Proxying [POST /element] to [POST http://127.0.0.1:8201/session/19af0dab-d2e5-4bdc-a27c-6af81bb94df4/element] with body: {"strategy":"xpath","selector":"//android.widget.ScrollView/android.view.View[10]","context":"","multiple":false}
&amp#27;[38;5;32m[AndroidUiautomator2Driver@394c (b13f59d4)]&amp#27;[0m Got response with status 200: {"sessionId":"19af0dab-d2e5-4bdc-a27c-6af81bb94df4","value":{"ELEMENT":"00000000-0000-00c1-0000-004200000003","element-6066-11e4-a52e-4f735466cecf":"00000000-0000-00c1-0000-004200000003"}}
&amp#27;[38;5;32m[AndroidUiautomator2Driver@394c (b13f59d4)]&amp#27;[0m Responding to client with driver.findElement() result: {"element-6066-11e4-a52e-4f735466cecf":"00000000-0000-00c1-0000-004200000003","ELEMENT":"00000000-0000-00c1-0000-004200000003"}
&amp#27;[38;5;0m[HTTP]&amp#27;[0m &amp#27;[37m<-- POST /session/b13f59d4-d919-4432-b0cd-3cd2e3d3b4e7/element &amp#27;[39m&amp#27;[32m200&amp#27;[39m &amp#27;[90m52 ms - 137&amp#27;[39m
&amp#27;[38;5;0m[HTTP]&amp#27;[0m &amp#27;[90m&amp#27;[39m
&amp#27;[38;5;0m[HTTP]&amp#27;[0m &amp#27;[37m-->&amp#27;[39m &amp#27;[37mPOST&amp#27;[39m &amp#27;[37m/session/b13f59d4-d919-4432-b0cd-3cd2e3d3b4e7/element/00000000-0000-00c1-0000-004200000003/click&amp#27;[39m
&amp#27;[38;5;0m[HTTP]&amp#27;[0m &amp#27;[90m{"id":"00000000-0000-00c1-0000-004200000003"}&amp#27;[39m
&amp#27;[38;5;32m[AndroidUiautomator2Driver@394c (b13f59d4)]&amp#27;[0m Calling AppiumDriver.click() with args: ["00000000-0000-00c1-0000-004200000003","b13f59d4-d919-4432-b0cd-3cd2e3d3b4e7"]
&amp#27;[38;5;32m[AndroidUiautomator2Driver@394c (b13f59d4)]&amp#27;[0m Matched '/element/00000000-0000-00c1-0000-004200000003/click' to command name 'click'
&amp#27;[38;5;32m[AndroidUiautomator2Driver@394c (b13f59d4)]&amp#27;[0m Proxying [POST /element/00000000-0000-00c1-0000-004200000003/click] to [POST http://127.0.0.1:8201/session/19af0dab-d2e5-4bdc-a27c-6af81bb94df4/element/00000000-0000-00c1-0000-004200000003/click] with body: {"element":"00000000-0000-00c1-0000-004200000003"}
&amp#27;[38;5;32m[AndroidUiautomator2Driver@394c (b13f59d4)]&amp#27;[0m Got response with status 200: {"sessionId":"19af0dab-d2e5-4bdc-a27c-6af81bb94df4","value":null}
&amp#27;[38;5;32m[AndroidUiautomator2Driver@394c (b13f59d4)]&amp#27;[0m Responding to client with driver.click() result: null
&amp#27;[38;5;0m[HTTP]&amp#27;[0m &amp#27;[37m<-- POST /session/b13f59d4-d919-4432-b0cd-3cd2e3d3b4e7/element/00000000-0000-00c1-0000-004200000003/click &amp#27;[39m&amp#27;[32m200&amp#27;[39m &amp#27;[90m584 ms - 14&amp#27;[39m
&amp#27;[38;5;0m[HTTP]&amp#27;[0m &amp#27;[90m&amp#27;[39m
&amp#27;[38;5;0m[HTTP]&amp#27;[0m &amp#27;[37m-->&amp#27;[39m &amp#27;[37mPOST&amp#27;[39m &amp#27;[37m/session/b13f59d4-d919-4432-b0cd-3cd2e3d3b4e7/elements&amp#27;[39m
&amp#27;[38;5;0m[HTTP]&amp#27;[0m &amp#27;[90m{"value":"//android.view.View[1]/android.widget.Button","using":"xpath"}&amp#27;[39m
&amp#27;[38;5;32m[AndroidUiautomator2Driver@394c (b13f59d4)]&amp#27;[0m Calling AppiumDriver.findElements() with args: ["xpath","//android.view.View[1]/android.widget.Button","b13f59d4-d919-4432-b0cd-3cd2e3d3b4e7"]
&amp#27;[38;5;32m[AndroidUiautomator2Driver@394c (b13f59d4)]&amp#27;[0m Valid locator strategies for this request: xpath, id, class name, accessibility id, css selector, -android uiautomator
&amp#27;[38;5;32m[AndroidUiautomator2Driver@394c (b13f59d4)]&amp#27;[0m Waiting up to 10000 ms for condition
&amp#27;[38;5;32m[AndroidUiautomator2Driver@394c (b13f59d4)]&amp#27;[0m Matched '/elements' to command name 'findElements'
&amp#27;[38;5;32m[AndroidUiautomator2Driver@394c (b13f59d4)]&amp#27;[0m Proxying [POST /elements] to [POST http://127.0.0.1:8201/session/19af0dab-d2e5-4bdc-a27c-6af81bb94df4/elements] with body: {"strategy":"xpath","selector":"//android.view.View[1]/android.widget.Button","context":"","multiple":true}
&amp#27;[38;5;32m[AndroidUiautomator2Driver@394c (b13f59d4)]&amp#27;[0m Got response with status 200: {"sessionId":"19af0dab-d2e5-4bdc-a27c-6af81bb94df4","value":[{"ELEMENT":"00000000-0000-00c1-0000-005000000003","element-6066-11e4-a52e-4f735466cecf":"00000000-0000-00c1-0000-005000000003"},{"ELEMENT":"00000000-0000-00c1-0000-004c00000003","element-6066-11e4-a52e-4f735466cecf":"00000000-0000-00c1-0000-004c00000003"},{"ELEMENT":"00000000-0000-00c1-0000-004d00000003","element-6066-11e4-a52e-4f735466cecf":"00000000-0000-00c1-0000-004d00000003"}]}
&amp#27;[38;5;32m[AndroidUiautomator2Driver@394c (b13f59d4)]&amp#27;[0m Responding to client with driver.findElements() result: [{"element-6066-11e4-a52e-4f735466cecf":"00000000-0000-00c1-0000-005000000003","ELEMENT":"00000000-0000-00c1-0000-005000000003"},{"element-6066-11e4-a52e-4f735466cecf":"00000000-0000-00c1-0000-004c00000003","ELEMENT":"00000000-0000-00c1-0000-004c00000003"},{"element-6066-11e4-a52e-4f735466cecf":"00000000-0000-00c1-0000-004d00000003","ELEMENT":"00000000-0000-00c1-0000-004d00000003"}]
&amp#27;[38;5;0m[HTTP]&amp#27;[0m &amp#27;[37m<-- POST /session/b13f59d4-d919-4432-b0cd-3cd2e3d3b4e7/elements &amp#27;[39m&amp#27;[32m200&amp#27;[39m &amp#27;[90m90 ms - 395&amp#27;[39m
&amp#27;[38;5;0m[HTTP]&amp#27;[0m &amp#27;[90m&amp#27;[39m
&amp#27;[38;5;0m[HTTP]&amp#27;[0m &amp#27;[37m-->&amp#27;[39m &amp#27;[37mPOST&amp#27;[39m &amp#27;[37m/session/b13f59d4-d919-4432-b0cd-3cd2e3d3b4e7/element/00000000-0000-00c1-0000-004c00000003/click&amp#27;[39m
&amp#27;[38;5;0m[HTTP]&amp#27;[0m &amp#27;[90m{"id":"00000000-0000-00c1-0000-004c00000003"}&amp#27;[39m
&amp#27;[38;5;32m[AndroidUiautomator2Driver@394c (b13f59d4)]&amp#27;[0m Calling AppiumDriver.click() with args: ["00000000-0000-00c1-0000-004c00000003","b13f59d4-d919-4432-b0cd-3cd2e3d3b4e7"]
&amp#27;[38;5;32m[AndroidUiautomator2Driver@394c (b13f59d4)]&amp#27;[0m Matched '/element/00000000-0000-00c1-0000-004c00000003/click' to command name 'click'
&amp#27;[38;5;32m[AndroidUiautomator2Driver@394c (b13f59d4)]&amp#27;[0m Proxying [POST /element/00000000-0000-00c1-0000-004c00000003/click] to [POST http://127.0.0.1:8201/session/19af0dab-d2e5-4bdc-a27c-6af81bb94df4/element/00000000-0000-00c1-0000-004c00000003/click] with body: {"element":"00000000-0000-00c1-0000-004c00000003"}
&amp#27;[38;5;32m[AndroidUiautomator2Driver@394c (b13f59d4)]&amp#27;[0m Got response with status 200: {"sessionId":"19af0dab-d2e5-4bdc-a27c-6af81bb94df4","value":null}
&amp#27;[38;5;32m[AndroidUiautomator2Driver@394c (b13f59d4)]&amp#27;[0m Responding to client with driver.click() result: null
&amp#27;[38;5;0m[HTTP]&amp#27;[0m &amp#27;[37m<-- POST /session/b13f59d4-d919-4432-b0cd-3cd2e3d3b4e7/element/00000000-0000-00c1-0000-004c00000003/click &amp#27;[39m&amp#27;[32m200&amp#27;[39m &amp#27;[90m60 ms - 14&amp#27;[39m
&amp#27;[38;5;0m[HTTP]&amp#27;[0m &amp#27;[90m&amp#27;[39m
145543 [main] DEBUG devpinoyLogger  - Check-Out done and navigated to No Orders
145543 [main] DEBUG devpinoyLogger  - Check-Out done and navigated to No Orders
145543 [main] DEBUG devpinoyLogger  - Check-Out done and navigated to No Orders
145543 [main] DEBUG devpinoyLogger  - Check-Out done and navigated to No Orders
145543 [main] DEBUG devpinoyLogger  - Check-Out done and navigated to No Orders
145543 [main] DEBUG devpinoyLogger  - Check-Out done and navigated to No Orders
145543 [main] DEBUG devpinoyLogger  - Check-Out done and navigated to No Orders
145543 [main] DEBUG devpinoyLogger  - Check-Out done and navigated to No Orders
145543 [main] DEBUG devpinoyLogger  - Check-Out done and navigated to No Orders
145543 [main] DEBUG devpinoyLogger  - Check-Out done and navigated to No Orders
145543 [main] DEBUG devpinoyLogger  - Check-Out done and navigated to No Orders
145543 [main] DEBUG devpinoyLogger  - Check-Out done and navigated to No Orders
145543 [main] DEBUG devpinoyLogger  - Check-Out done and navigated to No Orders
&amp#27;[38;5;0m[HTTP]&amp#27;[0m &amp#27;[37m-->&amp#27;[39m &amp#27;[37mPOST&amp#27;[39m &amp#27;[37m/session/b13f59d4-d919-4432-b0cd-3cd2e3d3b4e7/element&amp#27;[39m
&amp#27;[38;5;0m[HTTP]&amp#27;[0m &amp#27;[90m{"value":"//android.view.View/android.widget.CheckBox[1]","using":"xpath"}&amp#27;[39m
&amp#27;[38;5;32m[AndroidUiautomator2Driver@394c (b13f59d4)]&amp#27;[0m Calling AppiumDriver.findElement() with args: ["xpath","//android.view.View/android.widget.CheckBox[1]","b13f59d4-d919-4432-b0cd-3cd2e3d3b4e7"]
&amp#27;[38;5;32m[AndroidUiautomator2Driver@394c (b13f59d4)]&amp#27;[0m Valid locator strategies for this request: xpath, id, class name, accessibility id, css selector, -android uiautomator
&amp#27;[38;5;32m[AndroidUiautomator2Driver@394c (b13f59d4)]&amp#27;[0m Waiting up to 10000 ms for condition
&amp#27;[38;5;32m[AndroidUiautomator2Driver@394c (b13f59d4)]&amp#27;[0m Matched '/element' to command name 'findElement'
&amp#27;[38;5;32m[AndroidUiautomator2Driver@394c (b13f59d4)]&amp#27;[0m Proxying [POST /element] to [POST http://127.0.0.1:8201/session/19af0dab-d2e5-4bdc-a27c-6af81bb94df4/element] with body: {"strategy":"xpath","selector":"//android.view.View/android.widget.CheckBox[1]","context":"","multiple":false}
&amp#27;[38;5;32m[AndroidUiautomator2Driver@394c (b13f59d4)]&amp#27;[0m Got response with status 200: {"sessionId":"19af0dab-d2e5-4bdc-a27c-6af81bb94df4","value":{"ELEMENT":"00000000-0000-00c1-0000-005600000003","element-6066-11e4-a52e-4f735466cecf":"00000000-0000-00c1-0000-005600000003"}}
&amp#27;[38;5;32m[AndroidUiautomator2Driver@394c (b13f59d4)]&amp#27;[0m Responding to client with driver.findElement() result: {"element-6066-11e4-a52e-4f735466cecf":"00000000-0000-00c1-0000-005600000003","ELEMENT":"00000000-0000-00c1-0000-005600000003"}
&amp#27;[38;5;0m[HTTP]&amp#27;[0m &amp#27;[37m<-- POST /session/b13f59d4-d919-4432-b0cd-3cd2e3d3b4e7/element &amp#27;[39m&amp#27;[32m200&amp#27;[39m &amp#27;[90m49 ms - 137&amp#27;[39m
&amp#27;[38;5;0m[HTTP]&amp#27;[0m &amp#27;[90m&amp#27;[39m
&amp#27;[38;5;0m[HTTP]&amp#27;[0m &amp#27;[37m-->&amp#27;[39m &amp#27;[37mPOST&amp#27;[39m &amp#27;[37m/session/b13f59d4-d919-4432-b0cd-3cd2e3d3b4e7/element/00000000-0000-00c1-0000-005600000003/click&amp#27;[39m
&amp#27;[38;5;0m[HTTP]&amp#27;[0m &amp#27;[90m{"id":"00000000-0000-00c1-0000-005600000003"}&amp#27;[39m
&amp#27;[38;5;32m[AndroidUiautomator2Driver@394c (b13f59d4)]&amp#27;[0m Calling AppiumDriver.click() with args: ["00000000-0000-00c1-0000-005600000003","b13f59d4-d919-4432-b0cd-3cd2e3d3b4e7"]
&amp#27;[38;5;32m[AndroidUiautomator2Driver@394c (b13f59d4)]&amp#27;[0m Matched '/element/00000000-0000-00c1-0000-005600000003/click' to command name 'click'
&amp#27;[38;5;32m[AndroidUiautomator2Driver@394c (b13f59d4)]&amp#27;[0m Proxying [POST /element/00000000-0000-00c1-0000-005600000003/click] to [POST http://127.0.0.1:8201/session/19af0dab-d2e5-4bdc-a27c-6af81bb94df4/element/00000000-0000-00c1-0000-005600000003/click] with body: {"element":"00000000-0000-00c1-0000-005600000003"}
&amp#27;[38;5;32m[AndroidUiautomator2Driver@394c (b13f59d4)]&amp#27;[0m Got response with status 200: {"sessionId":"19af0dab-d2e5-4bdc-a27c-6af81bb94df4","value":null}
&amp#27;[38;5;32m[AndroidUiautomator2Driver@394c (b13f59d4)]&amp#27;[0m Responding to client with driver.click() result: null
&amp#27;[38;5;0m[HTTP]&amp#27;[0m &amp#27;[37m<-- POST /session/b13f59d4-d919-4432-b0cd-3cd2e3d3b4e7/element/00000000-0000-00c1-0000-005600000003/click &amp#27;[39m&amp#27;[32m200&amp#27;[39m &amp#27;[90m568 ms - 14&amp#27;[39m
&amp#27;[38;5;0m[HTTP]&amp#27;[0m &amp#27;[90m&amp#27;[39m
&amp#27;[38;5;0m[HTTP]&amp#27;[0m &amp#27;[37m-->&amp#27;[39m &amp#27;[37mPOST&amp#27;[39m &amp#27;[37m/session/b13f59d4-d919-4432-b0cd-3cd2e3d3b4e7/element&amp#27;[39m
&amp#27;[38;5;0m[HTTP]&amp#27;[0m &amp#27;[90m{"value":"//android.view.View/android.widget.EditText","using":"xpath"}&amp#27;[39m
&amp#27;[38;5;32m[AndroidUiautomator2Driver@394c (b13f59d4)]&amp#27;[0m Calling AppiumDriver.findElement() with args: ["xpath","//android.view.View/android.widget.EditText","b13f59d4-d919-4432-b0cd-3cd2e3d3b4e7"]
&amp#27;[38;5;32m[AndroidUiautomator2Driver@394c (b13f59d4)]&amp#27;[0m Valid locator strategies for this request: xpath, id, class name, accessibility id, css selector, -android uiautomator
&amp#27;[38;5;32m[AndroidUiautomator2Driver@394c (b13f59d4)]&amp#27;[0m Waiting up to 10000 ms for condition
&amp#27;[38;5;32m[AndroidUiautomator2Driver@394c (b13f59d4)]&amp#27;[0m Matched '/element' to command name 'findElement'
&amp#27;[38;5;32m[AndroidUiautomator2Driver@394c (b13f59d4)]&amp#27;[0m Proxying [POST /element] to [POST http://127.0.0.1:8201/session/19af0dab-d2e5-4bdc-a27c-6af81bb94df4/element] with body: {"strategy":"xpath","selector":"//android.view.View/android.widget.EditText","context":"","multiple":false}
&amp#27;[38;5;32m[AndroidUiautomator2Driver@394c (b13f59d4)]&amp#27;[0m Got response with status 200: {"sessionId":"19af0dab-d2e5-4bdc-a27c-6af81bb94df4","value":{"ELEMENT":"00000000-0000-00c1-0000-005a00000003","element-6066-11e4-a52e-4f735466cecf":"00000000-0000-00c1-0000-005a00000003"}}
&amp#27;[38;5;32m[AndroidUiautomator2Driver@394c (b13f59d4)]&amp#27;[0m Responding to client with driver.findElement() result: {"element-6066-11e4-a52e-4f735466cecf":"00000000-0000-00c1-0000-005a00000003","ELEMENT":"00000000-0000-00c1-0000-005a00000003"}
&amp#27;[38;5;0m[HTTP]&amp#27;[0m &amp#27;[37m<-- POST /session/b13f59d4-d919-4432-b0cd-3cd2e3d3b4e7/element &amp#27;[39m&amp#27;[32m200&amp#27;[39m &amp#27;[90m43 ms - 137&amp#27;[39m
&amp#27;[38;5;0m[HTTP]&amp#27;[0m &amp#27;[90m&amp#27;[39m
&amp#27;[38;5;0m[HTTP]&amp#27;[0m &amp#27;[37m-->&amp#27;[39m &amp#27;[37mPOST&amp#27;[39m &amp#27;[37m/session/b13f59d4-d919-4432-b0cd-3cd2e3d3b4e7/element/00000000-0000-00c1-0000-005a00000003/click&amp#27;[39m
&amp#27;[38;5;0m[HTTP]&amp#27;[0m &amp#27;[90m{"id":"00000000-0000-00c1-0000-005a00000003"}&amp#27;[39m
&amp#27;[38;5;32m[AndroidUiautomator2Driver@394c (b13f59d4)]&amp#27;[0m Calling AppiumDriver.click() with args: ["00000000-0000-00c1-0000-005a00000003","b13f59d4-d919-4432-b0cd-3cd2e3d3b4e7"]
&amp#27;[38;5;32m[AndroidUiautomator2Driver@394c (b13f59d4)]&amp#27;[0m Matched '/element/00000000-0000-00c1-0000-005a00000003/click' to command name 'click'
&amp#27;[38;5;32m[AndroidUiautomator2Driver@394c (b13f59d4)]&amp#27;[0m Proxying [POST /element/00000000-0000-00c1-0000-005a00000003/click] to [POST http://127.0.0.1:8201/session/19af0dab-d2e5-4bdc-a27c-6af81bb94df4/element/00000000-0000-00c1-0000-005a00000003/click] with body: {"element":"00000000-0000-00c1-0000-005a00000003"}
&amp#27;[38;5;32m[AndroidUiautomator2Driver@394c (b13f59d4)]&amp#27;[0m Got response with status 200: {"sessionId":"19af0dab-d2e5-4bdc-a27c-6af81bb94df4","value":null}
&amp#27;[38;5;32m[AndroidUiautomator2Driver@394c (b13f59d4)]&amp#27;[0m Responding to client with driver.click() result: null
&amp#27;[38;5;0m[HTTP]&amp#27;[0m &amp#27;[37m<-- POST /session/b13f59d4-d919-4432-b0cd-3cd2e3d3b4e7/element/00000000-0000-00c1-0000-005a00000003/click &amp#27;[39m&amp#27;[32m200&amp#27;[39m &amp#27;[90m72 ms - 14&amp#27;[39m
&amp#27;[38;5;0m[HTTP]&amp#27;[0m &amp#27;[90m&amp#27;[39m
&amp#27;[38;5;0m[HTTP]&amp#27;[0m &amp#27;[37m-->&amp#27;[39m &amp#27;[37mPOST&amp#27;[39m &amp#27;[37m/session/b13f59d4-d919-4432-b0cd-3cd2e3d3b4e7/element&amp#27;[39m
&amp#27;[38;5;0m[HTTP]&amp#27;[0m &amp#27;[90m{"value":"//android.view.View/android.widget.EditText","using":"xpath"}&amp#27;[39m
&amp#27;[38;5;32m[AndroidUiautomator2Driver@394c (b13f59d4)]&amp#27;[0m Calling AppiumDriver.findElement() with args: ["xpath","//android.view.View/android.widget.EditText","b13f59d4-d919-4432-b0cd-3cd2e3d3b4e7"]
&amp#27;[38;5;32m[AndroidUiautomator2Driver@394c (b13f59d4)]&amp#27;[0m Valid locator strategies for this request: xpath, id, class name, accessibility id, css selector, -android uiautomator
&amp#27;[38;5;32m[AndroidUiautomator2Driver@394c (b13f59d4)]&amp#27;[0m Waiting up to 10000 ms for condition
&amp#27;[38;5;32m[AndroidUiautomator2Driver@394c (b13f59d4)]&amp#27;[0m Matched '/element' to command name 'findElement'
&amp#27;[38;5;32m[AndroidUiautomator2Driver@394c (b13f59d4)]&amp#27;[0m Proxying [POST /element] to [POST http://127.0.0.1:8201/session/19af0dab-d2e5-4bdc-a27c-6af81bb94df4/element] with body: {"strategy":"xpath","selector":"//android.view.View/android.widget.EditText","context":"","multiple":false}
&amp#27;[38;5;32m[AndroidUiautomator2Driver@394c (b13f59d4)]&amp#27;[0m Got response with status 200: {"sessionId":"19af0dab-d2e5-4bdc-a27c-6af81bb94df4","value":{"ELEMENT":"00000000-0000-00c1-0000-005a00000003","element-6066-11e4-a52e-4f735466cecf":"00000000-0000-00c1-0000-005a00000003"}}
&amp#27;[38;5;32m[AndroidUiautomator2Driver@394c (b13f59d4)]&amp#27;[0m Responding to client with driver.findElement() result: {"element-6066-11e4-a52e-4f735466cecf":"00000000-0000-00c1-0000-005a00000003","ELEMENT":"00000000-0000-00c1-0000-005a00000003"}
&amp#27;[38;5;0m[HTTP]&amp#27;[0m &amp#27;[37m<-- POST /session/b13f59d4-d919-4432-b0cd-3cd2e3d3b4e7/element &amp#27;[39m&amp#27;[32m200&amp#27;[39m &amp#27;[90m72 ms - 137&amp#27;[39m
&amp#27;[38;5;0m[HTTP]&amp#27;[0m &amp#27;[90m&amp#27;[39m
&amp#27;[38;5;0m[HTTP]&amp#27;[0m &amp#27;[37m-->&amp#27;[39m &amp#27;[37mPOST&amp#27;[39m &amp#27;[37m/session/b13f59d4-d919-4432-b0cd-3cd2e3d3b4e7/element/00000000-0000-00c1-0000-005a00000003/value&amp#27;[39m
&amp#27;[38;5;0m[HTTP]&amp#27;[0m &amp#27;[90m{"text":"No orders were accepted at the visited customer place due to unavailability of desired products/services","value":["N","o"," ","o","r","d","e","r","s"," ","w","e","r","e"," ","a","c","c","e","p","t","e","d"," ","a","t"," ","t","h","e"," ","v","i","s","i","t","e","d"," ","c","u","s","t","o","m","e","r"," ","p","l","a","c","e"," ","d","u","e"," ","t","o"," ","u","n","a","v","a","i","l","a","b","i","l","i","t","y"," ","o","f"," ","d","e","s","i","r","e","d"," ","p","r","o","d","u","c","t","s","/","s","e","r","v","i","c","e","s"],"id":"00000000-0000-00c1-0000-005a00000003"}&amp#27;[39m
&amp#27;[38;5;32m[AndroidUiautomator2Driver@394c (b13f59d4)]&amp#27;[0m Calling AppiumDriver.setValue() with args: [["N","o"," ","o","r","d","e","r","s"," ","w","e","r","e"," ","a","c","c","e","p","t","e","d"," ","a","t"," ","t","h","e"," ","v","i","s","i","t","e","d"," ","c","u","s","t","o","m","e","r"," ","p","l","a","c","e"," ","d","u","e"," ","t","o"," ","u","n","a","v","a","i","l","a","b","i","l","i","t","y"," ","o","f"," ","d","e","s","i","r","e","d"," ","p","r","o","d","u","c","t","s","/","s","e","r","v","i","c","e","s"],"00000000-0000-00c1-0000-005a00000003","b13f59d4-d919-4432-b0cd-3cd2e3d3b4e7"]
&amp#27;[38;5;32m[AndroidUiautomator2Driver@394c (b13f59d4)]&amp#27;[0m Matched '/element/00000000-0000-00c1-0000-005a00000003/value' to command name 'setValue'
&amp#27;[38;5;32m[AndroidUiautomator2Driver@394c (b13f59d4)]&amp#27;[0m Added 'value' property ["N","o"," ","o","r","d","e","r","s"," ","w","e","r","e"," ","a","c","c","e","p","t","e","d"," ","a","t"," ","t","h","e"," ","v","i","s","i","t","e","d"," ","c","u","s","t","o","m","e","r"," ","p","l","a","c","e"," ","d","u","e"," ","t","o"," ","u","n","a","v","a","i","l","a","b","i","l","i","t","y"," ","o","f"," ","d","e","s","i","r","e","d"," ","p","r","o","d","u","c","t","s","/","s","e","r","v","i","c","e","s"] to 'setValue' request body
&amp#27;[38;5;32m[AndroidUiautomator2Driver@394c (b13f59d4)]&amp#27;[0m Proxying [POST /element/00000000-0000-00c1-0000-005a00000003/value] to [POST http://127.0.0.1:8201/session/19af0dab-d2e5-4bdc-a27c-6af81bb94df4/element/00000000-0000-00c1-0000-005a00000003/value] with body: {"elementId":"00000000-0000-00c1-0000-005a00000003","text":"No orders were accepted at the visited customer place due to unavailability of desired products/services","replace":false,"value":["N","o"," ","o","r","d","e","r","s"," ","w","e","r","e"," ","a","c","c","e","p","t","e","d"," ","a","t"," ","t","h","e"," ","v","i","s","i","t","e","d"," ","c","u","s","t","o","m","e","r"," ","p","l","a","c","e"," ","d","u","e"," ","t","o"," ","u","n","a","v","a","i","l","a","b","i","l","i","t","y"," ","o","f"," ","d","e","s","i","r","e","d"," ","p","r","o","d","u","c","t","s","/","s","e","r","v","i","c","e","s"]}
&amp#27;[38;5;0m[HTTP]&amp#27;[0m &amp#27;[37m-->&amp#27;[39m &amp#27;[37mGET&amp#27;[39m &amp#27;[37m/session/fe1e5e56-571c-4eb6-898d-5d5d3bd3a4b3/timeouts&amp#27;[39m
&amp#27;[38;5;0m[HTTP]&amp#27;[0m &amp#27;[90m{}&amp#27;[39m
&amp#27;[38;5;16m[AppiumDriver@b18f]&amp#27;[0m Encountered internal error running command: NoSuchDriverError: A session is either terminated or not started
&amp#27;[38;5;16m[AppiumDriver@b18f]&amp#27;[0m     at asyncHandler (C:\Users\Kvp\AppData\Roaming\npm\node_modules\appium\node_modules\@appium\base-driver\lib\protocol\protocol.js:315:15)
&amp#27;[38;5;16m[AppiumDriver@b18f]&amp#27;[0m     at C:\Users\Kvp\AppData\Roaming\npm\node_modules\appium\node_modules\@appium\base-driver\lib\protocol\protocol.js:518:15
&amp#27;[38;5;16m[AppiumDriver@b18f]&amp#27;[0m     at Layer.handle [as handle_request] (C:\Users\Kvp\AppData\Roaming\npm\node_modules\appium\node_modules\express\lib\router\layer.js:95:5)
&amp#27;[38;5;16m[AppiumDriver@b18f]&amp#27;[0m     at next (C:\Users\Kvp\AppData\Roaming\npm\node_modules\appium\node_modules\express\lib\router\route.js:144:13)
&amp#27;[38;5;16m[AppiumDriver@b18f]&amp#27;[0m     at Route.dispatch (C:\Users\Kvp\AppData\Roaming\npm\node_modules\appium\node_modules\express\lib\router\route.js:114:3)
&amp#27;[38;5;16m[AppiumDriver@b18f]&amp#27;[0m     at Layer.handle [as handle_request] (C:\Users\Kvp\AppData\Roaming\npm\node_modules\appium\node_modules\express\lib\router\layer.js:95:5)
&amp#27;[38;5;16m[AppiumDriver@b18f]&amp#27;[0m     at C:\Users\Kvp\AppData\Roaming\npm\node_modules\appium\node_modules\express\lib\router\index.js:284:15
&amp#27;[38;5;16m[AppiumDriver@b18f]&amp#27;[0m     at param (C:\Users\Kvp\AppData\Roaming\npm\node_modules\appium\node_modules\express\lib\router\index.js:365:14)
&amp#27;[38;5;16m[AppiumDriver@b18f]&amp#27;[0m     at param (C:\Users\Kvp\AppData\Roaming\npm\node_modules\appium\node_modules\express\lib\router\index.js:376:14)
&amp#27;[38;5;16m[AppiumDriver@b18f]&amp#27;[0m     at Function.process_params (C:\Users\Kvp\AppData\Roaming\npm\node_modules\appium\node_modules\express\lib\router\index.js:421:3)
&amp#27;[38;5;16m[AppiumDriver@b18f]&amp#27;[0m     at next (C:\Users\Kvp\AppData\Roaming\npm\node_modules\appium\node_modules\express\lib\router\index.js:280:10)
&amp#27;[38;5;16m[AppiumDriver@b18f]&amp#27;[0m     at logger (C:\Users\Kvp\AppData\Roaming\npm\node_modules\appium\node_modules\morgan\index.js:144:5)
&amp#27;[38;5;16m[AppiumDriver@b18f]&amp#27;[0m     at Layer.handle [as handle_request] (C:\Users\Kvp\AppData\Roaming\npm\node_modules\appium\node_modules\express\lib\router\layer.js:95:5)
&amp#27;[38;5;16m[AppiumDriver@b18f]&amp#27;[0m     at trim_prefix (C:\Users\Kvp\AppData\Roaming\npm\node_modules\appium\node_modules\express\lib\router\index.js:328:13)
&amp#27;[38;5;16m[AppiumDriver@b18f]&amp#27;[0m     at C:\Users\Kvp\AppData\Roaming\npm\node_modules\appium\node_modules\express\lib\router\index.js:286:9
&amp#27;[38;5;16m[AppiumDriver@b18f]&amp#27;[0m     at Function.process_params (C:\Users\Kvp\AppData\Roaming\npm\node_modules\appium\node_modules\express\lib\router\index.js:346:12)
&amp#27;[38;5;16m[AppiumDriver@b18f]&amp#27;[0m     at next (C:\Users\Kvp\AppData\Roaming\npm\node_modules\appium\node_modules\express\lib\router\index.js:280:10)
&amp#27;[38;5;16m[AppiumDriver@b18f]&amp#27;[0m     at jsonParser (C:\Users\Kvp\AppData\Roaming\npm\node_modules\appium\node_modules\body-parser\lib\types\json.js:113:7)
&amp#27;[38;5;16m[AppiumDriver@b18f]&amp#27;[0m     at Layer.handle [as handle_request] (C:\Users\Kvp\AppData\Roaming\npm\node_modules\appium\node_modules\express\lib\router\layer.js:95:5)
&amp#27;[38;5;16m[AppiumDriver@b18f]&amp#27;[0m     at trim_prefix (C:\Users\Kvp\AppData\Roaming\npm\node_modules\appium\node_modules\express\lib\router\index.js:328:13)
&amp#27;[38;5;16m[AppiumDriver@b18f]&amp#27;[0m     at C:\Users\Kvp\AppData\Roaming\npm\node_modules\appium\node_modules\express\lib\router\index.js:286:9
&amp#27;[38;5;16m[AppiumDriver@b18f]&amp#27;[0m     at Function.process_params (C:\Users\Kvp\AppData\Roaming\npm\node_modules\appium\node_modules\express\lib\router\index.js:346:12)
&amp#27;[38;5;0m[HTTP]&amp#27;[0m &amp#27;[37m<-- GET /session/fe1e5e56-571c-4eb6-898d-5d5d3bd3a4b3/timeouts &amp#27;[39m&amp#27;[33m404&amp#27;[39m &amp#27;[90m4 ms - 3187&amp#27;[39m
&amp#27;[38;5;0m[HTTP]&amp#27;[0m &amp#27;[90m&amp#27;[39m
&amp#27;[38;5;32m[AndroidUiautomator2Driver@394c (b13f59d4)]&amp#27;[0m Got response with status 200: {"sessionId":"19af0dab-d2e5-4bdc-a27c-6af81bb94df4","value":null}
&amp#27;[38;5;32m[AndroidUiautomator2Driver@394c (b13f59d4)]&amp#27;[0m Responding to client with driver.setValue() result: null
&amp#27;[38;5;0m[HTTP]&amp#27;[0m &amp#27;[37m<-- POST /session/b13f59d4-d919-4432-b0cd-3cd2e3d3b4e7/element/00000000-0000-00c1-0000-005a00000003/value &amp#27;[39m&amp#27;[32m200&amp#27;[39m &amp#27;[90m1070 ms - 14&amp#27;[39m
&amp#27;[38;5;0m[HTTP]&amp#27;[0m &amp#27;[90m&amp#27;[39m
&amp#27;[38;5;0m[HTTP]&amp#27;[0m &amp#27;[37m-->&amp#27;[39m &amp#27;[37mPOST&amp#27;[39m &amp#27;[37m/session/b13f59d4-d919-4432-b0cd-3cd2e3d3b4e7/execute/sync&amp#27;[39m
&amp#27;[38;5;0m[HTTP]&amp#27;[0m &amp#27;[90m{"script":"mobile: pressKey","args":[{"keycode":4}]}&amp#27;[39m
&amp#27;[38;5;32m[AndroidUiautomator2Driver@394c (b13f59d4)]&amp#27;[0m Calling AppiumDriver.execute() with args: ["mobile: pressKey",[{"keycode":4}],"b13f59d4-d919-4432-b0cd-3cd2e3d3b4e7"]
&amp#27;[38;5;32m[AndroidUiautomator2Driver@394c (b13f59d4)]&amp#27;[0m Executing method 'mobile: pressKey'
&amp#27;[38;5;32m[AndroidUiautomator2Driver@394c (b13f59d4)]&amp#27;[0m Matched '/appium/device/press_keycode' to command name 'pressKeyCode'
&amp#27;[38;5;32m[AndroidUiautomator2Driver@394c (b13f59d4)]&amp#27;[0m Proxying [POST /appium/device/press_keycode] to [POST http://127.0.0.1:8201/session/19af0dab-d2e5-4bdc-a27c-6af81bb94df4/appium/device/press_keycode] with body: {"keycode":4}
&amp#27;[38;5;32m[AndroidUiautomator2Driver@394c (b13f59d4)]&amp#27;[0m Got response with status 200: {"sessionId":"19af0dab-d2e5-4bdc-a27c-6af81bb94df4","value":null}
&amp#27;[38;5;32m[AndroidUiautomator2Driver@394c (b13f59d4)]&amp#27;[0m Responding to client with driver.execute() result: null
&amp#27;[38;5;0m[HTTP]&amp#27;[0m &amp#27;[37m<-- POST /session/b13f59d4-d919-4432-b0cd-3cd2e3d3b4e7/execute/sync &amp#27;[39m&amp#27;[32m200&amp#27;[39m &amp#27;[90m91 ms - 14&amp#27;[39m
&amp#27;[38;5;0m[HTTP]&amp#27;[0m &amp#27;[90m&amp#27;[39m
&amp#27;[38;5;0m[HTTP]&amp#27;[0m &amp#27;[37m-->&amp#27;[39m &amp#27;[37mPOST&amp#27;[39m &amp#27;[37m/session/b13f59d4-d919-4432-b0cd-3cd2e3d3b4e7/element&amp#27;[39m
&amp#27;[38;5;0m[HTTP]&amp#27;[0m &amp#27;[90m{"value":"//android.view.View/android.widget.Button","using":"xpath"}&amp#27;[39m
&amp#27;[38;5;32m[AndroidUiautomator2Driver@394c (b13f59d4)]&amp#27;[0m Calling AppiumDriver.findElement() with args: ["xpath","//android.view.View/android.widget.Button","b13f59d4-d919-4432-b0cd-3cd2e3d3b4e7"]
&amp#27;[38;5;32m[AndroidUiautomator2Driver@394c (b13f59d4)]&amp#27;[0m Valid locator strategies for this request: xpath, id, class name, accessibility id, css selector, -android uiautomator
&amp#27;[38;5;32m[AndroidUiautomator2Driver@394c (b13f59d4)]&amp#27;[0m Waiting up to 10000 ms for condition
&amp#27;[38;5;32m[AndroidUiautomator2Driver@394c (b13f59d4)]&amp#27;[0m Matched '/element' to command name 'findElement'
&amp#27;[38;5;32m[AndroidUiautomator2Driver@394c (b13f59d4)]&amp#27;[0m Proxying [POST /element] to [POST http://127.0.0.1:8201/session/19af0dab-d2e5-4bdc-a27c-6af81bb94df4/element] with body: {"strategy":"xpath","selector":"//android.view.View/android.widget.Button","context":"","multiple":false}
&amp#27;[38;5;32m[AndroidUiautomator2Driver@394c (b13f59d4)]&amp#27;[0m Got response with status 200: {"sessionId":"19af0dab-d2e5-4bdc-a27c-6af81bb94df4","value":{"ELEMENT":"00000000-0000-00c1-0000-005c00000003","element-6066-11e4-a52e-4f735466cecf":"00000000-0000-00c1-0000-005c00000003"}}
&amp#27;[38;5;32m[AndroidUiautomator2Driver@394c (b13f59d4)]&amp#27;[0m Responding to client with driver.findElement() result: {"element-6066-11e4-a52e-4f735466cecf":"00000000-0000-00c1-0000-005c00000003","ELEMENT":"00000000-0000-00c1-0000-005c00000003"}
&amp#27;[38;5;0m[HTTP]&amp#27;[0m &amp#27;[37m<-- POST /session/b13f59d4-d919-4432-b0cd-3cd2e3d3b4e7/element &amp#27;[39m&amp#27;[32m200&amp#27;[39m &amp#27;[90m912 ms - 137&amp#27;[39m
&amp#27;[38;5;0m[HTTP]&amp#27;[0m &amp#27;[90m&amp#27;[39m
&amp#27;[38;5;0m[HTTP]&amp#27;[0m &amp#27;[37m-->&amp#27;[39m &amp#27;[37mPOST&amp#27;[39m &amp#27;[37m/session/b13f59d4-d919-4432-b0cd-3cd2e3d3b4e7/element/00000000-0000-00c1-0000-005c00000003/click&amp#27;[39m
&amp#27;[38;5;0m[HTTP]&amp#27;[0m &amp#27;[90m{"id":"00000000-0000-00c1-0000-005c00000003"}&amp#27;[39m
&amp#27;[38;5;32m[AndroidUiautomator2Driver@394c (b13f59d4)]&amp#27;[0m Calling AppiumDriver.click() with args: ["00000000-0000-00c1-0000-005c00000003","b13f59d4-d919-4432-b0cd-3cd2e3d3b4e7"]
&amp#27;[38;5;32m[AndroidUiautomator2Driver@394c (b13f59d4)]&amp#27;[0m Matched '/element/00000000-0000-00c1-0000-005c00000003/click' to command name 'click'
&amp#27;[38;5;32m[AndroidUiautomator2Driver@394c (b13f59d4)]&amp#27;[0m Proxying [POST /element/00000000-0000-00c1-0000-005c00000003/click] to [POST http://127.0.0.1:8201/session/19af0dab-d2e5-4bdc-a27c-6af81bb94df4/element/00000000-0000-00c1-0000-005c00000003/click] with body: {"element":"00000000-0000-00c1-0000-005c00000003"}
&amp#27;[38;5;32m[AndroidUiautomator2Driver@394c (b13f59d4)]&amp#27;[0m Got response with status 200: {"sessionId":"19af0dab-d2e5-4bdc-a27c-6af81bb94df4","value":null}
&amp#27;[38;5;32m[AndroidUiautomator2Driver@394c (b13f59d4)]&amp#27;[0m Responding to client with driver.click() result: null
&amp#27;[38;5;0m[HTTP]&amp#27;[0m &amp#27;[37m<-- POST /session/b13f59d4-d919-4432-b0cd-3cd2e3d3b4e7/element/00000000-0000-00c1-0000-005c00000003/click &amp#27;[39m&amp#27;[32m200&amp#27;[39m &amp#27;[90m914 ms - 14&amp#27;[39m
&amp#27;[38;5;0m[HTTP]&amp#27;[0m &amp#27;[90m&amp#27;[39m
150535 [main] DEBUG devpinoyLogger  - Reason updated for No order
150535 [main] DEBUG devpinoyLogger  - Reason updated for No order
150535 [main] DEBUG devpinoyLogger  - Reason updated for No order
150535 [main] DEBUG devpinoyLogger  - Reason updated for No order
150535 [main] DEBUG devpinoyLogger  - Reason updated for No order
150535 [main] DEBUG devpinoyLogger  - Reason updated for No order
150535 [main] DEBUG devpinoyLogger  - Reason updated for No order
150535 [main] DEBUG devpinoyLogger  - Reason updated for No order
150535 [main] DEBUG devpinoyLogger  - Reason updated for No order
150535 [main] DEBUG devpinoyLogger  - Reason updated for No order
150535 [main] DEBUG devpinoyLogger  - Reason updated for No order
150535 [main] DEBUG devpinoyLogger  - Reason updated for No order
150535 [main] DEBUG devpinoyLogger  - Reason updated for No order
150535 [main] DEBUG devpinoyLogger  - Reason updated for No order
]]></system-out>
  </testcase>
  <testcase name="selectScheme" classname="com.kvp.testcases.Android.TC4_SchemeSelection" time="54.645">
    <failure message="Index 1 out of bounds for length 0" type="java.lang.IndexOutOfBoundsException"><![CDATA[java.lang.IndexOutOfBoundsException: Index 1 out of bounds for length 0
	at java.base/jdk.internal.util.Preconditions.outOfBounds(Preconditions.java:100)
	at java.base/jdk.internal.util.Preconditions.outOfBoundsCheckIndex(Preconditions.java:106)
	at java.base/jdk.internal.util.Preconditions.checkIndex(Preconditions.java:302)
	at java.base/java.util.Objects.checkIndex(Objects.java:385)
	at java.base/java.util.ArrayList.get(ArrayList.java:427)
	at java.base/jdk.internal.reflect.DirectMethodHandleAccessor.invoke(DirectMethodHandleAccessor.java:103)
	at java.base/java.lang.reflect.Method.invoke(Method.java:580)
	at io.appium.java_client.pagefactory.ElementListInterceptor.getObject(ElementListInterceptor.java:40)
	at io.appium.java_client.pagefactory.interceptors.InterceptorOfAListOfElements.call(InterceptorOfAListOfElements.java:47)
	at io.appium.java_client.proxy.Interceptor.intercept(Interceptor.java:77)
	at net.bytebuddy.renamed.java.util.ArrayList$ByteBuddy$UbT6Aous.get(Unknown Source)
	at com.kvp.pageobject.android.Page_SelectScheme.selectScheme(Page_SelectScheme.java:34)
	at com.kvp.testcases.Android.TC4_SchemeSelection.selectScheme(TC4_SchemeSelection.java:25)
	at java.base/jdk.internal.reflect.DirectMethodHandleAccessor.invoke(DirectMethodHandleAccessor.java:103)
	at java.base/java.lang.reflect.Method.invoke(Method.java:580)
	at org.testng.internal.invokers.MethodInvocationHelper.invokeMethod(MethodInvocationHelper.java:139)
	at org.testng.internal.invokers.TestInvoker.invokeMethod(TestInvoker.java:664)
	at org.testng.internal.invokers.TestInvoker.invokeTestMethod(TestInvoker.java:228)
	at org.testng.internal.invokers.MethodRunner.runInSequence(MethodRunner.java:63)
	at org.testng.internal.invokers.TestInvoker$MethodInvocationAgent.invoke(TestInvoker.java:961)
	at org.testng.internal.invokers.TestInvoker.invokeTestMethods(TestInvoker.java:201)
	at org.testng.internal.invokers.TestMethodWorker.invokeTestMethods(TestMethodWorker.java:148)
	at org.testng.internal.invokers.TestMethodWorker.run(TestMethodWorker.java:128)
	at java.base/java.util.ArrayList.forEach(ArrayList.java:1596)
	at org.testng.TestRunner.privateRun(TestRunner.java:819)
	at org.testng.TestRunner.run(TestRunner.java:619)
	at org.testng.SuiteRunner.runTest(SuiteRunner.java:443)
	at org.testng.SuiteRunner.runSequentially(SuiteRunner.java:437)
	at org.testng.SuiteRunner.privateRun(SuiteRunner.java:397)
	at org.testng.SuiteRunner.run(SuiteRunner.java:336)
	at org.testng.SuiteRunnerWorker.runSuite(SuiteRunnerWorker.java:52)
	at org.testng.SuiteRunnerWorker.run(SuiteRunnerWorker.java:95)
	at org.testng.TestNG.runSuitesSequentially(TestNG.java:1301)
	at org.testng.TestNG.runSuitesLocally(TestNG.java:1228)
	at org.testng.TestNG.runSuites(TestNG.java:1134)
	at org.testng.TestNG.run(TestNG.java:1101)
	at org.apache.maven.surefire.testng.TestNGExecutor.run(TestNGExecutor.java:324)
	at org.apache.maven.surefire.testng.TestNGXmlTestSuite.execute(TestNGXmlTestSuite.java:74)
	at org.apache.maven.surefire.testng.TestNGProvider.invoke(TestNGProvider.java:123)
	at org.apache.maven.surefire.booter.ForkedBooter.runSuitesInProcess(ForkedBooter.java:456)
	at org.apache.maven.surefire.booter.ForkedBooter.execute(ForkedBooter.java:169)
	at org.apache.maven.surefire.booter.ForkedBooter.run(ForkedBooter.java:595)
	at org.apache.maven.surefire.booter.ForkedBooter.main(ForkedBooter.java:581)
]]></failure>
    <system-out><![CDATA[&amp#27;[38;5;0m[HTTP]&amp#27;[0m &amp#27;[37m-->&amp#27;[39m &amp#27;[37mDELETE&amp#27;[39m &amp#27;[37m/session/b13f59d4-d919-4432-b0cd-3cd2e3d3b4e7&amp#27;[39m
&amp#27;[38;5;0m[HTTP]&amp#27;[0m &amp#27;[90m{}&amp#27;[39m
&amp#27;[38;5;32m[AndroidUiautomator2Driver@394c (b13f59d4)]&amp#27;[0m Calling AppiumDriver.deleteSession() with args: ["b13f59d4-d919-4432-b0cd-3cd2e3d3b4e7"]
&amp#27;[38;5;16m[AppiumDriver@b18f]&amp#27;[0m Event 'quitSessionRequested' logged at 1709019187786 (13:03:07 GMT+0530 (India Standard Time))
&amp#27;[38;5;16m[AppiumDriver@b18f]&amp#27;[0m Removing session b13f59d4-d919-4432-b0cd-3cd2e3d3b4e7 from our master session list
&amp#27;[38;5;32m[AndroidUiautomator2Driver@394c (b13f59d4)]&amp#27;[0m Deleting UiAutomator2 session
&amp#27;[38;5;32m[AndroidUiautomator2Driver@394c (b13f59d4)]&amp#27;[0m Deleting UiAutomator2 server session
&amp#27;[38;5;32m[AndroidUiautomator2Driver@394c (b13f59d4)]&amp#27;[0m Matched '/' to command name 'deleteSession'
&amp#27;[38;5;32m[AndroidUiautomator2Driver@394c (b13f59d4)]&amp#27;[0m Proxying [DELETE /] to [DELETE http://127.0.0.1:8201/session/19af0dab-d2e5-4bdc-a27c-6af81bb94df4] with no body
&amp#27;[38;5;32m[AndroidUiautomator2Driver@394c (b13f59d4)]&amp#27;[0m Got response with status 200: {"sessionId":"19af0dab-d2e5-4bdc-a27c-6af81bb94df4","value":null}
&amp#27;[38;5;64m[ADB]&amp#27;[0m Running 'C:\Users\Kvp\AppData\Local\Android\Sdk\platform-tools\adb.exe -P 5037 -s emulator-5554 shell dumpsys activity services io.appium.settings/.recorder.RecorderService'
&amp#27;[38;5;64m[ADB]&amp#27;[0m Running 'C:\Users\Kvp\AppData\Local\Android\Sdk\platform-tools\adb.exe -P 5037 -s emulator-5554 shell am force-stop com.example.field_sales_app'
&amp#27;[38;5;96m[Logcat]&amp#27;[0m Stopping logcat capture
&amp#27;[38;5;64m[ADB]&amp#27;[0m Removing forwarded port socket connection: 8201 
&amp#27;[38;5;64m[ADB]&amp#27;[0m Running 'C:\Users\Kvp\AppData\Local\Android\Sdk\platform-tools\adb.exe -P 5037 -s emulator-5554 forward --remove tcp:8201'
&amp#27;[38;5;32m[AndroidUiautomator2Driver@394c (b13f59d4)]&amp#27;[0m Restoring hidden api policy to the device default configuration
&amp#27;[38;5;64m[ADB]&amp#27;[0m Running 'C:\Users\Kvp\AppData\Local\Android\Sdk\platform-tools\adb.exe -P 5037 -s emulator-5554 shell 'settings delete global hidden_api_policy_pre_p_apps;settings delete global hidden_api_policy_p_apps;settings delete global hidden_api_policy''
&amp#27;[38;5;112m[Instrumentation]&amp#27;[0m .
&amp#27;[38;5;112m[Instrumentation]&amp#27;[0m Time: 51.116
&amp#27;[38;5;112m[Instrumentation]&amp#27;[0m 
&amp#27;[38;5;112m[Instrumentation]&amp#27;[0m OK (1 test)
&amp#27;[38;5;16m[AppiumDriver@b18f]&amp#27;[0m Event 'quitSessionFinished' logged at 1709019188720 (13:03:08 GMT+0530 (India Standard Time))
&amp#27;[38;5;16m[AppiumDriver@b18f]&amp#27;[0m Received response: null
&amp#27;[38;5;16m[AppiumDriver@b18f]&amp#27;[0m But deleting session, so not returning
&amp#27;[38;5;16m[AppiumDriver@b18f]&amp#27;[0m Responding to client with driver.deleteSession() result: null
&amp#27;[38;5;0m[HTTP]&amp#27;[0m &amp#27;[37m<-- DELETE /session/b13f59d4-d919-4432-b0cd-3cd2e3d3b4e7 &amp#27;[39m&amp#27;[32m200&amp#27;[39m &amp#27;[90m935 ms - 14&amp#27;[39m
&amp#27;[38;5;0m[HTTP]&amp#27;[0m &amp#27;[90m&amp#27;[39m
153486 [main] DEBUG devpinoyLogger  - -------------------Test Ended-------------------
153486 [main] DEBUG devpinoyLogger  - -------------------Test Ended-------------------
153486 [main] DEBUG devpinoyLogger  - -------------------Test Ended-------------------
153486 [main] DEBUG devpinoyLogger  - -------------------Test Ended-------------------
153486 [main] DEBUG devpinoyLogger  - -------------------Test Ended-------------------
153486 [main] DEBUG devpinoyLogger  - -------------------Test Ended-------------------
153486 [main] DEBUG devpinoyLogger  - -------------------Test Ended-------------------
153486 [main] DEBUG devpinoyLogger  - -------------------Test Ended-------------------
153486 [main] DEBUG devpinoyLogger  - -------------------Test Ended-------------------
153486 [main] DEBUG devpinoyLogger  - -------------------Test Ended-------------------
153486 [main] DEBUG devpinoyLogger  - -------------------Test Ended-------------------
153486 [main] DEBUG devpinoyLogger  - -------------------Test Ended-------------------
153486 [main] DEBUG devpinoyLogger  - -------------------Test Ended-------------------
153486 [main] DEBUG devpinoyLogger  - -------------------Test Ended-------------------
153486 [main] DEBUG devpinoyLogger  - -------------------Test Ended-------------------
&amp#27;[38;5;0m[HTTP]&amp#27;[0m &amp#27;[37m-->&amp#27;[39m &amp#27;[37mGET&amp#27;[39m &amp#27;[37m/status&amp#27;[39m
&amp#27;[38;5;0m[HTTP]&amp#27;[0m &amp#27;[90m{}&amp#27;[39m
&amp#27;[38;5;16m[AppiumDriver@b18f]&amp#27;[0m Calling AppiumDriver.getStatus() with args: []
&amp#27;[38;5;16m[AppiumDriver@b18f]&amp#27;[0m Responding to client with driver.getStatus() result: {"ready":true,"message":"The server is ready to accept new connections","build":{"version":"2.4.1"}}
&amp#27;[38;5;0m[HTTP]&amp#27;[0m &amp#27;[37m<-- GET /status &amp#27;[39m&amp#27;[32m200&amp#27;[39m &amp#27;[90m1 ms - 110&amp#27;[39m
&amp#27;[38;5;0m[HTTP]&amp#27;[0m &amp#27;[90m&amp#27;[39m
&amp#27;[38;5;0m[HTTP]&amp#27;[0m Request idempotency key: 548b13ac-a001-49ec-85ba-8eb2b495c660
&amp#27;[38;5;0m[HTTP]&amp#27;[0m &amp#27;[37m-->&amp#27;[39m &amp#27;[37mPOST&amp#27;[39m &amp#27;[37m/session&amp#27;[39m
&amp#27;[38;5;0m[HTTP]&amp#27;[0m &amp#27;[90m{"capabilities":{"firstMatch":[{}],"alwaysMatch":{"appium:deviceName":"Pixel 7 API 30","appium:platformVersion":"11.0","appium:app":"Project_Resources/app-release 22.apk","platformName":"ANDROID","appium:automationName":"UiAutomator2"}}}&amp#27;[39m
&amp#27;[38;5;16m[AppiumDriver@b18f]&amp#27;[0m Calling AppiumDriver.createSession() with args: [null,null,{"firstMatch":[{}],"alwaysMatch":{"appium:deviceName":"Pixel 7 API 30","appium:platformVersion":"11.0","appium:app":"Project_Resources/app-release 22.apk","platformName":"ANDROID","appium:automationName":"UiAutomator2"}}]
&amp#27;[38;5;16m[AppiumDriver@b18f]&amp#27;[0m Event 'newSessionRequested' logged at 1709019188763 (13:03:08 GMT+0530 (India Standard Time))
&amp#27;[35m[Appium]&amp#27;[39m Attempting to find matching driver for automationName 'UiAutomator2' and platformName 'ANDROID'
&amp#27;[35m[Appium]&amp#27;[39m The 'uiautomator2' driver was installed and matched caps.
&amp#27;[35m[Appium]&amp#27;[39m Will require it at C:\Users\Kvp\.appium\node_modules\appium-uiautomator2-driver
&amp#27;[35m[Appium]&amp#27;[39m Requiring driver at C:\Users\Kvp\.appium\node_modules\appium-uiautomator2-driver\build\index.js
&amp#27;[38;5;16m[AppiumDriver@b18f]&amp#27;[0m Appium v2.4.1 creating new AndroidUiautomator2Driver (v2.40.0) session
&amp#27;[38;5;16m[AppiumDriver@b18f]&amp#27;[0m Checking BaseDriver versions for Appium and AndroidUiautomator2Driver
&amp#27;[38;5;16m[AppiumDriver@b18f]&amp#27;[0m Appium's BaseDriver version is 9.5.0
&amp#27;[38;5;16m[AppiumDriver@b18f]&amp#27;[0m AndroidUiautomator2Driver's BaseDriver version is 9.5.0
&amp#27;[38;5;32m[AndroidUiautomator2Driver@6724]&amp#27;[0m Creating session with W3C capabilities: {
&amp#27;[38;5;32m[AndroidUiautomator2Driver@6724]&amp#27;[0m   "alwaysMatch": {
&amp#27;[38;5;32m[AndroidUiautomator2Driver@6724]&amp#27;[0m     "platformName": "ANDROID",
&amp#27;[38;5;32m[AndroidUiautomator2Driver@6724]&amp#27;[0m     "appium:deviceName": "Pixel 7 API 30",
&amp#27;[38;5;32m[AndroidUiautomator2Driver@6724]&amp#27;[0m     "appium:platformVersion": "11.0",
&amp#27;[38;5;32m[AndroidUiautomator2Driver@6724]&amp#27;[0m     "appium:app": "Project_Resources/app-release 22.apk",
&amp#27;[38;5;32m[AndroidUiautomator2Driver@6724]&amp#27;[0m     "appium:automationName": "UiAutomator2"
&amp#27;[38;5;32m[AndroidUiautomator2Driver@6724]&amp#27;[0m   },
&amp#27;[38;5;32m[AndroidUiautomator2Driver@6724]&amp#27;[0m   "firstMatch": [
&amp#27;[38;5;32m[AndroidUiautomator2Driver@6724]&amp#27;[0m     {}
&amp#27;[38;5;32m[AndroidUiautomator2Driver@6724]&amp#27;[0m   ]
&amp#27;[38;5;32m[AndroidUiautomator2Driver@6724]&amp#27;[0m }
&amp#27;[38;5;32m[AndroidUiautomator2Driver@6724 (2f9148eb)]&amp#27;[0m Session created with session id: 2f9148eb-3d31-459b-a13a-504ef3d7fd8d
&amp#27;[38;5;48m[BaseDriver]&amp#27;[0m Using local app 'Project_Resources/app-release 22.apk'
&amp#27;[38;5;112m[Instrumentation]&amp#27;[0m The process has exited with code 0
&amp#27;[38;5;48m[BaseDriver]&amp#27;[0m The current application path 'Project_Resources/app-release 22.apk' is not absolute and has been rewritten to 'C:\Users\Kvp\eclipse-workspace\KVP_FMCG_Industry_Product\Project_Resources\app-release 22.apk'. Consider using absolute paths rather than relative
&amp#27;[38;5;32m[AndroidUiautomator2Driver@6724 (2f9148eb)]&amp#27;[0m Checking whether app is actually present
&amp#27;[38;5;64m[ADB]&amp#27;[0m Using 'adb.exe' from 'C:\Users\Kvp\AppData\Local\Android\Sdk\platform-tools\adb.exe'
&amp#27;[38;5;64m[ADB]&amp#27;[0m Running 'C:\Users\Kvp\AppData\Local\Android\Sdk\platform-tools\adb.exe -P 5037 start-server'
&amp#27;[38;5;80m[AndroidDriver]&amp#27;[0m Retrieving device list
&amp#27;[38;5;64m[ADB]&amp#27;[0m Trying to find connected Android devices
&amp#27;[38;5;64m[ADB]&amp#27;[0m Getting connected devices
&amp#27;[38;5;64m[ADB]&amp#27;[0m Connected devices: [{"udid":"emulator-5554","state":"device"}]
&amp#27;[38;5;80m[AndroidDriver]&amp#27;[0m Looking for a device with Android '11.0.0'
&amp#27;[38;5;64m[ADB]&amp#27;[0m Setting device id to emulator-5554
&amp#27;[38;5;64m[ADB]&amp#27;[0m Getting device platform version
&amp#27;[38;5;64m[ADB]&amp#27;[0m Running 'C:\Users\Kvp\AppData\Local\Android\Sdk\platform-tools\adb.exe -P 5037 -s emulator-5554 shell getprop ro.build.version.release'
&amp#27;[38;5;64m[ADB]&amp#27;[0m Current device property 'ro.build.version.release': 11
&amp#27;[38;5;80m[AndroidDriver]&amp#27;[0m Using device: emulator-5554
&amp#27;[38;5;64m[ADB]&amp#27;[0m Using 'adb.exe' from 'C:\Users\Kvp\AppData\Local\Android\Sdk\platform-tools\adb.exe'
&amp#27;[38;5;64m[ADB]&amp#27;[0m Running 'C:\Users\Kvp\AppData\Local\Android\Sdk\platform-tools\adb.exe -P 5037 start-server'
&amp#27;[38;5;64m[ADB]&amp#27;[0m Setting device id to emulator-5554
&amp#27;[38;5;64m[ADB]&amp#27;[0m Running 'C:\Users\Kvp\AppData\Local\Android\Sdk\platform-tools\adb.exe -P 5037 -s emulator-5554 shell getprop ro.build.version.sdk'
&amp#27;[38;5;64m[ADB]&amp#27;[0m Current device property 'ro.build.version.sdk': 30
&amp#27;[38;5;64m[ADB]&amp#27;[0m Getting device platform version
&amp#27;[38;5;64m[ADB]&amp#27;[0m Running 'C:\Users\Kvp\AppData\Local\Android\Sdk\platform-tools\adb.exe -P 5037 -s emulator-5554 shell getprop ro.build.version.release'
&amp#27;[38;5;64m[ADB]&amp#27;[0m Current device property 'ro.build.version.release': 11
&amp#27;[38;5;64m[ADB]&amp#27;[0m Device API level: 30
&amp#27;[38;5;32m[AndroidUiautomator2Driver@6724 (2f9148eb)]&amp#27;[0m Relaxing hidden api policy
&amp#27;[38;5;64m[ADB]&amp#27;[0m Running 'C:\Users\Kvp\AppData\Local\Android\Sdk\platform-tools\adb.exe -P 5037 -s emulator-5554 shell 'settings put global hidden_api_policy_pre_p_apps 1;settings put global hidden_api_policy_p_apps 1;settings put global hidden_api_policy 1''
&amp#27;[38;5;80m[AndroidDriver]&amp#27;[0m Parsing package and activity from app manifest
&amp#27;[38;5;64m[ADB]&amp#27;[0m Package name: 'com.example.field_sales_app'
&amp#27;[38;5;64m[ADB]&amp#27;[0m Main activity name: 'com.example.field_sales_app.MainActivity'
&amp#27;[38;5;80m[AndroidDriver]&amp#27;[0m Parsed package and activity are: com.example.field_sales_app/com.example.field_sales_app.MainActivity
&amp#27;[38;5;64m[ADB]&amp#27;[0m Running 'C:\Users\Kvp\AppData\Local\Android\Sdk\platform-tools\adb.exe -P 5037 -s emulator-5554 wait-for-device'
&amp#27;[38;5;64m[ADB]&amp#27;[0m Running 'C:\Users\Kvp\AppData\Local\Android\Sdk\platform-tools\adb.exe -P 5037 -s emulator-5554 shell echo ping'
&amp#27;[38;5;80m[AndroidDriver]&amp#27;[0m Pushing settings apk to device...
&amp#27;[38;5;64m[ADB]&amp#27;[0m Getting package info for 'io.appium.settings'
&amp#27;[38;5;64m[ADB]&amp#27;[0m Running 'C:\Users\Kvp\AppData\Local\Android\Sdk\platform-tools\adb.exe -P 5037 -s emulator-5554 shell dumpsys package io.appium.settings'
&amp#27;[38;5;64m[ADB]&amp#27;[0m The version name of the installed 'io.appium.settings' is greater or equal to the application version name ('5.3.1' >= '5.3.1')
&amp#27;[38;5;64m[ADB]&amp#27;[0m There is no need to install/upgrade 'C:\Users\Kvp\.appium\node_modules\appium-uiautomator2-driver\node_modules\io.appium.settings\apks\settings_apk-debug.apk'
&amp#27;[38;5;64m[ADB]&amp#27;[0m Getting IDs of all 'io.appium.settings' processes
&amp#27;[38;5;64m[ADB]&amp#27;[0m Running 'C:\Users\Kvp\AppData\Local\Android\Sdk\platform-tools\adb.exe -P 5037 -s emulator-5554 shell 'pgrep --help; echo $?''
&amp#27;[38;5;64m[ADB]&amp#27;[0m Running 'C:\Users\Kvp\AppData\Local\Android\Sdk\platform-tools\adb.exe -P 5037 -s emulator-5554 shell pgrep -f \(\[\[:blank:\]\]\|\^\)io\.appium\.settings\(\[\[:blank:\]\]\|\$\)'
&amp#27;[38;5;80m[AndroidDriver]&amp#27;[0m io.appium.settings is already running. There is no need to reset its permissions.
&amp#27;[38;5;96m[Logcat]&amp#27;[0m Starting logs capture with command: C:\\Users\\Kvp\\AppData\\Local\\Android\\Sdk\\platform-tools\\adb.exe -P 5037 -s emulator-5554 logcat -v threadtime
&amp#27;[38;5;32m[AndroidUiautomator2Driver@6724 (2f9148eb)]&amp#27;[0m Forwarding UiAutomator2 Server port 6790 to local port 8201
&amp#27;[38;5;64m[ADB]&amp#27;[0m Forwarding system: 8201 to device: 6790
&amp#27;[38;5;64m[ADB]&amp#27;[0m Running 'C:\Users\Kvp\AppData\Local\Android\Sdk\platform-tools\adb.exe -P 5037 -s emulator-5554 forward tcp:8201 tcp:6790'
&amp#27;[38;5;64m[ADB]&amp#27;[0m Checking app cert for C:\Users\Kvp\.appium\node_modules\appium-uiautomator2-driver\node_modules\appium-uiautomator2-server\apks\appium-uiautomator2-server-v6.0.1.apk
&amp#27;[38;5;64m[ADB]&amp#27;[0m Checking app cert for C:\Users\Kvp\.appium\node_modules\appium-uiautomator2-driver\node_modules\appium-uiautomator2-server\apks\appium-uiautomator2-server-debug-androidTest.apk
&amp#27;[38;5;64m[ADB]&amp#27;[0m Using the previously cached signature entry for 'appium-uiautomator2-server-debug-androidTest.apk'
&amp#27;[38;5;64m[ADB]&amp#27;[0m sha256 hash did match for 'appium-uiautomator2-server-debug-androidTest.apk'
&amp#27;[38;5;64m[ADB]&amp#27;[0m Getting install status for io.appium.uiautomator2.server.test
&amp#27;[38;5;64m[ADB]&amp#27;[0m Running 'C:\Users\Kvp\AppData\Local\Android\Sdk\platform-tools\adb.exe -P 5037 -s emulator-5554 shell pm path io.appium.uiautomator2.server.test'
&amp#27;[38;5;64m[ADB]&amp#27;[0m Using the previously cached signature entry for 'appium-uiautomator2-server-v6.0.1.apk'
&amp#27;[38;5;64m[ADB]&amp#27;[0m sha256 hash did match for 'appium-uiautomator2-server-v6.0.1.apk'
&amp#27;[38;5;64m[ADB]&amp#27;[0m Getting package info for 'io.appium.uiautomator2.server'
&amp#27;[38;5;64m[ADB]&amp#27;[0m Running 'C:\Users\Kvp\AppData\Local\Android\Sdk\platform-tools\adb.exe -P 5037 -s emulator-5554 shell dumpsys package io.appium.uiautomator2.server'
&amp#27;[38;5;64m[ADB]&amp#27;[0m 'io.appium.uiautomator2.server.test' is installed
&amp#27;[38;5;64m[ADB]&amp#27;[0m The version name of the installed 'io.appium.uiautomator2.server' is greater or equal to the application version name ('6.0.1' >= '6.0.1')
&amp#27;[38;5;32m[AndroidUiautomator2Driver@6724 (2f9148eb)]&amp#27;[0m Server packages status: [{"wasSigned":true,"installState":"sameVersionInstalled","appPath":"C:\\Users\\Kvp\\.appium\\node_modules\\appium-uiautomator2-driver\\node_modules\\appium-uiautomator2-server\\apks\\appium-uiautomator2-server-v6.0.1.apk","appId":"io.appium.uiautomator2.server"},{"wasSigned":true,"installState":"sameVersionInstalled","appPath":"C:\\Users\\Kvp\\.appium\\node_modules\\appium-uiautomator2-driver\\node_modules\\appium-uiautomator2-server\\apks\\appium-uiautomator2-server-debug-androidTest.apk","appId":"io.appium.uiautomator2.server.test"}]
&amp#27;[38;5;32m[AndroidUiautomator2Driver@6724 (2f9148eb)]&amp#27;[0m Server packages are not going to be (re)installed
&amp#27;[38;5;32m[AndroidUiautomator2Driver@6724 (2f9148eb)]&amp#27;[0m Waiting up to 30000ms for services to be available
&amp#27;[38;5;64m[ADB]&amp#27;[0m Running 'C:\Users\Kvp\AppData\Local\Android\Sdk\platform-tools\adb.exe -P 5037 -s emulator-5554 shell pm list instrumentation'
&amp#27;[38;5;32m[AndroidUiautomator2Driver@6724 (2f9148eb)]&amp#27;[0m Instrumentation target 'io.appium.uiautomator2.server.test/androidx.test.runner.AndroidJUnitRunner' is available
&amp#27;[38;5;64m[ADB]&amp#27;[0m Adding packages ["io.appium.settings","io.appium.uiautomator2.server","io.appium.uiautomator2.server.test"] to Doze whitelist
&amp#27;[38;5;64m[ADB]&amp#27;[0m Got the following command chunks to execute: [["dumpsys","deviceidle","whitelist","+io.appium.settings",";","dumpsys","deviceidle","whitelist","+io.appium.uiautomator2.server",";","dumpsys","deviceidle","whitelist","+io.appium.uiautomator2.server.test",";"]]
&amp#27;[38;5;64m[ADB]&amp#27;[0m Running 'C:\Users\Kvp\AppData\Local\Android\Sdk\platform-tools\adb.exe -P 5037 -s emulator-5554 shell dumpsys deviceidle whitelist +io.appium.settings ; dumpsys deviceidle whitelist +io.appium.uiautomator2.server ; dumpsys deviceidle whitelist +io.appium.uiautomator2.server.test ;'
&amp#27;[38;5;64m[ADB]&amp#27;[0m Checking app cert for C:\Users\Kvp\eclipse-workspace\KVP_FMCG_Industry_Product\Project_Resources\app-release 22.apk
&amp#27;[38;5;64m[ADB]&amp#27;[0m Using the previously cached signature entry for 'app-release 22.apk'
&amp#27;[38;5;64m[ADB]&amp#27;[0m Getting package info for 'com.example.field_sales_app'
&amp#27;[38;5;64m[ADB]&amp#27;[0m Running 'C:\Users\Kvp\AppData\Local\Android\Sdk\platform-tools\adb.exe -P 5037 -s emulator-5554 shell dumpsys package com.example.field_sales_app'
&amp#27;[38;5;64m[ADB]&amp#27;[0m The version name of the installed 'com.example.field_sales_app' is greater or equal to the application version name ('1.0.0' >= '1.0.0')
&amp#27;[38;5;64m[ADB]&amp#27;[0m There is no need to install/upgrade 'C:\Users\Kvp\eclipse-workspace\KVP_FMCG_Industry_Product\Project_Resources\app-release 22.apk'
&amp#27;[38;5;80m[AndroidDriver]&amp#27;[0m Performing fast reset on 'com.example.field_sales_app'
&amp#27;[38;5;64m[ADB]&amp#27;[0m Getting install status for com.example.field_sales_app
&amp#27;[38;5;64m[ADB]&amp#27;[0m Running 'C:\Users\Kvp\AppData\Local\Android\Sdk\platform-tools\adb.exe -P 5037 -s emulator-5554 shell pm path com.example.field_sales_app'
&amp#27;[38;5;64m[ADB]&amp#27;[0m 'com.example.field_sales_app' is installed
&amp#27;[38;5;64m[ADB]&amp#27;[0m Running 'C:\Users\Kvp\AppData\Local\Android\Sdk\platform-tools\adb.exe -P 5037 -s emulator-5554 shell am force-stop com.example.field_sales_app'
&amp#27;[38;5;64m[ADB]&amp#27;[0m Running 'C:\Users\Kvp\AppData\Local\Android\Sdk\platform-tools\adb.exe -P 5037 -s emulator-5554 shell pm clear com.example.field_sales_app'
&amp#27;[38;5;80m[AndroidDriver]&amp#27;[0m Performed fast reset on the installed 'com.example.field_sales_app' application (stop and clear)
&amp#27;[38;5;32m[AndroidUiautomator2Driver@6724 (2f9148eb)]&amp#27;[0m Performing shallow cleanup of automation leftovers
&amp#27;[38;5;32m[AndroidUiautomator2Driver@6724 (2f9148eb)]&amp#27;[0m No obsolete sessions have been detected (socket hang up)
&amp#27;[38;5;64m[ADB]&amp#27;[0m Running 'C:\Users\Kvp\AppData\Local\Android\Sdk\platform-tools\adb.exe -P 5037 -s emulator-5554 shell am force-stop io.appium.uiautomator2.server.test'
&amp#27;[38;5;32m[AndroidUiautomator2Driver@6724 (2f9148eb)]&amp#27;[0m Starting UIAutomator2 server 6.0.1
&amp#27;[38;5;32m[AndroidUiautomator2Driver@6724 (2f9148eb)]&amp#27;[0m Using UIAutomator2 server from 'C:\Users\Kvp\.appium\node_modules\appium-uiautomator2-driver\node_modules\appium-uiautomator2-server\apks\appium-uiautomator2-server-v6.0.1.apk' and test from 'C:\Users\Kvp\.appium\node_modules\appium-uiautomator2-driver\node_modules\appium-uiautomator2-server\apks\appium-uiautomator2-server-debug-androidTest.apk'
&amp#27;[38;5;32m[AndroidUiautomator2Driver@6724 (2f9148eb)]&amp#27;[0m Waiting up to 30000ms for UiAutomator2 to be online...
&amp#27;[38;5;64m[ADB]&amp#27;[0m Creating ADB subprocess with args: ["-P","5037","-s","emulator-5554","shell","am","instrument","-w","-e","disableAnalytics","true","io.appium.uiautomator2.server.test/androidx.test.runner.AndroidJUnitRunner"]
&amp#27;[38;5;32m[AndroidUiautomator2Driver@6724 (2f9148eb)]&amp#27;[0m Matched '/status' to command name 'getStatus'
&amp#27;[38;5;32m[AndroidUiautomator2Driver@6724 (2f9148eb)]&amp#27;[0m Proxying [GET /status] to [GET http://127.0.0.1:8201/status] with no body
&amp#27;[38;5;32m[AndroidUiautomator2Driver@6724 (2f9148eb)]&amp#27;[0m socket hang up
&amp#27;[35m[Appium]&amp#27;[39m Welcome to Appium v2.4.1
&amp#27;[35m[Appium]&amp#27;[39m Non-default server args:
&amp#27;[35m[Appium]&amp#27;[39m { address: &amp#27;[32m'127.0.0.1'&amp#27;[39m }
&amp#27;[35m[Appium]&amp#27;[39m The autodetected Appium home path: C:\Users\Kvp\.appium
&amp#27;[35m[Appium]&amp#27;[39m Attempting to load driver uiautomator2...
&amp#27;[35m[Appium]&amp#27;[39m Requiring driver at C:\Users\Kvp\.appium\node_modules\appium-uiautomator2-driver\build\index.js
&amp#27;[38;5;112m[Instrumentation]&amp#27;[0m io.appium.uiautomator2.server.test.AppiumUiAutomator2Server:
&amp#27;[38;5;32m[AndroidUiautomator2Driver@6724 (2f9148eb)]&amp#27;[0m Matched '/status' to command name 'getStatus'
&amp#27;[38;5;32m[AndroidUiautomator2Driver@6724 (2f9148eb)]&amp#27;[0m Proxying [GET /status] to [GET http://127.0.0.1:8201/status] with no body
&amp#27;[38;5;32m[AndroidUiautomator2Driver@6724 (2f9148eb)]&amp#27;[0m socket hang up
&amp#27;[38;5;32m[AndroidUiautomator2Driver@6724 (2f9148eb)]&amp#27;[0m Matched '/status' to command name 'getStatus'
&amp#27;[38;5;32m[AndroidUiautomator2Driver@6724 (2f9148eb)]&amp#27;[0m Proxying [GET /status] to [GET http://127.0.0.1:8201/status] with no body
&amp#27;[38;5;32m[AndroidUiautomator2Driver@6724 (2f9148eb)]&amp#27;[0m socket hang up
&amp#27;[35m[Appium]&amp#27;[39m AndroidUiautomator2Driver has been successfully loaded in 1.727s
&amp#27;[38;5;0m[HTTP]&amp#27;[0m Could not start REST http interface listener. The requested port may already be in use. Please make sure there is no other instance of this server running already.
&amp#27;[35m[Appium]&amp#27;[39m Could not configure Appium server. It's possible that a driver or plugin tried to update the server and failed. Original error: listen EADDRINUSE: address already in use 127.0.0.1:4723
&amp#27;[35m[Appium]&amp#27;[39m Error: listen EADDRINUSE: address already in use 127.0.0.1:4723
&amp#27;[35m[Appium]&amp#27;[39m     at Server.setupListenHandle [as _listen2] (node:net:1872:16)
&amp#27;[35m[Appium]&amp#27;[39m     at listenInCluster (node:net:1920:12)
&amp#27;[35m[Appium]&amp#27;[39m     at doListen (node:net:2075:7)
&amp#27;[35m[Appium]&amp#27;[39m     at processTicksAndRejections (node:internal/process/task_queues:83:21)
&amp#27;[38;5;32m[AndroidUiautomator2Driver@6724 (2f9148eb)]&amp#27;[0m Matched '/status' to command name 'getStatus'
&amp#27;[38;5;32m[AndroidUiautomator2Driver@6724 (2f9148eb)]&amp#27;[0m Proxying [GET /status] to [GET http://127.0.0.1:8201/status] with no body
&amp#27;[38;5;32m[AndroidUiautomator2Driver@6724 (2f9148eb)]&amp#27;[0m Got response with status 200: {"sessionId":"None","value":{"message":"UiAutomator2 Server is ready to accept commands","ready":true}}
&amp#27;[38;5;32m[AndroidUiautomator2Driver@6724 (2f9148eb)]&amp#27;[0m The initialization of the instrumentation process took 3200ms
&amp#27;[38;5;32m[AndroidUiautomator2Driver@6724 (2f9148eb)]&amp#27;[0m Matched '/session' to command name 'createSession'
&amp#27;[38;5;32m[AndroidUiautomator2Driver@6724 (2f9148eb)]&amp#27;[0m Proxying [POST /session] to [POST http://127.0.0.1:8201/session] with body: {"capabilities":{"firstMatch":[{"platformName":"ANDROID","deviceName":"emulator-5554","platformVersion":"11.0","app":"Project_Resources/app-release 22.apk","automationName":"UiAutomator2","platform":"LINUX","webStorageEnabled":false,"takesScreenshot":true,"javascriptEnabled":true,"databaseEnabled":false,"networkConnectionEnabled":true,"locationContextEnabled":false,"warnings":{},"desired":{"platformName":"ANDROID","deviceName":"Pixel 7 API 30","platformVersion":"11.0","app":"Project_Resources/app-release 22.apk","automationName":"UiAutomator2"},"deviceUDID":"emulator-5554","appPackage":"com.example.field_sales_app"}],"alwaysMatch":{}}}
&amp#27;[38;5;32m[AndroidUiautomator2Driver@6724 (2f9148eb)]&amp#27;[0m Got response with status 200: {"sessionId":"35691049-a2f1-4de8-b4da-98666f7b8edf","value":{"capabilities":{"firstMatch":[{"platformName":"ANDROID","deviceName":"emulator-5554","platformVersion":"11.0","app":"Project_Resources/app-release 22.apk","automationName":"UiAutomator2","platform":"LINUX","webStorageEnabled":false,"takesScreenshot":true,"javascriptEnabled":true,"databaseEnabled":false,"networkConnectionEnabled":true,"locationContextEnabled":false,"warnings":{},"desired":{"platformName":"ANDROID","deviceName":"Pixel 7 API 30","platformVersion":"11.0","app":"Project_Resources/app-release 22.apk","automationName":"UiAutomator2"},"deviceUDID":"emulator-5554","appPackage":"com.example.field_sales_app"}],"alwaysMatch":{}},"sessionId":"35691049-a2f1-4de8-b4da-98666f7b8edf"}}
&amp#27;[38;5;32m[AndroidUiautomator2Driver@6724 (2f9148eb)]&amp#27;[0m Determined the downstream protocol as 'W3C'
&amp#27;[38;5;32m[AndroidUiautomator2Driver@6724 (2f9148eb)]&amp#27;[0m Proxying [GET /appium/device/pixel_ratio] to [GET http://127.0.0.1:8201/session/35691049-a2f1-4de8-b4da-98666f7b8edf/appium/device/pixel_ratio] with no body
&amp#27;[38;5;32m[AndroidUiautomator2Driver@6724 (2f9148eb)]&amp#27;[0m Matched '/appium/device/system_bars' to command name 'getSystemBars'
&amp#27;[38;5;32m[AndroidUiautomator2Driver@6724 (2f9148eb)]&amp#27;[0m Proxying [GET /appium/device/system_bars] to [GET http://127.0.0.1:8201/session/35691049-a2f1-4de8-b4da-98666f7b8edf/appium/device/system_bars] with no body
&amp#27;[38;5;32m[AndroidUiautomator2Driver@6724 (2f9148eb)]&amp#27;[0m Matched '/window/current/size' to command name 'getWindowSize'
&amp#27;[38;5;32m[AndroidUiautomator2Driver@6724 (2f9148eb)]&amp#27;[0m Proxying [GET /window/current/size] to [GET http://127.0.0.1:8201/session/35691049-a2f1-4de8-b4da-98666f7b8edf/window/current/size] with no body
&amp#27;[38;5;32m[AndroidUiautomator2Driver@6724 (2f9148eb)]&amp#27;[0m Proxying [GET /appium/device/info] to [GET http://127.0.0.1:8201/session/35691049-a2f1-4de8-b4da-98666f7b8edf/appium/device/info] with no body
&amp#27;[38;5;64m[ADB]&amp#27;[0m Running 'C:\Users\Kvp\AppData\Local\Android\Sdk\platform-tools\adb.exe -P 5037 -s emulator-5554 shell dumpsys window'
&amp#27;[38;5;32m[AndroidUiautomator2Driver@6724 (2f9148eb)]&amp#27;[0m Got response with status 200: {"sessionId":"35691049-a2f1-4de8-b4da-98666f7b8edf","value":2.625}
&amp#27;[38;5;32m[AndroidUiautomator2Driver@6724 (2f9148eb)]&amp#27;[0m Got response with status 200: {"sessionId":"35691049-a2f1-4de8-b4da-98666f7b8edf","value":{"statusBar":136}}
&amp#27;[38;5;32m[AndroidUiautomator2Driver@6724 (2f9148eb)]&amp#27;[0m Got response with status 200: {"sessionId":"35691049-a2f1-4de8-b4da-98666f7b8edf","value":{"height":2400,"width":1080}}
&amp#27;[38;5;32m[AndroidUiautomator2Driver@6724 (2f9148eb)]&amp#27;[0m Got response with status 200: {"sessionId":"35691049-a2f1-4de8-b4da-98666f7b8edf","value":{"androidId":"edb8ac92f336e9f5","apiVersion":"30","bluetooth":{"state":"OFF"},"brand":"google","carrierName":"Android","displayDensity":420,"locale":"en_US","manufacturer":"Google","model":"sdk_gphone_x86","networks":[{"capabilities":{"SSID":null,"linkDownBandwidthKbps":30000,"linkUpstreamBandwidthKbps":15000,"networkCapabilities":"NET_CAPABILITY_MMS,NET_CAPABILITY_SUPL,NET_CAPABILITY_DUN,NET_CAPABILITY_FOTA,NET_CAPABILITY_IMS,NET_CAPABILITY_CBS,NET_CAPABILITY_INTERNET,NET_CAPABILITY_NOT_RESTRICTED,NET_CAPABILITY_TRUSTED,NET_CAPABILITY_NOT_VPN,NET_CAPABILITY_VALIDATED,NET_CAPABILITY_NOT_ROAMING,NET_CAPABILITY_NOT_CONGESTED,NET_CAPABILITY_NOT_SUSPENDED","signalStrength":-2147483648,"transportTypes":"TRANSPORT_CELLULAR"},"detailedState":"CONNECTED","extraInfo":"epc.tmobile.com","isAvailable":true,"isConnected":true,"isFailover":false,"isRoaming":false,"state":"CONNECTED","subtype":13,"subtypeName":"LTE","type":0,"typeName":"MOBILE"},{"capabilities":...
&amp#27;[38;5;80m[AndroidDriver]&amp#27;[0m Screen already unlocked, doing nothing
&amp#27;[38;5;32m[AndroidUiautomator2Driver@6724 (2f9148eb)]&amp#27;[0m Starting 'com.example.field_sales_app/com.example.field_sales_app.MainActivity and waiting for 'com.example.field_sales_app/com.example.field_sales_app.MainActivity'
&amp#27;[38;5;64m[ADB]&amp#27;[0m Running 'C:\Users\Kvp\AppData\Local\Android\Sdk\platform-tools\adb.exe -P 5037 -s emulator-5554 shell am start -W -n com.example.field_sales_app/com.example.field_sales_app.MainActivity -S -a android.intent.action.MAIN -c android.intent.category.LAUNCHER -f 0x10200000'
&amp#27;[38;5;64m[ADB]&amp#27;[0m Waiting up to 20000ms for activity matching pkg: 'com.example.field_sales_app' and activity: 'com.example.field_sales_app.MainActivity' to be focused
&amp#27;[38;5;64m[ADB]&amp#27;[0m Possible activities, to be checked: 'com.example.field_sales_app.MainActivity', 'com.example.field_sales_app.com.example.field_sales_app.MainActivity'
&amp#27;[38;5;64m[ADB]&amp#27;[0m Getting focused package and activity
&amp#27;[38;5;64m[ADB]&amp#27;[0m Running 'C:\Users\Kvp\AppData\Local\Android\Sdk\platform-tools\adb.exe -P 5037 -s emulator-5554 shell dumpsys window displays'
&amp#27;[38;5;64m[ADB]&amp#27;[0m Found package: 'com.example.field_sales_app' and fully qualified activity name : 'com.example.field_sales_app.MainActivity'
&amp#27;[38;5;16m[AppiumDriver@b18f]&amp#27;[0m New AndroidUiautomator2Driver session created successfully, session 2f9148eb-3d31-459b-a13a-504ef3d7fd8d added to master session list
&amp#27;[38;5;16m[AppiumDriver@b18f]&amp#27;[0m Event 'newSessionStarted' logged at 1709019200372 (13:03:20 GMT+0530 (India Standard Time))
&amp#27;[38;5;32m[AndroidUiautomator2Driver@6724 (2f9148eb)]&amp#27;[0m Cached the protocol value 'W3C' for the new session 2f9148eb-3d31-459b-a13a-504ef3d7fd8d
&amp#27;[38;5;32m[AndroidUiautomator2Driver@6724 (2f9148eb)]&amp#27;[0m Responding to client with driver.createSession() result: {"capabilities":{"platformName":"ANDROID","deviceName":"emulator-5554","platformVersion":"11","app":"Project_Resources/app-release 22.apk","automationName":"UiAutomator2","platform":"LINUX","webStorageEnabled":false,"takesScreenshot":true,"javascriptEnabled":true,"databaseEnabled":false,"networkConnectionEnabled":true,"locationContextEnabled":false,"warnings":{},"desired":{"platformName":"ANDROID","deviceName":"Pixel 7 API 30","platformVersion":"11.0","app":"Project_Resources/app-release 22.apk","automationName":"UiAutomator2"},"deviceUDID":"emulator-5554","appPackage":"com.example.field_sales_app","pixelRatio":"2.625","statBarHeight":136,"viewportRect":{"left":0,"top":136,"width":1080,"height":2264},"deviceApiLevel":30,"deviceManufacturer":"Google","deviceModel":"sdk_gphone_x86","deviceScreenSize":"1080x2400","deviceScreenDensity":420}}
&amp#27;[38;5;0m[HTTP]&amp#27;[0m &amp#27;[37m<-- POST /session &amp#27;[39m&amp#27;[32m200&amp#27;[39m &amp#27;[90m11611 ms - 910&amp#27;[39m
&amp#27;[38;5;0m[HTTP]&amp#27;[0m &amp#27;[90m&amp#27;[39m
&amp#27;[38;5;0m[HTTP]&amp#27;[0m &amp#27;[37m-->&amp#27;[39m &amp#27;[37mPOST&amp#27;[39m &amp#27;[37m/session/2f9148eb-3d31-459b-a13a-504ef3d7fd8d/timeouts&amp#27;[39m
&amp#27;[38;5;0m[HTTP]&amp#27;[0m &amp#27;[90m{"implicit":10000}&amp#27;[39m
&amp#27;[38;5;32m[AndroidUiautomator2Driver@6724 (2f9148eb)]&amp#27;[0m Calling AppiumDriver.timeouts() with args: [null,null,null,null,10000,"2f9148eb-3d31-459b-a13a-504ef3d7fd8d"]
&amp#27;[38;5;32m[AndroidUiautomator2Driver@6724 (2f9148eb)]&amp#27;[0m W3C timeout argument: {"implicit":10000}}
&amp#27;[38;5;32m[AndroidUiautomator2Driver@6724 (2f9148eb)]&amp#27;[0m Set implicit wait to 10000ms
&amp#27;[38;5;32m[AndroidUiautomator2Driver@6724 (2f9148eb)]&amp#27;[0m Responding to client with driver.timeouts() result: null
&amp#27;[38;5;0m[HTTP]&amp#27;[0m &amp#27;[37m<-- POST /session/2f9148eb-3d31-459b-a13a-504ef3d7fd8d/timeouts &amp#27;[39m&amp#27;[32m200&amp#27;[39m &amp#27;[90m2 ms - 14&amp#27;[39m
&amp#27;[38;5;0m[HTTP]&amp#27;[0m &amp#27;[90m&amp#27;[39m
165158 [main] DEBUG devpinoyLogger  - -------------------Test Started-------------------
165158 [main] DEBUG devpinoyLogger  - -------------------Test Started-------------------
165158 [main] DEBUG devpinoyLogger  - -------------------Test Started-------------------
165158 [main] DEBUG devpinoyLogger  - -------------------Test Started-------------------
165158 [main] DEBUG devpinoyLogger  - -------------------Test Started-------------------
165158 [main] DEBUG devpinoyLogger  - -------------------Test Started-------------------
165158 [main] DEBUG devpinoyLogger  - -------------------Test Started-------------------
165158 [main] DEBUG devpinoyLogger  - -------------------Test Started-------------------
165158 [main] DEBUG devpinoyLogger  - -------------------Test Started-------------------
165158 [main] DEBUG devpinoyLogger  - -------------------Test Started-------------------
165158 [main] DEBUG devpinoyLogger  - -------------------Test Started-------------------
165158 [main] DEBUG devpinoyLogger  - -------------------Test Started-------------------
165158 [main] DEBUG devpinoyLogger  - -------------------Test Started-------------------
165158 [main] DEBUG devpinoyLogger  - -------------------Test Started-------------------
165158 [main] DEBUG devpinoyLogger  - -------------------Test Started-------------------
165158 [main] DEBUG devpinoyLogger  - -------------------Test Started-------------------
&amp#27;[38;5;0m[HTTP]&amp#27;[0m &amp#27;[37m-->&amp#27;[39m &amp#27;[37mPOST&amp#27;[39m &amp#27;[37m/session/2f9148eb-3d31-459b-a13a-504ef3d7fd8d/elements&amp#27;[39m
&amp#27;[38;5;0m[HTTP]&amp#27;[0m &amp#27;[90m{"value":"//android.view.View[3]","using":"xpath"}&amp#27;[39m
&amp#27;[38;5;32m[AndroidUiautomator2Driver@6724 (2f9148eb)]&amp#27;[0m Calling AppiumDriver.findElements() with args: ["xpath","//android.view.View[3]","2f9148eb-3d31-459b-a13a-504ef3d7fd8d"]
&amp#27;[38;5;32m[AndroidUiautomator2Driver@6724 (2f9148eb)]&amp#27;[0m Valid locator strategies for this request: xpath, id, class name, accessibility id, css selector, -android uiautomator
&amp#27;[38;5;32m[AndroidUiautomator2Driver@6724 (2f9148eb)]&amp#27;[0m Waiting up to 10000 ms for condition
&amp#27;[38;5;32m[AndroidUiautomator2Driver@6724 (2f9148eb)]&amp#27;[0m Matched '/elements' to command name 'findElements'
&amp#27;[38;5;32m[AndroidUiautomator2Driver@6724 (2f9148eb)]&amp#27;[0m Proxying [POST /elements] to [POST http://127.0.0.1:8201/session/35691049-a2f1-4de8-b4da-98666f7b8edf/elements] with body: {"strategy":"xpath","selector":"//android.view.View[3]","context":"","multiple":true}
&amp#27;[38;5;0m[HTTP]&amp#27;[0m &amp#27;[37m-->&amp#27;[39m &amp#27;[37mGET&amp#27;[39m &amp#27;[37m/session/fe1e5e56-571c-4eb6-898d-5d5d3bd3a4b3/timeouts&amp#27;[39m
&amp#27;[38;5;0m[HTTP]&amp#27;[0m &amp#27;[90m{}&amp#27;[39m
&amp#27;[38;5;16m[AppiumDriver@b18f]&amp#27;[0m Encountered internal error running command: NoSuchDriverError: A session is either terminated or not started
&amp#27;[38;5;16m[AppiumDriver@b18f]&amp#27;[0m     at asyncHandler (C:\Users\Kvp\AppData\Roaming\npm\node_modules\appium\node_modules\@appium\base-driver\lib\protocol\protocol.js:315:15)
&amp#27;[38;5;16m[AppiumDriver@b18f]&amp#27;[0m     at C:\Users\Kvp\AppData\Roaming\npm\node_modules\appium\node_modules\@appium\base-driver\lib\protocol\protocol.js:518:15
&amp#27;[38;5;16m[AppiumDriver@b18f]&amp#27;[0m     at Layer.handle [as handle_request] (C:\Users\Kvp\AppData\Roaming\npm\node_modules\appium\node_modules\express\lib\router\layer.js:95:5)
&amp#27;[38;5;16m[AppiumDriver@b18f]&amp#27;[0m     at next (C:\Users\Kvp\AppData\Roaming\npm\node_modules\appium\node_modules\express\lib\router\route.js:144:13)
&amp#27;[38;5;16m[AppiumDriver@b18f]&amp#27;[0m     at Route.dispatch (C:\Users\Kvp\AppData\Roaming\npm\node_modules\appium\node_modules\express\lib\router\route.js:114:3)
&amp#27;[38;5;16m[AppiumDriver@b18f]&amp#27;[0m     at Layer.handle [as handle_request] (C:\Users\Kvp\AppData\Roaming\npm\node_modules\appium\node_modules\express\lib\router\layer.js:95:5)
&amp#27;[38;5;16m[AppiumDriver@b18f]&amp#27;[0m     at C:\Users\Kvp\AppData\Roaming\npm\node_modules\appium\node_modules\express\lib\router\index.js:284:15
&amp#27;[38;5;16m[AppiumDriver@b18f]&amp#27;[0m     at param (C:\Users\Kvp\AppData\Roaming\npm\node_modules\appium\node_modules\express\lib\router\index.js:365:14)
&amp#27;[38;5;16m[AppiumDriver@b18f]&amp#27;[0m     at param (C:\Users\Kvp\AppData\Roaming\npm\node_modules\appium\node_modules\express\lib\router\index.js:376:14)
&amp#27;[38;5;16m[AppiumDriver@b18f]&amp#27;[0m     at Function.process_params (C:\Users\Kvp\AppData\Roaming\npm\node_modules\appium\node_modules\express\lib\router\index.js:421:3)
&amp#27;[38;5;16m[AppiumDriver@b18f]&amp#27;[0m     at next (C:\Users\Kvp\AppData\Roaming\npm\node_modules\appium\node_modules\express\lib\router\index.js:280:10)
&amp#27;[38;5;16m[AppiumDriver@b18f]&amp#27;[0m     at logger (C:\Users\Kvp\AppData\Roaming\npm\node_modules\appium\node_modules\morgan\index.js:144:5)
&amp#27;[38;5;16m[AppiumDriver@b18f]&amp#27;[0m     at Layer.handle [as handle_request] (C:\Users\Kvp\AppData\Roaming\npm\node_modules\appium\node_modules\express\lib\router\layer.js:95:5)
&amp#27;[38;5;16m[AppiumDriver@b18f]&amp#27;[0m     at trim_prefix (C:\Users\Kvp\AppData\Roaming\npm\node_modules\appium\node_modules\express\lib\router\index.js:328:13)
&amp#27;[38;5;16m[AppiumDriver@b18f]&amp#27;[0m     at C:\Users\Kvp\AppData\Roaming\npm\node_modules\appium\node_modules\express\lib\router\index.js:286:9
&amp#27;[38;5;16m[AppiumDriver@b18f]&amp#27;[0m     at Function.process_params (C:\Users\Kvp\AppData\Roaming\npm\node_modules\appium\node_modules\express\lib\router\index.js:346:12)
&amp#27;[38;5;16m[AppiumDriver@b18f]&amp#27;[0m     at next (C:\Users\Kvp\AppData\Roaming\npm\node_modules\appium\node_modules\express\lib\router\index.js:280:10)
&amp#27;[38;5;16m[AppiumDriver@b18f]&amp#27;[0m     at jsonParser (C:\Users\Kvp\AppData\Roaming\npm\node_modules\appium\node_modules\body-parser\lib\types\json.js:113:7)
&amp#27;[38;5;16m[AppiumDriver@b18f]&amp#27;[0m     at Layer.handle [as handle_request] (C:\Users\Kvp\AppData\Roaming\npm\node_modules\appium\node_modules\express\lib\router\layer.js:95:5)
&amp#27;[38;5;16m[AppiumDriver@b18f]&amp#27;[0m     at trim_prefix (C:\Users\Kvp\AppData\Roaming\npm\node_modules\appium\node_modules\express\lib\router\index.js:328:13)
&amp#27;[38;5;16m[AppiumDriver@b18f]&amp#27;[0m     at C:\Users\Kvp\AppData\Roaming\npm\node_modules\appium\node_modules\express\lib\router\index.js:286:9
&amp#27;[38;5;16m[AppiumDriver@b18f]&amp#27;[0m     at Function.process_params (C:\Users\Kvp\AppData\Roaming\npm\node_modules\appium\node_modules\express\lib\router\index.js:346:12)
&amp#27;[38;5;0m[HTTP]&amp#27;[0m &amp#27;[37m<-- GET /session/fe1e5e56-571c-4eb6-898d-5d5d3bd3a4b3/timeouts &amp#27;[39m&amp#27;[33m404&amp#27;[39m &amp#27;[90m3 ms - 3187&amp#27;[39m
&amp#27;[38;5;0m[HTTP]&amp#27;[0m &amp#27;[90m&amp#27;[39m
&amp#27;[38;5;32m[AndroidUiautomator2Driver@6724 (2f9148eb)]&amp#27;[0m Got response with status 200: {"sessionId":"35691049-a2f1-4de8-b4da-98666f7b8edf","value":[]}
&amp#27;[38;5;32m[AndroidUiautomator2Driver@6724 (2f9148eb)]&amp#27;[0m Waited for 383 ms so far
&amp#27;[38;5;32m[AndroidUiautomator2Driver@6724 (2f9148eb)]&amp#27;[0m Matched '/elements' to command name 'findElements'
&amp#27;[38;5;32m[AndroidUiautomator2Driver@6724 (2f9148eb)]&amp#27;[0m Proxying [POST /elements] to [POST http://127.0.0.1:8201/session/35691049-a2f1-4de8-b4da-98666f7b8edf/elements] with body: {"strategy":"xpath","selector":"//android.view.View[3]","context":"","multiple":true}
&amp#27;[38;5;32m[AndroidUiautomator2Driver@6724 (2f9148eb)]&amp#27;[0m Got response with status 200: {"sessionId":"35691049-a2f1-4de8-b4da-98666f7b8edf","value":[]}
&amp#27;[38;5;32m[AndroidUiautomator2Driver@6724 (2f9148eb)]&amp#27;[0m Waited for 927 ms so far
&amp#27;[38;5;32m[AndroidUiautomator2Driver@6724 (2f9148eb)]&amp#27;[0m Matched '/elements' to command name 'findElements'
&amp#27;[38;5;32m[AndroidUiautomator2Driver@6724 (2f9148eb)]&amp#27;[0m Proxying [POST /elements] to [POST http://127.0.0.1:8201/session/35691049-a2f1-4de8-b4da-98666f7b8edf/elements] with body: {"strategy":"xpath","selector":"//android.view.View[3]","context":"","multiple":true}
&amp#27;[38;5;32m[AndroidUiautomator2Driver@6724 (2f9148eb)]&amp#27;[0m Got response with status 200: {"sessionId":"35691049-a2f1-4de8-b4da-98666f7b8edf","value":[]}
&amp#27;[38;5;32m[AndroidUiautomator2Driver@6724 (2f9148eb)]&amp#27;[0m Waited for 1494 ms so far
&amp#27;[38;5;32m[AndroidUiautomator2Driver@6724 (2f9148eb)]&amp#27;[0m Matched '/elements' to command name 'findElements'
&amp#27;[38;5;32m[AndroidUiautomator2Driver@6724 (2f9148eb)]&amp#27;[0m Proxying [POST /elements] to [POST http://127.0.0.1:8201/session/35691049-a2f1-4de8-b4da-98666f7b8edf/elements] with body: {"strategy":"xpath","selector":"//android.view.View[3]","context":"","multiple":true}
&amp#27;[38;5;32m[AndroidUiautomator2Driver@6724 (2f9148eb)]&amp#27;[0m Got response with status 200: {"sessionId":"35691049-a2f1-4de8-b4da-98666f7b8edf","value":[]}
&amp#27;[38;5;32m[AndroidUiautomator2Driver@6724 (2f9148eb)]&amp#27;[0m Waited for 2059 ms so far
&amp#27;[38;5;32m[AndroidUiautomator2Driver@6724 (2f9148eb)]&amp#27;[0m Matched '/elements' to command name 'findElements'
&amp#27;[38;5;32m[AndroidUiautomator2Driver@6724 (2f9148eb)]&amp#27;[0m Proxying [POST /elements] to [POST http://127.0.0.1:8201/session/35691049-a2f1-4de8-b4da-98666f7b8edf/elements] with body: {"strategy":"xpath","selector":"//android.view.View[3]","context":"","multiple":true}
&amp#27;[38;5;32m[AndroidUiautomator2Driver@6724 (2f9148eb)]&amp#27;[0m Got response with status 200: {"sessionId":"35691049-a2f1-4de8-b4da-98666f7b8edf","value":[]}
&amp#27;[38;5;32m[AndroidUiautomator2Driver@6724 (2f9148eb)]&amp#27;[0m Waited for 2621 ms so far
&amp#27;[38;5;32m[AndroidUiautomator2Driver@6724 (2f9148eb)]&amp#27;[0m Matched '/elements' to command name 'findElements'
&amp#27;[38;5;32m[AndroidUiautomator2Driver@6724 (2f9148eb)]&amp#27;[0m Proxying [POST /elements] to [POST http://127.0.0.1:8201/session/35691049-a2f1-4de8-b4da-98666f7b8edf/elements] with body: {"strategy":"xpath","selector":"//android.view.View[3]","context":"","multiple":true}
&amp#27;[38;5;32m[AndroidUiautomator2Driver@6724 (2f9148eb)]&amp#27;[0m Got response with status 200: {"sessionId":"35691049-a2f1-4de8-b4da-98666f7b8edf","value":[]}
&amp#27;[38;5;32m[AndroidUiautomator2Driver@6724 (2f9148eb)]&amp#27;[0m Waited for 3167 ms so far
&amp#27;[38;5;32m[AndroidUiautomator2Driver@6724 (2f9148eb)]&amp#27;[0m Matched '/elements' to command name 'findElements'
&amp#27;[38;5;32m[AndroidUiautomator2Driver@6724 (2f9148eb)]&amp#27;[0m Proxying [POST /elements] to [POST http://127.0.0.1:8201/session/35691049-a2f1-4de8-b4da-98666f7b8edf/elements] with body: {"strategy":"xpath","selector":"//android.view.View[3]","context":"","multiple":true}
&amp#27;[38;5;32m[AndroidUiautomator2Driver@6724 (2f9148eb)]&amp#27;[0m Got response with status 200: {"sessionId":"35691049-a2f1-4de8-b4da-98666f7b8edf","value":[]}
&amp#27;[38;5;32m[AndroidUiautomator2Driver@6724 (2f9148eb)]&amp#27;[0m Waited for 4039 ms so far
&amp#27;[38;5;32m[AndroidUiautomator2Driver@6724 (2f9148eb)]&amp#27;[0m Matched '/elements' to command name 'findElements'
&amp#27;[38;5;32m[AndroidUiautomator2Driver@6724 (2f9148eb)]&amp#27;[0m Proxying [POST /elements] to [POST http://127.0.0.1:8201/session/35691049-a2f1-4de8-b4da-98666f7b8edf/elements] with body: {"strategy":"xpath","selector":"//android.view.View[3]","context":"","multiple":true}
&amp#27;[38;5;32m[AndroidUiautomator2Driver@6724 (2f9148eb)]&amp#27;[0m Got response with status 200: {"sessionId":"35691049-a2f1-4de8-b4da-98666f7b8edf","value":[{"ELEMENT":"00000000-0000-00ce-0000-000b00000003","element-6066-11e4-a52e-4f735466cecf":"00000000-0000-00ce-0000-000b00000003"},{"ELEMENT":"00000000-0000-00ce-0000-001100000003","element-6066-11e4-a52e-4f735466cecf":"00000000-0000-00ce-0000-001100000003"}]}
&amp#27;[38;5;32m[AndroidUiautomator2Driver@6724 (2f9148eb)]&amp#27;[0m Responding to client with driver.findElements() result: [{"element-6066-11e4-a52e-4f735466cecf":"00000000-0000-00ce-0000-000b00000003","ELEMENT":"00000000-0000-00ce-0000-000b00000003"},{"element-6066-11e4-a52e-4f735466cecf":"00000000-0000-00ce-0000-001100000003","ELEMENT":"00000000-0000-00ce-0000-001100000003"}]
&amp#27;[38;5;0m[HTTP]&amp#27;[0m &amp#27;[37m<-- POST /session/2f9148eb-3d31-459b-a13a-504ef3d7fd8d/elements &amp#27;[39m&amp#27;[32m200&amp#27;[39m &amp#27;[90m4716 ms - 267&amp#27;[39m
&amp#27;[38;5;0m[HTTP]&amp#27;[0m &amp#27;[90m&amp#27;[39m
&amp#27;[38;5;0m[HTTP]&amp#27;[0m &amp#27;[37m-->&amp#27;[39m &amp#27;[37mGET&amp#27;[39m &amp#27;[37m/session/2f9148eb-3d31-459b-a13a-504ef3d7fd8d/element/00000000-0000-00ce-0000-000b00000003/attribute/content-desc&amp#27;[39m
&amp#27;[38;5;0m[HTTP]&amp#27;[0m &amp#27;[90m{}&amp#27;[39m
&amp#27;[38;5;32m[AndroidUiautomator2Driver@6724 (2f9148eb)]&amp#27;[0m Calling AppiumDriver.getAttribute() with args: ["content-desc","00000000-0000-00ce-0000-000b00000003","2f9148eb-3d31-459b-a13a-504ef3d7fd8d"]
&amp#27;[38;5;32m[AndroidUiautomator2Driver@6724 (2f9148eb)]&amp#27;[0m Matched '/element/00000000-0000-00ce-0000-000b00000003/attribute/content-desc' to command name 'getAttribute'
&amp#27;[38;5;32m[AndroidUiautomator2Driver@6724 (2f9148eb)]&amp#27;[0m Proxying [GET /element/00000000-0000-00ce-0000-000b00000003/attribute/content-desc] to [GET http://127.0.0.1:8201/session/35691049-a2f1-4de8-b4da-98666f7b8edf/element/00000000-0000-00ce-0000-000b00000003/attribute/content-desc] with no body
&amp#27;[38;5;32m[AndroidUiautomator2Driver@6724 (2f9148eb)]&amp#27;[0m Got response with status 200: {"sessionId":"35691049-a2f1-4de8-b4da-98666f7b8edf","value":"February 2024"}
&amp#27;[38;5;32m[AndroidUiautomator2Driver@6724 (2f9148eb)]&amp#27;[0m Responding to client with driver.getAttribute() result: "February 2024"
&amp#27;[38;5;0m[HTTP]&amp#27;[0m &amp#27;[37m<-- GET /session/2f9148eb-3d31-459b-a13a-504ef3d7fd8d/element/00000000-0000-00ce-0000-000b00000003/attribute/content-desc &amp#27;[39m&amp#27;[32m200&amp#27;[39m &amp#27;[90m16 ms - 25&amp#27;[39m
&amp#27;[38;5;0m[HTTP]&amp#27;[0m &amp#27;[90m&amp#27;[39m
&amp#27;[38;5;0m[HTTP]&amp#27;[0m &amp#27;[37m-->&amp#27;[39m &amp#27;[37mPOST&amp#27;[39m &amp#27;[37m/session/2f9148eb-3d31-459b-a13a-504ef3d7fd8d/elements&amp#27;[39m
&amp#27;[38;5;0m[HTTP]&amp#27;[0m &amp#27;[90m{"value":"//android.view.View[3]","using":"xpath"}&amp#27;[39m
&amp#27;[38;5;32m[AndroidUiautomator2Driver@6724 (2f9148eb)]&amp#27;[0m Calling AppiumDriver.findElements() with args: ["xpath","//android.view.View[3]","2f9148eb-3d31-459b-a13a-504ef3d7fd8d"]
&amp#27;[38;5;32m[AndroidUiautomator2Driver@6724 (2f9148eb)]&amp#27;[0m Valid locator strategies for this request: xpath, id, class name, accessibility id, css selector, -android uiautomator
&amp#27;[38;5;32m[AndroidUiautomator2Driver@6724 (2f9148eb)]&amp#27;[0m Waiting up to 10000 ms for condition
&amp#27;[38;5;32m[AndroidUiautomator2Driver@6724 (2f9148eb)]&amp#27;[0m Matched '/elements' to command name 'findElements'
&amp#27;[38;5;32m[AndroidUiautomator2Driver@6724 (2f9148eb)]&amp#27;[0m Proxying [POST /elements] to [POST http://127.0.0.1:8201/session/35691049-a2f1-4de8-b4da-98666f7b8edf/elements] with body: {"strategy":"xpath","selector":"//android.view.View[3]","context":"","multiple":true}
&amp#27;[38;5;32m[AndroidUiautomator2Driver@6724 (2f9148eb)]&amp#27;[0m Got response with status 200: {"sessionId":"35691049-a2f1-4de8-b4da-98666f7b8edf","value":[{"ELEMENT":"00000000-0000-00ce-0000-000b00000003","element-6066-11e4-a52e-4f735466cecf":"00000000-0000-00ce-0000-000b00000003"},{"ELEMENT":"00000000-0000-00ce-0000-001100000003","element-6066-11e4-a52e-4f735466cecf":"00000000-0000-00ce-0000-001100000003"}]}
&amp#27;[38;5;32m[AndroidUiautomator2Driver@6724 (2f9148eb)]&amp#27;[0m Responding to client with driver.findElements() result: [{"element-6066-11e4-a52e-4f735466cecf":"00000000-0000-00ce-0000-000b00000003","ELEMENT":"00000000-0000-00ce-0000-000b00000003"},{"element-6066-11e4-a52e-4f735466cecf":"00000000-0000-00ce-0000-001100000003","ELEMENT":"00000000-0000-00ce-0000-001100000003"}]
&amp#27;[38;5;0m[HTTP]&amp#27;[0m &amp#27;[37m<-- POST /session/2f9148eb-3d31-459b-a13a-504ef3d7fd8d/elements &amp#27;[39m&amp#27;[32m200&amp#27;[39m &amp#27;[90m62 ms - 267&amp#27;[39m
&amp#27;[38;5;0m[HTTP]&amp#27;[0m &amp#27;[90m&amp#27;[39m
&amp#27;[38;5;0m[HTTP]&amp#27;[0m &amp#27;[37m-->&amp#27;[39m &amp#27;[37mGET&amp#27;[39m &amp#27;[37m/session/2f9148eb-3d31-459b-a13a-504ef3d7fd8d/element/00000000-0000-00ce-0000-000b00000003/attribute/content-desc&amp#27;[39m
&amp#27;[38;5;0m[HTTP]&amp#27;[0m &amp#27;[90m{}&amp#27;[39m
&amp#27;[38;5;32m[AndroidUiautomator2Driver@6724 (2f9148eb)]&amp#27;[0m Calling AppiumDriver.getAttribute() with args: ["content-desc","00000000-0000-00ce-0000-000b00000003","2f9148eb-3d31-459b-a13a-504ef3d7fd8d"]
&amp#27;[38;5;32m[AndroidUiautomator2Driver@6724 (2f9148eb)]&amp#27;[0m Matched '/element/00000000-0000-00ce-0000-000b00000003/attribute/content-desc' to command name 'getAttribute'
&amp#27;[38;5;32m[AndroidUiautomator2Driver@6724 (2f9148eb)]&amp#27;[0m Proxying [GET /element/00000000-0000-00ce-0000-000b00000003/attribute/content-desc] to [GET http://127.0.0.1:8201/session/35691049-a2f1-4de8-b4da-98666f7b8edf/element/00000000-0000-00ce-0000-000b00000003/attribute/content-desc] with no body
&amp#27;[38;5;32m[AndroidUiautomator2Driver@6724 (2f9148eb)]&amp#27;[0m Got response with status 200: {"sessionId":"35691049-a2f1-4de8-b4da-98666f7b8edf","value":"February 2024"}
&amp#27;[38;5;32m[AndroidUiautomator2Driver@6724 (2f9148eb)]&amp#27;[0m Responding to client with driver.getAttribute() result: "February 2024"
&amp#27;[38;5;0m[HTTP]&amp#27;[0m &amp#27;[37m<-- GET /session/2f9148eb-3d31-459b-a13a-504ef3d7fd8d/element/00000000-0000-00ce-0000-000b00000003/attribute/content-desc &amp#27;[39m&amp#27;[32m200&amp#27;[39m &amp#27;[90m19 ms - 25&amp#27;[39m
&amp#27;[38;5;0m[HTTP]&amp#27;[0m &amp#27;[90m&amp#27;[39m
&amp#27;[38;5;0m[HTTP]&amp#27;[0m &amp#27;[37m-->&amp#27;[39m &amp#27;[37mPOST&amp#27;[39m &amp#27;[37m/session/2f9148eb-3d31-459b-a13a-504ef3d7fd8d/elements&amp#27;[39m
&amp#27;[38;5;0m[HTTP]&amp#27;[0m &amp#27;[90m{"value":"//android.view.View[3]","using":"xpath"}&amp#27;[39m
&amp#27;[38;5;32m[AndroidUiautomator2Driver@6724 (2f9148eb)]&amp#27;[0m Calling AppiumDriver.findElements() with args: ["xpath","//android.view.View[3]","2f9148eb-3d31-459b-a13a-504ef3d7fd8d"]
&amp#27;[38;5;32m[AndroidUiautomator2Driver@6724 (2f9148eb)]&amp#27;[0m Valid locator strategies for this request: xpath, id, class name, accessibility id, css selector, -android uiautomator
&amp#27;[38;5;32m[AndroidUiautomator2Driver@6724 (2f9148eb)]&amp#27;[0m Waiting up to 10000 ms for condition
&amp#27;[38;5;32m[AndroidUiautomator2Driver@6724 (2f9148eb)]&amp#27;[0m Matched '/elements' to command name 'findElements'
&amp#27;[38;5;32m[AndroidUiautomator2Driver@6724 (2f9148eb)]&amp#27;[0m Proxying [POST /elements] to [POST http://127.0.0.1:8201/session/35691049-a2f1-4de8-b4da-98666f7b8edf/elements] with body: {"strategy":"xpath","selector":"//android.view.View[3]","context":"","multiple":true}
&amp#27;[38;5;32m[AndroidUiautomator2Driver@6724 (2f9148eb)]&amp#27;[0m Got response with status 200: {"sessionId":"35691049-a2f1-4de8-b4da-98666f7b8edf","value":[{"ELEMENT":"00000000-0000-00ce-0000-000b00000003","element-6066-11e4-a52e-4f735466cecf":"00000000-0000-00ce-0000-000b00000003"},{"ELEMENT":"00000000-0000-00ce-0000-001100000003","element-6066-11e4-a52e-4f735466cecf":"00000000-0000-00ce-0000-001100000003"}]}
&amp#27;[38;5;32m[AndroidUiautomator2Driver@6724 (2f9148eb)]&amp#27;[0m Responding to client with driver.findElements() result: [{"element-6066-11e4-a52e-4f735466cecf":"00000000-0000-00ce-0000-000b00000003","ELEMENT":"00000000-0000-00ce-0000-000b00000003"},{"element-6066-11e4-a52e-4f735466cecf":"00000000-0000-00ce-0000-001100000003","ELEMENT":"00000000-0000-00ce-0000-001100000003"}]
&amp#27;[38;5;0m[HTTP]&amp#27;[0m &amp#27;[37m<-- POST /session/2f9148eb-3d31-459b-a13a-504ef3d7fd8d/elements &amp#27;[39m&amp#27;[32m200&amp#27;[39m &amp#27;[90m64 ms - 267&amp#27;[39m
&amp#27;[38;5;0m[HTTP]&amp#27;[0m &amp#27;[90m&amp#27;[39m
&amp#27;[38;5;0m[HTTP]&amp#27;[0m &amp#27;[37m-->&amp#27;[39m &amp#27;[37mGET&amp#27;[39m &amp#27;[37m/session/2f9148eb-3d31-459b-a13a-504ef3d7fd8d/element/00000000-0000-00ce-0000-000b00000003/attribute/content-desc&amp#27;[39m
&amp#27;[38;5;0m[HTTP]&amp#27;[0m &amp#27;[90m{}&amp#27;[39m
&amp#27;[38;5;32m[AndroidUiautomator2Driver@6724 (2f9148eb)]&amp#27;[0m Calling AppiumDriver.getAttribute() with args: ["content-desc","00000000-0000-00ce-0000-000b00000003","2f9148eb-3d31-459b-a13a-504ef3d7fd8d"]
&amp#27;[38;5;32m[AndroidUiautomator2Driver@6724 (2f9148eb)]&amp#27;[0m Matched '/element/00000000-0000-00ce-0000-000b00000003/attribute/content-desc' to command name 'getAttribute'
&amp#27;[38;5;32m[AndroidUiautomator2Driver@6724 (2f9148eb)]&amp#27;[0m Proxying [GET /element/00000000-0000-00ce-0000-000b00000003/attribute/content-desc] to [GET http://127.0.0.1:8201/session/35691049-a2f1-4de8-b4da-98666f7b8edf/element/00000000-0000-00ce-0000-000b00000003/attribute/content-desc] with no body
&amp#27;[38;5;32m[AndroidUiautomator2Driver@6724 (2f9148eb)]&amp#27;[0m Got response with status 200: {"sessionId":"35691049-a2f1-4de8-b4da-98666f7b8edf","value":"February 2024"}
&amp#27;[38;5;32m[AndroidUiautomator2Driver@6724 (2f9148eb)]&amp#27;[0m Responding to client with driver.getAttribute() result: "February 2024"
&amp#27;[38;5;0m[HTTP]&amp#27;[0m &amp#27;[37m<-- GET /session/2f9148eb-3d31-459b-a13a-504ef3d7fd8d/element/00000000-0000-00ce-0000-000b00000003/attribute/content-desc &amp#27;[39m&amp#27;[32m200&amp#27;[39m &amp#27;[90m18 ms - 25&amp#27;[39m
&amp#27;[38;5;0m[HTTP]&amp#27;[0m &amp#27;[90m&amp#27;[39m
&amp#27;[38;5;0m[HTTP]&amp#27;[0m &amp#27;[37m-->&amp#27;[39m &amp#27;[37mPOST&amp#27;[39m &amp#27;[37m/session/2f9148eb-3d31-459b-a13a-504ef3d7fd8d/elements&amp#27;[39m
&amp#27;[38;5;0m[HTTP]&amp#27;[0m &amp#27;[90m{"value":"//android.view.View[3]","using":"xpath"}&amp#27;[39m
&amp#27;[38;5;32m[AndroidUiautomator2Driver@6724 (2f9148eb)]&amp#27;[0m Calling AppiumDriver.findElements() with args: ["xpath","//android.view.View[3]","2f9148eb-3d31-459b-a13a-504ef3d7fd8d"]
&amp#27;[38;5;32m[AndroidUiautomator2Driver@6724 (2f9148eb)]&amp#27;[0m Valid locator strategies for this request: xpath, id, class name, accessibility id, css selector, -android uiautomator
&amp#27;[38;5;32m[AndroidUiautomator2Driver@6724 (2f9148eb)]&amp#27;[0m Waiting up to 10000 ms for condition
&amp#27;[38;5;32m[AndroidUiautomator2Driver@6724 (2f9148eb)]&amp#27;[0m Matched '/elements' to command name 'findElements'
&amp#27;[38;5;32m[AndroidUiautomator2Driver@6724 (2f9148eb)]&amp#27;[0m Proxying [POST /elements] to [POST http://127.0.0.1:8201/session/35691049-a2f1-4de8-b4da-98666f7b8edf/elements] with body: {"strategy":"xpath","selector":"//android.view.View[3]","context":"","multiple":true}
&amp#27;[38;5;32m[AndroidUiautomator2Driver@6724 (2f9148eb)]&amp#27;[0m Got response with status 200: {"sessionId":"35691049-a2f1-4de8-b4da-98666f7b8edf","value":[{"ELEMENT":"00000000-0000-00ce-0000-000b00000003","element-6066-11e4-a52e-4f735466cecf":"00000000-0000-00ce-0000-000b00000003"},{"ELEMENT":"00000000-0000-00ce-0000-001100000003","element-6066-11e4-a52e-4f735466cecf":"00000000-0000-00ce-0000-001100000003"}]}
&amp#27;[38;5;32m[AndroidUiautomator2Driver@6724 (2f9148eb)]&amp#27;[0m Responding to client with driver.findElements() result: [{"element-6066-11e4-a52e-4f735466cecf":"00000000-0000-00ce-0000-000b00000003","ELEMENT":"00000000-0000-00ce-0000-000b00000003"},{"element-6066-11e4-a52e-4f735466cecf":"00000000-0000-00ce-0000-001100000003","ELEMENT":"00000000-0000-00ce-0000-001100000003"}]
&amp#27;[38;5;0m[HTTP]&amp#27;[0m &amp#27;[37m<-- POST /session/2f9148eb-3d31-459b-a13a-504ef3d7fd8d/elements &amp#27;[39m&amp#27;[32m200&amp#27;[39m &amp#27;[90m58 ms - 267&amp#27;[39m
&amp#27;[38;5;0m[HTTP]&amp#27;[0m &amp#27;[90m&amp#27;[39m
&amp#27;[38;5;0m[HTTP]&amp#27;[0m &amp#27;[37m-->&amp#27;[39m &amp#27;[37mGET&amp#27;[39m &amp#27;[37m/session/2f9148eb-3d31-459b-a13a-504ef3d7fd8d/element/00000000-0000-00ce-0000-000b00000003/attribute/content-desc&amp#27;[39m
&amp#27;[38;5;0m[HTTP]&amp#27;[0m &amp#27;[90m{}&amp#27;[39m
&amp#27;[38;5;32m[AndroidUiautomator2Driver@6724 (2f9148eb)]&amp#27;[0m Calling AppiumDriver.getAttribute() with args: ["content-desc","00000000-0000-00ce-0000-000b00000003","2f9148eb-3d31-459b-a13a-504ef3d7fd8d"]
&amp#27;[38;5;32m[AndroidUiautomator2Driver@6724 (2f9148eb)]&amp#27;[0m Matched '/element/00000000-0000-00ce-0000-000b00000003/attribute/content-desc' to command name 'getAttribute'
&amp#27;[38;5;32m[AndroidUiautomator2Driver@6724 (2f9148eb)]&amp#27;[0m Proxying [GET /element/00000000-0000-00ce-0000-000b00000003/attribute/content-desc] to [GET http://127.0.0.1:8201/session/35691049-a2f1-4de8-b4da-98666f7b8edf/element/00000000-0000-00ce-0000-000b00000003/attribute/content-desc] with no body
&amp#27;[38;5;32m[AndroidUiautomator2Driver@6724 (2f9148eb)]&amp#27;[0m Got response with status 200: {"sessionId":"35691049-a2f1-4de8-b4da-98666f7b8edf","value":"February 2024"}
&amp#27;[38;5;32m[AndroidUiautomator2Driver@6724 (2f9148eb)]&amp#27;[0m Responding to client with driver.getAttribute() result: "February 2024"
&amp#27;[38;5;0m[HTTP]&amp#27;[0m &amp#27;[37m<-- GET /session/2f9148eb-3d31-459b-a13a-504ef3d7fd8d/element/00000000-0000-00ce-0000-000b00000003/attribute/content-desc &amp#27;[39m&amp#27;[32m200&amp#27;[39m &amp#27;[90m13 ms - 25&amp#27;[39m
&amp#27;[38;5;0m[HTTP]&amp#27;[0m &amp#27;[90m&amp#27;[39m
&amp#27;[38;5;0m[HTTP]&amp#27;[0m &amp#27;[37m-->&amp#27;[39m &amp#27;[37mPOST&amp#27;[39m &amp#27;[37m/session/2f9148eb-3d31-459b-a13a-504ef3d7fd8d/element&amp#27;[39m
&amp#27;[38;5;0m[HTTP]&amp#27;[0m &amp#27;[90m{"value":"//android.view.View[5]/android.view.View/android.view.View/android.view.View[5]","using":"xpath"}&amp#27;[39m
&amp#27;[38;5;32m[AndroidUiautomator2Driver@6724 (2f9148eb)]&amp#27;[0m Calling AppiumDriver.findElement() with args: ["xpath","//android.view.View[5]/android.view.View/android.view.View/android.view.View[5]","2f9148eb-3d31-459b-a13a-504ef3d7fd8d"]
&amp#27;[38;5;32m[AndroidUiautomator2Driver@6724 (2f9148eb)]&amp#27;[0m Valid locator strategies for this request: xpath, id, class name, accessibility id, css selector, -android uiautomator
&amp#27;[38;5;32m[AndroidUiautomator2Driver@6724 (2f9148eb)]&amp#27;[0m Waiting up to 10000 ms for condition
&amp#27;[38;5;32m[AndroidUiautomator2Driver@6724 (2f9148eb)]&amp#27;[0m Matched '/element' to command name 'findElement'
&amp#27;[38;5;32m[AndroidUiautomator2Driver@6724 (2f9148eb)]&amp#27;[0m Proxying [POST /element] to [POST http://127.0.0.1:8201/session/35691049-a2f1-4de8-b4da-98666f7b8edf/element] with body: {"strategy":"xpath","selector":"//android.view.View[5]/android.view.View/android.view.View/android.view.View[5]","context":"","multiple":false}
&amp#27;[38;5;32m[AndroidUiautomator2Driver@6724 (2f9148eb)]&amp#27;[0m Got response with status 200: {"sessionId":"35691049-a2f1-4de8-b4da-98666f7b8edf","value":{"ELEMENT":"00000000-0000-00ce-0000-001300000003","element-6066-11e4-a52e-4f735466cecf":"00000000-0000-00ce-0000-001300000003"}}
&amp#27;[38;5;32m[AndroidUiautomator2Driver@6724 (2f9148eb)]&amp#27;[0m Responding to client with driver.findElement() result: {"element-6066-11e4-a52e-4f735466cecf":"00000000-0000-00ce-0000-001300000003","ELEMENT":"00000000-0000-00ce-0000-001300000003"}
&amp#27;[38;5;0m[HTTP]&amp#27;[0m &amp#27;[37m<-- POST /session/2f9148eb-3d31-459b-a13a-504ef3d7fd8d/element &amp#27;[39m&amp#27;[32m200&amp#27;[39m &amp#27;[90m57 ms - 137&amp#27;[39m
&amp#27;[38;5;0m[HTTP]&amp#27;[0m &amp#27;[90m&amp#27;[39m
&amp#27;[38;5;0m[HTTP]&amp#27;[0m &amp#27;[37m-->&amp#27;[39m &amp#27;[37mGET&amp#27;[39m &amp#27;[37m/session/2f9148eb-3d31-459b-a13a-504ef3d7fd8d/element/00000000-0000-00ce-0000-001300000003/attribute/content-desc&amp#27;[39m
&amp#27;[38;5;0m[HTTP]&amp#27;[0m &amp#27;[90m{}&amp#27;[39m
&amp#27;[38;5;32m[AndroidUiautomator2Driver@6724 (2f9148eb)]&amp#27;[0m Calling AppiumDriver.getAttribute() with args: ["content-desc","00000000-0000-00ce-0000-001300000003","2f9148eb-3d31-459b-a13a-504ef3d7fd8d"]
&amp#27;[38;5;32m[AndroidUiautomator2Driver@6724 (2f9148eb)]&amp#27;[0m Matched '/element/00000000-0000-00ce-0000-001300000003/attribute/content-desc' to command name 'getAttribute'
&amp#27;[38;5;32m[AndroidUiautomator2Driver@6724 (2f9148eb)]&amp#27;[0m Proxying [GET /element/00000000-0000-00ce-0000-001300000003/attribute/content-desc] to [GET http://127.0.0.1:8201/session/35691049-a2f1-4de8-b4da-98666f7b8edf/element/00000000-0000-00ce-0000-001300000003/attribute/content-desc] with no body
&amp#27;[38;5;32m[AndroidUiautomator2Driver@6724 (2f9148eb)]&amp#27;[0m Got response with status 200: {"sessionId":"35691049-a2f1-4de8-b4da-98666f7b8edf","value":"Thursday, February 29, 2024"}
&amp#27;[38;5;32m[AndroidUiautomator2Driver@6724 (2f9148eb)]&amp#27;[0m Responding to client with driver.getAttribute() result: "Thursday, February 29, 2024"
&amp#27;[38;5;0m[HTTP]&amp#27;[0m &amp#27;[37m<-- GET /session/2f9148eb-3d31-459b-a13a-504ef3d7fd8d/element/00000000-0000-00ce-0000-001300000003/attribute/content-desc &amp#27;[39m&amp#27;[32m200&amp#27;[39m &amp#27;[90m12 ms - 39&amp#27;[39m
&amp#27;[38;5;0m[HTTP]&amp#27;[0m &amp#27;[90m&amp#27;[39m
&amp#27;[38;5;0m[HTTP]&amp#27;[0m &amp#27;[37m-->&amp#27;[39m &amp#27;[37mPOST&amp#27;[39m &amp#27;[37m/session/2f9148eb-3d31-459b-a13a-504ef3d7fd8d/element&amp#27;[39m
&amp#27;[38;5;0m[HTTP]&amp#27;[0m &amp#27;[90m{"value":"//android.view.View[5]/android.view.View/android.view.View/android.view.View[5]","using":"xpath"}&amp#27;[39m
&amp#27;[38;5;32m[AndroidUiautomator2Driver@6724 (2f9148eb)]&amp#27;[0m Calling AppiumDriver.findElement() with args: ["xpath","//android.view.View[5]/android.view.View/android.view.View/android.view.View[5]","2f9148eb-3d31-459b-a13a-504ef3d7fd8d"]
&amp#27;[38;5;32m[AndroidUiautomator2Driver@6724 (2f9148eb)]&amp#27;[0m Valid locator strategies for this request: xpath, id, class name, accessibility id, css selector, -android uiautomator
&amp#27;[38;5;32m[AndroidUiautomator2Driver@6724 (2f9148eb)]&amp#27;[0m Waiting up to 10000 ms for condition
&amp#27;[38;5;32m[AndroidUiautomator2Driver@6724 (2f9148eb)]&amp#27;[0m Matched '/element' to command name 'findElement'
&amp#27;[38;5;32m[AndroidUiautomator2Driver@6724 (2f9148eb)]&amp#27;[0m Proxying [POST /element] to [POST http://127.0.0.1:8201/session/35691049-a2f1-4de8-b4da-98666f7b8edf/element] with body: {"strategy":"xpath","selector":"//android.view.View[5]/android.view.View/android.view.View/android.view.View[5]","context":"","multiple":false}
&amp#27;[38;5;32m[AndroidUiautomator2Driver@6724 (2f9148eb)]&amp#27;[0m Got response with status 200: {"sessionId":"35691049-a2f1-4de8-b4da-98666f7b8edf","value":{"ELEMENT":"00000000-0000-00ce-0000-001300000003","element-6066-11e4-a52e-4f735466cecf":"00000000-0000-00ce-0000-001300000003"}}
&amp#27;[38;5;32m[AndroidUiautomator2Driver@6724 (2f9148eb)]&amp#27;[0m Responding to client with driver.findElement() result: {"element-6066-11e4-a52e-4f735466cecf":"00000000-0000-00ce-0000-001300000003","ELEMENT":"00000000-0000-00ce-0000-001300000003"}
&amp#27;[38;5;0m[HTTP]&amp#27;[0m &amp#27;[37m<-- POST /session/2f9148eb-3d31-459b-a13a-504ef3d7fd8d/element &amp#27;[39m&amp#27;[32m200&amp#27;[39m &amp#27;[90m52 ms - 137&amp#27;[39m
&amp#27;[38;5;0m[HTTP]&amp#27;[0m &amp#27;[90m&amp#27;[39m
&amp#27;[38;5;0m[HTTP]&amp#27;[0m &amp#27;[37m-->&amp#27;[39m &amp#27;[37mGET&amp#27;[39m &amp#27;[37m/session/2f9148eb-3d31-459b-a13a-504ef3d7fd8d/element/00000000-0000-00ce-0000-001300000003/attribute/content-desc&amp#27;[39m
&amp#27;[38;5;0m[HTTP]&amp#27;[0m &amp#27;[90m{}&amp#27;[39m
&amp#27;[38;5;32m[AndroidUiautomator2Driver@6724 (2f9148eb)]&amp#27;[0m Calling AppiumDriver.getAttribute() with args: ["content-desc","00000000-0000-00ce-0000-001300000003","2f9148eb-3d31-459b-a13a-504ef3d7fd8d"]
&amp#27;[38;5;32m[AndroidUiautomator2Driver@6724 (2f9148eb)]&amp#27;[0m Matched '/element/00000000-0000-00ce-0000-001300000003/attribute/content-desc' to command name 'getAttribute'
&amp#27;[38;5;32m[AndroidUiautomator2Driver@6724 (2f9148eb)]&amp#27;[0m Proxying [GET /element/00000000-0000-00ce-0000-001300000003/attribute/content-desc] to [GET http://127.0.0.1:8201/session/35691049-a2f1-4de8-b4da-98666f7b8edf/element/00000000-0000-00ce-0000-001300000003/attribute/content-desc] with no body
&amp#27;[38;5;32m[AndroidUiautomator2Driver@6724 (2f9148eb)]&amp#27;[0m Got response with status 200: {"sessionId":"35691049-a2f1-4de8-b4da-98666f7b8edf","value":"Thursday, February 29, 2024"}
&amp#27;[38;5;32m[AndroidUiautomator2Driver@6724 (2f9148eb)]&amp#27;[0m Responding to client with driver.getAttribute() result: "Thursday, February 29, 2024"
&amp#27;[38;5;0m[HTTP]&amp#27;[0m &amp#27;[37m<-- GET /session/2f9148eb-3d31-459b-a13a-504ef3d7fd8d/element/00000000-0000-00ce-0000-001300000003/attribute/content-desc &amp#27;[39m&amp#27;[32m200&amp#27;[39m &amp#27;[90m15 ms - 39&amp#27;[39m
&amp#27;[38;5;0m[HTTP]&amp#27;[0m &amp#27;[90m&amp#27;[39m
&amp#27;[38;5;0m[HTTP]&amp#27;[0m &amp#27;[37m-->&amp#27;[39m &amp#27;[37mPOST&amp#27;[39m &amp#27;[37m/session/2f9148eb-3d31-459b-a13a-504ef3d7fd8d/touch/perform&amp#27;[39m
&amp#27;[38;5;0m[HTTP]&amp#27;[0m &amp#27;[90m{"actions":[{"action":"press","options":{"x":100,"y":474}},{"action":"moveTo","options":{"x":936,"y":474}},{"action":"release","options":{}}]}&amp#27;[39m
&amp#27;[38;5;32m[AndroidUiautomator2Driver@6724 (2f9148eb)]&amp#27;[0m Calling AppiumDriver.performTouch() with args: [[{"action":"press","options":{"x":100,"y":474}},{"action":"moveTo","options":{"x":936,"y":474}},{"action":"release","options":{}}],"2f9148eb-3d31-459b-a13a-504ef3d7fd8d"]
&amp#27;[38;5;32m[AndroidUiautomator2Driver@6724 (2f9148eb)]&amp#27;[0m Matched '/touch/down' to command name 'touchDown'
&amp#27;[38;5;32m[AndroidUiautomator2Driver@6724 (2f9148eb)]&amp#27;[0m Proxying [POST /touch/down] to [POST http://127.0.0.1:8201/session/35691049-a2f1-4de8-b4da-98666f7b8edf/touch/down] with body: {"params":{"element":"","x":100,"y":474}}
&amp#27;[38;5;32m[AndroidUiautomator2Driver@6724 (2f9148eb)]&amp#27;[0m Got response with status 200: {"sessionId":"35691049-a2f1-4de8-b4da-98666f7b8edf","value":null}
&amp#27;[38;5;32m[AndroidUiautomator2Driver@6724 (2f9148eb)]&amp#27;[0m Matched '/touch/move' to command name 'touchMove'
&amp#27;[38;5;32m[AndroidUiautomator2Driver@6724 (2f9148eb)]&amp#27;[0m Proxying [POST /touch/move] to [POST http://127.0.0.1:8201/session/35691049-a2f1-4de8-b4da-98666f7b8edf/touch/move] with body: {"params":{"element":"","x":936,"y":474}}
&amp#27;[38;5;32m[AndroidUiautomator2Driver@6724 (2f9148eb)]&amp#27;[0m Got response with status 200: {"sessionId":"35691049-a2f1-4de8-b4da-98666f7b8edf","value":null}
&amp#27;[38;5;32m[AndroidUiautomator2Driver@6724 (2f9148eb)]&amp#27;[0m Matched '/touch/up' to command name 'touchUp'
&amp#27;[38;5;32m[AndroidUiautomator2Driver@6724 (2f9148eb)]&amp#27;[0m Proxying [POST /touch/up] to [POST http://127.0.0.1:8201/session/35691049-a2f1-4de8-b4da-98666f7b8edf/touch/up] with body: {"params":{"element":"undefined","x":936,"y":474}}
&amp#27;[38;5;32m[AndroidUiautomator2Driver@6724 (2f9148eb)]&amp#27;[0m Got response with status 200: {"sessionId":"35691049-a2f1-4de8-b4da-98666f7b8edf","value":null}
&amp#27;[38;5;32m[AndroidUiautomator2Driver@6724 (2f9148eb)]&amp#27;[0m Responding to client with driver.performTouch() result: null
&amp#27;[38;5;0m[HTTP]&amp#27;[0m &amp#27;[37m<-- POST /session/2f9148eb-3d31-459b-a13a-504ef3d7fd8d/touch/perform &amp#27;[39m&amp#27;[32m200&amp#27;[39m &amp#27;[90m2340 ms - 14&amp#27;[39m
&amp#27;[38;5;0m[HTTP]&amp#27;[0m &amp#27;[90m&amp#27;[39m
&amp#27;[38;5;0m[HTTP]&amp#27;[0m &amp#27;[37m-->&amp#27;[39m &amp#27;[37mPOST&amp#27;[39m &amp#27;[37m/session/2f9148eb-3d31-459b-a13a-504ef3d7fd8d/element&amp#27;[39m
&amp#27;[38;5;0m[HTTP]&amp#27;[0m &amp#27;[90m{"value":"//android.view.View[5]/android.view.View/android.view.View/android.view.View[5]","using":"xpath"}&amp#27;[39m
&amp#27;[38;5;32m[AndroidUiautomator2Driver@6724 (2f9148eb)]&amp#27;[0m Calling AppiumDriver.findElement() with args: ["xpath","//android.view.View[5]/android.view.View/android.view.View/android.view.View[5]","2f9148eb-3d31-459b-a13a-504ef3d7fd8d"]
&amp#27;[38;5;32m[AndroidUiautomator2Driver@6724 (2f9148eb)]&amp#27;[0m Valid locator strategies for this request: xpath, id, class name, accessibility id, css selector, -android uiautomator
&amp#27;[38;5;32m[AndroidUiautomator2Driver@6724 (2f9148eb)]&amp#27;[0m Waiting up to 10000 ms for condition
&amp#27;[38;5;32m[AndroidUiautomator2Driver@6724 (2f9148eb)]&amp#27;[0m Matched '/element' to command name 'findElement'
&amp#27;[38;5;32m[AndroidUiautomator2Driver@6724 (2f9148eb)]&amp#27;[0m Proxying [POST /element] to [POST http://127.0.0.1:8201/session/35691049-a2f1-4de8-b4da-98666f7b8edf/element] with body: {"strategy":"xpath","selector":"//android.view.View[5]/android.view.View/android.view.View/android.view.View[5]","context":"","multiple":false}
&amp#27;[38;5;32m[AndroidUiautomator2Driver@6724 (2f9148eb)]&amp#27;[0m Got response with status 200: {"sessionId":"35691049-a2f1-4de8-b4da-98666f7b8edf","value":{"ELEMENT":"00000000-0000-00ce-0000-002200000003","element-6066-11e4-a52e-4f735466cecf":"00000000-0000-00ce-0000-002200000003"}}
&amp#27;[38;5;32m[AndroidUiautomator2Driver@6724 (2f9148eb)]&amp#27;[0m Responding to client with driver.findElement() result: {"element-6066-11e4-a52e-4f735466cecf":"00000000-0000-00ce-0000-002200000003","ELEMENT":"00000000-0000-00ce-0000-002200000003"}
&amp#27;[38;5;0m[HTTP]&amp#27;[0m &amp#27;[37m<-- POST /session/2f9148eb-3d31-459b-a13a-504ef3d7fd8d/element &amp#27;[39m&amp#27;[32m200&amp#27;[39m &amp#27;[90m51 ms - 137&amp#27;[39m
&amp#27;[38;5;0m[HTTP]&amp#27;[0m &amp#27;[90m&amp#27;[39m
&amp#27;[38;5;0m[HTTP]&amp#27;[0m &amp#27;[37m-->&amp#27;[39m &amp#27;[37mGET&amp#27;[39m &amp#27;[37m/session/2f9148eb-3d31-459b-a13a-504ef3d7fd8d/element/00000000-0000-00ce-0000-002200000003/attribute/content-desc&amp#27;[39m
&amp#27;[38;5;0m[HTTP]&amp#27;[0m &amp#27;[90m{}&amp#27;[39m
&amp#27;[38;5;32m[AndroidUiautomator2Driver@6724 (2f9148eb)]&amp#27;[0m Calling AppiumDriver.getAttribute() with args: ["content-desc","00000000-0000-00ce-0000-002200000003","2f9148eb-3d31-459b-a13a-504ef3d7fd8d"]
&amp#27;[38;5;32m[AndroidUiautomator2Driver@6724 (2f9148eb)]&amp#27;[0m Matched '/element/00000000-0000-00ce-0000-002200000003/attribute/content-desc' to command name 'getAttribute'
&amp#27;[38;5;32m[AndroidUiautomator2Driver@6724 (2f9148eb)]&amp#27;[0m Proxying [GET /element/00000000-0000-00ce-0000-002200000003/attribute/content-desc] to [GET http://127.0.0.1:8201/session/35691049-a2f1-4de8-b4da-98666f7b8edf/element/00000000-0000-00ce-0000-002200000003/attribute/content-desc] with no body
&amp#27;[38;5;32m[AndroidUiautomator2Driver@6724 (2f9148eb)]&amp#27;[0m Got response with status 200: {"sessionId":"35691049-a2f1-4de8-b4da-98666f7b8edf","value":"Thursday, February 22, 2024"}
&amp#27;[38;5;32m[AndroidUiautomator2Driver@6724 (2f9148eb)]&amp#27;[0m Responding to client with driver.getAttribute() result: "Thursday, February 22, 2024"
&amp#27;[38;5;0m[HTTP]&amp#27;[0m &amp#27;[37m<-- GET /session/2f9148eb-3d31-459b-a13a-504ef3d7fd8d/element/00000000-0000-00ce-0000-002200000003/attribute/content-desc &amp#27;[39m&amp#27;[32m200&amp#27;[39m &amp#27;[90m14 ms - 39&amp#27;[39m
&amp#27;[38;5;0m[HTTP]&amp#27;[0m &amp#27;[90m&amp#27;[39m
&amp#27;[38;5;0m[HTTP]&amp#27;[0m &amp#27;[37m-->&amp#27;[39m &amp#27;[37mPOST&amp#27;[39m &amp#27;[37m/session/2f9148eb-3d31-459b-a13a-504ef3d7fd8d/element&amp#27;[39m
&amp#27;[38;5;0m[HTTP]&amp#27;[0m &amp#27;[90m{"value":"//android.view.View[5]/android.view.View/android.view.View/android.view.View[5]","using":"xpath"}&amp#27;[39m
&amp#27;[38;5;32m[AndroidUiautomator2Driver@6724 (2f9148eb)]&amp#27;[0m Calling AppiumDriver.findElement() with args: ["xpath","//android.view.View[5]/android.view.View/android.view.View/android.view.View[5]","2f9148eb-3d31-459b-a13a-504ef3d7fd8d"]
&amp#27;[38;5;32m[AndroidUiautomator2Driver@6724 (2f9148eb)]&amp#27;[0m Valid locator strategies for this request: xpath, id, class name, accessibility id, css selector, -android uiautomator
&amp#27;[38;5;32m[AndroidUiautomator2Driver@6724 (2f9148eb)]&amp#27;[0m Waiting up to 10000 ms for condition
&amp#27;[38;5;32m[AndroidUiautomator2Driver@6724 (2f9148eb)]&amp#27;[0m Matched '/element' to command name 'findElement'
&amp#27;[38;5;32m[AndroidUiautomator2Driver@6724 (2f9148eb)]&amp#27;[0m Proxying [POST /element] to [POST http://127.0.0.1:8201/session/35691049-a2f1-4de8-b4da-98666f7b8edf/element] with body: {"strategy":"xpath","selector":"//android.view.View[5]/android.view.View/android.view.View/android.view.View[5]","context":"","multiple":false}
&amp#27;[38;5;32m[AndroidUiautomator2Driver@6724 (2f9148eb)]&amp#27;[0m Got response with status 200: {"sessionId":"35691049-a2f1-4de8-b4da-98666f7b8edf","value":{"ELEMENT":"00000000-0000-00ce-0000-002200000003","element-6066-11e4-a52e-4f735466cecf":"00000000-0000-00ce-0000-002200000003"}}
&amp#27;[38;5;32m[AndroidUiautomator2Driver@6724 (2f9148eb)]&amp#27;[0m Responding to client with driver.findElement() result: {"element-6066-11e4-a52e-4f735466cecf":"00000000-0000-00ce-0000-002200000003","ELEMENT":"00000000-0000-00ce-0000-002200000003"}
&amp#27;[38;5;0m[HTTP]&amp#27;[0m &amp#27;[37m<-- POST /session/2f9148eb-3d31-459b-a13a-504ef3d7fd8d/element &amp#27;[39m&amp#27;[32m200&amp#27;[39m &amp#27;[90m51 ms - 137&amp#27;[39m
&amp#27;[38;5;0m[HTTP]&amp#27;[0m &amp#27;[90m&amp#27;[39m
&amp#27;[38;5;0m[HTTP]&amp#27;[0m &amp#27;[37m-->&amp#27;[39m &amp#27;[37mGET&amp#27;[39m &amp#27;[37m/session/2f9148eb-3d31-459b-a13a-504ef3d7fd8d/element/00000000-0000-00ce-0000-002200000003/attribute/content-desc&amp#27;[39m
&amp#27;[38;5;0m[HTTP]&amp#27;[0m &amp#27;[90m{}&amp#27;[39m
&amp#27;[38;5;32m[AndroidUiautomator2Driver@6724 (2f9148eb)]&amp#27;[0m Calling AppiumDriver.getAttribute() with args: ["content-desc","00000000-0000-00ce-0000-002200000003","2f9148eb-3d31-459b-a13a-504ef3d7fd8d"]
&amp#27;[38;5;32m[AndroidUiautomator2Driver@6724 (2f9148eb)]&amp#27;[0m Matched '/element/00000000-0000-00ce-0000-002200000003/attribute/content-desc' to command name 'getAttribute'
&amp#27;[38;5;32m[AndroidUiautomator2Driver@6724 (2f9148eb)]&amp#27;[0m Proxying [GET /element/00000000-0000-00ce-0000-002200000003/attribute/content-desc] to [GET http://127.0.0.1:8201/session/35691049-a2f1-4de8-b4da-98666f7b8edf/element/00000000-0000-00ce-0000-002200000003/attribute/content-desc] with no body
&amp#27;[38;5;32m[AndroidUiautomator2Driver@6724 (2f9148eb)]&amp#27;[0m Got response with status 200: {"sessionId":"35691049-a2f1-4de8-b4da-98666f7b8edf","value":"Thursday, February 22, 2024"}
&amp#27;[38;5;32m[AndroidUiautomator2Driver@6724 (2f9148eb)]&amp#27;[0m Responding to client with driver.getAttribute() result: "Thursday, February 22, 2024"
&amp#27;[38;5;0m[HTTP]&amp#27;[0m &amp#27;[37m<-- GET /session/2f9148eb-3d31-459b-a13a-504ef3d7fd8d/element/00000000-0000-00ce-0000-002200000003/attribute/content-desc &amp#27;[39m&amp#27;[32m200&amp#27;[39m &amp#27;[90m16 ms - 39&amp#27;[39m
&amp#27;[38;5;0m[HTTP]&amp#27;[0m &amp#27;[90m&amp#27;[39m
&amp#27;[38;5;0m[HTTP]&amp#27;[0m &amp#27;[37m-->&amp#27;[39m &amp#27;[37mPOST&amp#27;[39m &amp#27;[37m/session/2f9148eb-3d31-459b-a13a-504ef3d7fd8d/touch/perform&amp#27;[39m
&amp#27;[38;5;0m[HTTP]&amp#27;[0m &amp#27;[90m{"actions":[{"action":"press","options":{"x":100,"y":474}},{"action":"moveTo","options":{"x":936,"y":474}},{"action":"release","options":{}}]}&amp#27;[39m
&amp#27;[38;5;32m[AndroidUiautomator2Driver@6724 (2f9148eb)]&amp#27;[0m Calling AppiumDriver.performTouch() with args: [[{"action":"press","options":{"x":100,"y":474}},{"action":"moveTo","options":{"x":936,"y":474}},{"action":"release","options":{}}],"2f9148eb-3d31-459b-a13a-504ef3d7fd8d"]
&amp#27;[38;5;32m[AndroidUiautomator2Driver@6724 (2f9148eb)]&amp#27;[0m Matched '/touch/down' to command name 'touchDown'
&amp#27;[38;5;32m[AndroidUiautomator2Driver@6724 (2f9148eb)]&amp#27;[0m Proxying [POST /touch/down] to [POST http://127.0.0.1:8201/session/35691049-a2f1-4de8-b4da-98666f7b8edf/touch/down] with body: {"params":{"element":"","x":100,"y":474}}
&amp#27;[38;5;32m[AndroidUiautomator2Driver@6724 (2f9148eb)]&amp#27;[0m Got response with status 200: {"sessionId":"35691049-a2f1-4de8-b4da-98666f7b8edf","value":null}
&amp#27;[38;5;32m[AndroidUiautomator2Driver@6724 (2f9148eb)]&amp#27;[0m Matched '/touch/move' to command name 'touchMove'
&amp#27;[38;5;32m[AndroidUiautomator2Driver@6724 (2f9148eb)]&amp#27;[0m Proxying [POST /touch/move] to [POST http://127.0.0.1:8201/session/35691049-a2f1-4de8-b4da-98666f7b8edf/touch/move] with body: {"params":{"element":"","x":936,"y":474}}
&amp#27;[38;5;32m[AndroidUiautomator2Driver@6724 (2f9148eb)]&amp#27;[0m Got response with status 200: {"sessionId":"35691049-a2f1-4de8-b4da-98666f7b8edf","value":null}
&amp#27;[38;5;32m[AndroidUiautomator2Driver@6724 (2f9148eb)]&amp#27;[0m Matched '/touch/up' to command name 'touchUp'
&amp#27;[38;5;32m[AndroidUiautomator2Driver@6724 (2f9148eb)]&amp#27;[0m Proxying [POST /touch/up] to [POST http://127.0.0.1:8201/session/35691049-a2f1-4de8-b4da-98666f7b8edf/touch/up] with body: {"params":{"element":"undefined","x":936,"y":474}}
&amp#27;[38;5;32m[AndroidUiautomator2Driver@6724 (2f9148eb)]&amp#27;[0m Got response with status 200: {"sessionId":"35691049-a2f1-4de8-b4da-98666f7b8edf","value":null}
&amp#27;[38;5;32m[AndroidUiautomator2Driver@6724 (2f9148eb)]&amp#27;[0m Responding to client with driver.performTouch() result: null
&amp#27;[38;5;0m[HTTP]&amp#27;[0m &amp#27;[37m<-- POST /session/2f9148eb-3d31-459b-a13a-504ef3d7fd8d/touch/perform &amp#27;[39m&amp#27;[32m200&amp#27;[39m &amp#27;[90m2341 ms - 14&amp#27;[39m
&amp#27;[38;5;0m[HTTP]&amp#27;[0m &amp#27;[90m&amp#27;[39m
&amp#27;[38;5;0m[HTTP]&amp#27;[0m &amp#27;[37m-->&amp#27;[39m &amp#27;[37mPOST&amp#27;[39m &amp#27;[37m/session/2f9148eb-3d31-459b-a13a-504ef3d7fd8d/element&amp#27;[39m
&amp#27;[38;5;0m[HTTP]&amp#27;[0m &amp#27;[90m{"value":"//android.view.View[5]/android.view.View/android.view.View/android.view.View[5]","using":"xpath"}&amp#27;[39m
&amp#27;[38;5;32m[AndroidUiautomator2Driver@6724 (2f9148eb)]&amp#27;[0m Calling AppiumDriver.findElement() with args: ["xpath","//android.view.View[5]/android.view.View/android.view.View/android.view.View[5]","2f9148eb-3d31-459b-a13a-504ef3d7fd8d"]
&amp#27;[38;5;32m[AndroidUiautomator2Driver@6724 (2f9148eb)]&amp#27;[0m Valid locator strategies for this request: xpath, id, class name, accessibility id, css selector, -android uiautomator
&amp#27;[38;5;32m[AndroidUiautomator2Driver@6724 (2f9148eb)]&amp#27;[0m Waiting up to 10000 ms for condition
&amp#27;[38;5;32m[AndroidUiautomator2Driver@6724 (2f9148eb)]&amp#27;[0m Matched '/element' to command name 'findElement'
&amp#27;[38;5;32m[AndroidUiautomator2Driver@6724 (2f9148eb)]&amp#27;[0m Proxying [POST /element] to [POST http://127.0.0.1:8201/session/35691049-a2f1-4de8-b4da-98666f7b8edf/element] with body: {"strategy":"xpath","selector":"//android.view.View[5]/android.view.View/android.view.View/android.view.View[5]","context":"","multiple":false}
&amp#27;[38;5;32m[AndroidUiautomator2Driver@6724 (2f9148eb)]&amp#27;[0m Got response with status 200: {"sessionId":"35691049-a2f1-4de8-b4da-98666f7b8edf","value":{"ELEMENT":"00000000-0000-00ce-0000-002a00000003","element-6066-11e4-a52e-4f735466cecf":"00000000-0000-00ce-0000-002a00000003"}}
&amp#27;[38;5;32m[AndroidUiautomator2Driver@6724 (2f9148eb)]&amp#27;[0m Responding to client with driver.findElement() result: {"element-6066-11e4-a52e-4f735466cecf":"00000000-0000-00ce-0000-002a00000003","ELEMENT":"00000000-0000-00ce-0000-002a00000003"}
&amp#27;[38;5;0m[HTTP]&amp#27;[0m &amp#27;[37m<-- POST /session/2f9148eb-3d31-459b-a13a-504ef3d7fd8d/element &amp#27;[39m&amp#27;[32m200&amp#27;[39m &amp#27;[90m51 ms - 137&amp#27;[39m
&amp#27;[38;5;0m[HTTP]&amp#27;[0m &amp#27;[90m&amp#27;[39m
&amp#27;[38;5;0m[HTTP]&amp#27;[0m &amp#27;[37m-->&amp#27;[39m &amp#27;[37mGET&amp#27;[39m &amp#27;[37m/session/2f9148eb-3d31-459b-a13a-504ef3d7fd8d/element/00000000-0000-00ce-0000-002a00000003/attribute/content-desc&amp#27;[39m
&amp#27;[38;5;0m[HTTP]&amp#27;[0m &amp#27;[90m{}&amp#27;[39m
&amp#27;[38;5;32m[AndroidUiautomator2Driver@6724 (2f9148eb)]&amp#27;[0m Calling AppiumDriver.getAttribute() with args: ["content-desc","00000000-0000-00ce-0000-002a00000003","2f9148eb-3d31-459b-a13a-504ef3d7fd8d"]
&amp#27;[38;5;32m[AndroidUiautomator2Driver@6724 (2f9148eb)]&amp#27;[0m Matched '/element/00000000-0000-00ce-0000-002a00000003/attribute/content-desc' to command name 'getAttribute'
&amp#27;[38;5;32m[AndroidUiautomator2Driver@6724 (2f9148eb)]&amp#27;[0m Proxying [GET /element/00000000-0000-00ce-0000-002a00000003/attribute/content-desc] to [GET http://127.0.0.1:8201/session/35691049-a2f1-4de8-b4da-98666f7b8edf/element/00000000-0000-00ce-0000-002a00000003/attribute/content-desc] with no body
&amp#27;[38;5;32m[AndroidUiautomator2Driver@6724 (2f9148eb)]&amp#27;[0m Got response with status 200: {"sessionId":"35691049-a2f1-4de8-b4da-98666f7b8edf","value":"Thursday, February 15, 2024"}
&amp#27;[38;5;32m[AndroidUiautomator2Driver@6724 (2f9148eb)]&amp#27;[0m Responding to client with driver.getAttribute() result: "Thursday, February 15, 2024"
&amp#27;[38;5;0m[HTTP]&amp#27;[0m &amp#27;[37m<-- GET /session/2f9148eb-3d31-459b-a13a-504ef3d7fd8d/element/00000000-0000-00ce-0000-002a00000003/attribute/content-desc &amp#27;[39m&amp#27;[32m200&amp#27;[39m &amp#27;[90m14 ms - 39&amp#27;[39m
&amp#27;[38;5;0m[HTTP]&amp#27;[0m &amp#27;[90m&amp#27;[39m
&amp#27;[38;5;0m[HTTP]&amp#27;[0m &amp#27;[37m-->&amp#27;[39m &amp#27;[37mPOST&amp#27;[39m &amp#27;[37m/session/2f9148eb-3d31-459b-a13a-504ef3d7fd8d/element&amp#27;[39m
&amp#27;[38;5;0m[HTTP]&amp#27;[0m &amp#27;[90m{"value":"//android.view.View[5]/android.view.View/android.view.View/android.view.View[5]","using":"xpath"}&amp#27;[39m
&amp#27;[38;5;32m[AndroidUiautomator2Driver@6724 (2f9148eb)]&amp#27;[0m Calling AppiumDriver.findElement() with args: ["xpath","//android.view.View[5]/android.view.View/android.view.View/android.view.View[5]","2f9148eb-3d31-459b-a13a-504ef3d7fd8d"]
&amp#27;[38;5;32m[AndroidUiautomator2Driver@6724 (2f9148eb)]&amp#27;[0m Valid locator strategies for this request: xpath, id, class name, accessibility id, css selector, -android uiautomator
&amp#27;[38;5;32m[AndroidUiautomator2Driver@6724 (2f9148eb)]&amp#27;[0m Waiting up to 10000 ms for condition
&amp#27;[38;5;32m[AndroidUiautomator2Driver@6724 (2f9148eb)]&amp#27;[0m Matched '/element' to command name 'findElement'
&amp#27;[38;5;32m[AndroidUiautomator2Driver@6724 (2f9148eb)]&amp#27;[0m Proxying [POST /element] to [POST http://127.0.0.1:8201/session/35691049-a2f1-4de8-b4da-98666f7b8edf/element] with body: {"strategy":"xpath","selector":"//android.view.View[5]/android.view.View/android.view.View/android.view.View[5]","context":"","multiple":false}
&amp#27;[38;5;32m[AndroidUiautomator2Driver@6724 (2f9148eb)]&amp#27;[0m Got response with status 200: {"sessionId":"35691049-a2f1-4de8-b4da-98666f7b8edf","value":{"ELEMENT":"00000000-0000-00ce-0000-002a00000003","element-6066-11e4-a52e-4f735466cecf":"00000000-0000-00ce-0000-002a00000003"}}
&amp#27;[38;5;32m[AndroidUiautomator2Driver@6724 (2f9148eb)]&amp#27;[0m Responding to client with driver.findElement() result: {"element-6066-11e4-a52e-4f735466cecf":"00000000-0000-00ce-0000-002a00000003","ELEMENT":"00000000-0000-00ce-0000-002a00000003"}
&amp#27;[38;5;0m[HTTP]&amp#27;[0m &amp#27;[37m<-- POST /session/2f9148eb-3d31-459b-a13a-504ef3d7fd8d/element &amp#27;[39m&amp#27;[32m200&amp#27;[39m &amp#27;[90m50 ms - 137&amp#27;[39m
&amp#27;[38;5;0m[HTTP]&amp#27;[0m &amp#27;[90m&amp#27;[39m
&amp#27;[38;5;0m[HTTP]&amp#27;[0m &amp#27;[37m-->&amp#27;[39m &amp#27;[37mPOST&amp#27;[39m &amp#27;[37m/session/2f9148eb-3d31-459b-a13a-504ef3d7fd8d/element/00000000-0000-00ce-0000-002a00000003/click&amp#27;[39m
&amp#27;[38;5;0m[HTTP]&amp#27;[0m &amp#27;[90m{"id":"00000000-0000-00ce-0000-002a00000003"}&amp#27;[39m
&amp#27;[38;5;32m[AndroidUiautomator2Driver@6724 (2f9148eb)]&amp#27;[0m Calling AppiumDriver.click() with args: ["00000000-0000-00ce-0000-002a00000003","2f9148eb-3d31-459b-a13a-504ef3d7fd8d"]
&amp#27;[38;5;32m[AndroidUiautomator2Driver@6724 (2f9148eb)]&amp#27;[0m Matched '/element/00000000-0000-00ce-0000-002a00000003/click' to command name 'click'
&amp#27;[38;5;32m[AndroidUiautomator2Driver@6724 (2f9148eb)]&amp#27;[0m Proxying [POST /element/00000000-0000-00ce-0000-002a00000003/click] to [POST http://127.0.0.1:8201/session/35691049-a2f1-4de8-b4da-98666f7b8edf/element/00000000-0000-00ce-0000-002a00000003/click] with body: {"element":"00000000-0000-00ce-0000-002a00000003"}
&amp#27;[38;5;32m[AndroidUiautomator2Driver@6724 (2f9148eb)]&amp#27;[0m Got response with status 200: {"sessionId":"35691049-a2f1-4de8-b4da-98666f7b8edf","value":null}
&amp#27;[38;5;32m[AndroidUiautomator2Driver@6724 (2f9148eb)]&amp#27;[0m Responding to client with driver.click() result: null
&amp#27;[38;5;0m[HTTP]&amp#27;[0m &amp#27;[37m<-- POST /session/2f9148eb-3d31-459b-a13a-504ef3d7fd8d/element/00000000-0000-00ce-0000-002a00000003/click &amp#27;[39m&amp#27;[32m200&amp#27;[39m &amp#27;[90m74 ms - 14&amp#27;[39m
&amp#27;[38;5;0m[HTTP]&amp#27;[0m &amp#27;[90m&amp#27;[39m
187513 [main] DEBUG devpinoyLogger  - Selected the particular date provided by User
187513 [main] DEBUG devpinoyLogger  - Selected the particular date provided by User
187513 [main] DEBUG devpinoyLogger  - Selected the particular date provided by User
187513 [main] DEBUG devpinoyLogger  - Selected the particular date provided by User
187513 [main] DEBUG devpinoyLogger  - Selected the particular date provided by User
187513 [main] DEBUG devpinoyLogger  - Selected the particular date provided by User
187513 [main] DEBUG devpinoyLogger  - Selected the particular date provided by User
187513 [main] DEBUG devpinoyLogger  - Selected the particular date provided by User
187513 [main] DEBUG devpinoyLogger  - Selected the particular date provided by User
187513 [main] DEBUG devpinoyLogger  - Selected the particular date provided by User
187513 [main] DEBUG devpinoyLogger  - Selected the particular date provided by User
187513 [main] DEBUG devpinoyLogger  - Selected the particular date provided by User
187513 [main] DEBUG devpinoyLogger  - Selected the particular date provided by User
187513 [main] DEBUG devpinoyLogger  - Selected the particular date provided by User
187513 [main] DEBUG devpinoyLogger  - Selected the particular date provided by User
187513 [main] DEBUG devpinoyLogger  - Selected the particular date provided by User
187513 [main] DEBUG devpinoyLogger  - Selected the particular date provided by User
&amp#27;[38;5;0m[HTTP]&amp#27;[0m &amp#27;[37m-->&amp#27;[39m &amp#27;[37mPOST&amp#27;[39m &amp#27;[37m/session/2f9148eb-3d31-459b-a13a-504ef3d7fd8d/elements&amp#27;[39m
&amp#27;[38;5;0m[HTTP]&amp#27;[0m &amp#27;[90m{"value":"//android.view.View/android.view.View[6]","using":"xpath"}&amp#27;[39m
&amp#27;[38;5;32m[AndroidUiautomator2Driver@6724 (2f9148eb)]&amp#27;[0m Calling AppiumDriver.findElements() with args: ["xpath","//android.view.View/android.view.View[6]","2f9148eb-3d31-459b-a13a-504ef3d7fd8d"]
&amp#27;[38;5;32m[AndroidUiautomator2Driver@6724 (2f9148eb)]&amp#27;[0m Valid locator strategies for this request: xpath, id, class name, accessibility id, css selector, -android uiautomator
&amp#27;[38;5;32m[AndroidUiautomator2Driver@6724 (2f9148eb)]&amp#27;[0m Waiting up to 10000 ms for condition
&amp#27;[38;5;32m[AndroidUiautomator2Driver@6724 (2f9148eb)]&amp#27;[0m Matched '/elements' to command name 'findElements'
&amp#27;[38;5;32m[AndroidUiautomator2Driver@6724 (2f9148eb)]&amp#27;[0m Proxying [POST /elements] to [POST http://127.0.0.1:8201/session/35691049-a2f1-4de8-b4da-98666f7b8edf/elements] with body: {"strategy":"xpath","selector":"//android.view.View/android.view.View[6]","context":"","multiple":true}
&amp#27;[38;5;32m[AndroidUiautomator2Driver@6724 (2f9148eb)]&amp#27;[0m Got response with status 200: {"sessionId":"35691049-a2f1-4de8-b4da-98666f7b8edf","value":[{"ELEMENT":"00000000-0000-00ce-0000-002b00000003","element-6066-11e4-a52e-4f735466cecf":"00000000-0000-00ce-0000-002b00000003"},{"ELEMENT":"00000000-0000-00ce-0000-001800000003","element-6066-11e4-a52e-4f735466cecf":"00000000-0000-00ce-0000-001800000003"}]}
&amp#27;[38;5;32m[AndroidUiautomator2Driver@6724 (2f9148eb)]&amp#27;[0m Responding to client with driver.findElements() result: [{"element-6066-11e4-a52e-4f735466cecf":"00000000-0000-00ce-0000-002b00000003","ELEMENT":"00000000-0000-00ce-0000-002b00000003"},{"element-6066-11e4-a52e-4f735466cecf":"00000000-0000-00ce-0000-001800000003","ELEMENT":"00000000-0000-00ce-0000-001800000003"}]
&amp#27;[38;5;0m[HTTP]&amp#27;[0m &amp#27;[37m<-- POST /session/2f9148eb-3d31-459b-a13a-504ef3d7fd8d/elements &amp#27;[39m&amp#27;[32m200&amp#27;[39m &amp#27;[90m56 ms - 267&amp#27;[39m
&amp#27;[38;5;0m[HTTP]&amp#27;[0m &amp#27;[90m&amp#27;[39m
&amp#27;[38;5;0m[HTTP]&amp#27;[0m &amp#27;[37m-->&amp#27;[39m &amp#27;[37mPOST&amp#27;[39m &amp#27;[37m/session/2f9148eb-3d31-459b-a13a-504ef3d7fd8d/element/00000000-0000-00ce-0000-001800000003/click&amp#27;[39m
&amp#27;[38;5;0m[HTTP]&amp#27;[0m &amp#27;[90m{"id":"00000000-0000-00ce-0000-001800000003"}&amp#27;[39m
&amp#27;[38;5;32m[AndroidUiautomator2Driver@6724 (2f9148eb)]&amp#27;[0m Calling AppiumDriver.click() with args: ["00000000-0000-00ce-0000-001800000003","2f9148eb-3d31-459b-a13a-504ef3d7fd8d"]
&amp#27;[38;5;32m[AndroidUiautomator2Driver@6724 (2f9148eb)]&amp#27;[0m Matched '/element/00000000-0000-00ce-0000-001800000003/click' to command name 'click'
&amp#27;[38;5;32m[AndroidUiautomator2Driver@6724 (2f9148eb)]&amp#27;[0m Proxying [POST /element/00000000-0000-00ce-0000-001800000003/click] to [POST http://127.0.0.1:8201/session/35691049-a2f1-4de8-b4da-98666f7b8edf/element/00000000-0000-00ce-0000-001800000003/click] with body: {"element":"00000000-0000-00ce-0000-001800000003"}
&amp#27;[38;5;0m[HTTP]&amp#27;[0m &amp#27;[37m-->&amp#27;[39m &amp#27;[37mGET&amp#27;[39m &amp#27;[37m/session/fe1e5e56-571c-4eb6-898d-5d5d3bd3a4b3/timeouts&amp#27;[39m
&amp#27;[38;5;0m[HTTP]&amp#27;[0m &amp#27;[90m{}&amp#27;[39m
&amp#27;[38;5;16m[AppiumDriver@b18f]&amp#27;[0m Encountered internal error running command: NoSuchDriverError: A session is either terminated or not started
&amp#27;[38;5;16m[AppiumDriver@b18f]&amp#27;[0m     at asyncHandler (C:\Users\Kvp\AppData\Roaming\npm\node_modules\appium\node_modules\@appium\base-driver\lib\protocol\protocol.js:315:15)
&amp#27;[38;5;16m[AppiumDriver@b18f]&amp#27;[0m     at C:\Users\Kvp\AppData\Roaming\npm\node_modules\appium\node_modules\@appium\base-driver\lib\protocol\protocol.js:518:15
&amp#27;[38;5;16m[AppiumDriver@b18f]&amp#27;[0m     at Layer.handle [as handle_request] (C:\Users\Kvp\AppData\Roaming\npm\node_modules\appium\node_modules\express\lib\router\layer.js:95:5)
&amp#27;[38;5;16m[AppiumDriver@b18f]&amp#27;[0m     at next (C:\Users\Kvp\AppData\Roaming\npm\node_modules\appium\node_modules\express\lib\router\route.js:144:13)
&amp#27;[38;5;16m[AppiumDriver@b18f]&amp#27;[0m     at Route.dispatch (C:\Users\Kvp\AppData\Roaming\npm\node_modules\appium\node_modules\express\lib\router\route.js:114:3)
&amp#27;[38;5;16m[AppiumDriver@b18f]&amp#27;[0m     at Layer.handle [as handle_request] (C:\Users\Kvp\AppData\Roaming\npm\node_modules\appium\node_modules\express\lib\router\layer.js:95:5)
&amp#27;[38;5;16m[AppiumDriver@b18f]&amp#27;[0m     at C:\Users\Kvp\AppData\Roaming\npm\node_modules\appium\node_modules\express\lib\router\index.js:284:15
&amp#27;[38;5;16m[AppiumDriver@b18f]&amp#27;[0m     at param (C:\Users\Kvp\AppData\Roaming\npm\node_modules\appium\node_modules\express\lib\router\index.js:365:14)
&amp#27;[38;5;16m[AppiumDriver@b18f]&amp#27;[0m     at param (C:\Users\Kvp\AppData\Roaming\npm\node_modules\appium\node_modules\express\lib\router\index.js:376:14)
&amp#27;[38;5;16m[AppiumDriver@b18f]&amp#27;[0m     at Function.process_params (C:\Users\Kvp\AppData\Roaming\npm\node_modules\appium\node_modules\express\lib\router\index.js:421:3)
&amp#27;[38;5;16m[AppiumDriver@b18f]&amp#27;[0m     at next (C:\Users\Kvp\AppData\Roaming\npm\node_modules\appium\node_modules\express\lib\router\index.js:280:10)
&amp#27;[38;5;16m[AppiumDriver@b18f]&amp#27;[0m     at logger (C:\Users\Kvp\AppData\Roaming\npm\node_modules\appium\node_modules\morgan\index.js:144:5)
&amp#27;[38;5;16m[AppiumDriver@b18f]&amp#27;[0m     at Layer.handle [as handle_request] (C:\Users\Kvp\AppData\Roaming\npm\node_modules\appium\node_modules\express\lib\router\layer.js:95:5)
&amp#27;[38;5;16m[AppiumDriver@b18f]&amp#27;[0m     at trim_prefix (C:\Users\Kvp\AppData\Roaming\npm\node_modules\appium\node_modules\express\lib\router\index.js:328:13)
&amp#27;[38;5;16m[AppiumDriver@b18f]&amp#27;[0m     at C:\Users\Kvp\AppData\Roaming\npm\node_modules\appium\node_modules\express\lib\router\index.js:286:9
&amp#27;[38;5;16m[AppiumDriver@b18f]&amp#27;[0m     at Function.process_params (C:\Users\Kvp\AppData\Roaming\npm\node_modules\appium\node_modules\express\lib\router\index.js:346:12)
&amp#27;[38;5;16m[AppiumDriver@b18f]&amp#27;[0m     at next (C:\Users\Kvp\AppData\Roaming\npm\node_modules\appium\node_modules\express\lib\router\index.js:280:10)
&amp#27;[38;5;16m[AppiumDriver@b18f]&amp#27;[0m     at jsonParser (C:\Users\Kvp\AppData\Roaming\npm\node_modules\appium\node_modules\body-parser\lib\types\json.js:113:7)
&amp#27;[38;5;16m[AppiumDriver@b18f]&amp#27;[0m     at Layer.handle [as handle_request] (C:\Users\Kvp\AppData\Roaming\npm\node_modules\appium\node_modules\express\lib\router\layer.js:95:5)
&amp#27;[38;5;16m[AppiumDriver@b18f]&amp#27;[0m     at trim_prefix (C:\Users\Kvp\AppData\Roaming\npm\node_modules\appium\node_modules\express\lib\router\index.js:328:13)
&amp#27;[38;5;16m[AppiumDriver@b18f]&amp#27;[0m     at C:\Users\Kvp\AppData\Roaming\npm\node_modules\appium\node_modules\express\lib\router\index.js:286:9
&amp#27;[38;5;16m[AppiumDriver@b18f]&amp#27;[0m     at Function.process_params (C:\Users\Kvp\AppData\Roaming\npm\node_modules\appium\node_modules\express\lib\router\index.js:346:12)
&amp#27;[38;5;0m[HTTP]&amp#27;[0m &amp#27;[37m<-- GET /session/fe1e5e56-571c-4eb6-898d-5d5d3bd3a4b3/timeouts &amp#27;[39m&amp#27;[33m404&amp#27;[39m &amp#27;[90m5 ms - 3187&amp#27;[39m
&amp#27;[38;5;0m[HTTP]&amp#27;[0m &amp#27;[90m&amp#27;[39m
&amp#27;[38;5;32m[AndroidUiautomator2Driver@6724 (2f9148eb)]&amp#27;[0m Got response with status 200: {"sessionId":"35691049-a2f1-4de8-b4da-98666f7b8edf","value":null}
&amp#27;[38;5;32m[AndroidUiautomator2Driver@6724 (2f9148eb)]&amp#27;[0m Responding to client with driver.click() result: null
&amp#27;[38;5;0m[HTTP]&amp#27;[0m &amp#27;[37m<-- POST /session/2f9148eb-3d31-459b-a13a-504ef3d7fd8d/element/00000000-0000-00ce-0000-001800000003/click &amp#27;[39m&amp#27;[32m200&amp#27;[39m &amp#27;[90m86 ms - 14&amp#27;[39m
&amp#27;[38;5;0m[HTTP]&amp#27;[0m &amp#27;[90m&amp#27;[39m
188682 [main] DEBUG devpinoyLogger  - Journey started for the provided calendar date
188682 [main] DEBUG devpinoyLogger  - Journey started for the provided calendar date
188682 [main] DEBUG devpinoyLogger  - Journey started for the provided calendar date
188682 [main] DEBUG devpinoyLogger  - Journey started for the provided calendar date
188682 [main] DEBUG devpinoyLogger  - Journey started for the provided calendar date
188682 [main] DEBUG devpinoyLogger  - Journey started for the provided calendar date
188682 [main] DEBUG devpinoyLogger  - Journey started for the provided calendar date
188682 [main] DEBUG devpinoyLogger  - Journey started for the provided calendar date
188682 [main] DEBUG devpinoyLogger  - Journey started for the provided calendar date
188682 [main] DEBUG devpinoyLogger  - Journey started for the provided calendar date
188682 [main] DEBUG devpinoyLogger  - Journey started for the provided calendar date
188682 [main] DEBUG devpinoyLogger  - Journey started for the provided calendar date
188682 [main] DEBUG devpinoyLogger  - Journey started for the provided calendar date
188682 [main] DEBUG devpinoyLogger  - Journey started for the provided calendar date
188682 [main] DEBUG devpinoyLogger  - Journey started for the provided calendar date
188682 [main] DEBUG devpinoyLogger  - Journey started for the provided calendar date
188682 [main] DEBUG devpinoyLogger  - Journey started for the provided calendar date
188682 [main] DEBUG devpinoyLogger  - Journey started for the provided calendar date
&amp#27;[38;5;0m[HTTP]&amp#27;[0m &amp#27;[37m-->&amp#27;[39m &amp#27;[37mPOST&amp#27;[39m &amp#27;[37m/session/2f9148eb-3d31-459b-a13a-504ef3d7fd8d/element&amp#27;[39m
&amp#27;[38;5;0m[HTTP]&amp#27;[0m &amp#27;[90m{"value":"//android.widget.LinearLayout/android.widget.LinearLayout/android.widget.LinearLayout[2]/android.widget.Button[1]","using":"xpath"}&amp#27;[39m
&amp#27;[38;5;32m[AndroidUiautomator2Driver@6724 (2f9148eb)]&amp#27;[0m Calling AppiumDriver.findElement() with args: ["xpath","//android.widget.LinearLayout/android.widget.LinearLayout/android.widget.LinearLayout[2]/android.widget.Button[1]","2f9148eb-3d31-459b-a13a-504ef3d7fd8d"]
&amp#27;[38;5;32m[AndroidUiautomator2Driver@6724 (2f9148eb)]&amp#27;[0m Valid locator strategies for this request: xpath, id, class name, accessibility id, css selector, -android uiautomator
&amp#27;[38;5;32m[AndroidUiautomator2Driver@6724 (2f9148eb)]&amp#27;[0m Waiting up to 10000 ms for condition
&amp#27;[38;5;32m[AndroidUiautomator2Driver@6724 (2f9148eb)]&amp#27;[0m Matched '/element' to command name 'findElement'
&amp#27;[38;5;32m[AndroidUiautomator2Driver@6724 (2f9148eb)]&amp#27;[0m Proxying [POST /element] to [POST http://127.0.0.1:8201/session/35691049-a2f1-4de8-b4da-98666f7b8edf/element] with body: {"strategy":"xpath","selector":"//android.widget.LinearLayout/android.widget.LinearLayout/android.widget.LinearLayout[2]/android.widget.Button[1]","context":"","multiple":false}
&amp#27;[38;5;32m[AndroidUiautomator2Driver@6724 (2f9148eb)]&amp#27;[0m Got response with status 200: {"sessionId":"35691049-a2f1-4de8-b4da-98666f7b8edf","value":{"ELEMENT":"00000000-0000-00cf-ffff-ffff00000139","element-6066-11e4-a52e-4f735466cecf":"00000000-0000-00cf-ffff-ffff00000139"}}
&amp#27;[38;5;32m[AndroidUiautomator2Driver@6724 (2f9148eb)]&amp#27;[0m Responding to client with driver.findElement() result: {"element-6066-11e4-a52e-4f735466cecf":"00000000-0000-00cf-ffff-ffff00000139","ELEMENT":"00000000-0000-00cf-ffff-ffff00000139"}
&amp#27;[38;5;0m[HTTP]&amp#27;[0m &amp#27;[37m<-- POST /session/2f9148eb-3d31-459b-a13a-504ef3d7fd8d/element &amp#27;[39m&amp#27;[32m200&amp#27;[39m &amp#27;[90m2897 ms - 137&amp#27;[39m
&amp#27;[38;5;0m[HTTP]&amp#27;[0m &amp#27;[90m&amp#27;[39m
&amp#27;[38;5;0m[HTTP]&amp#27;[0m &amp#27;[37m-->&amp#27;[39m &amp#27;[37mGET&amp#27;[39m &amp#27;[37m/session/2f9148eb-3d31-459b-a13a-504ef3d7fd8d/element/00000000-0000-00cf-ffff-ffff00000139/displayed&amp#27;[39m
&amp#27;[38;5;0m[HTTP]&amp#27;[0m &amp#27;[90m{}&amp#27;[39m
&amp#27;[38;5;32m[AndroidUiautomator2Driver@6724 (2f9148eb)]&amp#27;[0m Calling AppiumDriver.elementDisplayed() with args: ["00000000-0000-00cf-ffff-ffff00000139","2f9148eb-3d31-459b-a13a-504ef3d7fd8d"]
&amp#27;[38;5;32m[AndroidUiautomator2Driver@6724 (2f9148eb)]&amp#27;[0m Matched '/element/00000000-0000-00cf-ffff-ffff00000139/attribute/displayed' to command name 'getAttribute'
&amp#27;[38;5;32m[AndroidUiautomator2Driver@6724 (2f9148eb)]&amp#27;[0m Proxying [GET /element/00000000-0000-00cf-ffff-ffff00000139/attribute/displayed] to [GET http://127.0.0.1:8201/session/35691049-a2f1-4de8-b4da-98666f7b8edf/element/00000000-0000-00cf-ffff-ffff00000139/attribute/displayed] with no body
&amp#27;[38;5;32m[AndroidUiautomator2Driver@6724 (2f9148eb)]&amp#27;[0m Got response with status 200: {"sessionId":"35691049-a2f1-4de8-b4da-98666f7b8edf","value":"true"}
&amp#27;[38;5;32m[AndroidUiautomator2Driver@6724 (2f9148eb)]&amp#27;[0m Responding to client with driver.elementDisplayed() result: true
&amp#27;[38;5;0m[HTTP]&amp#27;[0m &amp#27;[37m<-- GET /session/2f9148eb-3d31-459b-a13a-504ef3d7fd8d/element/00000000-0000-00cf-ffff-ffff00000139/displayed &amp#27;[39m&amp#27;[32m200&amp#27;[39m &amp#27;[90m26 ms - 14&amp#27;[39m
&amp#27;[38;5;0m[HTTP]&amp#27;[0m &amp#27;[90m&amp#27;[39m
&amp#27;[38;5;0m[HTTP]&amp#27;[0m &amp#27;[37m-->&amp#27;[39m &amp#27;[37mPOST&amp#27;[39m &amp#27;[37m/session/2f9148eb-3d31-459b-a13a-504ef3d7fd8d/element&amp#27;[39m
&amp#27;[38;5;0m[HTTP]&amp#27;[0m &amp#27;[90m{"value":"//android.widget.LinearLayout/android.widget.LinearLayout/android.widget.LinearLayout[2]/android.widget.Button[1]","using":"xpath"}&amp#27;[39m
&amp#27;[38;5;32m[AndroidUiautomator2Driver@6724 (2f9148eb)]&amp#27;[0m Calling AppiumDriver.findElement() with args: ["xpath","//android.widget.LinearLayout/android.widget.LinearLayout/android.widget.LinearLayout[2]/android.widget.Button[1]","2f9148eb-3d31-459b-a13a-504ef3d7fd8d"]
&amp#27;[38;5;32m[AndroidUiautomator2Driver@6724 (2f9148eb)]&amp#27;[0m Valid locator strategies for this request: xpath, id, class name, accessibility id, css selector, -android uiautomator
&amp#27;[38;5;32m[AndroidUiautomator2Driver@6724 (2f9148eb)]&amp#27;[0m Waiting up to 10000 ms for condition
&amp#27;[38;5;32m[AndroidUiautomator2Driver@6724 (2f9148eb)]&amp#27;[0m Matched '/element' to command name 'findElement'
&amp#27;[38;5;32m[AndroidUiautomator2Driver@6724 (2f9148eb)]&amp#27;[0m Proxying [POST /element] to [POST http://127.0.0.1:8201/session/35691049-a2f1-4de8-b4da-98666f7b8edf/element] with body: {"strategy":"xpath","selector":"//android.widget.LinearLayout/android.widget.LinearLayout/android.widget.LinearLayout[2]/android.widget.Button[1]","context":"","multiple":false}
&amp#27;[38;5;32m[AndroidUiautomator2Driver@6724 (2f9148eb)]&amp#27;[0m Got response with status 200: {"sessionId":"35691049-a2f1-4de8-b4da-98666f7b8edf","value":{"ELEMENT":"00000000-0000-00cf-ffff-ffff00000139","element-6066-11e4-a52e-4f735466cecf":"00000000-0000-00cf-ffff-ffff00000139"}}
&amp#27;[38;5;32m[AndroidUiautomator2Driver@6724 (2f9148eb)]&amp#27;[0m Responding to client with driver.findElement() result: {"element-6066-11e4-a52e-4f735466cecf":"00000000-0000-00cf-ffff-ffff00000139","ELEMENT":"00000000-0000-00cf-ffff-ffff00000139"}
&amp#27;[38;5;0m[HTTP]&amp#27;[0m &amp#27;[37m<-- POST /session/2f9148eb-3d31-459b-a13a-504ef3d7fd8d/element &amp#27;[39m&amp#27;[32m200&amp#27;[39m &amp#27;[90m60 ms - 137&amp#27;[39m
&amp#27;[38;5;0m[HTTP]&amp#27;[0m &amp#27;[90m&amp#27;[39m
&amp#27;[38;5;0m[HTTP]&amp#27;[0m &amp#27;[37m-->&amp#27;[39m &amp#27;[37mPOST&amp#27;[39m &amp#27;[37m/session/2f9148eb-3d31-459b-a13a-504ef3d7fd8d/element/00000000-0000-00cf-ffff-ffff00000139/click&amp#27;[39m
&amp#27;[38;5;0m[HTTP]&amp#27;[0m &amp#27;[90m{"id":"00000000-0000-00cf-ffff-ffff00000139"}&amp#27;[39m
&amp#27;[38;5;32m[AndroidUiautomator2Driver@6724 (2f9148eb)]&amp#27;[0m Calling AppiumDriver.click() with args: ["00000000-0000-00cf-ffff-ffff00000139","2f9148eb-3d31-459b-a13a-504ef3d7fd8d"]
&amp#27;[38;5;32m[AndroidUiautomator2Driver@6724 (2f9148eb)]&amp#27;[0m Matched '/element/00000000-0000-00cf-ffff-ffff00000139/click' to command name 'click'
&amp#27;[38;5;32m[AndroidUiautomator2Driver@6724 (2f9148eb)]&amp#27;[0m Proxying [POST /element/00000000-0000-00cf-ffff-ffff00000139/click] to [POST http://127.0.0.1:8201/session/35691049-a2f1-4de8-b4da-98666f7b8edf/element/00000000-0000-00cf-ffff-ffff00000139/click] with body: {"element":"00000000-0000-00cf-ffff-ffff00000139"}
&amp#27;[38;5;32m[AndroidUiautomator2Driver@6724 (2f9148eb)]&amp#27;[0m Got response with status 200: {"sessionId":"35691049-a2f1-4de8-b4da-98666f7b8edf","value":null}
&amp#27;[38;5;32m[AndroidUiautomator2Driver@6724 (2f9148eb)]&amp#27;[0m Responding to client with driver.click() result: null
&amp#27;[38;5;0m[HTTP]&amp#27;[0m &amp#27;[37m<-- POST /session/2f9148eb-3d31-459b-a13a-504ef3d7fd8d/element/00000000-0000-00cf-ffff-ffff00000139/click &amp#27;[39m&amp#27;[32m200&amp#27;[39m &amp#27;[90m90 ms - 14&amp#27;[39m
&amp#27;[38;5;0m[HTTP]&amp#27;[0m &amp#27;[90m&amp#27;[39m
&amp#27;[38;5;0m[HTTP]&amp#27;[0m &amp#27;[37m-->&amp#27;[39m &amp#27;[37mPOST&amp#27;[39m &amp#27;[37m/session/2f9148eb-3d31-459b-a13a-504ef3d7fd8d/element&amp#27;[39m
&amp#27;[38;5;0m[HTTP]&amp#27;[0m &amp#27;[90m{"value":"//android.widget.ScrollView/android.view.View[1]","using":"xpath"}&amp#27;[39m
&amp#27;[38;5;32m[AndroidUiautomator2Driver@6724 (2f9148eb)]&amp#27;[0m Calling AppiumDriver.findElement() with args: ["xpath","//android.widget.ScrollView/android.view.View[1]","2f9148eb-3d31-459b-a13a-504ef3d7fd8d"]
&amp#27;[38;5;32m[AndroidUiautomator2Driver@6724 (2f9148eb)]&amp#27;[0m Valid locator strategies for this request: xpath, id, class name, accessibility id, css selector, -android uiautomator
&amp#27;[38;5;32m[AndroidUiautomator2Driver@6724 (2f9148eb)]&amp#27;[0m Waiting up to 10000 ms for condition
&amp#27;[38;5;32m[AndroidUiautomator2Driver@6724 (2f9148eb)]&amp#27;[0m Matched '/element' to command name 'findElement'
&amp#27;[38;5;32m[AndroidUiautomator2Driver@6724 (2f9148eb)]&amp#27;[0m Proxying [POST /element] to [POST http://127.0.0.1:8201/session/35691049-a2f1-4de8-b4da-98666f7b8edf/element] with body: {"strategy":"xpath","selector":"//android.widget.ScrollView/android.view.View[1]","context":"","multiple":false}
&amp#27;[38;5;32m[AndroidUiautomator2Driver@6724 (2f9148eb)]&amp#27;[0m Got response with status 200: {"sessionId":"35691049-a2f1-4de8-b4da-98666f7b8edf","value":{"ELEMENT":"00000000-0000-00ce-0000-003900000003","element-6066-11e4-a52e-4f735466cecf":"00000000-0000-00ce-0000-003900000003"}}
&amp#27;[38;5;32m[AndroidUiautomator2Driver@6724 (2f9148eb)]&amp#27;[0m Responding to client with driver.findElement() result: {"element-6066-11e4-a52e-4f735466cecf":"00000000-0000-00ce-0000-003900000003","ELEMENT":"00000000-0000-00ce-0000-003900000003"}
&amp#27;[38;5;0m[HTTP]&amp#27;[0m &amp#27;[37m<-- POST /session/2f9148eb-3d31-459b-a13a-504ef3d7fd8d/element &amp#27;[39m&amp#27;[32m200&amp#27;[39m &amp#27;[90m67 ms - 137&amp#27;[39m
&amp#27;[38;5;0m[HTTP]&amp#27;[0m &amp#27;[90m&amp#27;[39m
&amp#27;[38;5;0m[HTTP]&amp#27;[0m &amp#27;[37m-->&amp#27;[39m &amp#27;[37mPOST&amp#27;[39m &amp#27;[37m/session/2f9148eb-3d31-459b-a13a-504ef3d7fd8d/element/00000000-0000-00ce-0000-003900000003/click&amp#27;[39m
&amp#27;[38;5;0m[HTTP]&amp#27;[0m &amp#27;[90m{"id":"00000000-0000-00ce-0000-003900000003"}&amp#27;[39m
&amp#27;[38;5;32m[AndroidUiautomator2Driver@6724 (2f9148eb)]&amp#27;[0m Calling AppiumDriver.click() with args: ["00000000-0000-00ce-0000-003900000003","2f9148eb-3d31-459b-a13a-504ef3d7fd8d"]
&amp#27;[38;5;32m[AndroidUiautomator2Driver@6724 (2f9148eb)]&amp#27;[0m Matched '/element/00000000-0000-00ce-0000-003900000003/click' to command name 'click'
&amp#27;[38;5;32m[AndroidUiautomator2Driver@6724 (2f9148eb)]&amp#27;[0m Proxying [POST /element/00000000-0000-00ce-0000-003900000003/click] to [POST http://127.0.0.1:8201/session/35691049-a2f1-4de8-b4da-98666f7b8edf/element/00000000-0000-00ce-0000-003900000003/click] with body: {"element":"00000000-0000-00ce-0000-003900000003"}
&amp#27;[38;5;32m[AndroidUiautomator2Driver@6724 (2f9148eb)]&amp#27;[0m Got response with status 200: {"sessionId":"35691049-a2f1-4de8-b4da-98666f7b8edf","value":null}
&amp#27;[38;5;32m[AndroidUiautomator2Driver@6724 (2f9148eb)]&amp#27;[0m Responding to client with driver.click() result: null
&amp#27;[38;5;0m[HTTP]&amp#27;[0m &amp#27;[37m<-- POST /session/2f9148eb-3d31-459b-a13a-504ef3d7fd8d/element/00000000-0000-00ce-0000-003900000003/click &amp#27;[39m&amp#27;[32m200&amp#27;[39m &amp#27;[90m66 ms - 14&amp#27;[39m
&amp#27;[38;5;0m[HTTP]&amp#27;[0m &amp#27;[90m&amp#27;[39m
&amp#27;[38;5;0m[HTTP]&amp#27;[0m &amp#27;[37m-->&amp#27;[39m &amp#27;[37mPOST&amp#27;[39m &amp#27;[37m/session/2f9148eb-3d31-459b-a13a-504ef3d7fd8d/element&amp#27;[39m
&amp#27;[38;5;0m[HTTP]&amp#27;[0m &amp#27;[90m{"value":"//android.widget.ScrollView/android.view.View[1]","using":"xpath"}&amp#27;[39m
&amp#27;[38;5;32m[AndroidUiautomator2Driver@6724 (2f9148eb)]&amp#27;[0m Calling AppiumDriver.findElement() with args: ["xpath","//android.widget.ScrollView/android.view.View[1]","2f9148eb-3d31-459b-a13a-504ef3d7fd8d"]
&amp#27;[38;5;32m[AndroidUiautomator2Driver@6724 (2f9148eb)]&amp#27;[0m Valid locator strategies for this request: xpath, id, class name, accessibility id, css selector, -android uiautomator
&amp#27;[38;5;32m[AndroidUiautomator2Driver@6724 (2f9148eb)]&amp#27;[0m Waiting up to 10000 ms for condition
&amp#27;[38;5;32m[AndroidUiautomator2Driver@6724 (2f9148eb)]&amp#27;[0m Matched '/element' to command name 'findElement'
&amp#27;[38;5;32m[AndroidUiautomator2Driver@6724 (2f9148eb)]&amp#27;[0m Proxying [POST /element] to [POST http://127.0.0.1:8201/session/35691049-a2f1-4de8-b4da-98666f7b8edf/element] with body: {"strategy":"xpath","selector":"//android.widget.ScrollView/android.view.View[1]","context":"","multiple":false}
&amp#27;[38;5;32m[AndroidUiautomator2Driver@6724 (2f9148eb)]&amp#27;[0m Got response with status 200: {"sessionId":"35691049-a2f1-4de8-b4da-98666f7b8edf","value":{"ELEMENT":"00000000-0000-00ce-0000-003900000003","element-6066-11e4-a52e-4f735466cecf":"00000000-0000-00ce-0000-003900000003"}}
&amp#27;[38;5;32m[AndroidUiautomator2Driver@6724 (2f9148eb)]&amp#27;[0m Responding to client with driver.findElement() result: {"element-6066-11e4-a52e-4f735466cecf":"00000000-0000-00ce-0000-003900000003","ELEMENT":"00000000-0000-00ce-0000-003900000003"}
&amp#27;[38;5;0m[HTTP]&amp#27;[0m &amp#27;[37m<-- POST /session/2f9148eb-3d31-459b-a13a-504ef3d7fd8d/element &amp#27;[39m&amp#27;[32m200&amp#27;[39m &amp#27;[90m58 ms - 137&amp#27;[39m
&amp#27;[38;5;0m[HTTP]&amp#27;[0m &amp#27;[90m&amp#27;[39m
&amp#27;[38;5;0m[HTTP]&amp#27;[0m &amp#27;[37m-->&amp#27;[39m &amp#27;[37mPOST&amp#27;[39m &amp#27;[37m/session/2f9148eb-3d31-459b-a13a-504ef3d7fd8d/execute/sync&amp#27;[39m
&amp#27;[38;5;0m[HTTP]&amp#27;[0m &amp#27;[90m{"args":[{"elementId":"00000000-0000-00ce-0000-003900000003"}],"script":"mobile: doubleClickGesture"}&amp#27;[39m
&amp#27;[38;5;32m[AndroidUiautomator2Driver@6724 (2f9148eb)]&amp#27;[0m Calling AppiumDriver.execute() with args: ["mobile: doubleClickGesture",[{"elementId":"00000000-0000-00ce-0000-003900000003"}],"2f9148eb-3d31-459b-a13a-504ef3d7fd8d"]
&amp#27;[38;5;32m[AndroidUiautomator2Driver@6724 (2f9148eb)]&amp#27;[0m Executing method 'mobile: doubleClickGesture'
&amp#27;[38;5;32m[AndroidUiautomator2Driver@6724 (2f9148eb)]&amp#27;[0m Proxying [POST /appium/gestures/double_click] to [POST http://127.0.0.1:8201/session/35691049-a2f1-4de8-b4da-98666f7b8edf/appium/gestures/double_click] with body: {"origin":{"ELEMENT":"00000000-0000-00ce-0000-003900000003","element-6066-11e4-a52e-4f735466cecf":"00000000-0000-00ce-0000-003900000003"}}
&amp#27;[38;5;32m[AndroidUiautomator2Driver@6724 (2f9148eb)]&amp#27;[0m Got response with status 200: {"sessionId":"35691049-a2f1-4de8-b4da-98666f7b8edf","value":null}
&amp#27;[38;5;32m[AndroidUiautomator2Driver@6724 (2f9148eb)]&amp#27;[0m Responding to client with driver.execute() result: null
&amp#27;[38;5;0m[HTTP]&amp#27;[0m &amp#27;[37m<-- POST /session/2f9148eb-3d31-459b-a13a-504ef3d7fd8d/execute/sync &amp#27;[39m&amp#27;[32m200&amp#27;[39m &amp#27;[90m299 ms - 14&amp#27;[39m
&amp#27;[38;5;0m[HTTP]&amp#27;[0m &amp#27;[90m&amp#27;[39m
&amp#27;[38;5;0m[HTTP]&amp#27;[0m &amp#27;[37m-->&amp#27;[39m &amp#27;[37mPOST&amp#27;[39m &amp#27;[37m/session/2f9148eb-3d31-459b-a13a-504ef3d7fd8d/element&amp#27;[39m
&amp#27;[38;5;0m[HTTP]&amp#27;[0m &amp#27;[90m{"value":"//android.widget.ScrollView/android.view.View[8]","using":"xpath"}&amp#27;[39m
&amp#27;[38;5;32m[AndroidUiautomator2Driver@6724 (2f9148eb)]&amp#27;[0m Calling AppiumDriver.findElement() with args: ["xpath","//android.widget.ScrollView/android.view.View[8]","2f9148eb-3d31-459b-a13a-504ef3d7fd8d"]
&amp#27;[38;5;32m[AndroidUiautomator2Driver@6724 (2f9148eb)]&amp#27;[0m Valid locator strategies for this request: xpath, id, class name, accessibility id, css selector, -android uiautomator
&amp#27;[38;5;32m[AndroidUiautomator2Driver@6724 (2f9148eb)]&amp#27;[0m Waiting up to 10000 ms for condition
&amp#27;[38;5;32m[AndroidUiautomator2Driver@6724 (2f9148eb)]&amp#27;[0m Matched '/element' to command name 'findElement'
&amp#27;[38;5;32m[AndroidUiautomator2Driver@6724 (2f9148eb)]&amp#27;[0m Proxying [POST /element] to [POST http://127.0.0.1:8201/session/35691049-a2f1-4de8-b4da-98666f7b8edf/element] with body: {"strategy":"xpath","selector":"//android.widget.ScrollView/android.view.View[8]","context":"","multiple":false}
&amp#27;[38;5;32m[AndroidUiautomator2Driver@6724 (2f9148eb)]&amp#27;[0m Got response with status 200: {"sessionId":"35691049-a2f1-4de8-b4da-98666f7b8edf","value":{"ELEMENT":"00000000-0000-00ce-0000-004000000003","element-6066-11e4-a52e-4f735466cecf":"00000000-0000-00ce-0000-004000000003"}}
&amp#27;[38;5;32m[AndroidUiautomator2Driver@6724 (2f9148eb)]&amp#27;[0m Responding to client with driver.findElement() result: {"element-6066-11e4-a52e-4f735466cecf":"00000000-0000-00ce-0000-004000000003","ELEMENT":"00000000-0000-00ce-0000-004000000003"}
&amp#27;[38;5;0m[HTTP]&amp#27;[0m &amp#27;[37m<-- POST /session/2f9148eb-3d31-459b-a13a-504ef3d7fd8d/element &amp#27;[39m&amp#27;[32m200&amp#27;[39m &amp#27;[90m1569 ms - 137&amp#27;[39m
&amp#27;[38;5;0m[HTTP]&amp#27;[0m &amp#27;[90m&amp#27;[39m
&amp#27;[38;5;0m[HTTP]&amp#27;[0m &amp#27;[37m-->&amp#27;[39m &amp#27;[37mPOST&amp#27;[39m &amp#27;[37m/session/2f9148eb-3d31-459b-a13a-504ef3d7fd8d/element/00000000-0000-00ce-0000-004000000003/click&amp#27;[39m
&amp#27;[38;5;0m[HTTP]&amp#27;[0m &amp#27;[90m{"id":"00000000-0000-00ce-0000-004000000003"}&amp#27;[39m
&amp#27;[38;5;32m[AndroidUiautomator2Driver@6724 (2f9148eb)]&amp#27;[0m Calling AppiumDriver.click() with args: ["00000000-0000-00ce-0000-004000000003","2f9148eb-3d31-459b-a13a-504ef3d7fd8d"]
&amp#27;[38;5;32m[AndroidUiautomator2Driver@6724 (2f9148eb)]&amp#27;[0m Matched '/element/00000000-0000-00ce-0000-004000000003/click' to command name 'click'
&amp#27;[38;5;32m[AndroidUiautomator2Driver@6724 (2f9148eb)]&amp#27;[0m Proxying [POST /element/00000000-0000-00ce-0000-004000000003/click] to [POST http://127.0.0.1:8201/session/35691049-a2f1-4de8-b4da-98666f7b8edf/element/00000000-0000-00ce-0000-004000000003/click] with body: {"element":"00000000-0000-00ce-0000-004000000003"}
&amp#27;[38;5;32m[AndroidUiautomator2Driver@6724 (2f9148eb)]&amp#27;[0m Got response with status 200: {"sessionId":"35691049-a2f1-4de8-b4da-98666f7b8edf","value":null}
&amp#27;[38;5;32m[AndroidUiautomator2Driver@6724 (2f9148eb)]&amp#27;[0m Responding to client with driver.click() result: null
&amp#27;[38;5;0m[HTTP]&amp#27;[0m &amp#27;[37m<-- POST /session/2f9148eb-3d31-459b-a13a-504ef3d7fd8d/element/00000000-0000-00ce-0000-004000000003/click &amp#27;[39m&amp#27;[32m200&amp#27;[39m &amp#27;[90m664 ms - 14&amp#27;[39m
&amp#27;[38;5;0m[HTTP]&amp#27;[0m &amp#27;[90m&amp#27;[39m
&amp#27;[38;5;0m[HTTP]&amp#27;[0m &amp#27;[37m-->&amp#27;[39m &amp#27;[37mPOST&amp#27;[39m &amp#27;[37m/session/2f9148eb-3d31-459b-a13a-504ef3d7fd8d/element&amp#27;[39m
&amp#27;[38;5;0m[HTTP]&amp#27;[0m &amp#27;[90m{"value":"//android.widget.ScrollView/android.view.View[9]","using":"xpath"}&amp#27;[39m
&amp#27;[38;5;32m[AndroidUiautomator2Driver@6724 (2f9148eb)]&amp#27;[0m Calling AppiumDriver.findElement() with args: ["xpath","//android.widget.ScrollView/android.view.View[9]","2f9148eb-3d31-459b-a13a-504ef3d7fd8d"]
&amp#27;[38;5;32m[AndroidUiautomator2Driver@6724 (2f9148eb)]&amp#27;[0m Valid locator strategies for this request: xpath, id, class name, accessibility id, css selector, -android uiautomator
&amp#27;[38;5;32m[AndroidUiautomator2Driver@6724 (2f9148eb)]&amp#27;[0m Waiting up to 10000 ms for condition
&amp#27;[38;5;32m[AndroidUiautomator2Driver@6724 (2f9148eb)]&amp#27;[0m Matched '/element' to command name 'findElement'
&amp#27;[38;5;32m[AndroidUiautomator2Driver@6724 (2f9148eb)]&amp#27;[0m Proxying [POST /element] to [POST http://127.0.0.1:8201/session/35691049-a2f1-4de8-b4da-98666f7b8edf/element] with body: {"strategy":"xpath","selector":"//android.widget.ScrollView/android.view.View[9]","context":"","multiple":false}
&amp#27;[38;5;32m[AndroidUiautomator2Driver@6724 (2f9148eb)]&amp#27;[0m Got response with status 200: {"sessionId":"35691049-a2f1-4de8-b4da-98666f7b8edf","value":{"ELEMENT":"00000000-0000-00ce-0000-004100000003","element-6066-11e4-a52e-4f735466cecf":"00000000-0000-00ce-0000-004100000003"}}
&amp#27;[38;5;32m[AndroidUiautomator2Driver@6724 (2f9148eb)]&amp#27;[0m Responding to client with driver.findElement() result: {"element-6066-11e4-a52e-4f735466cecf":"00000000-0000-00ce-0000-004100000003","ELEMENT":"00000000-0000-00ce-0000-004100000003"}
&amp#27;[38;5;0m[HTTP]&amp#27;[0m &amp#27;[37m<-- POST /session/2f9148eb-3d31-459b-a13a-504ef3d7fd8d/element &amp#27;[39m&amp#27;[32m200&amp#27;[39m &amp#27;[90m70 ms - 137&amp#27;[39m
&amp#27;[38;5;0m[HTTP]&amp#27;[0m &amp#27;[90m&amp#27;[39m
&amp#27;[38;5;0m[HTTP]&amp#27;[0m &amp#27;[37m-->&amp#27;[39m &amp#27;[37mPOST&amp#27;[39m &amp#27;[37m/session/2f9148eb-3d31-459b-a13a-504ef3d7fd8d/element/00000000-0000-00ce-0000-004100000003/click&amp#27;[39m
&amp#27;[38;5;0m[HTTP]&amp#27;[0m &amp#27;[90m{"id":"00000000-0000-00ce-0000-004100000003"}&amp#27;[39m
&amp#27;[38;5;32m[AndroidUiautomator2Driver@6724 (2f9148eb)]&amp#27;[0m Calling AppiumDriver.click() with args: ["00000000-0000-00ce-0000-004100000003","2f9148eb-3d31-459b-a13a-504ef3d7fd8d"]
&amp#27;[38;5;32m[AndroidUiautomator2Driver@6724 (2f9148eb)]&amp#27;[0m Matched '/element/00000000-0000-00ce-0000-004100000003/click' to command name 'click'
&amp#27;[38;5;32m[AndroidUiautomator2Driver@6724 (2f9148eb)]&amp#27;[0m Proxying [POST /element/00000000-0000-00ce-0000-004100000003/click] to [POST http://127.0.0.1:8201/session/35691049-a2f1-4de8-b4da-98666f7b8edf/element/00000000-0000-00ce-0000-004100000003/click] with body: {"element":"00000000-0000-00ce-0000-004100000003"}
&amp#27;[38;5;32m[AndroidUiautomator2Driver@6724 (2f9148eb)]&amp#27;[0m Got response with status 200: {"sessionId":"35691049-a2f1-4de8-b4da-98666f7b8edf","value":null}
&amp#27;[38;5;32m[AndroidUiautomator2Driver@6724 (2f9148eb)]&amp#27;[0m Responding to client with driver.click() result: null
&amp#27;[38;5;0m[HTTP]&amp#27;[0m &amp#27;[37m<-- POST /session/2f9148eb-3d31-459b-a13a-504ef3d7fd8d/element/00000000-0000-00ce-0000-004100000003/click &amp#27;[39m&amp#27;[32m200&amp#27;[39m &amp#27;[90m527 ms - 14&amp#27;[39m
&amp#27;[38;5;0m[HTTP]&amp#27;[0m &amp#27;[90m&amp#27;[39m
&amp#27;[38;5;0m[HTTP]&amp#27;[0m &amp#27;[37m-->&amp#27;[39m &amp#27;[37mPOST&amp#27;[39m &amp#27;[37m/session/2f9148eb-3d31-459b-a13a-504ef3d7fd8d/element&amp#27;[39m
&amp#27;[38;5;0m[HTTP]&amp#27;[0m &amp#27;[90m{"value":"//android.widget.ScrollView/android.view.View[10]","using":"xpath"}&amp#27;[39m
&amp#27;[38;5;32m[AndroidUiautomator2Driver@6724 (2f9148eb)]&amp#27;[0m Calling AppiumDriver.findElement() with args: ["xpath","//android.widget.ScrollView/android.view.View[10]","2f9148eb-3d31-459b-a13a-504ef3d7fd8d"]
&amp#27;[38;5;32m[AndroidUiautomator2Driver@6724 (2f9148eb)]&amp#27;[0m Valid locator strategies for this request: xpath, id, class name, accessibility id, css selector, -android uiautomator
&amp#27;[38;5;32m[AndroidUiautomator2Driver@6724 (2f9148eb)]&amp#27;[0m Waiting up to 10000 ms for condition
&amp#27;[38;5;32m[AndroidUiautomator2Driver@6724 (2f9148eb)]&amp#27;[0m Matched '/element' to command name 'findElement'
&amp#27;[38;5;32m[AndroidUiautomator2Driver@6724 (2f9148eb)]&amp#27;[0m Proxying [POST /element] to [POST http://127.0.0.1:8201/session/35691049-a2f1-4de8-b4da-98666f7b8edf/element] with body: {"strategy":"xpath","selector":"//android.widget.ScrollView/android.view.View[10]","context":"","multiple":false}
&amp#27;[38;5;32m[AndroidUiautomator2Driver@6724 (2f9148eb)]&amp#27;[0m Got response with status 200: {"sessionId":"35691049-a2f1-4de8-b4da-98666f7b8edf","value":{"ELEMENT":"00000000-0000-00ce-0000-004200000003","element-6066-11e4-a52e-4f735466cecf":"00000000-0000-00ce-0000-004200000003"}}
&amp#27;[38;5;32m[AndroidUiautomator2Driver@6724 (2f9148eb)]&amp#27;[0m Responding to client with driver.findElement() result: {"element-6066-11e4-a52e-4f735466cecf":"00000000-0000-00ce-0000-004200000003","ELEMENT":"00000000-0000-00ce-0000-004200000003"}
&amp#27;[38;5;0m[HTTP]&amp#27;[0m &amp#27;[37m<-- POST /session/2f9148eb-3d31-459b-a13a-504ef3d7fd8d/element &amp#27;[39m&amp#27;[32m200&amp#27;[39m &amp#27;[90m57 ms - 137&amp#27;[39m
&amp#27;[38;5;0m[HTTP]&amp#27;[0m &amp#27;[90m&amp#27;[39m
&amp#27;[38;5;0m[HTTP]&amp#27;[0m &amp#27;[37m-->&amp#27;[39m &amp#27;[37mPOST&amp#27;[39m &amp#27;[37m/session/2f9148eb-3d31-459b-a13a-504ef3d7fd8d/element/00000000-0000-00ce-0000-004200000003/click&amp#27;[39m
&amp#27;[38;5;0m[HTTP]&amp#27;[0m &amp#27;[90m{"id":"00000000-0000-00ce-0000-004200000003"}&amp#27;[39m
&amp#27;[38;5;32m[AndroidUiautomator2Driver@6724 (2f9148eb)]&amp#27;[0m Calling AppiumDriver.click() with args: ["00000000-0000-00ce-0000-004200000003","2f9148eb-3d31-459b-a13a-504ef3d7fd8d"]
&amp#27;[38;5;32m[AndroidUiautomator2Driver@6724 (2f9148eb)]&amp#27;[0m Matched '/element/00000000-0000-00ce-0000-004200000003/click' to command name 'click'
&amp#27;[38;5;32m[AndroidUiautomator2Driver@6724 (2f9148eb)]&amp#27;[0m Proxying [POST /element/00000000-0000-00ce-0000-004200000003/click] to [POST http://127.0.0.1:8201/session/35691049-a2f1-4de8-b4da-98666f7b8edf/element/00000000-0000-00ce-0000-004200000003/click] with body: {"element":"00000000-0000-00ce-0000-004200000003"}
&amp#27;[38;5;32m[AndroidUiautomator2Driver@6724 (2f9148eb)]&amp#27;[0m Got response with status 200: {"sessionId":"35691049-a2f1-4de8-b4da-98666f7b8edf","value":null}
&amp#27;[38;5;32m[AndroidUiautomator2Driver@6724 (2f9148eb)]&amp#27;[0m Responding to client with driver.click() result: null
&amp#27;[38;5;0m[HTTP]&amp#27;[0m &amp#27;[37m<-- POST /session/2f9148eb-3d31-459b-a13a-504ef3d7fd8d/element/00000000-0000-00ce-0000-004200000003/click &amp#27;[39m&amp#27;[32m200&amp#27;[39m &amp#27;[90m595 ms - 14&amp#27;[39m
&amp#27;[38;5;0m[HTTP]&amp#27;[0m &amp#27;[90m&amp#27;[39m
&amp#27;[38;5;0m[HTTP]&amp#27;[0m &amp#27;[37m-->&amp#27;[39m &amp#27;[37mPOST&amp#27;[39m &amp#27;[37m/session/2f9148eb-3d31-459b-a13a-504ef3d7fd8d/elements&amp#27;[39m
&amp#27;[38;5;0m[HTTP]&amp#27;[0m &amp#27;[90m{"value":"//android.view.View[1]/android.widget.Button","using":"xpath"}&amp#27;[39m
&amp#27;[38;5;32m[AndroidUiautomator2Driver@6724 (2f9148eb)]&amp#27;[0m Calling AppiumDriver.findElements() with args: ["xpath","//android.view.View[1]/android.widget.Button","2f9148eb-3d31-459b-a13a-504ef3d7fd8d"]
&amp#27;[38;5;32m[AndroidUiautomator2Driver@6724 (2f9148eb)]&amp#27;[0m Valid locator strategies for this request: xpath, id, class name, accessibility id, css selector, -android uiautomator
&amp#27;[38;5;32m[AndroidUiautomator2Driver@6724 (2f9148eb)]&amp#27;[0m Waiting up to 10000 ms for condition
&amp#27;[38;5;32m[AndroidUiautomator2Driver@6724 (2f9148eb)]&amp#27;[0m Matched '/elements' to command name 'findElements'
&amp#27;[38;5;32m[AndroidUiautomator2Driver@6724 (2f9148eb)]&amp#27;[0m Proxying [POST /elements] to [POST http://127.0.0.1:8201/session/35691049-a2f1-4de8-b4da-98666f7b8edf/elements] with body: {"strategy":"xpath","selector":"//android.view.View[1]/android.widget.Button","context":"","multiple":true}
&amp#27;[38;5;32m[AndroidUiautomator2Driver@6724 (2f9148eb)]&amp#27;[0m Got response with status 200: {"sessionId":"35691049-a2f1-4de8-b4da-98666f7b8edf","value":[{"ELEMENT":"00000000-0000-00ce-0000-005000000003","element-6066-11e4-a52e-4f735466cecf":"00000000-0000-00ce-0000-005000000003"},{"ELEMENT":"00000000-0000-00ce-0000-004c00000003","element-6066-11e4-a52e-4f735466cecf":"00000000-0000-00ce-0000-004c00000003"},{"ELEMENT":"00000000-0000-00ce-0000-004d00000003","element-6066-11e4-a52e-4f735466cecf":"00000000-0000-00ce-0000-004d00000003"}]}
&amp#27;[38;5;32m[AndroidUiautomator2Driver@6724 (2f9148eb)]&amp#27;[0m Responding to client with driver.findElements() result: [{"element-6066-11e4-a52e-4f735466cecf":"00000000-0000-00ce-0000-005000000003","ELEMENT":"00000000-0000-00ce-0000-005000000003"},{"element-6066-11e4-a52e-4f735466cecf":"00000000-0000-00ce-0000-004c00000003","ELEMENT":"00000000-0000-00ce-0000-004c00000003"},{"element-6066-11e4-a52e-4f735466cecf":"00000000-0000-00ce-0000-004d00000003","ELEMENT":"00000000-0000-00ce-0000-004d00000003"}]
&amp#27;[38;5;0m[HTTP]&amp#27;[0m &amp#27;[37m<-- POST /session/2f9148eb-3d31-459b-a13a-504ef3d7fd8d/elements &amp#27;[39m&amp#27;[32m200&amp#27;[39m &amp#27;[90m74 ms - 395&amp#27;[39m
&amp#27;[38;5;0m[HTTP]&amp#27;[0m &amp#27;[90m&amp#27;[39m
&amp#27;[38;5;0m[HTTP]&amp#27;[0m &amp#27;[37m-->&amp#27;[39m &amp#27;[37mPOST&amp#27;[39m &amp#27;[37m/session/2f9148eb-3d31-459b-a13a-504ef3d7fd8d/element/00000000-0000-00ce-0000-004d00000003/click&amp#27;[39m
&amp#27;[38;5;0m[HTTP]&amp#27;[0m &amp#27;[90m{"id":"00000000-0000-00ce-0000-004d00000003"}&amp#27;[39m
&amp#27;[38;5;32m[AndroidUiautomator2Driver@6724 (2f9148eb)]&amp#27;[0m Calling AppiumDriver.click() with args: ["00000000-0000-00ce-0000-004d00000003","2f9148eb-3d31-459b-a13a-504ef3d7fd8d"]
&amp#27;[38;5;32m[AndroidUiautomator2Driver@6724 (2f9148eb)]&amp#27;[0m Matched '/element/00000000-0000-00ce-0000-004d00000003/click' to command name 'click'
&amp#27;[38;5;32m[AndroidUiautomator2Driver@6724 (2f9148eb)]&amp#27;[0m Proxying [POST /element/00000000-0000-00ce-0000-004d00000003/click] to [POST http://127.0.0.1:8201/session/35691049-a2f1-4de8-b4da-98666f7b8edf/element/00000000-0000-00ce-0000-004d00000003/click] with body: {"element":"00000000-0000-00ce-0000-004d00000003"}
&amp#27;[38;5;32m[AndroidUiautomator2Driver@6724 (2f9148eb)]&amp#27;[0m Got response with status 200: {"sessionId":"35691049-a2f1-4de8-b4da-98666f7b8edf","value":null}
&amp#27;[38;5;32m[AndroidUiautomator2Driver@6724 (2f9148eb)]&amp#27;[0m Responding to client with driver.click() result: null
&amp#27;[38;5;0m[HTTP]&amp#27;[0m &amp#27;[37m<-- POST /session/2f9148eb-3d31-459b-a13a-504ef3d7fd8d/element/00000000-0000-00ce-0000-004d00000003/click &amp#27;[39m&amp#27;[32m200&amp#27;[39m &amp#27;[90m77 ms - 14&amp#27;[39m
&amp#27;[38;5;0m[HTTP]&amp#27;[0m &amp#27;[90m&amp#27;[39m
204294 [main] DEBUG devpinoyLogger  - Check-In done and navigated to Product list
204294 [main] DEBUG devpinoyLogger  - Check-In done and navigated to Product list
204294 [main] DEBUG devpinoyLogger  - Check-In done and navigated to Product list
204294 [main] DEBUG devpinoyLogger  - Check-In done and navigated to Product list
204294 [main] DEBUG devpinoyLogger  - Check-In done and navigated to Product list
204294 [main] DEBUG devpinoyLogger  - Check-In done and navigated to Product list
204294 [main] DEBUG devpinoyLogger  - Check-In done and navigated to Product list
204294 [main] DEBUG devpinoyLogger  - Check-In done and navigated to Product list
204294 [main] DEBUG devpinoyLogger  - Check-In done and navigated to Product list
204294 [main] DEBUG devpinoyLogger  - Check-In done and navigated to Product list
204294 [main] DEBUG devpinoyLogger  - Check-In done and navigated to Product list
204294 [main] DEBUG devpinoyLogger  - Check-In done and navigated to Product list
204294 [main] DEBUG devpinoyLogger  - Check-In done and navigated to Product list
204294 [main] DEBUG devpinoyLogger  - Check-In done and navigated to Product list
204294 [main] DEBUG devpinoyLogger  - Check-In done and navigated to Product list
204294 [main] DEBUG devpinoyLogger  - Check-In done and navigated to Product list
204294 [main] DEBUG devpinoyLogger  - Check-In done and navigated to Product list
204294 [main] DEBUG devpinoyLogger  - Check-In done and navigated to Product list
204294 [main] DEBUG devpinoyLogger  - Check-In done and navigated to Product list
&amp#27;[38;5;0m[HTTP]&amp#27;[0m &amp#27;[37m-->&amp#27;[39m &amp#27;[37mPOST&amp#27;[39m &amp#27;[37m/session/2f9148eb-3d31-459b-a13a-504ef3d7fd8d/elements&amp#27;[39m
&amp#27;[38;5;0m[HTTP]&amp#27;[0m &amp#27;[90m{"value":"//android.view.View/android.widget.ImageView[2]","using":"xpath"}&amp#27;[39m
&amp#27;[38;5;32m[AndroidUiautomator2Driver@6724 (2f9148eb)]&amp#27;[0m Calling AppiumDriver.findElements() with args: ["xpath","//android.view.View/android.widget.ImageView[2]","2f9148eb-3d31-459b-a13a-504ef3d7fd8d"]
&amp#27;[38;5;32m[AndroidUiautomator2Driver@6724 (2f9148eb)]&amp#27;[0m Valid locator strategies for this request: xpath, id, class name, accessibility id, css selector, -android uiautomator
&amp#27;[38;5;32m[AndroidUiautomator2Driver@6724 (2f9148eb)]&amp#27;[0m Waiting up to 10000 ms for condition
&amp#27;[38;5;32m[AndroidUiautomator2Driver@6724 (2f9148eb)]&amp#27;[0m Matched '/elements' to command name 'findElements'
&amp#27;[38;5;32m[AndroidUiautomator2Driver@6724 (2f9148eb)]&amp#27;[0m Proxying [POST /elements] to [POST http://127.0.0.1:8201/session/35691049-a2f1-4de8-b4da-98666f7b8edf/elements] with body: {"strategy":"xpath","selector":"//android.view.View/android.widget.ImageView[2]","context":"","multiple":true}
&amp#27;[38;5;32m[AndroidUiautomator2Driver@6724 (2f9148eb)]&amp#27;[0m Got response with status 200: {"sessionId":"35691049-a2f1-4de8-b4da-98666f7b8edf","value":[{"ELEMENT":"00000000-0000-00ce-0000-005900000003","element-6066-11e4-a52e-4f735466cecf":"00000000-0000-00ce-0000-005900000003"},{"ELEMENT":"00000000-0000-00ce-0000-005e00000003","element-6066-11e4-a52e-4f735466cecf":"00000000-0000-00ce-0000-005e00000003"}]}
&amp#27;[38;5;32m[AndroidUiautomator2Driver@6724 (2f9148eb)]&amp#27;[0m Responding to client with driver.findElements() result: [{"element-6066-11e4-a52e-4f735466cecf":"00000000-0000-00ce-0000-005900000003","ELEMENT":"00000000-0000-00ce-0000-005900000003"},{"element-6066-11e4-a52e-4f735466cecf":"00000000-0000-00ce-0000-005e00000003","ELEMENT":"00000000-0000-00ce-0000-005e00000003"}]
&amp#27;[38;5;0m[HTTP]&amp#27;[0m &amp#27;[37m<-- POST /session/2f9148eb-3d31-459b-a13a-504ef3d7fd8d/elements &amp#27;[39m&amp#27;[32m200&amp#27;[39m &amp#27;[90m63 ms - 267&amp#27;[39m
&amp#27;[38;5;0m[HTTP]&amp#27;[0m &amp#27;[90m&amp#27;[39m
&amp#27;[38;5;0m[HTTP]&amp#27;[0m &amp#27;[37m-->&amp#27;[39m &amp#27;[37mPOST&amp#27;[39m &amp#27;[37m/session/2f9148eb-3d31-459b-a13a-504ef3d7fd8d/element/00000000-0000-00ce-0000-005e00000003/click&amp#27;[39m
&amp#27;[38;5;0m[HTTP]&amp#27;[0m &amp#27;[90m{"id":"00000000-0000-00ce-0000-005e00000003"}&amp#27;[39m
&amp#27;[38;5;32m[AndroidUiautomator2Driver@6724 (2f9148eb)]&amp#27;[0m Calling AppiumDriver.click() with args: ["00000000-0000-00ce-0000-005e00000003","2f9148eb-3d31-459b-a13a-504ef3d7fd8d"]
&amp#27;[38;5;32m[AndroidUiautomator2Driver@6724 (2f9148eb)]&amp#27;[0m Matched '/element/00000000-0000-00ce-0000-005e00000003/click' to command name 'click'
&amp#27;[38;5;32m[AndroidUiautomator2Driver@6724 (2f9148eb)]&amp#27;[0m Proxying [POST /element/00000000-0000-00ce-0000-005e00000003/click] to [POST http://127.0.0.1:8201/session/35691049-a2f1-4de8-b4da-98666f7b8edf/element/00000000-0000-00ce-0000-005e00000003/click] with body: {"element":"00000000-0000-00ce-0000-005e00000003"}
&amp#27;[38;5;32m[AndroidUiautomator2Driver@6724 (2f9148eb)]&amp#27;[0m Got response with status 200: {"sessionId":"35691049-a2f1-4de8-b4da-98666f7b8edf","value":null}
&amp#27;[38;5;32m[AndroidUiautomator2Driver@6724 (2f9148eb)]&amp#27;[0m Responding to client with driver.click() result: null
&amp#27;[38;5;0m[HTTP]&amp#27;[0m &amp#27;[37m<-- POST /session/2f9148eb-3d31-459b-a13a-504ef3d7fd8d/element/00000000-0000-00ce-0000-005e00000003/click &amp#27;[39m&amp#27;[32m200&amp#27;[39m &amp#27;[90m84 ms - 14&amp#27;[39m
&amp#27;[38;5;0m[HTTP]&amp#27;[0m &amp#27;[90m&amp#27;[39m
205592 [main] DEBUG devpinoyLogger  - clicked on cart to view the cart items
205592 [main] DEBUG devpinoyLogger  - clicked on cart to view the cart items
205592 [main] DEBUG devpinoyLogger  - clicked on cart to view the cart items
205592 [main] DEBUG devpinoyLogger  - clicked on cart to view the cart items
205592 [main] DEBUG devpinoyLogger  - clicked on cart to view the cart items
205592 [main] DEBUG devpinoyLogger  - clicked on cart to view the cart items
205592 [main] DEBUG devpinoyLogger  - clicked on cart to view the cart items
205592 [main] DEBUG devpinoyLogger  - clicked on cart to view the cart items
205592 [main] DEBUG devpinoyLogger  - clicked on cart to view the cart items
205592 [main] DEBUG devpinoyLogger  - clicked on cart to view the cart items
205592 [main] DEBUG devpinoyLogger  - clicked on cart to view the cart items
205592 [main] DEBUG devpinoyLogger  - clicked on cart to view the cart items
205592 [main] DEBUG devpinoyLogger  - clicked on cart to view the cart items
205592 [main] DEBUG devpinoyLogger  - clicked on cart to view the cart items
205592 [main] DEBUG devpinoyLogger  - clicked on cart to view the cart items
205592 [main] DEBUG devpinoyLogger  - clicked on cart to view the cart items
205592 [main] DEBUG devpinoyLogger  - clicked on cart to view the cart items
205592 [main] DEBUG devpinoyLogger  - clicked on cart to view the cart items
205592 [main] DEBUG devpinoyLogger  - clicked on cart to view the cart items
205592 [main] DEBUG devpinoyLogger  - clicked on cart to view the cart items
&amp#27;[38;5;0m[HTTP]&amp#27;[0m &amp#27;[37m-->&amp#27;[39m &amp#27;[37mPOST&amp#27;[39m &amp#27;[37m/session/2f9148eb-3d31-459b-a13a-504ef3d7fd8d/elements&amp#27;[39m
&amp#27;[38;5;0m[HTTP]&amp#27;[0m &amp#27;[90m{"value":"//android.view.View/android.widget.ImageView","using":"xpath"}&amp#27;[39m
&amp#27;[38;5;32m[AndroidUiautomator2Driver@6724 (2f9148eb)]&amp#27;[0m Calling AppiumDriver.findElements() with args: ["xpath","//android.view.View/android.widget.ImageView","2f9148eb-3d31-459b-a13a-504ef3d7fd8d"]
&amp#27;[38;5;32m[AndroidUiautomator2Driver@6724 (2f9148eb)]&amp#27;[0m Valid locator strategies for this request: xpath, id, class name, accessibility id, css selector, -android uiautomator
&amp#27;[38;5;32m[AndroidUiautomator2Driver@6724 (2f9148eb)]&amp#27;[0m Waiting up to 10000 ms for condition
&amp#27;[38;5;32m[AndroidUiautomator2Driver@6724 (2f9148eb)]&amp#27;[0m Matched '/elements' to command name 'findElements'
&amp#27;[38;5;32m[AndroidUiautomator2Driver@6724 (2f9148eb)]&amp#27;[0m Proxying [POST /elements] to [POST http://127.0.0.1:8201/session/35691049-a2f1-4de8-b4da-98666f7b8edf/elements] with body: {"strategy":"xpath","selector":"//android.view.View/android.widget.ImageView","context":"","multiple":true}
&amp#27;[38;5;32m[AndroidUiautomator2Driver@6724 (2f9148eb)]&amp#27;[0m Got response with status 200: {"sessionId":"35691049-a2f1-4de8-b4da-98666f7b8edf","value":[{"ELEMENT":"00000000-0000-00ce-0000-005600000003","element-6066-11e4-a52e-4f735466cecf":"00000000-0000-00ce-0000-005600000003"},{"ELEMENT":"00000000-0000-00ce-0000-005800000003","element-6066-11e4-a52e-4f735466cecf":"00000000-0000-00ce-0000-005800000003"},{"ELEMENT":"00000000-0000-00ce-0000-005900000003","element-6066-11e4-a52e-4f735466cecf":"00000000-0000-00ce-0000-005900000003"},{"ELEMENT":"00000000-0000-00ce-0000-005a00000003","element-6066-11e4-a52e-4f735466cecf":"00000000-0000-00ce-0000-005a00000003"},{"ELEMENT":"00000000-0000-00ce-0000-005b00000003","element-6066-11e4-a52e-4f735466cecf":"00000000-0000-00ce-0000-005b00000003"},{"ELEMENT":"00000000-0000-00ce-0000-005c00000003","element-6066-11e4-a52e-4f735466cecf":"00000000-0000-00ce-0000-005c00000003"},{"ELEMENT":"00000000-0000-00ce-0000-005e00000003","element-6066-11e4-a52e-4f735466cecf":"00000000-0000-00ce-0000-005e00000003"}]}
&amp#27;[38;5;32m[AndroidUiautomator2Driver@6724 (2f9148eb)]&amp#27;[0m Responding to client with driver.findElements() result: [{"element-6066-11e4-a52e-4f735466cecf":"00000000-0000-00ce-0000-005600000003","ELEMENT":"00000000-0000-00ce-0000-005600000003"},{"element-6066-11e4-a52e-4f735466cecf":"00000000-0000-00ce-0000-005800000003","ELEMENT":"00000000-0000-00ce-0000-005800000003"},{"element-6066-11e4-a52e-4f735466cecf":"00000000-0000-00ce-0000-005900000003","ELEMENT":"00000000-0000-00ce-0000-005900000003"},{"element-6066-11e4-a52e-4f735466cecf":"00000000-0000-00ce-0000-005a00000003","ELEMENT":"00000000-0000-00ce-0000-005a00000003"},{"element-6066-11e4-a52e-4f735466cecf":"00000000-0000-00ce-0000-005b00000003","ELEMENT":"00000000-0000-00ce-0000-005b00000003"},{"element-6066-11e4-a52e-4f735466cecf":"00000000-0000-00ce-0000-005c00000003","ELEMENT":"00000000-0000-00ce-0000-005c00000003"},{"element-6066-11e4-a52e-4f735466cecf":"00000000-0000-00ce-0000-005e00000003","ELEMENT":"00000000-0000-00ce-0000-005e00000003"}]
&amp#27;[38;5;0m[HTTP]&amp#27;[0m &amp#27;[37m<-- POST /session/2f9148eb-3d31-459b-a13a-504ef3d7fd8d/elements &amp#27;[39m&amp#27;[32m200&amp#27;[39m &amp#27;[90m57 ms - 907&amp#27;[39m
&amp#27;[38;5;0m[HTTP]&amp#27;[0m &amp#27;[90m&amp#27;[39m
&amp#27;[38;5;0m[HTTP]&amp#27;[0m &amp#27;[37m-->&amp#27;[39m &amp#27;[37mPOST&amp#27;[39m &amp#27;[37m/session/2f9148eb-3d31-459b-a13a-504ef3d7fd8d/element/00000000-0000-00ce-0000-005900000003/click&amp#27;[39m
&amp#27;[38;5;0m[HTTP]&amp#27;[0m &amp#27;[90m{"id":"00000000-0000-00ce-0000-005900000003"}&amp#27;[39m
&amp#27;[38;5;32m[AndroidUiautomator2Driver@6724 (2f9148eb)]&amp#27;[0m Calling AppiumDriver.click() with args: ["00000000-0000-00ce-0000-005900000003","2f9148eb-3d31-459b-a13a-504ef3d7fd8d"]
&amp#27;[38;5;32m[AndroidUiautomator2Driver@6724 (2f9148eb)]&amp#27;[0m Matched '/element/00000000-0000-00ce-0000-005900000003/click' to command name 'click'
&amp#27;[38;5;32m[AndroidUiautomator2Driver@6724 (2f9148eb)]&amp#27;[0m Proxying [POST /element/00000000-0000-00ce-0000-005900000003/click] to [POST http://127.0.0.1:8201/session/35691049-a2f1-4de8-b4da-98666f7b8edf/element/00000000-0000-00ce-0000-005900000003/click] with body: {"element":"00000000-0000-00ce-0000-005900000003"}
&amp#27;[38;5;0m[HTTP]&amp#27;[0m &amp#27;[37m-->&amp#27;[39m &amp#27;[37mGET&amp#27;[39m &amp#27;[37m/session/fe1e5e56-571c-4eb6-898d-5d5d3bd3a4b3/timeouts&amp#27;[39m
&amp#27;[38;5;0m[HTTP]&amp#27;[0m &amp#27;[90m{}&amp#27;[39m
&amp#27;[38;5;16m[AppiumDriver@b18f]&amp#27;[0m Encountered internal error running command: NoSuchDriverError: A session is either terminated or not started
&amp#27;[38;5;16m[AppiumDriver@b18f]&amp#27;[0m     at asyncHandler (C:\Users\Kvp\AppData\Roaming\npm\node_modules\appium\node_modules\@appium\base-driver\lib\protocol\protocol.js:315:15)
&amp#27;[38;5;16m[AppiumDriver@b18f]&amp#27;[0m     at C:\Users\Kvp\AppData\Roaming\npm\node_modules\appium\node_modules\@appium\base-driver\lib\protocol\protocol.js:518:15
&amp#27;[38;5;16m[AppiumDriver@b18f]&amp#27;[0m     at Layer.handle [as handle_request] (C:\Users\Kvp\AppData\Roaming\npm\node_modules\appium\node_modules\express\lib\router\layer.js:95:5)
&amp#27;[38;5;16m[AppiumDriver@b18f]&amp#27;[0m     at next (C:\Users\Kvp\AppData\Roaming\npm\node_modules\appium\node_modules\express\lib\router\route.js:144:13)
&amp#27;[38;5;16m[AppiumDriver@b18f]&amp#27;[0m     at Route.dispatch (C:\Users\Kvp\AppData\Roaming\npm\node_modules\appium\node_modules\express\lib\router\route.js:114:3)
&amp#27;[38;5;16m[AppiumDriver@b18f]&amp#27;[0m     at Layer.handle [as handle_request] (C:\Users\Kvp\AppData\Roaming\npm\node_modules\appium\node_modules\express\lib\router\layer.js:95:5)
&amp#27;[38;5;16m[AppiumDriver@b18f]&amp#27;[0m     at C:\Users\Kvp\AppData\Roaming\npm\node_modules\appium\node_modules\express\lib\router\index.js:284:15
&amp#27;[38;5;16m[AppiumDriver@b18f]&amp#27;[0m     at param (C:\Users\Kvp\AppData\Roaming\npm\node_modules\appium\node_modules\express\lib\router\index.js:365:14)
&amp#27;[38;5;16m[AppiumDriver@b18f]&amp#27;[0m     at param (C:\Users\Kvp\AppData\Roaming\npm\node_modules\appium\node_modules\express\lib\router\index.js:376:14)
&amp#27;[38;5;16m[AppiumDriver@b18f]&amp#27;[0m     at Function.process_params (C:\Users\Kvp\AppData\Roaming\npm\node_modules\appium\node_modules\express\lib\router\index.js:421:3)
&amp#27;[38;5;16m[AppiumDriver@b18f]&amp#27;[0m     at next (C:\Users\Kvp\AppData\Roaming\npm\node_modules\appium\node_modules\express\lib\router\index.js:280:10)
&amp#27;[38;5;16m[AppiumDriver@b18f]&amp#27;[0m     at logger (C:\Users\Kvp\AppData\Roaming\npm\node_modules\appium\node_modules\morgan\index.js:144:5)
&amp#27;[38;5;16m[AppiumDriver@b18f]&amp#27;[0m     at Layer.handle [as handle_request] (C:\Users\Kvp\AppData\Roaming\npm\node_modules\appium\node_modules\express\lib\router\layer.js:95:5)
&amp#27;[38;5;16m[AppiumDriver@b18f]&amp#27;[0m     at trim_prefix (C:\Users\Kvp\AppData\Roaming\npm\node_modules\appium\node_modules\express\lib\router\index.js:328:13)
&amp#27;[38;5;16m[AppiumDriver@b18f]&amp#27;[0m     at C:\Users\Kvp\AppData\Roaming\npm\node_modules\appium\node_modules\express\lib\router\index.js:286:9
&amp#27;[38;5;16m[AppiumDriver@b18f]&amp#27;[0m     at Function.process_params (C:\Users\Kvp\AppData\Roaming\npm\node_modules\appium\node_modules\express\lib\router\index.js:346:12)
&amp#27;[38;5;16m[AppiumDriver@b18f]&amp#27;[0m     at next (C:\Users\Kvp\AppData\Roaming\npm\node_modules\appium\node_modules\express\lib\router\index.js:280:10)
&amp#27;[38;5;16m[AppiumDriver@b18f]&amp#27;[0m     at jsonParser (C:\Users\Kvp\AppData\Roaming\npm\node_modules\appium\node_modules\body-parser\lib\types\json.js:113:7)
&amp#27;[38;5;16m[AppiumDriver@b18f]&amp#27;[0m     at Layer.handle [as handle_request] (C:\Users\Kvp\AppData\Roaming\npm\node_modules\appium\node_modules\express\lib\router\layer.js:95:5)
&amp#27;[38;5;16m[AppiumDriver@b18f]&amp#27;[0m     at trim_prefix (C:\Users\Kvp\AppData\Roaming\npm\node_modules\appium\node_modules\express\lib\router\index.js:328:13)
&amp#27;[38;5;16m[AppiumDriver@b18f]&amp#27;[0m     at C:\Users\Kvp\AppData\Roaming\npm\node_modules\appium\node_modules\express\lib\router\index.js:286:9
&amp#27;[38;5;16m[AppiumDriver@b18f]&amp#27;[0m     at Function.process_params (C:\Users\Kvp\AppData\Roaming\npm\node_modules\appium\node_modules\express\lib\router\index.js:346:12)
&amp#27;[38;5;0m[HTTP]&amp#27;[0m &amp#27;[37m<-- GET /session/fe1e5e56-571c-4eb6-898d-5d5d3bd3a4b3/timeouts &amp#27;[39m&amp#27;[33m404&amp#27;[39m &amp#27;[90m4 ms - 3187&amp#27;[39m
&amp#27;[38;5;0m[HTTP]&amp#27;[0m &amp#27;[90m&amp#27;[39m
&amp#27;[38;5;32m[AndroidUiautomator2Driver@6724 (2f9148eb)]&amp#27;[0m Got response with status 200: {"sessionId":"35691049-a2f1-4de8-b4da-98666f7b8edf","value":null}
&amp#27;[38;5;32m[AndroidUiautomator2Driver@6724 (2f9148eb)]&amp#27;[0m Responding to client with driver.click() result: null
&amp#27;[38;5;0m[HTTP]&amp#27;[0m &amp#27;[37m<-- POST /session/2f9148eb-3d31-459b-a13a-504ef3d7fd8d/element/00000000-0000-00ce-0000-005900000003/click &amp#27;[39m&amp#27;[32m200&amp#27;[39m &amp#27;[90m1071 ms - 14&amp#27;[39m
&amp#27;[38;5;0m[HTTP]&amp#27;[0m &amp#27;[90m&amp#27;[39m
&amp#27;[38;5;0m[HTTP]&amp#27;[0m &amp#27;[37m-->&amp#27;[39m &amp#27;[37mPOST&amp#27;[39m &amp#27;[37m/session/2f9148eb-3d31-459b-a13a-504ef3d7fd8d/elements&amp#27;[39m
&amp#27;[38;5;0m[HTTP]&amp#27;[0m &amp#27;[90m{"value":"//android.view.View/android.widget.CheckBox","using":"xpath"}&amp#27;[39m
&amp#27;[38;5;32m[AndroidUiautomator2Driver@6724 (2f9148eb)]&amp#27;[0m Calling AppiumDriver.findElements() with args: ["xpath","//android.view.View/android.widget.CheckBox","2f9148eb-3d31-459b-a13a-504ef3d7fd8d"]
&amp#27;[38;5;32m[AndroidUiautomator2Driver@6724 (2f9148eb)]&amp#27;[0m Valid locator strategies for this request: xpath, id, class name, accessibility id, css selector, -android uiautomator
&amp#27;[38;5;32m[AndroidUiautomator2Driver@6724 (2f9148eb)]&amp#27;[0m Waiting up to 10000 ms for condition
&amp#27;[38;5;32m[AndroidUiautomator2Driver@6724 (2f9148eb)]&amp#27;[0m Matched '/elements' to command name 'findElements'
&amp#27;[38;5;32m[AndroidUiautomator2Driver@6724 (2f9148eb)]&amp#27;[0m Proxying [POST /elements] to [POST http://127.0.0.1:8201/session/35691049-a2f1-4de8-b4da-98666f7b8edf/elements] with body: {"strategy":"xpath","selector":"//android.view.View/android.widget.CheckBox","context":"","multiple":true}
&amp#27;[38;5;32m[AndroidUiautomator2Driver@6724 (2f9148eb)]&amp#27;[0m Got response with status 200: {"sessionId":"35691049-a2f1-4de8-b4da-98666f7b8edf","value":[]}
&amp#27;[38;5;32m[AndroidUiautomator2Driver@6724 (2f9148eb)]&amp#27;[0m Waited for 43 ms so far
&amp#27;[38;5;32m[AndroidUiautomator2Driver@6724 (2f9148eb)]&amp#27;[0m Matched '/elements' to command name 'findElements'
&amp#27;[38;5;32m[AndroidUiautomator2Driver@6724 (2f9148eb)]&amp#27;[0m Proxying [POST /elements] to [POST http://127.0.0.1:8201/session/35691049-a2f1-4de8-b4da-98666f7b8edf/elements] with body: {"strategy":"xpath","selector":"//android.view.View/android.widget.CheckBox","context":"","multiple":true}
&amp#27;[38;5;32m[AndroidUiautomator2Driver@6724 (2f9148eb)]&amp#27;[0m Got response with status 200: {"sessionId":"35691049-a2f1-4de8-b4da-98666f7b8edf","value":[]}
&amp#27;[38;5;32m[AndroidUiautomator2Driver@6724 (2f9148eb)]&amp#27;[0m Waited for 1547 ms so far
&amp#27;[38;5;32m[AndroidUiautomator2Driver@6724 (2f9148eb)]&amp#27;[0m Matched '/elements' to command name 'findElements'
&amp#27;[38;5;32m[AndroidUiautomator2Driver@6724 (2f9148eb)]&amp#27;[0m Proxying [POST /elements] to [POST http://127.0.0.1:8201/session/35691049-a2f1-4de8-b4da-98666f7b8edf/elements] with body: {"strategy":"xpath","selector":"//android.view.View/android.widget.CheckBox","context":"","multiple":true}
&amp#27;[38;5;32m[AndroidUiautomator2Driver@6724 (2f9148eb)]&amp#27;[0m Got response with status 200: {"sessionId":"35691049-a2f1-4de8-b4da-98666f7b8edf","value":[]}
&amp#27;[38;5;32m[AndroidUiautomator2Driver@6724 (2f9148eb)]&amp#27;[0m Waited for 2107 ms so far
&amp#27;[38;5;32m[AndroidUiautomator2Driver@6724 (2f9148eb)]&amp#27;[0m Matched '/elements' to command name 'findElements'
&amp#27;[38;5;32m[AndroidUiautomator2Driver@6724 (2f9148eb)]&amp#27;[0m Proxying [POST /elements] to [POST http://127.0.0.1:8201/session/35691049-a2f1-4de8-b4da-98666f7b8edf/elements] with body: {"strategy":"xpath","selector":"//android.view.View/android.widget.CheckBox","context":"","multiple":true}
&amp#27;[38;5;32m[AndroidUiautomator2Driver@6724 (2f9148eb)]&amp#27;[0m Got response with status 200: {"sessionId":"35691049-a2f1-4de8-b4da-98666f7b8edf","value":[]}
&amp#27;[38;5;32m[AndroidUiautomator2Driver@6724 (2f9148eb)]&amp#27;[0m Waited for 2667 ms so far
&amp#27;[38;5;32m[AndroidUiautomator2Driver@6724 (2f9148eb)]&amp#27;[0m Matched '/elements' to command name 'findElements'
&amp#27;[38;5;32m[AndroidUiautomator2Driver@6724 (2f9148eb)]&amp#27;[0m Proxying [POST /elements] to [POST http://127.0.0.1:8201/session/35691049-a2f1-4de8-b4da-98666f7b8edf/elements] with body: {"strategy":"xpath","selector":"//android.view.View/android.widget.CheckBox","context":"","multiple":true}
&amp#27;[38;5;32m[AndroidUiautomator2Driver@6724 (2f9148eb)]&amp#27;[0m Got response with status 200: {"sessionId":"35691049-a2f1-4de8-b4da-98666f7b8edf","value":[]}
&amp#27;[38;5;32m[AndroidUiautomator2Driver@6724 (2f9148eb)]&amp#27;[0m Waited for 3226 ms so far
&amp#27;[38;5;32m[AndroidUiautomator2Driver@6724 (2f9148eb)]&amp#27;[0m Matched '/elements' to command name 'findElements'
&amp#27;[38;5;32m[AndroidUiautomator2Driver@6724 (2f9148eb)]&amp#27;[0m Proxying [POST /elements] to [POST http://127.0.0.1:8201/session/35691049-a2f1-4de8-b4da-98666f7b8edf/elements] with body: {"strategy":"xpath","selector":"//android.view.View/android.widget.CheckBox","context":"","multiple":true}
&amp#27;[38;5;32m[AndroidUiautomator2Driver@6724 (2f9148eb)]&amp#27;[0m Got response with status 200: {"sessionId":"35691049-a2f1-4de8-b4da-98666f7b8edf","value":[]}
&amp#27;[38;5;32m[AndroidUiautomator2Driver@6724 (2f9148eb)]&amp#27;[0m Waited for 3787 ms so far
&amp#27;[38;5;32m[AndroidUiautomator2Driver@6724 (2f9148eb)]&amp#27;[0m Matched '/elements' to command name 'findElements'
&amp#27;[38;5;32m[AndroidUiautomator2Driver@6724 (2f9148eb)]&amp#27;[0m Proxying [POST /elements] to [POST http://127.0.0.1:8201/session/35691049-a2f1-4de8-b4da-98666f7b8edf/elements] with body: {"strategy":"xpath","selector":"//android.view.View/android.widget.CheckBox","context":"","multiple":true}
&amp#27;[38;5;32m[AndroidUiautomator2Driver@6724 (2f9148eb)]&amp#27;[0m Got response with status 200: {"sessionId":"35691049-a2f1-4de8-b4da-98666f7b8edf","value":[]}
&amp#27;[38;5;32m[AndroidUiautomator2Driver@6724 (2f9148eb)]&amp#27;[0m Waited for 4336 ms so far
&amp#27;[38;5;32m[AndroidUiautomator2Driver@6724 (2f9148eb)]&amp#27;[0m Matched '/elements' to command name 'findElements'
&amp#27;[38;5;32m[AndroidUiautomator2Driver@6724 (2f9148eb)]&amp#27;[0m Proxying [POST /elements] to [POST http://127.0.0.1:8201/session/35691049-a2f1-4de8-b4da-98666f7b8edf/elements] with body: {"strategy":"xpath","selector":"//android.view.View/android.widget.CheckBox","context":"","multiple":true}
&amp#27;[38;5;32m[AndroidUiautomator2Driver@6724 (2f9148eb)]&amp#27;[0m Got response with status 200: {"sessionId":"35691049-a2f1-4de8-b4da-98666f7b8edf","value":[]}
&amp#27;[38;5;32m[AndroidUiautomator2Driver@6724 (2f9148eb)]&amp#27;[0m Waited for 4893 ms so far
&amp#27;[38;5;32m[AndroidUiautomator2Driver@6724 (2f9148eb)]&amp#27;[0m Matched '/elements' to command name 'findElements'
&amp#27;[38;5;32m[AndroidUiautomator2Driver@6724 (2f9148eb)]&amp#27;[0m Proxying [POST /elements] to [POST http://127.0.0.1:8201/session/35691049-a2f1-4de8-b4da-98666f7b8edf/elements] with body: {"strategy":"xpath","selector":"//android.view.View/android.widget.CheckBox","context":"","multiple":true}
&amp#27;[38;5;32m[AndroidUiautomator2Driver@6724 (2f9148eb)]&amp#27;[0m Got response with status 200: {"sessionId":"35691049-a2f1-4de8-b4da-98666f7b8edf","value":[]}
&amp#27;[38;5;32m[AndroidUiautomator2Driver@6724 (2f9148eb)]&amp#27;[0m Waited for 5448 ms so far
&amp#27;[38;5;32m[AndroidUiautomator2Driver@6724 (2f9148eb)]&amp#27;[0m Matched '/elements' to command name 'findElements'
&amp#27;[38;5;32m[AndroidUiautomator2Driver@6724 (2f9148eb)]&amp#27;[0m Proxying [POST /elements] to [POST http://127.0.0.1:8201/session/35691049-a2f1-4de8-b4da-98666f7b8edf/elements] with body: {"strategy":"xpath","selector":"//android.view.View/android.widget.CheckBox","context":"","multiple":true}
&amp#27;[38;5;32m[AndroidUiautomator2Driver@6724 (2f9148eb)]&amp#27;[0m Got response with status 200: {"sessionId":"35691049-a2f1-4de8-b4da-98666f7b8edf","value":[]}
&amp#27;[38;5;32m[AndroidUiautomator2Driver@6724 (2f9148eb)]&amp#27;[0m Waited for 6002 ms so far
&amp#27;[38;5;32m[AndroidUiautomator2Driver@6724 (2f9148eb)]&amp#27;[0m Matched '/elements' to command name 'findElements'
&amp#27;[38;5;32m[AndroidUiautomator2Driver@6724 (2f9148eb)]&amp#27;[0m Proxying [POST /elements] to [POST http://127.0.0.1:8201/session/35691049-a2f1-4de8-b4da-98666f7b8edf/elements] with body: {"strategy":"xpath","selector":"//android.view.View/android.widget.CheckBox","context":"","multiple":true}
&amp#27;[38;5;32m[AndroidUiautomator2Driver@6724 (2f9148eb)]&amp#27;[0m Got response with status 200: {"sessionId":"35691049-a2f1-4de8-b4da-98666f7b8edf","value":[]}
&amp#27;[38;5;32m[AndroidUiautomator2Driver@6724 (2f9148eb)]&amp#27;[0m Waited for 6545 ms so far
&amp#27;[38;5;32m[AndroidUiautomator2Driver@6724 (2f9148eb)]&amp#27;[0m Matched '/elements' to command name 'findElements'
&amp#27;[38;5;32m[AndroidUiautomator2Driver@6724 (2f9148eb)]&amp#27;[0m Proxying [POST /elements] to [POST http://127.0.0.1:8201/session/35691049-a2f1-4de8-b4da-98666f7b8edf/elements] with body: {"strategy":"xpath","selector":"//android.view.View/android.widget.CheckBox","context":"","multiple":true}
&amp#27;[38;5;32m[AndroidUiautomator2Driver@6724 (2f9148eb)]&amp#27;[0m Got response with status 200: {"sessionId":"35691049-a2f1-4de8-b4da-98666f7b8edf","value":[]}
&amp#27;[38;5;32m[AndroidUiautomator2Driver@6724 (2f9148eb)]&amp#27;[0m Waited for 7092 ms so far
&amp#27;[38;5;32m[AndroidUiautomator2Driver@6724 (2f9148eb)]&amp#27;[0m Matched '/elements' to command name 'findElements'
&amp#27;[38;5;32m[AndroidUiautomator2Driver@6724 (2f9148eb)]&amp#27;[0m Proxying [POST /elements] to [POST http://127.0.0.1:8201/session/35691049-a2f1-4de8-b4da-98666f7b8edf/elements] with body: {"strategy":"xpath","selector":"//android.view.View/android.widget.CheckBox","context":"","multiple":true}
&amp#27;[38;5;32m[AndroidUiautomator2Driver@6724 (2f9148eb)]&amp#27;[0m Got response with status 200: {"sessionId":"35691049-a2f1-4de8-b4da-98666f7b8edf","value":[]}
&amp#27;[38;5;32m[AndroidUiautomator2Driver@6724 (2f9148eb)]&amp#27;[0m Waited for 7645 ms so far
&amp#27;[38;5;32m[AndroidUiautomator2Driver@6724 (2f9148eb)]&amp#27;[0m Matched '/elements' to command name 'findElements'
&amp#27;[38;5;32m[AndroidUiautomator2Driver@6724 (2f9148eb)]&amp#27;[0m Proxying [POST /elements] to [POST http://127.0.0.1:8201/session/35691049-a2f1-4de8-b4da-98666f7b8edf/elements] with body: {"strategy":"xpath","selector":"//android.view.View/android.widget.CheckBox","context":"","multiple":true}
&amp#27;[38;5;32m[AndroidUiautomator2Driver@6724 (2f9148eb)]&amp#27;[0m Got response with status 200: {"sessionId":"35691049-a2f1-4de8-b4da-98666f7b8edf","value":[]}
&amp#27;[38;5;32m[AndroidUiautomator2Driver@6724 (2f9148eb)]&amp#27;[0m Waited for 8195 ms so far
&amp#27;[38;5;32m[AndroidUiautomator2Driver@6724 (2f9148eb)]&amp#27;[0m Matched '/elements' to command name 'findElements'
&amp#27;[38;5;32m[AndroidUiautomator2Driver@6724 (2f9148eb)]&amp#27;[0m Proxying [POST /elements] to [POST http://127.0.0.1:8201/session/35691049-a2f1-4de8-b4da-98666f7b8edf/elements] with body: {"strategy":"xpath","selector":"//android.view.View/android.widget.CheckBox","context":"","multiple":true}
&amp#27;[38;5;32m[AndroidUiautomator2Driver@6724 (2f9148eb)]&amp#27;[0m Got response with status 200: {"sessionId":"35691049-a2f1-4de8-b4da-98666f7b8edf","value":[]}
&amp#27;[38;5;32m[AndroidUiautomator2Driver@6724 (2f9148eb)]&amp#27;[0m Waited for 8749 ms so far
&amp#27;[38;5;32m[AndroidUiautomator2Driver@6724 (2f9148eb)]&amp#27;[0m Matched '/elements' to command name 'findElements'
&amp#27;[38;5;32m[AndroidUiautomator2Driver@6724 (2f9148eb)]&amp#27;[0m Proxying [POST /elements] to [POST http://127.0.0.1:8201/session/35691049-a2f1-4de8-b4da-98666f7b8edf/elements] with body: {"strategy":"xpath","selector":"//android.view.View/android.widget.CheckBox","context":"","multiple":true}
&amp#27;[38;5;32m[AndroidUiautomator2Driver@6724 (2f9148eb)]&amp#27;[0m Got response with status 200: {"sessionId":"35691049-a2f1-4de8-b4da-98666f7b8edf","value":[]}
&amp#27;[38;5;32m[AndroidUiautomator2Driver@6724 (2f9148eb)]&amp#27;[0m Waited for 9294 ms so far
&amp#27;[38;5;32m[AndroidUiautomator2Driver@6724 (2f9148eb)]&amp#27;[0m Matched '/elements' to command name 'findElements'
&amp#27;[38;5;32m[AndroidUiautomator2Driver@6724 (2f9148eb)]&amp#27;[0m Proxying [POST /elements] to [POST http://127.0.0.1:8201/session/35691049-a2f1-4de8-b4da-98666f7b8edf/elements] with body: {"strategy":"xpath","selector":"//android.view.View/android.widget.CheckBox","context":"","multiple":true}
&amp#27;[38;5;32m[AndroidUiautomator2Driver@6724 (2f9148eb)]&amp#27;[0m Got response with status 200: {"sessionId":"35691049-a2f1-4de8-b4da-98666f7b8edf","value":[]}
&amp#27;[38;5;32m[AndroidUiautomator2Driver@6724 (2f9148eb)]&amp#27;[0m Waited for 9841 ms so far
&amp#27;[38;5;32m[AndroidUiautomator2Driver@6724 (2f9148eb)]&amp#27;[0m Matched '/elements' to command name 'findElements'
&amp#27;[38;5;32m[AndroidUiautomator2Driver@6724 (2f9148eb)]&amp#27;[0m Proxying [POST /elements] to [POST http://127.0.0.1:8201/session/35691049-a2f1-4de8-b4da-98666f7b8edf/elements] with body: {"strategy":"xpath","selector":"//android.view.View/android.widget.CheckBox","context":"","multiple":true}
&amp#27;[38;5;32m[AndroidUiautomator2Driver@6724 (2f9148eb)]&amp#27;[0m Got response with status 200: {"sessionId":"35691049-a2f1-4de8-b4da-98666f7b8edf","value":[]}
&amp#27;[38;5;32m[AndroidUiautomator2Driver@6724 (2f9148eb)]&amp#27;[0m Responding to client with driver.findElements() result: []
&amp#27;[38;5;0m[HTTP]&amp#27;[0m &amp#27;[37m<-- POST /session/2f9148eb-3d31-459b-a13a-504ef3d7fd8d/elements &amp#27;[39m&amp#27;[32m200&amp#27;[39m &amp#27;[90m10046 ms - 12&amp#27;[39m
&amp#27;[38;5;0m[HTTP]&amp#27;[0m &amp#27;[90m&amp#27;[39m
&amp#27;[38;5;0m[HTTP]&amp#27;[0m &amp#27;[37m-->&amp#27;[39m &amp#27;[37mGET&amp#27;[39m &amp#27;[37m/session/2f9148eb-3d31-459b-a13a-504ef3d7fd8d/screenshot&amp#27;[39m
&amp#27;[38;5;0m[HTTP]&amp#27;[0m &amp#27;[90m{}&amp#27;[39m
&amp#27;[38;5;32m[AndroidUiautomator2Driver@6724 (2f9148eb)]&amp#27;[0m Calling AppiumDriver.getScreenshot() with args: ["2f9148eb-3d31-459b-a13a-504ef3d7fd8d"]
&amp#27;[38;5;32m[AndroidUiautomator2Driver@6724 (2f9148eb)]&amp#27;[0m Matched '/screenshot' to command name 'getScreenshot'
&amp#27;[38;5;32m[AndroidUiautomator2Driver@6724 (2f9148eb)]&amp#27;[0m Proxying [GET /screenshot] to [GET http://127.0.0.1:8201/session/35691049-a2f1-4de8-b4da-98666f7b8edf/screenshot] with no body
&amp#27;[38;5;32m[AndroidUiautomator2Driver@6724 (2f9148eb)]&amp#27;[0m Got response with status 200: {"sessionId":"35691049-a2f1-4de8-b4da-98666f7b8edf","value":"iVBORw0KGgoAAAANSUhEUgAABDgAAAlgCAYAAABtGofVAAAAAXNSR0IArs4c6QAAAARzQklUCAgICHwIZIgAACAASURBVHic7N15WNVl/v/xF/uOIgZqkKiF26RkuWSWppZaadlCaVNSpqaNNumY6WQzk202Wmnl0qpmVkxN41aaZWYqLoRLmrnghoqKiMi+nt8ffTk/8XwOHJYDfOT5uC6uOPdnuW9OcOS8uO/77WKxWCwCAAAAAAAwMdfaHgAAAAAAAEBVEXAAAAAAAADTI+AAAAAAAACmR8ABAAAAAABMj4ADAAAAAACYHgEHAAAAAAAwPQIOAAAAAABgegQcAAAAAADA9Ag4AAAAAACA6RFwAAAAAAAA0yPgAAAAAAAApkfAAQAAAAAATI+AAwAAAAAAmB4BBwAAAAAAMD0CDgAAAAAAYHoEHAAAAAAAwPQIOAAAAAAAgOkRcAAAAAAAANMj4AAAAAAAAKZHwAEAAAAAAEyPgAMAAAAAAJgeAQcAAAAAADA9Ag4AAAAAAGB6BBwAAAAAAMD0CDgAAAAAAIDpEXAAAAAAAADTI+AAAAAAAACmR8ABAAAAAABMj4ADAAAAAACYHgEHAAAAAAAwPQIOAAAAAABgegQcAAAAAADA9Ag4AAAAAACA6RFwAAAAAAAA0yPgAAAAAAAApkfAAQAAAAAATI+AAwAAAAAAmB4BBwAAAAAAMD0CDgAAAAAAYHoEHAAAAAAAwPQIOAAAAAAAgOkRcAAAAAAAANMj4AAAAAAAAKZHwAEAAAAAAEyPgAMAAAAAAJgeAQcAAAAAADA9Ag4AAAAAAGB6BBwAAAAAAMD0CDgAAAAAAIDpEXAAAAAAAADTc6/tAQAAAAAA4EzZ2dk6fvy4kpKSlJOTo6SkJGVnZ1uP+/r6Kjw8XD4+PgoPD1dYWJh8fX1rccRVl5SUpPDwcKf3ERsbW+Y50dHR...
&amp#27;[38;5;32m[AndroidUiautomator2Driver@6724 (2f9148eb)]&amp#27;[0m Responding to client with driver.getScreenshot() result: "iVBORw0KGgoAAAANSUhEUgAABDgAAAlgCAYAAABtGofVAAAAAXNSR0IArs4c6QAAAARzQklUCAgICHwIZIgAACAASURBVHic7N15WNVl/v/xF/uOIgZqkKiF26RkuWSWppZaadlCaVNSpqaNNumY6WQzk202Wmnl0qpmVkxN41aaZWYqLoRLmrnghoqKiMi+nt8ffTk/8XwOHJYDfOT5uC6uOPdnuW9OcOS8uO/77WKxWCwCAAAAAAAwMdfaHgAAAAAAAEBVEXAAAAAAAADTI+AAAAAAAACmR8ABAAAAAABMj4ADAAAAAACYHgEHAAAAAAAwPQIOAAAAAABgegQcAAAAAADA9Ag4AAAAAACA6RFwAAAAAAAA0yPgAAAAAAAApkfAAQAAAAAATI+AAwAAAAAAmB4BBwAAAAAAMD0CDgAAAAAAYHoEHAAAAAAAwPQIOAAAAAAAgOkRcAAAAAAAANMj4AAAAAAAAKZHwAEAAAAAAEyPgAMAAAAAAJgeAQcAAAAAADA9Ag4AAAAAAGB6BBwAAAAAAMD0CDgAAAAAAIDpEXAAAAAAAADTI+AAAAAAAACmR8ABAAAAAABMj4ADAAAAAACYHgEHAAAAAAAwPQIOAAAAAABgegQcAAAAAADA9Ag4AAAAAACA6RFwAAAAAAAA0yPgAAAAAAAApkfAAQAAAAAATI+AAwAAAAAAmB4BBwAAAAAAMD0CDgAAAAAAYHoEHAAAAAAAwPQIOAAAAAAAgOkRcAAAAAAAANMj4AAAAAAAAKZHwAEAAAAAAEyPgAMAAAAAAJgeAQcAAAAAADA9Ag4AAAAAAGB6BBwAAAAAAMD0CDgAAAAAAIDpEXAAAAAAAADTc6/tAQAAAAAA4EzZ2dk6fvy4kpKSlJOTo6SkJGVnZ1uP+/r6Kjw8XD4+PgoPD1dYWJh8fX1rccRVl5SUpPDwcKf3ERsbW+Y50dHRTh9HCQIOAAAAAMBlJzU1VTt27NCOHTu0f//+cs/fsWNHqceRkZGKiopSVFSU...
&amp#27;[38;5;0m[HTTP]&amp#27;[0m &amp#27;[37m<-- GET /session/2f9148eb-3d31-459b-a13a-504ef3d7fd8d/screenshot &amp#27;[39m&amp#27;[32m200&amp#27;[39m &amp#27;[90m801 ms - 1002792&amp#27;[39m
&amp#27;[38;5;0m[HTTP]&amp#27;[0m &amp#27;[90m&amp#27;[39m
]]></system-out>
  </testcase>
  <testcase name="accountsFlow" classname="com.kvp.testcases.Android.TC6_AccountsFlow" time="11.231">
    <failure message="The element &apos;By.xpath: //android.widget.ImageView&apos; is not linked to the same object in DOM anymore&#10;For documentation on this error, please visit: https://www.selenium.dev/documentation/webdriver/troubleshooting/errors#stale-element-reference-exception&#10;Build info: version: &apos;4.18.1&apos;, revision: &apos;b1d3319b48&apos;&#10;System info: os.name: &apos;Windows 10&apos;, os.arch: &apos;amd64&apos;, os.version: &apos;10.0&apos;, java.version: &apos;21.0.2&apos;&#10;Driver info: io.appium.java_client.android.AndroidDriver&#10;Command: [ddd4f5ae-cf8b-49c1-b33d-f6fbd915917a, clickElement {id=00000000-0000-00db-0000-002000000003}]&#10;Capabilities {appium:app: Project_Resources/app-relea..., appium:appPackage: com.example.field_sales_app, appium:automationName: UiAutomator2, appium:databaseEnabled: false, appium:desired: {app: Project_Resources/app-relea..., automationName: UiAutomator2, deviceName: Pixel 7 API 30, platformName: ANDROID, platformVersion: 11.0}, appium:deviceApiLevel: 30, appium:deviceManufacturer: Google, appium:deviceModel: sdk_gphone_x86, appium:deviceName: emulator-5554, appium:deviceScreenDensity: 420, appium:deviceScreenSize: 1080x2400, appium:deviceUDID: emulator-5554, appium:javascriptEnabled: true, appium:locationContextEnabled: false, appium:networkConnectionEnabled: true, appium:pixelRatio: 2.625, appium:platformVersion: 11, appium:statBarHeight: 136, appium:takesScreenshot: true, appium:viewportRect: {height: 2264, left: 0, top: 136, width: 1080}, appium:warnings: {}, appium:webStorageEnabled: false, platformName: ANDROID}&#10;Element: [[AndroidDriver:  on ANDROID (ddd4f5ae-cf8b-49c1-b33d-f6fbd915917a)] -&gt; xpath: //android.widget.ImageView]&#10;Session ID: ddd4f5ae-cf8b-49c1-b33d-f6fbd915917a" type="org.openqa.selenium.StaleElementReferenceException"><![CDATA[org.openqa.selenium.StaleElementReferenceException: 
The element 'By.xpath: //android.widget.ImageView' is not linked to the same object in DOM anymore
For documentation on this error, please visit: https://www.selenium.dev/documentation/webdriver/troubleshooting/errors#stale-element-reference-exception
Build info: version: '4.18.1', revision: 'b1d3319b48'
System info: os.name: 'Windows 10', os.arch: 'amd64', os.version: '10.0', java.version: '21.0.2'
Driver info: io.appium.java_client.android.AndroidDriver
Command: [ddd4f5ae-cf8b-49c1-b33d-f6fbd915917a, clickElement {id=00000000-0000-00db-0000-002000000003}]
Capabilities {appium:app: Project_Resources/app-relea..., appium:appPackage: com.example.field_sales_app, appium:automationName: UiAutomator2, appium:databaseEnabled: false, appium:desired: {app: Project_Resources/app-relea..., automationName: UiAutomator2, deviceName: Pixel 7 API 30, platformName: ANDROID, platformVersion: 11.0}, appium:deviceApiLevel: 30, appium:deviceManufacturer: Google, appium:deviceModel: sdk_gphone_x86, appium:deviceName: emulator-5554, appium:deviceScreenDensity: 420, appium:deviceScreenSize: 1080x2400, appium:deviceUDID: emulator-5554, appium:javascriptEnabled: true, appium:locationContextEnabled: false, appium:networkConnectionEnabled: true, appium:pixelRatio: 2.625, appium:platformVersion: 11, appium:statBarHeight: 136, appium:takesScreenshot: true, appium:viewportRect: {height: 2264, left: 0, top: 136, width: 1080}, appium:warnings: {}, appium:webStorageEnabled: false, platformName: ANDROID}
Element: [[AndroidDriver:  on ANDROID (ddd4f5ae-cf8b-49c1-b33d-f6fbd915917a)] -> xpath: //android.widget.ImageView]
Session ID: ddd4f5ae-cf8b-49c1-b33d-f6fbd915917a
	at java.base/jdk.internal.reflect.DirectConstructorHandleAccessor.newInstance(DirectConstructorHandleAccessor.java:62)
	at java.base/java.lang.reflect.Constructor.newInstanceWithCaller(Constructor.java:502)
	at java.base/java.lang.reflect.Constructor.newInstance(Constructor.java:486)
	at org.openqa.selenium.remote.ErrorCodec.decode(ErrorCodec.java:167)
	at org.openqa.selenium.remote.codec.w3c.W3CHttpResponseCodec.decode(W3CHttpResponseCodec.java:138)
	at org.openqa.selenium.remote.codec.w3c.W3CHttpResponseCodec.decode(W3CHttpResponseCodec.java:50)
	at org.openqa.selenium.remote.HttpCommandExecutor.execute(HttpCommandExecutor.java:190)
	at io.appium.java_client.remote.AppiumCommandExecutor.execute(AppiumCommandExecutor.java:238)
	at org.openqa.selenium.remote.RemoteWebDriver.execute(RemoteWebDriver.java:519)
	at org.openqa.selenium.remote.RemoteWebElement.execute(RemoteWebElement.java:223)
	at org.openqa.selenium.remote.RemoteWebElement.click(RemoteWebElement.java:76)
	at java.base/jdk.internal.reflect.DirectMethodHandleAccessor.invoke(DirectMethodHandleAccessor.java:103)
	at java.base/java.lang.reflect.Method.invoke(Method.java:580)
	at io.appium.java_client.pagefactory.ElementInterceptor.getObject(ElementInterceptor.java:42)
	at io.appium.java_client.pagefactory.interceptors.InterceptorOfASingleElement.call(InterceptorOfASingleElement.java:65)
	at io.appium.java_client.proxy.Interceptor.intercept(Interceptor.java:77)
	at org.openqa.selenium.remote.RemoteWebElement$ByteBuddy$GmQOnQe3.click(Unknown Source)
	at com.kvp.pageobject.android.Page_AccountList.searchAccounts(Page_AccountList.java:35)
	at com.kvp.pageobject.android.Page_AccountList.selectAccount(Page_AccountList.java:48)
	at com.kvp.testcases.Android.TC6_AccountsFlow.accountsFlow(TC6_AccountsFlow.java:21)
	at java.base/jdk.internal.reflect.DirectMethodHandleAccessor.invoke(DirectMethodHandleAccessor.java:103)
	at java.base/java.lang.reflect.Method.invoke(Method.java:580)
	at org.testng.internal.invokers.MethodInvocationHelper.invokeMethod(MethodInvocationHelper.java:139)
	at org.testng.internal.invokers.TestInvoker.invokeMethod(TestInvoker.java:664)
	at org.testng.internal.invokers.TestInvoker.invokeTestMethod(TestInvoker.java:228)
	at org.testng.internal.invokers.MethodRunner.runInSequence(MethodRunner.java:63)
	at org.testng.internal.invokers.TestInvoker$MethodInvocationAgent.invoke(TestInvoker.java:961)
	at org.testng.internal.invokers.TestInvoker.invokeTestMethods(TestInvoker.java:201)
	at org.testng.internal.invokers.TestMethodWorker.invokeTestMethods(TestMethodWorker.java:148)
	at org.testng.internal.invokers.TestMethodWorker.run(TestMethodWorker.java:128)
	at java.base/java.util.ArrayList.forEach(ArrayList.java:1596)
	at org.testng.TestRunner.privateRun(TestRunner.java:819)
	at org.testng.TestRunner.run(TestRunner.java:619)
	at org.testng.SuiteRunner.runTest(SuiteRunner.java:443)
	at org.testng.SuiteRunner.runSequentially(SuiteRunner.java:437)
	at org.testng.SuiteRunner.privateRun(SuiteRunner.java:397)
	at org.testng.SuiteRunner.run(SuiteRunner.java:336)
	at org.testng.SuiteRunnerWorker.runSuite(SuiteRunnerWorker.java:52)
	at org.testng.SuiteRunnerWorker.run(SuiteRunnerWorker.java:95)
	at org.testng.TestNG.runSuitesSequentially(TestNG.java:1301)
	at org.testng.TestNG.runSuitesLocally(TestNG.java:1228)
	at org.testng.TestNG.runSuites(TestNG.java:1134)
	at org.testng.TestNG.run(TestNG.java:1101)
	at org.apache.maven.surefire.testng.TestNGExecutor.run(TestNGExecutor.java:324)
	at org.apache.maven.surefire.testng.TestNGXmlTestSuite.execute(TestNGXmlTestSuite.java:74)
	at org.apache.maven.surefire.testng.TestNGProvider.invoke(TestNGProvider.java:123)
	at org.apache.maven.surefire.booter.ForkedBooter.runSuitesInProcess(ForkedBooter.java:456)
	at org.apache.maven.surefire.booter.ForkedBooter.execute(ForkedBooter.java:169)
	at org.apache.maven.surefire.booter.ForkedBooter.run(ForkedBooter.java:595)
	at org.apache.maven.surefire.booter.ForkedBooter.main(ForkedBooter.java:581)
]]></failure>
    <system-out><![CDATA[&amp#27;[38;5;0m[HTTP]&amp#27;[0m &amp#27;[37m-->&amp#27;[39m &amp#27;[37mDELETE&amp#27;[39m &amp#27;[37m/session/2f9148eb-3d31-459b-a13a-504ef3d7fd8d&amp#27;[39m
&amp#27;[38;5;0m[HTTP]&amp#27;[0m &amp#27;[90m{}&amp#27;[39m
&amp#27;[38;5;32m[AndroidUiautomator2Driver@6724 (2f9148eb)]&amp#27;[0m Calling AppiumDriver.deleteSession() with args: ["2f9148eb-3d31-459b-a13a-504ef3d7fd8d"]
&amp#27;[38;5;16m[AppiumDriver@b18f]&amp#27;[0m Event 'quitSessionRequested' logged at 1709019255049 (13:04:15 GMT+0530 (India Standard Time))
&amp#27;[38;5;16m[AppiumDriver@b18f]&amp#27;[0m Removing session 2f9148eb-3d31-459b-a13a-504ef3d7fd8d from our master session list
&amp#27;[38;5;32m[AndroidUiautomator2Driver@6724 (2f9148eb)]&amp#27;[0m Deleting UiAutomator2 session
&amp#27;[38;5;32m[AndroidUiautomator2Driver@6724 (2f9148eb)]&amp#27;[0m Deleting UiAutomator2 server session
&amp#27;[38;5;32m[AndroidUiautomator2Driver@6724 (2f9148eb)]&amp#27;[0m Matched '/' to command name 'deleteSession'
&amp#27;[38;5;32m[AndroidUiautomator2Driver@6724 (2f9148eb)]&amp#27;[0m Proxying [DELETE /] to [DELETE http://127.0.0.1:8201/session/35691049-a2f1-4de8-b4da-98666f7b8edf] with no body
&amp#27;[38;5;32m[AndroidUiautomator2Driver@6724 (2f9148eb)]&amp#27;[0m Got response with status 200: {"sessionId":"35691049-a2f1-4de8-b4da-98666f7b8edf","value":null}
&amp#27;[38;5;64m[ADB]&amp#27;[0m Running 'C:\Users\Kvp\AppData\Local\Android\Sdk\platform-tools\adb.exe -P 5037 -s emulator-5554 shell dumpsys activity services io.appium.settings/.recorder.RecorderService'
&amp#27;[38;5;64m[ADB]&amp#27;[0m Running 'C:\Users\Kvp\AppData\Local\Android\Sdk\platform-tools\adb.exe -P 5037 -s emulator-5554 shell am force-stop com.example.field_sales_app'
&amp#27;[38;5;96m[Logcat]&amp#27;[0m Stopping logcat capture
&amp#27;[38;5;64m[ADB]&amp#27;[0m Removing forwarded port socket connection: 8201 
&amp#27;[38;5;64m[ADB]&amp#27;[0m Running 'C:\Users\Kvp\AppData\Local\Android\Sdk\platform-tools\adb.exe -P 5037 -s emulator-5554 forward --remove tcp:8201'
&amp#27;[38;5;32m[AndroidUiautomator2Driver@6724 (2f9148eb)]&amp#27;[0m Restoring hidden api policy to the device default configuration
&amp#27;[38;5;64m[ADB]&amp#27;[0m Running 'C:\Users\Kvp\AppData\Local\Android\Sdk\platform-tools\adb.exe -P 5037 -s emulator-5554 shell 'settings delete global hidden_api_policy_pre_p_apps;settings delete global hidden_api_policy_p_apps;settings delete global hidden_api_policy''
&amp#27;[38;5;112m[Instrumentation]&amp#27;[0m .
&amp#27;[38;5;112m[Instrumentation]&amp#27;[0m Time: 63.119
&amp#27;[38;5;112m[Instrumentation]&amp#27;[0m 
&amp#27;[38;5;112m[Instrumentation]&amp#27;[0m OK (1 test)
&amp#27;[38;5;16m[AppiumDriver@b18f]&amp#27;[0m Event 'quitSessionFinished' logged at 1709019255720 (13:04:15 GMT+0530 (India Standard Time))
&amp#27;[38;5;16m[AppiumDriver@b18f]&amp#27;[0m Received response: null
&amp#27;[38;5;16m[AppiumDriver@b18f]&amp#27;[0m But deleting session, so not returning
&amp#27;[38;5;16m[AppiumDriver@b18f]&amp#27;[0m Responding to client with driver.deleteSession() result: null
&amp#27;[38;5;0m[HTTP]&amp#27;[0m &amp#27;[37m<-- DELETE /session/2f9148eb-3d31-459b-a13a-504ef3d7fd8d &amp#27;[39m&amp#27;[32m200&amp#27;[39m &amp#27;[90m673 ms - 14&amp#27;[39m
&amp#27;[38;5;0m[HTTP]&amp#27;[0m &amp#27;[90m&amp#27;[39m
220485 [main] DEBUG devpinoyLogger  - -------------------Test Ended-------------------
220485 [main] DEBUG devpinoyLogger  - -------------------Test Ended-------------------
220485 [main] DEBUG devpinoyLogger  - -------------------Test Ended-------------------
220485 [main] DEBUG devpinoyLogger  - -------------------Test Ended-------------------
220485 [main] DEBUG devpinoyLogger  - -------------------Test Ended-------------------
220485 [main] DEBUG devpinoyLogger  - -------------------Test Ended-------------------
220485 [main] DEBUG devpinoyLogger  - -------------------Test Ended-------------------
220485 [main] DEBUG devpinoyLogger  - -------------------Test Ended-------------------
220485 [main] DEBUG devpinoyLogger  - -------------------Test Ended-------------------
220485 [main] DEBUG devpinoyLogger  - -------------------Test Ended-------------------
220485 [main] DEBUG devpinoyLogger  - -------------------Test Ended-------------------
220485 [main] DEBUG devpinoyLogger  - -------------------Test Ended-------------------
220485 [main] DEBUG devpinoyLogger  - -------------------Test Ended-------------------
220485 [main] DEBUG devpinoyLogger  - -------------------Test Ended-------------------
220485 [main] DEBUG devpinoyLogger  - -------------------Test Ended-------------------
220485 [main] DEBUG devpinoyLogger  - -------------------Test Ended-------------------
220485 [main] DEBUG devpinoyLogger  - -------------------Test Ended-------------------
220485 [main] DEBUG devpinoyLogger  - -------------------Test Ended-------------------
220485 [main] DEBUG devpinoyLogger  - -------------------Test Ended-------------------
220485 [main] DEBUG devpinoyLogger  - -------------------Test Ended-------------------
220485 [main] DEBUG devpinoyLogger  - -------------------Test Ended-------------------
&amp#27;[38;5;0m[HTTP]&amp#27;[0m &amp#27;[37m-->&amp#27;[39m &amp#27;[37mGET&amp#27;[39m &amp#27;[37m/status&amp#27;[39m
&amp#27;[38;5;0m[HTTP]&amp#27;[0m &amp#27;[90m{}&amp#27;[39m
&amp#27;[38;5;16m[AppiumDriver@b18f]&amp#27;[0m Calling AppiumDriver.getStatus() with args: []
&amp#27;[38;5;16m[AppiumDriver@b18f]&amp#27;[0m Responding to client with driver.getStatus() result: {"ready":true,"message":"The server is ready to accept new connections","build":{"version":"2.4.1"}}
&amp#27;[38;5;0m[HTTP]&amp#27;[0m &amp#27;[37m<-- GET /status &amp#27;[39m&amp#27;[32m200&amp#27;[39m &amp#27;[90m1 ms - 110&amp#27;[39m
&amp#27;[38;5;0m[HTTP]&amp#27;[0m &amp#27;[90m&amp#27;[39m
&amp#27;[38;5;0m[HTTP]&amp#27;[0m Request idempotency key: ccf501a8-8787-4b10-9635-625aefb52d63
&amp#27;[38;5;0m[HTTP]&amp#27;[0m &amp#27;[37m-->&amp#27;[39m &amp#27;[37mPOST&amp#27;[39m &amp#27;[37m/session&amp#27;[39m
&amp#27;[38;5;0m[HTTP]&amp#27;[0m &amp#27;[90m{"capabilities":{"firstMatch":[{}],"alwaysMatch":{"appium:deviceName":"Pixel 7 API 30","appium:platformVersion":"11.0","appium:app":"Project_Resources/app-release 22.apk","platformName":"ANDROID","appium:automationName":"UiAutomator2"}}}&amp#27;[39m
&amp#27;[38;5;16m[AppiumDriver@b18f]&amp#27;[0m Calling AppiumDriver.createSession() with args: [null,null,{"firstMatch":[{}],"alwaysMatch":{"appium:deviceName":"Pixel 7 API 30","appium:platformVersion":"11.0","appium:app":"Project_Resources/app-release 22.apk","platformName":"ANDROID","appium:automationName":"UiAutomator2"}}]
&amp#27;[38;5;16m[AppiumDriver@b18f]&amp#27;[0m Event 'newSessionRequested' logged at 1709019255758 (13:04:15 GMT+0530 (India Standard Time))
&amp#27;[35m[Appium]&amp#27;[39m Attempting to find matching driver for automationName 'UiAutomator2' and platformName 'ANDROID'
&amp#27;[35m[Appium]&amp#27;[39m The 'uiautomator2' driver was installed and matched caps.
&amp#27;[35m[Appium]&amp#27;[39m Will require it at C:\Users\Kvp\.appium\node_modules\appium-uiautomator2-driver
&amp#27;[35m[Appium]&amp#27;[39m Requiring driver at C:\Users\Kvp\.appium\node_modules\appium-uiautomator2-driver\build\index.js
&amp#27;[38;5;16m[AppiumDriver@b18f]&amp#27;[0m Appium v2.4.1 creating new AndroidUiautomator2Driver (v2.40.0) session
&amp#27;[38;5;16m[AppiumDriver@b18f]&amp#27;[0m Checking BaseDriver versions for Appium and AndroidUiautomator2Driver
&amp#27;[38;5;16m[AppiumDriver@b18f]&amp#27;[0m Appium's BaseDriver version is 9.5.0
&amp#27;[38;5;16m[AppiumDriver@b18f]&amp#27;[0m AndroidUiautomator2Driver's BaseDriver version is 9.5.0
&amp#27;[38;5;32m[AndroidUiautomator2Driver@cd22]&amp#27;[0m Creating session with W3C capabilities: {
&amp#27;[38;5;32m[AndroidUiautomator2Driver@cd22]&amp#27;[0m   "alwaysMatch": {
&amp#27;[38;5;32m[AndroidUiautomator2Driver@cd22]&amp#27;[0m     "platformName": "ANDROID",
&amp#27;[38;5;32m[AndroidUiautomator2Driver@cd22]&amp#27;[0m     "appium:deviceName": "Pixel 7 API 30",
&amp#27;[38;5;32m[AndroidUiautomator2Driver@cd22]&amp#27;[0m     "appium:platformVersion": "11.0",
&amp#27;[38;5;32m[AndroidUiautomator2Driver@cd22]&amp#27;[0m     "appium:app": "Project_Resources/app-release 22.apk",
&amp#27;[38;5;32m[AndroidUiautomator2Driver@cd22]&amp#27;[0m     "appium:automationName": "UiAutomator2"
&amp#27;[38;5;32m[AndroidUiautomator2Driver@cd22]&amp#27;[0m   },
&amp#27;[38;5;32m[AndroidUiautomator2Driver@cd22]&amp#27;[0m   "firstMatch": [
&amp#27;[38;5;32m[AndroidUiautomator2Driver@cd22]&amp#27;[0m     {}
&amp#27;[38;5;32m[AndroidUiautomator2Driver@cd22]&amp#27;[0m   ]
&amp#27;[38;5;32m[AndroidUiautomator2Driver@cd22]&amp#27;[0m }
&amp#27;[38;5;32m[AndroidUiautomator2Driver@cd22 (ddd4f5ae)]&amp#27;[0m Session created with session id: ddd4f5ae-cf8b-49c1-b33d-f6fbd915917a
&amp#27;[38;5;48m[BaseDriver]&amp#27;[0m Using local app 'Project_Resources/app-release 22.apk'
&amp#27;[38;5;48m[BaseDriver]&amp#27;[0m The current application path 'Project_Resources/app-release 22.apk' is not absolute and has been rewritten to 'C:\Users\Kvp\eclipse-workspace\KVP_FMCG_Industry_Product\Project_Resources\app-release 22.apk'. Consider using absolute paths rather than relative
&amp#27;[38;5;32m[AndroidUiautomator2Driver@cd22 (ddd4f5ae)]&amp#27;[0m Checking whether app is actually present
&amp#27;[38;5;64m[ADB]&amp#27;[0m Using 'adb.exe' from 'C:\Users\Kvp\AppData\Local\Android\Sdk\platform-tools\adb.exe'
&amp#27;[38;5;64m[ADB]&amp#27;[0m Running 'C:\Users\Kvp\AppData\Local\Android\Sdk\platform-tools\adb.exe -P 5037 start-server'
&amp#27;[38;5;80m[AndroidDriver]&amp#27;[0m Retrieving device list
&amp#27;[38;5;64m[ADB]&amp#27;[0m Trying to find connected Android devices
&amp#27;[38;5;64m[ADB]&amp#27;[0m Getting connected devices
&amp#27;[38;5;64m[ADB]&amp#27;[0m Connected devices: [{"udid":"emulator-5554","state":"device"}]
&amp#27;[38;5;80m[AndroidDriver]&amp#27;[0m Looking for a device with Android '11.0.0'
&amp#27;[38;5;64m[ADB]&amp#27;[0m Setting device id to emulator-5554
&amp#27;[38;5;64m[ADB]&amp#27;[0m Getting device platform version
&amp#27;[38;5;64m[ADB]&amp#27;[0m Running 'C:\Users\Kvp\AppData\Local\Android\Sdk\platform-tools\adb.exe -P 5037 -s emulator-5554 shell getprop ro.build.version.release'
&amp#27;[38;5;64m[ADB]&amp#27;[0m Current device property 'ro.build.version.release': 11
&amp#27;[38;5;80m[AndroidDriver]&amp#27;[0m Using device: emulator-5554
&amp#27;[38;5;64m[ADB]&amp#27;[0m Using 'adb.exe' from 'C:\Users\Kvp\AppData\Local\Android\Sdk\platform-tools\adb.exe'
&amp#27;[38;5;64m[ADB]&amp#27;[0m Running 'C:\Users\Kvp\AppData\Local\Android\Sdk\platform-tools\adb.exe -P 5037 start-server'
&amp#27;[38;5;112m[Instrumentation]&amp#27;[0m The process has exited with code 0
&amp#27;[38;5;64m[ADB]&amp#27;[0m Setting device id to emulator-5554
&amp#27;[38;5;64m[ADB]&amp#27;[0m Running 'C:\Users\Kvp\AppData\Local\Android\Sdk\platform-tools\adb.exe -P 5037 -s emulator-5554 shell getprop ro.build.version.sdk'
&amp#27;[38;5;64m[ADB]&amp#27;[0m Current device property 'ro.build.version.sdk': 30
&amp#27;[38;5;64m[ADB]&amp#27;[0m Getting device platform version
&amp#27;[38;5;64m[ADB]&amp#27;[0m Running 'C:\Users\Kvp\AppData\Local\Android\Sdk\platform-tools\adb.exe -P 5037 -s emulator-5554 shell getprop ro.build.version.release'
&amp#27;[38;5;64m[ADB]&amp#27;[0m Current device property 'ro.build.version.release': 11
&amp#27;[38;5;64m[ADB]&amp#27;[0m Device API level: 30
&amp#27;[38;5;32m[AndroidUiautomator2Driver@cd22 (ddd4f5ae)]&amp#27;[0m Relaxing hidden api policy
&amp#27;[38;5;64m[ADB]&amp#27;[0m Running 'C:\Users\Kvp\AppData\Local\Android\Sdk\platform-tools\adb.exe -P 5037 -s emulator-5554 shell 'settings put global hidden_api_policy_pre_p_apps 1;settings put global hidden_api_policy_p_apps 1;settings put global hidden_api_policy 1''
&amp#27;[38;5;80m[AndroidDriver]&amp#27;[0m Parsing package and activity from app manifest
&amp#27;[38;5;64m[ADB]&amp#27;[0m Package name: 'com.example.field_sales_app'
&amp#27;[38;5;64m[ADB]&amp#27;[0m Main activity name: 'com.example.field_sales_app.MainActivity'
&amp#27;[38;5;80m[AndroidDriver]&amp#27;[0m Parsed package and activity are: com.example.field_sales_app/com.example.field_sales_app.MainActivity
&amp#27;[38;5;64m[ADB]&amp#27;[0m Running 'C:\Users\Kvp\AppData\Local\Android\Sdk\platform-tools\adb.exe -P 5037 -s emulator-5554 wait-for-device'
&amp#27;[38;5;64m[ADB]&amp#27;[0m Running 'C:\Users\Kvp\AppData\Local\Android\Sdk\platform-tools\adb.exe -P 5037 -s emulator-5554 shell echo ping'
&amp#27;[38;5;80m[AndroidDriver]&amp#27;[0m Pushing settings apk to device...
&amp#27;[38;5;64m[ADB]&amp#27;[0m Getting package info for 'io.appium.settings'
&amp#27;[38;5;64m[ADB]&amp#27;[0m Running 'C:\Users\Kvp\AppData\Local\Android\Sdk\platform-tools\adb.exe -P 5037 -s emulator-5554 shell dumpsys package io.appium.settings'
&amp#27;[38;5;64m[ADB]&amp#27;[0m The version name of the installed 'io.appium.settings' is greater or equal to the application version name ('5.3.1' >= '5.3.1')
&amp#27;[38;5;64m[ADB]&amp#27;[0m There is no need to install/upgrade 'C:\Users\Kvp\.appium\node_modules\appium-uiautomator2-driver\node_modules\io.appium.settings\apks\settings_apk-debug.apk'
&amp#27;[38;5;64m[ADB]&amp#27;[0m Getting IDs of all 'io.appium.settings' processes
&amp#27;[38;5;64m[ADB]&amp#27;[0m Running 'C:\Users\Kvp\AppData\Local\Android\Sdk\platform-tools\adb.exe -P 5037 -s emulator-5554 shell 'pgrep --help; echo $?''
&amp#27;[38;5;64m[ADB]&amp#27;[0m Running 'C:\Users\Kvp\AppData\Local\Android\Sdk\platform-tools\adb.exe -P 5037 -s emulator-5554 shell pgrep -f \(\[\[:blank:\]\]\|\^\)io\.appium\.settings\(\[\[:blank:\]\]\|\$\)'
&amp#27;[38;5;80m[AndroidDriver]&amp#27;[0m io.appium.settings is already running. There is no need to reset its permissions.
&amp#27;[38;5;96m[Logcat]&amp#27;[0m Starting logs capture with command: C:\\Users\\Kvp\\AppData\\Local\\Android\\Sdk\\platform-tools\\adb.exe -P 5037 -s emulator-5554 logcat -v threadtime
&amp#27;[38;5;32m[AndroidUiautomator2Driver@cd22 (ddd4f5ae)]&amp#27;[0m Forwarding UiAutomator2 Server port 6790 to local port 8201
&amp#27;[38;5;64m[ADB]&amp#27;[0m Forwarding system: 8201 to device: 6790
&amp#27;[38;5;64m[ADB]&amp#27;[0m Running 'C:\Users\Kvp\AppData\Local\Android\Sdk\platform-tools\adb.exe -P 5037 -s emulator-5554 forward tcp:8201 tcp:6790'
&amp#27;[38;5;64m[ADB]&amp#27;[0m Checking app cert for C:\Users\Kvp\.appium\node_modules\appium-uiautomator2-driver\node_modules\appium-uiautomator2-server\apks\appium-uiautomator2-server-v6.0.1.apk
&amp#27;[38;5;64m[ADB]&amp#27;[0m Checking app cert for C:\Users\Kvp\.appium\node_modules\appium-uiautomator2-driver\node_modules\appium-uiautomator2-server\apks\appium-uiautomator2-server-debug-androidTest.apk
&amp#27;[38;5;64m[ADB]&amp#27;[0m Using the previously cached signature entry for 'appium-uiautomator2-server-debug-androidTest.apk'
&amp#27;[38;5;64m[ADB]&amp#27;[0m sha256 hash did match for 'appium-uiautomator2-server-debug-androidTest.apk'
&amp#27;[38;5;64m[ADB]&amp#27;[0m Getting install status for io.appium.uiautomator2.server.test
&amp#27;[38;5;64m[ADB]&amp#27;[0m Running 'C:\Users\Kvp\AppData\Local\Android\Sdk\platform-tools\adb.exe -P 5037 -s emulator-5554 shell pm path io.appium.uiautomator2.server.test'
&amp#27;[38;5;64m[ADB]&amp#27;[0m 'io.appium.uiautomator2.server.test' is installed
&amp#27;[38;5;64m[ADB]&amp#27;[0m Using the previously cached signature entry for 'appium-uiautomator2-server-v6.0.1.apk'
&amp#27;[38;5;64m[ADB]&amp#27;[0m sha256 hash did match for 'appium-uiautomator2-server-v6.0.1.apk'
&amp#27;[38;5;64m[ADB]&amp#27;[0m Getting package info for 'io.appium.uiautomator2.server'
&amp#27;[38;5;64m[ADB]&amp#27;[0m Running 'C:\Users\Kvp\AppData\Local\Android\Sdk\platform-tools\adb.exe -P 5037 -s emulator-5554 shell dumpsys package io.appium.uiautomator2.server'
&amp#27;[38;5;64m[ADB]&amp#27;[0m The version name of the installed 'io.appium.uiautomator2.server' is greater or equal to the application version name ('6.0.1' >= '6.0.1')
&amp#27;[38;5;32m[AndroidUiautomator2Driver@cd22 (ddd4f5ae)]&amp#27;[0m Server packages status: [{"wasSigned":true,"installState":"sameVersionInstalled","appPath":"C:\\Users\\Kvp\\.appium\\node_modules\\appium-uiautomator2-driver\\node_modules\\appium-uiautomator2-server\\apks\\appium-uiautomator2-server-v6.0.1.apk","appId":"io.appium.uiautomator2.server"},{"wasSigned":true,"installState":"sameVersionInstalled","appPath":"C:\\Users\\Kvp\\.appium\\node_modules\\appium-uiautomator2-driver\\node_modules\\appium-uiautomator2-server\\apks\\appium-uiautomator2-server-debug-androidTest.apk","appId":"io.appium.uiautomator2.server.test"}]
&amp#27;[38;5;32m[AndroidUiautomator2Driver@cd22 (ddd4f5ae)]&amp#27;[0m Server packages are not going to be (re)installed
&amp#27;[38;5;32m[AndroidUiautomator2Driver@cd22 (ddd4f5ae)]&amp#27;[0m Waiting up to 30000ms for services to be available
&amp#27;[38;5;64m[ADB]&amp#27;[0m Running 'C:\Users\Kvp\AppData\Local\Android\Sdk\platform-tools\adb.exe -P 5037 -s emulator-5554 shell pm list instrumentation'
&amp#27;[38;5;32m[AndroidUiautomator2Driver@cd22 (ddd4f5ae)]&amp#27;[0m Instrumentation target 'io.appium.uiautomator2.server.test/androidx.test.runner.AndroidJUnitRunner' is available
&amp#27;[38;5;64m[ADB]&amp#27;[0m Adding packages ["io.appium.settings","io.appium.uiautomator2.server","io.appium.uiautomator2.server.test"] to Doze whitelist
&amp#27;[38;5;64m[ADB]&amp#27;[0m Got the following command chunks to execute: [["dumpsys","deviceidle","whitelist","+io.appium.settings",";","dumpsys","deviceidle","whitelist","+io.appium.uiautomator2.server",";","dumpsys","deviceidle","whitelist","+io.appium.uiautomator2.server.test",";"]]
&amp#27;[38;5;64m[ADB]&amp#27;[0m Running 'C:\Users\Kvp\AppData\Local\Android\Sdk\platform-tools\adb.exe -P 5037 -s emulator-5554 shell dumpsys deviceidle whitelist +io.appium.settings ; dumpsys deviceidle whitelist +io.appium.uiautomator2.server ; dumpsys deviceidle whitelist +io.appium.uiautomator2.server.test ;'
&amp#27;[38;5;64m[ADB]&amp#27;[0m Checking app cert for C:\Users\Kvp\eclipse-workspace\KVP_FMCG_Industry_Product\Project_Resources\app-release 22.apk
&amp#27;[38;5;64m[ADB]&amp#27;[0m Using the previously cached signature entry for 'app-release 22.apk'
&amp#27;[38;5;64m[ADB]&amp#27;[0m Getting package info for 'com.example.field_sales_app'
&amp#27;[38;5;64m[ADB]&amp#27;[0m Running 'C:\Users\Kvp\AppData\Local\Android\Sdk\platform-tools\adb.exe -P 5037 -s emulator-5554 shell dumpsys package com.example.field_sales_app'
&amp#27;[38;5;64m[ADB]&amp#27;[0m The version name of the installed 'com.example.field_sales_app' is greater or equal to the application version name ('1.0.0' >= '1.0.0')
&amp#27;[38;5;64m[ADB]&amp#27;[0m There is no need to install/upgrade 'C:\Users\Kvp\eclipse-workspace\KVP_FMCG_Industry_Product\Project_Resources\app-release 22.apk'
&amp#27;[38;5;80m[AndroidDriver]&amp#27;[0m Performing fast reset on 'com.example.field_sales_app'
&amp#27;[38;5;64m[ADB]&amp#27;[0m Getting install status for com.example.field_sales_app
&amp#27;[38;5;64m[ADB]&amp#27;[0m Running 'C:\Users\Kvp\AppData\Local\Android\Sdk\platform-tools\adb.exe -P 5037 -s emulator-5554 shell pm path com.example.field_sales_app'
&amp#27;[38;5;64m[ADB]&amp#27;[0m 'com.example.field_sales_app' is installed
&amp#27;[38;5;64m[ADB]&amp#27;[0m Running 'C:\Users\Kvp\AppData\Local\Android\Sdk\platform-tools\adb.exe -P 5037 -s emulator-5554 shell am force-stop com.example.field_sales_app'
&amp#27;[38;5;64m[ADB]&amp#27;[0m Running 'C:\Users\Kvp\AppData\Local\Android\Sdk\platform-tools\adb.exe -P 5037 -s emulator-5554 shell pm clear com.example.field_sales_app'
&amp#27;[38;5;80m[AndroidDriver]&amp#27;[0m Performed fast reset on the installed 'com.example.field_sales_app' application (stop and clear)
&amp#27;[38;5;32m[AndroidUiautomator2Driver@cd22 (ddd4f5ae)]&amp#27;[0m Performing shallow cleanup of automation leftovers
&amp#27;[38;5;32m[AndroidUiautomator2Driver@cd22 (ddd4f5ae)]&amp#27;[0m No obsolete sessions have been detected (socket hang up)
&amp#27;[38;5;64m[ADB]&amp#27;[0m Running 'C:\Users\Kvp\AppData\Local\Android\Sdk\platform-tools\adb.exe -P 5037 -s emulator-5554 shell am force-stop io.appium.uiautomator2.server.test'
&amp#27;[38;5;32m[AndroidUiautomator2Driver@cd22 (ddd4f5ae)]&amp#27;[0m Starting UIAutomator2 server 6.0.1
&amp#27;[38;5;32m[AndroidUiautomator2Driver@cd22 (ddd4f5ae)]&amp#27;[0m Using UIAutomator2 server from 'C:\Users\Kvp\.appium\node_modules\appium-uiautomator2-driver\node_modules\appium-uiautomator2-server\apks\appium-uiautomator2-server-v6.0.1.apk' and test from 'C:\Users\Kvp\.appium\node_modules\appium-uiautomator2-driver\node_modules\appium-uiautomator2-server\apks\appium-uiautomator2-server-debug-androidTest.apk'
&amp#27;[38;5;32m[AndroidUiautomator2Driver@cd22 (ddd4f5ae)]&amp#27;[0m Waiting up to 30000ms for UiAutomator2 to be online...
&amp#27;[38;5;64m[ADB]&amp#27;[0m Creating ADB subprocess with args: ["-P","5037","-s","emulator-5554","shell","am","instrument","-w","-e","disableAnalytics","true","io.appium.uiautomator2.server.test/androidx.test.runner.AndroidJUnitRunner"]
&amp#27;[38;5;32m[AndroidUiautomator2Driver@cd22 (ddd4f5ae)]&amp#27;[0m Matched '/status' to command name 'getStatus'
&amp#27;[38;5;32m[AndroidUiautomator2Driver@cd22 (ddd4f5ae)]&amp#27;[0m Proxying [GET /status] to [GET http://127.0.0.1:8201/status] with no body
&amp#27;[38;5;32m[AndroidUiautomator2Driver@cd22 (ddd4f5ae)]&amp#27;[0m socket hang up
&amp#27;[35m[Appium]&amp#27;[39m Welcome to Appium v2.4.1
&amp#27;[35m[Appium]&amp#27;[39m Non-default server args:
&amp#27;[35m[Appium]&amp#27;[39m { address: &amp#27;[32m'127.0.0.1'&amp#27;[39m }
&amp#27;[35m[Appium]&amp#27;[39m The autodetected Appium home path: C:\Users\Kvp\.appium
&amp#27;[35m[Appium]&amp#27;[39m Attempting to load driver uiautomator2...
&amp#27;[35m[Appium]&amp#27;[39m Requiring driver at C:\Users\Kvp\.appium\node_modules\appium-uiautomator2-driver\build\index.js
&amp#27;[38;5;112m[Instrumentation]&amp#27;[0m io.appium.uiautomator2.server.test.AppiumUiAutomator2Server:
&amp#27;[38;5;32m[AndroidUiautomator2Driver@cd22 (ddd4f5ae)]&amp#27;[0m Matched '/status' to command name 'getStatus'
&amp#27;[38;5;32m[AndroidUiautomator2Driver@cd22 (ddd4f5ae)]&amp#27;[0m Proxying [GET /status] to [GET http://127.0.0.1:8201/status] with no body
&amp#27;[38;5;32m[AndroidUiautomator2Driver@cd22 (ddd4f5ae)]&amp#27;[0m socket hang up
&amp#27;[38;5;32m[AndroidUiautomator2Driver@cd22 (ddd4f5ae)]&amp#27;[0m Matched '/status' to command name 'getStatus'
&amp#27;[38;5;32m[AndroidUiautomator2Driver@cd22 (ddd4f5ae)]&amp#27;[0m Proxying [GET /status] to [GET http://127.0.0.1:8201/status] with no body
&amp#27;[38;5;32m[AndroidUiautomator2Driver@cd22 (ddd4f5ae)]&amp#27;[0m socket hang up
&amp#27;[35m[Appium]&amp#27;[39m AndroidUiautomator2Driver has been successfully loaded in 1.702s
&amp#27;[38;5;0m[HTTP]&amp#27;[0m Could not start REST http interface listener. The requested port may already be in use. Please make sure there is no other instance of this server running already.
&amp#27;[35m[Appium]&amp#27;[39m Could not configure Appium server. It's possible that a driver or plugin tried to update the server and failed. Original error: listen EADDRINUSE: address already in use 127.0.0.1:4723
&amp#27;[35m[Appium]&amp#27;[39m Error: listen EADDRINUSE: address already in use 127.0.0.1:4723
&amp#27;[35m[Appium]&amp#27;[39m     at Server.setupListenHandle [as _listen2] (node:net:1872:16)
&amp#27;[35m[Appium]&amp#27;[39m     at listenInCluster (node:net:1920:12)
&amp#27;[35m[Appium]&amp#27;[39m     at doListen (node:net:2075:7)
&amp#27;[35m[Appium]&amp#27;[39m     at processTicksAndRejections (node:internal/process/task_queues:83:21)
&amp#27;[38;5;32m[AndroidUiautomator2Driver@cd22 (ddd4f5ae)]&amp#27;[0m Matched '/status' to command name 'getStatus'
&amp#27;[38;5;32m[AndroidUiautomator2Driver@cd22 (ddd4f5ae)]&amp#27;[0m Proxying [GET /status] to [GET http://127.0.0.1:8201/status] with no body
&amp#27;[38;5;32m[AndroidUiautomator2Driver@cd22 (ddd4f5ae)]&amp#27;[0m Got response with status 200: {"sessionId":"None","value":{"message":"UiAutomator2 Server is ready to accept commands","ready":true}}
&amp#27;[38;5;32m[AndroidUiautomator2Driver@cd22 (ddd4f5ae)]&amp#27;[0m The initialization of the instrumentation process took 3234ms
&amp#27;[38;5;32m[AndroidUiautomator2Driver@cd22 (ddd4f5ae)]&amp#27;[0m Matched '/session' to command name 'createSession'
&amp#27;[38;5;32m[AndroidUiautomator2Driver@cd22 (ddd4f5ae)]&amp#27;[0m Proxying [POST /session] to [POST http://127.0.0.1:8201/session] with body: {"capabilities":{"firstMatch":[{"platformName":"ANDROID","deviceName":"emulator-5554","platformVersion":"11.0","app":"Project_Resources/app-release 22.apk","automationName":"UiAutomator2","platform":"LINUX","webStorageEnabled":false,"takesScreenshot":true,"javascriptEnabled":true,"databaseEnabled":false,"networkConnectionEnabled":true,"locationContextEnabled":false,"warnings":{},"desired":{"platformName":"ANDROID","deviceName":"Pixel 7 API 30","platformVersion":"11.0","app":"Project_Resources/app-release 22.apk","automationName":"UiAutomator2"},"deviceUDID":"emulator-5554","appPackage":"com.example.field_sales_app"}],"alwaysMatch":{}}}
&amp#27;[38;5;32m[AndroidUiautomator2Driver@cd22 (ddd4f5ae)]&amp#27;[0m Got response with status 200: {"sessionId":"d097ec8f-b613-469e-a005-fa8eead4fe02","value":{"capabilities":{"firstMatch":[{"platformName":"ANDROID","deviceName":"emulator-5554","platformVersion":"11.0","app":"Project_Resources/app-release 22.apk","automationName":"UiAutomator2","platform":"LINUX","webStorageEnabled":false,"takesScreenshot":true,"javascriptEnabled":true,"databaseEnabled":false,"networkConnectionEnabled":true,"locationContextEnabled":false,"warnings":{},"desired":{"platformName":"ANDROID","deviceName":"Pixel 7 API 30","platformVersion":"11.0","app":"Project_Resources/app-release 22.apk","automationName":"UiAutomator2"},"deviceUDID":"emulator-5554","appPackage":"com.example.field_sales_app"}],"alwaysMatch":{}},"sessionId":"d097ec8f-b613-469e-a005-fa8eead4fe02"}}
&amp#27;[38;5;32m[AndroidUiautomator2Driver@cd22 (ddd4f5ae)]&amp#27;[0m Determined the downstream protocol as 'W3C'
&amp#27;[38;5;32m[AndroidUiautomator2Driver@cd22 (ddd4f5ae)]&amp#27;[0m Proxying [GET /appium/device/pixel_ratio] to [GET http://127.0.0.1:8201/session/d097ec8f-b613-469e-a005-fa8eead4fe02/appium/device/pixel_ratio] with no body
&amp#27;[38;5;32m[AndroidUiautomator2Driver@cd22 (ddd4f5ae)]&amp#27;[0m Matched '/appium/device/system_bars' to command name 'getSystemBars'
&amp#27;[38;5;32m[AndroidUiautomator2Driver@cd22 (ddd4f5ae)]&amp#27;[0m Proxying [GET /appium/device/system_bars] to [GET http://127.0.0.1:8201/session/d097ec8f-b613-469e-a005-fa8eead4fe02/appium/device/system_bars] with no body
&amp#27;[38;5;32m[AndroidUiautomator2Driver@cd22 (ddd4f5ae)]&amp#27;[0m Matched '/window/current/size' to command name 'getWindowSize'
&amp#27;[38;5;32m[AndroidUiautomator2Driver@cd22 (ddd4f5ae)]&amp#27;[0m Proxying [GET /window/current/size] to [GET http://127.0.0.1:8201/session/d097ec8f-b613-469e-a005-fa8eead4fe02/window/current/size] with no body
&amp#27;[38;5;32m[AndroidUiautomator2Driver@cd22 (ddd4f5ae)]&amp#27;[0m Proxying [GET /appium/device/info] to [GET http://127.0.0.1:8201/session/d097ec8f-b613-469e-a005-fa8eead4fe02/appium/device/info] with no body
&amp#27;[38;5;64m[ADB]&amp#27;[0m Running 'C:\Users\Kvp\AppData\Local\Android\Sdk\platform-tools\adb.exe -P 5037 -s emulator-5554 shell dumpsys window'
&amp#27;[38;5;32m[AndroidUiautomator2Driver@cd22 (ddd4f5ae)]&amp#27;[0m Got response with status 200: {"sessionId":"d097ec8f-b613-469e-a005-fa8eead4fe02","value":2.625}
&amp#27;[38;5;32m[AndroidUiautomator2Driver@cd22 (ddd4f5ae)]&amp#27;[0m Got response with status 200: {"sessionId":"d097ec8f-b613-469e-a005-fa8eead4fe02","value":{"height":2400,"width":1080}}
&amp#27;[38;5;32m[AndroidUiautomator2Driver@cd22 (ddd4f5ae)]&amp#27;[0m Got response with status 200: {"sessionId":"d097ec8f-b613-469e-a005-fa8eead4fe02","value":{"statusBar":136}}
&amp#27;[38;5;32m[AndroidUiautomator2Driver@cd22 (ddd4f5ae)]&amp#27;[0m Got response with status 200: {"sessionId":"d097ec8f-b613-469e-a005-fa8eead4fe02","value":{"androidId":"edb8ac92f336e9f5","apiVersion":"30","bluetooth":{"state":"OFF"},"brand":"google","carrierName":"Android","displayDensity":420,"locale":"en_US","manufacturer":"Google","model":"sdk_gphone_x86","networks":[{"capabilities":{"SSID":null,"linkDownBandwidthKbps":30000,"linkUpstreamBandwidthKbps":15000,"networkCapabilities":"NET_CAPABILITY_MMS,NET_CAPABILITY_SUPL,NET_CAPABILITY_DUN,NET_CAPABILITY_FOTA,NET_CAPABILITY_IMS,NET_CAPABILITY_CBS,NET_CAPABILITY_INTERNET,NET_CAPABILITY_NOT_RESTRICTED,NET_CAPABILITY_TRUSTED,NET_CAPABILITY_NOT_VPN,NET_CAPABILITY_VALIDATED,NET_CAPABILITY_NOT_ROAMING,NET_CAPABILITY_NOT_CONGESTED,NET_CAPABILITY_NOT_SUSPENDED","signalStrength":-2147483648,"transportTypes":"TRANSPORT_CELLULAR"},"detailedState":"CONNECTED","extraInfo":"epc.tmobile.com","isAvailable":true,"isConnected":true,"isFailover":false,"isRoaming":false,"state":"CONNECTED","subtype":13,"subtypeName":"LTE","type":0,"typeName":"MOBILE"},{"capabilities":...
&amp#27;[38;5;80m[AndroidDriver]&amp#27;[0m Screen already unlocked, doing nothing
&amp#27;[38;5;32m[AndroidUiautomator2Driver@cd22 (ddd4f5ae)]&amp#27;[0m Starting 'com.example.field_sales_app/com.example.field_sales_app.MainActivity and waiting for 'com.example.field_sales_app/com.example.field_sales_app.MainActivity'
&amp#27;[38;5;64m[ADB]&amp#27;[0m Running 'C:\Users\Kvp\AppData\Local\Android\Sdk\platform-tools\adb.exe -P 5037 -s emulator-5554 shell am start -W -n com.example.field_sales_app/com.example.field_sales_app.MainActivity -S -a android.intent.action.MAIN -c android.intent.category.LAUNCHER -f 0x10200000'
&amp#27;[38;5;0m[HTTP]&amp#27;[0m &amp#27;[37m-->&amp#27;[39m &amp#27;[37mGET&amp#27;[39m &amp#27;[37m/session/fe1e5e56-571c-4eb6-898d-5d5d3bd3a4b3/timeouts&amp#27;[39m
&amp#27;[38;5;0m[HTTP]&amp#27;[0m &amp#27;[90m{}&amp#27;[39m
&amp#27;[38;5;16m[AppiumDriver@b18f]&amp#27;[0m Encountered internal error running command: NoSuchDriverError: A session is either terminated or not started
&amp#27;[38;5;16m[AppiumDriver@b18f]&amp#27;[0m     at asyncHandler (C:\Users\Kvp\AppData\Roaming\npm\node_modules\appium\node_modules\@appium\base-driver\lib\protocol\protocol.js:315:15)
&amp#27;[38;5;16m[AppiumDriver@b18f]&amp#27;[0m     at C:\Users\Kvp\AppData\Roaming\npm\node_modules\appium\node_modules\@appium\base-driver\lib\protocol\protocol.js:518:15
&amp#27;[38;5;16m[AppiumDriver@b18f]&amp#27;[0m     at Layer.handle [as handle_request] (C:\Users\Kvp\AppData\Roaming\npm\node_modules\appium\node_modules\express\lib\router\layer.js:95:5)
&amp#27;[38;5;16m[AppiumDriver@b18f]&amp#27;[0m     at next (C:\Users\Kvp\AppData\Roaming\npm\node_modules\appium\node_modules\express\lib\router\route.js:144:13)
&amp#27;[38;5;16m[AppiumDriver@b18f]&amp#27;[0m     at Route.dispatch (C:\Users\Kvp\AppData\Roaming\npm\node_modules\appium\node_modules\express\lib\router\route.js:114:3)
&amp#27;[38;5;16m[AppiumDriver@b18f]&amp#27;[0m     at Layer.handle [as handle_request] (C:\Users\Kvp\AppData\Roaming\npm\node_modules\appium\node_modules\express\lib\router\layer.js:95:5)
&amp#27;[38;5;16m[AppiumDriver@b18f]&amp#27;[0m     at C:\Users\Kvp\AppData\Roaming\npm\node_modules\appium\node_modules\express\lib\router\index.js:284:15
&amp#27;[38;5;16m[AppiumDriver@b18f]&amp#27;[0m     at param (C:\Users\Kvp\AppData\Roaming\npm\node_modules\appium\node_modules\express\lib\router\index.js:365:14)
&amp#27;[38;5;16m[AppiumDriver@b18f]&amp#27;[0m     at param (C:\Users\Kvp\AppData\Roaming\npm\node_modules\appium\node_modules\express\lib\router\index.js:376:14)
&amp#27;[38;5;16m[AppiumDriver@b18f]&amp#27;[0m     at Function.process_params (C:\Users\Kvp\AppData\Roaming\npm\node_modules\appium\node_modules\express\lib\router\index.js:421:3)
&amp#27;[38;5;16m[AppiumDriver@b18f]&amp#27;[0m     at next (C:\Users\Kvp\AppData\Roaming\npm\node_modules\appium\node_modules\express\lib\router\index.js:280:10)
&amp#27;[38;5;16m[AppiumDriver@b18f]&amp#27;[0m     at logger (C:\Users\Kvp\AppData\Roaming\npm\node_modules\appium\node_modules\morgan\index.js:144:5)
&amp#27;[38;5;16m[AppiumDriver@b18f]&amp#27;[0m     at Layer.handle [as handle_request] (C:\Users\Kvp\AppData\Roaming\npm\node_modules\appium\node_modules\express\lib\router\layer.js:95:5)
&amp#27;[38;5;16m[AppiumDriver@b18f]&amp#27;[0m     at trim_prefix (C:\Users\Kvp\AppData\Roaming\npm\node_modules\appium\node_modules\express\lib\router\index.js:328:13)
&amp#27;[38;5;16m[AppiumDriver@b18f]&amp#27;[0m     at C:\Users\Kvp\AppData\Roaming\npm\node_modules\appium\node_modules\express\lib\router\index.js:286:9
&amp#27;[38;5;16m[AppiumDriver@b18f]&amp#27;[0m     at Function.process_params (C:\Users\Kvp\AppData\Roaming\npm\node_modules\appium\node_modules\express\lib\router\index.js:346:12)
&amp#27;[38;5;16m[AppiumDriver@b18f]&amp#27;[0m     at next (C:\Users\Kvp\AppData\Roaming\npm\node_modules\appium\node_modules\express\lib\router\index.js:280:10)
&amp#27;[38;5;16m[AppiumDriver@b18f]&amp#27;[0m     at jsonParser (C:\Users\Kvp\AppData\Roaming\npm\node_modules\appium\node_modules\body-parser\lib\types\json.js:113:7)
&amp#27;[38;5;16m[AppiumDriver@b18f]&amp#27;[0m     at Layer.handle [as handle_request] (C:\Users\Kvp\AppData\Roaming\npm\node_modules\appium\node_modules\express\lib\router\layer.js:95:5)
&amp#27;[38;5;16m[AppiumDriver@b18f]&amp#27;[0m     at trim_prefix (C:\Users\Kvp\AppData\Roaming\npm\node_modules\appium\node_modules\express\lib\router\index.js:328:13)
&amp#27;[38;5;16m[AppiumDriver@b18f]&amp#27;[0m     at C:\Users\Kvp\AppData\Roaming\npm\node_modules\appium\node_modules\express\lib\router\index.js:286:9
&amp#27;[38;5;16m[AppiumDriver@b18f]&amp#27;[0m     at Function.process_params (C:\Users\Kvp\AppData\Roaming\npm\node_modules\appium\node_modules\express\lib\router\index.js:346:12)
&amp#27;[38;5;0m[HTTP]&amp#27;[0m &amp#27;[37m<-- GET /session/fe1e5e56-571c-4eb6-898d-5d5d3bd3a4b3/timeouts &amp#27;[39m&amp#27;[33m404&amp#27;[39m &amp#27;[90m5 ms - 3187&amp#27;[39m
&amp#27;[38;5;0m[HTTP]&amp#27;[0m &amp#27;[90m&amp#27;[39m
&amp#27;[38;5;64m[ADB]&amp#27;[0m Waiting up to 20000ms for activity matching pkg: 'com.example.field_sales_app' and activity: 'com.example.field_sales_app.MainActivity' to be focused
&amp#27;[38;5;64m[ADB]&amp#27;[0m Possible activities, to be checked: 'com.example.field_sales_app.MainActivity', 'com.example.field_sales_app.com.example.field_sales_app.MainActivity'
&amp#27;[38;5;64m[ADB]&amp#27;[0m Getting focused package and activity
&amp#27;[38;5;64m[ADB]&amp#27;[0m Running 'C:\Users\Kvp\AppData\Local\Android\Sdk\platform-tools\adb.exe -P 5037 -s emulator-5554 shell dumpsys window displays'
&amp#27;[38;5;64m[ADB]&amp#27;[0m Found package: 'com.example.field_sales_app' and fully qualified activity name : 'com.example.field_sales_app.MainActivity'
&amp#27;[38;5;16m[AppiumDriver@b18f]&amp#27;[0m New AndroidUiautomator2Driver session created successfully, session ddd4f5ae-cf8b-49c1-b33d-f6fbd915917a added to master session list
&amp#27;[38;5;16m[AppiumDriver@b18f]&amp#27;[0m Event 'newSessionStarted' logged at 1709019266601 (13:04:26 GMT+0530 (India Standard Time))
&amp#27;[38;5;32m[AndroidUiautomator2Driver@cd22 (ddd4f5ae)]&amp#27;[0m Cached the protocol value 'W3C' for the new session ddd4f5ae-cf8b-49c1-b33d-f6fbd915917a
&amp#27;[38;5;32m[AndroidUiautomator2Driver@cd22 (ddd4f5ae)]&amp#27;[0m Responding to client with driver.createSession() result: {"capabilities":{"platformName":"ANDROID","deviceName":"emulator-5554","platformVersion":"11","app":"Project_Resources/app-release 22.apk","automationName":"UiAutomator2","platform":"LINUX","webStorageEnabled":false,"takesScreenshot":true,"javascriptEnabled":true,"databaseEnabled":false,"networkConnectionEnabled":true,"locationContextEnabled":false,"warnings":{},"desired":{"platformName":"ANDROID","deviceName":"Pixel 7 API 30","platformVersion":"11.0","app":"Project_Resources/app-release 22.apk","automationName":"UiAutomator2"},"deviceUDID":"emulator-5554","appPackage":"com.example.field_sales_app","pixelRatio":"2.625","statBarHeight":136,"viewportRect":{"left":0,"top":136,"width":1080,"height":2264},"deviceApiLevel":30,"deviceManufacturer":"Google","deviceModel":"sdk_gphone_x86","deviceScreenSize":"1080x2400","deviceScreenDensity":420}}
&amp#27;[38;5;0m[HTTP]&amp#27;[0m &amp#27;[37m<-- POST /session &amp#27;[39m&amp#27;[32m200&amp#27;[39m &amp#27;[90m10844 ms - 910&amp#27;[39m
&amp#27;[38;5;0m[HTTP]&amp#27;[0m &amp#27;[90m&amp#27;[39m
&amp#27;[38;5;0m[HTTP]&amp#27;[0m &amp#27;[37m-->&amp#27;[39m &amp#27;[37mPOST&amp#27;[39m &amp#27;[37m/session/ddd4f5ae-cf8b-49c1-b33d-f6fbd915917a/timeouts&amp#27;[39m
&amp#27;[38;5;0m[HTTP]&amp#27;[0m &amp#27;[90m{"implicit":10000}&amp#27;[39m
&amp#27;[38;5;32m[AndroidUiautomator2Driver@cd22 (ddd4f5ae)]&amp#27;[0m Calling AppiumDriver.timeouts() with args: [null,null,null,null,10000,"ddd4f5ae-cf8b-49c1-b33d-f6fbd915917a"]
&amp#27;[38;5;32m[AndroidUiautomator2Driver@cd22 (ddd4f5ae)]&amp#27;[0m W3C timeout argument: {"implicit":10000}}
&amp#27;[38;5;32m[AndroidUiautomator2Driver@cd22 (ddd4f5ae)]&amp#27;[0m Set implicit wait to 10000ms
&amp#27;[38;5;32m[AndroidUiautomator2Driver@cd22 (ddd4f5ae)]&amp#27;[0m Responding to client with driver.timeouts() result: null
&amp#27;[38;5;0m[HTTP]&amp#27;[0m &amp#27;[37m<-- POST /session/ddd4f5ae-cf8b-49c1-b33d-f6fbd915917a/timeouts &amp#27;[39m&amp#27;[32m200&amp#27;[39m &amp#27;[90m1 ms - 14&amp#27;[39m
&amp#27;[38;5;0m[HTTP]&amp#27;[0m &amp#27;[90m&amp#27;[39m
231381 [main] DEBUG devpinoyLogger  - -------------------Test Started-------------------
231381 [main] DEBUG devpinoyLogger  - -------------------Test Started-------------------
231381 [main] DEBUG devpinoyLogger  - -------------------Test Started-------------------
231381 [main] DEBUG devpinoyLogger  - -------------------Test Started-------------------
231381 [main] DEBUG devpinoyLogger  - -------------------Test Started-------------------
231381 [main] DEBUG devpinoyLogger  - -------------------Test Started-------------------
231381 [main] DEBUG devpinoyLogger  - -------------------Test Started-------------------
231381 [main] DEBUG devpinoyLogger  - -------------------Test Started-------------------
231381 [main] DEBUG devpinoyLogger  - -------------------Test Started-------------------
231381 [main] DEBUG devpinoyLogger  - -------------------Test Started-------------------
231381 [main] DEBUG devpinoyLogger  - -------------------Test Started-------------------
231381 [main] DEBUG devpinoyLogger  - -------------------Test Started-------------------
231381 [main] DEBUG devpinoyLogger  - -------------------Test Started-------------------
231381 [main] DEBUG devpinoyLogger  - -------------------Test Started-------------------
231381 [main] DEBUG devpinoyLogger  - -------------------Test Started-------------------
231381 [main] DEBUG devpinoyLogger  - -------------------Test Started-------------------
231381 [main] DEBUG devpinoyLogger  - -------------------Test Started-------------------
231381 [main] DEBUG devpinoyLogger  - -------------------Test Started-------------------
231381 [main] DEBUG devpinoyLogger  - -------------------Test Started-------------------
231381 [main] DEBUG devpinoyLogger  - -------------------Test Started-------------------
231381 [main] DEBUG devpinoyLogger  - -------------------Test Started-------------------
231381 [main] DEBUG devpinoyLogger  - -------------------Test Started-------------------
&amp#27;[38;5;0m[HTTP]&amp#27;[0m &amp#27;[37m-->&amp#27;[39m &amp#27;[37mPOST&amp#27;[39m &amp#27;[37m/session/ddd4f5ae-cf8b-49c1-b33d-f6fbd915917a/elements&amp#27;[39m
&amp#27;[38;5;0m[HTTP]&amp#27;[0m &amp#27;[90m{"value":"//android.widget.Button","using":"xpath"}&amp#27;[39m
&amp#27;[38;5;32m[AndroidUiautomator2Driver@cd22 (ddd4f5ae)]&amp#27;[0m Calling AppiumDriver.findElements() with args: ["xpath","//android.widget.Button","ddd4f5ae-cf8b-49c1-b33d-f6fbd915917a"]
&amp#27;[38;5;32m[AndroidUiautomator2Driver@cd22 (ddd4f5ae)]&amp#27;[0m Valid locator strategies for this request: xpath, id, class name, accessibility id, css selector, -android uiautomator
&amp#27;[38;5;32m[AndroidUiautomator2Driver@cd22 (ddd4f5ae)]&amp#27;[0m Waiting up to 10000 ms for condition
&amp#27;[38;5;32m[AndroidUiautomator2Driver@cd22 (ddd4f5ae)]&amp#27;[0m Matched '/elements' to command name 'findElements'
&amp#27;[38;5;32m[AndroidUiautomator2Driver@cd22 (ddd4f5ae)]&amp#27;[0m Proxying [POST /elements] to [POST http://127.0.0.1:8201/session/d097ec8f-b613-469e-a005-fa8eead4fe02/elements] with body: {"strategy":"xpath","selector":"//android.widget.Button","context":"","multiple":true}
&amp#27;[38;5;32m[AndroidUiautomator2Driver@cd22 (ddd4f5ae)]&amp#27;[0m Got response with status 200: {"sessionId":"d097ec8f-b613-469e-a005-fa8eead4fe02","value":[]}
&amp#27;[38;5;32m[AndroidUiautomator2Driver@cd22 (ddd4f5ae)]&amp#27;[0m Waited for 1166 ms so far
&amp#27;[38;5;32m[AndroidUiautomator2Driver@cd22 (ddd4f5ae)]&amp#27;[0m Matched '/elements' to command name 'findElements'
&amp#27;[38;5;32m[AndroidUiautomator2Driver@cd22 (ddd4f5ae)]&amp#27;[0m Proxying [POST /elements] to [POST http://127.0.0.1:8201/session/d097ec8f-b613-469e-a005-fa8eead4fe02/elements] with body: {"strategy":"xpath","selector":"//android.widget.Button","context":"","multiple":true}
&amp#27;[38;5;32m[AndroidUiautomator2Driver@cd22 (ddd4f5ae)]&amp#27;[0m Got response with status 200: {"sessionId":"d097ec8f-b613-469e-a005-fa8eead4fe02","value":[]}
&amp#27;[38;5;32m[AndroidUiautomator2Driver@cd22 (ddd4f5ae)]&amp#27;[0m Waited for 1710 ms so far
&amp#27;[38;5;32m[AndroidUiautomator2Driver@cd22 (ddd4f5ae)]&amp#27;[0m Matched '/elements' to command name 'findElements'
&amp#27;[38;5;32m[AndroidUiautomator2Driver@cd22 (ddd4f5ae)]&amp#27;[0m Proxying [POST /elements] to [POST http://127.0.0.1:8201/session/d097ec8f-b613-469e-a005-fa8eead4fe02/elements] with body: {"strategy":"xpath","selector":"//android.widget.Button","context":"","multiple":true}
&amp#27;[38;5;32m[AndroidUiautomator2Driver@cd22 (ddd4f5ae)]&amp#27;[0m Got response with status 200: {"sessionId":"d097ec8f-b613-469e-a005-fa8eead4fe02","value":[]}
&amp#27;[38;5;32m[AndroidUiautomator2Driver@cd22 (ddd4f5ae)]&amp#27;[0m Waited for 2251 ms so far
&amp#27;[38;5;32m[AndroidUiautomator2Driver@cd22 (ddd4f5ae)]&amp#27;[0m Matched '/elements' to command name 'findElements'
&amp#27;[38;5;32m[AndroidUiautomator2Driver@cd22 (ddd4f5ae)]&amp#27;[0m Proxying [POST /elements] to [POST http://127.0.0.1:8201/session/d097ec8f-b613-469e-a005-fa8eead4fe02/elements] with body: {"strategy":"xpath","selector":"//android.widget.Button","context":"","multiple":true}
&amp#27;[38;5;32m[AndroidUiautomator2Driver@cd22 (ddd4f5ae)]&amp#27;[0m Got response with status 200: {"sessionId":"d097ec8f-b613-469e-a005-fa8eead4fe02","value":[]}
&amp#27;[38;5;32m[AndroidUiautomator2Driver@cd22 (ddd4f5ae)]&amp#27;[0m Waited for 2795 ms so far
&amp#27;[38;5;32m[AndroidUiautomator2Driver@cd22 (ddd4f5ae)]&amp#27;[0m Matched '/elements' to command name 'findElements'
&amp#27;[38;5;32m[AndroidUiautomator2Driver@cd22 (ddd4f5ae)]&amp#27;[0m Proxying [POST /elements] to [POST http://127.0.0.1:8201/session/d097ec8f-b613-469e-a005-fa8eead4fe02/elements] with body: {"strategy":"xpath","selector":"//android.widget.Button","context":"","multiple":true}
&amp#27;[38;5;32m[AndroidUiautomator2Driver@cd22 (ddd4f5ae)]&amp#27;[0m Got response with status 200: {"sessionId":"d097ec8f-b613-469e-a005-fa8eead4fe02","value":[]}
&amp#27;[38;5;32m[AndroidUiautomator2Driver@cd22 (ddd4f5ae)]&amp#27;[0m Waited for 3341 ms so far
&amp#27;[38;5;32m[AndroidUiautomator2Driver@cd22 (ddd4f5ae)]&amp#27;[0m Matched '/elements' to command name 'findElements'
&amp#27;[38;5;32m[AndroidUiautomator2Driver@cd22 (ddd4f5ae)]&amp#27;[0m Proxying [POST /elements] to [POST http://127.0.0.1:8201/session/d097ec8f-b613-469e-a005-fa8eead4fe02/elements] with body: {"strategy":"xpath","selector":"//android.widget.Button","context":"","multiple":true}
&amp#27;[38;5;32m[AndroidUiautomator2Driver@cd22 (ddd4f5ae)]&amp#27;[0m Got response with status 200: {"sessionId":"d097ec8f-b613-469e-a005-fa8eead4fe02","value":[]}
&amp#27;[38;5;32m[AndroidUiautomator2Driver@cd22 (ddd4f5ae)]&amp#27;[0m Waited for 3895 ms so far
&amp#27;[38;5;32m[AndroidUiautomator2Driver@cd22 (ddd4f5ae)]&amp#27;[0m Matched '/elements' to command name 'findElements'
&amp#27;[38;5;32m[AndroidUiautomator2Driver@cd22 (ddd4f5ae)]&amp#27;[0m Proxying [POST /elements] to [POST http://127.0.0.1:8201/session/d097ec8f-b613-469e-a005-fa8eead4fe02/elements] with body: {"strategy":"xpath","selector":"//android.widget.Button","context":"","multiple":true}
&amp#27;[38;5;32m[AndroidUiautomator2Driver@cd22 (ddd4f5ae)]&amp#27;[0m Got response with status 200: {"sessionId":"d097ec8f-b613-469e-a005-fa8eead4fe02","value":[]}
&amp#27;[38;5;32m[AndroidUiautomator2Driver@cd22 (ddd4f5ae)]&amp#27;[0m Waited for 4452 ms so far
&amp#27;[38;5;32m[AndroidUiautomator2Driver@cd22 (ddd4f5ae)]&amp#27;[0m Matched '/elements' to command name 'findElements'
&amp#27;[38;5;32m[AndroidUiautomator2Driver@cd22 (ddd4f5ae)]&amp#27;[0m Proxying [POST /elements] to [POST http://127.0.0.1:8201/session/d097ec8f-b613-469e-a005-fa8eead4fe02/elements] with body: {"strategy":"xpath","selector":"//android.widget.Button","context":"","multiple":true}
&amp#27;[38;5;32m[AndroidUiautomator2Driver@cd22 (ddd4f5ae)]&amp#27;[0m Got response with status 200: {"sessionId":"d097ec8f-b613-469e-a005-fa8eead4fe02","value":[]}
&amp#27;[38;5;32m[AndroidUiautomator2Driver@cd22 (ddd4f5ae)]&amp#27;[0m Waited for 5005 ms so far
&amp#27;[38;5;32m[AndroidUiautomator2Driver@cd22 (ddd4f5ae)]&amp#27;[0m Matched '/elements' to command name 'findElements'
&amp#27;[38;5;32m[AndroidUiautomator2Driver@cd22 (ddd4f5ae)]&amp#27;[0m Proxying [POST /elements] to [POST http://127.0.0.1:8201/session/d097ec8f-b613-469e-a005-fa8eead4fe02/elements] with body: {"strategy":"xpath","selector":"//android.widget.Button","context":"","multiple":true}
&amp#27;[38;5;32m[AndroidUiautomator2Driver@cd22 (ddd4f5ae)]&amp#27;[0m Got response with status 200: {"sessionId":"d097ec8f-b613-469e-a005-fa8eead4fe02","value":[]}
&amp#27;[38;5;32m[AndroidUiautomator2Driver@cd22 (ddd4f5ae)]&amp#27;[0m Waited for 5551 ms so far
&amp#27;[38;5;32m[AndroidUiautomator2Driver@cd22 (ddd4f5ae)]&amp#27;[0m Matched '/elements' to command name 'findElements'
&amp#27;[38;5;32m[AndroidUiautomator2Driver@cd22 (ddd4f5ae)]&amp#27;[0m Proxying [POST /elements] to [POST http://127.0.0.1:8201/session/d097ec8f-b613-469e-a005-fa8eead4fe02/elements] with body: {"strategy":"xpath","selector":"//android.widget.Button","context":"","multiple":true}
&amp#27;[38;5;32m[AndroidUiautomator2Driver@cd22 (ddd4f5ae)]&amp#27;[0m Got response with status 200: {"sessionId":"d097ec8f-b613-469e-a005-fa8eead4fe02","value":[{"ELEMENT":"00000000-0000-00db-0000-001c00000003","element-6066-11e4-a52e-4f735466cecf":"00000000-0000-00db-0000-001c00000003"},{"ELEMENT":"00000000-0000-00db-0000-001700000003","element-6066-11e4-a52e-4f735466cecf":"00000000-0000-00db-0000-001700000003"}]}
&amp#27;[38;5;32m[AndroidUiautomator2Driver@cd22 (ddd4f5ae)]&amp#27;[0m Responding to client with driver.findElements() result: [{"element-6066-11e4-a52e-4f735466cecf":"00000000-0000-00db-0000-001c00000003","ELEMENT":"00000000-0000-00db-0000-001c00000003"},{"element-6066-11e4-a52e-4f735466cecf":"00000000-0000-00db-0000-001700000003","ELEMENT":"00000000-0000-00db-0000-001700000003"}]
&amp#27;[38;5;0m[HTTP]&amp#27;[0m &amp#27;[37m<-- POST /session/ddd4f5ae-cf8b-49c1-b33d-f6fbd915917a/elements &amp#27;[39m&amp#27;[32m200&amp#27;[39m &amp#27;[90m6138 ms - 267&amp#27;[39m
&amp#27;[38;5;0m[HTTP]&amp#27;[0m &amp#27;[90m&amp#27;[39m
&amp#27;[38;5;0m[HTTP]&amp#27;[0m &amp#27;[37m-->&amp#27;[39m &amp#27;[37mPOST&amp#27;[39m &amp#27;[37m/session/ddd4f5ae-cf8b-49c1-b33d-f6fbd915917a/element/00000000-0000-00db-0000-001c00000003/click&amp#27;[39m
&amp#27;[38;5;0m[HTTP]&amp#27;[0m &amp#27;[90m{"id":"00000000-0000-00db-0000-001c00000003"}&amp#27;[39m
&amp#27;[38;5;32m[AndroidUiautomator2Driver@cd22 (ddd4f5ae)]&amp#27;[0m Calling AppiumDriver.click() with args: ["00000000-0000-00db-0000-001c00000003","ddd4f5ae-cf8b-49c1-b33d-f6fbd915917a"]
&amp#27;[38;5;32m[AndroidUiautomator2Driver@cd22 (ddd4f5ae)]&amp#27;[0m Matched '/element/00000000-0000-00db-0000-001c00000003/click' to command name 'click'
&amp#27;[38;5;32m[AndroidUiautomator2Driver@cd22 (ddd4f5ae)]&amp#27;[0m Proxying [POST /element/00000000-0000-00db-0000-001c00000003/click] to [POST http://127.0.0.1:8201/session/d097ec8f-b613-469e-a005-fa8eead4fe02/element/00000000-0000-00db-0000-001c00000003/click] with body: {"element":"00000000-0000-00db-0000-001c00000003"}
&amp#27;[38;5;32m[AndroidUiautomator2Driver@cd22 (ddd4f5ae)]&amp#27;[0m Got response with status 200: {"sessionId":"d097ec8f-b613-469e-a005-fa8eead4fe02","value":null}
&amp#27;[38;5;32m[AndroidUiautomator2Driver@cd22 (ddd4f5ae)]&amp#27;[0m Responding to client with driver.click() result: null
&amp#27;[38;5;0m[HTTP]&amp#27;[0m &amp#27;[37m<-- POST /session/ddd4f5ae-cf8b-49c1-b33d-f6fbd915917a/element/00000000-0000-00db-0000-001c00000003/click &amp#27;[39m&amp#27;[32m200&amp#27;[39m &amp#27;[90m496 ms - 14&amp#27;[39m
&amp#27;[38;5;0m[HTTP]&amp#27;[0m &amp#27;[90m&amp#27;[39m
&amp#27;[38;5;0m[HTTP]&amp#27;[0m &amp#27;[37m-->&amp#27;[39m &amp#27;[37mPOST&amp#27;[39m &amp#27;[37m/session/ddd4f5ae-cf8b-49c1-b33d-f6fbd915917a/element&amp#27;[39m
&amp#27;[38;5;0m[HTTP]&amp#27;[0m &amp#27;[90m{"value":"//android.widget.ImageView[2]","using":"xpath"}&amp#27;[39m
&amp#27;[38;5;32m[AndroidUiautomator2Driver@cd22 (ddd4f5ae)]&amp#27;[0m Calling AppiumDriver.findElement() with args: ["xpath","//android.widget.ImageView[2]","ddd4f5ae-cf8b-49c1-b33d-f6fbd915917a"]
&amp#27;[38;5;32m[AndroidUiautomator2Driver@cd22 (ddd4f5ae)]&amp#27;[0m Valid locator strategies for this request: xpath, id, class name, accessibility id, css selector, -android uiautomator
&amp#27;[38;5;32m[AndroidUiautomator2Driver@cd22 (ddd4f5ae)]&amp#27;[0m Waiting up to 10000 ms for condition
&amp#27;[38;5;32m[AndroidUiautomator2Driver@cd22 (ddd4f5ae)]&amp#27;[0m Matched '/element' to command name 'findElement'
&amp#27;[38;5;32m[AndroidUiautomator2Driver@cd22 (ddd4f5ae)]&amp#27;[0m Proxying [POST /element] to [POST http://127.0.0.1:8201/session/d097ec8f-b613-469e-a005-fa8eead4fe02/element] with body: {"strategy":"xpath","selector":"//android.widget.ImageView[2]","context":"","multiple":false}
&amp#27;[38;5;32m[AndroidUiautomator2Driver@cd22 (ddd4f5ae)]&amp#27;[0m Got response with status 404: {"sessionId":"d097ec8f-b613-469e-a005-fa8eead4fe02","value":{"error":"no such element","message":"An element could not be located on the page using the given search parameters","stacktrace":"io.appium.uiautomator2.common.exceptions.ElementNotFoundException: An element could not be located on the page using the given search parameters\n\tat io.appium.uiautomator2.utils.ElementLocationHelpers.findElement(ElementLocationHelpers.java:156)\n\tat io.appium.uiautomator2.handler.FindElement.safeHandle(FindElement.java:60)\n\tat io.appium.uiautomator2.handler.request.SafeRequestHandler.handle(SafeRequestHandler.java:59)\n\tat io.appium.uiautomator2.server.AppiumServlet.handleRequest(AppiumServlet.java:277)\n\tat io.appium.uiautomator2.server.AppiumServlet.handleHttpRequest(AppiumServlet.java:271)\n\tat io.appium.uiautomator2.http.ServerHandler.channelRead(ServerHandler.java:77)\n\tat io.netty.channel.AbstractChannelHandlerContext.invokeChannelRead(AbstractChannelHandlerContext.java:366)\n\tat io.netty.channel.Abstr...
&amp#27;[38;5;128m[W3C]&amp#27;[0m Matched W3C error code 'no such element' to NoSuchElementError
&amp#27;[38;5;32m[AndroidUiautomator2Driver@cd22 (ddd4f5ae)]&amp#27;[0m Waited for 58 ms so far
&amp#27;[38;5;32m[AndroidUiautomator2Driver@cd22 (ddd4f5ae)]&amp#27;[0m Matched '/element' to command name 'findElement'
&amp#27;[38;5;32m[AndroidUiautomator2Driver@cd22 (ddd4f5ae)]&amp#27;[0m Proxying [POST /element] to [POST http://127.0.0.1:8201/session/d097ec8f-b613-469e-a005-fa8eead4fe02/element] with body: {"strategy":"xpath","selector":"//android.widget.ImageView[2]","context":"","multiple":false}
&amp#27;[38;5;32m[AndroidUiautomator2Driver@cd22 (ddd4f5ae)]&amp#27;[0m Got response with status 200: {"sessionId":"d097ec8f-b613-469e-a005-fa8eead4fe02","value":{"ELEMENT":"00000000-0000-00db-0000-002100000003","element-6066-11e4-a52e-4f735466cecf":"00000000-0000-00db-0000-002100000003"}}
&amp#27;[38;5;32m[AndroidUiautomator2Driver@cd22 (ddd4f5ae)]&amp#27;[0m Responding to client with driver.findElement() result: {"element-6066-11e4-a52e-4f735466cecf":"00000000-0000-00db-0000-002100000003","ELEMENT":"00000000-0000-00db-0000-002100000003"}
&amp#27;[38;5;0m[HTTP]&amp#27;[0m &amp#27;[37m<-- POST /session/ddd4f5ae-cf8b-49c1-b33d-f6fbd915917a/element &amp#27;[39m&amp#27;[32m200&amp#27;[39m &amp#27;[90m1477 ms - 137&amp#27;[39m
&amp#27;[38;5;0m[HTTP]&amp#27;[0m &amp#27;[90m&amp#27;[39m
&amp#27;[38;5;0m[HTTP]&amp#27;[0m &amp#27;[37m-->&amp#27;[39m &amp#27;[37mPOST&amp#27;[39m &amp#27;[37m/session/ddd4f5ae-cf8b-49c1-b33d-f6fbd915917a/element/00000000-0000-00db-0000-002100000003/click&amp#27;[39m
&amp#27;[38;5;0m[HTTP]&amp#27;[0m &amp#27;[90m{"id":"00000000-0000-00db-0000-002100000003"}&amp#27;[39m
&amp#27;[38;5;32m[AndroidUiautomator2Driver@cd22 (ddd4f5ae)]&amp#27;[0m Calling AppiumDriver.click() with args: ["00000000-0000-00db-0000-002100000003","ddd4f5ae-cf8b-49c1-b33d-f6fbd915917a"]
&amp#27;[38;5;32m[AndroidUiautomator2Driver@cd22 (ddd4f5ae)]&amp#27;[0m Matched '/element/00000000-0000-00db-0000-002100000003/click' to command name 'click'
&amp#27;[38;5;32m[AndroidUiautomator2Driver@cd22 (ddd4f5ae)]&amp#27;[0m Proxying [POST /element/00000000-0000-00db-0000-002100000003/click] to [POST http://127.0.0.1:8201/session/d097ec8f-b613-469e-a005-fa8eead4fe02/element/00000000-0000-00db-0000-002100000003/click] with body: {"element":"00000000-0000-00db-0000-002100000003"}
&amp#27;[38;5;32m[AndroidUiautomator2Driver@cd22 (ddd4f5ae)]&amp#27;[0m Got response with status 200: {"sessionId":"d097ec8f-b613-469e-a005-fa8eead4fe02","value":null}
&amp#27;[38;5;32m[AndroidUiautomator2Driver@cd22 (ddd4f5ae)]&amp#27;[0m Responding to client with driver.click() result: null
&amp#27;[38;5;0m[HTTP]&amp#27;[0m &amp#27;[37m<-- POST /session/ddd4f5ae-cf8b-49c1-b33d-f6fbd915917a/element/00000000-0000-00db-0000-002100000003/click &amp#27;[39m&amp#27;[32m200&amp#27;[39m &amp#27;[90m51 ms - 14&amp#27;[39m
&amp#27;[38;5;0m[HTTP]&amp#27;[0m &amp#27;[90m&amp#27;[39m
239659 [main] DEBUG devpinoyLogger  - Accounts menu selected
239659 [main] DEBUG devpinoyLogger  - Accounts menu selected
239659 [main] DEBUG devpinoyLogger  - Accounts menu selected
239659 [main] DEBUG devpinoyLogger  - Accounts menu selected
239659 [main] DEBUG devpinoyLogger  - Accounts menu selected
239659 [main] DEBUG devpinoyLogger  - Accounts menu selected
239659 [main] DEBUG devpinoyLogger  - Accounts menu selected
239659 [main] DEBUG devpinoyLogger  - Accounts menu selected
239659 [main] DEBUG devpinoyLogger  - Accounts menu selected
239659 [main] DEBUG devpinoyLogger  - Accounts menu selected
239659 [main] DEBUG devpinoyLogger  - Accounts menu selected
239659 [main] DEBUG devpinoyLogger  - Accounts menu selected
239659 [main] DEBUG devpinoyLogger  - Accounts menu selected
239659 [main] DEBUG devpinoyLogger  - Accounts menu selected
239659 [main] DEBUG devpinoyLogger  - Accounts menu selected
239659 [main] DEBUG devpinoyLogger  - Accounts menu selected
239659 [main] DEBUG devpinoyLogger  - Accounts menu selected
239659 [main] DEBUG devpinoyLogger  - Accounts menu selected
239659 [main] DEBUG devpinoyLogger  - Accounts menu selected
239659 [main] DEBUG devpinoyLogger  - Accounts menu selected
239659 [main] DEBUG devpinoyLogger  - Accounts menu selected
239659 [main] DEBUG devpinoyLogger  - Accounts menu selected
239659 [main] DEBUG devpinoyLogger  - Accounts menu selected
&amp#27;[38;5;0m[HTTP]&amp#27;[0m &amp#27;[37m-->&amp#27;[39m &amp#27;[37mPOST&amp#27;[39m &amp#27;[37m/session/ddd4f5ae-cf8b-49c1-b33d-f6fbd915917a/element&amp#27;[39m
&amp#27;[38;5;0m[HTTP]&amp#27;[0m &amp#27;[90m{"value":"//android.widget.ImageView","using":"xpath"}&amp#27;[39m
&amp#27;[38;5;32m[AndroidUiautomator2Driver@cd22 (ddd4f5ae)]&amp#27;[0m Calling AppiumDriver.findElement() with args: ["xpath","//android.widget.ImageView","ddd4f5ae-cf8b-49c1-b33d-f6fbd915917a"]
&amp#27;[38;5;32m[AndroidUiautomator2Driver@cd22 (ddd4f5ae)]&amp#27;[0m Valid locator strategies for this request: xpath, id, class name, accessibility id, css selector, -android uiautomator
&amp#27;[38;5;32m[AndroidUiautomator2Driver@cd22 (ddd4f5ae)]&amp#27;[0m Waiting up to 10000 ms for condition
&amp#27;[38;5;32m[AndroidUiautomator2Driver@cd22 (ddd4f5ae)]&amp#27;[0m Matched '/element' to command name 'findElement'
&amp#27;[38;5;32m[AndroidUiautomator2Driver@cd22 (ddd4f5ae)]&amp#27;[0m Proxying [POST /element] to [POST http://127.0.0.1:8201/session/d097ec8f-b613-469e-a005-fa8eead4fe02/element] with body: {"strategy":"xpath","selector":"//android.widget.ImageView","context":"","multiple":false}
&amp#27;[38;5;32m[AndroidUiautomator2Driver@cd22 (ddd4f5ae)]&amp#27;[0m Got response with status 200: {"sessionId":"d097ec8f-b613-469e-a005-fa8eead4fe02","value":{"ELEMENT":"00000000-0000-00db-0000-002000000003","element-6066-11e4-a52e-4f735466cecf":"00000000-0000-00db-0000-002000000003"}}
&amp#27;[38;5;32m[AndroidUiautomator2Driver@cd22 (ddd4f5ae)]&amp#27;[0m Responding to client with driver.findElement() result: {"element-6066-11e4-a52e-4f735466cecf":"00000000-0000-00db-0000-002000000003","ELEMENT":"00000000-0000-00db-0000-002000000003"}
&amp#27;[38;5;0m[HTTP]&amp#27;[0m &amp#27;[37m<-- POST /session/ddd4f5ae-cf8b-49c1-b33d-f6fbd915917a/element &amp#27;[39m&amp#27;[32m200&amp#27;[39m &amp#27;[90m40 ms - 137&amp#27;[39m
&amp#27;[38;5;0m[HTTP]&amp#27;[0m &amp#27;[90m&amp#27;[39m
&amp#27;[38;5;0m[HTTP]&amp#27;[0m &amp#27;[37m-->&amp#27;[39m &amp#27;[37mPOST&amp#27;[39m &amp#27;[37m/session/ddd4f5ae-cf8b-49c1-b33d-f6fbd915917a/element/00000000-0000-00db-0000-002000000003/click&amp#27;[39m
&amp#27;[38;5;0m[HTTP]&amp#27;[0m &amp#27;[90m{"id":"00000000-0000-00db-0000-002000000003"}&amp#27;[39m
&amp#27;[38;5;32m[AndroidUiautomator2Driver@cd22 (ddd4f5ae)]&amp#27;[0m Calling AppiumDriver.click() with args: ["00000000-0000-00db-0000-002000000003","ddd4f5ae-cf8b-49c1-b33d-f6fbd915917a"]
&amp#27;[38;5;32m[AndroidUiautomator2Driver@cd22 (ddd4f5ae)]&amp#27;[0m Matched '/element/00000000-0000-00db-0000-002000000003/click' to command name 'click'
&amp#27;[38;5;32m[AndroidUiautomator2Driver@cd22 (ddd4f5ae)]&amp#27;[0m Proxying [POST /element/00000000-0000-00db-0000-002000000003/click] to [POST http://127.0.0.1:8201/session/d097ec8f-b613-469e-a005-fa8eead4fe02/element/00000000-0000-00db-0000-002000000003/click] with body: {"element":"00000000-0000-00db-0000-002000000003"}
&amp#27;[38;5;32m[AndroidUiautomator2Driver@cd22 (ddd4f5ae)]&amp#27;[0m Got response with status 404: {"sessionId":"d097ec8f-b613-469e-a005-fa8eead4fe02","value":{"error":"stale element reference","message":"The element 'By.xpath: //android.widget.ImageView' is not linked to the same object in DOM anymore","stacktrace":"io.appium.uiautomator2.common.exceptions.StaleElementReferenceException: The element 'By.xpath: //android.widget.ImageView' is not linked to the same object in DOM anymore\n\tat io.appium.uiautomator2.model.ElementsCache.restore(ElementsCache.java:122)\n\tat io.appium.uiautomator2.model.ElementsCache.get(ElementsCache.java:153)\n\tat io.appium.uiautomator2.handler.Click.safeHandle(Click.java:36)\n\tat io.appium.uiautomator2.handler.request.SafeRequestHandler.handle(SafeRequestHandler.java:59)\n\tat io.appium.uiautomator2.server.AppiumServlet.handleRequest(AppiumServlet.java:277)\n\tat io.appium.uiautomator2.server.AppiumServlet.handleHttpRequest(AppiumServlet.java:271)\n\tat io.appium.uiautomator2.http.ServerHandler.channelRead(ServerHandler.java:77)\n\tat io.netty.channel.AbstractChannelHa...
&amp#27;[38;5;128m[W3C]&amp#27;[0m Matched W3C error code 'stale element reference' to StaleElementReferenceError
&amp#27;[38;5;32m[AndroidUiautomator2Driver@cd22 (ddd4f5ae)]&amp#27;[0m Encountered internal error running command: io.appium.uiautomator2.common.exceptions.StaleElementReferenceException: The element 'By.xpath: //android.widget.ImageView' is not linked to the same object in DOM anymore
&amp#27;[38;5;32m[AndroidUiautomator2Driver@cd22 (ddd4f5ae)]&amp#27;[0m 	at io.appium.uiautomator2.model.ElementsCache.restore(ElementsCache.java:122)
&amp#27;[38;5;32m[AndroidUiautomator2Driver@cd22 (ddd4f5ae)]&amp#27;[0m 	at io.appium.uiautomator2.model.ElementsCache.get(ElementsCache.java:153)
&amp#27;[38;5;32m[AndroidUiautomator2Driver@cd22 (ddd4f5ae)]&amp#27;[0m 	at io.appium.uiautomator2.handler.Click.safeHandle(Click.java:36)
&amp#27;[38;5;32m[AndroidUiautomator2Driver@cd22 (ddd4f5ae)]&amp#27;[0m 	at io.appium.uiautomator2.handler.request.SafeRequestHandler.handle(SafeRequestHandler.java:59)
&amp#27;[38;5;32m[AndroidUiautomator2Driver@cd22 (ddd4f5ae)]&amp#27;[0m 	at io.appium.uiautomator2.server.AppiumServlet.handleRequest(AppiumServlet.java:277)
&amp#27;[38;5;32m[AndroidUiautomator2Driver@cd22 (ddd4f5ae)]&amp#27;[0m 	at io.appium.uiautomator2.server.AppiumServlet.handleHttpRequest(AppiumServlet.java:271)
&amp#27;[38;5;32m[AndroidUiautomator2Driver@cd22 (ddd4f5ae)]&amp#27;[0m 	at io.appium.uiautomator2.http.ServerHandler.channelRead(ServerHandler.java:77)
&amp#27;[38;5;32m[AndroidUiautomator2Driver@cd22 (ddd4f5ae)]&amp#27;[0m 	at io.netty.channel.AbstractChannelHandlerContext.invokeChannelRead(AbstractChannelHandlerContext.java:366)
&amp#27;[38;5;32m[AndroidUiautomator2Driver@cd22 (ddd4f5ae)]&amp#27;[0m 	at io.netty.channel.AbstractChannelHandlerContext.invokeChannelRead(AbstractChannelHandlerContext.java:352)
&amp#27;[38;5;32m[AndroidUiautomator2Driver@cd22 (ddd4f5ae)]&amp#27;[0m 	at io.netty.channel.AbstractChannelHandlerContext.fireChannelRead(AbstractChannelHandlerContext.java:345)
&amp#27;[38;5;32m[AndroidUiautomator2Driver@cd22 (ddd4f5ae)]&amp#27;[0m 	at io.netty.handler.codec.MessageToMessageDecoder.channelRead(MessageToMessageDecoder.java:102)
&amp#27;[38;5;32m[AndroidUiautomator2Driver@cd22 (ddd4f5ae)]&amp#27;[0m 	at io.netty.channel.AbstractChannelHandlerContext.invokeChannelRead(AbstractChannelHandlerContext.java:366)
&amp#27;[38;5;32m[AndroidUiautomator2Driver@cd22 (ddd4f5ae)]&amp#27;[0m 	at io.netty.channel.AbstractChannelHandlerContext.invokeChannelRead(AbstractChannelHandlerContext.java:352)
&amp#27;[38;5;32m[AndroidUiautomator2Driver@cd22 (ddd4f5ae)]&amp#27;[0m 	at io.netty.channel.AbstractChannelHandlerContext.fireChannelRead(AbstractChannelHandlerContext.java:345)
&amp#27;[38;5;32m[AndroidUiautomator2Driver@cd22 (ddd4f5ae)]&amp#27;[0m 	at io.netty.channel.CombinedChannelDuplexHandler$DelegatingChannelHandlerContext.fireChannelRead(CombinedChannelDuplexHandler.java:435)
&amp#27;[38;5;32m[AndroidUiautomator2Driver@cd22 (ddd4f5ae)]&amp#27;[0m 	at io.netty.handler.codec.ByteToMessageDecoder.fireChannelRead(ByteToMessageDecoder.java:293)
&amp#27;[38;5;32m[AndroidUiautomator2Driver@cd22 (ddd4f5ae)]&amp#27;[0m 	at io.netty.handler.codec.ByteToMessageDecoder.channelRead(ByteToMessageDecoder.java:267)
&amp#27;[38;5;32m[AndroidUiautomator2Driver@cd22 (ddd4f5ae)]&amp#27;[0m 	at io.netty.channel.CombinedChannelDuplexHandler.channelRead(CombinedChannelDuplexHandler.java:250)
&amp#27;[38;5;32m[AndroidUiautomator2Driver@cd22 (ddd4f5ae)]&amp#27;[0m 	at io.netty.channel.AbstractChannelHandlerContext.invokeChannelRead(AbstractChannelHandlerContext.java:366)
&amp#27;[38;5;32m[AndroidUiautomator2Driver@cd22 (ddd4f5ae)]&amp#27;[0m 	at io.netty.channel.AbstractChannelHandlerContext.invokeChannelRead(AbstractChannelHandlerContext.java:352)
&amp#27;[38;5;32m[AndroidUiautomator2Driver@cd22 (ddd4f5ae)]&amp#27;[0m 	at io.netty.channel.AbstractChannelHandlerContext.fireChannelRead(AbstractChannelHandlerContext.java:345)
&amp#27;[38;5;32m[AndroidUiautomator2Driver@cd22 (ddd4f5ae)]&amp#27;[0m 	at io.netty.handler.timeout.IdleStateHandler.channelRead(IdleStateHandler.java:266)
&amp#27;[38;5;32m[AndroidUiautomator2Driver@cd22 (ddd4f5ae)]&amp#27;[0m 	at io.netty.channel.AbstractChannelHandlerContext.invokeChannelRead(AbstractChannelHandlerContext.java:366)
&amp#27;[38;5;32m[AndroidUiautomator2Driver@cd22 (ddd4f5ae)]&amp#27;[0m 	at io.netty.channel.AbstractChannelHandlerContext.invokeChannelRead(AbstractChannelHandlerContext.java:352)
&amp#27;[38;5;32m[AndroidUiautomator2Driver@cd22 (ddd4f5ae)]&amp#27;[0m 	at io.netty.channel.AbstractChannelHandlerContext.fireChannelRead(AbstractChannelHandlerContext.java:345)
&amp#27;[38;5;32m[AndroidUiautomator2Driver@cd22 (ddd4f5ae)]&amp#27;[0m 	at io.netty.channel.DefaultChannelPipeline$HeadContext.channelRead(DefaultChannelPipeline.java:1294)
&amp#27;[38;5;32m[AndroidUiautomator2Driver@cd22 (ddd4f5ae)]&amp#27;[0m 	at io.netty.channel.AbstractChannelHandlerContext.invokeChannelRead(AbstractChannelHandlerContext.java:366)
&amp#27;[38;5;32m[AndroidUiautomator2Driver@cd22 (ddd4f5ae)]&amp#27;[0m 	at io.netty.channel.AbstractChannelHandlerContext.invokeChannelRead(AbstractChannelHandlerContext.java:352)
&amp#27;[38;5;32m[AndroidUiautomator2Driver@cd22 (ddd4f5ae)]&amp#27;[0m 	at io.netty.channel.DefaultChannelPipeline.fireChannelRead(DefaultChannelPipeline.java:911)
&amp#27;[38;5;32m[AndroidUiautomator2Driver@cd22 (ddd4f5ae)]&amp#27;[0m 	at io.netty.channel.nio.AbstractNioByteChannel$NioByteUnsafe.read(AbstractNioByteChannel.java:131)
&amp#27;[38;5;32m[AndroidUiautomator2Driver@cd22 (ddd4f5ae)]&amp#27;[0m 	at io.netty.channel.nio.NioEventLoop.processSelectedKey(NioEventLoop.java:611)
&amp#27;[38;5;32m[AndroidUiautomator2Driver@cd22 (ddd4f5ae)]&amp#27;[0m 	at io.netty.channel.nio.NioEventLoop.processSelectedKeysOptimized(NioEventLoop.java:552)
&amp#27;[38;5;32m[AndroidUiautomator2Driver@cd22 (ddd4f5ae)]&amp#27;[0m 	at io.netty.channel.nio.NioEventLoop.processSelectedKeys(NioEventLoop.java:466)
&amp#27;[38;5;32m[AndroidUiautomator2Driver@cd22 (ddd4f5ae)]&amp#27;[0m 	at io.netty.channel.nio.NioEventLoop.run(NioEventLoop.java:438)
&amp#27;[38;5;32m[AndroidUiautomator2Driver@cd22 (ddd4f5ae)]&amp#27;[0m 	at io.netty.util.concurrent.SingleThreadEventExecutor$2.run(SingleThreadEventExecutor.java:140)
&amp#27;[38;5;32m[AndroidUiautomator2Driver@cd22 (ddd4f5ae)]&amp#27;[0m 	at io.netty.util.concurrent.DefaultThreadFactory$DefaultRunnableDecorator.run(DefaultThreadFactory.java:144)
&amp#27;[38;5;32m[AndroidUiautomator2Driver@cd22 (ddd4f5ae)]&amp#27;[0m 	at java.lang.Thread.run(Thread.java:923)
&amp#27;[38;5;32m[AndroidUiautomator2Driver@cd22 (ddd4f5ae)]&amp#27;[0m 
&amp#27;[38;5;0m[HTTP]&amp#27;[0m &amp#27;[37m<-- POST /session/ddd4f5ae-cf8b-49c1-b33d-f6fbd915917a/element/00000000-0000-00db-0000-002000000003/click &amp#27;[39m&amp#27;[33m404&amp#27;[39m &amp#27;[90m2117 ms - 3978&amp#27;[39m
&amp#27;[38;5;0m[HTTP]&amp#27;[0m &amp#27;[90m&amp#27;[39m
&amp#27;[38;5;0m[HTTP]&amp#27;[0m &amp#27;[37m-->&amp#27;[39m &amp#27;[37mGET&amp#27;[39m &amp#27;[37m/session/ddd4f5ae-cf8b-49c1-b33d-f6fbd915917a/screenshot&amp#27;[39m
&amp#27;[38;5;0m[HTTP]&amp#27;[0m &amp#27;[90m{}&amp#27;[39m
&amp#27;[38;5;32m[AndroidUiautomator2Driver@cd22 (ddd4f5ae)]&amp#27;[0m Calling AppiumDriver.getScreenshot() with args: ["ddd4f5ae-cf8b-49c1-b33d-f6fbd915917a"]
&amp#27;[38;5;32m[AndroidUiautomator2Driver@cd22 (ddd4f5ae)]&amp#27;[0m Matched '/screenshot' to command name 'getScreenshot'
&amp#27;[38;5;32m[AndroidUiautomator2Driver@cd22 (ddd4f5ae)]&amp#27;[0m Proxying [GET /screenshot] to [GET http://127.0.0.1:8201/session/d097ec8f-b613-469e-a005-fa8eead4fe02/screenshot] with no body
&amp#27;[38;5;32m[AndroidUiautomator2Driver@cd22 (ddd4f5ae)]&amp#27;[0m Got response with status 200: {"sessionId":"d097ec8f-b613-469e-a005-fa8eead4fe02","value":"iVBORw0KGgoAAAANSUhEUgAABDgAAAlgCAYAAABtGofVAAAAAXNSR0IArs4c6QAAAARzQklUCAgICHwIZIgAACAASURBVHic7N15XNV1/vf/52EHUQTcBUFR3PdcW6ywtEattMj6VlJjNTRTTZn1nbqa31VNTd9+0zZT2m5aWZFaqZWV+54ouYALihugoiIissM51x9ensvjOcABz8IHH/fbrdvtnPdneb84oPl58l5MFovFIgAAAAAAAAPz8XYBAAAAAAAAl4qAAwAAAAAAGB4BBwAAAAAAMDwCDgAAAAAAYHgEHAAAAAAAwPAIOAAAAAAAgOERcAAAAAAAAMMj4AAAAAAAAIZHwAEAAAAAAAyPgAMAAAAAABgeAQcAAAAAADA8Ag4AAAAAAGB4BBwAAAAAAMDwCDgAAAAAAIDhEXAAAAAAAADDI+AAAAAAAACGR8ABAAAAAAAMj4ADAAAAAAAYHgEHAAAAAAAwPAIOAAAAAABgeAQcAAAAAADA8Ag4AAAAAACA4RFwAAAAAAAAwyPgAAAAAAAAhkfAAQAAAAAADI+AAwAAAAAAGB4BBwAAAAAAMDwCDgAAAAAAYHgEHAAAAAAAwPAIOAAAAAAAgOERcAAAAAAAAMMj4AAAAAAAAIZHwAEAAAAAAAyPgAMAAAAAABgeAQcAAAAAADA8Ag4AAAAAAGB4BBwAAAAAAMDwCDgAAAAAAIDhEXAAAAAAAADDI+AAAAAAAACGR8ABAAAAAAAMj4ADAAAAAAAYHgEHAAAAAAAwPAIOAAAAAABgeAQcAAAAAADA8Ag4AAAAAACA4RFwAAAAAAAAwyPgAAAAAAAAhkfAAQAAAAAADI+AAwAAAAAAGJ6ftwsAAAAAAMCdSkpKlJOTo+zsbJWWlio7O1slJSXW4yEhIYqOjlZwcLCio6MVFRWlkJAQL1Z86bKzsxUdHe32PlJSUmo9JzEx...
&amp#27;[38;5;32m[AndroidUiautomator2Driver@cd22 (ddd4f5ae)]&amp#27;[0m Responding to client with driver.getScreenshot() result: "iVBORw0KGgoAAAANSUhEUgAABDgAAAlgCAYAAABtGofVAAAAAXNSR0IArs4c6QAAAARzQklUCAgICHwIZIgAACAASURBVHic7N15XNV1/vf/52EHUQTcBUFR3PdcW6ywtEattMj6VlJjNTRTTZn1nbqa31VNTd9+0zZT2m5aWZFaqZWV+54ouYALihugoiIissM51x9ensvjOcABz8IHH/fbrdvtnPdneb84oPl58l5MFovFIgAAAAAAAAPz8XYBAAAAAAAAl4qAAwAAAAAAGB4BBwAAAAAAMDwCDgAAAAAAYHgEHAAAAAAAwPAIOAAAAAAAgOERcAAAAAAAAMMj4AAAAAAAAIZHwAEAAAAAAAyPgAMAAAAAABgeAQcAAAAAADA8Ag4AAAAAAGB4BBwAAAAAAMDwCDgAAAAAAIDhEXAAAAAAAADDI+AAAAAAAACGR8ABAAAAAAAMj4ADAAAAAAAYHgEHAAAAAAAwPAIOAAAAAABgeAQcAAAAAADA8Ag4AAAAAACA4RFwAAAAAAAAwyPgAAAAAAAAhkfAAQAAAAAADI+AAwAAAAAAGB4BBwAAAAAAMDwCDgAAAAAAYHgEHAAAAAAAwPAIOAAAAAAAgOERcAAAAAAAAMMj4AAAAAAAAIZHwAEAAAAAAAyPgAMAAAAAABgeAQcAAAAAADA8Ag4AAAAAAGB4BBwAAAAAAMDwCDgAAAAAAIDhEXAAAAAAAADDI+AAAAAAAACGR8ABAAAAAAAMj4ADAAAAAAAYHgEHAAAAAAAwPAIOAAAAAABgeAQcAAAAAADA8Ag4AAAAAACA4RFwAAAAAAAAwyPgAAAAAAAAhkfAAQAAAAAADI+AAwAAAAAAGJ6ftwsAAAAAAMCdSkpKlJOTo+zsbJWWlio7O1slJSXW4yEhIYqOjlZwcLCio6MVFRWlkJAQL1Z86bKzsxUdHe32PlJSUmo9JzEx0e11nEfAAQAAAABocvLz87V161Zt3bpVmZmZdZ6/detWm/fx8fEaMGCABgwY...
&amp#27;[38;5;0m[HTTP]&amp#27;[0m &amp#27;[37m<-- GET /session/ddd4f5ae-cf8b-49c1-b33d-f6fbd915917a/screenshot &amp#27;[39m&amp#27;[32m200&amp#27;[39m &amp#27;[90m486 ms - 232452&amp#27;[39m
&amp#27;[38;5;0m[HTTP]&amp#27;[0m &amp#27;[90m&amp#27;[39m
]]></system-out>
  </testcase>
  <testcase name="skipVerification" classname="com.kvp.testcases.Android.Testtempresult" time="0">
    <skipped message="this execution skipped"/>
    <system-out><![CDATA[&amp#27;[38;5;0m[HTTP]&amp#27;[0m &amp#27;[37m-->&amp#27;[39m &amp#27;[37mDELETE&amp#27;[39m &amp#27;[37m/session/ddd4f5ae-cf8b-49c1-b33d-f6fbd915917a&amp#27;[39m
&amp#27;[38;5;0m[HTTP]&amp#27;[0m &amp#27;[90m{}&amp#27;[39m
&amp#27;[38;5;32m[AndroidUiautomator2Driver@cd22 (ddd4f5ae)]&amp#27;[0m Calling AppiumDriver.deleteSession() with args: ["ddd4f5ae-cf8b-49c1-b33d-f6fbd915917a"]
&amp#27;[38;5;16m[AppiumDriver@b18f]&amp#27;[0m Event 'quitSessionRequested' logged at 1709019277856 (13:04:37 GMT+0530 (India Standard Time))
&amp#27;[38;5;16m[AppiumDriver@b18f]&amp#27;[0m Removing session ddd4f5ae-cf8b-49c1-b33d-f6fbd915917a from our master session list
&amp#27;[38;5;32m[AndroidUiautomator2Driver@cd22 (ddd4f5ae)]&amp#27;[0m Deleting UiAutomator2 session
&amp#27;[38;5;32m[AndroidUiautomator2Driver@cd22 (ddd4f5ae)]&amp#27;[0m Deleting UiAutomator2 server session
&amp#27;[38;5;32m[AndroidUiautomator2Driver@cd22 (ddd4f5ae)]&amp#27;[0m Matched '/' to command name 'deleteSession'
&amp#27;[38;5;32m[AndroidUiautomator2Driver@cd22 (ddd4f5ae)]&amp#27;[0m Proxying [DELETE /] to [DELETE http://127.0.0.1:8201/session/d097ec8f-b613-469e-a005-fa8eead4fe02] with no body
&amp#27;[38;5;32m[AndroidUiautomator2Driver@cd22 (ddd4f5ae)]&amp#27;[0m Got response with status 200: {"sessionId":"d097ec8f-b613-469e-a005-fa8eead4fe02","value":null}
&amp#27;[38;5;64m[ADB]&amp#27;[0m Running 'C:\Users\Kvp\AppData\Local\Android\Sdk\platform-tools\adb.exe -P 5037 -s emulator-5554 shell dumpsys activity services io.appium.settings/.recorder.RecorderService'
&amp#27;[38;5;64m[ADB]&amp#27;[0m Running 'C:\Users\Kvp\AppData\Local\Android\Sdk\platform-tools\adb.exe -P 5037 -s emulator-5554 shell am force-stop com.example.field_sales_app'
&amp#27;[38;5;96m[Logcat]&amp#27;[0m Stopping logcat capture
&amp#27;[38;5;64m[ADB]&amp#27;[0m Removing forwarded port socket connection: 8201 
&amp#27;[38;5;64m[ADB]&amp#27;[0m Running 'C:\Users\Kvp\AppData\Local\Android\Sdk\platform-tools\adb.exe -P 5037 -s emulator-5554 forward --remove tcp:8201'
&amp#27;[38;5;32m[AndroidUiautomator2Driver@cd22 (ddd4f5ae)]&amp#27;[0m Restoring hidden api policy to the device default configuration
&amp#27;[38;5;64m[ADB]&amp#27;[0m Running 'C:\Users\Kvp\AppData\Local\Android\Sdk\platform-tools\adb.exe -P 5037 -s emulator-5554 shell 'settings delete global hidden_api_policy_pre_p_apps;settings delete global hidden_api_policy_p_apps;settings delete global hidden_api_policy''
&amp#27;[38;5;112m[Instrumentation]&amp#27;[0m .
&amp#27;[38;5;112m[Instrumentation]&amp#27;[0m Time: 19.076
&amp#27;[38;5;112m[Instrumentation]&amp#27;[0m 
&amp#27;[38;5;112m[Instrumentation]&amp#27;[0m OK (1 test)
&amp#27;[38;5;16m[AppiumDriver@b18f]&amp#27;[0m Event 'quitSessionFinished' logged at 1709019278556 (13:04:38 GMT+0530 (India Standard Time))
&amp#27;[38;5;16m[AppiumDriver@b18f]&amp#27;[0m Received response: null
&amp#27;[38;5;16m[AppiumDriver@b18f]&amp#27;[0m But deleting session, so not returning
&amp#27;[38;5;16m[AppiumDriver@b18f]&amp#27;[0m Responding to client with driver.deleteSession() result: null
&amp#27;[38;5;0m[HTTP]&amp#27;[0m &amp#27;[37m<-- DELETE /session/ddd4f5ae-cf8b-49c1-b33d-f6fbd915917a &amp#27;[39m&amp#27;[32m200&amp#27;[39m &amp#27;[90m702 ms - 14&amp#27;[39m
&amp#27;[38;5;0m[HTTP]&amp#27;[0m &amp#27;[90m&amp#27;[39m
243327 [main] DEBUG devpinoyLogger  - -------------------Test Ended-------------------
243327 [main] DEBUG devpinoyLogger  - -------------------Test Ended-------------------
243327 [main] DEBUG devpinoyLogger  - -------------------Test Ended-------------------
243327 [main] DEBUG devpinoyLogger  - -------------------Test Ended-------------------
243327 [main] DEBUG devpinoyLogger  - -------------------Test Ended-------------------
243327 [main] DEBUG devpinoyLogger  - -------------------Test Ended-------------------
243327 [main] DEBUG devpinoyLogger  - -------------------Test Ended-------------------
243327 [main] DEBUG devpinoyLogger  - -------------------Test Ended-------------------
243327 [main] DEBUG devpinoyLogger  - -------------------Test Ended-------------------
243327 [main] DEBUG devpinoyLogger  - -------------------Test Ended-------------------
243327 [main] DEBUG devpinoyLogger  - -------------------Test Ended-------------------
243327 [main] DEBUG devpinoyLogger  - -------------------Test Ended-------------------
243327 [main] DEBUG devpinoyLogger  - -------------------Test Ended-------------------
243327 [main] DEBUG devpinoyLogger  - -------------------Test Ended-------------------
243327 [main] DEBUG devpinoyLogger  - -------------------Test Ended-------------------
243327 [main] DEBUG devpinoyLogger  - -------------------Test Ended-------------------
243327 [main] DEBUG devpinoyLogger  - -------------------Test Ended-------------------
243327 [main] DEBUG devpinoyLogger  - -------------------Test Ended-------------------
243327 [main] DEBUG devpinoyLogger  - -------------------Test Ended-------------------
243327 [main] DEBUG devpinoyLogger  - -------------------Test Ended-------------------
243327 [main] DEBUG devpinoyLogger  - -------------------Test Ended-------------------
243327 [main] DEBUG devpinoyLogger  - -------------------Test Ended-------------------
243327 [main] DEBUG devpinoyLogger  - -------------------Test Ended-------------------
243327 [main] DEBUG devpinoyLogger  - -------------------Test Ended-------------------
]]></system-out>
  </testcase>
</testsuite>