<?xml version="1.0" encoding="UTF-8"?>
<testsuite xmlns:xsi="http://www.w3.org/2001/XMLSchema-instance" xsi:noNamespaceSchemaLocation="https://maven.apache.org/surefire/maven-surefire-plugin/xsd/surefire-test-report-3.0.xsd" version="3.0" name="TestSuite" time="119.041" tests="2" errors="0" skipped="0" failures="1">
  <properties>
    <property name="java.specification.version" value="21"/>
    <property name="sun.cpu.isalist" value="amd64"/>
    <property name="sun.jnu.encoding" value="Cp1252"/>
    <property name="java.class.path" value="C:\Users\Kvp\eclipse-workspace\KVP_FMCG_Industry_Product\target\test-classes;C:\Users\Kvp\eclipse-workspace\KVP_FMCG_Industry_Product\target\classes;C:\Users\Kvp\.m2\repository\org\testng\testng\7.9.0\testng-7.9.0.jar;C:\Users\Kvp\.m2\repository\org\slf4j\slf4j-api\1.7.36\slf4j-api-1.7.36.jar;C:\Users\Kvp\.m2\repository\com\beust\jcommander\1.82\jcommander-1.82.jar;C:\Users\Kvp\.m2\repository\org\webjars\jquery\3.7.1\jquery-3.7.1.jar;C:\Users\Kvp\.m2\repository\io\appium\java-client\9.0.0\java-client-9.0.0.jar;C:\Users\Kvp\.m2\repository\org\seleniumhq\selenium\selenium-api\4.17.0\selenium-api-4.17.0.jar;C:\Users\Kvp\.m2\repository\org\seleniumhq\selenium\selenium-remote-driver\4.17.0\selenium-remote-driver-4.17.0.jar;C:\Users\Kvp\.m2\repository\com\google\auto\service\auto-service-annotations\1.1.1\auto-service-annotations-1.1.1.jar;C:\Users\Kvp\.m2\repository\com\google\guava\guava\33.0.0-jre\guava-33.0.0-jre.jar;C:\Users\Kvp\.m2\repository\com\google\guava\failureaccess\1.0.2\failureaccess-1.0.2.jar;C:\Users\Kvp\.m2\repository\com\google\guava\listenablefuture\9999.0-empty-to-avoid-conflict-with-guava\listenablefuture-9999.0-empty-to-avoid-conflict-with-guava.jar;C:\Users\Kvp\.m2\repository\com\google\code\findbugs\jsr305\3.0.2\jsr305-3.0.2.jar;C:\Users\Kvp\.m2\repository\org\checkerframework\checker-qual\3.41.0\checker-qual-3.41.0.jar;C:\Users\Kvp\.m2\repository\com\google\errorprone\error_prone_annotations\2.23.0\error_prone_annotations-2.23.0.jar;C:\Users\Kvp\.m2\repository\com\google\j2objc\j2objc-annotations\2.8\j2objc-annotations-2.8.jar;C:\Users\Kvp\.m2\repository\io\opentelemetry\semconv\opentelemetry-semconv\1.23.1-alpha\opentelemetry-semconv-1.23.1-alpha.jar;C:\Users\Kvp\.m2\repository\io\opentelemetry\opentelemetry-api\1.34.1\opentelemetry-api-1.34.1.jar;C:\Users\Kvp\.m2\repository\io\opentelemetry\opentelemetry-context\1.34.1\opentelemetry-context-1.34.1.jar;C:\Users\Kvp\.m2\repository\io\opentelemetry\opentelemetry-exporter-logging\1.34.1\opentelemetry-exporter-logging-1.34.1.jar;C:\Users\Kvp\.m2\repository\io\opentelemetry\opentelemetry-sdk-common\1.34.1\opentelemetry-sdk-common-1.34.1.jar;C:\Users\Kvp\.m2\repository\io\opentelemetry\opentelemetry-sdk-extension-autoconfigure-spi\1.34.1\opentelemetry-sdk-extension-autoconfigure-spi-1.34.1.jar;C:\Users\Kvp\.m2\repository\io\opentelemetry\opentelemetry-sdk-extension-autoconfigure\1.34.1\opentelemetry-sdk-extension-autoconfigure-1.34.1.jar;C:\Users\Kvp\.m2\repository\io\opentelemetry\opentelemetry-api-events\1.34.1-alpha\opentelemetry-api-events-1.34.1-alpha.jar;C:\Users\Kvp\.m2\repository\io\opentelemetry\opentelemetry-sdk-trace\1.34.1\opentelemetry-sdk-trace-1.34.1.jar;C:\Users\Kvp\.m2\repository\io\opentelemetry\opentelemetry-sdk\1.34.1\opentelemetry-sdk-1.34.1.jar;C:\Users\Kvp\.m2\repository\io\opentelemetry\opentelemetry-sdk-metrics\1.34.1\opentelemetry-sdk-metrics-1.34.1.jar;C:\Users\Kvp\.m2\repository\io\opentelemetry\opentelemetry-extension-incubator\1.34.1-alpha\opentelemetry-extension-incubator-1.34.1-alpha.jar;C:\Users\Kvp\.m2\repository\io\opentelemetry\opentelemetry-sdk-logs\1.34.1\opentelemetry-sdk-logs-1.34.1.jar;C:\Users\Kvp\.m2\repository\net\bytebuddy\byte-buddy\1.14.11\byte-buddy-1.14.11.jar;C:\Users\Kvp\.m2\repository\org\seleniumhq\selenium\selenium-http\4.17.0\selenium-http-4.17.0.jar;C:\Users\Kvp\.m2\repository\dev\failsafe\failsafe\3.3.2\failsafe-3.3.2.jar;C:\Users\Kvp\.m2\repository\org\seleniumhq\selenium\selenium-json\4.17.0\selenium-json-4.17.0.jar;C:\Users\Kvp\.m2\repository\org\seleniumhq\selenium\selenium-manager\4.17.0\selenium-manager-4.17.0.jar;C:\Users\Kvp\.m2\repository\org\seleniumhq\selenium\selenium-os\4.17.0\selenium-os-4.17.0.jar;C:\Users\Kvp\.m2\repository\org\apache\commons\commons-exec\1.3\commons-exec-1.3.jar;C:\Users\Kvp\.m2\repository\org\seleniumhq\selenium\selenium-support\4.17.0\selenium-support-4.17.0.jar;C:\Users\Kvp\.m2\repository\com\google\code\gson\gson\2.10.1\gson-2.10.1.jar;C:\Users\Kvp\.m2\repository\org\seleniumhq\selenium\selenium-java\4.16.1\selenium-java-4.16.1.jar;C:\Users\Kvp\.m2\repository\org\seleniumhq\selenium\selenium-chrome-driver\4.16.1\selenium-chrome-driver-4.16.1.jar;C:\Users\Kvp\.m2\repository\org\seleniumhq\selenium\selenium-chromium-driver\4.16.1\selenium-chromium-driver-4.16.1.jar;C:\Users\Kvp\.m2\repository\org\seleniumhq\selenium\selenium-devtools-v118\4.16.1\selenium-devtools-v118-4.16.1.jar;C:\Users\Kvp\.m2\repository\org\seleniumhq\selenium\selenium-devtools-v119\4.16.1\selenium-devtools-v119-4.16.1.jar;C:\Users\Kvp\.m2\repository\org\seleniumhq\selenium\selenium-devtools-v120\4.16.1\selenium-devtools-v120-4.16.1.jar;C:\Users\Kvp\.m2\repository\org\seleniumhq\selenium\selenium-devtools-v85\4.16.1\selenium-devtools-v85-4.16.1.jar;C:\Users\Kvp\.m2\repository\org\seleniumhq\selenium\selenium-edge-driver\4.16.1\selenium-edge-driver-4.16.1.jar;C:\Users\Kvp\.m2\repository\org\seleniumhq\selenium\selenium-firefox-driver\4.16.1\selenium-firefox-driver-4.16.1.jar;C:\Users\Kvp\.m2\repository\org\seleniumhq\selenium\selenium-ie-driver\4.16.1\selenium-ie-driver-4.16.1.jar;C:\Users\Kvp\.m2\repository\org\seleniumhq\selenium\selenium-safari-driver\4.16.1\selenium-safari-driver-4.16.1.jar;C:\Users\Kvp\.m2\repository\log4j\log4j\1.2.17\log4j-1.2.17.jar;C:\Users\Kvp\.m2\repository\com\aventstack\extentreports\5.1.0\extentreports-5.1.0.jar;C:\Users\Kvp\.m2\repository\io\reactivex\rxjava3\rxjava\3.1.6\rxjava-3.1.6.jar;C:\Users\Kvp\.m2\repository\org\reactivestreams\reactive-streams\1.0.4\reactive-streams-1.0.4.jar;C:\Users\Kvp\.m2\repository\org\freemarker\freemarker\2.3.32\freemarker-2.3.32.jar;C:\Users\Kvp\.m2\repository\org\projectlombok\lombok\1.18.26\lombok-1.18.26.jar;C:\Users\Kvp\.m2\repository\commons-io\commons-io\2.11.0\commons-io-2.11.0.jar;C:\Users\Kvp\.m2\repository\com\fasterxml\jackson\core\jackson-databind\2.16.0\jackson-databind-2.16.0.jar;C:\Users\Kvp\.m2\repository\com\fasterxml\jackson\core\jackson-annotations\2.16.0\jackson-annotations-2.16.0.jar;C:\Users\Kvp\.m2\repository\com\fasterxml\jackson\core\jackson-core\2.16.0\jackson-core-2.16.0.jar;"/>
    <property name="java.vm.vendor" value="Oracle Corporation"/>
    <property name="sun.arch.data.model" value="64"/>
    <property name="user.variant" value=""/>
    <property name="java.vendor.url" value="https://java.oracle.com/"/>
    <property name="user.timezone" value="Asia/Calcutta"/>
    <property name="os.name" value="Windows 10"/>
    <property name="java.vm.specification.version" value="21"/>
    <property name="sun.java.launcher" value="SUN_STANDARD"/>
    <property name="user.country" value="IN"/>
    <property name="sun.boot.library.path" value="C:\Program Files\Java\jdk-21\bin"/>
    <property name="sun.java.command" value="C:\Users\Kvp\AppData\Local\Temp\surefire14331908366747071616\surefirebooter-20240206101730692_3.jar C:\Users\Kvp\AppData\Local\Temp\surefire14331908366747071616 2024-02-06T10-17-30_255-jvmRun1 surefire-20240206101730692_1tmp surefire_0-20240206101730692_2tmp"/>
    <property name="jdk.debug" value="release"/>
    <property name="surefire.test.class.path" value="C:\Users\Kvp\eclipse-workspace\KVP_FMCG_Industry_Product\target\test-classes;C:\Users\Kvp\eclipse-workspace\KVP_FMCG_Industry_Product\target\classes;C:\Users\Kvp\.m2\repository\org\testng\testng\7.9.0\testng-7.9.0.jar;C:\Users\Kvp\.m2\repository\org\slf4j\slf4j-api\1.7.36\slf4j-api-1.7.36.jar;C:\Users\Kvp\.m2\repository\com\beust\jcommander\1.82\jcommander-1.82.jar;C:\Users\Kvp\.m2\repository\org\webjars\jquery\3.7.1\jquery-3.7.1.jar;C:\Users\Kvp\.m2\repository\io\appium\java-client\9.0.0\java-client-9.0.0.jar;C:\Users\Kvp\.m2\repository\org\seleniumhq\selenium\selenium-api\4.17.0\selenium-api-4.17.0.jar;C:\Users\Kvp\.m2\repository\org\seleniumhq\selenium\selenium-remote-driver\4.17.0\selenium-remote-driver-4.17.0.jar;C:\Users\Kvp\.m2\repository\com\google\auto\service\auto-service-annotations\1.1.1\auto-service-annotations-1.1.1.jar;C:\Users\Kvp\.m2\repository\com\google\guava\guava\33.0.0-jre\guava-33.0.0-jre.jar;C:\Users\Kvp\.m2\repository\com\google\guava\failureaccess\1.0.2\failureaccess-1.0.2.jar;C:\Users\Kvp\.m2\repository\com\google\guava\listenablefuture\9999.0-empty-to-avoid-conflict-with-guava\listenablefuture-9999.0-empty-to-avoid-conflict-with-guava.jar;C:\Users\Kvp\.m2\repository\com\google\code\findbugs\jsr305\3.0.2\jsr305-3.0.2.jar;C:\Users\Kvp\.m2\repository\org\checkerframework\checker-qual\3.41.0\checker-qual-3.41.0.jar;C:\Users\Kvp\.m2\repository\com\google\errorprone\error_prone_annotations\2.23.0\error_prone_annotations-2.23.0.jar;C:\Users\Kvp\.m2\repository\com\google\j2objc\j2objc-annotations\2.8\j2objc-annotations-2.8.jar;C:\Users\Kvp\.m2\repository\io\opentelemetry\semconv\opentelemetry-semconv\1.23.1-alpha\opentelemetry-semconv-1.23.1-alpha.jar;C:\Users\Kvp\.m2\repository\io\opentelemetry\opentelemetry-api\1.34.1\opentelemetry-api-1.34.1.jar;C:\Users\Kvp\.m2\repository\io\opentelemetry\opentelemetry-context\1.34.1\opentelemetry-context-1.34.1.jar;C:\Users\Kvp\.m2\repository\io\opentelemetry\opentelemetry-exporter-logging\1.34.1\opentelemetry-exporter-logging-1.34.1.jar;C:\Users\Kvp\.m2\repository\io\opentelemetry\opentelemetry-sdk-common\1.34.1\opentelemetry-sdk-common-1.34.1.jar;C:\Users\Kvp\.m2\repository\io\opentelemetry\opentelemetry-sdk-extension-autoconfigure-spi\1.34.1\opentelemetry-sdk-extension-autoconfigure-spi-1.34.1.jar;C:\Users\Kvp\.m2\repository\io\opentelemetry\opentelemetry-sdk-extension-autoconfigure\1.34.1\opentelemetry-sdk-extension-autoconfigure-1.34.1.jar;C:\Users\Kvp\.m2\repository\io\opentelemetry\opentelemetry-api-events\1.34.1-alpha\opentelemetry-api-events-1.34.1-alpha.jar;C:\Users\Kvp\.m2\repository\io\opentelemetry\opentelemetry-sdk-trace\1.34.1\opentelemetry-sdk-trace-1.34.1.jar;C:\Users\Kvp\.m2\repository\io\opentelemetry\opentelemetry-sdk\1.34.1\opentelemetry-sdk-1.34.1.jar;C:\Users\Kvp\.m2\repository\io\opentelemetry\opentelemetry-sdk-metrics\1.34.1\opentelemetry-sdk-metrics-1.34.1.jar;C:\Users\Kvp\.m2\repository\io\opentelemetry\opentelemetry-extension-incubator\1.34.1-alpha\opentelemetry-extension-incubator-1.34.1-alpha.jar;C:\Users\Kvp\.m2\repository\io\opentelemetry\opentelemetry-sdk-logs\1.34.1\opentelemetry-sdk-logs-1.34.1.jar;C:\Users\Kvp\.m2\repository\net\bytebuddy\byte-buddy\1.14.11\byte-buddy-1.14.11.jar;C:\Users\Kvp\.m2\repository\org\seleniumhq\selenium\selenium-http\4.17.0\selenium-http-4.17.0.jar;C:\Users\Kvp\.m2\repository\dev\failsafe\failsafe\3.3.2\failsafe-3.3.2.jar;C:\Users\Kvp\.m2\repository\org\seleniumhq\selenium\selenium-json\4.17.0\selenium-json-4.17.0.jar;C:\Users\Kvp\.m2\repository\org\seleniumhq\selenium\selenium-manager\4.17.0\selenium-manager-4.17.0.jar;C:\Users\Kvp\.m2\repository\org\seleniumhq\selenium\selenium-os\4.17.0\selenium-os-4.17.0.jar;C:\Users\Kvp\.m2\repository\org\apache\commons\commons-exec\1.3\commons-exec-1.3.jar;C:\Users\Kvp\.m2\repository\org\seleniumhq\selenium\selenium-support\4.17.0\selenium-support-4.17.0.jar;C:\Users\Kvp\.m2\repository\com\google\code\gson\gson\2.10.1\gson-2.10.1.jar;C:\Users\Kvp\.m2\repository\org\seleniumhq\selenium\selenium-java\4.16.1\selenium-java-4.16.1.jar;C:\Users\Kvp\.m2\repository\org\seleniumhq\selenium\selenium-chrome-driver\4.16.1\selenium-chrome-driver-4.16.1.jar;C:\Users\Kvp\.m2\repository\org\seleniumhq\selenium\selenium-chromium-driver\4.16.1\selenium-chromium-driver-4.16.1.jar;C:\Users\Kvp\.m2\repository\org\seleniumhq\selenium\selenium-devtools-v118\4.16.1\selenium-devtools-v118-4.16.1.jar;C:\Users\Kvp\.m2\repository\org\seleniumhq\selenium\selenium-devtools-v119\4.16.1\selenium-devtools-v119-4.16.1.jar;C:\Users\Kvp\.m2\repository\org\seleniumhq\selenium\selenium-devtools-v120\4.16.1\selenium-devtools-v120-4.16.1.jar;C:\Users\Kvp\.m2\repository\org\seleniumhq\selenium\selenium-devtools-v85\4.16.1\selenium-devtools-v85-4.16.1.jar;C:\Users\Kvp\.m2\repository\org\seleniumhq\selenium\selenium-edge-driver\4.16.1\selenium-edge-driver-4.16.1.jar;C:\Users\Kvp\.m2\repository\org\seleniumhq\selenium\selenium-firefox-driver\4.16.1\selenium-firefox-driver-4.16.1.jar;C:\Users\Kvp\.m2\repository\org\seleniumhq\selenium\selenium-ie-driver\4.16.1\selenium-ie-driver-4.16.1.jar;C:\Users\Kvp\.m2\repository\org\seleniumhq\selenium\selenium-safari-driver\4.16.1\selenium-safari-driver-4.16.1.jar;C:\Users\Kvp\.m2\repository\log4j\log4j\1.2.17\log4j-1.2.17.jar;C:\Users\Kvp\.m2\repository\com\aventstack\extentreports\5.1.0\extentreports-5.1.0.jar;C:\Users\Kvp\.m2\repository\io\reactivex\rxjava3\rxjava\3.1.6\rxjava-3.1.6.jar;C:\Users\Kvp\.m2\repository\org\reactivestreams\reactive-streams\1.0.4\reactive-streams-1.0.4.jar;C:\Users\Kvp\.m2\repository\org\freemarker\freemarker\2.3.32\freemarker-2.3.32.jar;C:\Users\Kvp\.m2\repository\org\projectlombok\lombok\1.18.26\lombok-1.18.26.jar;C:\Users\Kvp\.m2\repository\commons-io\commons-io\2.11.0\commons-io-2.11.0.jar;C:\Users\Kvp\.m2\repository\com\fasterxml\jackson\core\jackson-databind\2.16.0\jackson-databind-2.16.0.jar;C:\Users\Kvp\.m2\repository\com\fasterxml\jackson\core\jackson-annotations\2.16.0\jackson-annotations-2.16.0.jar;C:\Users\Kvp\.m2\repository\com\fasterxml\jackson\core\jackson-core\2.16.0\jackson-core-2.16.0.jar;"/>
    <property name="sun.cpu.endian" value="little"/>
    <property name="user.home" value="C:\Users\Kvp"/>
    <property name="user.language" value="en"/>
    <property name="java.specification.vendor" value="Oracle Corporation"/>
    <property name="java.version.date" value="2024-01-16"/>
    <property name="java.home" value="C:\Program Files\Java\jdk-21"/>
    <property name="file.separator" value="\"/>
    <property name="basedir" value="C:\Users\Kvp\eclipse-workspace\KVP_FMCG_Industry_Product"/>
    <property name="java.vm.compressedOopsMode" value="Zero based"/>
    <property name="line.separator" value="&#10;"/>
    <property name="java.vm.specification.vendor" value="Oracle Corporation"/>
    <property name="java.specification.name" value="Java Platform API Specification"/>
    <property name="surefire.real.class.path" value="C:\Users\Kvp\AppData\Local\Temp\surefire14331908366747071616\surefirebooter-20240206101730692_3.jar"/>
    <property name="user.script" value=""/>
    <property name="sun.management.compiler" value="HotSpot 64-Bit Tiered Compilers"/>
    <property name="java.runtime.version" value="21.0.2+13-LTS-58"/>
    <property name="user.name" value="Prasad"/>
    <property name="stdout.encoding" value="Cp1252"/>
    <property name="path.separator" value=";"/>
    <property name="os.version" value="10.0"/>
    <property name="java.runtime.name" value="Java(TM) SE Runtime Environment"/>
    <property name="file.encoding" value="UTF-8"/>
    <property name="java.vm.name" value="Java HotSpot(TM) 64-Bit Server VM"/>
    <property name="localRepository" value="C:\Users\Kvp\.m2\repository"/>
    <property name="java.vendor.url.bug" value="https://bugreport.java.com/bugreport/"/>
    <property name="java.io.tmpdir" value="C:\Users\Kvp\AppData\Local\Temp\"/>
    <property name="java.version" value="21.0.2"/>
    <property name="user.dir" value="C:\Users\Kvp\eclipse-workspace\KVP_FMCG_Industry_Product"/>
    <property name="os.arch" value="amd64"/>
    <property name="java.vm.specification.name" value="Java Virtual Machine Specification"/>
    <property name="sun.os.patch.level" value=""/>
    <property name="native.encoding" value="Cp1252"/>
    <property name="java.library.path" value="C:\Program Files\Java\jdk-21\bin;C:\Windows\Sun\Java\bin;C:\Windows\system32;C:\Windows;C:\Program Files\Common Files\Oracle\Java\javapath;C:\Python312\Scripts\;C:\Python312\;C:\Windows\system32;C:\Windows;C:\Windows\System32\Wbem;C:\Windows\System32\WindowsPowerShell\v1.0\;C:\Windows\System32\OpenSSH\;C:\Program Files\Java\jre-1.8\bin;C:\Program Files\sfdx\bin;D:\Selenium Java\apache-maven-3.9.3\bin;C:\ProgramData\chocolatey\bin;C:\Program Files\Android\Android Studio\bin;C:\Program Files\nodejs\node_modules\npm\bin;C:\Users\Kvp\AppData\Roaming\npm;D:\sdk\tools\bin;D:\sdk\tools;D:\sdk\platform-tools;C:\Program Files\nodejs\;C:\Program Files\Java\jdk-21\bin;C:\Users\Kvp\AppData\Local\Microsoft\WindowsApps;C:\Program Files\Microsoft VS Code\bin;C:\Users\Kvp\AppData\Local\Programs\Git\cmd;."/>
    <property name="java.vm.info" value="mixed mode, sharing"/>
    <property name="stderr.encoding" value="Cp1252"/>
    <property name="java.vendor" value="Oracle Corporation"/>
    <property name="java.vm.version" value="21.0.2+13-LTS-58"/>
    <property name="sun.io.unicode.encoding" value="UnicodeLittle"/>
    <property name="java.class.version" value="65.0"/>
  </properties>
  <testcase name="loginScreenTest[{userName=prasad, password=12345}](1)" classname="com.kvp.testcases.Android.TC1_EndToEnd" time="3.61">
    <system-out><![CDATA[&amp#27;[35m[Appium]&amp#27;[39m Welcome to Appium v2.4.1
&amp#27;[35m[Appium]&amp#27;[39m Non-default server args:
&amp#27;[35m[Appium]&amp#27;[39m { address: &amp#27;[32m'127.0.0.1'&amp#27;[39m }
&amp#27;[35m[Appium]&amp#27;[39m The autodetected Appium home path: C:\Users\Kvp\.appium
&amp#27;[35m[Appium]&amp#27;[39m Attempting to load driver uiautomator2...
&amp#27;[35m[Appium]&amp#27;[39m Requiring driver at C:\Users\Kvp\.appium\node_modules\appium-uiautomator2-driver\build\index.js
&amp#27;[35m[Appium]&amp#27;[39m AndroidUiautomator2Driver has been successfully loaded in 1.216s
&amp#27;[35m[Appium]&amp#27;[39m Appium REST http interface listener started on http://127.0.0.1:4723
&amp#27;[35m[Appium]&amp#27;[39m Available drivers:
&amp#27;[35m[Appium]&amp#27;[39m   - uiautomator2@2.40.0 (automationName 'UiAutomator2')
&amp#27;[35m[Appium]&amp#27;[39m Available plugins:
&amp#27;[35m[Appium]&amp#27;[39m   - execute-driver@3.0.23
&amp#27;[35m[Appium]&amp#27;[39m   - images@3.0.1
&amp#27;[35m[Appium]&amp#27;[39m   - relaxed-caps@1.0.6
&amp#27;[35m[Appium]&amp#27;[39m   - universal-xml@1.0.16
&amp#27;[35m[Appium]&amp#27;[39m No plugins activated. Use the --use-plugins flag with names of plugins to activate
&amp#27;[38;5;0m[HTTP]&amp#27;[0m &amp#27;[37m-->&amp#27;[39m &amp#27;[37mGET&amp#27;[39m &amp#27;[37m/status&amp#27;[39m
&amp#27;[38;5;0m[HTTP]&amp#27;[0m &amp#27;[90m{}&amp#27;[39m
&amp#27;[38;5;16m[AppiumDriver@45dc]&amp#27;[0m Calling AppiumDriver.getStatus() with args: []
&amp#27;[38;5;16m[AppiumDriver@45dc]&amp#27;[0m Responding to client with driver.getStatus() result: {"ready":true,"message":"The server is ready to accept new connections","build":{"version":"2.4.1"}}
&amp#27;[38;5;0m[HTTP]&amp#27;[0m &amp#27;[37m<-- GET /status &amp#27;[39m&amp#27;[32m200&amp#27;[39m &amp#27;[90m5 ms - 110&amp#27;[39m
&amp#27;[38;5;0m[HTTP]&amp#27;[0m &amp#27;[90m&amp#27;[39m
&amp#27;[38;5;0m[HTTP]&amp#27;[0m Request idempotency key: ba98706d-747e-440c-82ba-27a7559c948d
&amp#27;[38;5;0m[HTTP]&amp#27;[0m &amp#27;[37m-->&amp#27;[39m &amp#27;[37mPOST&amp#27;[39m &amp#27;[37m/session&amp#27;[39m
&amp#27;[38;5;0m[HTTP]&amp#27;[0m &amp#27;[90m{"capabilities":{"firstMatch":[{}],"alwaysMatch":{"appium:automationName":"UiAutomator2","platformName":"ANDROID","appium:app":"Project_Resources/app-release 20.apk","appium:platformVersion":"11.0","appium:deviceName":"Pixel 7 API 30"}}}&amp#27;[39m
&amp#27;[38;5;16m[AppiumDriver@45dc]&amp#27;[0m Calling AppiumDriver.createSession() with args: [null,null,{"firstMatch":[{}],"alwaysMatch":{"appium:automationName":"UiAutomator2","platformName":"ANDROID","appium:app":"Project_Resources/app-release 20.apk","appium:platformVersion":"11.0","appium:deviceName":"Pixel 7 API 30"}}]
&amp#27;[38;5;16m[AppiumDriver@45dc]&amp#27;[0m Event 'newSessionRequested' logged at 1707194855576 (10:17:35 GMT+0530 (India Standard Time))
&amp#27;[35m[Appium]&amp#27;[39m Attempting to find matching driver for automationName 'UiAutomator2' and platformName 'ANDROID'
&amp#27;[35m[Appium]&amp#27;[39m The 'uiautomator2' driver was installed and matched caps.
&amp#27;[35m[Appium]&amp#27;[39m Will require it at C:\Users\Kvp\.appium\node_modules\appium-uiautomator2-driver
&amp#27;[35m[Appium]&amp#27;[39m Requiring driver at C:\Users\Kvp\.appium\node_modules\appium-uiautomator2-driver\build\index.js
&amp#27;[38;5;16m[AppiumDriver@45dc]&amp#27;[0m Appium v2.4.1 creating new AndroidUiautomator2Driver (v2.40.0) session
&amp#27;[38;5;16m[AppiumDriver@45dc]&amp#27;[0m Checking BaseDriver versions for Appium and AndroidUiautomator2Driver
&amp#27;[38;5;16m[AppiumDriver@45dc]&amp#27;[0m Appium's BaseDriver version is 9.5.0
&amp#27;[38;5;16m[AppiumDriver@45dc]&amp#27;[0m AndroidUiautomator2Driver's BaseDriver version is 9.5.0
&amp#27;[38;5;32m[AndroidUiautomator2Driver@6f81]&amp#27;[0m Creating session with W3C capabilities: {
&amp#27;[38;5;32m[AndroidUiautomator2Driver@6f81]&amp#27;[0m   "alwaysMatch": {
&amp#27;[38;5;32m[AndroidUiautomator2Driver@6f81]&amp#27;[0m     "platformName": "ANDROID",
&amp#27;[38;5;32m[AndroidUiautomator2Driver@6f81]&amp#27;[0m     "appium:automationName": "UiAutomator2",
&amp#27;[38;5;32m[AndroidUiautomator2Driver@6f81]&amp#27;[0m     "appium:app": "Project_Resources/app-release 20.apk",
&amp#27;[38;5;32m[AndroidUiautomator2Driver@6f81]&amp#27;[0m     "appium:platformVersion": "11.0",
&amp#27;[38;5;32m[AndroidUiautomator2Driver@6f81]&amp#27;[0m     "appium:deviceName": "Pixel 7 API 30"
&amp#27;[38;5;32m[AndroidUiautomator2Driver@6f81]&amp#27;[0m   },
&amp#27;[38;5;32m[AndroidUiautomator2Driver@6f81]&amp#27;[0m   "firstMatch": [
&amp#27;[38;5;32m[AndroidUiautomator2Driver@6f81]&amp#27;[0m     {}
&amp#27;[38;5;32m[AndroidUiautomator2Driver@6f81]&amp#27;[0m   ]
&amp#27;[38;5;32m[AndroidUiautomator2Driver@6f81]&amp#27;[0m }
&amp#27;[38;5;32m[AndroidUiautomator2Driver@6f81 (216f4735)]&amp#27;[0m Session created with session id: 216f4735-22e0-4412-b9d8-12f45fe4aa10
&amp#27;[38;5;48m[BaseDriver]&amp#27;[0m Using local app 'Project_Resources/app-release 20.apk'
&amp#27;[38;5;48m[BaseDriver]&amp#27;[0m The current application path 'Project_Resources/app-release 20.apk' is not absolute and has been rewritten to 'C:\Users\Kvp\eclipse-workspace\KVP_FMCG_Industry_Product\Project_Resources\app-release 20.apk'. Consider using absolute paths rather than relative
&amp#27;[38;5;32m[AndroidUiautomator2Driver@6f81 (216f4735)]&amp#27;[0m Checking whether app is actually present
&amp#27;[38;5;64m[ADB]&amp#27;[0m Found 1 'build-tools' folders under 'C:\Users\Kvp\AppData\Local\Android\Sdk' (newest first):
&amp#27;[38;5;64m[ADB]&amp#27;[0m     C:\Users\Kvp\AppData\Local\Android\Sdk\build-tools\34.0.0
&amp#27;[38;5;64m[ADB]&amp#27;[0m Using 'adb.exe' from 'C:\Users\Kvp\AppData\Local\Android\Sdk\platform-tools\adb.exe'
&amp#27;[38;5;64m[ADB]&amp#27;[0m Running 'C:\Users\Kvp\AppData\Local\Android\Sdk\platform-tools\adb.exe -P 5037 start-server'
&amp#27;[38;5;80m[AndroidDriver]&amp#27;[0m Retrieving device list
&amp#27;[38;5;64m[ADB]&amp#27;[0m Trying to find connected Android devices
&amp#27;[38;5;64m[ADB]&amp#27;[0m Getting connected devices
&amp#27;[38;5;64m[ADB]&amp#27;[0m Connected devices: [{"udid":"emulator-5554","state":"device"}]
&amp#27;[38;5;80m[AndroidDriver]&amp#27;[0m Looking for a device with Android '11.0.0'
&amp#27;[38;5;64m[ADB]&amp#27;[0m Setting device id to emulator-5554
&amp#27;[38;5;64m[ADB]&amp#27;[0m Getting device platform version
&amp#27;[38;5;64m[ADB]&amp#27;[0m Running 'C:\Users\Kvp\AppData\Local\Android\Sdk\platform-tools\adb.exe -P 5037 -s emulator-5554 shell getprop ro.build.version.release'
&amp#27;[38;5;64m[ADB]&amp#27;[0m Current device property 'ro.build.version.release': 11
&amp#27;[38;5;80m[AndroidDriver]&amp#27;[0m Using device: emulator-5554
&amp#27;[38;5;64m[ADB]&amp#27;[0m Using 'adb.exe' from 'C:\Users\Kvp\AppData\Local\Android\Sdk\platform-tools\adb.exe'
&amp#27;[38;5;64m[ADB]&amp#27;[0m Running 'C:\Users\Kvp\AppData\Local\Android\Sdk\platform-tools\adb.exe -P 5037 start-server'
&amp#27;[38;5;64m[ADB]&amp#27;[0m Setting device id to emulator-5554
&amp#27;[38;5;64m[ADB]&amp#27;[0m Running 'C:\Users\Kvp\AppData\Local\Android\Sdk\platform-tools\adb.exe -P 5037 -s emulator-5554 shell getprop ro.build.version.sdk'
&amp#27;[38;5;64m[ADB]&amp#27;[0m Current device property 'ro.build.version.sdk': 30
&amp#27;[38;5;64m[ADB]&amp#27;[0m Getting device platform version
&amp#27;[38;5;64m[ADB]&amp#27;[0m Running 'C:\Users\Kvp\AppData\Local\Android\Sdk\platform-tools\adb.exe -P 5037 -s emulator-5554 shell getprop ro.build.version.release'
&amp#27;[38;5;64m[ADB]&amp#27;[0m Current device property 'ro.build.version.release': 11
&amp#27;[38;5;64m[ADB]&amp#27;[0m Device API level: 30
&amp#27;[38;5;32m[AndroidUiautomator2Driver@6f81 (216f4735)]&amp#27;[0m Relaxing hidden api policy
&amp#27;[38;5;64m[ADB]&amp#27;[0m Running 'C:\Users\Kvp\AppData\Local\Android\Sdk\platform-tools\adb.exe -P 5037 -s emulator-5554 shell 'settings put global hidden_api_policy_pre_p_apps 1;settings put global hidden_api_policy_p_apps 1;settings put global hidden_api_policy 1''
&amp#27;[38;5;80m[AndroidDriver]&amp#27;[0m Parsing package and activity from app manifest
&amp#27;[38;5;64m[ADB]&amp#27;[0m Package name: 'com.example.field_sales_app'
&amp#27;[38;5;64m[ADB]&amp#27;[0m Main activity name: 'com.example.field_sales_app.MainActivity'
&amp#27;[38;5;80m[AndroidDriver]&amp#27;[0m Parsed package and activity are: com.example.field_sales_app/com.example.field_sales_app.MainActivity
&amp#27;[38;5;64m[ADB]&amp#27;[0m Running 'C:\Users\Kvp\AppData\Local\Android\Sdk\platform-tools\adb.exe -P 5037 -s emulator-5554 wait-for-device'
&amp#27;[38;5;64m[ADB]&amp#27;[0m Running 'C:\Users\Kvp\AppData\Local\Android\Sdk\platform-tools\adb.exe -P 5037 -s emulator-5554 shell echo ping'
&amp#27;[38;5;80m[AndroidDriver]&amp#27;[0m Pushing settings apk to device...
&amp#27;[38;5;64m[ADB]&amp#27;[0m Getting package info for 'io.appium.settings'
&amp#27;[38;5;64m[ADB]&amp#27;[0m Running 'C:\Users\Kvp\AppData\Local\Android\Sdk\platform-tools\adb.exe -P 5037 -s emulator-5554 shell dumpsys package io.appium.settings'
&amp#27;[38;5;64m[ADB]&amp#27;[0m The version name of the installed 'io.appium.settings' is greater or equal to the application version name ('5.3.1' >= '5.3.1')
&amp#27;[38;5;64m[ADB]&amp#27;[0m There is no need to install/upgrade 'C:\Users\Kvp\.appium\node_modules\appium-uiautomator2-driver\node_modules\io.appium.settings\apks\settings_apk-debug.apk'
&amp#27;[38;5;64m[ADB]&amp#27;[0m Getting IDs of all 'io.appium.settings' processes
&amp#27;[38;5;64m[ADB]&amp#27;[0m Running 'C:\Users\Kvp\AppData\Local\Android\Sdk\platform-tools\adb.exe -P 5037 -s emulator-5554 shell 'pgrep --help; echo $?''
&amp#27;[38;5;64m[ADB]&amp#27;[0m Running 'C:\Users\Kvp\AppData\Local\Android\Sdk\platform-tools\adb.exe -P 5037 -s emulator-5554 shell pgrep -f \(\[\[:blank:\]\]\|\^\)io\.appium\.settings\(\[\[:blank:\]\]\|\$\)'
&amp#27;[38;5;80m[AndroidDriver]&amp#27;[0m io.appium.settings is already running. There is no need to reset its permissions.
&amp#27;[38;5;96m[Logcat]&amp#27;[0m Starting logs capture with command: C:\\Users\\Kvp\\AppData\\Local\\Android\\Sdk\\platform-tools\\adb.exe -P 5037 -s emulator-5554 logcat -v threadtime
&amp#27;[38;5;32m[AndroidUiautomator2Driver@6f81 (216f4735)]&amp#27;[0m Forwarding UiAutomator2 Server port 6790 to local port 8200
&amp#27;[38;5;64m[ADB]&amp#27;[0m Forwarding system: 8200 to device: 6790
&amp#27;[38;5;64m[ADB]&amp#27;[0m Running 'C:\Users\Kvp\AppData\Local\Android\Sdk\platform-tools\adb.exe -P 5037 -s emulator-5554 forward tcp:8200 tcp:6790'
&amp#27;[38;5;64m[ADB]&amp#27;[0m Checking app cert for C:\Users\Kvp\.appium\node_modules\appium-uiautomator2-driver\node_modules\appium-uiautomator2-server\apks\appium-uiautomator2-server-v6.0.1.apk
&amp#27;[38;5;64m[ADB]&amp#27;[0m Checking app cert for C:\Users\Kvp\.appium\node_modules\appium-uiautomator2-driver\node_modules\appium-uiautomator2-server\apks\appium-uiautomator2-server-debug-androidTest.apk
&amp#27;[38;5;64m[ADB]&amp#27;[0m Using 'apksigner.jar' from 'C:\Users\Kvp\AppData\Local\Android\Sdk\build-tools\34.0.0\lib\apksigner.jar'
&amp#27;[38;5;64m[ADB]&amp#27;[0m Starting apksigner: 'C:\\Program Files\\Common Files\\Oracle\\Java\\javapath\\java.exe' -Xmx1024M -Xss1m -jar C:\\Users\\Kvp\\AppData\\Local\\Android\\Sdk\\build-tools\\34.0.0\\lib\\apksigner.jar verify --print-certs C:\\Users\\Kvp\\.appium\\node_modules\\appium-uiautomator2-driver\\node_modules\\appium-uiautomator2-server\\apks\\appium-uiautomator2-server-debug-androidTest.apk
&amp#27;[38;5;64m[ADB]&amp#27;[0m Starting apksigner: 'C:\\Program Files\\Common Files\\Oracle\\Java\\javapath\\java.exe' -Xmx1024M -Xss1m -jar C:\\Users\\Kvp\\AppData\\Local\\Android\\Sdk\\build-tools\\34.0.0\\lib\\apksigner.jar verify --print-certs C:\\Users\\Kvp\\.appium\\node_modules\\appium-uiautomator2-driver\\node_modules\\appium-uiautomator2-server\\apks\\appium-uiautomator2-server-v6.0.1.apk
&amp#27;[38;5;64m[ADB]&amp#27;[0m apksigner stdout: Signer #1 certificate DN: EMAILADDRESS=android@android.com, CN=Android, OU=Android, O=Android, L=Mountain View, ST=California, C=US
&amp#27;[38;5;64m[ADB]&amp#27;[0m Signer #1 certificate SHA-256 digest: a40da80a59d170caa950cf15c18c454d47a39b26989d8b640ecd745ba71bf5dc
&amp#27;[38;5;64m[ADB]&amp#27;[0m Signer #1 certificate SHA-1 digest: 61ed377e85d386a8dfee6b864bd85b0bfaa5af81
&amp#27;[38;5;64m[ADB]&amp#27;[0m Signer #1 certificate MD5 digest: e89b158e4bcf988ebd09eb83f5378e87
&amp#27;[38;5;64m[ADB]&amp#27;[0m 
&amp#27;[38;5;64m[ADB]&amp#27;[0m sha256 hash did match for 'appium-uiautomator2-server-debug-androidTest.apk'
&amp#27;[38;5;64m[ADB]&amp#27;[0m 'C:\Users\Kvp\.appium\node_modules\appium-uiautomator2-driver\node_modules\appium-uiautomator2-server\apks\appium-uiautomator2-server-debug-androidTest.apk' is signed with the default certificate
&amp#27;[38;5;64m[ADB]&amp#27;[0m Getting install status for io.appium.uiautomator2.server.test
&amp#27;[38;5;64m[ADB]&amp#27;[0m Running 'C:\Users\Kvp\AppData\Local\Android\Sdk\platform-tools\adb.exe -P 5037 -s emulator-5554 shell pm path io.appium.uiautomator2.server.test'
&amp#27;[38;5;64m[ADB]&amp#27;[0m 'io.appium.uiautomator2.server.test' is installed
&amp#27;[38;5;64m[ADB]&amp#27;[0m apksigner stdout: Signer #1 certificate DN: EMAILADDRESS=android@android.com, CN=Android, OU=Android, O=Android, L=Mountain View, ST=California, C=US
&amp#27;[38;5;64m[ADB]&amp#27;[0m Signer #1 certificate SHA-256 digest: a40da80a59d170caa950cf15c18c454d47a39b26989d8b640ecd745ba71bf5dc
&amp#27;[38;5;64m[ADB]&amp#27;[0m Signer #1 certificate SHA-1 digest: 61ed377e85d386a8dfee6b864bd85b0bfaa5af81
&amp#27;[38;5;64m[ADB]&amp#27;[0m Signer #1 certificate MD5 digest: e89b158e4bcf988ebd09eb83f5378e87
&amp#27;[38;5;64m[ADB]&amp#27;[0m 
&amp#27;[38;5;64m[ADB]&amp#27;[0m sha256 hash did match for 'appium-uiautomator2-server-v6.0.1.apk'
&amp#27;[38;5;64m[ADB]&amp#27;[0m 'C:\Users\Kvp\.appium\node_modules\appium-uiautomator2-driver\node_modules\appium-uiautomator2-server\apks\appium-uiautomator2-server-v6.0.1.apk' is signed with the default certificate
&amp#27;[38;5;64m[ADB]&amp#27;[0m Getting package info for 'io.appium.uiautomator2.server'
&amp#27;[38;5;64m[ADB]&amp#27;[0m Running 'C:\Users\Kvp\AppData\Local\Android\Sdk\platform-tools\adb.exe -P 5037 -s emulator-5554 shell dumpsys package io.appium.uiautomator2.server'
&amp#27;[38;5;64m[ADB]&amp#27;[0m The version name of the installed 'io.appium.uiautomator2.server' is greater or equal to the application version name ('6.0.1' >= '6.0.1')
&amp#27;[38;5;32m[AndroidUiautomator2Driver@6f81 (216f4735)]&amp#27;[0m Server packages status: [{"wasSigned":true,"installState":"sameVersionInstalled","appPath":"C:\\Users\\Kvp\\.appium\\node_modules\\appium-uiautomator2-driver\\node_modules\\appium-uiautomator2-server\\apks\\appium-uiautomator2-server-v6.0.1.apk","appId":"io.appium.uiautomator2.server"},{"wasSigned":true,"installState":"sameVersionInstalled","appPath":"C:\\Users\\Kvp\\.appium\\node_modules\\appium-uiautomator2-driver\\node_modules\\appium-uiautomator2-server\\apks\\appium-uiautomator2-server-debug-androidTest.apk","appId":"io.appium.uiautomator2.server.test"}]
&amp#27;[38;5;32m[AndroidUiautomator2Driver@6f81 (216f4735)]&amp#27;[0m Server packages are not going to be (re)installed
&amp#27;[38;5;32m[AndroidUiautomator2Driver@6f81 (216f4735)]&amp#27;[0m Waiting up to 30000ms for services to be available
&amp#27;[38;5;64m[ADB]&amp#27;[0m Running 'C:\Users\Kvp\AppData\Local\Android\Sdk\platform-tools\adb.exe -P 5037 -s emulator-5554 shell pm list instrumentation'
&amp#27;[38;5;32m[AndroidUiautomator2Driver@6f81 (216f4735)]&amp#27;[0m Instrumentation target 'io.appium.uiautomator2.server.test/androidx.test.runner.AndroidJUnitRunner' is available
&amp#27;[38;5;64m[ADB]&amp#27;[0m Adding packages ["io.appium.settings","io.appium.uiautomator2.server","io.appium.uiautomator2.server.test"] to Doze whitelist
&amp#27;[38;5;64m[ADB]&amp#27;[0m Got the following command chunks to execute: [["dumpsys","deviceidle","whitelist","+io.appium.settings",";","dumpsys","deviceidle","whitelist","+io.appium.uiautomator2.server",";","dumpsys","deviceidle","whitelist","+io.appium.uiautomator2.server.test",";"]]
&amp#27;[38;5;64m[ADB]&amp#27;[0m Running 'C:\Users\Kvp\AppData\Local\Android\Sdk\platform-tools\adb.exe -P 5037 -s emulator-5554 shell dumpsys deviceidle whitelist +io.appium.settings ; dumpsys deviceidle whitelist +io.appium.uiautomator2.server ; dumpsys deviceidle whitelist +io.appium.uiautomator2.server.test ;'
&amp#27;[38;5;64m[ADB]&amp#27;[0m Checking app cert for C:\Users\Kvp\eclipse-workspace\KVP_FMCG_Industry_Product\Project_Resources\app-release 20.apk
&amp#27;[38;5;64m[ADB]&amp#27;[0m Starting apksigner: 'C:\\Program Files\\Common Files\\Oracle\\Java\\javapath\\java.exe' -Xmx1024M -Xss1m -jar C:\\Users\\Kvp\\AppData\\Local\\Android\\Sdk\\build-tools\\34.0.0\\lib\\apksigner.jar verify --print-certs 'C:\\Users\\Kvp\\eclipse-workspace\\KVP_FMCG_Industry_Product\\Project_Resources\\app-release 20.apk'
&amp#27;[38;5;64m[ADB]&amp#27;[0m apksigner stdout: Signer #1 certificate DN: C=US, O=Android, CN=Android Debug
&amp#27;[38;5;64m[ADB]&amp#27;[0m Signer #1 certificate SHA-256 digest: e27a3749fc58afd1c2410cfeb7b161675ac4324ff1eb3ae8fa1d3fe802400fab
&amp#27;[38;5;64m[ADB]&amp#27;[0m Signer #1 certificate SHA-1 digest: 8f54a7c2114ec2046b77110d894f5cf7b04add50
&amp#27;[38;5;64m[ADB]&amp#27;[0m Signer #1 certificate MD5 digest: 3f87c7eb2c4c3d1f14bae7270990a635
&amp#27;[38;5;64m[ADB]&amp#27;[0m 
&amp#27;[38;5;64m[ADB]&amp#27;[0m 'C:\Users\Kvp\eclipse-workspace\KVP_FMCG_Industry_Product\Project_Resources\app-release 20.apk' is signed with a non-default certificate
&amp#27;[38;5;64m[ADB]&amp#27;[0m Getting package info for 'com.example.field_sales_app'
&amp#27;[38;5;64m[ADB]&amp#27;[0m Running 'C:\Users\Kvp\AppData\Local\Android\Sdk\platform-tools\adb.exe -P 5037 -s emulator-5554 shell dumpsys package com.example.field_sales_app'
&amp#27;[38;5;64m[ADB]&amp#27;[0m The version name of the installed 'com.example.field_sales_app' is greater or equal to the application version name ('1.0.0' >= '1.0.0')
&amp#27;[38;5;64m[ADB]&amp#27;[0m There is no need to install/upgrade 'C:\Users\Kvp\eclipse-workspace\KVP_FMCG_Industry_Product\Project_Resources\app-release 20.apk'
&amp#27;[38;5;80m[AndroidDriver]&amp#27;[0m Performing fast reset on 'com.example.field_sales_app'
&amp#27;[38;5;64m[ADB]&amp#27;[0m Getting install status for com.example.field_sales_app
&amp#27;[38;5;64m[ADB]&amp#27;[0m Running 'C:\Users\Kvp\AppData\Local\Android\Sdk\platform-tools\adb.exe -P 5037 -s emulator-5554 shell pm path com.example.field_sales_app'
&amp#27;[38;5;64m[ADB]&amp#27;[0m 'com.example.field_sales_app' is installed
&amp#27;[38;5;64m[ADB]&amp#27;[0m Running 'C:\Users\Kvp\AppData\Local\Android\Sdk\platform-tools\adb.exe -P 5037 -s emulator-5554 shell am force-stop com.example.field_sales_app'
&amp#27;[38;5;64m[ADB]&amp#27;[0m Running 'C:\Users\Kvp\AppData\Local\Android\Sdk\platform-tools\adb.exe -P 5037 -s emulator-5554 shell pm clear com.example.field_sales_app'
&amp#27;[38;5;80m[AndroidDriver]&amp#27;[0m Performed fast reset on the installed 'com.example.field_sales_app' application (stop and clear)
&amp#27;[38;5;32m[AndroidUiautomator2Driver@6f81 (216f4735)]&amp#27;[0m Performing shallow cleanup of automation leftovers
&amp#27;[38;5;32m[AndroidUiautomator2Driver@6f81 (216f4735)]&amp#27;[0m No obsolete sessions have been detected (socket hang up)
&amp#27;[38;5;64m[ADB]&amp#27;[0m Running 'C:\Users\Kvp\AppData\Local\Android\Sdk\platform-tools\adb.exe -P 5037 -s emulator-5554 shell am force-stop io.appium.uiautomator2.server.test'
&amp#27;[38;5;32m[AndroidUiautomator2Driver@6f81 (216f4735)]&amp#27;[0m Starting UIAutomator2 server 6.0.1
&amp#27;[38;5;32m[AndroidUiautomator2Driver@6f81 (216f4735)]&amp#27;[0m Using UIAutomator2 server from 'C:\Users\Kvp\.appium\node_modules\appium-uiautomator2-driver\node_modules\appium-uiautomator2-server\apks\appium-uiautomator2-server-v6.0.1.apk' and test from 'C:\Users\Kvp\.appium\node_modules\appium-uiautomator2-driver\node_modules\appium-uiautomator2-server\apks\appium-uiautomator2-server-debug-androidTest.apk'
&amp#27;[38;5;32m[AndroidUiautomator2Driver@6f81 (216f4735)]&amp#27;[0m Waiting up to 30000ms for UiAutomator2 to be online...
&amp#27;[38;5;64m[ADB]&amp#27;[0m Creating ADB subprocess with args: ["-P","5037","-s","emulator-5554","shell","am","instrument","-w","-e","disableAnalytics","true","io.appium.uiautomator2.server.test/androidx.test.runner.AndroidJUnitRunner"]
&amp#27;[38;5;32m[AndroidUiautomator2Driver@6f81 (216f4735)]&amp#27;[0m Matched '/status' to command name 'getStatus'
&amp#27;[38;5;32m[AndroidUiautomator2Driver@6f81 (216f4735)]&amp#27;[0m Proxying [GET /status] to [GET http://127.0.0.1:8200/status] with no body
&amp#27;[38;5;32m[AndroidUiautomator2Driver@6f81 (216f4735)]&amp#27;[0m socket hang up
&amp#27;[38;5;112m[Instrumentation]&amp#27;[0m io.appium.uiautomator2.server.test.AppiumUiAutomator2Server:
&amp#27;[38;5;32m[AndroidUiautomator2Driver@6f81 (216f4735)]&amp#27;[0m Matched '/status' to command name 'getStatus'
&amp#27;[38;5;32m[AndroidUiautomator2Driver@6f81 (216f4735)]&amp#27;[0m Proxying [GET /status] to [GET http://127.0.0.1:8200/status] with no body
&amp#27;[38;5;32m[AndroidUiautomator2Driver@6f81 (216f4735)]&amp#27;[0m socket hang up
&amp#27;[38;5;32m[AndroidUiautomator2Driver@6f81 (216f4735)]&amp#27;[0m Matched '/status' to command name 'getStatus'
&amp#27;[38;5;32m[AndroidUiautomator2Driver@6f81 (216f4735)]&amp#27;[0m Proxying [GET /status] to [GET http://127.0.0.1:8200/status] with no body
&amp#27;[38;5;32m[AndroidUiautomator2Driver@6f81 (216f4735)]&amp#27;[0m Got response with status 200: {"sessionId":"None","value":{"message":"UiAutomator2 Server is ready to accept commands","ready":true}}
&amp#27;[38;5;32m[AndroidUiautomator2Driver@6f81 (216f4735)]&amp#27;[0m The initialization of the instrumentation process took 2141ms
&amp#27;[38;5;32m[AndroidUiautomator2Driver@6f81 (216f4735)]&amp#27;[0m Matched '/session' to command name 'createSession'
&amp#27;[38;5;32m[AndroidUiautomator2Driver@6f81 (216f4735)]&amp#27;[0m Proxying [POST /session] to [POST http://127.0.0.1:8200/session] with body: {"capabilities":{"firstMatch":[{"platformName":"ANDROID","automationName":"UiAutomator2","app":"Project_Resources/app-release 20.apk","platformVersion":"11.0","deviceName":"emulator-5554","platform":"LINUX","webStorageEnabled":false,"takesScreenshot":true,"javascriptEnabled":true,"databaseEnabled":false,"networkConnectionEnabled":true,"locationContextEnabled":false,"warnings":{},"desired":{"platformName":"ANDROID","automationName":"UiAutomator2","app":"Project_Resources/app-release 20.apk","platformVersion":"11.0","deviceName":"Pixel 7 API 30"},"deviceUDID":"emulator-5554","appPackage":"com.example.field_sales_app"}],"alwaysMatch":{}}}
&amp#27;[38;5;32m[AndroidUiautomator2Driver@6f81 (216f4735)]&amp#27;[0m Got response with status 200: {"sessionId":"975fcfbe-2567-4bd0-9723-f72dc0644c69","value":{"capabilities":{"firstMatch":[{"platformName":"ANDROID","automationName":"UiAutomator2","app":"Project_Resources/app-release 20.apk","platformVersion":"11.0","deviceName":"emulator-5554","platform":"LINUX","webStorageEnabled":false,"takesScreenshot":true,"javascriptEnabled":true,"databaseEnabled":false,"networkConnectionEnabled":true,"locationContextEnabled":false,"warnings":{},"desired":{"platformName":"ANDROID","automationName":"UiAutomator2","app":"Project_Resources/app-release 20.apk","platformVersion":"11.0","deviceName":"Pixel 7 API 30"},"deviceUDID":"emulator-5554","appPackage":"com.example.field_sales_app"}],"alwaysMatch":{}},"sessionId":"975fcfbe-2567-4bd0-9723-f72dc0644c69"}}
&amp#27;[38;5;32m[AndroidUiautomator2Driver@6f81 (216f4735)]&amp#27;[0m Determined the downstream protocol as 'W3C'
&amp#27;[38;5;32m[AndroidUiautomator2Driver@6f81 (216f4735)]&amp#27;[0m Proxying [GET /appium/device/pixel_ratio] to [GET http://127.0.0.1:8200/session/975fcfbe-2567-4bd0-9723-f72dc0644c69/appium/device/pixel_ratio] with no body
&amp#27;[38;5;32m[AndroidUiautomator2Driver@6f81 (216f4735)]&amp#27;[0m Matched '/appium/device/system_bars' to command name 'getSystemBars'
&amp#27;[38;5;32m[AndroidUiautomator2Driver@6f81 (216f4735)]&amp#27;[0m Proxying [GET /appium/device/system_bars] to [GET http://127.0.0.1:8200/session/975fcfbe-2567-4bd0-9723-f72dc0644c69/appium/device/system_bars] with no body
&amp#27;[38;5;32m[AndroidUiautomator2Driver@6f81 (216f4735)]&amp#27;[0m Matched '/window/current/size' to command name 'getWindowSize'
&amp#27;[38;5;32m[AndroidUiautomator2Driver@6f81 (216f4735)]&amp#27;[0m Proxying [GET /window/current/size] to [GET http://127.0.0.1:8200/session/975fcfbe-2567-4bd0-9723-f72dc0644c69/window/current/size] with no body
&amp#27;[38;5;32m[AndroidUiautomator2Driver@6f81 (216f4735)]&amp#27;[0m Proxying [GET /appium/device/info] to [GET http://127.0.0.1:8200/session/975fcfbe-2567-4bd0-9723-f72dc0644c69/appium/device/info] with no body
&amp#27;[38;5;64m[ADB]&amp#27;[0m Running 'C:\Users\Kvp\AppData\Local\Android\Sdk\platform-tools\adb.exe -P 5037 -s emulator-5554 shell dumpsys window'
&amp#27;[38;5;32m[AndroidUiautomator2Driver@6f81 (216f4735)]&amp#27;[0m Got response with status 200: {"sessionId":"975fcfbe-2567-4bd0-9723-f72dc0644c69","value":2.625}
&amp#27;[38;5;32m[AndroidUiautomator2Driver@6f81 (216f4735)]&amp#27;[0m Got response with status 200: {"sessionId":"975fcfbe-2567-4bd0-9723-f72dc0644c69","value":{"statusBar":136}}
&amp#27;[38;5;32m[AndroidUiautomator2Driver@6f81 (216f4735)]&amp#27;[0m Got response with status 200: {"sessionId":"975fcfbe-2567-4bd0-9723-f72dc0644c69","value":{"height":2400,"width":1080}}
&amp#27;[38;5;32m[AndroidUiautomator2Driver@6f81 (216f4735)]&amp#27;[0m Got response with status 200: {"sessionId":"975fcfbe-2567-4bd0-9723-f72dc0644c69","value":{"androidId":"edb8ac92f336e9f5","apiVersion":"30","bluetooth":{"state":"ON"},"brand":"google","carrierName":"Android","displayDensity":420,"locale":"en_US","manufacturer":"Google","model":"sdk_gphone_x86","networks":[{"capabilities":{"SSID":null,"linkDownBandwidthKbps":30000,"linkUpstreamBandwidthKbps":15000,"networkCapabilities":"NET_CAPABILITY_MMS,NET_CAPABILITY_SUPL,NET_CAPABILITY_DUN,NET_CAPABILITY_FOTA,NET_CAPABILITY_IMS,NET_CAPABILITY_CBS,NET_CAPABILITY_INTERNET,NET_CAPABILITY_NOT_RESTRICTED,NET_CAPABILITY_TRUSTED,NET_CAPABILITY_NOT_VPN,NET_CAPABILITY_VALIDATED,NET_CAPABILITY_NOT_ROAMING,NET_CAPABILITY_NOT_CONGESTED,NET_CAPABILITY_NOT_SUSPENDED","signalStrength":-2147483648,"transportTypes":"TRANSPORT_CELLULAR"},"detailedState":"CONNECTED","extraInfo":"epc.tmobile.com","isAvailable":true,"isConnected":true,"isFailover":false,"isRoaming":false,"state":"CONNECTED","subtype":13,"subtypeName":"LTE","type":0,"typeName":"MOBILE"},{"capabilities":{...
&amp#27;[38;5;80m[AndroidDriver]&amp#27;[0m Screen already unlocked, doing nothing
&amp#27;[38;5;32m[AndroidUiautomator2Driver@6f81 (216f4735)]&amp#27;[0m Starting 'com.example.field_sales_app/com.example.field_sales_app.MainActivity and waiting for 'com.example.field_sales_app/com.example.field_sales_app.MainActivity'
&amp#27;[38;5;64m[ADB]&amp#27;[0m Running 'C:\Users\Kvp\AppData\Local\Android\Sdk\platform-tools\adb.exe -P 5037 -s emulator-5554 shell am start -W -n com.example.field_sales_app/com.example.field_sales_app.MainActivity -S -a android.intent.action.MAIN -c android.intent.category.LAUNCHER -f 0x10200000'
&amp#27;[38;5;64m[ADB]&amp#27;[0m Waiting up to 20000ms for activity matching pkg: 'com.example.field_sales_app' and activity: 'com.example.field_sales_app.MainActivity' to be focused
&amp#27;[38;5;64m[ADB]&amp#27;[0m Possible activities, to be checked: 'com.example.field_sales_app.MainActivity', 'com.example.field_sales_app.com.example.field_sales_app.MainActivity'
&amp#27;[38;5;64m[ADB]&amp#27;[0m Getting focused package and activity
&amp#27;[38;5;64m[ADB]&amp#27;[0m Running 'C:\Users\Kvp\AppData\Local\Android\Sdk\platform-tools\adb.exe -P 5037 -s emulator-5554 shell dumpsys window displays'
&amp#27;[38;5;64m[ADB]&amp#27;[0m Found package: 'com.example.field_sales_app' and fully qualified activity name : 'com.example.field_sales_app.MainActivity'
&amp#27;[38;5;16m[AppiumDriver@45dc]&amp#27;[0m New AndroidUiautomator2Driver session created successfully, session 216f4735-22e0-4412-b9d8-12f45fe4aa10 added to master session list
&amp#27;[38;5;16m[AppiumDriver@45dc]&amp#27;[0m Event 'newSessionStarted' logged at 1707194866030 (10:17:46 GMT+0530 (India Standard Time))
&amp#27;[38;5;32m[AndroidUiautomator2Driver@6f81 (216f4735)]&amp#27;[0m Cached the protocol value 'W3C' for the new session 216f4735-22e0-4412-b9d8-12f45fe4aa10
&amp#27;[38;5;32m[AndroidUiautomator2Driver@6f81 (216f4735)]&amp#27;[0m Responding to client with driver.createSession() result: {"capabilities":{"platformName":"ANDROID","automationName":"UiAutomator2","app":"Project_Resources/app-release 20.apk","platformVersion":"11","deviceName":"emulator-5554","platform":"LINUX","webStorageEnabled":false,"takesScreenshot":true,"javascriptEnabled":true,"databaseEnabled":false,"networkConnectionEnabled":true,"locationContextEnabled":false,"warnings":{},"desired":{"platformName":"ANDROID","automationName":"UiAutomator2","app":"Project_Resources/app-release 20.apk","platformVersion":"11.0","deviceName":"Pixel 7 API 30"},"deviceUDID":"emulator-5554","appPackage":"com.example.field_sales_app","pixelRatio":"2.625","statBarHeight":136,"viewportRect":{"left":0,"top":136,"width":1080,"height":2264},"deviceApiLevel":30,"deviceManufacturer":"Google","deviceModel":"sdk_gphone_x86","deviceScreenSize":"1080x2400","deviceScreenDensity":420}}
&amp#27;[38;5;0m[HTTP]&amp#27;[0m &amp#27;[37m<-- POST /session &amp#27;[39m&amp#27;[32m200&amp#27;[39m &amp#27;[90m10456 ms - 910&amp#27;[39m
&amp#27;[38;5;0m[HTTP]&amp#27;[0m &amp#27;[90m&amp#27;[39m
&amp#27;[38;5;0m[HTTP]&amp#27;[0m &amp#27;[37m-->&amp#27;[39m &amp#27;[37mPOST&amp#27;[39m &amp#27;[37m/session/216f4735-22e0-4412-b9d8-12f45fe4aa10/timeouts&amp#27;[39m
&amp#27;[38;5;0m[HTTP]&amp#27;[0m &amp#27;[90m{"implicit":10000}&amp#27;[39m
&amp#27;[38;5;32m[AndroidUiautomator2Driver@6f81 (216f4735)]&amp#27;[0m Calling AppiumDriver.timeouts() with args: [null,null,null,null,10000,"216f4735-22e0-4412-b9d8-12f45fe4aa10"]
&amp#27;[38;5;32m[AndroidUiautomator2Driver@6f81 (216f4735)]&amp#27;[0m W3C timeout argument: {"implicit":10000}}
&amp#27;[38;5;32m[AndroidUiautomator2Driver@6f81 (216f4735)]&amp#27;[0m Set implicit wait to 10000ms
&amp#27;[38;5;32m[AndroidUiautomator2Driver@6f81 (216f4735)]&amp#27;[0m Responding to client with driver.timeouts() result: null
&amp#27;[38;5;0m[HTTP]&amp#27;[0m &amp#27;[37m<-- POST /session/216f4735-22e0-4412-b9d8-12f45fe4aa10/timeouts &amp#27;[39m&amp#27;[32m200&amp#27;[39m &amp#27;[90m4 ms - 14&amp#27;[39m
&amp#27;[38;5;0m[HTTP]&amp#27;[0m &amp#27;[90m&amp#27;[39m
0 [main] DEBUG com.kvp.project.reusableutils.Util_Log4jConfig  - Appium server initialization completed
&amp#27;[38;5;0m[HTTP]&amp#27;[0m &amp#27;[37m-->&amp#27;[39m &amp#27;[37mPOST&amp#27;[39m &amp#27;[37m/session/216f4735-22e0-4412-b9d8-12f45fe4aa10/element&amp#27;[39m
&amp#27;[38;5;0m[HTTP]&amp#27;[0m &amp#27;[90m{"using":"xpath","value":"//android.widget.EditText[1]"}&amp#27;[39m
&amp#27;[38;5;32m[AndroidUiautomator2Driver@6f81 (216f4735)]&amp#27;[0m Calling AppiumDriver.findElement() with args: ["xpath","//android.widget.EditText[1]","216f4735-22e0-4412-b9d8-12f45fe4aa10"]
&amp#27;[38;5;32m[AndroidUiautomator2Driver@6f81 (216f4735)]&amp#27;[0m Valid locator strategies for this request: xpath, id, class name, accessibility id, css selector, -android uiautomator
&amp#27;[38;5;32m[AndroidUiautomator2Driver@6f81 (216f4735)]&amp#27;[0m Waiting up to 10000 ms for condition
&amp#27;[38;5;32m[AndroidUiautomator2Driver@6f81 (216f4735)]&amp#27;[0m Matched '/element' to command name 'findElement'
&amp#27;[38;5;32m[AndroidUiautomator2Driver@6f81 (216f4735)]&amp#27;[0m Proxying [POST /element] to [POST http://127.0.0.1:8200/session/975fcfbe-2567-4bd0-9723-f72dc0644c69/element] with body: {"strategy":"xpath","selector":"//android.widget.EditText[1]","context":"","multiple":false}
&amp#27;[38;5;32m[AndroidUiautomator2Driver@6f81 (216f4735)]&amp#27;[0m Got response with status 200: {"sessionId":"975fcfbe-2567-4bd0-9723-f72dc0644c69","value":{"ELEMENT":"00000000-0000-0045-0000-000800000003","element-6066-11e4-a52e-4f735466cecf":"00000000-0000-0045-0000-000800000003"}}
&amp#27;[38;5;32m[AndroidUiautomator2Driver@6f81 (216f4735)]&amp#27;[0m Responding to client with driver.findElement() result: {"element-6066-11e4-a52e-4f735466cecf":"00000000-0000-0045-0000-000800000003","ELEMENT":"00000000-0000-0045-0000-000800000003"}
&amp#27;[38;5;0m[HTTP]&amp#27;[0m &amp#27;[37m<-- POST /session/216f4735-22e0-4412-b9d8-12f45fe4aa10/element &amp#27;[39m&amp#27;[32m200&amp#27;[39m &amp#27;[90m617 ms - 137&amp#27;[39m
&amp#27;[38;5;0m[HTTP]&amp#27;[0m &amp#27;[90m&amp#27;[39m
&amp#27;[38;5;0m[HTTP]&amp#27;[0m &amp#27;[37m-->&amp#27;[39m &amp#27;[37mPOST&amp#27;[39m &amp#27;[37m/session/216f4735-22e0-4412-b9d8-12f45fe4aa10/element/00000000-0000-0045-0000-000800000003/click&amp#27;[39m
&amp#27;[38;5;0m[HTTP]&amp#27;[0m &amp#27;[90m{"id":"00000000-0000-0045-0000-000800000003"}&amp#27;[39m
&amp#27;[38;5;32m[AndroidUiautomator2Driver@6f81 (216f4735)]&amp#27;[0m Calling AppiumDriver.click() with args: ["00000000-0000-0045-0000-000800000003","216f4735-22e0-4412-b9d8-12f45fe4aa10"]
&amp#27;[38;5;32m[AndroidUiautomator2Driver@6f81 (216f4735)]&amp#27;[0m Matched '/element/00000000-0000-0045-0000-000800000003/click' to command name 'click'
&amp#27;[38;5;32m[AndroidUiautomator2Driver@6f81 (216f4735)]&amp#27;[0m Proxying [POST /element/00000000-0000-0045-0000-000800000003/click] to [POST http://127.0.0.1:8200/session/975fcfbe-2567-4bd0-9723-f72dc0644c69/element/00000000-0000-0045-0000-000800000003/click] with body: {"element":"00000000-0000-0045-0000-000800000003"}
&amp#27;[38;5;32m[AndroidUiautomator2Driver@6f81 (216f4735)]&amp#27;[0m Got response with status 200: {"sessionId":"975fcfbe-2567-4bd0-9723-f72dc0644c69","value":null}
&amp#27;[38;5;32m[AndroidUiautomator2Driver@6f81 (216f4735)]&amp#27;[0m Responding to client with driver.click() result: null
&amp#27;[38;5;0m[HTTP]&amp#27;[0m &amp#27;[37m<-- POST /session/216f4735-22e0-4412-b9d8-12f45fe4aa10/element/00000000-0000-0045-0000-000800000003/click &amp#27;[39m&amp#27;[32m200&amp#27;[39m &amp#27;[90m64 ms - 14&amp#27;[39m
&amp#27;[38;5;0m[HTTP]&amp#27;[0m &amp#27;[90m&amp#27;[39m
&amp#27;[38;5;0m[HTTP]&amp#27;[0m &amp#27;[37m-->&amp#27;[39m &amp#27;[37mPOST&amp#27;[39m &amp#27;[37m/session/216f4735-22e0-4412-b9d8-12f45fe4aa10/element&amp#27;[39m
&amp#27;[38;5;0m[HTTP]&amp#27;[0m &amp#27;[90m{"using":"xpath","value":"//android.widget.EditText[1]"}&amp#27;[39m
&amp#27;[38;5;32m[AndroidUiautomator2Driver@6f81 (216f4735)]&amp#27;[0m Calling AppiumDriver.findElement() with args: ["xpath","//android.widget.EditText[1]","216f4735-22e0-4412-b9d8-12f45fe4aa10"]
&amp#27;[38;5;32m[AndroidUiautomator2Driver@6f81 (216f4735)]&amp#27;[0m Valid locator strategies for this request: xpath, id, class name, accessibility id, css selector, -android uiautomator
&amp#27;[38;5;32m[AndroidUiautomator2Driver@6f81 (216f4735)]&amp#27;[0m Waiting up to 10000 ms for condition
&amp#27;[38;5;32m[AndroidUiautomator2Driver@6f81 (216f4735)]&amp#27;[0m Matched '/element' to command name 'findElement'
&amp#27;[38;5;32m[AndroidUiautomator2Driver@6f81 (216f4735)]&amp#27;[0m Proxying [POST /element] to [POST http://127.0.0.1:8200/session/975fcfbe-2567-4bd0-9723-f72dc0644c69/element] with body: {"strategy":"xpath","selector":"//android.widget.EditText[1]","context":"","multiple":false}
&amp#27;[38;5;32m[AndroidUiautomator2Driver@6f81 (216f4735)]&amp#27;[0m Got response with status 200: {"sessionId":"975fcfbe-2567-4bd0-9723-f72dc0644c69","value":{"ELEMENT":"00000000-0000-0045-0000-000800000003","element-6066-11e4-a52e-4f735466cecf":"00000000-0000-0045-0000-000800000003"}}
&amp#27;[38;5;32m[AndroidUiautomator2Driver@6f81 (216f4735)]&amp#27;[0m Responding to client with driver.findElement() result: {"element-6066-11e4-a52e-4f735466cecf":"00000000-0000-0045-0000-000800000003","ELEMENT":"00000000-0000-0045-0000-000800000003"}
&amp#27;[38;5;0m[HTTP]&amp#27;[0m &amp#27;[37m<-- POST /session/216f4735-22e0-4412-b9d8-12f45fe4aa10/element &amp#27;[39m&amp#27;[32m200&amp#27;[39m &amp#27;[90m36 ms - 137&amp#27;[39m
&amp#27;[38;5;0m[HTTP]&amp#27;[0m &amp#27;[90m&amp#27;[39m
&amp#27;[38;5;0m[HTTP]&amp#27;[0m &amp#27;[37m-->&amp#27;[39m &amp#27;[37mPOST&amp#27;[39m &amp#27;[37m/session/216f4735-22e0-4412-b9d8-12f45fe4aa10/element/00000000-0000-0045-0000-000800000003/value&amp#27;[39m
&amp#27;[38;5;0m[HTTP]&amp#27;[0m &amp#27;[90m{"id":"00000000-0000-0045-0000-000800000003","value":["p","r","a","s","a","d"],"text":"prasad"}&amp#27;[39m
&amp#27;[38;5;32m[AndroidUiautomator2Driver@6f81 (216f4735)]&amp#27;[0m Calling AppiumDriver.setValue() with args: [["p","r","a","s","a","d"],"00000000-0000-0045-0000-000800000003","216f4735-22e0-4412-b9d8-12f45fe4aa10"]
&amp#27;[38;5;32m[AndroidUiautomator2Driver@6f81 (216f4735)]&amp#27;[0m Matched '/element/00000000-0000-0045-0000-000800000003/value' to command name 'setValue'
&amp#27;[38;5;32m[AndroidUiautomator2Driver@6f81 (216f4735)]&amp#27;[0m Added 'value' property ["p","r","a","s","a","d"] to 'setValue' request body
&amp#27;[38;5;32m[AndroidUiautomator2Driver@6f81 (216f4735)]&amp#27;[0m Proxying [POST /element/00000000-0000-0045-0000-000800000003/value] to [POST http://127.0.0.1:8200/session/975fcfbe-2567-4bd0-9723-f72dc0644c69/element/00000000-0000-0045-0000-000800000003/value] with body: {"elementId":"00000000-0000-0045-0000-000800000003","text":"prasad","replace":false,"value":["p","r","a","s","a","d"]}
&amp#27;[38;5;32m[AndroidUiautomator2Driver@6f81 (216f4735)]&amp#27;[0m Got response with status 200: {"sessionId":"975fcfbe-2567-4bd0-9723-f72dc0644c69","value":null}
&amp#27;[38;5;32m[AndroidUiautomator2Driver@6f81 (216f4735)]&amp#27;[0m Responding to client with driver.setValue() result: null
&amp#27;[38;5;0m[HTTP]&amp#27;[0m &amp#27;[37m<-- POST /session/216f4735-22e0-4412-b9d8-12f45fe4aa10/element/00000000-0000-0045-0000-000800000003/value &amp#27;[39m&amp#27;[32m200&amp#27;[39m &amp#27;[90m1239 ms - 14&amp#27;[39m
&amp#27;[38;5;0m[HTTP]&amp#27;[0m &amp#27;[90m&amp#27;[39m
&amp#27;[38;5;0m[HTTP]&amp#27;[0m &amp#27;[37m-->&amp#27;[39m &amp#27;[37mPOST&amp#27;[39m &amp#27;[37m/session/216f4735-22e0-4412-b9d8-12f45fe4aa10/element&amp#27;[39m
&amp#27;[38;5;0m[HTTP]&amp#27;[0m &amp#27;[90m{"using":"xpath","value":"//android.widget.EditText[2]"}&amp#27;[39m
&amp#27;[38;5;32m[AndroidUiautomator2Driver@6f81 (216f4735)]&amp#27;[0m Calling AppiumDriver.findElement() with args: ["xpath","//android.widget.EditText[2]","216f4735-22e0-4412-b9d8-12f45fe4aa10"]
&amp#27;[38;5;32m[AndroidUiautomator2Driver@6f81 (216f4735)]&amp#27;[0m Valid locator strategies for this request: xpath, id, class name, accessibility id, css selector, -android uiautomator
&amp#27;[38;5;32m[AndroidUiautomator2Driver@6f81 (216f4735)]&amp#27;[0m Waiting up to 10000 ms for condition
&amp#27;[38;5;32m[AndroidUiautomator2Driver@6f81 (216f4735)]&amp#27;[0m Matched '/element' to command name 'findElement'
&amp#27;[38;5;32m[AndroidUiautomator2Driver@6f81 (216f4735)]&amp#27;[0m Proxying [POST /element] to [POST http://127.0.0.1:8200/session/975fcfbe-2567-4bd0-9723-f72dc0644c69/element] with body: {"strategy":"xpath","selector":"//android.widget.EditText[2]","context":"","multiple":false}
&amp#27;[38;5;32m[AndroidUiautomator2Driver@6f81 (216f4735)]&amp#27;[0m Got response with status 200: {"sessionId":"975fcfbe-2567-4bd0-9723-f72dc0644c69","value":{"ELEMENT":"00000000-0000-0045-0000-000a00000003","element-6066-11e4-a52e-4f735466cecf":"00000000-0000-0045-0000-000a00000003"}}
&amp#27;[38;5;32m[AndroidUiautomator2Driver@6f81 (216f4735)]&amp#27;[0m Responding to client with driver.findElement() result: {"element-6066-11e4-a52e-4f735466cecf":"00000000-0000-0045-0000-000a00000003","ELEMENT":"00000000-0000-0045-0000-000a00000003"}
&amp#27;[38;5;0m[HTTP]&amp#27;[0m &amp#27;[37m<-- POST /session/216f4735-22e0-4412-b9d8-12f45fe4aa10/element &amp#27;[39m&amp#27;[32m200&amp#27;[39m &amp#27;[90m32 ms - 137&amp#27;[39m
&amp#27;[38;5;0m[HTTP]&amp#27;[0m &amp#27;[90m&amp#27;[39m
&amp#27;[38;5;0m[HTTP]&amp#27;[0m &amp#27;[37m-->&amp#27;[39m &amp#27;[37mPOST&amp#27;[39m &amp#27;[37m/session/216f4735-22e0-4412-b9d8-12f45fe4aa10/element/00000000-0000-0045-0000-000a00000003/click&amp#27;[39m
&amp#27;[38;5;0m[HTTP]&amp#27;[0m &amp#27;[90m{"id":"00000000-0000-0045-0000-000a00000003"}&amp#27;[39m
&amp#27;[38;5;32m[AndroidUiautomator2Driver@6f81 (216f4735)]&amp#27;[0m Calling AppiumDriver.click() with args: ["00000000-0000-0045-0000-000a00000003","216f4735-22e0-4412-b9d8-12f45fe4aa10"]
&amp#27;[38;5;32m[AndroidUiautomator2Driver@6f81 (216f4735)]&amp#27;[0m Matched '/element/00000000-0000-0045-0000-000a00000003/click' to command name 'click'
&amp#27;[38;5;32m[AndroidUiautomator2Driver@6f81 (216f4735)]&amp#27;[0m Proxying [POST /element/00000000-0000-0045-0000-000a00000003/click] to [POST http://127.0.0.1:8200/session/975fcfbe-2567-4bd0-9723-f72dc0644c69/element/00000000-0000-0045-0000-000a00000003/click] with body: {"element":"00000000-0000-0045-0000-000a00000003"}
&amp#27;[38;5;32m[AndroidUiautomator2Driver@6f81 (216f4735)]&amp#27;[0m Got response with status 200: {"sessionId":"975fcfbe-2567-4bd0-9723-f72dc0644c69","value":null}
&amp#27;[38;5;32m[AndroidUiautomator2Driver@6f81 (216f4735)]&amp#27;[0m Responding to client with driver.click() result: null
&amp#27;[38;5;0m[HTTP]&amp#27;[0m &amp#27;[37m<-- POST /session/216f4735-22e0-4412-b9d8-12f45fe4aa10/element/00000000-0000-0045-0000-000a00000003/click &amp#27;[39m&amp#27;[32m200&amp#27;[39m &amp#27;[90m58 ms - 14&amp#27;[39m
&amp#27;[38;5;0m[HTTP]&amp#27;[0m &amp#27;[90m&amp#27;[39m
&amp#27;[38;5;0m[HTTP]&amp#27;[0m &amp#27;[37m-->&amp#27;[39m &amp#27;[37mPOST&amp#27;[39m &amp#27;[37m/session/216f4735-22e0-4412-b9d8-12f45fe4aa10/element&amp#27;[39m
&amp#27;[38;5;0m[HTTP]&amp#27;[0m &amp#27;[90m{"using":"xpath","value":"//android.widget.EditText[2]"}&amp#27;[39m
&amp#27;[38;5;32m[AndroidUiautomator2Driver@6f81 (216f4735)]&amp#27;[0m Calling AppiumDriver.findElement() with args: ["xpath","//android.widget.EditText[2]","216f4735-22e0-4412-b9d8-12f45fe4aa10"]
&amp#27;[38;5;32m[AndroidUiautomator2Driver@6f81 (216f4735)]&amp#27;[0m Valid locator strategies for this request: xpath, id, class name, accessibility id, css selector, -android uiautomator
&amp#27;[38;5;32m[AndroidUiautomator2Driver@6f81 (216f4735)]&amp#27;[0m Waiting up to 10000 ms for condition
&amp#27;[38;5;32m[AndroidUiautomator2Driver@6f81 (216f4735)]&amp#27;[0m Matched '/element' to command name 'findElement'
&amp#27;[38;5;32m[AndroidUiautomator2Driver@6f81 (216f4735)]&amp#27;[0m Proxying [POST /element] to [POST http://127.0.0.1:8200/session/975fcfbe-2567-4bd0-9723-f72dc0644c69/element] with body: {"strategy":"xpath","selector":"//android.widget.EditText[2]","context":"","multiple":false}
&amp#27;[38;5;32m[AndroidUiautomator2Driver@6f81 (216f4735)]&amp#27;[0m Got response with status 200: {"sessionId":"975fcfbe-2567-4bd0-9723-f72dc0644c69","value":{"ELEMENT":"00000000-0000-0045-0000-000a00000003","element-6066-11e4-a52e-4f735466cecf":"00000000-0000-0045-0000-000a00000003"}}
&amp#27;[38;5;32m[AndroidUiautomator2Driver@6f81 (216f4735)]&amp#27;[0m Responding to client with driver.findElement() result: {"element-6066-11e4-a52e-4f735466cecf":"00000000-0000-0045-0000-000a00000003","ELEMENT":"00000000-0000-0045-0000-000a00000003"}
&amp#27;[38;5;0m[HTTP]&amp#27;[0m &amp#27;[37m<-- POST /session/216f4735-22e0-4412-b9d8-12f45fe4aa10/element &amp#27;[39m&amp#27;[32m200&amp#27;[39m &amp#27;[90m30 ms - 137&amp#27;[39m
&amp#27;[38;5;0m[HTTP]&amp#27;[0m &amp#27;[90m&amp#27;[39m
&amp#27;[38;5;0m[HTTP]&amp#27;[0m &amp#27;[37m-->&amp#27;[39m &amp#27;[37mPOST&amp#27;[39m &amp#27;[37m/session/216f4735-22e0-4412-b9d8-12f45fe4aa10/element/00000000-0000-0045-0000-000a00000003/value&amp#27;[39m
&amp#27;[38;5;0m[HTTP]&amp#27;[0m &amp#27;[90m{"id":"00000000-0000-0045-0000-000a00000003","value":["1","2","3","4","5"],"text":"12345"}&amp#27;[39m
&amp#27;[38;5;32m[AndroidUiautomator2Driver@6f81 (216f4735)]&amp#27;[0m Calling AppiumDriver.setValue() with args: [["1","2","3","4","5"],"00000000-0000-0045-0000-000a00000003","216f4735-22e0-4412-b9d8-12f45fe4aa10"]
&amp#27;[38;5;32m[AndroidUiautomator2Driver@6f81 (216f4735)]&amp#27;[0m Matched '/element/00000000-0000-0045-0000-000a00000003/value' to command name 'setValue'
&amp#27;[38;5;32m[AndroidUiautomator2Driver@6f81 (216f4735)]&amp#27;[0m Added 'value' property ["1","2","3","4","5"] to 'setValue' request body
&amp#27;[38;5;32m[AndroidUiautomator2Driver@6f81 (216f4735)]&amp#27;[0m Proxying [POST /element/00000000-0000-0045-0000-000a00000003/value] to [POST http://127.0.0.1:8200/session/975fcfbe-2567-4bd0-9723-f72dc0644c69/element/00000000-0000-0045-0000-000a00000003/value] with body: {"elementId":"00000000-0000-0045-0000-000a00000003","text":"12345","replace":false,"value":["1","2","3","4","5"]}
&amp#27;[38;5;32m[AndroidUiautomator2Driver@6f81 (216f4735)]&amp#27;[0m Got response with status 200: {"sessionId":"975fcfbe-2567-4bd0-9723-f72dc0644c69","value":null}
&amp#27;[38;5;32m[AndroidUiautomator2Driver@6f81 (216f4735)]&amp#27;[0m Responding to client with driver.setValue() result: null
&amp#27;[38;5;0m[HTTP]&amp#27;[0m &amp#27;[37m<-- POST /session/216f4735-22e0-4412-b9d8-12f45fe4aa10/element/00000000-0000-0045-0000-000a00000003/value &amp#27;[39m&amp#27;[32m200&amp#27;[39m &amp#27;[90m712 ms - 14&amp#27;[39m
&amp#27;[38;5;0m[HTTP]&amp#27;[0m &amp#27;[90m&amp#27;[39m
&amp#27;[38;5;0m[HTTP]&amp#27;[0m &amp#27;[37m-->&amp#27;[39m &amp#27;[37mPOST&amp#27;[39m &amp#27;[37m/session/216f4735-22e0-4412-b9d8-12f45fe4aa10/element&amp#27;[39m
&amp#27;[38;5;0m[HTTP]&amp#27;[0m &amp#27;[90m{"using":"xpath","value":"//android.widget.Button"}&amp#27;[39m
&amp#27;[38;5;32m[AndroidUiautomator2Driver@6f81 (216f4735)]&amp#27;[0m Calling AppiumDriver.findElement() with args: ["xpath","//android.widget.Button","216f4735-22e0-4412-b9d8-12f45fe4aa10"]
&amp#27;[38;5;32m[AndroidUiautomator2Driver@6f81 (216f4735)]&amp#27;[0m Valid locator strategies for this request: xpath, id, class name, accessibility id, css selector, -android uiautomator
&amp#27;[38;5;32m[AndroidUiautomator2Driver@6f81 (216f4735)]&amp#27;[0m Waiting up to 10000 ms for condition
&amp#27;[38;5;32m[AndroidUiautomator2Driver@6f81 (216f4735)]&amp#27;[0m Matched '/element' to command name 'findElement'
&amp#27;[38;5;32m[AndroidUiautomator2Driver@6f81 (216f4735)]&amp#27;[0m Proxying [POST /element] to [POST http://127.0.0.1:8200/session/975fcfbe-2567-4bd0-9723-f72dc0644c69/element] with body: {"strategy":"xpath","selector":"//android.widget.Button","context":"","multiple":false}
&amp#27;[38;5;32m[AndroidUiautomator2Driver@6f81 (216f4735)]&amp#27;[0m Got response with status 200: {"sessionId":"975fcfbe-2567-4bd0-9723-f72dc0644c69","value":{"ELEMENT":"00000000-0000-0045-0000-000b00000003","element-6066-11e4-a52e-4f735466cecf":"00000000-0000-0045-0000-000b00000003"}}
&amp#27;[38;5;32m[AndroidUiautomator2Driver@6f81 (216f4735)]&amp#27;[0m Responding to client with driver.findElement() result: {"element-6066-11e4-a52e-4f735466cecf":"00000000-0000-0045-0000-000b00000003","ELEMENT":"00000000-0000-0045-0000-000b00000003"}
&amp#27;[38;5;0m[HTTP]&amp#27;[0m &amp#27;[37m<-- POST /session/216f4735-22e0-4412-b9d8-12f45fe4aa10/element &amp#27;[39m&amp#27;[32m200&amp#27;[39m &amp#27;[90m38 ms - 137&amp#27;[39m
&amp#27;[38;5;0m[HTTP]&amp#27;[0m &amp#27;[90m&amp#27;[39m
&amp#27;[38;5;0m[HTTP]&amp#27;[0m &amp#27;[37m-->&amp#27;[39m &amp#27;[37mPOST&amp#27;[39m &amp#27;[37m/session/216f4735-22e0-4412-b9d8-12f45fe4aa10/element/00000000-0000-0045-0000-000b00000003/click&amp#27;[39m
&amp#27;[38;5;0m[HTTP]&amp#27;[0m &amp#27;[90m{"id":"00000000-0000-0045-0000-000b00000003"}&amp#27;[39m
&amp#27;[38;5;32m[AndroidUiautomator2Driver@6f81 (216f4735)]&amp#27;[0m Calling AppiumDriver.click() with args: ["00000000-0000-0045-0000-000b00000003","216f4735-22e0-4412-b9d8-12f45fe4aa10"]
&amp#27;[38;5;32m[AndroidUiautomator2Driver@6f81 (216f4735)]&amp#27;[0m Matched '/element/00000000-0000-0045-0000-000b00000003/click' to command name 'click'
&amp#27;[38;5;32m[AndroidUiautomator2Driver@6f81 (216f4735)]&amp#27;[0m Proxying [POST /element/00000000-0000-0045-0000-000b00000003/click] to [POST http://127.0.0.1:8200/session/975fcfbe-2567-4bd0-9723-f72dc0644c69/element/00000000-0000-0045-0000-000b00000003/click] with body: {"element":"00000000-0000-0045-0000-000b00000003"}
&amp#27;[38;5;32m[AndroidUiautomator2Driver@6f81 (216f4735)]&amp#27;[0m Got response with status 200: {"sessionId":"975fcfbe-2567-4bd0-9723-f72dc0644c69","value":null}
&amp#27;[38;5;32m[AndroidUiautomator2Driver@6f81 (216f4735)]&amp#27;[0m Responding to client with driver.click() result: null
&amp#27;[38;5;0m[HTTP]&amp#27;[0m &amp#27;[37m<-- POST /session/216f4735-22e0-4412-b9d8-12f45fe4aa10/element/00000000-0000-0045-0000-000b00000003/click &amp#27;[39m&amp#27;[32m200&amp#27;[39m &amp#27;[90m51 ms - 14&amp#27;[39m
&amp#27;[38;5;0m[HTTP]&amp#27;[0m &amp#27;[90m&amp#27;[39m
]]></system-out>
    <system-err><![CDATA[SLF4J: Failed to load class "org.slf4j.impl.StaticLoggerBinder".
SLF4J: Defaulting to no-operation (NOP) logger implementation
SLF4J: See http://www.slf4j.org/codes.html#StaticLoggerBinder for further details.
]]></system-err>
  </testcase>
  <testcase name="loginScreenTest" classname="com.kvp.testcases.Android.testcase2" time="89.244">
    <failure message="Can&apos;t locate an element by this strategy: By.chained({By.xpath: //android.view.View/android.widget.CheckBox[1]})" type="org.openqa.selenium.NoSuchElementException"><![CDATA[org.openqa.selenium.NoSuchElementException: Can't locate an element by this strategy: By.chained({By.xpath: //android.view.View/android.widget.CheckBox[1]})
	at io.appium.java_client.pagefactory.AppiumElementLocator.findElement(AppiumElementLocator.java:166)
	at io.appium.java_client.pagefactory.interceptors.InterceptorOfASingleElement.call(InterceptorOfASingleElement.java:64)
	at io.appium.java_client.proxy.Interceptor.intercept(Interceptor.java:77)
	at org.openqa.selenium.remote.RemoteWebElement$ByteBuddy$rhW7JKk4.isDisplayed(Unknown Source)
	at com.kvp.pageobject.android.Page_NoOrder.orderReason(Page_NoOrder.java:36)
	at com.kvp.testcases.Android.testcase2.loginScreenTest(testcase2.java:46)
	at java.base/jdk.internal.reflect.DirectMethodHandleAccessor.invoke(DirectMethodHandleAccessor.java:103)
	at java.base/java.lang.reflect.Method.invoke(Method.java:580)
	at org.testng.internal.invokers.MethodInvocationHelper.invokeMethod(MethodInvocationHelper.java:139)
	at org.testng.internal.invokers.TestInvoker.invokeMethod(TestInvoker.java:664)
	at org.testng.internal.invokers.TestInvoker.invokeTestMethod(TestInvoker.java:228)
	at org.testng.internal.invokers.MethodRunner.runInSequence(MethodRunner.java:63)
	at org.testng.internal.invokers.TestInvoker$MethodInvocationAgent.invoke(TestInvoker.java:961)
	at org.testng.internal.invokers.TestInvoker.invokeTestMethods(TestInvoker.java:201)
	at org.testng.internal.invokers.TestMethodWorker.invokeTestMethods(TestMethodWorker.java:148)
	at org.testng.internal.invokers.TestMethodWorker.run(TestMethodWorker.java:128)
	at java.base/java.util.ArrayList.forEach(ArrayList.java:1596)
	at org.testng.TestRunner.privateRun(TestRunner.java:819)
	at org.testng.TestRunner.run(TestRunner.java:619)
	at org.testng.SuiteRunner.runTest(SuiteRunner.java:443)
	at org.testng.SuiteRunner.runSequentially(SuiteRunner.java:437)
	at org.testng.SuiteRunner.privateRun(SuiteRunner.java:397)
	at org.testng.SuiteRunner.run(SuiteRunner.java:336)
	at org.testng.SuiteRunnerWorker.runSuite(SuiteRunnerWorker.java:52)
	at org.testng.SuiteRunnerWorker.run(SuiteRunnerWorker.java:95)
	at org.testng.TestNG.runSuitesSequentially(TestNG.java:1301)
	at org.testng.TestNG.runSuitesLocally(TestNG.java:1228)
	at org.testng.TestNG.runSuites(TestNG.java:1134)
	at org.testng.TestNG.run(TestNG.java:1101)
	at org.apache.maven.surefire.testng.TestNGExecutor.run(TestNGExecutor.java:324)
	at org.apache.maven.surefire.testng.TestNGXmlTestSuite.execute(TestNGXmlTestSuite.java:74)
	at org.apache.maven.surefire.testng.TestNGProvider.invoke(TestNGProvider.java:123)
	at org.apache.maven.surefire.booter.ForkedBooter.runSuitesInProcess(ForkedBooter.java:456)
	at org.apache.maven.surefire.booter.ForkedBooter.execute(ForkedBooter.java:169)
	at org.apache.maven.surefire.booter.ForkedBooter.run(ForkedBooter.java:595)
	at org.apache.maven.surefire.booter.ForkedBooter.main(ForkedBooter.java:581)
Caused by: org.openqa.selenium.TimeoutException: Expected condition failed: waiting for io.appium.java_client.pagefactory.AppiumElementLocator$WaitingFunction@347123dc (tried for 1 second(s) with 500 milliseconds interval)
	at org.openqa.selenium.support.ui.FluentWait.timeoutException(FluentWait.java:265)
	at org.openqa.selenium.support.ui.FluentWait.until(FluentWait.java:228)
	at io.appium.java_client.pagefactory.AppiumElementLocator.waitFor(AppiumElementLocator.java:135)
	at io.appium.java_client.pagefactory.AppiumElementLocator.findElement(AppiumElementLocator.java:160)
	... 35 more
Caused by: org.openqa.selenium.NoSuchElementException: Cannot locate an element using By.chained({By.xpath: //android.view.View/android.widget.CheckBox[1]})
For documentation on this error, please visit: https://www.selenium.dev/documentation/webdriver/troubleshooting/errors#no-such-element-exception
Build info: version: '4.17.0', revision: 'e52b1be057*'
System info: os.name: 'Windows 10', os.arch: 'amd64', os.version: '10.0', java.version: '21.0.2'
Driver info: driver.version: RemoteWebDriver
	at io.appium.java_client.pagefactory.bys.builder.ByChained.findElement(ByChained.java:77)
	at org.openqa.selenium.remote.ElementLocation$ElementFinder$1.findElement(ElementLocation.java:139)
	at org.openqa.selenium.remote.ElementLocation.findElement(ElementLocation.java:59)
	at org.openqa.selenium.remote.RemoteWebDriver.findElement(RemoteWebDriver.java:356)
	at org.openqa.selenium.remote.RemoteWebDriver.findElement(RemoteWebDriver.java:350)
	at io.appium.java_client.pagefactory.bys.ContentMappedBy.findElement(ContentMappedBy.java:53)
	at org.openqa.selenium.remote.ElementLocation$ElementFinder$1.findElement(ElementLocation.java:139)
	at org.openqa.selenium.remote.ElementLocation.findElement(ElementLocation.java:59)
	at org.openqa.selenium.remote.RemoteWebDriver.findElement(RemoteWebDriver.java:356)
	at org.openqa.selenium.remote.RemoteWebDriver.findElement(RemoteWebDriver.java:350)
	at io.appium.java_client.pagefactory.AppiumElementLocator.lambda$findElement$1(AppiumElementLocator.java:160)
	at io.appium.java_client.pagefactory.AppiumElementLocator$WaitingFunction.apply(AppiumElementLocator.java:217)
	at io.appium.java_client.pagefactory.AppiumElementLocator$WaitingFunction.apply(AppiumElementLocator.java:210)
	at org.openqa.selenium.support.ui.FluentWait.until(FluentWait.java:203)
	... 37 more
]]></failure>
    <system-out><![CDATA[&amp#27;[38;5;0m[HTTP]&amp#27;[0m &amp#27;[37m-->&amp#27;[39m &amp#27;[37mDELETE&amp#27;[39m &amp#27;[37m/session/216f4735-22e0-4412-b9d8-12f45fe4aa10&amp#27;[39m
&amp#27;[38;5;0m[HTTP]&amp#27;[0m &amp#27;[90m{}&amp#27;[39m
&amp#27;[38;5;32m[AndroidUiautomator2Driver@6f81 (216f4735)]&amp#27;[0m Calling AppiumDriver.deleteSession() with args: ["216f4735-22e0-4412-b9d8-12f45fe4aa10"]
&amp#27;[38;5;16m[AppiumDriver@45dc]&amp#27;[0m Event 'quitSessionRequested' logged at 1707194870072 (10:17:50 GMT+0530 (India Standard Time))
&amp#27;[38;5;16m[AppiumDriver@45dc]&amp#27;[0m Removing session 216f4735-22e0-4412-b9d8-12f45fe4aa10 from our master session list
&amp#27;[38;5;32m[AndroidUiautomator2Driver@6f81 (216f4735)]&amp#27;[0m Deleting UiAutomator2 session
&amp#27;[38;5;32m[AndroidUiautomator2Driver@6f81 (216f4735)]&amp#27;[0m Deleting UiAutomator2 server session
&amp#27;[38;5;32m[AndroidUiautomator2Driver@6f81 (216f4735)]&amp#27;[0m Matched '/' to command name 'deleteSession'
&amp#27;[38;5;32m[AndroidUiautomator2Driver@6f81 (216f4735)]&amp#27;[0m Proxying [DELETE /] to [DELETE http://127.0.0.1:8200/session/975fcfbe-2567-4bd0-9723-f72dc0644c69] with no body
&amp#27;[38;5;32m[AndroidUiautomator2Driver@6f81 (216f4735)]&amp#27;[0m Got response with status 200: {"sessionId":"975fcfbe-2567-4bd0-9723-f72dc0644c69","value":null}
&amp#27;[38;5;64m[ADB]&amp#27;[0m Running 'C:\Users\Kvp\AppData\Local\Android\Sdk\platform-tools\adb.exe -P 5037 -s emulator-5554 shell dumpsys activity services io.appium.settings/.recorder.RecorderService'
&amp#27;[38;5;64m[ADB]&amp#27;[0m Running 'C:\Users\Kvp\AppData\Local\Android\Sdk\platform-tools\adb.exe -P 5037 -s emulator-5554 shell am force-stop com.example.field_sales_app'
&amp#27;[38;5;112m[Instrumentation]&amp#27;[0m .
&amp#27;[38;5;112m[Instrumentation]&amp#27;[0m Time: 11.08
&amp#27;[38;5;112m[Instrumentation]&amp#27;[0m 
&amp#27;[38;5;112m[Instrumentation]&amp#27;[0m OK (1 test)
&amp#27;[38;5;96m[Logcat]&amp#27;[0m Stopping logcat capture
&amp#27;[38;5;64m[ADB]&amp#27;[0m Removing forwarded port socket connection: 8200 
&amp#27;[38;5;64m[ADB]&amp#27;[0m Running 'C:\Users\Kvp\AppData\Local\Android\Sdk\platform-tools\adb.exe -P 5037 -s emulator-5554 forward --remove tcp:8200'
&amp#27;[38;5;32m[AndroidUiautomator2Driver@6f81 (216f4735)]&amp#27;[0m Restoring hidden api policy to the device default configuration
&amp#27;[38;5;64m[ADB]&amp#27;[0m Running 'C:\Users\Kvp\AppData\Local\Android\Sdk\platform-tools\adb.exe -P 5037 -s emulator-5554 shell 'settings delete global hidden_api_policy_pre_p_apps;settings delete global hidden_api_policy_p_apps;settings delete global hidden_api_policy''
&amp#27;[38;5;16m[AppiumDriver@45dc]&amp#27;[0m Event 'quitSessionFinished' logged at 1707194870649 (10:17:50 GMT+0530 (India Standard Time))
&amp#27;[38;5;16m[AppiumDriver@45dc]&amp#27;[0m Received response: null
&amp#27;[38;5;16m[AppiumDriver@45dc]&amp#27;[0m But deleting session, so not returning
&amp#27;[38;5;16m[AppiumDriver@45dc]&amp#27;[0m Responding to client with driver.deleteSession() result: null
&amp#27;[38;5;0m[HTTP]&amp#27;[0m &amp#27;[37m<-- DELETE /session/216f4735-22e0-4412-b9d8-12f45fe4aa10 &amp#27;[39m&amp#27;[32m200&amp#27;[39m &amp#27;[90m580 ms - 14&amp#27;[39m
&amp#27;[38;5;0m[HTTP]&amp#27;[0m &amp#27;[90m&amp#27;[39m
4544 [main] DEBUG freemarker.cache  - Couldn't find template in cache for "spark/spark.spa.ftl"("en_IN", UTF-8, parsed); will try to load it.
4546 [main] DEBUG freemarker.cache  - TemplateLoader.findTemplateSource("spark/spark.spa_en_IN.ftl"): Not found
4549 [main] DEBUG freemarker.cache  - TemplateLoader.findTemplateSource("spark/spark.spa_en.ftl"): Not found
4551 [main] DEBUG freemarker.cache  - TemplateLoader.findTemplateSource("spark/spark.spa.ftl"): Found
4551 [main] DEBUG freemarker.cache  - Loading template for "spark/spark.spa.ftl"("en_IN", UTF-8, parsed) from "jar:file:/C:/Users/Kvp/.m2/repository/com/aventstack/extentreports/5.1.0/extentreports-5.1.0.jar!/com/aventstack/extentreports/templates/spark/spark.spa.ftl"
4640 [main] DEBUG freemarker.cache  - Couldn't find template in cache for "commons/commons-variables.ftl"("en_IN", UTF-8, parsed); will try to load it.
4641 [main] DEBUG freemarker.cache  - TemplateLoader.findTemplateSource("commons/commons-variables_en_IN.ftl"): Not found
4641 [main] DEBUG freemarker.cache  - TemplateLoader.findTemplateSource("commons/commons-variables_en.ftl"): Not found
4641 [main] DEBUG freemarker.cache  - TemplateLoader.findTemplateSource("commons/commons-variables.ftl"): Found
4641 [main] DEBUG freemarker.cache  - Loading template for "commons/commons-variables.ftl"("en_IN", UTF-8, parsed) from "jar:file:/C:/Users/Kvp/.m2/repository/com/aventstack/extentreports/5.1.0/extentreports-5.1.0.jar!/com/aventstack/extentreports/templates/commons/commons-variables.ftl"
&amp#27;[38;5;112m[Instrumentation]&amp#27;[0m The process has exited with code 0
4788 [main] DEBUG freemarker.cache  - Couldn't find template in cache for "commons/commons-macros.ftl"("en_IN", UTF-8, parsed); will try to load it.
4789 [main] DEBUG freemarker.cache  - TemplateLoader.findTemplateSource("commons/commons-macros_en_IN.ftl"): Not found
4789 [main] DEBUG freemarker.cache  - TemplateLoader.findTemplateSource("commons/commons-macros_en.ftl"): Not found
4789 [main] DEBUG freemarker.cache  - TemplateLoader.findTemplateSource("commons/commons-macros.ftl"): Found
4789 [main] DEBUG freemarker.cache  - Loading template for "commons/commons-macros.ftl"("en_IN", UTF-8, parsed) from "jar:file:/C:/Users/Kvp/.m2/repository/com/aventstack/extentreports/5.1.0/extentreports-5.1.0.jar!/com/aventstack/extentreports/templates/commons/commons-macros.ftl"
4795 [main] DEBUG freemarker.cache  - Couldn't find template in cache for "spark/macros/attributes.ftl"("en_IN", UTF-8, parsed); will try to load it.
4796 [main] DEBUG freemarker.cache  - TemplateLoader.findTemplateSource("spark/macros/attributes_en_IN.ftl"): Not found
4796 [main] DEBUG freemarker.cache  - TemplateLoader.findTemplateSource("spark/macros/attributes_en.ftl"): Not found
4796 [main] DEBUG freemarker.cache  - TemplateLoader.findTemplateSource("spark/macros/attributes.ftl"): Found
4796 [main] DEBUG freemarker.cache  - Loading template for "spark/macros/attributes.ftl"("en_IN", UTF-8, parsed) from "jar:file:/C:/Users/Kvp/.m2/repository/com/aventstack/extentreports/5.1.0/extentreports-5.1.0.jar!/com/aventstack/extentreports/templates/spark/macros/attributes.ftl"
4798 [main] DEBUG freemarker.cache  - Couldn't find template in cache for "spark/macros/log.ftl"("en_IN", UTF-8, parsed); will try to load it.
4799 [main] DEBUG freemarker.cache  - TemplateLoader.findTemplateSource("spark/macros/log_en_IN.ftl"): Not found
4800 [main] DEBUG freemarker.cache  - TemplateLoader.findTemplateSource("spark/macros/log_en.ftl"): Not found
4800 [main] DEBUG freemarker.cache  - TemplateLoader.findTemplateSource("spark/macros/log.ftl"): Found
4800 [main] DEBUG freemarker.cache  - Loading template for "spark/macros/log.ftl"("en_IN", UTF-8, parsed) from "jar:file:/C:/Users/Kvp/.m2/repository/com/aventstack/extentreports/5.1.0/extentreports-5.1.0.jar!/com/aventstack/extentreports/templates/spark/macros/log.ftl"
4802 [main] DEBUG freemarker.cache  - Couldn't find template in cache for "spark/macros/recurse_nodes.ftl"("en_IN", UTF-8, parsed); will try to load it.
4802 [main] DEBUG freemarker.cache  - TemplateLoader.findTemplateSource("spark/macros/recurse_nodes_en_IN.ftl"): Not found
4803 [main] DEBUG freemarker.cache  - TemplateLoader.findTemplateSource("spark/macros/recurse_nodes_en.ftl"): Not found
4803 [main] DEBUG freemarker.cache  - TemplateLoader.findTemplateSource("spark/macros/recurse_nodes.ftl"): Found
4803 [main] DEBUG freemarker.cache  - Loading template for "spark/macros/recurse_nodes.ftl"("en_IN", UTF-8, parsed) from "jar:file:/C:/Users/Kvp/.m2/repository/com/aventstack/extentreports/5.1.0/extentreports-5.1.0.jar!/com/aventstack/extentreports/templates/spark/macros/recurse_nodes.ftl"
4805 [main] DEBUG freemarker.cache  - "spark/macros/log.ftl"("en_IN", UTF-8, parsed) cached copy not yet stale; using cached.
4805 [main] DEBUG freemarker.cache  - Couldn't find template in cache for "spark/macros/attr-common.ftl"("en_IN", UTF-8, parsed); will try to load it.
4806 [main] DEBUG freemarker.cache  - TemplateLoader.findTemplateSource("spark/macros/attr-common_en_IN.ftl"): Not found
4806 [main] DEBUG freemarker.cache  - TemplateLoader.findTemplateSource("spark/macros/attr-common_en.ftl"): Not found
4806 [main] DEBUG freemarker.cache  - TemplateLoader.findTemplateSource("spark/macros/attr-common.ftl"): Found
4806 [main] DEBUG freemarker.cache  - Loading template for "spark/macros/attr-common.ftl"("en_IN", UTF-8, parsed) from "jar:file:/C:/Users/Kvp/.m2/repository/com/aventstack/extentreports/5.1.0/extentreports-5.1.0.jar!/com/aventstack/extentreports/templates/spark/macros/attr-common.ftl"
4812 [main] DEBUG freemarker.cache  - Couldn't find template in cache for "spark/partials/head.ftl"("en_IN", UTF-8, parsed); will try to load it.
4812 [main] DEBUG freemarker.cache  - TemplateLoader.findTemplateSource("spark/partials/head_en_IN.ftl"): Not found
4812 [main] DEBUG freemarker.cache  - TemplateLoader.findTemplateSource("spark/partials/head_en.ftl"): Not found
4813 [main] DEBUG freemarker.cache  - TemplateLoader.findTemplateSource("spark/partials/head.ftl"): Found
4813 [main] DEBUG freemarker.cache  - Loading template for "spark/partials/head.ftl"("en_IN", UTF-8, parsed) from "jar:file:/C:/Users/Kvp/.m2/repository/com/aventstack/extentreports/5.1.0/extentreports-5.1.0.jar!/com/aventstack/extentreports/templates/spark/partials/head.ftl"
4815 [main] DEBUG freemarker.cache  - Couldn't find template in cache for "commons/commons-inject-css.ftl"("en_IN", UTF-8, parsed); will try to load it.
4816 [main] DEBUG freemarker.cache  - TemplateLoader.findTemplateSource("commons/commons-inject-css_en_IN.ftl"): Not found
4816 [main] DEBUG freemarker.cache  - TemplateLoader.findTemplateSource("commons/commons-inject-css_en.ftl"): Not found
4816 [main] DEBUG freemarker.cache  - TemplateLoader.findTemplateSource("commons/commons-inject-css.ftl"): Found
4817 [main] DEBUG freemarker.cache  - Loading template for "commons/commons-inject-css.ftl"("en_IN", UTF-8, parsed) from "jar:file:/C:/Users/Kvp/.m2/repository/com/aventstack/extentreports/5.1.0/extentreports-5.1.0.jar!/com/aventstack/extentreports/templates/commons/commons-inject-css.ftl"
4817 [main] DEBUG freemarker.cache  - Couldn't find template in cache for "spark/partials/navbar.ftl"("en_IN", UTF-8, parsed); will try to load it.
4818 [main] DEBUG freemarker.cache  - TemplateLoader.findTemplateSource("spark/partials/navbar_en_IN.ftl"): Not found
4818 [main] DEBUG freemarker.cache  - TemplateLoader.findTemplateSource("spark/partials/navbar_en.ftl"): Not found
4818 [main] DEBUG freemarker.cache  - TemplateLoader.findTemplateSource("spark/partials/navbar.ftl"): Found
4818 [main] DEBUG freemarker.cache  - Loading template for "spark/partials/navbar.ftl"("en_IN", UTF-8, parsed) from "jar:file:/C:/Users/Kvp/.m2/repository/com/aventstack/extentreports/5.1.0/extentreports-5.1.0.jar!/com/aventstack/extentreports/templates/spark/partials/navbar.ftl"
4824 [main] DEBUG freemarker.cache  - Couldn't find template in cache for "spark/partials/sidenav.ftl"("en_IN", UTF-8, parsed); will try to load it.
4824 [main] DEBUG freemarker.cache  - TemplateLoader.findTemplateSource("spark/partials/sidenav_en_IN.ftl"): Not found
4825 [main] DEBUG freemarker.cache  - TemplateLoader.findTemplateSource("spark/partials/sidenav_en.ftl"): Not found
4825 [main] DEBUG freemarker.cache  - TemplateLoader.findTemplateSource("spark/partials/sidenav.ftl"): Found
4825 [main] DEBUG freemarker.cache  - Loading template for "spark/partials/sidenav.ftl"("en_IN", UTF-8, parsed) from "jar:file:/C:/Users/Kvp/.m2/repository/com/aventstack/extentreports/5.1.0/extentreports-5.1.0.jar!/com/aventstack/extentreports/templates/spark/partials/sidenav.ftl"
4833 [main] DEBUG freemarker.cache  - Couldn't find template in cache for "spark/partials/test.ftl"("en_IN", UTF-8, parsed); will try to load it.
4834 [main] DEBUG freemarker.cache  - TemplateLoader.findTemplateSource("spark/partials/test_en_IN.ftl"): Not found
4834 [main] DEBUG freemarker.cache  - TemplateLoader.findTemplateSource("spark/partials/test_en.ftl"): Not found
4834 [main] DEBUG freemarker.cache  - TemplateLoader.findTemplateSource("spark/partials/test.ftl"): Found
4834 [main] DEBUG freemarker.cache  - Loading template for "spark/partials/test.ftl"("en_IN", UTF-8, parsed) from "jar:file:/C:/Users/Kvp/.m2/repository/com/aventstack/extentreports/5.1.0/extentreports-5.1.0.jar!/com/aventstack/extentreports/templates/spark/partials/test.ftl"
4845 [main] DEBUG freemarker.cache  - Couldn't find template in cache for "spark/partials/standard-content.ftl"("en_IN", UTF-8, parsed); will try to load it.
4845 [main] DEBUG freemarker.cache  - TemplateLoader.findTemplateSource("spark/partials/standard-content_en_IN.ftl"): Not found
4845 [main] DEBUG freemarker.cache  - TemplateLoader.findTemplateSource("spark/partials/standard-content_en.ftl"): Not found
4846 [main] DEBUG freemarker.cache  - TemplateLoader.findTemplateSource("spark/partials/standard-content.ftl"): Found
4846 [main] DEBUG freemarker.cache  - Loading template for "spark/partials/standard-content.ftl"("en_IN", UTF-8, parsed) from "jar:file:/C:/Users/Kvp/.m2/repository/com/aventstack/extentreports/5.1.0/extentreports-5.1.0.jar!/com/aventstack/extentreports/templates/spark/partials/standard-content.ftl"
4850 [main] DEBUG freemarker.cache  - Couldn't find template in cache for "spark/partials/exception.ftl"("en_IN", UTF-8, parsed); will try to load it.
4851 [main] DEBUG freemarker.cache  - TemplateLoader.findTemplateSource("spark/partials/exception_en_IN.ftl"): Not found
4851 [main] DEBUG freemarker.cache  - TemplateLoader.findTemplateSource("spark/partials/exception_en.ftl"): Not found
4851 [main] DEBUG freemarker.cache  - TemplateLoader.findTemplateSource("spark/partials/exception.ftl"): Found
4851 [main] DEBUG freemarker.cache  - Loading template for "spark/partials/exception.ftl"("en_IN", UTF-8, parsed) from "jar:file:/C:/Users/Kvp/.m2/repository/com/aventstack/extentreports/5.1.0/extentreports-5.1.0.jar!/com/aventstack/extentreports/templates/spark/partials/exception.ftl"
4852 [main] DEBUG freemarker.cache  - Couldn't find template in cache for "spark/partials/category.ftl"("en_IN", UTF-8, parsed); will try to load it.
4852 [main] DEBUG freemarker.cache  - TemplateLoader.findTemplateSource("spark/partials/category_en_IN.ftl"): Not found
4852 [main] DEBUG freemarker.cache  - TemplateLoader.findTemplateSource("spark/partials/category_en.ftl"): Not found
4852 [main] DEBUG freemarker.cache  - TemplateLoader.findTemplateSource("spark/partials/category.ftl"): Found
4852 [main] DEBUG freemarker.cache  - Loading template for "spark/partials/category.ftl"("en_IN", UTF-8, parsed) from "jar:file:/C:/Users/Kvp/.m2/repository/com/aventstack/extentreports/5.1.0/extentreports-5.1.0.jar!/com/aventstack/extentreports/templates/spark/partials/category.ftl"
4854 [main] DEBUG freemarker.cache  - Couldn't find template in cache for "spark/partials/device.ftl"("en_IN", UTF-8, parsed); will try to load it.
4854 [main] DEBUG freemarker.cache  - TemplateLoader.findTemplateSource("spark/partials/device_en_IN.ftl"): Not found
4854 [main] DEBUG freemarker.cache  - TemplateLoader.findTemplateSource("spark/partials/device_en.ftl"): Not found
4855 [main] DEBUG freemarker.cache  - TemplateLoader.findTemplateSource("spark/partials/device.ftl"): Found
4855 [main] DEBUG freemarker.cache  - Loading template for "spark/partials/device.ftl"("en_IN", UTF-8, parsed) from "jar:file:/C:/Users/Kvp/.m2/repository/com/aventstack/extentreports/5.1.0/extentreports-5.1.0.jar!/com/aventstack/extentreports/templates/spark/partials/device.ftl"
4855 [main] DEBUG freemarker.cache  - Couldn't find template in cache for "spark/partials/author.ftl"("en_IN", UTF-8, parsed); will try to load it.
4856 [main] DEBUG freemarker.cache  - TemplateLoader.findTemplateSource("spark/partials/author_en_IN.ftl"): Not found
4856 [main] DEBUG freemarker.cache  - TemplateLoader.findTemplateSource("spark/partials/author_en.ftl"): Not found
4856 [main] DEBUG freemarker.cache  - TemplateLoader.findTemplateSource("spark/partials/author.ftl"): Found
4856 [main] DEBUG freemarker.cache  - Loading template for "spark/partials/author.ftl"("en_IN", UTF-8, parsed) from "jar:file:/C:/Users/Kvp/.m2/repository/com/aventstack/extentreports/5.1.0/extentreports-5.1.0.jar!/com/aventstack/extentreports/templates/spark/partials/author.ftl"
4857 [main] DEBUG freemarker.cache  - Couldn't find template in cache for "spark/partials/log.ftl"("en_IN", UTF-8, parsed); will try to load it.
4857 [main] DEBUG freemarker.cache  - TemplateLoader.findTemplateSource("spark/partials/log_en_IN.ftl"): Not found
4857 [main] DEBUG freemarker.cache  - TemplateLoader.findTemplateSource("spark/partials/log_en.ftl"): Not found
4858 [main] DEBUG freemarker.cache  - TemplateLoader.findTemplateSource("spark/partials/log.ftl"): Found
4858 [main] DEBUG freemarker.cache  - Loading template for "spark/partials/log.ftl"("en_IN", UTF-8, parsed) from "jar:file:/C:/Users/Kvp/.m2/repository/com/aventstack/extentreports/5.1.0/extentreports-5.1.0.jar!/com/aventstack/extentreports/templates/spark/partials/log.ftl"
4858 [main] DEBUG freemarker.cache  - Couldn't find template in cache for "spark/partials/dashboard.ftl"("en_IN", UTF-8, parsed); will try to load it.
4859 [main] DEBUG freemarker.cache  - TemplateLoader.findTemplateSource("spark/partials/dashboard_en_IN.ftl"): Not found
4859 [main] DEBUG freemarker.cache  - TemplateLoader.findTemplateSource("spark/partials/dashboard_en.ftl"): Not found
4859 [main] DEBUG freemarker.cache  - TemplateLoader.findTemplateSource("spark/partials/dashboard.ftl"): Found
4859 [main] DEBUG freemarker.cache  - Loading template for "spark/partials/dashboard.ftl"("en_IN", UTF-8, parsed) from "jar:file:/C:/Users/Kvp/.m2/repository/com/aventstack/extentreports/5.1.0/extentreports-5.1.0.jar!/com/aventstack/extentreports/templates/spark/partials/dashboard.ftl"
4892 [main] DEBUG freemarker.cache  - Couldn't find template in cache for "spark/partials/scripts.ftl"("en_IN", UTF-8, parsed); will try to load it.
4893 [main] DEBUG freemarker.cache  - TemplateLoader.findTemplateSource("spark/partials/scripts_en_IN.ftl"): Not found
4893 [main] DEBUG freemarker.cache  - TemplateLoader.findTemplateSource("spark/partials/scripts_en.ftl"): Not found
4893 [main] DEBUG freemarker.cache  - TemplateLoader.findTemplateSource("spark/partials/scripts.ftl"): Found
4893 [main] DEBUG freemarker.cache  - Loading template for "spark/partials/scripts.ftl"("en_IN", UTF-8, parsed) from "jar:file:/C:/Users/Kvp/.m2/repository/com/aventstack/extentreports/5.1.0/extentreports-5.1.0.jar!/com/aventstack/extentreports/templates/spark/partials/scripts.ftl"
4894 [main] DEBUG freemarker.cache  - Couldn't find template in cache for "commons/commons-inject-js.ftl"("en_IN", UTF-8, parsed); will try to load it.
4895 [main] DEBUG freemarker.cache  - TemplateLoader.findTemplateSource("commons/commons-inject-js_en_IN.ftl"): Not found
4895 [main] DEBUG freemarker.cache  - TemplateLoader.findTemplateSource("commons/commons-inject-js_en.ftl"): Not found
4895 [main] DEBUG freemarker.cache  - TemplateLoader.findTemplateSource("commons/commons-inject-js.ftl"): Found
4895 [main] DEBUG freemarker.cache  - Loading template for "commons/commons-inject-js.ftl"("en_IN", UTF-8, parsed) from "jar:file:/C:/Users/Kvp/.m2/repository/com/aventstack/extentreports/5.1.0/extentreports-5.1.0.jar!/com/aventstack/extentreports/templates/commons/commons-inject-js.ftl"
&amp#27;[38;5;0m[HTTP]&amp#27;[0m &amp#27;[37m-->&amp#27;[39m &amp#27;[37mGET&amp#27;[39m &amp#27;[37m/status&amp#27;[39m
&amp#27;[38;5;0m[HTTP]&amp#27;[0m &amp#27;[90m{}&amp#27;[39m
&amp#27;[38;5;16m[AppiumDriver@45dc]&amp#27;[0m Calling AppiumDriver.getStatus() with args: []
&amp#27;[38;5;16m[AppiumDriver@45dc]&amp#27;[0m Responding to client with driver.getStatus() result: {"ready":true,"message":"The server is ready to accept new connections","build":{"version":"2.4.1"}}
&amp#27;[38;5;0m[HTTP]&amp#27;[0m &amp#27;[37m<-- GET /status &amp#27;[39m&amp#27;[32m200&amp#27;[39m &amp#27;[90m1 ms - 110&amp#27;[39m
&amp#27;[38;5;0m[HTTP]&amp#27;[0m &amp#27;[90m&amp#27;[39m
&amp#27;[38;5;0m[HTTP]&amp#27;[0m Request idempotency key: a42777ea-79eb-420c-b4fd-d58246b20a11
&amp#27;[38;5;0m[HTTP]&amp#27;[0m &amp#27;[37m-->&amp#27;[39m &amp#27;[37mPOST&amp#27;[39m &amp#27;[37m/session&amp#27;[39m
&amp#27;[38;5;0m[HTTP]&amp#27;[0m &amp#27;[90m{"capabilities":{"firstMatch":[{}],"alwaysMatch":{"appium:automationName":"UiAutomator2","platformName":"ANDROID","appium:app":"Project_Resources/app-release 20.apk","appium:platformVersion":"11.0","appium:deviceName":"Pixel 7 API 30"}}}&amp#27;[39m
&amp#27;[38;5;16m[AppiumDriver@45dc]&amp#27;[0m Calling AppiumDriver.createSession() with args: [null,null,{"firstMatch":[{}],"alwaysMatch":{"appium:automationName":"UiAutomator2","platformName":"ANDROID","appium:app":"Project_Resources/app-release 20.apk","appium:platformVersion":"11.0","appium:deviceName":"Pixel 7 API 30"}}]
&amp#27;[38;5;16m[AppiumDriver@45dc]&amp#27;[0m Event 'newSessionRequested' logged at 1707194871124 (10:17:51 GMT+0530 (India Standard Time))
&amp#27;[35m[Appium]&amp#27;[39m Attempting to find matching driver for automationName 'UiAutomator2' and platformName 'ANDROID'
&amp#27;[35m[Appium]&amp#27;[39m The 'uiautomator2' driver was installed and matched caps.
&amp#27;[35m[Appium]&amp#27;[39m Will require it at C:\Users\Kvp\.appium\node_modules\appium-uiautomator2-driver
&amp#27;[35m[Appium]&amp#27;[39m Requiring driver at C:\Users\Kvp\.appium\node_modules\appium-uiautomator2-driver\build\index.js
&amp#27;[38;5;16m[AppiumDriver@45dc]&amp#27;[0m Appium v2.4.1 creating new AndroidUiautomator2Driver (v2.40.0) session
&amp#27;[38;5;16m[AppiumDriver@45dc]&amp#27;[0m Checking BaseDriver versions for Appium and AndroidUiautomator2Driver
&amp#27;[38;5;16m[AppiumDriver@45dc]&amp#27;[0m Appium's BaseDriver version is 9.5.0
&amp#27;[38;5;16m[AppiumDriver@45dc]&amp#27;[0m AndroidUiautomator2Driver's BaseDriver version is 9.5.0
&amp#27;[38;5;32m[AndroidUiautomator2Driver@1617]&amp#27;[0m Creating session with W3C capabilities: {
&amp#27;[38;5;32m[AndroidUiautomator2Driver@1617]&amp#27;[0m   "alwaysMatch": {
&amp#27;[38;5;32m[AndroidUiautomator2Driver@1617]&amp#27;[0m     "platformName": "ANDROID",
&amp#27;[38;5;32m[AndroidUiautomator2Driver@1617]&amp#27;[0m     "appium:automationName": "UiAutomator2",
&amp#27;[38;5;32m[AndroidUiautomator2Driver@1617]&amp#27;[0m     "appium:app": "Project_Resources/app-release 20.apk",
&amp#27;[38;5;32m[AndroidUiautomator2Driver@1617]&amp#27;[0m     "appium:platformVersion": "11.0",
&amp#27;[38;5;32m[AndroidUiautomator2Driver@1617]&amp#27;[0m     "appium:deviceName": "Pixel 7 API 30"
&amp#27;[38;5;32m[AndroidUiautomator2Driver@1617]&amp#27;[0m   },
&amp#27;[38;5;32m[AndroidUiautomator2Driver@1617]&amp#27;[0m   "firstMatch": [
&amp#27;[38;5;32m[AndroidUiautomator2Driver@1617]&amp#27;[0m     {}
&amp#27;[38;5;32m[AndroidUiautomator2Driver@1617]&amp#27;[0m   ]
&amp#27;[38;5;32m[AndroidUiautomator2Driver@1617]&amp#27;[0m }
&amp#27;[38;5;32m[AndroidUiautomator2Driver@1617 (fb9d74d9)]&amp#27;[0m Session created with session id: fb9d74d9-ed9d-478e-8818-0dd8f8c290e6
&amp#27;[38;5;48m[BaseDriver]&amp#27;[0m Using local app 'Project_Resources/app-release 20.apk'
&amp#27;[38;5;48m[BaseDriver]&amp#27;[0m The current application path 'Project_Resources/app-release 20.apk' is not absolute and has been rewritten to 'C:\Users\Kvp\eclipse-workspace\KVP_FMCG_Industry_Product\Project_Resources\app-release 20.apk'. Consider using absolute paths rather than relative
&amp#27;[38;5;32m[AndroidUiautomator2Driver@1617 (fb9d74d9)]&amp#27;[0m Checking whether app is actually present
&amp#27;[38;5;64m[ADB]&amp#27;[0m Using 'adb.exe' from 'C:\Users\Kvp\AppData\Local\Android\Sdk\platform-tools\adb.exe'
&amp#27;[38;5;64m[ADB]&amp#27;[0m Running 'C:\Users\Kvp\AppData\Local\Android\Sdk\platform-tools\adb.exe -P 5037 start-server'
&amp#27;[38;5;80m[AndroidDriver]&amp#27;[0m Retrieving device list
&amp#27;[38;5;64m[ADB]&amp#27;[0m Trying to find connected Android devices
&amp#27;[38;5;64m[ADB]&amp#27;[0m Getting connected devices
&amp#27;[38;5;64m[ADB]&amp#27;[0m Connected devices: [{"udid":"emulator-5554","state":"device"}]
&amp#27;[38;5;80m[AndroidDriver]&amp#27;[0m Looking for a device with Android '11.0.0'
&amp#27;[38;5;64m[ADB]&amp#27;[0m Setting device id to emulator-5554
&amp#27;[38;5;64m[ADB]&amp#27;[0m Getting device platform version
&amp#27;[38;5;64m[ADB]&amp#27;[0m Running 'C:\Users\Kvp\AppData\Local\Android\Sdk\platform-tools\adb.exe -P 5037 -s emulator-5554 shell getprop ro.build.version.release'
&amp#27;[38;5;64m[ADB]&amp#27;[0m Current device property 'ro.build.version.release': 11
&amp#27;[38;5;80m[AndroidDriver]&amp#27;[0m Using device: emulator-5554
&amp#27;[38;5;64m[ADB]&amp#27;[0m Using 'adb.exe' from 'C:\Users\Kvp\AppData\Local\Android\Sdk\platform-tools\adb.exe'
&amp#27;[38;5;64m[ADB]&amp#27;[0m Running 'C:\Users\Kvp\AppData\Local\Android\Sdk\platform-tools\adb.exe -P 5037 start-server'
&amp#27;[38;5;64m[ADB]&amp#27;[0m Setting device id to emulator-5554
&amp#27;[38;5;64m[ADB]&amp#27;[0m Running 'C:\Users\Kvp\AppData\Local\Android\Sdk\platform-tools\adb.exe -P 5037 -s emulator-5554 shell getprop ro.build.version.sdk'
&amp#27;[38;5;64m[ADB]&amp#27;[0m Current device property 'ro.build.version.sdk': 30
&amp#27;[38;5;64m[ADB]&amp#27;[0m Getting device platform version
&amp#27;[38;5;64m[ADB]&amp#27;[0m Running 'C:\Users\Kvp\AppData\Local\Android\Sdk\platform-tools\adb.exe -P 5037 -s emulator-5554 shell getprop ro.build.version.release'
&amp#27;[38;5;64m[ADB]&amp#27;[0m Current device property 'ro.build.version.release': 11
&amp#27;[38;5;64m[ADB]&amp#27;[0m Device API level: 30
&amp#27;[38;5;32m[AndroidUiautomator2Driver@1617 (fb9d74d9)]&amp#27;[0m Relaxing hidden api policy
&amp#27;[38;5;64m[ADB]&amp#27;[0m Running 'C:\Users\Kvp\AppData\Local\Android\Sdk\platform-tools\adb.exe -P 5037 -s emulator-5554 shell 'settings put global hidden_api_policy_pre_p_apps 1;settings put global hidden_api_policy_p_apps 1;settings put global hidden_api_policy 1''
&amp#27;[38;5;80m[AndroidDriver]&amp#27;[0m Parsing package and activity from app manifest
&amp#27;[38;5;64m[ADB]&amp#27;[0m Package name: 'com.example.field_sales_app'
&amp#27;[38;5;64m[ADB]&amp#27;[0m Main activity name: 'com.example.field_sales_app.MainActivity'
&amp#27;[38;5;80m[AndroidDriver]&amp#27;[0m Parsed package and activity are: com.example.field_sales_app/com.example.field_sales_app.MainActivity
&amp#27;[38;5;64m[ADB]&amp#27;[0m Running 'C:\Users\Kvp\AppData\Local\Android\Sdk\platform-tools\adb.exe -P 5037 -s emulator-5554 wait-for-device'
&amp#27;[38;5;64m[ADB]&amp#27;[0m Running 'C:\Users\Kvp\AppData\Local\Android\Sdk\platform-tools\adb.exe -P 5037 -s emulator-5554 shell echo ping'
&amp#27;[38;5;80m[AndroidDriver]&amp#27;[0m Pushing settings apk to device...
&amp#27;[38;5;64m[ADB]&amp#27;[0m Getting package info for 'io.appium.settings'
&amp#27;[38;5;64m[ADB]&amp#27;[0m Running 'C:\Users\Kvp\AppData\Local\Android\Sdk\platform-tools\adb.exe -P 5037 -s emulator-5554 shell dumpsys package io.appium.settings'
&amp#27;[38;5;64m[ADB]&amp#27;[0m The version name of the installed 'io.appium.settings' is greater or equal to the application version name ('5.3.1' >= '5.3.1')
&amp#27;[38;5;64m[ADB]&amp#27;[0m There is no need to install/upgrade 'C:\Users\Kvp\.appium\node_modules\appium-uiautomator2-driver\node_modules\io.appium.settings\apks\settings_apk-debug.apk'
&amp#27;[38;5;64m[ADB]&amp#27;[0m Getting IDs of all 'io.appium.settings' processes
&amp#27;[38;5;64m[ADB]&amp#27;[0m Running 'C:\Users\Kvp\AppData\Local\Android\Sdk\platform-tools\adb.exe -P 5037 -s emulator-5554 shell 'pgrep --help; echo $?''
&amp#27;[38;5;64m[ADB]&amp#27;[0m Running 'C:\Users\Kvp\AppData\Local\Android\Sdk\platform-tools\adb.exe -P 5037 -s emulator-5554 shell pgrep -f \(\[\[:blank:\]\]\|\^\)io\.appium\.settings\(\[\[:blank:\]\]\|\$\)'
&amp#27;[38;5;80m[AndroidDriver]&amp#27;[0m io.appium.settings is already running. There is no need to reset its permissions.
&amp#27;[38;5;96m[Logcat]&amp#27;[0m Starting logs capture with command: C:\\Users\\Kvp\\AppData\\Local\\Android\\Sdk\\platform-tools\\adb.exe -P 5037 -s emulator-5554 logcat -v threadtime
&amp#27;[38;5;32m[AndroidUiautomator2Driver@1617 (fb9d74d9)]&amp#27;[0m Forwarding UiAutomator2 Server port 6790 to local port 8200
&amp#27;[38;5;64m[ADB]&amp#27;[0m Forwarding system: 8200 to device: 6790
&amp#27;[38;5;64m[ADB]&amp#27;[0m Running 'C:\Users\Kvp\AppData\Local\Android\Sdk\platform-tools\adb.exe -P 5037 -s emulator-5554 forward tcp:8200 tcp:6790'
&amp#27;[38;5;64m[ADB]&amp#27;[0m Checking app cert for C:\Users\Kvp\.appium\node_modules\appium-uiautomator2-driver\node_modules\appium-uiautomator2-server\apks\appium-uiautomator2-server-v6.0.1.apk
&amp#27;[38;5;64m[ADB]&amp#27;[0m Checking app cert for C:\Users\Kvp\.appium\node_modules\appium-uiautomator2-driver\node_modules\appium-uiautomator2-server\apks\appium-uiautomator2-server-debug-androidTest.apk
&amp#27;[38;5;64m[ADB]&amp#27;[0m Using the previously cached signature entry for 'appium-uiautomator2-server-debug-androidTest.apk'
&amp#27;[38;5;64m[ADB]&amp#27;[0m sha256 hash did match for 'appium-uiautomator2-server-debug-androidTest.apk'
&amp#27;[38;5;64m[ADB]&amp#27;[0m Getting install status for io.appium.uiautomator2.server.test
&amp#27;[38;5;64m[ADB]&amp#27;[0m Running 'C:\Users\Kvp\AppData\Local\Android\Sdk\platform-tools\adb.exe -P 5037 -s emulator-5554 shell pm path io.appium.uiautomator2.server.test'
&amp#27;[38;5;64m[ADB]&amp#27;[0m 'io.appium.uiautomator2.server.test' is installed
&amp#27;[38;5;64m[ADB]&amp#27;[0m Using the previously cached signature entry for 'appium-uiautomator2-server-v6.0.1.apk'
&amp#27;[38;5;64m[ADB]&amp#27;[0m sha256 hash did match for 'appium-uiautomator2-server-v6.0.1.apk'
&amp#27;[38;5;64m[ADB]&amp#27;[0m Getting package info for 'io.appium.uiautomator2.server'
&amp#27;[38;5;64m[ADB]&amp#27;[0m Running 'C:\Users\Kvp\AppData\Local\Android\Sdk\platform-tools\adb.exe -P 5037 -s emulator-5554 shell dumpsys package io.appium.uiautomator2.server'
&amp#27;[38;5;64m[ADB]&amp#27;[0m The version name of the installed 'io.appium.uiautomator2.server' is greater or equal to the application version name ('6.0.1' >= '6.0.1')
&amp#27;[38;5;32m[AndroidUiautomator2Driver@1617 (fb9d74d9)]&amp#27;[0m Server packages status: [{"wasSigned":true,"installState":"sameVersionInstalled","appPath":"C:\\Users\\Kvp\\.appium\\node_modules\\appium-uiautomator2-driver\\node_modules\\appium-uiautomator2-server\\apks\\appium-uiautomator2-server-v6.0.1.apk","appId":"io.appium.uiautomator2.server"},{"wasSigned":true,"installState":"sameVersionInstalled","appPath":"C:\\Users\\Kvp\\.appium\\node_modules\\appium-uiautomator2-driver\\node_modules\\appium-uiautomator2-server\\apks\\appium-uiautomator2-server-debug-androidTest.apk","appId":"io.appium.uiautomator2.server.test"}]
&amp#27;[38;5;32m[AndroidUiautomator2Driver@1617 (fb9d74d9)]&amp#27;[0m Server packages are not going to be (re)installed
&amp#27;[38;5;32m[AndroidUiautomator2Driver@1617 (fb9d74d9)]&amp#27;[0m Waiting up to 30000ms for services to be available
&amp#27;[38;5;64m[ADB]&amp#27;[0m Running 'C:\Users\Kvp\AppData\Local\Android\Sdk\platform-tools\adb.exe -P 5037 -s emulator-5554 shell pm list instrumentation'
&amp#27;[38;5;32m[AndroidUiautomator2Driver@1617 (fb9d74d9)]&amp#27;[0m Instrumentation target 'io.appium.uiautomator2.server.test/androidx.test.runner.AndroidJUnitRunner' is available
&amp#27;[38;5;64m[ADB]&amp#27;[0m Adding packages ["io.appium.settings","io.appium.uiautomator2.server","io.appium.uiautomator2.server.test"] to Doze whitelist
&amp#27;[38;5;64m[ADB]&amp#27;[0m Got the following command chunks to execute: [["dumpsys","deviceidle","whitelist","+io.appium.settings",";","dumpsys","deviceidle","whitelist","+io.appium.uiautomator2.server",";","dumpsys","deviceidle","whitelist","+io.appium.uiautomator2.server.test",";"]]
&amp#27;[38;5;64m[ADB]&amp#27;[0m Running 'C:\Users\Kvp\AppData\Local\Android\Sdk\platform-tools\adb.exe -P 5037 -s emulator-5554 shell dumpsys deviceidle whitelist +io.appium.settings ; dumpsys deviceidle whitelist +io.appium.uiautomator2.server ; dumpsys deviceidle whitelist +io.appium.uiautomator2.server.test ;'
&amp#27;[38;5;64m[ADB]&amp#27;[0m Checking app cert for C:\Users\Kvp\eclipse-workspace\KVP_FMCG_Industry_Product\Project_Resources\app-release 20.apk
&amp#27;[38;5;64m[ADB]&amp#27;[0m Using the previously cached signature entry for 'app-release 20.apk'
&amp#27;[38;5;64m[ADB]&amp#27;[0m Getting package info for 'com.example.field_sales_app'
&amp#27;[38;5;64m[ADB]&amp#27;[0m Running 'C:\Users\Kvp\AppData\Local\Android\Sdk\platform-tools\adb.exe -P 5037 -s emulator-5554 shell dumpsys package com.example.field_sales_app'
&amp#27;[38;5;64m[ADB]&amp#27;[0m The version name of the installed 'com.example.field_sales_app' is greater or equal to the application version name ('1.0.0' >= '1.0.0')
&amp#27;[38;5;64m[ADB]&amp#27;[0m There is no need to install/upgrade 'C:\Users\Kvp\eclipse-workspace\KVP_FMCG_Industry_Product\Project_Resources\app-release 20.apk'
&amp#27;[38;5;80m[AndroidDriver]&amp#27;[0m Performing fast reset on 'com.example.field_sales_app'
&amp#27;[38;5;64m[ADB]&amp#27;[0m Getting install status for com.example.field_sales_app
&amp#27;[38;5;64m[ADB]&amp#27;[0m Running 'C:\Users\Kvp\AppData\Local\Android\Sdk\platform-tools\adb.exe -P 5037 -s emulator-5554 shell pm path com.example.field_sales_app'
&amp#27;[38;5;64m[ADB]&amp#27;[0m 'com.example.field_sales_app' is installed
&amp#27;[38;5;64m[ADB]&amp#27;[0m Running 'C:\Users\Kvp\AppData\Local\Android\Sdk\platform-tools\adb.exe -P 5037 -s emulator-5554 shell am force-stop com.example.field_sales_app'
&amp#27;[38;5;64m[ADB]&amp#27;[0m Running 'C:\Users\Kvp\AppData\Local\Android\Sdk\platform-tools\adb.exe -P 5037 -s emulator-5554 shell pm clear com.example.field_sales_app'
&amp#27;[38;5;80m[AndroidDriver]&amp#27;[0m Performed fast reset on the installed 'com.example.field_sales_app' application (stop and clear)
&amp#27;[38;5;32m[AndroidUiautomator2Driver@1617 (fb9d74d9)]&amp#27;[0m Performing shallow cleanup of automation leftovers
&amp#27;[38;5;32m[AndroidUiautomator2Driver@1617 (fb9d74d9)]&amp#27;[0m No obsolete sessions have been detected (socket hang up)
&amp#27;[38;5;64m[ADB]&amp#27;[0m Running 'C:\Users\Kvp\AppData\Local\Android\Sdk\platform-tools\adb.exe -P 5037 -s emulator-5554 shell am force-stop io.appium.uiautomator2.server.test'
&amp#27;[38;5;32m[AndroidUiautomator2Driver@1617 (fb9d74d9)]&amp#27;[0m Starting UIAutomator2 server 6.0.1
&amp#27;[38;5;32m[AndroidUiautomator2Driver@1617 (fb9d74d9)]&amp#27;[0m Using UIAutomator2 server from 'C:\Users\Kvp\.appium\node_modules\appium-uiautomator2-driver\node_modules\appium-uiautomator2-server\apks\appium-uiautomator2-server-v6.0.1.apk' and test from 'C:\Users\Kvp\.appium\node_modules\appium-uiautomator2-driver\node_modules\appium-uiautomator2-server\apks\appium-uiautomator2-server-debug-androidTest.apk'
&amp#27;[38;5;32m[AndroidUiautomator2Driver@1617 (fb9d74d9)]&amp#27;[0m Waiting up to 30000ms for UiAutomator2 to be online...
&amp#27;[38;5;64m[ADB]&amp#27;[0m Creating ADB subprocess with args: ["-P","5037","-s","emulator-5554","shell","am","instrument","-w","-e","disableAnalytics","true","io.appium.uiautomator2.server.test/androidx.test.runner.AndroidJUnitRunner"]
&amp#27;[38;5;32m[AndroidUiautomator2Driver@1617 (fb9d74d9)]&amp#27;[0m Matched '/status' to command name 'getStatus'
&amp#27;[38;5;32m[AndroidUiautomator2Driver@1617 (fb9d74d9)]&amp#27;[0m Proxying [GET /status] to [GET http://127.0.0.1:8200/status] with no body
&amp#27;[38;5;32m[AndroidUiautomator2Driver@1617 (fb9d74d9)]&amp#27;[0m socket hang up
&amp#27;[35m[Appium]&amp#27;[39m Welcome to Appium v2.4.1
&amp#27;[35m[Appium]&amp#27;[39m Non-default server args:
&amp#27;[35m[Appium]&amp#27;[39m { address: &amp#27;[32m'127.0.0.1'&amp#27;[39m }
&amp#27;[35m[Appium]&amp#27;[39m The autodetected Appium home path: C:\Users\Kvp\.appium
&amp#27;[35m[Appium]&amp#27;[39m Attempting to load driver uiautomator2...
&amp#27;[35m[Appium]&amp#27;[39m Requiring driver at C:\Users\Kvp\.appium\node_modules\appium-uiautomator2-driver\build\index.js
&amp#27;[38;5;112m[Instrumentation]&amp#27;[0m io.appium.uiautomator2.server.test.AppiumUiAutomator2Server:
&amp#27;[38;5;32m[AndroidUiautomator2Driver@1617 (fb9d74d9)]&amp#27;[0m Matched '/status' to command name 'getStatus'
&amp#27;[38;5;32m[AndroidUiautomator2Driver@1617 (fb9d74d9)]&amp#27;[0m Proxying [GET /status] to [GET http://127.0.0.1:8200/status] with no body
&amp#27;[38;5;32m[AndroidUiautomator2Driver@1617 (fb9d74d9)]&amp#27;[0m socket hang up
&amp#27;[35m[Appium]&amp#27;[39m AndroidUiautomator2Driver has been successfully loaded in 1.088s
&amp#27;[38;5;0m[HTTP]&amp#27;[0m Could not start REST http interface listener. The requested port may already be in use. Please make sure there is no other instance of this server running already.
&amp#27;[35m[Appium]&amp#27;[39m Could not configure Appium server. It's possible that a driver or plugin tried to update the server and failed. Original error: listen EADDRINUSE: address already in use 127.0.0.1:4723
&amp#27;[35m[Appium]&amp#27;[39m Error: listen EADDRINUSE: address already in use 127.0.0.1:4723
&amp#27;[35m[Appium]&amp#27;[39m     at Server.setupListenHandle [as _listen2] (node:net:1872:16)
&amp#27;[35m[Appium]&amp#27;[39m     at listenInCluster (node:net:1920:12)
&amp#27;[35m[Appium]&amp#27;[39m     at doListen (node:net:2075:7)
&amp#27;[35m[Appium]&amp#27;[39m     at processTicksAndRejections (node:internal/process/task_queues:83:21)
&amp#27;[38;5;32m[AndroidUiautomator2Driver@1617 (fb9d74d9)]&amp#27;[0m Matched '/status' to command name 'getStatus'
&amp#27;[38;5;32m[AndroidUiautomator2Driver@1617 (fb9d74d9)]&amp#27;[0m Proxying [GET /status] to [GET http://127.0.0.1:8200/status] with no body
&amp#27;[38;5;32m[AndroidUiautomator2Driver@1617 (fb9d74d9)]&amp#27;[0m Got response with status 200: {"sessionId":"None","value":{"message":"UiAutomator2 Server is ready to accept commands","ready":true}}
&amp#27;[38;5;32m[AndroidUiautomator2Driver@1617 (fb9d74d9)]&amp#27;[0m The initialization of the instrumentation process took 2127ms
&amp#27;[38;5;32m[AndroidUiautomator2Driver@1617 (fb9d74d9)]&amp#27;[0m Matched '/session' to command name 'createSession'
&amp#27;[38;5;32m[AndroidUiautomator2Driver@1617 (fb9d74d9)]&amp#27;[0m Proxying [POST /session] to [POST http://127.0.0.1:8200/session] with body: {"capabilities":{"firstMatch":[{"platformName":"ANDROID","automationName":"UiAutomator2","app":"Project_Resources/app-release 20.apk","platformVersion":"11.0","deviceName":"emulator-5554","platform":"LINUX","webStorageEnabled":false,"takesScreenshot":true,"javascriptEnabled":true,"databaseEnabled":false,"networkConnectionEnabled":true,"locationContextEnabled":false,"warnings":{},"desired":{"platformName":"ANDROID","automationName":"UiAutomator2","app":"Project_Resources/app-release 20.apk","platformVersion":"11.0","deviceName":"Pixel 7 API 30"},"deviceUDID":"emulator-5554","appPackage":"com.example.field_sales_app"}],"alwaysMatch":{}}}
&amp#27;[38;5;32m[AndroidUiautomator2Driver@1617 (fb9d74d9)]&amp#27;[0m Got response with status 200: {"sessionId":"ed86e57b-6c3d-4ce8-a82d-2a8f7d878bf7","value":{"capabilities":{"firstMatch":[{"platformName":"ANDROID","automationName":"UiAutomator2","app":"Project_Resources/app-release 20.apk","platformVersion":"11.0","deviceName":"emulator-5554","platform":"LINUX","webStorageEnabled":false,"takesScreenshot":true,"javascriptEnabled":true,"databaseEnabled":false,"networkConnectionEnabled":true,"locationContextEnabled":false,"warnings":{},"desired":{"platformName":"ANDROID","automationName":"UiAutomator2","app":"Project_Resources/app-release 20.apk","platformVersion":"11.0","deviceName":"Pixel 7 API 30"},"deviceUDID":"emulator-5554","appPackage":"com.example.field_sales_app"}],"alwaysMatch":{}},"sessionId":"ed86e57b-6c3d-4ce8-a82d-2a8f7d878bf7"}}
&amp#27;[38;5;32m[AndroidUiautomator2Driver@1617 (fb9d74d9)]&amp#27;[0m Determined the downstream protocol as 'W3C'
&amp#27;[38;5;32m[AndroidUiautomator2Driver@1617 (fb9d74d9)]&amp#27;[0m Proxying [GET /appium/device/pixel_ratio] to [GET http://127.0.0.1:8200/session/ed86e57b-6c3d-4ce8-a82d-2a8f7d878bf7/appium/device/pixel_ratio] with no body
&amp#27;[38;5;32m[AndroidUiautomator2Driver@1617 (fb9d74d9)]&amp#27;[0m Matched '/appium/device/system_bars' to command name 'getSystemBars'
&amp#27;[38;5;32m[AndroidUiautomator2Driver@1617 (fb9d74d9)]&amp#27;[0m Proxying [GET /appium/device/system_bars] to [GET http://127.0.0.1:8200/session/ed86e57b-6c3d-4ce8-a82d-2a8f7d878bf7/appium/device/system_bars] with no body
&amp#27;[38;5;32m[AndroidUiautomator2Driver@1617 (fb9d74d9)]&amp#27;[0m Matched '/window/current/size' to command name 'getWindowSize'
&amp#27;[38;5;32m[AndroidUiautomator2Driver@1617 (fb9d74d9)]&amp#27;[0m Proxying [GET /window/current/size] to [GET http://127.0.0.1:8200/session/ed86e57b-6c3d-4ce8-a82d-2a8f7d878bf7/window/current/size] with no body
&amp#27;[38;5;32m[AndroidUiautomator2Driver@1617 (fb9d74d9)]&amp#27;[0m Proxying [GET /appium/device/info] to [GET http://127.0.0.1:8200/session/ed86e57b-6c3d-4ce8-a82d-2a8f7d878bf7/appium/device/info] with no body
&amp#27;[38;5;64m[ADB]&amp#27;[0m Running 'C:\Users\Kvp\AppData\Local\Android\Sdk\platform-tools\adb.exe -P 5037 -s emulator-5554 shell dumpsys window'
&amp#27;[38;5;32m[AndroidUiautomator2Driver@1617 (fb9d74d9)]&amp#27;[0m Got response with status 200: {"sessionId":"ed86e57b-6c3d-4ce8-a82d-2a8f7d878bf7","value":2.625}
&amp#27;[38;5;32m[AndroidUiautomator2Driver@1617 (fb9d74d9)]&amp#27;[0m Got response with status 200: {"sessionId":"ed86e57b-6c3d-4ce8-a82d-2a8f7d878bf7","value":{"statusBar":136}}
&amp#27;[38;5;32m[AndroidUiautomator2Driver@1617 (fb9d74d9)]&amp#27;[0m Got response with status 200: {"sessionId":"ed86e57b-6c3d-4ce8-a82d-2a8f7d878bf7","value":{"height":2400,"width":1080}}
&amp#27;[38;5;32m[AndroidUiautomator2Driver@1617 (fb9d74d9)]&amp#27;[0m Got response with status 200: {"sessionId":"ed86e57b-6c3d-4ce8-a82d-2a8f7d878bf7","value":{"androidId":"edb8ac92f336e9f5","apiVersion":"30","bluetooth":{"state":"ON"},"brand":"google","carrierName":"Android","displayDensity":420,"locale":"en_US","manufacturer":"Google","model":"sdk_gphone_x86","networks":[{"capabilities":{"SSID":null,"linkDownBandwidthKbps":30000,"linkUpstreamBandwidthKbps":15000,"networkCapabilities":"NET_CAPABILITY_MMS,NET_CAPABILITY_SUPL,NET_CAPABILITY_DUN,NET_CAPABILITY_FOTA,NET_CAPABILITY_IMS,NET_CAPABILITY_CBS,NET_CAPABILITY_INTERNET,NET_CAPABILITY_NOT_RESTRICTED,NET_CAPABILITY_TRUSTED,NET_CAPABILITY_NOT_VPN,NET_CAPABILITY_VALIDATED,NET_CAPABILITY_NOT_ROAMING,NET_CAPABILITY_NOT_CONGESTED,NET_CAPABILITY_NOT_SUSPENDED","signalStrength":-2147483648,"transportTypes":"TRANSPORT_CELLULAR"},"detailedState":"CONNECTED","extraInfo":"epc.tmobile.com","isAvailable":true,"isConnected":true,"isFailover":false,"isRoaming":false,"state":"CONNECTED","subtype":13,"subtypeName":"LTE","type":0,"typeName":"MOBILE"},{"capabilities":{...
&amp#27;[38;5;80m[AndroidDriver]&amp#27;[0m Screen already unlocked, doing nothing
&amp#27;[38;5;32m[AndroidUiautomator2Driver@1617 (fb9d74d9)]&amp#27;[0m Starting 'com.example.field_sales_app/com.example.field_sales_app.MainActivity and waiting for 'com.example.field_sales_app/com.example.field_sales_app.MainActivity'
&amp#27;[38;5;64m[ADB]&amp#27;[0m Running 'C:\Users\Kvp\AppData\Local\Android\Sdk\platform-tools\adb.exe -P 5037 -s emulator-5554 shell am start -W -n com.example.field_sales_app/com.example.field_sales_app.MainActivity -S -a android.intent.action.MAIN -c android.intent.category.LAUNCHER -f 0x10200000'
&amp#27;[38;5;64m[ADB]&amp#27;[0m Waiting up to 20000ms for activity matching pkg: 'com.example.field_sales_app' and activity: 'com.example.field_sales_app.MainActivity' to be focused
&amp#27;[38;5;64m[ADB]&amp#27;[0m Possible activities, to be checked: 'com.example.field_sales_app.MainActivity', 'com.example.field_sales_app.com.example.field_sales_app.MainActivity'
&amp#27;[38;5;64m[ADB]&amp#27;[0m Getting focused package and activity
&amp#27;[38;5;64m[ADB]&amp#27;[0m Running 'C:\Users\Kvp\AppData\Local\Android\Sdk\platform-tools\adb.exe -P 5037 -s emulator-5554 shell dumpsys window displays'
&amp#27;[38;5;64m[ADB]&amp#27;[0m Found package: 'com.example.field_sales_app' and fully qualified activity name : 'com.example.field_sales_app.MainActivity'
&amp#27;[38;5;16m[AppiumDriver@45dc]&amp#27;[0m New AndroidUiautomator2Driver session created successfully, session fb9d74d9-ed9d-478e-8818-0dd8f8c290e6 added to master session list
&amp#27;[38;5;16m[AppiumDriver@45dc]&amp#27;[0m Event 'newSessionStarted' logged at 1707194880093 (10:18:00 GMT+0530 (India Standard Time))
&amp#27;[38;5;32m[AndroidUiautomator2Driver@1617 (fb9d74d9)]&amp#27;[0m Cached the protocol value 'W3C' for the new session fb9d74d9-ed9d-478e-8818-0dd8f8c290e6
&amp#27;[38;5;32m[AndroidUiautomator2Driver@1617 (fb9d74d9)]&amp#27;[0m Responding to client with driver.createSession() result: {"capabilities":{"platformName":"ANDROID","automationName":"UiAutomator2","app":"Project_Resources/app-release 20.apk","platformVersion":"11","deviceName":"emulator-5554","platform":"LINUX","webStorageEnabled":false,"takesScreenshot":true,"javascriptEnabled":true,"databaseEnabled":false,"networkConnectionEnabled":true,"locationContextEnabled":false,"warnings":{},"desired":{"platformName":"ANDROID","automationName":"UiAutomator2","app":"Project_Resources/app-release 20.apk","platformVersion":"11.0","deviceName":"Pixel 7 API 30"},"deviceUDID":"emulator-5554","appPackage":"com.example.field_sales_app","pixelRatio":"2.625","statBarHeight":136,"viewportRect":{"left":0,"top":136,"width":1080,"height":2264},"deviceApiLevel":30,"deviceManufacturer":"Google","deviceModel":"sdk_gphone_x86","deviceScreenSize":"1080x2400","deviceScreenDensity":420}}
&amp#27;[38;5;0m[HTTP]&amp#27;[0m &amp#27;[37m<-- POST /session &amp#27;[39m&amp#27;[32m200&amp#27;[39m &amp#27;[90m8971 ms - 910&amp#27;[39m
&amp#27;[38;5;0m[HTTP]&amp#27;[0m &amp#27;[90m&amp#27;[39m
&amp#27;[38;5;0m[HTTP]&amp#27;[0m &amp#27;[37m-->&amp#27;[39m &amp#27;[37mPOST&amp#27;[39m &amp#27;[37m/session/fb9d74d9-ed9d-478e-8818-0dd8f8c290e6/timeouts&amp#27;[39m
&amp#27;[38;5;0m[HTTP]&amp#27;[0m &amp#27;[90m{"implicit":10000}&amp#27;[39m
&amp#27;[38;5;32m[AndroidUiautomator2Driver@1617 (fb9d74d9)]&amp#27;[0m Calling AppiumDriver.timeouts() with args: [null,null,null,null,10000,"fb9d74d9-ed9d-478e-8818-0dd8f8c290e6"]
&amp#27;[38;5;32m[AndroidUiautomator2Driver@1617 (fb9d74d9)]&amp#27;[0m W3C timeout argument: {"implicit":10000}}
&amp#27;[38;5;32m[AndroidUiautomator2Driver@1617 (fb9d74d9)]&amp#27;[0m Set implicit wait to 10000ms
&amp#27;[38;5;32m[AndroidUiautomator2Driver@1617 (fb9d74d9)]&amp#27;[0m Responding to client with driver.timeouts() result: null
&amp#27;[38;5;0m[HTTP]&amp#27;[0m &amp#27;[37m<-- POST /session/fb9d74d9-ed9d-478e-8818-0dd8f8c290e6/timeouts &amp#27;[39m&amp#27;[32m200&amp#27;[39m &amp#27;[90m2 ms - 14&amp#27;[39m
&amp#27;[38;5;0m[HTTP]&amp#27;[0m &amp#27;[90m&amp#27;[39m
13947 [main] DEBUG com.kvp.project.reusableutils.Util_Log4jConfig  - Appium server initialization completed
13947 [main] DEBUG com.kvp.project.reusableutils.Util_Log4jConfig  - Appium server initialization completed
&amp#27;[38;5;0m[HTTP]&amp#27;[0m &amp#27;[37m-->&amp#27;[39m &amp#27;[37mPOST&amp#27;[39m &amp#27;[37m/session/fb9d74d9-ed9d-478e-8818-0dd8f8c290e6/element&amp#27;[39m
&amp#27;[38;5;0m[HTTP]&amp#27;[0m &amp#27;[90m{"using":"xpath","value":"//android.widget.Button"}&amp#27;[39m
&amp#27;[38;5;32m[AndroidUiautomator2Driver@1617 (fb9d74d9)]&amp#27;[0m Calling AppiumDriver.findElement() with args: ["xpath","//android.widget.Button","fb9d74d9-ed9d-478e-8818-0dd8f8c290e6"]
&amp#27;[38;5;32m[AndroidUiautomator2Driver@1617 (fb9d74d9)]&amp#27;[0m Valid locator strategies for this request: xpath, id, class name, accessibility id, css selector, -android uiautomator
&amp#27;[38;5;32m[AndroidUiautomator2Driver@1617 (fb9d74d9)]&amp#27;[0m Waiting up to 10000 ms for condition
&amp#27;[38;5;32m[AndroidUiautomator2Driver@1617 (fb9d74d9)]&amp#27;[0m Matched '/element' to command name 'findElement'
&amp#27;[38;5;32m[AndroidUiautomator2Driver@1617 (fb9d74d9)]&amp#27;[0m Proxying [POST /element] to [POST http://127.0.0.1:8200/session/ed86e57b-6c3d-4ce8-a82d-2a8f7d878bf7/element] with body: {"strategy":"xpath","selector":"//android.widget.Button","context":"","multiple":false}
&amp#27;[38;5;32m[AndroidUiautomator2Driver@1617 (fb9d74d9)]&amp#27;[0m Got response with status 200: {"sessionId":"ed86e57b-6c3d-4ce8-a82d-2a8f7d878bf7","value":{"ELEMENT":"00000000-0000-0050-0000-000b00000003","element-6066-11e4-a52e-4f735466cecf":"00000000-0000-0050-0000-000b00000003"}}
&amp#27;[38;5;32m[AndroidUiautomator2Driver@1617 (fb9d74d9)]&amp#27;[0m Responding to client with driver.findElement() result: {"element-6066-11e4-a52e-4f735466cecf":"00000000-0000-0050-0000-000b00000003","ELEMENT":"00000000-0000-0050-0000-000b00000003"}
&amp#27;[38;5;0m[HTTP]&amp#27;[0m &amp#27;[37m<-- POST /session/fb9d74d9-ed9d-478e-8818-0dd8f8c290e6/element &amp#27;[39m&amp#27;[32m200&amp#27;[39m &amp#27;[90m325 ms - 137&amp#27;[39m
&amp#27;[38;5;0m[HTTP]&amp#27;[0m &amp#27;[90m&amp#27;[39m
&amp#27;[38;5;0m[HTTP]&amp#27;[0m &amp#27;[37m-->&amp#27;[39m &amp#27;[37mPOST&amp#27;[39m &amp#27;[37m/session/fb9d74d9-ed9d-478e-8818-0dd8f8c290e6/element/00000000-0000-0050-0000-000b00000003/click&amp#27;[39m
&amp#27;[38;5;0m[HTTP]&amp#27;[0m &amp#27;[90m{"id":"00000000-0000-0050-0000-000b00000003"}&amp#27;[39m
&amp#27;[38;5;32m[AndroidUiautomator2Driver@1617 (fb9d74d9)]&amp#27;[0m Calling AppiumDriver.click() with args: ["00000000-0000-0050-0000-000b00000003","fb9d74d9-ed9d-478e-8818-0dd8f8c290e6"]
&amp#27;[38;5;32m[AndroidUiautomator2Driver@1617 (fb9d74d9)]&amp#27;[0m Matched '/element/00000000-0000-0050-0000-000b00000003/click' to command name 'click'
&amp#27;[38;5;32m[AndroidUiautomator2Driver@1617 (fb9d74d9)]&amp#27;[0m Proxying [POST /element/00000000-0000-0050-0000-000b00000003/click] to [POST http://127.0.0.1:8200/session/ed86e57b-6c3d-4ce8-a82d-2a8f7d878bf7/element/00000000-0000-0050-0000-000b00000003/click] with body: {"element":"00000000-0000-0050-0000-000b00000003"}
&amp#27;[38;5;32m[AndroidUiautomator2Driver@1617 (fb9d74d9)]&amp#27;[0m Got response with status 200: {"sessionId":"ed86e57b-6c3d-4ce8-a82d-2a8f7d878bf7","value":null}
&amp#27;[38;5;32m[AndroidUiautomator2Driver@1617 (fb9d74d9)]&amp#27;[0m Responding to client with driver.click() result: null
&amp#27;[38;5;0m[HTTP]&amp#27;[0m &amp#27;[37m<-- POST /session/fb9d74d9-ed9d-478e-8818-0dd8f8c290e6/element/00000000-0000-0050-0000-000b00000003/click &amp#27;[39m&amp#27;[32m200&amp#27;[39m &amp#27;[90m58 ms - 14&amp#27;[39m
&amp#27;[38;5;0m[HTTP]&amp#27;[0m &amp#27;[90m&amp#27;[39m
&amp#27;[38;5;0m[HTTP]&amp#27;[0m &amp#27;[37m-->&amp#27;[39m &amp#27;[37mPOST&amp#27;[39m &amp#27;[37m/session/fb9d74d9-ed9d-478e-8818-0dd8f8c290e6/elements&amp#27;[39m
&amp#27;[38;5;0m[HTTP]&amp#27;[0m &amp#27;[90m{"using":"xpath","value":"//android.view.View/android.view.View[6]"}&amp#27;[39m
&amp#27;[38;5;32m[AndroidUiautomator2Driver@1617 (fb9d74d9)]&amp#27;[0m Calling AppiumDriver.findElements() with args: ["xpath","//android.view.View/android.view.View[6]","fb9d74d9-ed9d-478e-8818-0dd8f8c290e6"]
&amp#27;[38;5;32m[AndroidUiautomator2Driver@1617 (fb9d74d9)]&amp#27;[0m Valid locator strategies for this request: xpath, id, class name, accessibility id, css selector, -android uiautomator
&amp#27;[38;5;32m[AndroidUiautomator2Driver@1617 (fb9d74d9)]&amp#27;[0m Waiting up to 10000 ms for condition
&amp#27;[38;5;32m[AndroidUiautomator2Driver@1617 (fb9d74d9)]&amp#27;[0m Matched '/elements' to command name 'findElements'
&amp#27;[38;5;32m[AndroidUiautomator2Driver@1617 (fb9d74d9)]&amp#27;[0m Proxying [POST /elements] to [POST http://127.0.0.1:8200/session/ed86e57b-6c3d-4ce8-a82d-2a8f7d878bf7/elements] with body: {"strategy":"xpath","selector":"//android.view.View/android.view.View[6]","context":"","multiple":true}
&amp#27;[38;5;32m[AndroidUiautomator2Driver@1617 (fb9d74d9)]&amp#27;[0m Got response with status 200: {"sessionId":"ed86e57b-6c3d-4ce8-a82d-2a8f7d878bf7","value":[{"ELEMENT":"00000000-0000-0050-0000-001800000003","element-6066-11e4-a52e-4f735466cecf":"00000000-0000-0050-0000-001800000003"},{"ELEMENT":"00000000-0000-0050-0000-001b00000003","element-6066-11e4-a52e-4f735466cecf":"00000000-0000-0050-0000-001b00000003"}]}
&amp#27;[38;5;32m[AndroidUiautomator2Driver@1617 (fb9d74d9)]&amp#27;[0m Responding to client with driver.findElements() result: [{"element-6066-11e4-a52e-4f735466cecf":"00000000-0000-0050-0000-001800000003","ELEMENT":"00000000-0000-0050-0000-001800000003"},{"element-6066-11e4-a52e-4f735466cecf":"00000000-0000-0050-0000-001b00000003","ELEMENT":"00000000-0000-0050-0000-001b00000003"}]
&amp#27;[38;5;0m[HTTP]&amp#27;[0m &amp#27;[37m<-- POST /session/fb9d74d9-ed9d-478e-8818-0dd8f8c290e6/elements &amp#27;[39m&amp#27;[32m200&amp#27;[39m &amp#27;[90m49 ms - 267&amp#27;[39m
&amp#27;[38;5;0m[HTTP]&amp#27;[0m &amp#27;[90m&amp#27;[39m
&amp#27;[38;5;0m[HTTP]&amp#27;[0m &amp#27;[37m-->&amp#27;[39m &amp#27;[37mPOST&amp#27;[39m &amp#27;[37m/session/fb9d74d9-ed9d-478e-8818-0dd8f8c290e6/element/00000000-0000-0050-0000-001b00000003/click&amp#27;[39m
&amp#27;[38;5;0m[HTTP]&amp#27;[0m &amp#27;[90m{"id":"00000000-0000-0050-0000-001b00000003"}&amp#27;[39m
&amp#27;[38;5;32m[AndroidUiautomator2Driver@1617 (fb9d74d9)]&amp#27;[0m Calling AppiumDriver.click() with args: ["00000000-0000-0050-0000-001b00000003","fb9d74d9-ed9d-478e-8818-0dd8f8c290e6"]
&amp#27;[38;5;32m[AndroidUiautomator2Driver@1617 (fb9d74d9)]&amp#27;[0m Matched '/element/00000000-0000-0050-0000-001b00000003/click' to command name 'click'
&amp#27;[38;5;32m[AndroidUiautomator2Driver@1617 (fb9d74d9)]&amp#27;[0m Proxying [POST /element/00000000-0000-0050-0000-001b00000003/click] to [POST http://127.0.0.1:8200/session/ed86e57b-6c3d-4ce8-a82d-2a8f7d878bf7/element/00000000-0000-0050-0000-001b00000003/click] with body: {"element":"00000000-0000-0050-0000-001b00000003"}
&amp#27;[38;5;32m[AndroidUiautomator2Driver@1617 (fb9d74d9)]&amp#27;[0m Got response with status 200: {"sessionId":"ed86e57b-6c3d-4ce8-a82d-2a8f7d878bf7","value":null}
&amp#27;[38;5;32m[AndroidUiautomator2Driver@1617 (fb9d74d9)]&amp#27;[0m Responding to client with driver.click() result: null
&amp#27;[38;5;0m[HTTP]&amp#27;[0m &amp#27;[37m<-- POST /session/fb9d74d9-ed9d-478e-8818-0dd8f8c290e6/element/00000000-0000-0050-0000-001b00000003/click &amp#27;[39m&amp#27;[32m200&amp#27;[39m &amp#27;[90m55 ms - 14&amp#27;[39m
&amp#27;[38;5;0m[HTTP]&amp#27;[0m &amp#27;[90m&amp#27;[39m
&amp#27;[38;5;0m[HTTP]&amp#27;[0m &amp#27;[37m-->&amp#27;[39m &amp#27;[37mPOST&amp#27;[39m &amp#27;[37m/session/fb9d74d9-ed9d-478e-8818-0dd8f8c290e6/element&amp#27;[39m
&amp#27;[38;5;0m[HTTP]&amp#27;[0m &amp#27;[90m{"using":"xpath","value":"//android.widget.LinearLayout/android.widget.LinearLayout/android.widget.LinearLayout[2]/android.widget.Button[1]"}&amp#27;[39m
&amp#27;[38;5;32m[AndroidUiautomator2Driver@1617 (fb9d74d9)]&amp#27;[0m Calling AppiumDriver.findElement() with args: ["xpath","//android.widget.LinearLayout/android.widget.LinearLayout/android.widget.LinearLayout[2]/android.widget.Button[1]","fb9d74d9-ed9d-478e-8818-0dd8f8c290e6"]
&amp#27;[38;5;32m[AndroidUiautomator2Driver@1617 (fb9d74d9)]&amp#27;[0m Valid locator strategies for this request: xpath, id, class name, accessibility id, css selector, -android uiautomator
&amp#27;[38;5;32m[AndroidUiautomator2Driver@1617 (fb9d74d9)]&amp#27;[0m Waiting up to 10000 ms for condition
&amp#27;[38;5;32m[AndroidUiautomator2Driver@1617 (fb9d74d9)]&amp#27;[0m Matched '/element' to command name 'findElement'
&amp#27;[38;5;32m[AndroidUiautomator2Driver@1617 (fb9d74d9)]&amp#27;[0m Proxying [POST /element] to [POST http://127.0.0.1:8200/session/ed86e57b-6c3d-4ce8-a82d-2a8f7d878bf7/element] with body: {"strategy":"xpath","selector":"//android.widget.LinearLayout/android.widget.LinearLayout/android.widget.LinearLayout[2]/android.widget.Button[1]","context":"","multiple":false}
&amp#27;[38;5;32m[AndroidUiautomator2Driver@1617 (fb9d74d9)]&amp#27;[0m Got response with status 200: {"sessionId":"ed86e57b-6c3d-4ce8-a82d-2a8f7d878bf7","value":{"ELEMENT":"00000000-0000-0051-ffff-ffff0000003c","element-6066-11e4-a52e-4f735466cecf":"00000000-0000-0051-ffff-ffff0000003c"}}
&amp#27;[38;5;32m[AndroidUiautomator2Driver@1617 (fb9d74d9)]&amp#27;[0m Responding to client with driver.findElement() result: {"element-6066-11e4-a52e-4f735466cecf":"00000000-0000-0051-ffff-ffff0000003c","ELEMENT":"00000000-0000-0051-ffff-ffff0000003c"}
&amp#27;[38;5;0m[HTTP]&amp#27;[0m &amp#27;[37m<-- POST /session/fb9d74d9-ed9d-478e-8818-0dd8f8c290e6/element &amp#27;[39m&amp#27;[32m200&amp#27;[39m &amp#27;[90m32 ms - 137&amp#27;[39m
&amp#27;[38;5;0m[HTTP]&amp#27;[0m &amp#27;[90m&amp#27;[39m
&amp#27;[38;5;0m[HTTP]&amp#27;[0m &amp#27;[37m-->&amp#27;[39m &amp#27;[37mGET&amp#27;[39m &amp#27;[37m/session/fb9d74d9-ed9d-478e-8818-0dd8f8c290e6/element/00000000-0000-0051-ffff-ffff0000003c/displayed&amp#27;[39m
&amp#27;[38;5;0m[HTTP]&amp#27;[0m &amp#27;[90m{}&amp#27;[39m
&amp#27;[38;5;32m[AndroidUiautomator2Driver@1617 (fb9d74d9)]&amp#27;[0m Calling AppiumDriver.elementDisplayed() with args: ["00000000-0000-0051-ffff-ffff0000003c","fb9d74d9-ed9d-478e-8818-0dd8f8c290e6"]
&amp#27;[38;5;32m[AndroidUiautomator2Driver@1617 (fb9d74d9)]&amp#27;[0m Matched '/element/00000000-0000-0051-ffff-ffff0000003c/attribute/displayed' to command name 'getAttribute'
&amp#27;[38;5;32m[AndroidUiautomator2Driver@1617 (fb9d74d9)]&amp#27;[0m Proxying [GET /element/00000000-0000-0051-ffff-ffff0000003c/attribute/displayed] to [GET http://127.0.0.1:8200/session/ed86e57b-6c3d-4ce8-a82d-2a8f7d878bf7/element/00000000-0000-0051-ffff-ffff0000003c/attribute/displayed] with no body
&amp#27;[38;5;32m[AndroidUiautomator2Driver@1617 (fb9d74d9)]&amp#27;[0m Got response with status 200: {"sessionId":"ed86e57b-6c3d-4ce8-a82d-2a8f7d878bf7","value":"true"}
&amp#27;[38;5;32m[AndroidUiautomator2Driver@1617 (fb9d74d9)]&amp#27;[0m Responding to client with driver.elementDisplayed() result: true
&amp#27;[38;5;0m[HTTP]&amp#27;[0m &amp#27;[37m<-- GET /session/fb9d74d9-ed9d-478e-8818-0dd8f8c290e6/element/00000000-0000-0051-ffff-ffff0000003c/displayed &amp#27;[39m&amp#27;[32m200&amp#27;[39m &amp#27;[90m11 ms - 14&amp#27;[39m
&amp#27;[38;5;0m[HTTP]&amp#27;[0m &amp#27;[90m&amp#27;[39m
&amp#27;[38;5;0m[HTTP]&amp#27;[0m &amp#27;[37m-->&amp#27;[39m &amp#27;[37mPOST&amp#27;[39m &amp#27;[37m/session/fb9d74d9-ed9d-478e-8818-0dd8f8c290e6/element&amp#27;[39m
&amp#27;[38;5;0m[HTTP]&amp#27;[0m &amp#27;[90m{"using":"xpath","value":"//android.widget.LinearLayout/android.widget.LinearLayout/android.widget.LinearLayout[2]/android.widget.Button[1]"}&amp#27;[39m
&amp#27;[38;5;32m[AndroidUiautomator2Driver@1617 (fb9d74d9)]&amp#27;[0m Calling AppiumDriver.findElement() with args: ["xpath","//android.widget.LinearLayout/android.widget.LinearLayout/android.widget.LinearLayout[2]/android.widget.Button[1]","fb9d74d9-ed9d-478e-8818-0dd8f8c290e6"]
&amp#27;[38;5;32m[AndroidUiautomator2Driver@1617 (fb9d74d9)]&amp#27;[0m Valid locator strategies for this request: xpath, id, class name, accessibility id, css selector, -android uiautomator
&amp#27;[38;5;32m[AndroidUiautomator2Driver@1617 (fb9d74d9)]&amp#27;[0m Waiting up to 10000 ms for condition
&amp#27;[38;5;32m[AndroidUiautomator2Driver@1617 (fb9d74d9)]&amp#27;[0m Matched '/element' to command name 'findElement'
&amp#27;[38;5;32m[AndroidUiautomator2Driver@1617 (fb9d74d9)]&amp#27;[0m Proxying [POST /element] to [POST http://127.0.0.1:8200/session/ed86e57b-6c3d-4ce8-a82d-2a8f7d878bf7/element] with body: {"strategy":"xpath","selector":"//android.widget.LinearLayout/android.widget.LinearLayout/android.widget.LinearLayout[2]/android.widget.Button[1]","context":"","multiple":false}
&amp#27;[38;5;32m[AndroidUiautomator2Driver@1617 (fb9d74d9)]&amp#27;[0m Got response with status 200: {"sessionId":"ed86e57b-6c3d-4ce8-a82d-2a8f7d878bf7","value":{"ELEMENT":"00000000-0000-0051-ffff-ffff0000003c","element-6066-11e4-a52e-4f735466cecf":"00000000-0000-0051-ffff-ffff0000003c"}}
&amp#27;[38;5;32m[AndroidUiautomator2Driver@1617 (fb9d74d9)]&amp#27;[0m Responding to client with driver.findElement() result: {"element-6066-11e4-a52e-4f735466cecf":"00000000-0000-0051-ffff-ffff0000003c","ELEMENT":"00000000-0000-0051-ffff-ffff0000003c"}
&amp#27;[38;5;0m[HTTP]&amp#27;[0m &amp#27;[37m<-- POST /session/fb9d74d9-ed9d-478e-8818-0dd8f8c290e6/element &amp#27;[39m&amp#27;[32m200&amp#27;[39m &amp#27;[90m34 ms - 137&amp#27;[39m
&amp#27;[38;5;0m[HTTP]&amp#27;[0m &amp#27;[90m&amp#27;[39m
&amp#27;[38;5;0m[HTTP]&amp#27;[0m &amp#27;[37m-->&amp#27;[39m &amp#27;[37mPOST&amp#27;[39m &amp#27;[37m/session/fb9d74d9-ed9d-478e-8818-0dd8f8c290e6/element/00000000-0000-0051-ffff-ffff0000003c/click&amp#27;[39m
&amp#27;[38;5;0m[HTTP]&amp#27;[0m &amp#27;[90m{"id":"00000000-0000-0051-ffff-ffff0000003c"}&amp#27;[39m
&amp#27;[38;5;32m[AndroidUiautomator2Driver@1617 (fb9d74d9)]&amp#27;[0m Calling AppiumDriver.click() with args: ["00000000-0000-0051-ffff-ffff0000003c","fb9d74d9-ed9d-478e-8818-0dd8f8c290e6"]
&amp#27;[38;5;32m[AndroidUiautomator2Driver@1617 (fb9d74d9)]&amp#27;[0m Matched '/element/00000000-0000-0051-ffff-ffff0000003c/click' to command name 'click'
&amp#27;[38;5;32m[AndroidUiautomator2Driver@1617 (fb9d74d9)]&amp#27;[0m Proxying [POST /element/00000000-0000-0051-ffff-ffff0000003c/click] to [POST http://127.0.0.1:8200/session/ed86e57b-6c3d-4ce8-a82d-2a8f7d878bf7/element/00000000-0000-0051-ffff-ffff0000003c/click] with body: {"element":"00000000-0000-0051-ffff-ffff0000003c"}
&amp#27;[38;5;32m[AndroidUiautomator2Driver@1617 (fb9d74d9)]&amp#27;[0m Got response with status 200: {"sessionId":"ed86e57b-6c3d-4ce8-a82d-2a8f7d878bf7","value":null}
&amp#27;[38;5;32m[AndroidUiautomator2Driver@1617 (fb9d74d9)]&amp#27;[0m Responding to client with driver.click() result: null
&amp#27;[38;5;0m[HTTP]&amp#27;[0m &amp#27;[37m<-- POST /session/fb9d74d9-ed9d-478e-8818-0dd8f8c290e6/element/00000000-0000-0051-ffff-ffff0000003c/click &amp#27;[39m&amp#27;[32m200&amp#27;[39m &amp#27;[90m53 ms - 14&amp#27;[39m
&amp#27;[38;5;0m[HTTP]&amp#27;[0m &amp#27;[90m&amp#27;[39m
&amp#27;[38;5;0m[HTTP]&amp#27;[0m &amp#27;[37m-->&amp#27;[39m &amp#27;[37mPOST&amp#27;[39m &amp#27;[37m/session/fb9d74d9-ed9d-478e-8818-0dd8f8c290e6/element&amp#27;[39m
&amp#27;[38;5;0m[HTTP]&amp#27;[0m &amp#27;[90m{"using":"xpath","value":"//android.view.View[2]/android.view.View[1]"}&amp#27;[39m
&amp#27;[38;5;32m[AndroidUiautomator2Driver@1617 (fb9d74d9)]&amp#27;[0m Calling AppiumDriver.findElement() with args: ["xpath","//android.view.View[2]/android.view.View[1]","fb9d74d9-ed9d-478e-8818-0dd8f8c290e6"]
&amp#27;[38;5;32m[AndroidUiautomator2Driver@1617 (fb9d74d9)]&amp#27;[0m Valid locator strategies for this request: xpath, id, class name, accessibility id, css selector, -android uiautomator
&amp#27;[38;5;32m[AndroidUiautomator2Driver@1617 (fb9d74d9)]&amp#27;[0m Waiting up to 10000 ms for condition
&amp#27;[38;5;32m[AndroidUiautomator2Driver@1617 (fb9d74d9)]&amp#27;[0m Matched '/element' to command name 'findElement'
&amp#27;[38;5;32m[AndroidUiautomator2Driver@1617 (fb9d74d9)]&amp#27;[0m Proxying [POST /element] to [POST http://127.0.0.1:8200/session/ed86e57b-6c3d-4ce8-a82d-2a8f7d878bf7/element] with body: {"strategy":"xpath","selector":"//android.view.View[2]/android.view.View[1]","context":"","multiple":false}
&amp#27;[38;5;32m[AndroidUiautomator2Driver@1617 (fb9d74d9)]&amp#27;[0m Got response with status 200: {"sessionId":"ed86e57b-6c3d-4ce8-a82d-2a8f7d878bf7","value":{"ELEMENT":"00000000-0000-0050-0000-002e00000003","element-6066-11e4-a52e-4f735466cecf":"00000000-0000-0050-0000-002e00000003"}}
&amp#27;[38;5;32m[AndroidUiautomator2Driver@1617 (fb9d74d9)]&amp#27;[0m Responding to client with driver.findElement() result: {"element-6066-11e4-a52e-4f735466cecf":"00000000-0000-0050-0000-002e00000003","ELEMENT":"00000000-0000-0050-0000-002e00000003"}
&amp#27;[38;5;0m[HTTP]&amp#27;[0m &amp#27;[37m<-- POST /session/fb9d74d9-ed9d-478e-8818-0dd8f8c290e6/element &amp#27;[39m&amp#27;[32m200&amp#27;[39m &amp#27;[90m39 ms - 137&amp#27;[39m
&amp#27;[38;5;0m[HTTP]&amp#27;[0m &amp#27;[90m&amp#27;[39m
&amp#27;[38;5;0m[HTTP]&amp#27;[0m &amp#27;[37m-->&amp#27;[39m &amp#27;[37mPOST&amp#27;[39m &amp#27;[37m/session/fb9d74d9-ed9d-478e-8818-0dd8f8c290e6/element/00000000-0000-0050-0000-002e00000003/click&amp#27;[39m
&amp#27;[38;5;0m[HTTP]&amp#27;[0m &amp#27;[90m{"id":"00000000-0000-0050-0000-002e00000003"}&amp#27;[39m
&amp#27;[38;5;32m[AndroidUiautomator2Driver@1617 (fb9d74d9)]&amp#27;[0m Calling AppiumDriver.click() with args: ["00000000-0000-0050-0000-002e00000003","fb9d74d9-ed9d-478e-8818-0dd8f8c290e6"]
&amp#27;[38;5;32m[AndroidUiautomator2Driver@1617 (fb9d74d9)]&amp#27;[0m Matched '/element/00000000-0000-0050-0000-002e00000003/click' to command name 'click'
&amp#27;[38;5;32m[AndroidUiautomator2Driver@1617 (fb9d74d9)]&amp#27;[0m Proxying [POST /element/00000000-0000-0050-0000-002e00000003/click] to [POST http://127.0.0.1:8200/session/ed86e57b-6c3d-4ce8-a82d-2a8f7d878bf7/element/00000000-0000-0050-0000-002e00000003/click] with body: {"element":"00000000-0000-0050-0000-002e00000003"}
&amp#27;[38;5;32m[AndroidUiautomator2Driver@1617 (fb9d74d9)]&amp#27;[0m Got response with status 200: {"sessionId":"ed86e57b-6c3d-4ce8-a82d-2a8f7d878bf7","value":null}
&amp#27;[38;5;32m[AndroidUiautomator2Driver@1617 (fb9d74d9)]&amp#27;[0m Responding to client with driver.click() result: null
&amp#27;[38;5;0m[HTTP]&amp#27;[0m &amp#27;[37m<-- POST /session/fb9d74d9-ed9d-478e-8818-0dd8f8c290e6/element/00000000-0000-0050-0000-002e00000003/click &amp#27;[39m&amp#27;[32m200&amp#27;[39m &amp#27;[90m44 ms - 14&amp#27;[39m
&amp#27;[38;5;0m[HTTP]&amp#27;[0m &amp#27;[90m&amp#27;[39m
&amp#27;[38;5;0m[HTTP]&amp#27;[0m &amp#27;[37m-->&amp#27;[39m &amp#27;[37mPOST&amp#27;[39m &amp#27;[37m/session/fb9d74d9-ed9d-478e-8818-0dd8f8c290e6/element&amp#27;[39m
&amp#27;[38;5;0m[HTTP]&amp#27;[0m &amp#27;[90m{"using":"xpath","value":"//android.view.View[2]/android.view.View[1]"}&amp#27;[39m
&amp#27;[38;5;32m[AndroidUiautomator2Driver@1617 (fb9d74d9)]&amp#27;[0m Calling AppiumDriver.findElement() with args: ["xpath","//android.view.View[2]/android.view.View[1]","fb9d74d9-ed9d-478e-8818-0dd8f8c290e6"]
&amp#27;[38;5;32m[AndroidUiautomator2Driver@1617 (fb9d74d9)]&amp#27;[0m Valid locator strategies for this request: xpath, id, class name, accessibility id, css selector, -android uiautomator
&amp#27;[38;5;32m[AndroidUiautomator2Driver@1617 (fb9d74d9)]&amp#27;[0m Waiting up to 10000 ms for condition
&amp#27;[38;5;32m[AndroidUiautomator2Driver@1617 (fb9d74d9)]&amp#27;[0m Matched '/element' to command name 'findElement'
&amp#27;[38;5;32m[AndroidUiautomator2Driver@1617 (fb9d74d9)]&amp#27;[0m Proxying [POST /element] to [POST http://127.0.0.1:8200/session/ed86e57b-6c3d-4ce8-a82d-2a8f7d878bf7/element] with body: {"strategy":"xpath","selector":"//android.view.View[2]/android.view.View[1]","context":"","multiple":false}
&amp#27;[38;5;32m[AndroidUiautomator2Driver@1617 (fb9d74d9)]&amp#27;[0m Got response with status 200: {"sessionId":"ed86e57b-6c3d-4ce8-a82d-2a8f7d878bf7","value":{"ELEMENT":"00000000-0000-0050-0000-002e00000003","element-6066-11e4-a52e-4f735466cecf":"00000000-0000-0050-0000-002e00000003"}}
&amp#27;[38;5;32m[AndroidUiautomator2Driver@1617 (fb9d74d9)]&amp#27;[0m Responding to client with driver.findElement() result: {"element-6066-11e4-a52e-4f735466cecf":"00000000-0000-0050-0000-002e00000003","ELEMENT":"00000000-0000-0050-0000-002e00000003"}
&amp#27;[38;5;0m[HTTP]&amp#27;[0m &amp#27;[37m<-- POST /session/fb9d74d9-ed9d-478e-8818-0dd8f8c290e6/element &amp#27;[39m&amp#27;[32m200&amp#27;[39m &amp#27;[90m80 ms - 137&amp#27;[39m
&amp#27;[38;5;0m[HTTP]&amp#27;[0m &amp#27;[90m&amp#27;[39m
&amp#27;[38;5;0m[HTTP]&amp#27;[0m &amp#27;[37m-->&amp#27;[39m &amp#27;[37mPOST&amp#27;[39m &amp#27;[37m/session/fb9d74d9-ed9d-478e-8818-0dd8f8c290e6/execute/sync&amp#27;[39m
&amp#27;[38;5;0m[HTTP]&amp#27;[0m &amp#27;[90m{"args":[{"elementId":"00000000-0000-0050-0000-002e00000003"}],"script":"mobile: doubleClickGesture"}&amp#27;[39m
&amp#27;[38;5;32m[AndroidUiautomator2Driver@1617 (fb9d74d9)]&amp#27;[0m Calling AppiumDriver.execute() with args: ["mobile: doubleClickGesture",[{"elementId":"00000000-0000-0050-0000-002e00000003"}],"fb9d74d9-ed9d-478e-8818-0dd8f8c290e6"]
&amp#27;[38;5;32m[AndroidUiautomator2Driver@1617 (fb9d74d9)]&amp#27;[0m Executing method 'mobile: doubleClickGesture'
&amp#27;[38;5;32m[AndroidUiautomator2Driver@1617 (fb9d74d9)]&amp#27;[0m Proxying [POST /appium/gestures/double_click] to [POST http://127.0.0.1:8200/session/ed86e57b-6c3d-4ce8-a82d-2a8f7d878bf7/appium/gestures/double_click] with body: {"origin":{"ELEMENT":"00000000-0000-0050-0000-002e00000003","element-6066-11e4-a52e-4f735466cecf":"00000000-0000-0050-0000-002e00000003"}}
&amp#27;[38;5;32m[AndroidUiautomator2Driver@1617 (fb9d74d9)]&amp#27;[0m Got response with status 200: {"sessionId":"ed86e57b-6c3d-4ce8-a82d-2a8f7d878bf7","value":null}
&amp#27;[38;5;32m[AndroidUiautomator2Driver@1617 (fb9d74d9)]&amp#27;[0m Responding to client with driver.execute() result: null
&amp#27;[38;5;0m[HTTP]&amp#27;[0m &amp#27;[37m<-- POST /session/fb9d74d9-ed9d-478e-8818-0dd8f8c290e6/execute/sync &amp#27;[39m&amp#27;[32m200&amp#27;[39m &amp#27;[90m256 ms - 14&amp#27;[39m
&amp#27;[38;5;0m[HTTP]&amp#27;[0m &amp#27;[90m&amp#27;[39m
&amp#27;[38;5;0m[HTTP]&amp#27;[0m &amp#27;[37m-->&amp#27;[39m &amp#27;[37mPOST&amp#27;[39m &amp#27;[37m/session/fb9d74d9-ed9d-478e-8818-0dd8f8c290e6/element&amp#27;[39m
&amp#27;[38;5;0m[HTTP]&amp#27;[0m &amp#27;[90m{"using":"xpath","value":"//android.view.View[2]/android.view.View[8]"}&amp#27;[39m
&amp#27;[38;5;32m[AndroidUiautomator2Driver@1617 (fb9d74d9)]&amp#27;[0m Calling AppiumDriver.findElement() with args: ["xpath","//android.view.View[2]/android.view.View[8]","fb9d74d9-ed9d-478e-8818-0dd8f8c290e6"]
&amp#27;[38;5;32m[AndroidUiautomator2Driver@1617 (fb9d74d9)]&amp#27;[0m Valid locator strategies for this request: xpath, id, class name, accessibility id, css selector, -android uiautomator
&amp#27;[38;5;32m[AndroidUiautomator2Driver@1617 (fb9d74d9)]&amp#27;[0m Waiting up to 10000 ms for condition
&amp#27;[38;5;32m[AndroidUiautomator2Driver@1617 (fb9d74d9)]&amp#27;[0m Matched '/element' to command name 'findElement'
&amp#27;[38;5;32m[AndroidUiautomator2Driver@1617 (fb9d74d9)]&amp#27;[0m Proxying [POST /element] to [POST http://127.0.0.1:8200/session/ed86e57b-6c3d-4ce8-a82d-2a8f7d878bf7/element] with body: {"strategy":"xpath","selector":"//android.view.View[2]/android.view.View[8]","context":"","multiple":false}
&amp#27;[38;5;32m[AndroidUiautomator2Driver@1617 (fb9d74d9)]&amp#27;[0m Got response with status 200: {"sessionId":"ed86e57b-6c3d-4ce8-a82d-2a8f7d878bf7","value":{"ELEMENT":"00000000-0000-0050-0000-003500000003","element-6066-11e4-a52e-4f735466cecf":"00000000-0000-0050-0000-003500000003"}}
&amp#27;[38;5;32m[AndroidUiautomator2Driver@1617 (fb9d74d9)]&amp#27;[0m Responding to client with driver.findElement() result: {"element-6066-11e4-a52e-4f735466cecf":"00000000-0000-0050-0000-003500000003","ELEMENT":"00000000-0000-0050-0000-003500000003"}
&amp#27;[38;5;0m[HTTP]&amp#27;[0m &amp#27;[37m<-- POST /session/fb9d74d9-ed9d-478e-8818-0dd8f8c290e6/element &amp#27;[39m&amp#27;[32m200&amp#27;[39m &amp#27;[90m56 ms - 137&amp#27;[39m
&amp#27;[38;5;0m[HTTP]&amp#27;[0m &amp#27;[90m&amp#27;[39m
&amp#27;[38;5;0m[HTTP]&amp#27;[0m &amp#27;[37m-->&amp#27;[39m &amp#27;[37mPOST&amp#27;[39m &amp#27;[37m/session/fb9d74d9-ed9d-478e-8818-0dd8f8c290e6/element/00000000-0000-0050-0000-003500000003/click&amp#27;[39m
&amp#27;[38;5;0m[HTTP]&amp#27;[0m &amp#27;[90m{"id":"00000000-0000-0050-0000-003500000003"}&amp#27;[39m
&amp#27;[38;5;32m[AndroidUiautomator2Driver@1617 (fb9d74d9)]&amp#27;[0m Calling AppiumDriver.click() with args: ["00000000-0000-0050-0000-003500000003","fb9d74d9-ed9d-478e-8818-0dd8f8c290e6"]
&amp#27;[38;5;32m[AndroidUiautomator2Driver@1617 (fb9d74d9)]&amp#27;[0m Matched '/element/00000000-0000-0050-0000-003500000003/click' to command name 'click'
&amp#27;[38;5;32m[AndroidUiautomator2Driver@1617 (fb9d74d9)]&amp#27;[0m Proxying [POST /element/00000000-0000-0050-0000-003500000003/click] to [POST http://127.0.0.1:8200/session/ed86e57b-6c3d-4ce8-a82d-2a8f7d878bf7/element/00000000-0000-0050-0000-003500000003/click] with body: {"element":"00000000-0000-0050-0000-003500000003"}
&amp#27;[38;5;32m[AndroidUiautomator2Driver@1617 (fb9d74d9)]&amp#27;[0m Got response with status 200: {"sessionId":"ed86e57b-6c3d-4ce8-a82d-2a8f7d878bf7","value":null}
&amp#27;[38;5;32m[AndroidUiautomator2Driver@1617 (fb9d74d9)]&amp#27;[0m Responding to client with driver.click() result: null
&amp#27;[38;5;0m[HTTP]&amp#27;[0m &amp#27;[37m<-- POST /session/fb9d74d9-ed9d-478e-8818-0dd8f8c290e6/element/00000000-0000-0050-0000-003500000003/click &amp#27;[39m&amp#27;[32m200&amp#27;[39m &amp#27;[90m71 ms - 14&amp#27;[39m
&amp#27;[38;5;0m[HTTP]&amp#27;[0m &amp#27;[90m&amp#27;[39m
&amp#27;[38;5;0m[HTTP]&amp#27;[0m &amp#27;[37m-->&amp#27;[39m &amp#27;[37mPOST&amp#27;[39m &amp#27;[37m/session/fb9d74d9-ed9d-478e-8818-0dd8f8c290e6/element&amp#27;[39m
&amp#27;[38;5;0m[HTTP]&amp#27;[0m &amp#27;[90m{"using":"xpath","value":"//android.view.View[2]/android.view.View[9]"}&amp#27;[39m
&amp#27;[38;5;32m[AndroidUiautomator2Driver@1617 (fb9d74d9)]&amp#27;[0m Calling AppiumDriver.findElement() with args: ["xpath","//android.view.View[2]/android.view.View[9]","fb9d74d9-ed9d-478e-8818-0dd8f8c290e6"]
&amp#27;[38;5;32m[AndroidUiautomator2Driver@1617 (fb9d74d9)]&amp#27;[0m Valid locator strategies for this request: xpath, id, class name, accessibility id, css selector, -android uiautomator
&amp#27;[38;5;32m[AndroidUiautomator2Driver@1617 (fb9d74d9)]&amp#27;[0m Waiting up to 10000 ms for condition
&amp#27;[38;5;32m[AndroidUiautomator2Driver@1617 (fb9d74d9)]&amp#27;[0m Matched '/element' to command name 'findElement'
&amp#27;[38;5;32m[AndroidUiautomator2Driver@1617 (fb9d74d9)]&amp#27;[0m Proxying [POST /element] to [POST http://127.0.0.1:8200/session/ed86e57b-6c3d-4ce8-a82d-2a8f7d878bf7/element] with body: {"strategy":"xpath","selector":"//android.view.View[2]/android.view.View[9]","context":"","multiple":false}
&amp#27;[38;5;32m[AndroidUiautomator2Driver@1617 (fb9d74d9)]&amp#27;[0m Got response with status 200: {"sessionId":"ed86e57b-6c3d-4ce8-a82d-2a8f7d878bf7","value":{"ELEMENT":"00000000-0000-0050-0000-003600000003","element-6066-11e4-a52e-4f735466cecf":"00000000-0000-0050-0000-003600000003"}}
&amp#27;[38;5;32m[AndroidUiautomator2Driver@1617 (fb9d74d9)]&amp#27;[0m Responding to client with driver.findElement() result: {"element-6066-11e4-a52e-4f735466cecf":"00000000-0000-0050-0000-003600000003","ELEMENT":"00000000-0000-0050-0000-003600000003"}
&amp#27;[38;5;0m[HTTP]&amp#27;[0m &amp#27;[37m<-- POST /session/fb9d74d9-ed9d-478e-8818-0dd8f8c290e6/element &amp#27;[39m&amp#27;[32m200&amp#27;[39m &amp#27;[90m37 ms - 137&amp#27;[39m
&amp#27;[38;5;0m[HTTP]&amp#27;[0m &amp#27;[90m&amp#27;[39m
&amp#27;[38;5;0m[HTTP]&amp#27;[0m &amp#27;[37m-->&amp#27;[39m &amp#27;[37mPOST&amp#27;[39m &amp#27;[37m/session/fb9d74d9-ed9d-478e-8818-0dd8f8c290e6/element/00000000-0000-0050-0000-003600000003/click&amp#27;[39m
&amp#27;[38;5;0m[HTTP]&amp#27;[0m &amp#27;[90m{"id":"00000000-0000-0050-0000-003600000003"}&amp#27;[39m
&amp#27;[38;5;32m[AndroidUiautomator2Driver@1617 (fb9d74d9)]&amp#27;[0m Calling AppiumDriver.click() with args: ["00000000-0000-0050-0000-003600000003","fb9d74d9-ed9d-478e-8818-0dd8f8c290e6"]
&amp#27;[38;5;32m[AndroidUiautomator2Driver@1617 (fb9d74d9)]&amp#27;[0m Matched '/element/00000000-0000-0050-0000-003600000003/click' to command name 'click'
&amp#27;[38;5;32m[AndroidUiautomator2Driver@1617 (fb9d74d9)]&amp#27;[0m Proxying [POST /element/00000000-0000-0050-0000-003600000003/click] to [POST http://127.0.0.1:8200/session/ed86e57b-6c3d-4ce8-a82d-2a8f7d878bf7/element/00000000-0000-0050-0000-003600000003/click] with body: {"element":"00000000-0000-0050-0000-003600000003"}
&amp#27;[38;5;32m[AndroidUiautomator2Driver@1617 (fb9d74d9)]&amp#27;[0m Got response with status 200: {"sessionId":"ed86e57b-6c3d-4ce8-a82d-2a8f7d878bf7","value":null}
&amp#27;[38;5;32m[AndroidUiautomator2Driver@1617 (fb9d74d9)]&amp#27;[0m Responding to client with driver.click() result: null
&amp#27;[38;5;0m[HTTP]&amp#27;[0m &amp#27;[37m<-- POST /session/fb9d74d9-ed9d-478e-8818-0dd8f8c290e6/element/00000000-0000-0050-0000-003600000003/click &amp#27;[39m&amp#27;[32m200&amp#27;[39m &amp#27;[90m546 ms - 14&amp#27;[39m
&amp#27;[38;5;0m[HTTP]&amp#27;[0m &amp#27;[90m&amp#27;[39m
&amp#27;[38;5;0m[HTTP]&amp#27;[0m &amp#27;[37m-->&amp#27;[39m &amp#27;[37mPOST&amp#27;[39m &amp#27;[37m/session/fb9d74d9-ed9d-478e-8818-0dd8f8c290e6/element&amp#27;[39m
&amp#27;[38;5;0m[HTTP]&amp#27;[0m &amp#27;[90m{"using":"xpath","value":"//android.view.View[2]/android.view.View[10]"}&amp#27;[39m
&amp#27;[38;5;32m[AndroidUiautomator2Driver@1617 (fb9d74d9)]&amp#27;[0m Calling AppiumDriver.findElement() with args: ["xpath","//android.view.View[2]/android.view.View[10]","fb9d74d9-ed9d-478e-8818-0dd8f8c290e6"]
&amp#27;[38;5;32m[AndroidUiautomator2Driver@1617 (fb9d74d9)]&amp#27;[0m Valid locator strategies for this request: xpath, id, class name, accessibility id, css selector, -android uiautomator
&amp#27;[38;5;32m[AndroidUiautomator2Driver@1617 (fb9d74d9)]&amp#27;[0m Waiting up to 10000 ms for condition
&amp#27;[38;5;32m[AndroidUiautomator2Driver@1617 (fb9d74d9)]&amp#27;[0m Matched '/element' to command name 'findElement'
&amp#27;[38;5;32m[AndroidUiautomator2Driver@1617 (fb9d74d9)]&amp#27;[0m Proxying [POST /element] to [POST http://127.0.0.1:8200/session/ed86e57b-6c3d-4ce8-a82d-2a8f7d878bf7/element] with body: {"strategy":"xpath","selector":"//android.view.View[2]/android.view.View[10]","context":"","multiple":false}
&amp#27;[38;5;32m[AndroidUiautomator2Driver@1617 (fb9d74d9)]&amp#27;[0m Got response with status 200: {"sessionId":"ed86e57b-6c3d-4ce8-a82d-2a8f7d878bf7","value":{"ELEMENT":"00000000-0000-0050-0000-003700000003","element-6066-11e4-a52e-4f735466cecf":"00000000-0000-0050-0000-003700000003"}}
&amp#27;[38;5;32m[AndroidUiautomator2Driver@1617 (fb9d74d9)]&amp#27;[0m Responding to client with driver.findElement() result: {"element-6066-11e4-a52e-4f735466cecf":"00000000-0000-0050-0000-003700000003","ELEMENT":"00000000-0000-0050-0000-003700000003"}
&amp#27;[38;5;0m[HTTP]&amp#27;[0m &amp#27;[37m<-- POST /session/fb9d74d9-ed9d-478e-8818-0dd8f8c290e6/element &amp#27;[39m&amp#27;[32m200&amp#27;[39m &amp#27;[90m38 ms - 137&amp#27;[39m
&amp#27;[38;5;0m[HTTP]&amp#27;[0m &amp#27;[90m&amp#27;[39m
&amp#27;[38;5;0m[HTTP]&amp#27;[0m &amp#27;[37m-->&amp#27;[39m &amp#27;[37mPOST&amp#27;[39m &amp#27;[37m/session/fb9d74d9-ed9d-478e-8818-0dd8f8c290e6/element/00000000-0000-0050-0000-003700000003/click&amp#27;[39m
&amp#27;[38;5;0m[HTTP]&amp#27;[0m &amp#27;[90m{"id":"00000000-0000-0050-0000-003700000003"}&amp#27;[39m
&amp#27;[38;5;32m[AndroidUiautomator2Driver@1617 (fb9d74d9)]&amp#27;[0m Calling AppiumDriver.click() with args: ["00000000-0000-0050-0000-003700000003","fb9d74d9-ed9d-478e-8818-0dd8f8c290e6"]
&amp#27;[38;5;32m[AndroidUiautomator2Driver@1617 (fb9d74d9)]&amp#27;[0m Matched '/element/00000000-0000-0050-0000-003700000003/click' to command name 'click'
&amp#27;[38;5;32m[AndroidUiautomator2Driver@1617 (fb9d74d9)]&amp#27;[0m Proxying [POST /element/00000000-0000-0050-0000-003700000003/click] to [POST http://127.0.0.1:8200/session/ed86e57b-6c3d-4ce8-a82d-2a8f7d878bf7/element/00000000-0000-0050-0000-003700000003/click] with body: {"element":"00000000-0000-0050-0000-003700000003"}
&amp#27;[38;5;32m[AndroidUiautomator2Driver@1617 (fb9d74d9)]&amp#27;[0m Got response with status 200: {"sessionId":"ed86e57b-6c3d-4ce8-a82d-2a8f7d878bf7","value":null}
&amp#27;[38;5;32m[AndroidUiautomator2Driver@1617 (fb9d74d9)]&amp#27;[0m Responding to client with driver.click() result: null
&amp#27;[38;5;0m[HTTP]&amp#27;[0m &amp#27;[37m<-- POST /session/fb9d74d9-ed9d-478e-8818-0dd8f8c290e6/element/00000000-0000-0050-0000-003700000003/click &amp#27;[39m&amp#27;[32m200&amp#27;[39m &amp#27;[90m568 ms - 14&amp#27;[39m
&amp#27;[38;5;0m[HTTP]&amp#27;[0m &amp#27;[90m&amp#27;[39m
&amp#27;[38;5;0m[HTTP]&amp#27;[0m &amp#27;[37m-->&amp#27;[39m &amp#27;[37mPOST&amp#27;[39m &amp#27;[37m/session/fb9d74d9-ed9d-478e-8818-0dd8f8c290e6/elements&amp#27;[39m
&amp#27;[38;5;0m[HTTP]&amp#27;[0m &amp#27;[90m{"using":"xpath","value":"//android.view.View[1]/android.widget.Button"}&amp#27;[39m
&amp#27;[38;5;32m[AndroidUiautomator2Driver@1617 (fb9d74d9)]&amp#27;[0m Calling AppiumDriver.findElements() with args: ["xpath","//android.view.View[1]/android.widget.Button","fb9d74d9-ed9d-478e-8818-0dd8f8c290e6"]
&amp#27;[38;5;32m[AndroidUiautomator2Driver@1617 (fb9d74d9)]&amp#27;[0m Valid locator strategies for this request: xpath, id, class name, accessibility id, css selector, -android uiautomator
&amp#27;[38;5;32m[AndroidUiautomator2Driver@1617 (fb9d74d9)]&amp#27;[0m Waiting up to 10000 ms for condition
&amp#27;[38;5;32m[AndroidUiautomator2Driver@1617 (fb9d74d9)]&amp#27;[0m Matched '/elements' to command name 'findElements'
&amp#27;[38;5;32m[AndroidUiautomator2Driver@1617 (fb9d74d9)]&amp#27;[0m Proxying [POST /elements] to [POST http://127.0.0.1:8200/session/ed86e57b-6c3d-4ce8-a82d-2a8f7d878bf7/elements] with body: {"strategy":"xpath","selector":"//android.view.View[1]/android.widget.Button","context":"","multiple":true}
&amp#27;[38;5;32m[AndroidUiautomator2Driver@1617 (fb9d74d9)]&amp#27;[0m Got response with status 200: {"sessionId":"ed86e57b-6c3d-4ce8-a82d-2a8f7d878bf7","value":[{"ELEMENT":"00000000-0000-0050-0000-004200000003","element-6066-11e4-a52e-4f735466cecf":"00000000-0000-0050-0000-004200000003"},{"ELEMENT":"00000000-0000-0050-0000-004400000003","element-6066-11e4-a52e-4f735466cecf":"00000000-0000-0050-0000-004400000003"},{"ELEMENT":"00000000-0000-0050-0000-004500000003","element-6066-11e4-a52e-4f735466cecf":"00000000-0000-0050-0000-004500000003"}]}
&amp#27;[38;5;32m[AndroidUiautomator2Driver@1617 (fb9d74d9)]&amp#27;[0m Responding to client with driver.findElements() result: [{"element-6066-11e4-a52e-4f735466cecf":"00000000-0000-0050-0000-004200000003","ELEMENT":"00000000-0000-0050-0000-004200000003"},{"element-6066-11e4-a52e-4f735466cecf":"00000000-0000-0050-0000-004400000003","ELEMENT":"00000000-0000-0050-0000-004400000003"},{"element-6066-11e4-a52e-4f735466cecf":"00000000-0000-0050-0000-004500000003","ELEMENT":"00000000-0000-0050-0000-004500000003"}]
&amp#27;[38;5;0m[HTTP]&amp#27;[0m &amp#27;[37m<-- POST /session/fb9d74d9-ed9d-478e-8818-0dd8f8c290e6/elements &amp#27;[39m&amp#27;[32m200&amp#27;[39m &amp#27;[90m57 ms - 395&amp#27;[39m
&amp#27;[38;5;0m[HTTP]&amp#27;[0m &amp#27;[90m&amp#27;[39m
&amp#27;[38;5;0m[HTTP]&amp#27;[0m &amp#27;[37m-->&amp#27;[39m &amp#27;[37mPOST&amp#27;[39m &amp#27;[37m/session/fb9d74d9-ed9d-478e-8818-0dd8f8c290e6/element/00000000-0000-0050-0000-004500000003/click&amp#27;[39m
&amp#27;[38;5;0m[HTTP]&amp#27;[0m &amp#27;[90m{"id":"00000000-0000-0050-0000-004500000003"}&amp#27;[39m
&amp#27;[38;5;32m[AndroidUiautomator2Driver@1617 (fb9d74d9)]&amp#27;[0m Calling AppiumDriver.click() with args: ["00000000-0000-0050-0000-004500000003","fb9d74d9-ed9d-478e-8818-0dd8f8c290e6"]
&amp#27;[38;5;32m[AndroidUiautomator2Driver@1617 (fb9d74d9)]&amp#27;[0m Matched '/element/00000000-0000-0050-0000-004500000003/click' to command name 'click'
&amp#27;[38;5;32m[AndroidUiautomator2Driver@1617 (fb9d74d9)]&amp#27;[0m Proxying [POST /element/00000000-0000-0050-0000-004500000003/click] to [POST http://127.0.0.1:8200/session/ed86e57b-6c3d-4ce8-a82d-2a8f7d878bf7/element/00000000-0000-0050-0000-004500000003/click] with body: {"element":"00000000-0000-0050-0000-004500000003"}
&amp#27;[38;5;32m[AndroidUiautomator2Driver@1617 (fb9d74d9)]&amp#27;[0m Got response with status 200: {"sessionId":"ed86e57b-6c3d-4ce8-a82d-2a8f7d878bf7","value":null}
&amp#27;[38;5;32m[AndroidUiautomator2Driver@1617 (fb9d74d9)]&amp#27;[0m Responding to client with driver.click() result: null
&amp#27;[38;5;0m[HTTP]&amp#27;[0m &amp#27;[37m<-- POST /session/fb9d74d9-ed9d-478e-8818-0dd8f8c290e6/element/00000000-0000-0050-0000-004500000003/click &amp#27;[39m&amp#27;[32m200&amp#27;[39m &amp#27;[90m61 ms - 14&amp#27;[39m
&amp#27;[38;5;0m[HTTP]&amp#27;[0m &amp#27;[90m&amp#27;[39m
&amp#27;[38;5;0m[HTTP]&amp#27;[0m &amp#27;[37m-->&amp#27;[39m &amp#27;[37mPOST&amp#27;[39m &amp#27;[37m/session/fb9d74d9-ed9d-478e-8818-0dd8f8c290e6/elements&amp#27;[39m
&amp#27;[38;5;0m[HTTP]&amp#27;[0m &amp#27;[90m{"using":"xpath","value":"//android.view.View/android.widget.ImageView[1]"}&amp#27;[39m
&amp#27;[38;5;32m[AndroidUiautomator2Driver@1617 (fb9d74d9)]&amp#27;[0m Calling AppiumDriver.findElements() with args: ["xpath","//android.view.View/android.widget.ImageView[1]","fb9d74d9-ed9d-478e-8818-0dd8f8c290e6"]
&amp#27;[38;5;32m[AndroidUiautomator2Driver@1617 (fb9d74d9)]&amp#27;[0m Valid locator strategies for this request: xpath, id, class name, accessibility id, css selector, -android uiautomator
&amp#27;[38;5;32m[AndroidUiautomator2Driver@1617 (fb9d74d9)]&amp#27;[0m Waiting up to 10000 ms for condition
&amp#27;[38;5;32m[AndroidUiautomator2Driver@1617 (fb9d74d9)]&amp#27;[0m Matched '/elements' to command name 'findElements'
&amp#27;[38;5;32m[AndroidUiautomator2Driver@1617 (fb9d74d9)]&amp#27;[0m Proxying [POST /elements] to [POST http://127.0.0.1:8200/session/ed86e57b-6c3d-4ce8-a82d-2a8f7d878bf7/elements] with body: {"strategy":"xpath","selector":"//android.view.View/android.widget.ImageView[1]","context":"","multiple":true}
&amp#27;[38;5;32m[AndroidUiautomator2Driver@1617 (fb9d74d9)]&amp#27;[0m Got response with status 200: {"sessionId":"ed86e57b-6c3d-4ce8-a82d-2a8f7d878bf7","value":[{"ELEMENT":"00000000-0000-0050-0000-004a00000003","element-6066-11e4-a52e-4f735466cecf":"00000000-0000-0050-0000-004a00000003"},{"ELEMENT":"00000000-0000-0050-0000-004c00000003","element-6066-11e4-a52e-4f735466cecf":"00000000-0000-0050-0000-004c00000003"}]}
&amp#27;[38;5;32m[AndroidUiautomator2Driver@1617 (fb9d74d9)]&amp#27;[0m Responding to client with driver.findElements() result: [{"element-6066-11e4-a52e-4f735466cecf":"00000000-0000-0050-0000-004a00000003","ELEMENT":"00000000-0000-0050-0000-004a00000003"},{"element-6066-11e4-a52e-4f735466cecf":"00000000-0000-0050-0000-004c00000003","ELEMENT":"00000000-0000-0050-0000-004c00000003"}]
&amp#27;[38;5;0m[HTTP]&amp#27;[0m &amp#27;[37m<-- POST /session/fb9d74d9-ed9d-478e-8818-0dd8f8c290e6/elements &amp#27;[39m&amp#27;[32m200&amp#27;[39m &amp#27;[90m28 ms - 267&amp#27;[39m
&amp#27;[38;5;0m[HTTP]&amp#27;[0m &amp#27;[90m&amp#27;[39m
&amp#27;[38;5;0m[HTTP]&amp#27;[0m &amp#27;[37m-->&amp#27;[39m &amp#27;[37mPOST&amp#27;[39m &amp#27;[37m/session/fb9d74d9-ed9d-478e-8818-0dd8f8c290e6/element/00000000-0000-0050-0000-004a00000003/click&amp#27;[39m
&amp#27;[38;5;0m[HTTP]&amp#27;[0m &amp#27;[90m{"id":"00000000-0000-0050-0000-004a00000003"}&amp#27;[39m
&amp#27;[38;5;32m[AndroidUiautomator2Driver@1617 (fb9d74d9)]&amp#27;[0m Calling AppiumDriver.click() with args: ["00000000-0000-0050-0000-004a00000003","fb9d74d9-ed9d-478e-8818-0dd8f8c290e6"]
&amp#27;[38;5;32m[AndroidUiautomator2Driver@1617 (fb9d74d9)]&amp#27;[0m Matched '/element/00000000-0000-0050-0000-004a00000003/click' to command name 'click'
&amp#27;[38;5;32m[AndroidUiautomator2Driver@1617 (fb9d74d9)]&amp#27;[0m Proxying [POST /element/00000000-0000-0050-0000-004a00000003/click] to [POST http://127.0.0.1:8200/session/ed86e57b-6c3d-4ce8-a82d-2a8f7d878bf7/element/00000000-0000-0050-0000-004a00000003/click] with body: {"element":"00000000-0000-0050-0000-004a00000003"}
&amp#27;[38;5;32m[AndroidUiautomator2Driver@1617 (fb9d74d9)]&amp#27;[0m Got response with status 200: {"sessionId":"ed86e57b-6c3d-4ce8-a82d-2a8f7d878bf7","value":null}
&amp#27;[38;5;32m[AndroidUiautomator2Driver@1617 (fb9d74d9)]&amp#27;[0m Responding to client with driver.click() result: null
&amp#27;[38;5;0m[HTTP]&amp#27;[0m &amp#27;[37m<-- POST /session/fb9d74d9-ed9d-478e-8818-0dd8f8c290e6/element/00000000-0000-0050-0000-004a00000003/click &amp#27;[39m&amp#27;[32m200&amp#27;[39m &amp#27;[90m57 ms - 14&amp#27;[39m
&amp#27;[38;5;0m[HTTP]&amp#27;[0m &amp#27;[90m&amp#27;[39m
&amp#27;[38;5;0m[HTTP]&amp#27;[0m &amp#27;[37m-->&amp#27;[39m &amp#27;[37mPOST&amp#27;[39m &amp#27;[37m/session/fb9d74d9-ed9d-478e-8818-0dd8f8c290e6/elements&amp#27;[39m
&amp#27;[38;5;0m[HTTP]&amp#27;[0m &amp#27;[90m{"using":"xpath","value":"//android.view.View/android.widget.ImageView[1]"}&amp#27;[39m
&amp#27;[38;5;32m[AndroidUiautomator2Driver@1617 (fb9d74d9)]&amp#27;[0m Calling AppiumDriver.findElements() with args: ["xpath","//android.view.View/android.widget.ImageView[1]","fb9d74d9-ed9d-478e-8818-0dd8f8c290e6"]
&amp#27;[38;5;32m[AndroidUiautomator2Driver@1617 (fb9d74d9)]&amp#27;[0m Valid locator strategies for this request: xpath, id, class name, accessibility id, css selector, -android uiautomator
&amp#27;[38;5;32m[AndroidUiautomator2Driver@1617 (fb9d74d9)]&amp#27;[0m Waiting up to 10000 ms for condition
&amp#27;[38;5;32m[AndroidUiautomator2Driver@1617 (fb9d74d9)]&amp#27;[0m Matched '/elements' to command name 'findElements'
&amp#27;[38;5;32m[AndroidUiautomator2Driver@1617 (fb9d74d9)]&amp#27;[0m Proxying [POST /elements] to [POST http://127.0.0.1:8200/session/ed86e57b-6c3d-4ce8-a82d-2a8f7d878bf7/elements] with body: {"strategy":"xpath","selector":"//android.view.View/android.widget.ImageView[1]","context":"","multiple":true}
&amp#27;[38;5;32m[AndroidUiautomator2Driver@1617 (fb9d74d9)]&amp#27;[0m Got response with status 200: {"sessionId":"ed86e57b-6c3d-4ce8-a82d-2a8f7d878bf7","value":[{"ELEMENT":"00000000-0000-0050-0000-004a00000003","element-6066-11e4-a52e-4f735466cecf":"00000000-0000-0050-0000-004a00000003"},{"ELEMENT":"00000000-0000-0050-0000-004c00000003","element-6066-11e4-a52e-4f735466cecf":"00000000-0000-0050-0000-004c00000003"}]}
&amp#27;[38;5;32m[AndroidUiautomator2Driver@1617 (fb9d74d9)]&amp#27;[0m Responding to client with driver.findElements() result: [{"element-6066-11e4-a52e-4f735466cecf":"00000000-0000-0050-0000-004a00000003","ELEMENT":"00000000-0000-0050-0000-004a00000003"},{"element-6066-11e4-a52e-4f735466cecf":"00000000-0000-0050-0000-004c00000003","ELEMENT":"00000000-0000-0050-0000-004c00000003"}]
&amp#27;[38;5;0m[HTTP]&amp#27;[0m &amp#27;[37m<-- POST /session/fb9d74d9-ed9d-478e-8818-0dd8f8c290e6/elements &amp#27;[39m&amp#27;[32m200&amp#27;[39m &amp#27;[90m44 ms - 267&amp#27;[39m
&amp#27;[38;5;0m[HTTP]&amp#27;[0m &amp#27;[90m&amp#27;[39m
&amp#27;[38;5;0m[HTTP]&amp#27;[0m &amp#27;[37m-->&amp#27;[39m &amp#27;[37mPOST&amp#27;[39m &amp#27;[37m/session/fb9d74d9-ed9d-478e-8818-0dd8f8c290e6/element/00000000-0000-0050-0000-004a00000003/value&amp#27;[39m
&amp#27;[38;5;0m[HTTP]&amp#27;[0m &amp#27;[90m{"id":"00000000-0000-0050-0000-004a00000003","value":["T","e","s","t","P","r","o","c","u","c","t"],"text":"TestProcuct"}&amp#27;[39m
&amp#27;[38;5;32m[AndroidUiautomator2Driver@1617 (fb9d74d9)]&amp#27;[0m Calling AppiumDriver.setValue() with args: [["T","e","s","t","P","r","o","c","u","c","t"],"00000000-0000-0050-0000-004a00000003","fb9d74d9-ed9d-478e-8818-0dd8f8c290e6"]
&amp#27;[38;5;32m[AndroidUiautomator2Driver@1617 (fb9d74d9)]&amp#27;[0m Matched '/element/00000000-0000-0050-0000-004a00000003/value' to command name 'setValue'
&amp#27;[38;5;32m[AndroidUiautomator2Driver@1617 (fb9d74d9)]&amp#27;[0m Added 'value' property ["T","e","s","t","P","r","o","c","u","c","t"] to 'setValue' request body
&amp#27;[38;5;32m[AndroidUiautomator2Driver@1617 (fb9d74d9)]&amp#27;[0m Proxying [POST /element/00000000-0000-0050-0000-004a00000003/value] to [POST http://127.0.0.1:8200/session/ed86e57b-6c3d-4ce8-a82d-2a8f7d878bf7/element/00000000-0000-0050-0000-004a00000003/value] with body: {"elementId":"00000000-0000-0050-0000-004a00000003","text":"TestProcuct","replace":false,"value":["T","e","s","t","P","r","o","c","u","c","t"]}
&amp#27;[38;5;32m[AndroidUiautomator2Driver@1617 (fb9d74d9)]&amp#27;[0m Got response with status 200: {"sessionId":"ed86e57b-6c3d-4ce8-a82d-2a8f7d878bf7","value":null}
&amp#27;[38;5;32m[AndroidUiautomator2Driver@1617 (fb9d74d9)]&amp#27;[0m Responding to client with driver.setValue() result: null
&amp#27;[38;5;0m[HTTP]&amp#27;[0m &amp#27;[37m<-- POST /session/fb9d74d9-ed9d-478e-8818-0dd8f8c290e6/element/00000000-0000-0050-0000-004a00000003/value &amp#27;[39m&amp#27;[32m200&amp#27;[39m &amp#27;[90m1292 ms - 14&amp#27;[39m
&amp#27;[38;5;0m[HTTP]&amp#27;[0m &amp#27;[90m&amp#27;[39m
&amp#27;[38;5;0m[HTTP]&amp#27;[0m &amp#27;[37m-->&amp#27;[39m &amp#27;[37mPOST&amp#27;[39m &amp#27;[37m/session/fb9d74d9-ed9d-478e-8818-0dd8f8c290e6/element&amp#27;[39m
&amp#27;[38;5;0m[HTTP]&amp#27;[0m &amp#27;[90m{"using":"xpath","value":"//android.view.View[2]/android.view.View/android.widget.ImageView[1]"}&amp#27;[39m
&amp#27;[38;5;32m[AndroidUiautomator2Driver@1617 (fb9d74d9)]&amp#27;[0m Calling AppiumDriver.findElement() with args: ["xpath","//android.view.View[2]/android.view.View/android.widget.ImageView[1]","fb9d74d9-ed9d-478e-8818-0dd8f8c290e6"]
&amp#27;[38;5;32m[AndroidUiautomator2Driver@1617 (fb9d74d9)]&amp#27;[0m Valid locator strategies for this request: xpath, id, class name, accessibility id, css selector, -android uiautomator
&amp#27;[38;5;32m[AndroidUiautomator2Driver@1617 (fb9d74d9)]&amp#27;[0m Waiting up to 10000 ms for condition
&amp#27;[38;5;32m[AndroidUiautomator2Driver@1617 (fb9d74d9)]&amp#27;[0m Matched '/element' to command name 'findElement'
&amp#27;[38;5;32m[AndroidUiautomator2Driver@1617 (fb9d74d9)]&amp#27;[0m Proxying [POST /element] to [POST http://127.0.0.1:8200/session/ed86e57b-6c3d-4ce8-a82d-2a8f7d878bf7/element] with body: {"strategy":"xpath","selector":"//android.view.View[2]/android.view.View/android.widget.ImageView[1]","context":"","multiple":false}
&amp#27;[38;5;32m[AndroidUiautomator2Driver@1617 (fb9d74d9)]&amp#27;[0m Got response with status 200: {"sessionId":"ed86e57b-6c3d-4ce8-a82d-2a8f7d878bf7","value":{"ELEMENT":"00000000-0000-0050-0000-004c00000003","element-6066-11e4-a52e-4f735466cecf":"00000000-0000-0050-0000-004c00000003"}}
&amp#27;[38;5;32m[AndroidUiautomator2Driver@1617 (fb9d74d9)]&amp#27;[0m Responding to client with driver.findElement() result: {"element-6066-11e4-a52e-4f735466cecf":"00000000-0000-0050-0000-004c00000003","ELEMENT":"00000000-0000-0050-0000-004c00000003"}
&amp#27;[38;5;0m[HTTP]&amp#27;[0m &amp#27;[37m<-- POST /session/fb9d74d9-ed9d-478e-8818-0dd8f8c290e6/element &amp#27;[39m&amp#27;[32m200&amp#27;[39m &amp#27;[90m29 ms - 137&amp#27;[39m
&amp#27;[38;5;0m[HTTP]&amp#27;[0m &amp#27;[90m&amp#27;[39m
&amp#27;[38;5;0m[HTTP]&amp#27;[0m &amp#27;[37m-->&amp#27;[39m &amp#27;[37mPOST&amp#27;[39m &amp#27;[37m/session/fb9d74d9-ed9d-478e-8818-0dd8f8c290e6/element/00000000-0000-0050-0000-004c00000003/click&amp#27;[39m
&amp#27;[38;5;0m[HTTP]&amp#27;[0m &amp#27;[90m{"id":"00000000-0000-0050-0000-004c00000003"}&amp#27;[39m
&amp#27;[38;5;32m[AndroidUiautomator2Driver@1617 (fb9d74d9)]&amp#27;[0m Calling AppiumDriver.click() with args: ["00000000-0000-0050-0000-004c00000003","fb9d74d9-ed9d-478e-8818-0dd8f8c290e6"]
&amp#27;[38;5;32m[AndroidUiautomator2Driver@1617 (fb9d74d9)]&amp#27;[0m Matched '/element/00000000-0000-0050-0000-004c00000003/click' to command name 'click'
&amp#27;[38;5;32m[AndroidUiautomator2Driver@1617 (fb9d74d9)]&amp#27;[0m Proxying [POST /element/00000000-0000-0050-0000-004c00000003/click] to [POST http://127.0.0.1:8200/session/ed86e57b-6c3d-4ce8-a82d-2a8f7d878bf7/element/00000000-0000-0050-0000-004c00000003/click] with body: {"element":"00000000-0000-0050-0000-004c00000003"}
&amp#27;[38;5;32m[AndroidUiautomator2Driver@1617 (fb9d74d9)]&amp#27;[0m Got response with status 200: {"sessionId":"ed86e57b-6c3d-4ce8-a82d-2a8f7d878bf7","value":null}
&amp#27;[38;5;32m[AndroidUiautomator2Driver@1617 (fb9d74d9)]&amp#27;[0m Responding to client with driver.click() result: null
&amp#27;[38;5;0m[HTTP]&amp#27;[0m &amp#27;[37m<-- POST /session/fb9d74d9-ed9d-478e-8818-0dd8f8c290e6/element/00000000-0000-0050-0000-004c00000003/click &amp#27;[39m&amp#27;[32m200&amp#27;[39m &amp#27;[90m1165 ms - 14&amp#27;[39m
&amp#27;[38;5;0m[HTTP]&amp#27;[0m &amp#27;[90m&amp#27;[39m
&amp#27;[38;5;0m[HTTP]&amp#27;[0m &amp#27;[37m-->&amp#27;[39m &amp#27;[37mPOST&amp#27;[39m &amp#27;[37m/session/fb9d74d9-ed9d-478e-8818-0dd8f8c290e6/elements&amp#27;[39m
&amp#27;[38;5;0m[HTTP]&amp#27;[0m &amp#27;[90m{"using":"xpath","value":"//android.view.View/android.widget.ScrollView/android.view.View[1]/android.view.View/android.widget.ImageView"}&amp#27;[39m
&amp#27;[38;5;32m[AndroidUiautomator2Driver@1617 (fb9d74d9)]&amp#27;[0m Calling AppiumDriver.findElements() with args: ["xpath","//android.view.View/android.widget.ScrollView/android.view.View[1]/android.view.View/android.widget.ImageView","fb9d74d9-ed9d-478e-8818-0dd8f8c290e6"]
&amp#27;[38;5;32m[AndroidUiautomator2Driver@1617 (fb9d74d9)]&amp#27;[0m Valid locator strategies for this request: xpath, id, class name, accessibility id, css selector, -android uiautomator
&amp#27;[38;5;32m[AndroidUiautomator2Driver@1617 (fb9d74d9)]&amp#27;[0m Waiting up to 10000 ms for condition
&amp#27;[38;5;32m[AndroidUiautomator2Driver@1617 (fb9d74d9)]&amp#27;[0m Matched '/elements' to command name 'findElements'
&amp#27;[38;5;32m[AndroidUiautomator2Driver@1617 (fb9d74d9)]&amp#27;[0m Proxying [POST /elements] to [POST http://127.0.0.1:8200/session/ed86e57b-6c3d-4ce8-a82d-2a8f7d878bf7/elements] with body: {"strategy":"xpath","selector":"//android.view.View/android.widget.ScrollView/android.view.View[1]/android.view.View/android.widget.ImageView","context":"","multiple":true}
&amp#27;[38;5;32m[AndroidUiautomator2Driver@1617 (fb9d74d9)]&amp#27;[0m Got response with status 200: {"sessionId":"ed86e57b-6c3d-4ce8-a82d-2a8f7d878bf7","value":[{"ELEMENT":"00000000-0000-0050-0000-005a00000003","element-6066-11e4-a52e-4f735466cecf":"00000000-0000-0050-0000-005a00000003"},{"ELEMENT":"00000000-0000-0050-0000-005b00000003","element-6066-11e4-a52e-4f735466cecf":"00000000-0000-0050-0000-005b00000003"}]}
&amp#27;[38;5;32m[AndroidUiautomator2Driver@1617 (fb9d74d9)]&amp#27;[0m Responding to client with driver.findElements() result: [{"element-6066-11e4-a52e-4f735466cecf":"00000000-0000-0050-0000-005a00000003","ELEMENT":"00000000-0000-0050-0000-005a00000003"},{"element-6066-11e4-a52e-4f735466cecf":"00000000-0000-0050-0000-005b00000003","ELEMENT":"00000000-0000-0050-0000-005b00000003"}]
&amp#27;[38;5;0m[HTTP]&amp#27;[0m &amp#27;[37m<-- POST /session/fb9d74d9-ed9d-478e-8818-0dd8f8c290e6/elements &amp#27;[39m&amp#27;[32m200&amp#27;[39m &amp#27;[90m31 ms - 267&amp#27;[39m
&amp#27;[38;5;0m[HTTP]&amp#27;[0m &amp#27;[90m&amp#27;[39m
&amp#27;[38;5;0m[HTTP]&amp#27;[0m &amp#27;[37m-->&amp#27;[39m &amp#27;[37mPOST&amp#27;[39m &amp#27;[37m/session/fb9d74d9-ed9d-478e-8818-0dd8f8c290e6/element/00000000-0000-0050-0000-005a00000003/click&amp#27;[39m
&amp#27;[38;5;0m[HTTP]&amp#27;[0m &amp#27;[90m{"id":"00000000-0000-0050-0000-005a00000003"}&amp#27;[39m
&amp#27;[38;5;32m[AndroidUiautomator2Driver@1617 (fb9d74d9)]&amp#27;[0m Calling AppiumDriver.click() with args: ["00000000-0000-0050-0000-005a00000003","fb9d74d9-ed9d-478e-8818-0dd8f8c290e6"]
&amp#27;[38;5;32m[AndroidUiautomator2Driver@1617 (fb9d74d9)]&amp#27;[0m Matched '/element/00000000-0000-0050-0000-005a00000003/click' to command name 'click'
&amp#27;[38;5;32m[AndroidUiautomator2Driver@1617 (fb9d74d9)]&amp#27;[0m Proxying [POST /element/00000000-0000-0050-0000-005a00000003/click] to [POST http://127.0.0.1:8200/session/ed86e57b-6c3d-4ce8-a82d-2a8f7d878bf7/element/00000000-0000-0050-0000-005a00000003/click] with body: {"element":"00000000-0000-0050-0000-005a00000003"}
&amp#27;[38;5;32m[AndroidUiautomator2Driver@1617 (fb9d74d9)]&amp#27;[0m Got response with status 200: {"sessionId":"ed86e57b-6c3d-4ce8-a82d-2a8f7d878bf7","value":null}
&amp#27;[38;5;32m[AndroidUiautomator2Driver@1617 (fb9d74d9)]&amp#27;[0m Responding to client with driver.click() result: null
&amp#27;[38;5;0m[HTTP]&amp#27;[0m &amp#27;[37m<-- POST /session/fb9d74d9-ed9d-478e-8818-0dd8f8c290e6/element/00000000-0000-0050-0000-005a00000003/click &amp#27;[39m&amp#27;[32m200&amp#27;[39m &amp#27;[90m607 ms - 14&amp#27;[39m
&amp#27;[38;5;0m[HTTP]&amp#27;[0m &amp#27;[90m&amp#27;[39m
&amp#27;[38;5;0m[HTTP]&amp#27;[0m &amp#27;[37m-->&amp#27;[39m &amp#27;[37mPOST&amp#27;[39m &amp#27;[37m/session/fb9d74d9-ed9d-478e-8818-0dd8f8c290e6/execute/sync&amp#27;[39m
&amp#27;[38;5;0m[HTTP]&amp#27;[0m &amp#27;[90m{"script":"mobile: pressKey","args":[{"keycode":4}]}&amp#27;[39m
&amp#27;[38;5;32m[AndroidUiautomator2Driver@1617 (fb9d74d9)]&amp#27;[0m Calling AppiumDriver.execute() with args: ["mobile: pressKey",[{"keycode":4}],"fb9d74d9-ed9d-478e-8818-0dd8f8c290e6"]
&amp#27;[38;5;32m[AndroidUiautomator2Driver@1617 (fb9d74d9)]&amp#27;[0m Executing method 'mobile: pressKey'
&amp#27;[38;5;32m[AndroidUiautomator2Driver@1617 (fb9d74d9)]&amp#27;[0m Matched '/appium/device/press_keycode' to command name 'pressKeyCode'
&amp#27;[38;5;32m[AndroidUiautomator2Driver@1617 (fb9d74d9)]&amp#27;[0m Proxying [POST /appium/device/press_keycode] to [POST http://127.0.0.1:8200/session/ed86e57b-6c3d-4ce8-a82d-2a8f7d878bf7/appium/device/press_keycode] with body: {"keycode":4}
&amp#27;[38;5;32m[AndroidUiautomator2Driver@1617 (fb9d74d9)]&amp#27;[0m Got response with status 200: {"sessionId":"ed86e57b-6c3d-4ce8-a82d-2a8f7d878bf7","value":null}
&amp#27;[38;5;32m[AndroidUiautomator2Driver@1617 (fb9d74d9)]&amp#27;[0m Responding to client with driver.execute() result: null
&amp#27;[38;5;0m[HTTP]&amp#27;[0m &amp#27;[37m<-- POST /session/fb9d74d9-ed9d-478e-8818-0dd8f8c290e6/execute/sync &amp#27;[39m&amp#27;[32m200&amp#27;[39m &amp#27;[90m44 ms - 14&amp#27;[39m
&amp#27;[38;5;0m[HTTP]&amp#27;[0m &amp#27;[90m&amp#27;[39m
&amp#27;[38;5;0m[HTTP]&amp#27;[0m &amp#27;[37m-->&amp#27;[39m &amp#27;[37mPOST&amp#27;[39m &amp#27;[37m/session/fb9d74d9-ed9d-478e-8818-0dd8f8c290e6/elements&amp#27;[39m
&amp#27;[38;5;0m[HTTP]&amp#27;[0m &amp#27;[90m{"using":"xpath","value":"//android.view.View/android.widget.ScrollView/android.view.View[1]/android.view.View/android.widget.ImageView"}&amp#27;[39m
&amp#27;[38;5;32m[AndroidUiautomator2Driver@1617 (fb9d74d9)]&amp#27;[0m Calling AppiumDriver.findElements() with args: ["xpath","//android.view.View/android.widget.ScrollView/android.view.View[1]/android.view.View/android.widget.ImageView","fb9d74d9-ed9d-478e-8818-0dd8f8c290e6"]
&amp#27;[38;5;32m[AndroidUiautomator2Driver@1617 (fb9d74d9)]&amp#27;[0m Valid locator strategies for this request: xpath, id, class name, accessibility id, css selector, -android uiautomator
&amp#27;[38;5;32m[AndroidUiautomator2Driver@1617 (fb9d74d9)]&amp#27;[0m Waiting up to 10000 ms for condition
&amp#27;[38;5;32m[AndroidUiautomator2Driver@1617 (fb9d74d9)]&amp#27;[0m Matched '/elements' to command name 'findElements'
&amp#27;[38;5;32m[AndroidUiautomator2Driver@1617 (fb9d74d9)]&amp#27;[0m Proxying [POST /elements] to [POST http://127.0.0.1:8200/session/ed86e57b-6c3d-4ce8-a82d-2a8f7d878bf7/elements] with body: {"strategy":"xpath","selector":"//android.view.View/android.widget.ScrollView/android.view.View[1]/android.view.View/android.widget.ImageView","context":"","multiple":true}
&amp#27;[38;5;32m[AndroidUiautomator2Driver@1617 (fb9d74d9)]&amp#27;[0m Got response with status 200: {"sessionId":"ed86e57b-6c3d-4ce8-a82d-2a8f7d878bf7","value":[]}
&amp#27;[38;5;32m[AndroidUiautomator2Driver@1617 (fb9d74d9)]&amp#27;[0m Waited for 25 ms so far
&amp#27;[38;5;32m[AndroidUiautomator2Driver@1617 (fb9d74d9)]&amp#27;[0m Matched '/elements' to command name 'findElements'
&amp#27;[38;5;32m[AndroidUiautomator2Driver@1617 (fb9d74d9)]&amp#27;[0m Proxying [POST /elements] to [POST http://127.0.0.1:8200/session/ed86e57b-6c3d-4ce8-a82d-2a8f7d878bf7/elements] with body: {"strategy":"xpath","selector":"//android.view.View/android.widget.ScrollView/android.view.View[1]/android.view.View/android.widget.ImageView","context":"","multiple":true}
&amp#27;[38;5;32m[AndroidUiautomator2Driver@1617 (fb9d74d9)]&amp#27;[0m Got response with status 200: {"sessionId":"ed86e57b-6c3d-4ce8-a82d-2a8f7d878bf7","value":[{"ELEMENT":"00000000-0000-0050-0000-005a00000003","element-6066-11e4-a52e-4f735466cecf":"00000000-0000-0050-0000-005a00000003"},{"ELEMENT":"00000000-0000-0050-0000-005b00000003","element-6066-11e4-a52e-4f735466cecf":"00000000-0000-0050-0000-005b00000003"}]}
&amp#27;[38;5;32m[AndroidUiautomator2Driver@1617 (fb9d74d9)]&amp#27;[0m Responding to client with driver.findElements() result: [{"element-6066-11e4-a52e-4f735466cecf":"00000000-0000-0050-0000-005a00000003","ELEMENT":"00000000-0000-0050-0000-005a00000003"},{"element-6066-11e4-a52e-4f735466cecf":"00000000-0000-0050-0000-005b00000003","ELEMENT":"00000000-0000-0050-0000-005b00000003"}]
&amp#27;[38;5;0m[HTTP]&amp#27;[0m &amp#27;[37m<-- POST /session/fb9d74d9-ed9d-478e-8818-0dd8f8c290e6/elements &amp#27;[39m&amp#27;[32m200&amp#27;[39m &amp#27;[90m864 ms - 267&amp#27;[39m
&amp#27;[38;5;0m[HTTP]&amp#27;[0m &amp#27;[90m&amp#27;[39m
&amp#27;[38;5;0m[HTTP]&amp#27;[0m &amp#27;[37m-->&amp#27;[39m &amp#27;[37mPOST&amp#27;[39m &amp#27;[37m/session/fb9d74d9-ed9d-478e-8818-0dd8f8c290e6/element/00000000-0000-0050-0000-005b00000003/click&amp#27;[39m
&amp#27;[38;5;0m[HTTP]&amp#27;[0m &amp#27;[90m{"id":"00000000-0000-0050-0000-005b00000003"}&amp#27;[39m
&amp#27;[38;5;32m[AndroidUiautomator2Driver@1617 (fb9d74d9)]&amp#27;[0m Calling AppiumDriver.click() with args: ["00000000-0000-0050-0000-005b00000003","fb9d74d9-ed9d-478e-8818-0dd8f8c290e6"]
&amp#27;[38;5;32m[AndroidUiautomator2Driver@1617 (fb9d74d9)]&amp#27;[0m Matched '/element/00000000-0000-0050-0000-005b00000003/click' to command name 'click'
&amp#27;[38;5;32m[AndroidUiautomator2Driver@1617 (fb9d74d9)]&amp#27;[0m Proxying [POST /element/00000000-0000-0050-0000-005b00000003/click] to [POST http://127.0.0.1:8200/session/ed86e57b-6c3d-4ce8-a82d-2a8f7d878bf7/element/00000000-0000-0050-0000-005b00000003/click] with body: {"element":"00000000-0000-0050-0000-005b00000003"}
&amp#27;[38;5;32m[AndroidUiautomator2Driver@1617 (fb9d74d9)]&amp#27;[0m Got response with status 200: {"sessionId":"ed86e57b-6c3d-4ce8-a82d-2a8f7d878bf7","value":null}
&amp#27;[38;5;32m[AndroidUiautomator2Driver@1617 (fb9d74d9)]&amp#27;[0m Responding to client with driver.click() result: null
&amp#27;[38;5;0m[HTTP]&amp#27;[0m &amp#27;[37m<-- POST /session/fb9d74d9-ed9d-478e-8818-0dd8f8c290e6/element/00000000-0000-0050-0000-005b00000003/click &amp#27;[39m&amp#27;[32m200&amp#27;[39m &amp#27;[90m604 ms - 14&amp#27;[39m
&amp#27;[38;5;0m[HTTP]&amp#27;[0m &amp#27;[90m&amp#27;[39m
&amp#27;[38;5;0m[HTTP]&amp#27;[0m &amp#27;[37m-->&amp#27;[39m &amp#27;[37mPOST&amp#27;[39m &amp#27;[37m/session/fb9d74d9-ed9d-478e-8818-0dd8f8c290e6/execute/sync&amp#27;[39m
&amp#27;[38;5;0m[HTTP]&amp#27;[0m &amp#27;[90m{"script":"mobile: pressKey","args":[{"keycode":4}]}&amp#27;[39m
&amp#27;[38;5;32m[AndroidUiautomator2Driver@1617 (fb9d74d9)]&amp#27;[0m Calling AppiumDriver.execute() with args: ["mobile: pressKey",[{"keycode":4}],"fb9d74d9-ed9d-478e-8818-0dd8f8c290e6"]
&amp#27;[38;5;32m[AndroidUiautomator2Driver@1617 (fb9d74d9)]&amp#27;[0m Executing method 'mobile: pressKey'
&amp#27;[38;5;32m[AndroidUiautomator2Driver@1617 (fb9d74d9)]&amp#27;[0m Matched '/appium/device/press_keycode' to command name 'pressKeyCode'
&amp#27;[38;5;32m[AndroidUiautomator2Driver@1617 (fb9d74d9)]&amp#27;[0m Proxying [POST /appium/device/press_keycode] to [POST http://127.0.0.1:8200/session/ed86e57b-6c3d-4ce8-a82d-2a8f7d878bf7/appium/device/press_keycode] with body: {"keycode":4}
&amp#27;[38;5;32m[AndroidUiautomator2Driver@1617 (fb9d74d9)]&amp#27;[0m Got response with status 200: {"sessionId":"ed86e57b-6c3d-4ce8-a82d-2a8f7d878bf7","value":null}
&amp#27;[38;5;32m[AndroidUiautomator2Driver@1617 (fb9d74d9)]&amp#27;[0m Responding to client with driver.execute() result: null
&amp#27;[38;5;0m[HTTP]&amp#27;[0m &amp#27;[37m<-- POST /session/fb9d74d9-ed9d-478e-8818-0dd8f8c290e6/execute/sync &amp#27;[39m&amp#27;[32m200&amp#27;[39m &amp#27;[90m37 ms - 14&amp#27;[39m
&amp#27;[38;5;0m[HTTP]&amp#27;[0m &amp#27;[90m&amp#27;[39m
&amp#27;[38;5;0m[HTTP]&amp#27;[0m &amp#27;[37m-->&amp#27;[39m &amp#27;[37mPOST&amp#27;[39m &amp#27;[37m/session/fb9d74d9-ed9d-478e-8818-0dd8f8c290e6/element&amp#27;[39m
&amp#27;[38;5;0m[HTTP]&amp#27;[0m &amp#27;[90m{"using":"xpath","value":"//android.view.View/android.widget.ScrollView/android.widget.Button[1]"}&amp#27;[39m
&amp#27;[38;5;32m[AndroidUiautomator2Driver@1617 (fb9d74d9)]&amp#27;[0m Calling AppiumDriver.findElement() with args: ["xpath","//android.view.View/android.widget.ScrollView/android.widget.Button[1]","fb9d74d9-ed9d-478e-8818-0dd8f8c290e6"]
&amp#27;[38;5;32m[AndroidUiautomator2Driver@1617 (fb9d74d9)]&amp#27;[0m Valid locator strategies for this request: xpath, id, class name, accessibility id, css selector, -android uiautomator
&amp#27;[38;5;32m[AndroidUiautomator2Driver@1617 (fb9d74d9)]&amp#27;[0m Waiting up to 10000 ms for condition
&amp#27;[38;5;32m[AndroidUiautomator2Driver@1617 (fb9d74d9)]&amp#27;[0m Matched '/element' to command name 'findElement'
&amp#27;[38;5;32m[AndroidUiautomator2Driver@1617 (fb9d74d9)]&amp#27;[0m Proxying [POST /element] to [POST http://127.0.0.1:8200/session/ed86e57b-6c3d-4ce8-a82d-2a8f7d878bf7/element] with body: {"strategy":"xpath","selector":"//android.view.View/android.widget.ScrollView/android.widget.Button[1]","context":"","multiple":false}
&amp#27;[38;5;32m[AndroidUiautomator2Driver@1617 (fb9d74d9)]&amp#27;[0m Got response with status 404: {"sessionId":"ed86e57b-6c3d-4ce8-a82d-2a8f7d878bf7","value":{"error":"no such element","message":"An element could not be located on the page using the given search parameters","stacktrace":"io.appium.uiautomator2.common.exceptions.ElementNotFoundException: An element could not be located on the page using the given search parameters\n\tat io.appium.uiautomator2.utils.ElementLocationHelpers.findElement(ElementLocationHelpers.java:156)\n\tat io.appium.uiautomator2.handler.FindElement.safeHandle(FindElement.java:60)\n\tat io.appium.uiautomator2.handler.request.SafeRequestHandler.handle(SafeRequestHandler.java:59)\n\tat io.appium.uiautomator2.server.AppiumServlet.handleRequest(AppiumServlet.java:277)\n\tat io.appium.uiautomator2.server.AppiumServlet.handleHttpRequest(AppiumServlet.java:271)\n\tat io.appium.uiautomator2.http.ServerHandler.channelRead(ServerHandler.java:77)\n\tat io.netty.channel.AbstractChannelHandlerContext.invokeChannelRead(AbstractChannelHandlerContext.java:366)\n\tat io.netty.channel.Abstr...
&amp#27;[38;5;128m[W3C]&amp#27;[0m Matched W3C error code 'no such element' to NoSuchElementError
&amp#27;[38;5;32m[AndroidUiautomator2Driver@1617 (fb9d74d9)]&amp#27;[0m Waited for 27 ms so far
&amp#27;[38;5;32m[AndroidUiautomator2Driver@1617 (fb9d74d9)]&amp#27;[0m Matched '/element' to command name 'findElement'
&amp#27;[38;5;32m[AndroidUiautomator2Driver@1617 (fb9d74d9)]&amp#27;[0m Proxying [POST /element] to [POST http://127.0.0.1:8200/session/ed86e57b-6c3d-4ce8-a82d-2a8f7d878bf7/element] with body: {"strategy":"xpath","selector":"//android.view.View/android.widget.ScrollView/android.widget.Button[1]","context":"","multiple":false}
&amp#27;[38;5;32m[AndroidUiautomator2Driver@1617 (fb9d74d9)]&amp#27;[0m Got response with status 200: {"sessionId":"ed86e57b-6c3d-4ce8-a82d-2a8f7d878bf7","value":{"ELEMENT":"00000000-0000-0050-0000-006300000003","element-6066-11e4-a52e-4f735466cecf":"00000000-0000-0050-0000-006300000003"}}
&amp#27;[38;5;32m[AndroidUiautomator2Driver@1617 (fb9d74d9)]&amp#27;[0m Responding to client with driver.findElement() result: {"element-6066-11e4-a52e-4f735466cecf":"00000000-0000-0050-0000-006300000003","ELEMENT":"00000000-0000-0050-0000-006300000003"}
&amp#27;[38;5;0m[HTTP]&amp#27;[0m &amp#27;[37m<-- POST /session/fb9d74d9-ed9d-478e-8818-0dd8f8c290e6/element &amp#27;[39m&amp#27;[32m200&amp#27;[39m &amp#27;[90m859 ms - 137&amp#27;[39m
&amp#27;[38;5;0m[HTTP]&amp#27;[0m &amp#27;[90m&amp#27;[39m
&amp#27;[38;5;0m[HTTP]&amp#27;[0m &amp#27;[37m-->&amp#27;[39m &amp#27;[37mPOST&amp#27;[39m &amp#27;[37m/session/fb9d74d9-ed9d-478e-8818-0dd8f8c290e6/element/00000000-0000-0050-0000-006300000003/click&amp#27;[39m
&amp#27;[38;5;0m[HTTP]&amp#27;[0m &amp#27;[90m{"id":"00000000-0000-0050-0000-006300000003"}&amp#27;[39m
&amp#27;[38;5;32m[AndroidUiautomator2Driver@1617 (fb9d74d9)]&amp#27;[0m Calling AppiumDriver.click() with args: ["00000000-0000-0050-0000-006300000003","fb9d74d9-ed9d-478e-8818-0dd8f8c290e6"]
&amp#27;[38;5;32m[AndroidUiautomator2Driver@1617 (fb9d74d9)]&amp#27;[0m Matched '/element/00000000-0000-0050-0000-006300000003/click' to command name 'click'
&amp#27;[38;5;32m[AndroidUiautomator2Driver@1617 (fb9d74d9)]&amp#27;[0m Proxying [POST /element/00000000-0000-0050-0000-006300000003/click] to [POST http://127.0.0.1:8200/session/ed86e57b-6c3d-4ce8-a82d-2a8f7d878bf7/element/00000000-0000-0050-0000-006300000003/click] with body: {"element":"00000000-0000-0050-0000-006300000003"}
&amp#27;[38;5;32m[AndroidUiautomator2Driver@1617 (fb9d74d9)]&amp#27;[0m Got response with status 200: {"sessionId":"ed86e57b-6c3d-4ce8-a82d-2a8f7d878bf7","value":null}
&amp#27;[38;5;32m[AndroidUiautomator2Driver@1617 (fb9d74d9)]&amp#27;[0m Responding to client with driver.click() result: null
&amp#27;[38;5;0m[HTTP]&amp#27;[0m &amp#27;[37m<-- POST /session/fb9d74d9-ed9d-478e-8818-0dd8f8c290e6/element/00000000-0000-0050-0000-006300000003/click &amp#27;[39m&amp#27;[32m200&amp#27;[39m &amp#27;[90m44 ms - 14&amp#27;[39m
&amp#27;[38;5;0m[HTTP]&amp#27;[0m &amp#27;[90m&amp#27;[39m
&amp#27;[38;5;0m[HTTP]&amp#27;[0m &amp#27;[37m-->&amp#27;[39m &amp#27;[37mPOST&amp#27;[39m &amp#27;[37m/session/fb9d74d9-ed9d-478e-8818-0dd8f8c290e6/element&amp#27;[39m
&amp#27;[38;5;0m[HTTP]&amp#27;[0m &amp#27;[90m{"using":"xpath","value":"//android.view.View[@content-desc=\"B\"]"}&amp#27;[39m
&amp#27;[38;5;32m[AndroidUiautomator2Driver@1617 (fb9d74d9)]&amp#27;[0m Calling AppiumDriver.findElement() with args: ["xpath","//android.view.View[@content-desc=\"B\"]","fb9d74d9-ed9d-478e-8818-0dd8f8c290e6"]
&amp#27;[38;5;32m[AndroidUiautomator2Driver@1617 (fb9d74d9)]&amp#27;[0m Valid locator strategies for this request: xpath, id, class name, accessibility id, css selector, -android uiautomator
&amp#27;[38;5;32m[AndroidUiautomator2Driver@1617 (fb9d74d9)]&amp#27;[0m Waiting up to 10000 ms for condition
&amp#27;[38;5;32m[AndroidUiautomator2Driver@1617 (fb9d74d9)]&amp#27;[0m Matched '/element' to command name 'findElement'
&amp#27;[38;5;32m[AndroidUiautomator2Driver@1617 (fb9d74d9)]&amp#27;[0m Proxying [POST /element] to [POST http://127.0.0.1:8200/session/ed86e57b-6c3d-4ce8-a82d-2a8f7d878bf7/element] with body: {"strategy":"xpath","selector":"//android.view.View[@content-desc=\"B\"]","context":"","multiple":false}
&amp#27;[38;5;32m[AndroidUiautomator2Driver@1617 (fb9d74d9)]&amp#27;[0m Got response with status 404: {"sessionId":"ed86e57b-6c3d-4ce8-a82d-2a8f7d878bf7","value":{"error":"no such element","message":"An element could not be located on the page using the given search parameters","stacktrace":"io.appium.uiautomator2.common.exceptions.ElementNotFoundException: An element could not be located on the page using the given search parameters\n\tat io.appium.uiautomator2.utils.ElementLocationHelpers.findElement(ElementLocationHelpers.java:156)\n\tat io.appium.uiautomator2.handler.FindElement.safeHandle(FindElement.java:60)\n\tat io.appium.uiautomator2.handler.request.SafeRequestHandler.handle(SafeRequestHandler.java:59)\n\tat io.appium.uiautomator2.server.AppiumServlet.handleRequest(AppiumServlet.java:277)\n\tat io.appium.uiautomator2.server.AppiumServlet.handleHttpRequest(AppiumServlet.java:271)\n\tat io.appium.uiautomator2.http.ServerHandler.channelRead(ServerHandler.java:77)\n\tat io.netty.channel.AbstractChannelHandlerContext.invokeChannelRead(AbstractChannelHandlerContext.java:366)\n\tat io.netty.channel.Abstr...
&amp#27;[38;5;128m[W3C]&amp#27;[0m Matched W3C error code 'no such element' to NoSuchElementError
&amp#27;[38;5;32m[AndroidUiautomator2Driver@1617 (fb9d74d9)]&amp#27;[0m Waited for 34 ms so far
&amp#27;[38;5;32m[AndroidUiautomator2Driver@1617 (fb9d74d9)]&amp#27;[0m Matched '/element' to command name 'findElement'
&amp#27;[38;5;32m[AndroidUiautomator2Driver@1617 (fb9d74d9)]&amp#27;[0m Proxying [POST /element] to [POST http://127.0.0.1:8200/session/ed86e57b-6c3d-4ce8-a82d-2a8f7d878bf7/element] with body: {"strategy":"xpath","selector":"//android.view.View[@content-desc=\"B\"]","context":"","multiple":false}
&amp#27;[38;5;32m[AndroidUiautomator2Driver@1617 (fb9d74d9)]&amp#27;[0m Got response with status 200: {"sessionId":"ed86e57b-6c3d-4ce8-a82d-2a8f7d878bf7","value":{"ELEMENT":"00000000-0000-0050-0000-007900000003","element-6066-11e4-a52e-4f735466cecf":"00000000-0000-0050-0000-007900000003"}}
&amp#27;[38;5;32m[AndroidUiautomator2Driver@1617 (fb9d74d9)]&amp#27;[0m Responding to client with driver.findElement() result: {"element-6066-11e4-a52e-4f735466cecf":"00000000-0000-0050-0000-007900000003","ELEMENT":"00000000-0000-0050-0000-007900000003"}
&amp#27;[38;5;0m[HTTP]&amp#27;[0m &amp#27;[37m<-- POST /session/fb9d74d9-ed9d-478e-8818-0dd8f8c290e6/element &amp#27;[39m&amp#27;[32m200&amp#27;[39m &amp#27;[90m779 ms - 137&amp#27;[39m
&amp#27;[38;5;0m[HTTP]&amp#27;[0m &amp#27;[90m&amp#27;[39m
&amp#27;[38;5;0m[HTTP]&amp#27;[0m &amp#27;[37m-->&amp#27;[39m &amp#27;[37mPOST&amp#27;[39m &amp#27;[37m/session/fb9d74d9-ed9d-478e-8818-0dd8f8c290e6/element/00000000-0000-0050-0000-007900000003/click&amp#27;[39m
&amp#27;[38;5;0m[HTTP]&amp#27;[0m &amp#27;[90m{"id":"00000000-0000-0050-0000-007900000003"}&amp#27;[39m
&amp#27;[38;5;32m[AndroidUiautomator2Driver@1617 (fb9d74d9)]&amp#27;[0m Calling AppiumDriver.click() with args: ["00000000-0000-0050-0000-007900000003","fb9d74d9-ed9d-478e-8818-0dd8f8c290e6"]
&amp#27;[38;5;32m[AndroidUiautomator2Driver@1617 (fb9d74d9)]&amp#27;[0m Matched '/element/00000000-0000-0050-0000-007900000003/click' to command name 'click'
&amp#27;[38;5;32m[AndroidUiautomator2Driver@1617 (fb9d74d9)]&amp#27;[0m Proxying [POST /element/00000000-0000-0050-0000-007900000003/click] to [POST http://127.0.0.1:8200/session/ed86e57b-6c3d-4ce8-a82d-2a8f7d878bf7/element/00000000-0000-0050-0000-007900000003/click] with body: {"element":"00000000-0000-0050-0000-007900000003"}
&amp#27;[38;5;32m[AndroidUiautomator2Driver@1617 (fb9d74d9)]&amp#27;[0m Got response with status 200: {"sessionId":"ed86e57b-6c3d-4ce8-a82d-2a8f7d878bf7","value":null}
&amp#27;[38;5;32m[AndroidUiautomator2Driver@1617 (fb9d74d9)]&amp#27;[0m Responding to client with driver.click() result: null
&amp#27;[38;5;0m[HTTP]&amp#27;[0m &amp#27;[37m<-- POST /session/fb9d74d9-ed9d-478e-8818-0dd8f8c290e6/element/00000000-0000-0050-0000-007900000003/click &amp#27;[39m&amp#27;[32m200&amp#27;[39m &amp#27;[90m49 ms - 14&amp#27;[39m
&amp#27;[38;5;0m[HTTP]&amp#27;[0m &amp#27;[90m&amp#27;[39m
&amp#27;[38;5;0m[HTTP]&amp#27;[0m &amp#27;[37m-->&amp#27;[39m &amp#27;[37mPOST&amp#27;[39m &amp#27;[37m/session/fb9d74d9-ed9d-478e-8818-0dd8f8c290e6/element&amp#27;[39m
&amp#27;[38;5;0m[HTTP]&amp#27;[0m &amp#27;[90m{"using":"xpath","value":"//android.view.View/android.widget.ScrollView/android.widget.Button[2]"}&amp#27;[39m
&amp#27;[38;5;32m[AndroidUiautomator2Driver@1617 (fb9d74d9)]&amp#27;[0m Calling AppiumDriver.findElement() with args: ["xpath","//android.view.View/android.widget.ScrollView/android.widget.Button[2]","fb9d74d9-ed9d-478e-8818-0dd8f8c290e6"]
&amp#27;[38;5;32m[AndroidUiautomator2Driver@1617 (fb9d74d9)]&amp#27;[0m Valid locator strategies for this request: xpath, id, class name, accessibility id, css selector, -android uiautomator
&amp#27;[38;5;32m[AndroidUiautomator2Driver@1617 (fb9d74d9)]&amp#27;[0m Waiting up to 10000 ms for condition
&amp#27;[38;5;32m[AndroidUiautomator2Driver@1617 (fb9d74d9)]&amp#27;[0m Matched '/element' to command name 'findElement'
&amp#27;[38;5;32m[AndroidUiautomator2Driver@1617 (fb9d74d9)]&amp#27;[0m Proxying [POST /element] to [POST http://127.0.0.1:8200/session/ed86e57b-6c3d-4ce8-a82d-2a8f7d878bf7/element] with body: {"strategy":"xpath","selector":"//android.view.View/android.widget.ScrollView/android.widget.Button[2]","context":"","multiple":false}
&amp#27;[38;5;32m[AndroidUiautomator2Driver@1617 (fb9d74d9)]&amp#27;[0m Got response with status 200: {"sessionId":"ed86e57b-6c3d-4ce8-a82d-2a8f7d878bf7","value":{"ELEMENT":"00000000-0000-0050-0000-006500000003","element-6066-11e4-a52e-4f735466cecf":"00000000-0000-0050-0000-006500000003"}}
&amp#27;[38;5;32m[AndroidUiautomator2Driver@1617 (fb9d74d9)]&amp#27;[0m Responding to client with driver.findElement() result: {"element-6066-11e4-a52e-4f735466cecf":"00000000-0000-0050-0000-006500000003","ELEMENT":"00000000-0000-0050-0000-006500000003"}
&amp#27;[38;5;0m[HTTP]&amp#27;[0m &amp#27;[37m<-- POST /session/fb9d74d9-ed9d-478e-8818-0dd8f8c290e6/element &amp#27;[39m&amp#27;[32m200&amp#27;[39m &amp#27;[90m860 ms - 137&amp#27;[39m
&amp#27;[38;5;0m[HTTP]&amp#27;[0m &amp#27;[90m&amp#27;[39m
&amp#27;[38;5;0m[HTTP]&amp#27;[0m &amp#27;[37m-->&amp#27;[39m &amp#27;[37mPOST&amp#27;[39m &amp#27;[37m/session/fb9d74d9-ed9d-478e-8818-0dd8f8c290e6/element/00000000-0000-0050-0000-006500000003/click&amp#27;[39m
&amp#27;[38;5;0m[HTTP]&amp#27;[0m &amp#27;[90m{"id":"00000000-0000-0050-0000-006500000003"}&amp#27;[39m
&amp#27;[38;5;32m[AndroidUiautomator2Driver@1617 (fb9d74d9)]&amp#27;[0m Calling AppiumDriver.click() with args: ["00000000-0000-0050-0000-006500000003","fb9d74d9-ed9d-478e-8818-0dd8f8c290e6"]
&amp#27;[38;5;32m[AndroidUiautomator2Driver@1617 (fb9d74d9)]&amp#27;[0m Matched '/element/00000000-0000-0050-0000-006500000003/click' to command name 'click'
&amp#27;[38;5;32m[AndroidUiautomator2Driver@1617 (fb9d74d9)]&amp#27;[0m Proxying [POST /element/00000000-0000-0050-0000-006500000003/click] to [POST http://127.0.0.1:8200/session/ed86e57b-6c3d-4ce8-a82d-2a8f7d878bf7/element/00000000-0000-0050-0000-006500000003/click] with body: {"element":"00000000-0000-0050-0000-006500000003"}
&amp#27;[38;5;32m[AndroidUiautomator2Driver@1617 (fb9d74d9)]&amp#27;[0m Got response with status 200: {"sessionId":"ed86e57b-6c3d-4ce8-a82d-2a8f7d878bf7","value":null}
&amp#27;[38;5;32m[AndroidUiautomator2Driver@1617 (fb9d74d9)]&amp#27;[0m Responding to client with driver.click() result: null
&amp#27;[38;5;0m[HTTP]&amp#27;[0m &amp#27;[37m<-- POST /session/fb9d74d9-ed9d-478e-8818-0dd8f8c290e6/element/00000000-0000-0050-0000-006500000003/click &amp#27;[39m&amp#27;[32m200&amp#27;[39m &amp#27;[90m50 ms - 14&amp#27;[39m
&amp#27;[38;5;0m[HTTP]&amp#27;[0m &amp#27;[90m&amp#27;[39m
&amp#27;[38;5;0m[HTTP]&amp#27;[0m &amp#27;[37m-->&amp#27;[39m &amp#27;[37mPOST&amp#27;[39m &amp#27;[37m/session/fb9d74d9-ed9d-478e-8818-0dd8f8c290e6/element&amp#27;[39m
&amp#27;[38;5;0m[HTTP]&amp#27;[0m &amp#27;[90m{"using":"xpath","value":"//android.view.View[@content-desc=\"C\"]"}&amp#27;[39m
&amp#27;[38;5;32m[AndroidUiautomator2Driver@1617 (fb9d74d9)]&amp#27;[0m Calling AppiumDriver.findElement() with args: ["xpath","//android.view.View[@content-desc=\"C\"]","fb9d74d9-ed9d-478e-8818-0dd8f8c290e6"]
&amp#27;[38;5;32m[AndroidUiautomator2Driver@1617 (fb9d74d9)]&amp#27;[0m Valid locator strategies for this request: xpath, id, class name, accessibility id, css selector, -android uiautomator
&amp#27;[38;5;32m[AndroidUiautomator2Driver@1617 (fb9d74d9)]&amp#27;[0m Waiting up to 10000 ms for condition
&amp#27;[38;5;32m[AndroidUiautomator2Driver@1617 (fb9d74d9)]&amp#27;[0m Matched '/element' to command name 'findElement'
&amp#27;[38;5;32m[AndroidUiautomator2Driver@1617 (fb9d74d9)]&amp#27;[0m Proxying [POST /element] to [POST http://127.0.0.1:8200/session/ed86e57b-6c3d-4ce8-a82d-2a8f7d878bf7/element] with body: {"strategy":"xpath","selector":"//android.view.View[@content-desc=\"C\"]","context":"","multiple":false}
&amp#27;[38;5;32m[AndroidUiautomator2Driver@1617 (fb9d74d9)]&amp#27;[0m Got response with status 404: {"sessionId":"ed86e57b-6c3d-4ce8-a82d-2a8f7d878bf7","value":{"error":"no such element","message":"An element could not be located on the page using the given search parameters","stacktrace":"io.appium.uiautomator2.common.exceptions.ElementNotFoundException: An element could not be located on the page using the given search parameters\n\tat io.appium.uiautomator2.utils.ElementLocationHelpers.findElement(ElementLocationHelpers.java:156)\n\tat io.appium.uiautomator2.handler.FindElement.safeHandle(FindElement.java:60)\n\tat io.appium.uiautomator2.handler.request.SafeRequestHandler.handle(SafeRequestHandler.java:59)\n\tat io.appium.uiautomator2.server.AppiumServlet.handleRequest(AppiumServlet.java:277)\n\tat io.appium.uiautomator2.server.AppiumServlet.handleHttpRequest(AppiumServlet.java:271)\n\tat io.appium.uiautomator2.http.ServerHandler.channelRead(ServerHandler.java:77)\n\tat io.netty.channel.AbstractChannelHandlerContext.invokeChannelRead(AbstractChannelHandlerContext.java:366)\n\tat io.netty.channel.Abstr...
&amp#27;[38;5;128m[W3C]&amp#27;[0m Matched W3C error code 'no such element' to NoSuchElementError
&amp#27;[38;5;32m[AndroidUiautomator2Driver@1617 (fb9d74d9)]&amp#27;[0m Waited for 33 ms so far
&amp#27;[38;5;32m[AndroidUiautomator2Driver@1617 (fb9d74d9)]&amp#27;[0m Matched '/element' to command name 'findElement'
&amp#27;[38;5;32m[AndroidUiautomator2Driver@1617 (fb9d74d9)]&amp#27;[0m Proxying [POST /element] to [POST http://127.0.0.1:8200/session/ed86e57b-6c3d-4ce8-a82d-2a8f7d878bf7/element] with body: {"strategy":"xpath","selector":"//android.view.View[@content-desc=\"C\"]","context":"","multiple":false}
&amp#27;[38;5;32m[AndroidUiautomator2Driver@1617 (fb9d74d9)]&amp#27;[0m Got response with status 200: {"sessionId":"ed86e57b-6c3d-4ce8-a82d-2a8f7d878bf7","value":{"ELEMENT":"00000000-0000-0050-0000-008200000003","element-6066-11e4-a52e-4f735466cecf":"00000000-0000-0050-0000-008200000003"}}
&amp#27;[38;5;32m[AndroidUiautomator2Driver@1617 (fb9d74d9)]&amp#27;[0m Responding to client with driver.findElement() result: {"element-6066-11e4-a52e-4f735466cecf":"00000000-0000-0050-0000-008200000003","ELEMENT":"00000000-0000-0050-0000-008200000003"}
&amp#27;[38;5;0m[HTTP]&amp#27;[0m &amp#27;[37m<-- POST /session/fb9d74d9-ed9d-478e-8818-0dd8f8c290e6/element &amp#27;[39m&amp#27;[32m200&amp#27;[39m &amp#27;[90m791 ms - 137&amp#27;[39m
&amp#27;[38;5;0m[HTTP]&amp#27;[0m &amp#27;[90m&amp#27;[39m
&amp#27;[38;5;0m[HTTP]&amp#27;[0m &amp#27;[37m-->&amp#27;[39m &amp#27;[37mPOST&amp#27;[39m &amp#27;[37m/session/fb9d74d9-ed9d-478e-8818-0dd8f8c290e6/element/00000000-0000-0050-0000-008200000003/click&amp#27;[39m
&amp#27;[38;5;0m[HTTP]&amp#27;[0m &amp#27;[90m{"id":"00000000-0000-0050-0000-008200000003"}&amp#27;[39m
&amp#27;[38;5;32m[AndroidUiautomator2Driver@1617 (fb9d74d9)]&amp#27;[0m Calling AppiumDriver.click() with args: ["00000000-0000-0050-0000-008200000003","fb9d74d9-ed9d-478e-8818-0dd8f8c290e6"]
&amp#27;[38;5;32m[AndroidUiautomator2Driver@1617 (fb9d74d9)]&amp#27;[0m Matched '/element/00000000-0000-0050-0000-008200000003/click' to command name 'click'
&amp#27;[38;5;32m[AndroidUiautomator2Driver@1617 (fb9d74d9)]&amp#27;[0m Proxying [POST /element/00000000-0000-0050-0000-008200000003/click] to [POST http://127.0.0.1:8200/session/ed86e57b-6c3d-4ce8-a82d-2a8f7d878bf7/element/00000000-0000-0050-0000-008200000003/click] with body: {"element":"00000000-0000-0050-0000-008200000003"}
&amp#27;[38;5;32m[AndroidUiautomator2Driver@1617 (fb9d74d9)]&amp#27;[0m Got response with status 200: {"sessionId":"ed86e57b-6c3d-4ce8-a82d-2a8f7d878bf7","value":null}
&amp#27;[38;5;32m[AndroidUiautomator2Driver@1617 (fb9d74d9)]&amp#27;[0m Responding to client with driver.click() result: null
&amp#27;[38;5;0m[HTTP]&amp#27;[0m &amp#27;[37m<-- POST /session/fb9d74d9-ed9d-478e-8818-0dd8f8c290e6/element/00000000-0000-0050-0000-008200000003/click &amp#27;[39m&amp#27;[32m200&amp#27;[39m &amp#27;[90m870 ms - 14&amp#27;[39m
&amp#27;[38;5;0m[HTTP]&amp#27;[0m &amp#27;[90m&amp#27;[39m
&amp#27;[38;5;0m[HTTP]&amp#27;[0m &amp#27;[37m-->&amp#27;[39m &amp#27;[37mPOST&amp#27;[39m &amp#27;[37m/session/fb9d74d9-ed9d-478e-8818-0dd8f8c290e6/element&amp#27;[39m
&amp#27;[38;5;0m[HTTP]&amp#27;[0m &amp#27;[90m{"using":"xpath","value":"//android.view.View/android.widget.ScrollView/android.widget.Button[4]"}&amp#27;[39m
&amp#27;[38;5;32m[AndroidUiautomator2Driver@1617 (fb9d74d9)]&amp#27;[0m Calling AppiumDriver.findElement() with args: ["xpath","//android.view.View/android.widget.ScrollView/android.widget.Button[4]","fb9d74d9-ed9d-478e-8818-0dd8f8c290e6"]
&amp#27;[38;5;32m[AndroidUiautomator2Driver@1617 (fb9d74d9)]&amp#27;[0m Valid locator strategies for this request: xpath, id, class name, accessibility id, css selector, -android uiautomator
&amp#27;[38;5;32m[AndroidUiautomator2Driver@1617 (fb9d74d9)]&amp#27;[0m Waiting up to 10000 ms for condition
&amp#27;[38;5;32m[AndroidUiautomator2Driver@1617 (fb9d74d9)]&amp#27;[0m Matched '/element' to command name 'findElement'
&amp#27;[38;5;32m[AndroidUiautomator2Driver@1617 (fb9d74d9)]&amp#27;[0m Proxying [POST /element] to [POST http://127.0.0.1:8200/session/ed86e57b-6c3d-4ce8-a82d-2a8f7d878bf7/element] with body: {"strategy":"xpath","selector":"//android.view.View/android.widget.ScrollView/android.widget.Button[4]","context":"","multiple":false}
&amp#27;[38;5;32m[AndroidUiautomator2Driver@1617 (fb9d74d9)]&amp#27;[0m Got response with status 200: {"sessionId":"ed86e57b-6c3d-4ce8-a82d-2a8f7d878bf7","value":{"ELEMENT":"00000000-0000-0050-0000-006900000003","element-6066-11e4-a52e-4f735466cecf":"00000000-0000-0050-0000-006900000003"}}
&amp#27;[38;5;32m[AndroidUiautomator2Driver@1617 (fb9d74d9)]&amp#27;[0m Responding to client with driver.findElement() result: {"element-6066-11e4-a52e-4f735466cecf":"00000000-0000-0050-0000-006900000003","ELEMENT":"00000000-0000-0050-0000-006900000003"}
&amp#27;[38;5;0m[HTTP]&amp#27;[0m &amp#27;[37m<-- POST /session/fb9d74d9-ed9d-478e-8818-0dd8f8c290e6/element &amp#27;[39m&amp#27;[32m200&amp#27;[39m &amp#27;[90m30 ms - 137&amp#27;[39m
&amp#27;[38;5;0m[HTTP]&amp#27;[0m &amp#27;[90m&amp#27;[39m
&amp#27;[38;5;0m[HTTP]&amp#27;[0m &amp#27;[37m-->&amp#27;[39m &amp#27;[37mPOST&amp#27;[39m &amp#27;[37m/session/fb9d74d9-ed9d-478e-8818-0dd8f8c290e6/element/00000000-0000-0050-0000-006900000003/click&amp#27;[39m
&amp#27;[38;5;0m[HTTP]&amp#27;[0m &amp#27;[90m{"id":"00000000-0000-0050-0000-006900000003"}&amp#27;[39m
&amp#27;[38;5;32m[AndroidUiautomator2Driver@1617 (fb9d74d9)]&amp#27;[0m Calling AppiumDriver.click() with args: ["00000000-0000-0050-0000-006900000003","fb9d74d9-ed9d-478e-8818-0dd8f8c290e6"]
&amp#27;[38;5;32m[AndroidUiautomator2Driver@1617 (fb9d74d9)]&amp#27;[0m Matched '/element/00000000-0000-0050-0000-006900000003/click' to command name 'click'
&amp#27;[38;5;32m[AndroidUiautomator2Driver@1617 (fb9d74d9)]&amp#27;[0m Proxying [POST /element/00000000-0000-0050-0000-006900000003/click] to [POST http://127.0.0.1:8200/session/ed86e57b-6c3d-4ce8-a82d-2a8f7d878bf7/element/00000000-0000-0050-0000-006900000003/click] with body: {"element":"00000000-0000-0050-0000-006900000003"}
&amp#27;[38;5;32m[AndroidUiautomator2Driver@1617 (fb9d74d9)]&amp#27;[0m Got response with status 200: {"sessionId":"ed86e57b-6c3d-4ce8-a82d-2a8f7d878bf7","value":null}
&amp#27;[38;5;32m[AndroidUiautomator2Driver@1617 (fb9d74d9)]&amp#27;[0m Responding to client with driver.click() result: null
&amp#27;[38;5;0m[HTTP]&amp#27;[0m &amp#27;[37m<-- POST /session/fb9d74d9-ed9d-478e-8818-0dd8f8c290e6/element/00000000-0000-0050-0000-006900000003/click &amp#27;[39m&amp#27;[32m200&amp#27;[39m &amp#27;[90m48 ms - 14&amp#27;[39m
&amp#27;[38;5;0m[HTTP]&amp#27;[0m &amp#27;[90m&amp#27;[39m
&amp#27;[38;5;0m[HTTP]&amp#27;[0m &amp#27;[37m-->&amp#27;[39m &amp#27;[37mPOST&amp#27;[39m &amp#27;[37m/session/fb9d74d9-ed9d-478e-8818-0dd8f8c290e6/element&amp#27;[39m
&amp#27;[38;5;0m[HTTP]&amp#27;[0m &amp#27;[90m{"using":"xpath","value":"//android.view.View/android.widget.ScrollView/android.widget.Button[4]"}&amp#27;[39m
&amp#27;[38;5;32m[AndroidUiautomator2Driver@1617 (fb9d74d9)]&amp#27;[0m Calling AppiumDriver.findElement() with args: ["xpath","//android.view.View/android.widget.ScrollView/android.widget.Button[4]","fb9d74d9-ed9d-478e-8818-0dd8f8c290e6"]
&amp#27;[38;5;32m[AndroidUiautomator2Driver@1617 (fb9d74d9)]&amp#27;[0m Valid locator strategies for this request: xpath, id, class name, accessibility id, css selector, -android uiautomator
&amp#27;[38;5;32m[AndroidUiautomator2Driver@1617 (fb9d74d9)]&amp#27;[0m Waiting up to 10000 ms for condition
&amp#27;[38;5;32m[AndroidUiautomator2Driver@1617 (fb9d74d9)]&amp#27;[0m Matched '/element' to command name 'findElement'
&amp#27;[38;5;32m[AndroidUiautomator2Driver@1617 (fb9d74d9)]&amp#27;[0m Proxying [POST /element] to [POST http://127.0.0.1:8200/session/ed86e57b-6c3d-4ce8-a82d-2a8f7d878bf7/element] with body: {"strategy":"xpath","selector":"//android.view.View/android.widget.ScrollView/android.widget.Button[4]","context":"","multiple":false}
&amp#27;[38;5;32m[AndroidUiautomator2Driver@1617 (fb9d74d9)]&amp#27;[0m Got response with status 200: {"sessionId":"ed86e57b-6c3d-4ce8-a82d-2a8f7d878bf7","value":{"ELEMENT":"00000000-0000-0050-0000-006900000003","element-6066-11e4-a52e-4f735466cecf":"00000000-0000-0050-0000-006900000003"}}
&amp#27;[38;5;32m[AndroidUiautomator2Driver@1617 (fb9d74d9)]&amp#27;[0m Responding to client with driver.findElement() result: {"element-6066-11e4-a52e-4f735466cecf":"00000000-0000-0050-0000-006900000003","ELEMENT":"00000000-0000-0050-0000-006900000003"}
&amp#27;[38;5;0m[HTTP]&amp#27;[0m &amp#27;[37m<-- POST /session/fb9d74d9-ed9d-478e-8818-0dd8f8c290e6/element &amp#27;[39m&amp#27;[32m200&amp#27;[39m &amp#27;[90m561 ms - 137&amp#27;[39m
&amp#27;[38;5;0m[HTTP]&amp#27;[0m &amp#27;[90m&amp#27;[39m
&amp#27;[38;5;0m[HTTP]&amp#27;[0m &amp#27;[37m-->&amp#27;[39m &amp#27;[37mPOST&amp#27;[39m &amp#27;[37m/session/fb9d74d9-ed9d-478e-8818-0dd8f8c290e6/element/00000000-0000-0050-0000-006900000003/click&amp#27;[39m
&amp#27;[38;5;0m[HTTP]&amp#27;[0m &amp#27;[90m{"id":"00000000-0000-0050-0000-006900000003"}&amp#27;[39m
&amp#27;[38;5;32m[AndroidUiautomator2Driver@1617 (fb9d74d9)]&amp#27;[0m Calling AppiumDriver.click() with args: ["00000000-0000-0050-0000-006900000003","fb9d74d9-ed9d-478e-8818-0dd8f8c290e6"]
&amp#27;[38;5;32m[AndroidUiautomator2Driver@1617 (fb9d74d9)]&amp#27;[0m Matched '/element/00000000-0000-0050-0000-006900000003/click' to command name 'click'
&amp#27;[38;5;32m[AndroidUiautomator2Driver@1617 (fb9d74d9)]&amp#27;[0m Proxying [POST /element/00000000-0000-0050-0000-006900000003/click] to [POST http://127.0.0.1:8200/session/ed86e57b-6c3d-4ce8-a82d-2a8f7d878bf7/element/00000000-0000-0050-0000-006900000003/click] with body: {"element":"00000000-0000-0050-0000-006900000003"}
&amp#27;[38;5;32m[AndroidUiautomator2Driver@1617 (fb9d74d9)]&amp#27;[0m Got response with status 200: {"sessionId":"ed86e57b-6c3d-4ce8-a82d-2a8f7d878bf7","value":null}
&amp#27;[38;5;32m[AndroidUiautomator2Driver@1617 (fb9d74d9)]&amp#27;[0m Responding to client with driver.click() result: null
&amp#27;[38;5;0m[HTTP]&amp#27;[0m &amp#27;[37m<-- POST /session/fb9d74d9-ed9d-478e-8818-0dd8f8c290e6/element/00000000-0000-0050-0000-006900000003/click &amp#27;[39m&amp#27;[32m200&amp#27;[39m &amp#27;[90m552 ms - 14&amp#27;[39m
&amp#27;[38;5;0m[HTTP]&amp#27;[0m &amp#27;[90m&amp#27;[39m
&amp#27;[38;5;0m[HTTP]&amp#27;[0m &amp#27;[37m-->&amp#27;[39m &amp#27;[37mPOST&amp#27;[39m &amp#27;[37m/session/fb9d74d9-ed9d-478e-8818-0dd8f8c290e6/element&amp#27;[39m
&amp#27;[38;5;0m[HTTP]&amp#27;[0m &amp#27;[90m{"using":"xpath","value":"//android.view.View/android.widget.ScrollView/android.widget.Button[3]"}&amp#27;[39m
&amp#27;[38;5;32m[AndroidUiautomator2Driver@1617 (fb9d74d9)]&amp#27;[0m Calling AppiumDriver.findElement() with args: ["xpath","//android.view.View/android.widget.ScrollView/android.widget.Button[3]","fb9d74d9-ed9d-478e-8818-0dd8f8c290e6"]
&amp#27;[38;5;32m[AndroidUiautomator2Driver@1617 (fb9d74d9)]&amp#27;[0m Valid locator strategies for this request: xpath, id, class name, accessibility id, css selector, -android uiautomator
&amp#27;[38;5;32m[AndroidUiautomator2Driver@1617 (fb9d74d9)]&amp#27;[0m Waiting up to 10000 ms for condition
&amp#27;[38;5;32m[AndroidUiautomator2Driver@1617 (fb9d74d9)]&amp#27;[0m Matched '/element' to command name 'findElement'
&amp#27;[38;5;32m[AndroidUiautomator2Driver@1617 (fb9d74d9)]&amp#27;[0m Proxying [POST /element] to [POST http://127.0.0.1:8200/session/ed86e57b-6c3d-4ce8-a82d-2a8f7d878bf7/element] with body: {"strategy":"xpath","selector":"//android.view.View/android.widget.ScrollView/android.widget.Button[3]","context":"","multiple":false}
&amp#27;[38;5;32m[AndroidUiautomator2Driver@1617 (fb9d74d9)]&amp#27;[0m Got response with status 200: {"sessionId":"ed86e57b-6c3d-4ce8-a82d-2a8f7d878bf7","value":{"ELEMENT":"00000000-0000-0050-0000-006700000003","element-6066-11e4-a52e-4f735466cecf":"00000000-0000-0050-0000-006700000003"}}
&amp#27;[38;5;32m[AndroidUiautomator2Driver@1617 (fb9d74d9)]&amp#27;[0m Responding to client with driver.findElement() result: {"element-6066-11e4-a52e-4f735466cecf":"00000000-0000-0050-0000-006700000003","ELEMENT":"00000000-0000-0050-0000-006700000003"}
&amp#27;[38;5;0m[HTTP]&amp#27;[0m &amp#27;[37m<-- POST /session/fb9d74d9-ed9d-478e-8818-0dd8f8c290e6/element &amp#27;[39m&amp#27;[32m200&amp#27;[39m &amp#27;[90m26 ms - 137&amp#27;[39m
&amp#27;[38;5;0m[HTTP]&amp#27;[0m &amp#27;[90m&amp#27;[39m
&amp#27;[38;5;0m[HTTP]&amp#27;[0m &amp#27;[37m-->&amp#27;[39m &amp#27;[37mPOST&amp#27;[39m &amp#27;[37m/session/fb9d74d9-ed9d-478e-8818-0dd8f8c290e6/element/00000000-0000-0050-0000-006700000003/click&amp#27;[39m
&amp#27;[38;5;0m[HTTP]&amp#27;[0m &amp#27;[90m{"id":"00000000-0000-0050-0000-006700000003"}&amp#27;[39m
&amp#27;[38;5;32m[AndroidUiautomator2Driver@1617 (fb9d74d9)]&amp#27;[0m Calling AppiumDriver.click() with args: ["00000000-0000-0050-0000-006700000003","fb9d74d9-ed9d-478e-8818-0dd8f8c290e6"]
&amp#27;[38;5;32m[AndroidUiautomator2Driver@1617 (fb9d74d9)]&amp#27;[0m Matched '/element/00000000-0000-0050-0000-006700000003/click' to command name 'click'
&amp#27;[38;5;32m[AndroidUiautomator2Driver@1617 (fb9d74d9)]&amp#27;[0m Proxying [POST /element/00000000-0000-0050-0000-006700000003/click] to [POST http://127.0.0.1:8200/session/ed86e57b-6c3d-4ce8-a82d-2a8f7d878bf7/element/00000000-0000-0050-0000-006700000003/click] with body: {"element":"00000000-0000-0050-0000-006700000003"}
&amp#27;[38;5;32m[AndroidUiautomator2Driver@1617 (fb9d74d9)]&amp#27;[0m Got response with status 200: {"sessionId":"ed86e57b-6c3d-4ce8-a82d-2a8f7d878bf7","value":null}
&amp#27;[38;5;32m[AndroidUiautomator2Driver@1617 (fb9d74d9)]&amp#27;[0m Responding to client with driver.click() result: null
&amp#27;[38;5;0m[HTTP]&amp#27;[0m &amp#27;[37m<-- POST /session/fb9d74d9-ed9d-478e-8818-0dd8f8c290e6/element/00000000-0000-0050-0000-006700000003/click &amp#27;[39m&amp#27;[32m200&amp#27;[39m &amp#27;[90m578 ms - 14&amp#27;[39m
&amp#27;[38;5;0m[HTTP]&amp#27;[0m &amp#27;[90m&amp#27;[39m
&amp#27;[38;5;0m[HTTP]&amp#27;[0m &amp#27;[37m-->&amp#27;[39m &amp#27;[37mPOST&amp#27;[39m &amp#27;[37m/session/fb9d74d9-ed9d-478e-8818-0dd8f8c290e6/elements&amp#27;[39m
&amp#27;[38;5;0m[HTTP]&amp#27;[0m &amp#27;[90m{"using":"xpath","value":"//android.view.View/android.widget.Button"}&amp#27;[39m
&amp#27;[38;5;32m[AndroidUiautomator2Driver@1617 (fb9d74d9)]&amp#27;[0m Calling AppiumDriver.findElements() with args: ["xpath","//android.view.View/android.widget.Button","fb9d74d9-ed9d-478e-8818-0dd8f8c290e6"]
&amp#27;[38;5;32m[AndroidUiautomator2Driver@1617 (fb9d74d9)]&amp#27;[0m Valid locator strategies for this request: xpath, id, class name, accessibility id, css selector, -android uiautomator
&amp#27;[38;5;32m[AndroidUiautomator2Driver@1617 (fb9d74d9)]&amp#27;[0m Waiting up to 10000 ms for condition
&amp#27;[38;5;32m[AndroidUiautomator2Driver@1617 (fb9d74d9)]&amp#27;[0m Matched '/elements' to command name 'findElements'
&amp#27;[38;5;32m[AndroidUiautomator2Driver@1617 (fb9d74d9)]&amp#27;[0m Proxying [POST /elements] to [POST http://127.0.0.1:8200/session/ed86e57b-6c3d-4ce8-a82d-2a8f7d878bf7/elements] with body: {"strategy":"xpath","selector":"//android.view.View/android.widget.Button","context":"","multiple":true}
&amp#27;[38;5;32m[AndroidUiautomator2Driver@1617 (fb9d74d9)]&amp#27;[0m Got response with status 200: {"sessionId":"ed86e57b-6c3d-4ce8-a82d-2a8f7d878bf7","value":[{"ELEMENT":"00000000-0000-0050-0000-006b00000003","element-6066-11e4-a52e-4f735466cecf":"00000000-0000-0050-0000-006b00000003"},{"ELEMENT":"00000000-0000-0050-0000-006d00000003","element-6066-11e4-a52e-4f735466cecf":"00000000-0000-0050-0000-006d00000003"}]}
&amp#27;[38;5;32m[AndroidUiautomator2Driver@1617 (fb9d74d9)]&amp#27;[0m Responding to client with driver.findElements() result: [{"element-6066-11e4-a52e-4f735466cecf":"00000000-0000-0050-0000-006b00000003","ELEMENT":"00000000-0000-0050-0000-006b00000003"},{"element-6066-11e4-a52e-4f735466cecf":"00000000-0000-0050-0000-006d00000003","ELEMENT":"00000000-0000-0050-0000-006d00000003"}]
&amp#27;[38;5;0m[HTTP]&amp#27;[0m &amp#27;[37m<-- POST /session/fb9d74d9-ed9d-478e-8818-0dd8f8c290e6/elements &amp#27;[39m&amp#27;[32m200&amp#27;[39m &amp#27;[90m39 ms - 267&amp#27;[39m
&amp#27;[38;5;0m[HTTP]&amp#27;[0m &amp#27;[90m&amp#27;[39m
&amp#27;[38;5;0m[HTTP]&amp#27;[0m &amp#27;[37m-->&amp#27;[39m &amp#27;[37mPOST&amp#27;[39m &amp#27;[37m/session/fb9d74d9-ed9d-478e-8818-0dd8f8c290e6/element/00000000-0000-0050-0000-006d00000003/click&amp#27;[39m
&amp#27;[38;5;0m[HTTP]&amp#27;[0m &amp#27;[90m{"id":"00000000-0000-0050-0000-006d00000003"}&amp#27;[39m
&amp#27;[38;5;32m[AndroidUiautomator2Driver@1617 (fb9d74d9)]&amp#27;[0m Calling AppiumDriver.click() with args: ["00000000-0000-0050-0000-006d00000003","fb9d74d9-ed9d-478e-8818-0dd8f8c290e6"]
&amp#27;[38;5;32m[AndroidUiautomator2Driver@1617 (fb9d74d9)]&amp#27;[0m Matched '/element/00000000-0000-0050-0000-006d00000003/click' to command name 'click'
&amp#27;[38;5;32m[AndroidUiautomator2Driver@1617 (fb9d74d9)]&amp#27;[0m Proxying [POST /element/00000000-0000-0050-0000-006d00000003/click] to [POST http://127.0.0.1:8200/session/ed86e57b-6c3d-4ce8-a82d-2a8f7d878bf7/element/00000000-0000-0050-0000-006d00000003/click] with body: {"element":"00000000-0000-0050-0000-006d00000003"}
&amp#27;[38;5;32m[AndroidUiautomator2Driver@1617 (fb9d74d9)]&amp#27;[0m Got response with status 200: {"sessionId":"ed86e57b-6c3d-4ce8-a82d-2a8f7d878bf7","value":null}
&amp#27;[38;5;32m[AndroidUiautomator2Driver@1617 (fb9d74d9)]&amp#27;[0m Responding to client with driver.click() result: null
&amp#27;[38;5;0m[HTTP]&amp#27;[0m &amp#27;[37m<-- POST /session/fb9d74d9-ed9d-478e-8818-0dd8f8c290e6/element/00000000-0000-0050-0000-006d00000003/click &amp#27;[39m&amp#27;[32m200&amp#27;[39m &amp#27;[90m679 ms - 14&amp#27;[39m
&amp#27;[38;5;0m[HTTP]&amp#27;[0m &amp#27;[90m&amp#27;[39m
&amp#27;[38;5;0m[HTTP]&amp#27;[0m &amp#27;[37m-->&amp#27;[39m &amp#27;[37mPOST&amp#27;[39m &amp#27;[37m/session/fb9d74d9-ed9d-478e-8818-0dd8f8c290e6/element&amp#27;[39m
&amp#27;[38;5;0m[HTTP]&amp#27;[0m &amp#27;[90m{"using":"xpath","value":"//android.view.View[2]/android.view.View/android.widget.ImageView[1]/android.view.View[2]"}&amp#27;[39m
&amp#27;[38;5;32m[AndroidUiautomator2Driver@1617 (fb9d74d9)]&amp#27;[0m Calling AppiumDriver.findElement() with args: ["xpath","//android.view.View[2]/android.view.View/android.widget.ImageView[1]/android.view.View[2]","fb9d74d9-ed9d-478e-8818-0dd8f8c290e6"]
&amp#27;[38;5;32m[AndroidUiautomator2Driver@1617 (fb9d74d9)]&amp#27;[0m Valid locator strategies for this request: xpath, id, class name, accessibility id, css selector, -android uiautomator
&amp#27;[38;5;32m[AndroidUiautomator2Driver@1617 (fb9d74d9)]&amp#27;[0m Waiting up to 10000 ms for condition
&amp#27;[38;5;32m[AndroidUiautomator2Driver@1617 (fb9d74d9)]&amp#27;[0m Matched '/element' to command name 'findElement'
&amp#27;[38;5;32m[AndroidUiautomator2Driver@1617 (fb9d74d9)]&amp#27;[0m Proxying [POST /element] to [POST http://127.0.0.1:8200/session/ed86e57b-6c3d-4ce8-a82d-2a8f7d878bf7/element] with body: {"strategy":"xpath","selector":"//android.view.View[2]/android.view.View/android.widget.ImageView[1]/android.view.View[2]","context":"","multiple":false}
&amp#27;[38;5;32m[AndroidUiautomator2Driver@1617 (fb9d74d9)]&amp#27;[0m Got response with status 200: {"sessionId":"ed86e57b-6c3d-4ce8-a82d-2a8f7d878bf7","value":{"ELEMENT":"00000000-0000-0050-0000-008900000003","element-6066-11e4-a52e-4f735466cecf":"00000000-0000-0050-0000-008900000003"}}
&amp#27;[38;5;32m[AndroidUiautomator2Driver@1617 (fb9d74d9)]&amp#27;[0m Responding to client with driver.findElement() result: {"element-6066-11e4-a52e-4f735466cecf":"00000000-0000-0050-0000-008900000003","ELEMENT":"00000000-0000-0050-0000-008900000003"}
&amp#27;[38;5;0m[HTTP]&amp#27;[0m &amp#27;[37m<-- POST /session/fb9d74d9-ed9d-478e-8818-0dd8f8c290e6/element &amp#27;[39m&amp#27;[32m200&amp#27;[39m &amp#27;[90m32 ms - 137&amp#27;[39m
&amp#27;[38;5;0m[HTTP]&amp#27;[0m &amp#27;[90m&amp#27;[39m
&amp#27;[38;5;0m[HTTP]&amp#27;[0m &amp#27;[37m-->&amp#27;[39m &amp#27;[37mPOST&amp#27;[39m &amp#27;[37m/session/fb9d74d9-ed9d-478e-8818-0dd8f8c290e6/element/00000000-0000-0050-0000-008900000003/click&amp#27;[39m
&amp#27;[38;5;0m[HTTP]&amp#27;[0m &amp#27;[90m{"id":"00000000-0000-0050-0000-008900000003"}&amp#27;[39m
&amp#27;[38;5;32m[AndroidUiautomator2Driver@1617 (fb9d74d9)]&amp#27;[0m Calling AppiumDriver.click() with args: ["00000000-0000-0050-0000-008900000003","fb9d74d9-ed9d-478e-8818-0dd8f8c290e6"]
&amp#27;[38;5;32m[AndroidUiautomator2Driver@1617 (fb9d74d9)]&amp#27;[0m Matched '/element/00000000-0000-0050-0000-008900000003/click' to command name 'click'
&amp#27;[38;5;32m[AndroidUiautomator2Driver@1617 (fb9d74d9)]&amp#27;[0m Proxying [POST /element/00000000-0000-0050-0000-008900000003/click] to [POST http://127.0.0.1:8200/session/ed86e57b-6c3d-4ce8-a82d-2a8f7d878bf7/element/00000000-0000-0050-0000-008900000003/click] with body: {"element":"00000000-0000-0050-0000-008900000003"}
&amp#27;[38;5;32m[AndroidUiautomator2Driver@1617 (fb9d74d9)]&amp#27;[0m Got response with status 200: {"sessionId":"ed86e57b-6c3d-4ce8-a82d-2a8f7d878bf7","value":null}
&amp#27;[38;5;32m[AndroidUiautomator2Driver@1617 (fb9d74d9)]&amp#27;[0m Responding to client with driver.click() result: null
&amp#27;[38;5;0m[HTTP]&amp#27;[0m &amp#27;[37m<-- POST /session/fb9d74d9-ed9d-478e-8818-0dd8f8c290e6/element/00000000-0000-0050-0000-008900000003/click &amp#27;[39m&amp#27;[32m200&amp#27;[39m &amp#27;[90m573 ms - 14&amp#27;[39m
&amp#27;[38;5;0m[HTTP]&amp#27;[0m &amp#27;[90m&amp#27;[39m
&amp#27;[38;5;0m[HTTP]&amp#27;[0m &amp#27;[37m-->&amp#27;[39m &amp#27;[37mPOST&amp#27;[39m &amp#27;[37m/session/fb9d74d9-ed9d-478e-8818-0dd8f8c290e6/element&amp#27;[39m
&amp#27;[38;5;0m[HTTP]&amp#27;[0m &amp#27;[90m{"using":"xpath","value":"//android.view.View[2]/android.view.View/android.widget.ImageView[1]/android.view.View[2]"}&amp#27;[39m
&amp#27;[38;5;32m[AndroidUiautomator2Driver@1617 (fb9d74d9)]&amp#27;[0m Calling AppiumDriver.findElement() with args: ["xpath","//android.view.View[2]/android.view.View/android.widget.ImageView[1]/android.view.View[2]","fb9d74d9-ed9d-478e-8818-0dd8f8c290e6"]
&amp#27;[38;5;32m[AndroidUiautomator2Driver@1617 (fb9d74d9)]&amp#27;[0m Valid locator strategies for this request: xpath, id, class name, accessibility id, css selector, -android uiautomator
&amp#27;[38;5;32m[AndroidUiautomator2Driver@1617 (fb9d74d9)]&amp#27;[0m Waiting up to 10000 ms for condition
&amp#27;[38;5;32m[AndroidUiautomator2Driver@1617 (fb9d74d9)]&amp#27;[0m Matched '/element' to command name 'findElement'
&amp#27;[38;5;32m[AndroidUiautomator2Driver@1617 (fb9d74d9)]&amp#27;[0m Proxying [POST /element] to [POST http://127.0.0.1:8200/session/ed86e57b-6c3d-4ce8-a82d-2a8f7d878bf7/element] with body: {"strategy":"xpath","selector":"//android.view.View[2]/android.view.View/android.widget.ImageView[1]/android.view.View[2]","context":"","multiple":false}
&amp#27;[38;5;32m[AndroidUiautomator2Driver@1617 (fb9d74d9)]&amp#27;[0m Got response with status 200: {"sessionId":"ed86e57b-6c3d-4ce8-a82d-2a8f7d878bf7","value":{"ELEMENT":"00000000-0000-0050-0000-008900000003","element-6066-11e4-a52e-4f735466cecf":"00000000-0000-0050-0000-008900000003"}}
&amp#27;[38;5;32m[AndroidUiautomator2Driver@1617 (fb9d74d9)]&amp#27;[0m Responding to client with driver.findElement() result: {"element-6066-11e4-a52e-4f735466cecf":"00000000-0000-0050-0000-008900000003","ELEMENT":"00000000-0000-0050-0000-008900000003"}
&amp#27;[38;5;0m[HTTP]&amp#27;[0m &amp#27;[37m<-- POST /session/fb9d74d9-ed9d-478e-8818-0dd8f8c290e6/element &amp#27;[39m&amp#27;[32m200&amp#27;[39m &amp#27;[90m55 ms - 137&amp#27;[39m
&amp#27;[38;5;0m[HTTP]&amp#27;[0m &amp#27;[90m&amp#27;[39m
&amp#27;[38;5;0m[HTTP]&amp#27;[0m &amp#27;[37m-->&amp#27;[39m &amp#27;[37mPOST&amp#27;[39m &amp#27;[37m/session/fb9d74d9-ed9d-478e-8818-0dd8f8c290e6/element/00000000-0000-0050-0000-008900000003/click&amp#27;[39m
&amp#27;[38;5;0m[HTTP]&amp#27;[0m &amp#27;[90m{"id":"00000000-0000-0050-0000-008900000003"}&amp#27;[39m
&amp#27;[38;5;32m[AndroidUiautomator2Driver@1617 (fb9d74d9)]&amp#27;[0m Calling AppiumDriver.click() with args: ["00000000-0000-0050-0000-008900000003","fb9d74d9-ed9d-478e-8818-0dd8f8c290e6"]
&amp#27;[38;5;32m[AndroidUiautomator2Driver@1617 (fb9d74d9)]&amp#27;[0m Matched '/element/00000000-0000-0050-0000-008900000003/click' to command name 'click'
&amp#27;[38;5;32m[AndroidUiautomator2Driver@1617 (fb9d74d9)]&amp#27;[0m Proxying [POST /element/00000000-0000-0050-0000-008900000003/click] to [POST http://127.0.0.1:8200/session/ed86e57b-6c3d-4ce8-a82d-2a8f7d878bf7/element/00000000-0000-0050-0000-008900000003/click] with body: {"element":"00000000-0000-0050-0000-008900000003"}
&amp#27;[38;5;32m[AndroidUiautomator2Driver@1617 (fb9d74d9)]&amp#27;[0m Got response with status 200: {"sessionId":"ed86e57b-6c3d-4ce8-a82d-2a8f7d878bf7","value":null}
&amp#27;[38;5;32m[AndroidUiautomator2Driver@1617 (fb9d74d9)]&amp#27;[0m Responding to client with driver.click() result: null
&amp#27;[38;5;0m[HTTP]&amp#27;[0m &amp#27;[37m<-- POST /session/fb9d74d9-ed9d-478e-8818-0dd8f8c290e6/element/00000000-0000-0050-0000-008900000003/click &amp#27;[39m&amp#27;[32m200&amp#27;[39m &amp#27;[90m562 ms - 14&amp#27;[39m
&amp#27;[38;5;0m[HTTP]&amp#27;[0m &amp#27;[90m&amp#27;[39m
&amp#27;[38;5;0m[HTTP]&amp#27;[0m &amp#27;[37m-->&amp#27;[39m &amp#27;[37mPOST&amp#27;[39m &amp#27;[37m/session/fb9d74d9-ed9d-478e-8818-0dd8f8c290e6/element&amp#27;[39m
&amp#27;[38;5;0m[HTTP]&amp#27;[0m &amp#27;[90m{"using":"xpath","value":"//android.view.View[2]/android.view.View/android.widget.ImageView[1]/android.view.View[1]"}&amp#27;[39m
&amp#27;[38;5;32m[AndroidUiautomator2Driver@1617 (fb9d74d9)]&amp#27;[0m Calling AppiumDriver.findElement() with args: ["xpath","//android.view.View[2]/android.view.View/android.widget.ImageView[1]/android.view.View[1]","fb9d74d9-ed9d-478e-8818-0dd8f8c290e6"]
&amp#27;[38;5;32m[AndroidUiautomator2Driver@1617 (fb9d74d9)]&amp#27;[0m Valid locator strategies for this request: xpath, id, class name, accessibility id, css selector, -android uiautomator
&amp#27;[38;5;32m[AndroidUiautomator2Driver@1617 (fb9d74d9)]&amp#27;[0m Waiting up to 10000 ms for condition
&amp#27;[38;5;32m[AndroidUiautomator2Driver@1617 (fb9d74d9)]&amp#27;[0m Matched '/element' to command name 'findElement'
&amp#27;[38;5;32m[AndroidUiautomator2Driver@1617 (fb9d74d9)]&amp#27;[0m Proxying [POST /element] to [POST http://127.0.0.1:8200/session/ed86e57b-6c3d-4ce8-a82d-2a8f7d878bf7/element] with body: {"strategy":"xpath","selector":"//android.view.View[2]/android.view.View/android.widget.ImageView[1]/android.view.View[1]","context":"","multiple":false}
&amp#27;[38;5;32m[AndroidUiautomator2Driver@1617 (fb9d74d9)]&amp#27;[0m Got response with status 200: {"sessionId":"ed86e57b-6c3d-4ce8-a82d-2a8f7d878bf7","value":{"ELEMENT":"00000000-0000-0050-0000-008800000003","element-6066-11e4-a52e-4f735466cecf":"00000000-0000-0050-0000-008800000003"}}
&amp#27;[38;5;32m[AndroidUiautomator2Driver@1617 (fb9d74d9)]&amp#27;[0m Responding to client with driver.findElement() result: {"element-6066-11e4-a52e-4f735466cecf":"00000000-0000-0050-0000-008800000003","ELEMENT":"00000000-0000-0050-0000-008800000003"}
&amp#27;[38;5;0m[HTTP]&amp#27;[0m &amp#27;[37m<-- POST /session/fb9d74d9-ed9d-478e-8818-0dd8f8c290e6/element &amp#27;[39m&amp#27;[32m200&amp#27;[39m &amp#27;[90m31 ms - 137&amp#27;[39m
&amp#27;[38;5;0m[HTTP]&amp#27;[0m &amp#27;[90m&amp#27;[39m
&amp#27;[38;5;0m[HTTP]&amp#27;[0m &amp#27;[37m-->&amp#27;[39m &amp#27;[37mPOST&amp#27;[39m &amp#27;[37m/session/fb9d74d9-ed9d-478e-8818-0dd8f8c290e6/element/00000000-0000-0050-0000-008800000003/click&amp#27;[39m
&amp#27;[38;5;0m[HTTP]&amp#27;[0m &amp#27;[90m{"id":"00000000-0000-0050-0000-008800000003"}&amp#27;[39m
&amp#27;[38;5;32m[AndroidUiautomator2Driver@1617 (fb9d74d9)]&amp#27;[0m Calling AppiumDriver.click() with args: ["00000000-0000-0050-0000-008800000003","fb9d74d9-ed9d-478e-8818-0dd8f8c290e6"]
&amp#27;[38;5;32m[AndroidUiautomator2Driver@1617 (fb9d74d9)]&amp#27;[0m Matched '/element/00000000-0000-0050-0000-008800000003/click' to command name 'click'
&amp#27;[38;5;32m[AndroidUiautomator2Driver@1617 (fb9d74d9)]&amp#27;[0m Proxying [POST /element/00000000-0000-0050-0000-008800000003/click] to [POST http://127.0.0.1:8200/session/ed86e57b-6c3d-4ce8-a82d-2a8f7d878bf7/element/00000000-0000-0050-0000-008800000003/click] with body: {"element":"00000000-0000-0050-0000-008800000003"}
&amp#27;[38;5;32m[AndroidUiautomator2Driver@1617 (fb9d74d9)]&amp#27;[0m Got response with status 200: {"sessionId":"ed86e57b-6c3d-4ce8-a82d-2a8f7d878bf7","value":null}
&amp#27;[38;5;32m[AndroidUiautomator2Driver@1617 (fb9d74d9)]&amp#27;[0m Responding to client with driver.click() result: null
&amp#27;[38;5;0m[HTTP]&amp#27;[0m &amp#27;[37m<-- POST /session/fb9d74d9-ed9d-478e-8818-0dd8f8c290e6/element/00000000-0000-0050-0000-008800000003/click &amp#27;[39m&amp#27;[32m200&amp#27;[39m &amp#27;[90m563 ms - 14&amp#27;[39m
&amp#27;[38;5;0m[HTTP]&amp#27;[0m &amp#27;[90m&amp#27;[39m
&amp#27;[38;5;0m[HTTP]&amp#27;[0m &amp#27;[37m-->&amp#27;[39m &amp#27;[37mPOST&amp#27;[39m &amp#27;[37m/session/fb9d74d9-ed9d-478e-8818-0dd8f8c290e6/elements&amp#27;[39m
&amp#27;[38;5;0m[HTTP]&amp#27;[0m &amp#27;[90m{"using":"xpath","value":"//android.view.View/android.widget.Button"}&amp#27;[39m
&amp#27;[38;5;32m[AndroidUiautomator2Driver@1617 (fb9d74d9)]&amp#27;[0m Calling AppiumDriver.findElements() with args: ["xpath","//android.view.View/android.widget.Button","fb9d74d9-ed9d-478e-8818-0dd8f8c290e6"]
&amp#27;[38;5;32m[AndroidUiautomator2Driver@1617 (fb9d74d9)]&amp#27;[0m Valid locator strategies for this request: xpath, id, class name, accessibility id, css selector, -android uiautomator
&amp#27;[38;5;32m[AndroidUiautomator2Driver@1617 (fb9d74d9)]&amp#27;[0m Waiting up to 10000 ms for condition
&amp#27;[38;5;32m[AndroidUiautomator2Driver@1617 (fb9d74d9)]&amp#27;[0m Matched '/elements' to command name 'findElements'
&amp#27;[38;5;32m[AndroidUiautomator2Driver@1617 (fb9d74d9)]&amp#27;[0m Proxying [POST /elements] to [POST http://127.0.0.1:8200/session/ed86e57b-6c3d-4ce8-a82d-2a8f7d878bf7/elements] with body: {"strategy":"xpath","selector":"//android.view.View/android.widget.Button","context":"","multiple":true}
&amp#27;[38;5;32m[AndroidUiautomator2Driver@1617 (fb9d74d9)]&amp#27;[0m Got response with status 200: {"sessionId":"ed86e57b-6c3d-4ce8-a82d-2a8f7d878bf7","value":[{"ELEMENT":"00000000-0000-0050-0000-009000000003","element-6066-11e4-a52e-4f735466cecf":"00000000-0000-0050-0000-009000000003"},{"ELEMENT":"00000000-0000-0050-0000-009a00000003","element-6066-11e4-a52e-4f735466cecf":"00000000-0000-0050-0000-009a00000003"}]}
&amp#27;[38;5;32m[AndroidUiautomator2Driver@1617 (fb9d74d9)]&amp#27;[0m Responding to client with driver.findElements() result: [{"element-6066-11e4-a52e-4f735466cecf":"00000000-0000-0050-0000-009000000003","ELEMENT":"00000000-0000-0050-0000-009000000003"},{"element-6066-11e4-a52e-4f735466cecf":"00000000-0000-0050-0000-009a00000003","ELEMENT":"00000000-0000-0050-0000-009a00000003"}]
&amp#27;[38;5;0m[HTTP]&amp#27;[0m &amp#27;[37m<-- POST /session/fb9d74d9-ed9d-478e-8818-0dd8f8c290e6/elements &amp#27;[39m&amp#27;[32m200&amp#27;[39m &amp#27;[90m64 ms - 267&amp#27;[39m
&amp#27;[38;5;0m[HTTP]&amp#27;[0m &amp#27;[90m&amp#27;[39m
&amp#27;[38;5;0m[HTTP]&amp#27;[0m &amp#27;[37m-->&amp#27;[39m &amp#27;[37mPOST&amp#27;[39m &amp#27;[37m/session/fb9d74d9-ed9d-478e-8818-0dd8f8c290e6/element/00000000-0000-0050-0000-009a00000003/click&amp#27;[39m
&amp#27;[38;5;0m[HTTP]&amp#27;[0m &amp#27;[90m{"id":"00000000-0000-0050-0000-009a00000003"}&amp#27;[39m
&amp#27;[38;5;32m[AndroidUiautomator2Driver@1617 (fb9d74d9)]&amp#27;[0m Calling AppiumDriver.click() with args: ["00000000-0000-0050-0000-009a00000003","fb9d74d9-ed9d-478e-8818-0dd8f8c290e6"]
&amp#27;[38;5;32m[AndroidUiautomator2Driver@1617 (fb9d74d9)]&amp#27;[0m Matched '/element/00000000-0000-0050-0000-009a00000003/click' to command name 'click'
&amp#27;[38;5;32m[AndroidUiautomator2Driver@1617 (fb9d74d9)]&amp#27;[0m Proxying [POST /element/00000000-0000-0050-0000-009a00000003/click] to [POST http://127.0.0.1:8200/session/ed86e57b-6c3d-4ce8-a82d-2a8f7d878bf7/element/00000000-0000-0050-0000-009a00000003/click] with body: {"element":"00000000-0000-0050-0000-009a00000003"}
&amp#27;[38;5;32m[AndroidUiautomator2Driver@1617 (fb9d74d9)]&amp#27;[0m Got response with status 200: {"sessionId":"ed86e57b-6c3d-4ce8-a82d-2a8f7d878bf7","value":null}
&amp#27;[38;5;32m[AndroidUiautomator2Driver@1617 (fb9d74d9)]&amp#27;[0m Responding to client with driver.click() result: null
&amp#27;[38;5;0m[HTTP]&amp#27;[0m &amp#27;[37m<-- POST /session/fb9d74d9-ed9d-478e-8818-0dd8f8c290e6/element/00000000-0000-0050-0000-009a00000003/click &amp#27;[39m&amp#27;[32m200&amp#27;[39m &amp#27;[90m791 ms - 14&amp#27;[39m
&amp#27;[38;5;0m[HTTP]&amp#27;[0m &amp#27;[90m&amp#27;[39m
&amp#27;[38;5;0m[HTTP]&amp#27;[0m &amp#27;[37m-->&amp#27;[39m &amp#27;[37mPOST&amp#27;[39m &amp#27;[37m/session/fb9d74d9-ed9d-478e-8818-0dd8f8c290e6/elements&amp#27;[39m
&amp#27;[38;5;0m[HTTP]&amp#27;[0m &amp#27;[90m{"using":"xpath","value":"//android.widget.Button"}&amp#27;[39m
&amp#27;[38;5;32m[AndroidUiautomator2Driver@1617 (fb9d74d9)]&amp#27;[0m Calling AppiumDriver.findElements() with args: ["xpath","//android.widget.Button","fb9d74d9-ed9d-478e-8818-0dd8f8c290e6"]
&amp#27;[38;5;32m[AndroidUiautomator2Driver@1617 (fb9d74d9)]&amp#27;[0m Valid locator strategies for this request: xpath, id, class name, accessibility id, css selector, -android uiautomator
&amp#27;[38;5;32m[AndroidUiautomator2Driver@1617 (fb9d74d9)]&amp#27;[0m Waiting up to 10000 ms for condition
&amp#27;[38;5;32m[AndroidUiautomator2Driver@1617 (fb9d74d9)]&amp#27;[0m Matched '/elements' to command name 'findElements'
&amp#27;[38;5;32m[AndroidUiautomator2Driver@1617 (fb9d74d9)]&amp#27;[0m Proxying [POST /elements] to [POST http://127.0.0.1:8200/session/ed86e57b-6c3d-4ce8-a82d-2a8f7d878bf7/elements] with body: {"strategy":"xpath","selector":"//android.widget.Button","context":"","multiple":true}
&amp#27;[38;5;32m[AndroidUiautomator2Driver@1617 (fb9d74d9)]&amp#27;[0m Got response with status 200: {"sessionId":"ed86e57b-6c3d-4ce8-a82d-2a8f7d878bf7","value":[{"ELEMENT":"00000000-0000-0050-0000-00a600000003","element-6066-11e4-a52e-4f735466cecf":"00000000-0000-0050-0000-00a600000003"},{"ELEMENT":"00000000-0000-0050-0000-00a800000003","element-6066-11e4-a52e-4f735466cecf":"00000000-0000-0050-0000-00a800000003"}]}
&amp#27;[38;5;32m[AndroidUiautomator2Driver@1617 (fb9d74d9)]&amp#27;[0m Responding to client with driver.findElements() result: [{"element-6066-11e4-a52e-4f735466cecf":"00000000-0000-0050-0000-00a600000003","ELEMENT":"00000000-0000-0050-0000-00a600000003"},{"element-6066-11e4-a52e-4f735466cecf":"00000000-0000-0050-0000-00a800000003","ELEMENT":"00000000-0000-0050-0000-00a800000003"}]
&amp#27;[38;5;0m[HTTP]&amp#27;[0m &amp#27;[37m<-- POST /session/fb9d74d9-ed9d-478e-8818-0dd8f8c290e6/elements &amp#27;[39m&amp#27;[32m200&amp#27;[39m &amp#27;[90m26 ms - 267&amp#27;[39m
&amp#27;[38;5;0m[HTTP]&amp#27;[0m &amp#27;[90m&amp#27;[39m
&amp#27;[38;5;0m[HTTP]&amp#27;[0m &amp#27;[37m-->&amp#27;[39m &amp#27;[37mPOST&amp#27;[39m &amp#27;[37m/session/fb9d74d9-ed9d-478e-8818-0dd8f8c290e6/element/00000000-0000-0050-0000-00a800000003/click&amp#27;[39m
&amp#27;[38;5;0m[HTTP]&amp#27;[0m &amp#27;[90m{"id":"00000000-0000-0050-0000-00a800000003"}&amp#27;[39m
&amp#27;[38;5;32m[AndroidUiautomator2Driver@1617 (fb9d74d9)]&amp#27;[0m Calling AppiumDriver.click() with args: ["00000000-0000-0050-0000-00a800000003","fb9d74d9-ed9d-478e-8818-0dd8f8c290e6"]
&amp#27;[38;5;32m[AndroidUiautomator2Driver@1617 (fb9d74d9)]&amp#27;[0m Matched '/element/00000000-0000-0050-0000-00a800000003/click' to command name 'click'
&amp#27;[38;5;32m[AndroidUiautomator2Driver@1617 (fb9d74d9)]&amp#27;[0m Proxying [POST /element/00000000-0000-0050-0000-00a800000003/click] to [POST http://127.0.0.1:8200/session/ed86e57b-6c3d-4ce8-a82d-2a8f7d878bf7/element/00000000-0000-0050-0000-00a800000003/click] with body: {"element":"00000000-0000-0050-0000-00a800000003"}
&amp#27;[38;5;32m[AndroidUiautomator2Driver@1617 (fb9d74d9)]&amp#27;[0m Got response with status 200: {"sessionId":"ed86e57b-6c3d-4ce8-a82d-2a8f7d878bf7","value":null}
&amp#27;[38;5;32m[AndroidUiautomator2Driver@1617 (fb9d74d9)]&amp#27;[0m Responding to client with driver.click() result: null
&amp#27;[38;5;0m[HTTP]&amp#27;[0m &amp#27;[37m<-- POST /session/fb9d74d9-ed9d-478e-8818-0dd8f8c290e6/element/00000000-0000-0050-0000-00a800000003/click &amp#27;[39m&amp#27;[32m200&amp#27;[39m &amp#27;[90m635 ms - 14&amp#27;[39m
&amp#27;[38;5;0m[HTTP]&amp#27;[0m &amp#27;[90m&amp#27;[39m
&amp#27;[38;5;0m[HTTP]&amp#27;[0m &amp#27;[37m-->&amp#27;[39m &amp#27;[37mPOST&amp#27;[39m &amp#27;[37m/session/fb9d74d9-ed9d-478e-8818-0dd8f8c290e6/element&amp#27;[39m
&amp#27;[38;5;0m[HTTP]&amp#27;[0m &amp#27;[90m{"using":"xpath","value":"//android.view.View[1]/android.widget.Button"}&amp#27;[39m
&amp#27;[38;5;32m[AndroidUiautomator2Driver@1617 (fb9d74d9)]&amp#27;[0m Calling AppiumDriver.findElement() with args: ["xpath","//android.view.View[1]/android.widget.Button","fb9d74d9-ed9d-478e-8818-0dd8f8c290e6"]
&amp#27;[38;5;32m[AndroidUiautomator2Driver@1617 (fb9d74d9)]&amp#27;[0m Valid locator strategies for this request: xpath, id, class name, accessibility id, css selector, -android uiautomator
&amp#27;[38;5;32m[AndroidUiautomator2Driver@1617 (fb9d74d9)]&amp#27;[0m Waiting up to 10000 ms for condition
&amp#27;[38;5;32m[AndroidUiautomator2Driver@1617 (fb9d74d9)]&amp#27;[0m Matched '/element' to command name 'findElement'
&amp#27;[38;5;32m[AndroidUiautomator2Driver@1617 (fb9d74d9)]&amp#27;[0m Proxying [POST /element] to [POST http://127.0.0.1:8200/session/ed86e57b-6c3d-4ce8-a82d-2a8f7d878bf7/element] with body: {"strategy":"xpath","selector":"//android.view.View[1]/android.widget.Button","context":"","multiple":false}
&amp#27;[38;5;32m[AndroidUiautomator2Driver@1617 (fb9d74d9)]&amp#27;[0m Got response with status 200: {"sessionId":"ed86e57b-6c3d-4ce8-a82d-2a8f7d878bf7","value":{"ELEMENT":"00000000-0000-0050-0000-00c700000003","element-6066-11e4-a52e-4f735466cecf":"00000000-0000-0050-0000-00c700000003"}}
&amp#27;[38;5;32m[AndroidUiautomator2Driver@1617 (fb9d74d9)]&amp#27;[0m Responding to client with driver.findElement() result: {"element-6066-11e4-a52e-4f735466cecf":"00000000-0000-0050-0000-00c700000003","ELEMENT":"00000000-0000-0050-0000-00c700000003"}
&amp#27;[38;5;0m[HTTP]&amp#27;[0m &amp#27;[37m<-- POST /session/fb9d74d9-ed9d-478e-8818-0dd8f8c290e6/element &amp#27;[39m&amp#27;[32m200&amp#27;[39m &amp#27;[90m31 ms - 137&amp#27;[39m
&amp#27;[38;5;0m[HTTP]&amp#27;[0m &amp#27;[90m&amp#27;[39m
&amp#27;[38;5;0m[HTTP]&amp#27;[0m &amp#27;[37m-->&amp#27;[39m &amp#27;[37mGET&amp#27;[39m &amp#27;[37m/session/fb9d74d9-ed9d-478e-8818-0dd8f8c290e6/element/00000000-0000-0050-0000-00c700000003/displayed&amp#27;[39m
&amp#27;[38;5;0m[HTTP]&amp#27;[0m &amp#27;[90m{}&amp#27;[39m
&amp#27;[38;5;32m[AndroidUiautomator2Driver@1617 (fb9d74d9)]&amp#27;[0m Calling AppiumDriver.elementDisplayed() with args: ["00000000-0000-0050-0000-00c700000003","fb9d74d9-ed9d-478e-8818-0dd8f8c290e6"]
&amp#27;[38;5;32m[AndroidUiautomator2Driver@1617 (fb9d74d9)]&amp#27;[0m Matched '/element/00000000-0000-0050-0000-00c700000003/attribute/displayed' to command name 'getAttribute'
&amp#27;[38;5;32m[AndroidUiautomator2Driver@1617 (fb9d74d9)]&amp#27;[0m Proxying [GET /element/00000000-0000-0050-0000-00c700000003/attribute/displayed] to [GET http://127.0.0.1:8200/session/ed86e57b-6c3d-4ce8-a82d-2a8f7d878bf7/element/00000000-0000-0050-0000-00c700000003/attribute/displayed] with no body
&amp#27;[38;5;32m[AndroidUiautomator2Driver@1617 (fb9d74d9)]&amp#27;[0m Got response with status 200: {"sessionId":"ed86e57b-6c3d-4ce8-a82d-2a8f7d878bf7","value":"true"}
&amp#27;[38;5;32m[AndroidUiautomator2Driver@1617 (fb9d74d9)]&amp#27;[0m Responding to client with driver.elementDisplayed() result: true
&amp#27;[38;5;0m[HTTP]&amp#27;[0m &amp#27;[37m<-- GET /session/fb9d74d9-ed9d-478e-8818-0dd8f8c290e6/element/00000000-0000-0050-0000-00c700000003/displayed &amp#27;[39m&amp#27;[32m200&amp#27;[39m &amp#27;[90m10 ms - 14&amp#27;[39m
&amp#27;[38;5;0m[HTTP]&amp#27;[0m &amp#27;[90m&amp#27;[39m
truenavigate back
&amp#27;[38;5;0m[HTTP]&amp#27;[0m &amp#27;[37m-->&amp#27;[39m &amp#27;[37mPOST&amp#27;[39m &amp#27;[37m/session/fb9d74d9-ed9d-478e-8818-0dd8f8c290e6/element&amp#27;[39m
&amp#27;[38;5;0m[HTTP]&amp#27;[0m &amp#27;[90m{"using":"xpath","value":"//android.view.View/android.widget.CheckBox[1]"}&amp#27;[39m
&amp#27;[38;5;32m[AndroidUiautomator2Driver@1617 (fb9d74d9)]&amp#27;[0m Calling AppiumDriver.findElement() with args: ["xpath","//android.view.View/android.widget.CheckBox[1]","fb9d74d9-ed9d-478e-8818-0dd8f8c290e6"]
&amp#27;[38;5;32m[AndroidUiautomator2Driver@1617 (fb9d74d9)]&amp#27;[0m Valid locator strategies for this request: xpath, id, class name, accessibility id, css selector, -android uiautomator
&amp#27;[38;5;32m[AndroidUiautomator2Driver@1617 (fb9d74d9)]&amp#27;[0m Waiting up to 10000 ms for condition
&amp#27;[38;5;32m[AndroidUiautomator2Driver@1617 (fb9d74d9)]&amp#27;[0m Matched '/element' to command name 'findElement'
&amp#27;[38;5;32m[AndroidUiautomator2Driver@1617 (fb9d74d9)]&amp#27;[0m Proxying [POST /element] to [POST http://127.0.0.1:8200/session/ed86e57b-6c3d-4ce8-a82d-2a8f7d878bf7/element] with body: {"strategy":"xpath","selector":"//android.view.View/android.widget.CheckBox[1]","context":"","multiple":false}
&amp#27;[38;5;32m[AndroidUiautomator2Driver@1617 (fb9d74d9)]&amp#27;[0m Got response with status 404: {"sessionId":"ed86e57b-6c3d-4ce8-a82d-2a8f7d878bf7","value":{"error":"no such element","message":"An element could not be located on the page using the given search parameters","stacktrace":"io.appium.uiautomator2.common.exceptions.ElementNotFoundException: An element could not be located on the page using the given search parameters\n\tat io.appium.uiautomator2.utils.ElementLocationHelpers.findElement(ElementLocationHelpers.java:156)\n\tat io.appium.uiautomator2.handler.FindElement.safeHandle(FindElement.java:60)\n\tat io.appium.uiautomator2.handler.request.SafeRequestHandler.handle(SafeRequestHandler.java:59)\n\tat io.appium.uiautomator2.server.AppiumServlet.handleRequest(AppiumServlet.java:277)\n\tat io.appium.uiautomator2.server.AppiumServlet.handleHttpRequest(AppiumServlet.java:271)\n\tat io.appium.uiautomator2.http.ServerHandler.channelRead(ServerHandler.java:77)\n\tat io.netty.channel.AbstractChannelHandlerContext.invokeChannelRead(AbstractChannelHandlerContext.java:366)\n\tat io.netty.channel.Abstr...
&amp#27;[38;5;128m[W3C]&amp#27;[0m Matched W3C error code 'no such element' to NoSuchElementError
&amp#27;[38;5;32m[AndroidUiautomator2Driver@1617 (fb9d74d9)]&amp#27;[0m Waited for 26 ms so far
&amp#27;[38;5;32m[AndroidUiautomator2Driver@1617 (fb9d74d9)]&amp#27;[0m Matched '/element' to command name 'findElement'
&amp#27;[38;5;32m[AndroidUiautomator2Driver@1617 (fb9d74d9)]&amp#27;[0m Proxying [POST /element] to [POST http://127.0.0.1:8200/session/ed86e57b-6c3d-4ce8-a82d-2a8f7d878bf7/element] with body: {"strategy":"xpath","selector":"//android.view.View/android.widget.CheckBox[1]","context":"","multiple":false}
&amp#27;[38;5;32m[AndroidUiautomator2Driver@1617 (fb9d74d9)]&amp#27;[0m Got response with status 404: {"sessionId":"ed86e57b-6c3d-4ce8-a82d-2a8f7d878bf7","value":{"error":"no such element","message":"An element could not be located on the page using the given search parameters","stacktrace":"io.appium.uiautomator2.common.exceptions.ElementNotFoundException: An element could not be located on the page using the given search parameters\n\tat io.appium.uiautomator2.utils.ElementLocationHelpers.findElement(ElementLocationHelpers.java:156)\n\tat io.appium.uiautomator2.handler.FindElement.safeHandle(FindElement.java:60)\n\tat io.appium.uiautomator2.handler.request.SafeRequestHandler.handle(SafeRequestHandler.java:59)\n\tat io.appium.uiautomator2.server.AppiumServlet.handleRequest(AppiumServlet.java:277)\n\tat io.appium.uiautomator2.server.AppiumServlet.handleHttpRequest(AppiumServlet.java:271)\n\tat io.appium.uiautomator2.http.ServerHandler.channelRead(ServerHandler.java:77)\n\tat io.netty.channel.AbstractChannelHandlerContext.invokeChannelRead(AbstractChannelHandlerContext.java:366)\n\tat io.netty.channel.Abstr...
&amp#27;[38;5;128m[W3C]&amp#27;[0m Matched W3C error code 'no such element' to NoSuchElementError
&amp#27;[38;5;32m[AndroidUiautomator2Driver@1617 (fb9d74d9)]&amp#27;[0m Waited for 562 ms so far
&amp#27;[38;5;32m[AndroidUiautomator2Driver@1617 (fb9d74d9)]&amp#27;[0m Matched '/element' to command name 'findElement'
&amp#27;[38;5;32m[AndroidUiautomator2Driver@1617 (fb9d74d9)]&amp#27;[0m Proxying [POST /element] to [POST http://127.0.0.1:8200/session/ed86e57b-6c3d-4ce8-a82d-2a8f7d878bf7/element] with body: {"strategy":"xpath","selector":"//android.view.View/android.widget.CheckBox[1]","context":"","multiple":false}
&amp#27;[38;5;32m[AndroidUiautomator2Driver@1617 (fb9d74d9)]&amp#27;[0m Got response with status 404: {"sessionId":"ed86e57b-6c3d-4ce8-a82d-2a8f7d878bf7","value":{"error":"no such element","message":"An element could not be located on the page using the given search parameters","stacktrace":"io.appium.uiautomator2.common.exceptions.ElementNotFoundException: An element could not be located on the page using the given search parameters\n\tat io.appium.uiautomator2.utils.ElementLocationHelpers.findElement(ElementLocationHelpers.java:156)\n\tat io.appium.uiautomator2.handler.FindElement.safeHandle(FindElement.java:60)\n\tat io.appium.uiautomator2.handler.request.SafeRequestHandler.handle(SafeRequestHandler.java:59)\n\tat io.appium.uiautomator2.server.AppiumServlet.handleRequest(AppiumServlet.java:277)\n\tat io.appium.uiautomator2.server.AppiumServlet.handleHttpRequest(AppiumServlet.java:271)\n\tat io.appium.uiautomator2.http.ServerHandler.channelRead(ServerHandler.java:77)\n\tat io.netty.channel.AbstractChannelHandlerContext.invokeChannelRead(AbstractChannelHandlerContext.java:366)\n\tat io.netty.channel.Abstr...
&amp#27;[38;5;128m[W3C]&amp#27;[0m Matched W3C error code 'no such element' to NoSuchElementError
&amp#27;[38;5;32m[AndroidUiautomator2Driver@1617 (fb9d74d9)]&amp#27;[0m Waited for 1090 ms so far
&amp#27;[38;5;32m[AndroidUiautomator2Driver@1617 (fb9d74d9)]&amp#27;[0m Matched '/element' to command name 'findElement'
&amp#27;[38;5;32m[AndroidUiautomator2Driver@1617 (fb9d74d9)]&amp#27;[0m Proxying [POST /element] to [POST http://127.0.0.1:8200/session/ed86e57b-6c3d-4ce8-a82d-2a8f7d878bf7/element] with body: {"strategy":"xpath","selector":"//android.view.View/android.widget.CheckBox[1]","context":"","multiple":false}
&amp#27;[38;5;32m[AndroidUiautomator2Driver@1617 (fb9d74d9)]&amp#27;[0m Got response with status 404: {"sessionId":"ed86e57b-6c3d-4ce8-a82d-2a8f7d878bf7","value":{"error":"no such element","message":"An element could not be located on the page using the given search parameters","stacktrace":"io.appium.uiautomator2.common.exceptions.ElementNotFoundException: An element could not be located on the page using the given search parameters\n\tat io.appium.uiautomator2.utils.ElementLocationHelpers.findElement(ElementLocationHelpers.java:156)\n\tat io.appium.uiautomator2.handler.FindElement.safeHandle(FindElement.java:60)\n\tat io.appium.uiautomator2.handler.request.SafeRequestHandler.handle(SafeRequestHandler.java:59)\n\tat io.appium.uiautomator2.server.AppiumServlet.handleRequest(AppiumServlet.java:277)\n\tat io.appium.uiautomator2.server.AppiumServlet.handleHttpRequest(AppiumServlet.java:271)\n\tat io.appium.uiautomator2.http.ServerHandler.channelRead(ServerHandler.java:77)\n\tat io.netty.channel.AbstractChannelHandlerContext.invokeChannelRead(AbstractChannelHandlerContext.java:366)\n\tat io.netty.channel.Abstr...
&amp#27;[38;5;128m[W3C]&amp#27;[0m Matched W3C error code 'no such element' to NoSuchElementError
&amp#27;[38;5;32m[AndroidUiautomator2Driver@1617 (fb9d74d9)]&amp#27;[0m Waited for 1629 ms so far
&amp#27;[38;5;32m[AndroidUiautomator2Driver@1617 (fb9d74d9)]&amp#27;[0m Matched '/element' to command name 'findElement'
&amp#27;[38;5;32m[AndroidUiautomator2Driver@1617 (fb9d74d9)]&amp#27;[0m Proxying [POST /element] to [POST http://127.0.0.1:8200/session/ed86e57b-6c3d-4ce8-a82d-2a8f7d878bf7/element] with body: {"strategy":"xpath","selector":"//android.view.View/android.widget.CheckBox[1]","context":"","multiple":false}
&amp#27;[38;5;32m[AndroidUiautomator2Driver@1617 (fb9d74d9)]&amp#27;[0m Got response with status 404: {"sessionId":"ed86e57b-6c3d-4ce8-a82d-2a8f7d878bf7","value":{"error":"no such element","message":"An element could not be located on the page using the given search parameters","stacktrace":"io.appium.uiautomator2.common.exceptions.ElementNotFoundException: An element could not be located on the page using the given search parameters\n\tat io.appium.uiautomator2.utils.ElementLocationHelpers.findElement(ElementLocationHelpers.java:156)\n\tat io.appium.uiautomator2.handler.FindElement.safeHandle(FindElement.java:60)\n\tat io.appium.uiautomator2.handler.request.SafeRequestHandler.handle(SafeRequestHandler.java:59)\n\tat io.appium.uiautomator2.server.AppiumServlet.handleRequest(AppiumServlet.java:277)\n\tat io.appium.uiautomator2.server.AppiumServlet.handleHttpRequest(AppiumServlet.java:271)\n\tat io.appium.uiautomator2.http.ServerHandler.channelRead(ServerHandler.java:77)\n\tat io.netty.channel.AbstractChannelHandlerContext.invokeChannelRead(AbstractChannelHandlerContext.java:366)\n\tat io.netty.channel.Abstr...
&amp#27;[38;5;128m[W3C]&amp#27;[0m Matched W3C error code 'no such element' to NoSuchElementError
&amp#27;[38;5;32m[AndroidUiautomator2Driver@1617 (fb9d74d9)]&amp#27;[0m Waited for 2159 ms so far
&amp#27;[38;5;32m[AndroidUiautomator2Driver@1617 (fb9d74d9)]&amp#27;[0m Matched '/element' to command name 'findElement'
&amp#27;[38;5;32m[AndroidUiautomator2Driver@1617 (fb9d74d9)]&amp#27;[0m Proxying [POST /element] to [POST http://127.0.0.1:8200/session/ed86e57b-6c3d-4ce8-a82d-2a8f7d878bf7/element] with body: {"strategy":"xpath","selector":"//android.view.View/android.widget.CheckBox[1]","context":"","multiple":false}
&amp#27;[38;5;32m[AndroidUiautomator2Driver@1617 (fb9d74d9)]&amp#27;[0m Got response with status 404: {"sessionId":"ed86e57b-6c3d-4ce8-a82d-2a8f7d878bf7","value":{"error":"no such element","message":"An element could not be located on the page using the given search parameters","stacktrace":"io.appium.uiautomator2.common.exceptions.ElementNotFoundException: An element could not be located on the page using the given search parameters\n\tat io.appium.uiautomator2.utils.ElementLocationHelpers.findElement(ElementLocationHelpers.java:156)\n\tat io.appium.uiautomator2.handler.FindElement.safeHandle(FindElement.java:60)\n\tat io.appium.uiautomator2.handler.request.SafeRequestHandler.handle(SafeRequestHandler.java:59)\n\tat io.appium.uiautomator2.server.AppiumServlet.handleRequest(AppiumServlet.java:277)\n\tat io.appium.uiautomator2.server.AppiumServlet.handleHttpRequest(AppiumServlet.java:271)\n\tat io.appium.uiautomator2.http.ServerHandler.channelRead(ServerHandler.java:77)\n\tat io.netty.channel.AbstractChannelHandlerContext.invokeChannelRead(AbstractChannelHandlerContext.java:366)\n\tat io.netty.channel.Abstr...
&amp#27;[38;5;128m[W3C]&amp#27;[0m Matched W3C error code 'no such element' to NoSuchElementError
&amp#27;[38;5;32m[AndroidUiautomator2Driver@1617 (fb9d74d9)]&amp#27;[0m Waited for 2686 ms so far
&amp#27;[38;5;32m[AndroidUiautomator2Driver@1617 (fb9d74d9)]&amp#27;[0m Matched '/element' to command name 'findElement'
&amp#27;[38;5;32m[AndroidUiautomator2Driver@1617 (fb9d74d9)]&amp#27;[0m Proxying [POST /element] to [POST http://127.0.0.1:8200/session/ed86e57b-6c3d-4ce8-a82d-2a8f7d878bf7/element] with body: {"strategy":"xpath","selector":"//android.view.View/android.widget.CheckBox[1]","context":"","multiple":false}
&amp#27;[38;5;32m[AndroidUiautomator2Driver@1617 (fb9d74d9)]&amp#27;[0m Got response with status 404: {"sessionId":"ed86e57b-6c3d-4ce8-a82d-2a8f7d878bf7","value":{"error":"no such element","message":"An element could not be located on the page using the given search parameters","stacktrace":"io.appium.uiautomator2.common.exceptions.ElementNotFoundException: An element could not be located on the page using the given search parameters\n\tat io.appium.uiautomator2.utils.ElementLocationHelpers.findElement(ElementLocationHelpers.java:156)\n\tat io.appium.uiautomator2.handler.FindElement.safeHandle(FindElement.java:60)\n\tat io.appium.uiautomator2.handler.request.SafeRequestHandler.handle(SafeRequestHandler.java:59)\n\tat io.appium.uiautomator2.server.AppiumServlet.handleRequest(AppiumServlet.java:277)\n\tat io.appium.uiautomator2.server.AppiumServlet.handleHttpRequest(AppiumServlet.java:271)\n\tat io.appium.uiautomator2.http.ServerHandler.channelRead(ServerHandler.java:77)\n\tat io.netty.channel.AbstractChannelHandlerContext.invokeChannelRead(AbstractChannelHandlerContext.java:366)\n\tat io.netty.channel.Abstr...
&amp#27;[38;5;128m[W3C]&amp#27;[0m Matched W3C error code 'no such element' to NoSuchElementError
&amp#27;[38;5;32m[AndroidUiautomator2Driver@1617 (fb9d74d9)]&amp#27;[0m Waited for 3213 ms so far
&amp#27;[38;5;32m[AndroidUiautomator2Driver@1617 (fb9d74d9)]&amp#27;[0m Matched '/element' to command name 'findElement'
&amp#27;[38;5;32m[AndroidUiautomator2Driver@1617 (fb9d74d9)]&amp#27;[0m Proxying [POST /element] to [POST http://127.0.0.1:8200/session/ed86e57b-6c3d-4ce8-a82d-2a8f7d878bf7/element] with body: {"strategy":"xpath","selector":"//android.view.View/android.widget.CheckBox[1]","context":"","multiple":false}
&amp#27;[38;5;32m[AndroidUiautomator2Driver@1617 (fb9d74d9)]&amp#27;[0m Got response with status 404: {"sessionId":"ed86e57b-6c3d-4ce8-a82d-2a8f7d878bf7","value":{"error":"no such element","message":"An element could not be located on the page using the given search parameters","stacktrace":"io.appium.uiautomator2.common.exceptions.ElementNotFoundException: An element could not be located on the page using the given search parameters\n\tat io.appium.uiautomator2.utils.ElementLocationHelpers.findElement(ElementLocationHelpers.java:156)\n\tat io.appium.uiautomator2.handler.FindElement.safeHandle(FindElement.java:60)\n\tat io.appium.uiautomator2.handler.request.SafeRequestHandler.handle(SafeRequestHandler.java:59)\n\tat io.appium.uiautomator2.server.AppiumServlet.handleRequest(AppiumServlet.java:277)\n\tat io.appium.uiautomator2.server.AppiumServlet.handleHttpRequest(AppiumServlet.java:271)\n\tat io.appium.uiautomator2.http.ServerHandler.channelRead(ServerHandler.java:77)\n\tat io.netty.channel.AbstractChannelHandlerContext.invokeChannelRead(AbstractChannelHandlerContext.java:366)\n\tat io.netty.channel.Abstr...
&amp#27;[38;5;128m[W3C]&amp#27;[0m Matched W3C error code 'no such element' to NoSuchElementError
&amp#27;[38;5;32m[AndroidUiautomator2Driver@1617 (fb9d74d9)]&amp#27;[0m Waited for 3739 ms so far
&amp#27;[38;5;32m[AndroidUiautomator2Driver@1617 (fb9d74d9)]&amp#27;[0m Matched '/element' to command name 'findElement'
&amp#27;[38;5;32m[AndroidUiautomator2Driver@1617 (fb9d74d9)]&amp#27;[0m Proxying [POST /element] to [POST http://127.0.0.1:8200/session/ed86e57b-6c3d-4ce8-a82d-2a8f7d878bf7/element] with body: {"strategy":"xpath","selector":"//android.view.View/android.widget.CheckBox[1]","context":"","multiple":false}
&amp#27;[38;5;32m[AndroidUiautomator2Driver@1617 (fb9d74d9)]&amp#27;[0m Got response with status 404: {"sessionId":"ed86e57b-6c3d-4ce8-a82d-2a8f7d878bf7","value":{"error":"no such element","message":"An element could not be located on the page using the given search parameters","stacktrace":"io.appium.uiautomator2.common.exceptions.ElementNotFoundException: An element could not be located on the page using the given search parameters\n\tat io.appium.uiautomator2.utils.ElementLocationHelpers.findElement(ElementLocationHelpers.java:156)\n\tat io.appium.uiautomator2.handler.FindElement.safeHandle(FindElement.java:60)\n\tat io.appium.uiautomator2.handler.request.SafeRequestHandler.handle(SafeRequestHandler.java:59)\n\tat io.appium.uiautomator2.server.AppiumServlet.handleRequest(AppiumServlet.java:277)\n\tat io.appium.uiautomator2.server.AppiumServlet.handleHttpRequest(AppiumServlet.java:271)\n\tat io.appium.uiautomator2.http.ServerHandler.channelRead(ServerHandler.java:77)\n\tat io.netty.channel.AbstractChannelHandlerContext.invokeChannelRead(AbstractChannelHandlerContext.java:366)\n\tat io.netty.channel.Abstr...
&amp#27;[38;5;128m[W3C]&amp#27;[0m Matched W3C error code 'no such element' to NoSuchElementError
&amp#27;[38;5;32m[AndroidUiautomator2Driver@1617 (fb9d74d9)]&amp#27;[0m Waited for 4266 ms so far
&amp#27;[38;5;32m[AndroidUiautomator2Driver@1617 (fb9d74d9)]&amp#27;[0m Matched '/element' to command name 'findElement'
&amp#27;[38;5;32m[AndroidUiautomator2Driver@1617 (fb9d74d9)]&amp#27;[0m Proxying [POST /element] to [POST http://127.0.0.1:8200/session/ed86e57b-6c3d-4ce8-a82d-2a8f7d878bf7/element] with body: {"strategy":"xpath","selector":"//android.view.View/android.widget.CheckBox[1]","context":"","multiple":false}
&amp#27;[38;5;32m[AndroidUiautomator2Driver@1617 (fb9d74d9)]&amp#27;[0m Got response with status 404: {"sessionId":"ed86e57b-6c3d-4ce8-a82d-2a8f7d878bf7","value":{"error":"no such element","message":"An element could not be located on the page using the given search parameters","stacktrace":"io.appium.uiautomator2.common.exceptions.ElementNotFoundException: An element could not be located on the page using the given search parameters\n\tat io.appium.uiautomator2.utils.ElementLocationHelpers.findElement(ElementLocationHelpers.java:156)\n\tat io.appium.uiautomator2.handler.FindElement.safeHandle(FindElement.java:60)\n\tat io.appium.uiautomator2.handler.request.SafeRequestHandler.handle(SafeRequestHandler.java:59)\n\tat io.appium.uiautomator2.server.AppiumServlet.handleRequest(AppiumServlet.java:277)\n\tat io.appium.uiautomator2.server.AppiumServlet.handleHttpRequest(AppiumServlet.java:271)\n\tat io.appium.uiautomator2.http.ServerHandler.channelRead(ServerHandler.java:77)\n\tat io.netty.channel.AbstractChannelHandlerContext.invokeChannelRead(AbstractChannelHandlerContext.java:366)\n\tat io.netty.channel.Abstr...
&amp#27;[38;5;128m[W3C]&amp#27;[0m Matched W3C error code 'no such element' to NoSuchElementError
&amp#27;[38;5;32m[AndroidUiautomator2Driver@1617 (fb9d74d9)]&amp#27;[0m Waited for 4798 ms so far
&amp#27;[38;5;32m[AndroidUiautomator2Driver@1617 (fb9d74d9)]&amp#27;[0m Matched '/element' to command name 'findElement'
&amp#27;[38;5;32m[AndroidUiautomator2Driver@1617 (fb9d74d9)]&amp#27;[0m Proxying [POST /element] to [POST http://127.0.0.1:8200/session/ed86e57b-6c3d-4ce8-a82d-2a8f7d878bf7/element] with body: {"strategy":"xpath","selector":"//android.view.View/android.widget.CheckBox[1]","context":"","multiple":false}
&amp#27;[38;5;32m[AndroidUiautomator2Driver@1617 (fb9d74d9)]&amp#27;[0m Got response with status 404: {"sessionId":"ed86e57b-6c3d-4ce8-a82d-2a8f7d878bf7","value":{"error":"no such element","message":"An element could not be located on the page using the given search parameters","stacktrace":"io.appium.uiautomator2.common.exceptions.ElementNotFoundException: An element could not be located on the page using the given search parameters\n\tat io.appium.uiautomator2.utils.ElementLocationHelpers.findElement(ElementLocationHelpers.java:156)\n\tat io.appium.uiautomator2.handler.FindElement.safeHandle(FindElement.java:60)\n\tat io.appium.uiautomator2.handler.request.SafeRequestHandler.handle(SafeRequestHandler.java:59)\n\tat io.appium.uiautomator2.server.AppiumServlet.handleRequest(AppiumServlet.java:277)\n\tat io.appium.uiautomator2.server.AppiumServlet.handleHttpRequest(AppiumServlet.java:271)\n\tat io.appium.uiautomator2.http.ServerHandler.channelRead(ServerHandler.java:77)\n\tat io.netty.channel.AbstractChannelHandlerContext.invokeChannelRead(AbstractChannelHandlerContext.java:366)\n\tat io.netty.channel.Abstr...
&amp#27;[38;5;128m[W3C]&amp#27;[0m Matched W3C error code 'no such element' to NoSuchElementError
&amp#27;[38;5;32m[AndroidUiautomator2Driver@1617 (fb9d74d9)]&amp#27;[0m Waited for 5323 ms so far
&amp#27;[38;5;32m[AndroidUiautomator2Driver@1617 (fb9d74d9)]&amp#27;[0m Matched '/element' to command name 'findElement'
&amp#27;[38;5;32m[AndroidUiautomator2Driver@1617 (fb9d74d9)]&amp#27;[0m Proxying [POST /element] to [POST http://127.0.0.1:8200/session/ed86e57b-6c3d-4ce8-a82d-2a8f7d878bf7/element] with body: {"strategy":"xpath","selector":"//android.view.View/android.widget.CheckBox[1]","context":"","multiple":false}
&amp#27;[38;5;32m[AndroidUiautomator2Driver@1617 (fb9d74d9)]&amp#27;[0m Got response with status 404: {"sessionId":"ed86e57b-6c3d-4ce8-a82d-2a8f7d878bf7","value":{"error":"no such element","message":"An element could not be located on the page using the given search parameters","stacktrace":"io.appium.uiautomator2.common.exceptions.ElementNotFoundException: An element could not be located on the page using the given search parameters\n\tat io.appium.uiautomator2.utils.ElementLocationHelpers.findElement(ElementLocationHelpers.java:156)\n\tat io.appium.uiautomator2.handler.FindElement.safeHandle(FindElement.java:60)\n\tat io.appium.uiautomator2.handler.request.SafeRequestHandler.handle(SafeRequestHandler.java:59)\n\tat io.appium.uiautomator2.server.AppiumServlet.handleRequest(AppiumServlet.java:277)\n\tat io.appium.uiautomator2.server.AppiumServlet.handleHttpRequest(AppiumServlet.java:271)\n\tat io.appium.uiautomator2.http.ServerHandler.channelRead(ServerHandler.java:77)\n\tat io.netty.channel.AbstractChannelHandlerContext.invokeChannelRead(AbstractChannelHandlerContext.java:366)\n\tat io.netty.channel.Abstr...
&amp#27;[38;5;128m[W3C]&amp#27;[0m Matched W3C error code 'no such element' to NoSuchElementError
&amp#27;[38;5;32m[AndroidUiautomator2Driver@1617 (fb9d74d9)]&amp#27;[0m Waited for 5851 ms so far
&amp#27;[38;5;32m[AndroidUiautomator2Driver@1617 (fb9d74d9)]&amp#27;[0m Matched '/element' to command name 'findElement'
&amp#27;[38;5;32m[AndroidUiautomator2Driver@1617 (fb9d74d9)]&amp#27;[0m Proxying [POST /element] to [POST http://127.0.0.1:8200/session/ed86e57b-6c3d-4ce8-a82d-2a8f7d878bf7/element] with body: {"strategy":"xpath","selector":"//android.view.View/android.widget.CheckBox[1]","context":"","multiple":false}
&amp#27;[38;5;32m[AndroidUiautomator2Driver@1617 (fb9d74d9)]&amp#27;[0m Got response with status 404: {"sessionId":"ed86e57b-6c3d-4ce8-a82d-2a8f7d878bf7","value":{"error":"no such element","message":"An element could not be located on the page using the given search parameters","stacktrace":"io.appium.uiautomator2.common.exceptions.ElementNotFoundException: An element could not be located on the page using the given search parameters\n\tat io.appium.uiautomator2.utils.ElementLocationHelpers.findElement(ElementLocationHelpers.java:156)\n\tat io.appium.uiautomator2.handler.FindElement.safeHandle(FindElement.java:60)\n\tat io.appium.uiautomator2.handler.request.SafeRequestHandler.handle(SafeRequestHandler.java:59)\n\tat io.appium.uiautomator2.server.AppiumServlet.handleRequest(AppiumServlet.java:277)\n\tat io.appium.uiautomator2.server.AppiumServlet.handleHttpRequest(AppiumServlet.java:271)\n\tat io.appium.uiautomator2.http.ServerHandler.channelRead(ServerHandler.java:77)\n\tat io.netty.channel.AbstractChannelHandlerContext.invokeChannelRead(AbstractChannelHandlerContext.java:366)\n\tat io.netty.channel.Abstr...
&amp#27;[38;5;128m[W3C]&amp#27;[0m Matched W3C error code 'no such element' to NoSuchElementError
&amp#27;[38;5;32m[AndroidUiautomator2Driver@1617 (fb9d74d9)]&amp#27;[0m Waited for 6377 ms so far
&amp#27;[38;5;32m[AndroidUiautomator2Driver@1617 (fb9d74d9)]&amp#27;[0m Matched '/element' to command name 'findElement'
&amp#27;[38;5;32m[AndroidUiautomator2Driver@1617 (fb9d74d9)]&amp#27;[0m Proxying [POST /element] to [POST http://127.0.0.1:8200/session/ed86e57b-6c3d-4ce8-a82d-2a8f7d878bf7/element] with body: {"strategy":"xpath","selector":"//android.view.View/android.widget.CheckBox[1]","context":"","multiple":false}
&amp#27;[38;5;32m[AndroidUiautomator2Driver@1617 (fb9d74d9)]&amp#27;[0m Got response with status 404: {"sessionId":"ed86e57b-6c3d-4ce8-a82d-2a8f7d878bf7","value":{"error":"no such element","message":"An element could not be located on the page using the given search parameters","stacktrace":"io.appium.uiautomator2.common.exceptions.ElementNotFoundException: An element could not be located on the page using the given search parameters\n\tat io.appium.uiautomator2.utils.ElementLocationHelpers.findElement(ElementLocationHelpers.java:156)\n\tat io.appium.uiautomator2.handler.FindElement.safeHandle(FindElement.java:60)\n\tat io.appium.uiautomator2.handler.request.SafeRequestHandler.handle(SafeRequestHandler.java:59)\n\tat io.appium.uiautomator2.server.AppiumServlet.handleRequest(AppiumServlet.java:277)\n\tat io.appium.uiautomator2.server.AppiumServlet.handleHttpRequest(AppiumServlet.java:271)\n\tat io.appium.uiautomator2.http.ServerHandler.channelRead(ServerHandler.java:77)\n\tat io.netty.channel.AbstractChannelHandlerContext.invokeChannelRead(AbstractChannelHandlerContext.java:366)\n\tat io.netty.channel.Abstr...
&amp#27;[38;5;128m[W3C]&amp#27;[0m Matched W3C error code 'no such element' to NoSuchElementError
&amp#27;[38;5;32m[AndroidUiautomator2Driver@1617 (fb9d74d9)]&amp#27;[0m Waited for 6909 ms so far
&amp#27;[38;5;32m[AndroidUiautomator2Driver@1617 (fb9d74d9)]&amp#27;[0m Matched '/element' to command name 'findElement'
&amp#27;[38;5;32m[AndroidUiautomator2Driver@1617 (fb9d74d9)]&amp#27;[0m Proxying [POST /element] to [POST http://127.0.0.1:8200/session/ed86e57b-6c3d-4ce8-a82d-2a8f7d878bf7/element] with body: {"strategy":"xpath","selector":"//android.view.View/android.widget.CheckBox[1]","context":"","multiple":false}
&amp#27;[38;5;32m[AndroidUiautomator2Driver@1617 (fb9d74d9)]&amp#27;[0m Got response with status 404: {"sessionId":"ed86e57b-6c3d-4ce8-a82d-2a8f7d878bf7","value":{"error":"no such element","message":"An element could not be located on the page using the given search parameters","stacktrace":"io.appium.uiautomator2.common.exceptions.ElementNotFoundException: An element could not be located on the page using the given search parameters\n\tat io.appium.uiautomator2.utils.ElementLocationHelpers.findElement(ElementLocationHelpers.java:156)\n\tat io.appium.uiautomator2.handler.FindElement.safeHandle(FindElement.java:60)\n\tat io.appium.uiautomator2.handler.request.SafeRequestHandler.handle(SafeRequestHandler.java:59)\n\tat io.appium.uiautomator2.server.AppiumServlet.handleRequest(AppiumServlet.java:277)\n\tat io.appium.uiautomator2.server.AppiumServlet.handleHttpRequest(AppiumServlet.java:271)\n\tat io.appium.uiautomator2.http.ServerHandler.channelRead(ServerHandler.java:77)\n\tat io.netty.channel.AbstractChannelHandlerContext.invokeChannelRead(AbstractChannelHandlerContext.java:366)\n\tat io.netty.channel.Abstr...
&amp#27;[38;5;128m[W3C]&amp#27;[0m Matched W3C error code 'no such element' to NoSuchElementError
&amp#27;[38;5;32m[AndroidUiautomator2Driver@1617 (fb9d74d9)]&amp#27;[0m Waited for 7448 ms so far
&amp#27;[38;5;32m[AndroidUiautomator2Driver@1617 (fb9d74d9)]&amp#27;[0m Matched '/element' to command name 'findElement'
&amp#27;[38;5;32m[AndroidUiautomator2Driver@1617 (fb9d74d9)]&amp#27;[0m Proxying [POST /element] to [POST http://127.0.0.1:8200/session/ed86e57b-6c3d-4ce8-a82d-2a8f7d878bf7/element] with body: {"strategy":"xpath","selector":"//android.view.View/android.widget.CheckBox[1]","context":"","multiple":false}
&amp#27;[38;5;32m[AndroidUiautomator2Driver@1617 (fb9d74d9)]&amp#27;[0m Got response with status 404: {"sessionId":"ed86e57b-6c3d-4ce8-a82d-2a8f7d878bf7","value":{"error":"no such element","message":"An element could not be located on the page using the given search parameters","stacktrace":"io.appium.uiautomator2.common.exceptions.ElementNotFoundException: An element could not be located on the page using the given search parameters\n\tat io.appium.uiautomator2.utils.ElementLocationHelpers.findElement(ElementLocationHelpers.java:156)\n\tat io.appium.uiautomator2.handler.FindElement.safeHandle(FindElement.java:60)\n\tat io.appium.uiautomator2.handler.request.SafeRequestHandler.handle(SafeRequestHandler.java:59)\n\tat io.appium.uiautomator2.server.AppiumServlet.handleRequest(AppiumServlet.java:277)\n\tat io.appium.uiautomator2.server.AppiumServlet.handleHttpRequest(AppiumServlet.java:271)\n\tat io.appium.uiautomator2.http.ServerHandler.channelRead(ServerHandler.java:77)\n\tat io.netty.channel.AbstractChannelHandlerContext.invokeChannelRead(AbstractChannelHandlerContext.java:366)\n\tat io.netty.channel.Abstr...
&amp#27;[38;5;128m[W3C]&amp#27;[0m Matched W3C error code 'no such element' to NoSuchElementError
&amp#27;[38;5;32m[AndroidUiautomator2Driver@1617 (fb9d74d9)]&amp#27;[0m Waited for 7986 ms so far
&amp#27;[38;5;32m[AndroidUiautomator2Driver@1617 (fb9d74d9)]&amp#27;[0m Matched '/element' to command name 'findElement'
&amp#27;[38;5;32m[AndroidUiautomator2Driver@1617 (fb9d74d9)]&amp#27;[0m Proxying [POST /element] to [POST http://127.0.0.1:8200/session/ed86e57b-6c3d-4ce8-a82d-2a8f7d878bf7/element] with body: {"strategy":"xpath","selector":"//android.view.View/android.widget.CheckBox[1]","context":"","multiple":false}
&amp#27;[38;5;32m[AndroidUiautomator2Driver@1617 (fb9d74d9)]&amp#27;[0m Got response with status 404: {"sessionId":"ed86e57b-6c3d-4ce8-a82d-2a8f7d878bf7","value":{"error":"no such element","message":"An element could not be located on the page using the given search parameters","stacktrace":"io.appium.uiautomator2.common.exceptions.ElementNotFoundException: An element could not be located on the page using the given search parameters\n\tat io.appium.uiautomator2.utils.ElementLocationHelpers.findElement(ElementLocationHelpers.java:156)\n\tat io.appium.uiautomator2.handler.FindElement.safeHandle(FindElement.java:60)\n\tat io.appium.uiautomator2.handler.request.SafeRequestHandler.handle(SafeRequestHandler.java:59)\n\tat io.appium.uiautomator2.server.AppiumServlet.handleRequest(AppiumServlet.java:277)\n\tat io.appium.uiautomator2.server.AppiumServlet.handleHttpRequest(AppiumServlet.java:271)\n\tat io.appium.uiautomator2.http.ServerHandler.channelRead(ServerHandler.java:77)\n\tat io.netty.channel.AbstractChannelHandlerContext.invokeChannelRead(AbstractChannelHandlerContext.java:366)\n\tat io.netty.channel.Abstr...
&amp#27;[38;5;128m[W3C]&amp#27;[0m Matched W3C error code 'no such element' to NoSuchElementError
&amp#27;[38;5;32m[AndroidUiautomator2Driver@1617 (fb9d74d9)]&amp#27;[0m Waited for 8513 ms so far
&amp#27;[38;5;32m[AndroidUiautomator2Driver@1617 (fb9d74d9)]&amp#27;[0m Matched '/element' to command name 'findElement'
&amp#27;[38;5;32m[AndroidUiautomator2Driver@1617 (fb9d74d9)]&amp#27;[0m Proxying [POST /element] to [POST http://127.0.0.1:8200/session/ed86e57b-6c3d-4ce8-a82d-2a8f7d878bf7/element] with body: {"strategy":"xpath","selector":"//android.view.View/android.widget.CheckBox[1]","context":"","multiple":false}
&amp#27;[38;5;32m[AndroidUiautomator2Driver@1617 (fb9d74d9)]&amp#27;[0m Got response with status 404: {"sessionId":"ed86e57b-6c3d-4ce8-a82d-2a8f7d878bf7","value":{"error":"no such element","message":"An element could not be located on the page using the given search parameters","stacktrace":"io.appium.uiautomator2.common.exceptions.ElementNotFoundException: An element could not be located on the page using the given search parameters\n\tat io.appium.uiautomator2.utils.ElementLocationHelpers.findElement(ElementLocationHelpers.java:156)\n\tat io.appium.uiautomator2.handler.FindElement.safeHandle(FindElement.java:60)\n\tat io.appium.uiautomator2.handler.request.SafeRequestHandler.handle(SafeRequestHandler.java:59)\n\tat io.appium.uiautomator2.server.AppiumServlet.handleRequest(AppiumServlet.java:277)\n\tat io.appium.uiautomator2.server.AppiumServlet.handleHttpRequest(AppiumServlet.java:271)\n\tat io.appium.uiautomator2.http.ServerHandler.channelRead(ServerHandler.java:77)\n\tat io.netty.channel.AbstractChannelHandlerContext.invokeChannelRead(AbstractChannelHandlerContext.java:366)\n\tat io.netty.channel.Abstr...
&amp#27;[38;5;128m[W3C]&amp#27;[0m Matched W3C error code 'no such element' to NoSuchElementError
&amp#27;[38;5;32m[AndroidUiautomator2Driver@1617 (fb9d74d9)]&amp#27;[0m Waited for 9053 ms so far
&amp#27;[38;5;32m[AndroidUiautomator2Driver@1617 (fb9d74d9)]&amp#27;[0m Matched '/element' to command name 'findElement'
&amp#27;[38;5;32m[AndroidUiautomator2Driver@1617 (fb9d74d9)]&amp#27;[0m Proxying [POST /element] to [POST http://127.0.0.1:8200/session/ed86e57b-6c3d-4ce8-a82d-2a8f7d878bf7/element] with body: {"strategy":"xpath","selector":"//android.view.View/android.widget.CheckBox[1]","context":"","multiple":false}
&amp#27;[38;5;32m[AndroidUiautomator2Driver@1617 (fb9d74d9)]&amp#27;[0m Got response with status 404: {"sessionId":"ed86e57b-6c3d-4ce8-a82d-2a8f7d878bf7","value":{"error":"no such element","message":"An element could not be located on the page using the given search parameters","stacktrace":"io.appium.uiautomator2.common.exceptions.ElementNotFoundException: An element could not be located on the page using the given search parameters\n\tat io.appium.uiautomator2.utils.ElementLocationHelpers.findElement(ElementLocationHelpers.java:156)\n\tat io.appium.uiautomator2.handler.FindElement.safeHandle(FindElement.java:60)\n\tat io.appium.uiautomator2.handler.request.SafeRequestHandler.handle(SafeRequestHandler.java:59)\n\tat io.appium.uiautomator2.server.AppiumServlet.handleRequest(AppiumServlet.java:277)\n\tat io.appium.uiautomator2.server.AppiumServlet.handleHttpRequest(AppiumServlet.java:271)\n\tat io.appium.uiautomator2.http.ServerHandler.channelRead(ServerHandler.java:77)\n\tat io.netty.channel.AbstractChannelHandlerContext.invokeChannelRead(AbstractChannelHandlerContext.java:366)\n\tat io.netty.channel.Abstr...
&amp#27;[38;5;128m[W3C]&amp#27;[0m Matched W3C error code 'no such element' to NoSuchElementError
&amp#27;[38;5;32m[AndroidUiautomator2Driver@1617 (fb9d74d9)]&amp#27;[0m Waited for 9578 ms so far
&amp#27;[38;5;32m[AndroidUiautomator2Driver@1617 (fb9d74d9)]&amp#27;[0m Matched '/element' to command name 'findElement'
&amp#27;[38;5;32m[AndroidUiautomator2Driver@1617 (fb9d74d9)]&amp#27;[0m Proxying [POST /element] to [POST http://127.0.0.1:8200/session/ed86e57b-6c3d-4ce8-a82d-2a8f7d878bf7/element] with body: {"strategy":"xpath","selector":"//android.view.View/android.widget.CheckBox[1]","context":"","multiple":false}
&amp#27;[38;5;32m[AndroidUiautomator2Driver@1617 (fb9d74d9)]&amp#27;[0m Got response with status 404: {"sessionId":"ed86e57b-6c3d-4ce8-a82d-2a8f7d878bf7","value":{"error":"no such element","message":"An element could not be located on the page using the given search parameters","stacktrace":"io.appium.uiautomator2.common.exceptions.ElementNotFoundException: An element could not be located on the page using the given search parameters\n\tat io.appium.uiautomator2.utils.ElementLocationHelpers.findElement(ElementLocationHelpers.java:156)\n\tat io.appium.uiautomator2.handler.FindElement.safeHandle(FindElement.java:60)\n\tat io.appium.uiautomator2.handler.request.SafeRequestHandler.handle(SafeRequestHandler.java:59)\n\tat io.appium.uiautomator2.server.AppiumServlet.handleRequest(AppiumServlet.java:277)\n\tat io.appium.uiautomator2.server.AppiumServlet.handleHttpRequest(AppiumServlet.java:271)\n\tat io.appium.uiautomator2.http.ServerHandler.channelRead(ServerHandler.java:77)\n\tat io.netty.channel.AbstractChannelHandlerContext.invokeChannelRead(AbstractChannelHandlerContext.java:366)\n\tat io.netty.channel.Abstr...
&amp#27;[38;5;128m[W3C]&amp#27;[0m Matched W3C error code 'no such element' to NoSuchElementError
&amp#27;[38;5;32m[AndroidUiautomator2Driver@1617 (fb9d74d9)]&amp#27;[0m Encountered internal error running command: NoSuchElementError: An element could not be located on the page using the given search parameters.
&amp#27;[38;5;32m[AndroidUiautomator2Driver@1617 (fb9d74d9)]&amp#27;[0m     at AndroidUiautomator2Driver.findElOrEls (C:\Users\Kvp\.appium\node_modules\appium-uiautomator2-driver\node_modules\appium-android-driver\lib\commands\find.ts:87:11)
&amp#27;[38;5;32m[AndroidUiautomator2Driver@1617 (fb9d74d9)]&amp#27;[0m     at processTicksAndRejections (node:internal/process/task_queues:95:5)
&amp#27;[38;5;32m[AndroidUiautomator2Driver@1617 (fb9d74d9)]&amp#27;[0m     at AndroidUiautomator2Driver.findElOrElsWithProcessing (C:\Users\Kvp\AppData\Roaming\npm\node_modules\appium\node_modules\@appium\base-driver\lib\basedriver\commands\find.ts:60:12)
&amp#27;[38;5;32m[AndroidUiautomator2Driver@1617 (fb9d74d9)]&amp#27;[0m     at AndroidUiautomator2Driver.findElement (C:\Users\Kvp\AppData\Roaming\npm\node_modules\appium\node_modules\@appium\base-driver\lib\basedriver\commands\find.ts:75:12)
&amp#27;[38;5;0m[HTTP]&amp#27;[0m &amp#27;[37m<-- POST /session/fb9d74d9-ed9d-478e-8818-0dd8f8c290e6/element &amp#27;[39m&amp#27;[33m404&amp#27;[39m &amp#27;[90m10040 ms - 884&amp#27;[39m
&amp#27;[38;5;0m[HTTP]&amp#27;[0m &amp#27;[90m&amp#27;[39m
&amp#27;[38;5;0m[HTTP]&amp#27;[0m &amp#27;[37m-->&amp#27;[39m &amp#27;[37mGET&amp#27;[39m &amp#27;[37m/session/fb9d74d9-ed9d-478e-8818-0dd8f8c290e6/screenshot&amp#27;[39m
&amp#27;[38;5;0m[HTTP]&amp#27;[0m &amp#27;[90m{}&amp#27;[39m
&amp#27;[38;5;32m[AndroidUiautomator2Driver@1617 (fb9d74d9)]&amp#27;[0m Calling AppiumDriver.getScreenshot() with args: ["fb9d74d9-ed9d-478e-8818-0dd8f8c290e6"]
&amp#27;[38;5;32m[AndroidUiautomator2Driver@1617 (fb9d74d9)]&amp#27;[0m Matched '/screenshot' to command name 'getScreenshot'
&amp#27;[38;5;32m[AndroidUiautomator2Driver@1617 (fb9d74d9)]&amp#27;[0m Proxying [GET /screenshot] to [GET http://127.0.0.1:8200/session/ed86e57b-6c3d-4ce8-a82d-2a8f7d878bf7/screenshot] with no body
&amp#27;[38;5;32m[AndroidUiautomator2Driver@1617 (fb9d74d9)]&amp#27;[0m Got response with status 200: {"sessionId":"ed86e57b-6c3d-4ce8-a82d-2a8f7d878bf7","value":"iVBORw0KGgoAAAANSUhEUgAABDgAAAlgCAYAAABtGofVAAAAAXNSR0IArs4c6QAAAARzQklUCAgICHwIZIgAACAASURBVHic7N17dNT1nf/x12Ryv18ggZCQCxLuEEQgIIoYKKhAa63Y1a1Sd92uuq2tunvOr9vTPb+t2/6j3dPT02676rbWXixWrQQRlJtouBgIhFvCJYQkkJCQkAu5ZzLz+8NfZhMy38lkZnL5hufjHM5J5jvfz/c9yQh+X/P5vD8Wh8PhEAAAAAAAgIkFjHYBAAAAAAAAviLgAAAAAAAApkfAAQAAAAAATI+AAwAAAAAAmB4BBwAAAAAAMD0CDgAAAAAAYHoEHAAAAAAAwPQIOAAAAAAAgOkRcAAAAAAAANMj4AAAAAAAAKZHwAEAAAAAAEyPgAMAAAAAAJgeAQcAAAAAADA9Ag4AAAAAAGB6BBwAAAAAAMD0CDgAAAAAAIDpEXAAAAAAAADTI+AAAAAAAACmR8ABAAAAAABMj4ADAAAAAACYHgEHAAAAAAAwPQIOAAAAAABgegQcAAAAAADA9Ag4AAAAAACA6RFwAAAAAAAA0yPgAAAAAAAApkfAAQAAAAAATI+AAwAAAAAAmB4BBwAAAAAAMD0CDgAAAAAAYHoEHAAAAAAAwPQIOAAAAAAAgOkRcAAAAAAAANMj4AAAAAAAAKZHwAEAAAAAAEyPgAMAAAAAAJgeAQcAAAAAADA9Ag4AAAAAAGB6BBwAAAAAAMD0CDgAAAAAAIDpEXAAAAAAAADTI+AAAAAAAACmR8ABAAAAAABMj4ADAAAAAACYHgEHAAAAAAAwPQIOAAAAAABgegQcAAAAAADA9Ag4AAAAAACA6RFwAAAAAAAA0yPgAAAAAAAAphc42gUAwK2su7tbXV1dkqTg4GAFBQWNckUAAADjT1tbmy5fvqzKykq1t7ersrJSbW1tzuPh4eFK...
&amp#27;[38;5;32m[AndroidUiautomator2Driver@1617 (fb9d74d9)]&amp#27;[0m Responding to client with driver.getScreenshot() result: "iVBORw0KGgoAAAANSUhEUgAABDgAAAlgCAYAAABtGofVAAAAAXNSR0IArs4c6QAAAARzQklUCAgICHwIZIgAACAASURBVHic7N17dNT1nf/x12Ryv18ggZCQCxLuEEQgIIoYKKhAa63Y1a1Sd92uuq2tunvOr9vTPb+t2/6j3dPT02676rbWXixWrQQRlJtouBgIhFvCJYQkkJCQkAu5ZzLz+8NfZhMy38lkZnL5hufjHM5J5jvfz/c9yQh+X/P5vD8Wh8PhEAAAAAAAgIkFjHYBAAAAAAAAviLgAAAAAAAApkfAAQAAAAAATI+AAwAAAAAAmB4BBwAAAAAAMD0CDgAAAAAAYHoEHAAAAAAAwPQIOAAAAAAAgOkRcAAAAAAAANMj4AAAAAAAAKZHwAEAAAAAAEyPgAMAAAAAAJgeAQcAAAAAADA9Ag4AAAAAAGB6BBwAAAAAAMD0CDgAAAAAAIDpEXAAAAAAAADTI+AAAAAAAACmR8ABAAAAAABMj4ADAAAAAACYHgEHAAAAAAAwPQIOAAAAAABgegQcAAAAAADA9Ag4AAAAAACA6RFwAAAAAAAA0yPgAAAAAAAApkfAAQAAAAAATI+AAwAAAAAAmB4BBwAAAAAAMD0CDgAAAAAAYHoEHAAAAAAAwPQIOAAAAAAAgOkRcAAAAAAAANMj4AAAAAAAAKZHwAEAAAAAAEyPgAMAAAAAAJgeAQcAAAAAADA9Ag4AAAAAAGB6BBwAAAAAAMD0CDgAAAAAAIDpEXAAAAAAAADTI+AAAAAAAACmR8ABAAAAAABMj4ADAAAAAACYHgEHAAAAAAAwPQIOAAAAAABgegQcAAAAAADA9Ag4AAAAAACA6RFwAAAAAAAA0yPgAAAAAAAAphc42gUAwK2su7tbXV1dkqTg4GAFBQWNckUAAADjT1tbmy5fvqzKykq1t7ersrJSbW1tzuPh4eFKTU1VWFiYUlNTlZKSovDw8FGs2HeVlZVKTU0d9mts2bLF7XM2bdo07HX0IuAA...
&amp#27;[38;5;0m[HTTP]&amp#27;[0m &amp#27;[37m<-- GET /session/fb9d74d9-ed9d-478e-8818-0dd8f8c290e6/screenshot &amp#27;[39m&amp#27;[32m200&amp#27;[39m &amp#27;[90m357 ms - 193884&amp#27;[39m
&amp#27;[38;5;0m[HTTP]&amp#27;[0m &amp#27;[90m&amp#27;[39m
]]></system-out>
  </testcase>
</testsuite>