<?xml version="1.0" encoding="UTF-8"?>
<!-- Generated by org.testng.reporters.JUnitReportReporter -->
<testsuite hostname="KVP-LP-492" failures="0" tests="2" name="com.kvp.testcases.Android.TC3_NoOrder" time="69.855" errors="0" timestamp="2024-02-26T16:55:07 IST" skipped="0">
  <testcase classname="com.kvp.testcases.Android.TC3_NoOrder" name="noOrder" time="35.004"/>
  <testcase classname="com.kvp.testcases.Android.TC3_NoOrder" name="noOrder" time="34.851"/>
</testsuite> <!-- com.kvp.testcases.Android.TC3_NoOrder -->
