<?xml version="1.0" encoding="UTF-8"?>
<!-- Generated by org.testng.reporters.JUnitReportReporter -->
<testsuite hostname="KVP-LP-492" failures="0" tests="1" name="com.kvp.testcases.Android.TC6_AccountsFlow" time="202.942" errors="0" timestamp="2024-05-17T10:58:55 IST" skipped="0">
  <testcase classname="com.kvp.testcases.Android.TC6_AccountsFlow" name="accountsFlow" time="202.942"/>
</testsuite> <!-- com.kvp.testcases.Android.TC6_AccountsFlow -->
