<?xml version="1.0" encoding="UTF-8"?>
<!-- Generated by org.testng.reporters.JUnitReportReporter -->
<testsuite hostname="KVP-LP-492" failures="0" tests="1" name="com.kvp.testcases.Android.TC7_AddNewAccounts" time="82.085" errors="0" timestamp="2024-05-17T10:52:03 IST" skipped="0">
  <testcase classname="com.kvp.testcases.Android.TC7_AddNewAccounts" name="addNewAccount" time="82.085"/>
</testsuite> <!-- com.kvp.testcases.Android.TC7_AddNewAccounts -->
