<?xml version="1.0" encoding="UTF-8"?>
<!-- Generated by org.testng.reporters.JUnitReportReporter -->
<testsuite hostname="KVP-LP-492" failures="0" tests="1" name="com.kvp.testcases.Android.TC7_AddNewAccounts" time="66.674" errors="0" timestamp="2024-03-14T15:25:09 IST" skipped="0">
  <testcase classname="com.kvp.testcases.Android.TC7_AddNewAccounts" name="addNewAccount" time="66.674"/>
</testsuite> <!-- com.kvp.testcases.Android.TC7_AddNewAccounts -->
