<?xml version="1.0" encoding="UTF-8"?>
<!-- Generated by org.testng.reporters.JUnitReportReporter -->
<testsuite hostname="KVP-LP-492" failures="0" tests="1" name="com.kvp.testcases.Android.TC7_AddNewAccounts" time="86.485" errors="0" timestamp="2024-04-22T16:19:02 IST" skipped="0">
  <testcase classname="com.kvp.testcases.Android.TC7_AddNewAccounts" name="addNewAccount" time="86.485"/>
</testsuite> <!-- com.kvp.testcases.Android.TC7_AddNewAccounts -->
