<?xml version="1.0" encoding="UTF-8"?>
<!-- Generated by org.testng.reporters.JUnitReportReporter -->
<testsuite hostname="KVP-LP-492" failures="0" tests="1" name="com.kvp.testcases.Android.TC9_DashbordTest" time="33.330" errors="0" timestamp="2024-06-17T15:24:34 IST" skipped="0">
  <testcase classname="com.kvp.testcases.Android.TC9_DashbordTest" name="dashboardTest" time="33.330"/>
</testsuite> <!-- com.kvp.testcases.Android.TC9_DashbordTest -->
