<?xml version="1.0" encoding="UTF-8"?>
<!-- Generated by org.testng.reporters.JUnitReportReporter -->
<testsuite hostname="KVP-LP-492" failures="0" tests="1" name="com.kvp.testcases.Android.TC3_NoOrder" time="27.910" errors="0" timestamp="2024-02-14T10:27:29 IST" skipped="0">
  <testcase classname="com.kvp.testcases.Android.TC3_NoOrder" name="noOrder" time="27.910"/>
</testsuite> <!-- com.kvp.testcases.Android.TC3_NoOrder -->
