<?xml version="1.0" encoding="UTF-8"?>
<!-- Generated by org.testng.reporters.JUnitReportReporter -->
<testsuite hostname="KVP-LP-492" failures="0" tests="3" name="com.kvp.testcases.Android.TC2_LoginScreenTest" time="66.810" errors="0" timestamp="2024-02-14T10:16:04 IST" skipped="0">
  <testcase classname="com.kvp.testcases.Android.TC2_LoginScreenTest" name="loginScreenTest" time="17.975"/>
  <testcase classname="com.kvp.testcases.Android.TC2_LoginScreenTest" name="loginScreenTest" time="22.692"/>
  <testcase classname="com.kvp.testcases.Android.TC2_LoginScreenTest" name="loginScreenTest" time="26.143"/>
</testsuite> <!-- com.kvp.testcases.Android.TC2_LoginScreenTest -->
