<?xml version="1.0" encoding="UTF-8"?>
<!-- Generated by org.testng.reporters.JUnitReportReporter -->
<testsuite hostname="KVP-LP-492" failures="0" tests="2" name="com.kvp.testcases.Android.TC3_NoOrder" time="67.774" errors="0" timestamp="2024-02-23T16:52:36 IST" skipped="0">
  <testcase classname="com.kvp.testcases.Android.TC3_NoOrder" name="noOrder" time="34.974"/>
  <testcase classname="com.kvp.testcases.Android.TC3_NoOrder" name="noOrder" time="32.800"/>
</testsuite> <!-- com.kvp.testcases.Android.TC3_NoOrder -->
