<?xml version="1.0" encoding="UTF-8"?>
<!-- Generated by org.testng.reporters.JUnitReportReporter -->
<testsuite hostname="KVP-LP-492" failures="0" tests="1" name="com.kvp.testcases.Android.TC2_DashbordView" time="34.191" errors="0" timestamp="2024-06-24T18:31:39 IST" skipped="0">
  <testcase classname="com.kvp.testcases.Android.TC2_DashbordView" name="dashboardTest" time="34.191"/>
</testsuite> <!-- com.kvp.testcases.Android.TC2_DashbordView -->
