<?xml version="1.0" encoding="UTF-8"?>
<!-- Generated by org.testng.reporters.JUnitReportReporter -->
<testsuite hostname="KVP-LP-492" failures="0" tests="1" name="com.kvp.testcases.Android.testcase1" time="15.161" errors="0" timestamp="2024-01-30T12:36:46 IST" skipped="0">
  <testcase classname="com.kvp.testcases.Android.testcase1" name="loginScreenTest" time="15.161"/>
</testsuite> <!-- com.kvp.testcases.Android.testcase1 -->
