<?xml version="1.0" encoding="UTF-8"?>
<!-- Generated by org.testng.reporters.JUnitReportReporter -->
<testsuite hostname="KVP-LP-492" failures="0" tests="1" name="com.kvp.testcases.Android.TC6_AccountsFlow" time="201.013" errors="0" timestamp="2024-05-16T18:14:25 IST" skipped="0">
  <testcase classname="com.kvp.testcases.Android.TC6_AccountsFlow" name="accountsFlow" time="201.013"/>
</testsuite> <!-- com.kvp.testcases.Android.TC6_AccountsFlow -->
