<?xml version="1.0" encoding="UTF-8"?>
<!-- Generated by org.testng.reporters.JUnitReportReporter -->
<testsuite hostname="KVP-LP-492" failures="0" tests="1" name="com.kvp.testcases.Android.TC8_EditAccounts" time="110.183" errors="0" timestamp="2024-05-16T18:07:22 IST" skipped="0">
  <testcase classname="com.kvp.testcases.Android.TC8_EditAccounts" name="accountsFlow" time="110.183"/>
</testsuite> <!-- com.kvp.testcases.Android.TC8_EditAccounts -->
