<?xml version="1.0" encoding="UTF-8"?>
<!-- Generated by org.testng.reporters.JUnitReportReporter -->
<testsuite hostname="KVP-LP-492" failures="0" tests="1" name="com.kvp.testcases.Android.TC6_AccountsFlow" time="34.228" errors="0" timestamp="2024-02-27T14:47:37 IST" skipped="0">
  <testcase classname="com.kvp.testcases.Android.TC6_AccountsFlow" name="accountsFlow" time="34.228"/>
</testsuite> <!-- com.kvp.testcases.Android.TC6_AccountsFlow -->
