<?xml version="1.0" encoding="UTF-8"?>
<!-- Generated by org.testng.reporters.JUnitReportReporter -->
<testsuite hostname="KVP-LP-492" failures="0" tests="3" name="com.kvp.testcases.Android.TC2_LoginScreenTest" time="69.355" errors="0" timestamp="2024-02-20T10:45:57 IST" skipped="0">
  <testcase classname="com.kvp.testcases.Android.TC2_LoginScreenTest" name="loginScreenTest" time="25.148"/>
  <testcase classname="com.kvp.testcases.Android.TC2_LoginScreenTest" name="loginScreenTest" time="20.069"/>
  <testcase classname="com.kvp.testcases.Android.TC2_LoginScreenTest" name="loginScreenTest" time="24.138"/>
</testsuite> <!-- com.kvp.testcases.Android.TC2_LoginScreenTest -->
