<?xml version="1.0" encoding="UTF-8"?>
<!-- Generated by org.testng.reporters.JUnitReportReporter -->
<testsuite hostname="KVP-LP-492" failures="0" tests="1" name="com.kvp.testcases.Android.TC4_AddNewAccounts" time="90.948" errors="0" timestamp="2024-06-17T17:47:12 IST" skipped="0">
  <testcase classname="com.kvp.testcases.Android.TC4_AddNewAccounts" name="addNewAccount" time="90.948"/>
</testsuite> <!-- com.kvp.testcases.Android.TC4_AddNewAccounts -->
