<?xml version="1.0" encoding="UTF-8"?>
<!-- Generated by org.testng.reporters.JUnitReportReporter -->
<testsuite hostname="KVP-LP-492" failures="0" tests="1" name="com.kvp.testcases.Android.TC6_AccountsFlow" time="34.554" errors="0" timestamp="2024-02-23T16:52:36 IST" skipped="0">
  <testcase classname="com.kvp.testcases.Android.TC6_AccountsFlow" name="selectScheme" time="34.554"/>
</testsuite> <!-- com.kvp.testcases.Android.TC6_AccountsFlow -->
