<?xml version="1.0" encoding="UTF-8"?>
<!-- Generated by org.testng.reporters.JUnitReportReporter -->
<testsuite hostname="KVP-LP-492" failures="0" tests="1" name="com.kvp.testcases.Android.TC1_EndToEnd" time="87.901" errors="0" timestamp="2024-02-26T16:55:07 IST" skipped="0">
  <testcase classname="com.kvp.testcases.Android.TC1_EndToEnd" name="endToEnd" time="87.901"/>
</testsuite> <!-- com.kvp.testcases.Android.TC1_EndToEnd -->
