<?xml version="1.0" encoding="UTF-8"?>
<!-- Generated by org.testng.reporters.JUnitReportReporter -->
<testsuite hostname="KVP-LP-492" failures="0" tests="1" name="com.kvp.testcases.Android.TC10_AttendanceLog" time="58.799" errors="0" timestamp="2024-06-17T15:59:57 IST" skipped="0">
  <testcase classname="com.kvp.testcases.Android.TC10_AttendanceLog" name="accountsFlow" time="58.799"/>
</testsuite> <!-- com.kvp.testcases.Android.TC10_AttendanceLog -->
