<?xml version="1.0" encoding="UTF-8"?>
<!-- Generated by org.testng.reporters.JUnitReportReporter -->
<testsuite hostname="KVP-LP-492" failures="0" tests="1" name="com.kvp.testcases.Android.Testtempresult" time="0.001" errors="0" timestamp="2024-02-27T13:04:39 IST" skipped="1">
  <testcase classname="com.kvp.testcases.Android.Testtempresult" name="skipVerification" time="0.001">
    <skipped/>
  </testcase> <!-- skipVerification -->
</testsuite> <!-- com.kvp.testcases.Android.Testtempresult -->
