<?xml version="1.0" encoding="UTF-8"?>
<!-- Generated by org.testng.reporters.JUnitReportReporter -->
<testsuite hostname="KVP-LP-492" failures="0" tests="1" name="com.kvp.testcases.Android.TC1_EndToEnd" time="4.087" errors="0" timestamp="2024-02-01T14:21:08 IST" skipped="0">
  <testcase classname="com.kvp.testcases.Android.TC1_EndToEnd" name="loginScreenTest" time="4.087"/>
</testsuite> <!-- com.kvp.testcases.Android.TC1_EndToEnd -->
