<?xml version="1.0" encoding="UTF-8"?>
<!-- Generated by org.testng.reporters.JUnitReportReporter -->
<testsuite hostname="KVP-LP-492" failures="0" tests="1" name="com.kvp.testcases.Android.TC1_EndToEnd" time="97.766" errors="0" timestamp="2024-02-27T13:04:39 IST" skipped="0">
  <testcase classname="com.kvp.testcases.Android.TC1_EndToEnd" name="endToEnd" time="97.766"/>
</testsuite> <!-- com.kvp.testcases.Android.TC1_EndToEnd -->
